--- Dynamic Timeframe Configuration ---
TimeFrame Selected: 1Min, Value: 1
Bars per Trading Day: 390
Annualization Factor (Bars/Year): 98280
Statistical Lookback Bars: 2184
Optimization Lookback Bars: 19032
---------------------------------------
--- Diagnostic Check ---
API Key ID Length: 26
API Secret Key Length: 44
StockHistoricalDataClient initialized successfully. Starting data fetch...
--------------------------
Pre-compiling Numba function for first run optimization...
Numba pre-compilation complete.
Fetching data from 2020-01-15 to 2025-01-13...
Fetching 1Min data for HRL...
Fetching 1Min data for TSN...
Data acquired successfully. Total 1Min RTH bars: 473877
Skipping full pre-calculation. Metrics will be calculated inside the WFA loop.

============================================================
📈 Starting Rolling Backtest: IS Optimization Window=19032 bars, Shift=15 days
   Data already processed with Statistical Rolling Window: 2184 bars
   ADF Cointegration Filter: p-value < 0.05
============================================================

--- Window 1 Boundary Check ---
IS Period RTH Bars: 14666. Start: 2020-01-31 16:27:00+00:00 | End: 2020-03-26 15:13:00+00:00
OOS Start Bar Index: 19032 | Time: 2020-03-26 15:14:00+00:00
ADF Test Result: p-value=0.2701 (Required < 0.05) | OLS Beta: 0.1372
Filter ON: Spread not stationary (p-value too high). Skipping optimization and OOS test.

--- Window 2 Boundary Check ---
IS Period RTH Bars: 14666. Start: 2020-02-24 17:34:00+00:00 | End: 2020-04-17 15:18:00+00:00
OOS Start Bar Index: 24882 | Time: 2020-04-17 15:19:00+00:00
ADF Test Result: p-value=0.4795 (Required < 0.05) | OLS Beta: -0.0931
Filter ON: Spread not stationary (p-value too high). Skipping optimization and OOS test.

--- Window 3 Boundary Check ---
IS Period RTH Bars: 14666. Start: 2020-03-16 17:34:00+00:00 | End: 2020-05-08 15:31:00+00:00
OOS Start Bar Index: 30732 | Time: 2020-05-08 15:32:00+00:00
ADF Test Result: p-value=0.0322 (Required < 0.05) | OLS Beta: 0.0444
Filter OFF: Spread is stationary. Proceeding with optimization.
IS Optimization Time: 0.13 seconds.
Optimal Params (Sharpe=2.9151, Calmar=12.0806): Z_E=2.7, Z_X=1.3, Z_SL=3.3
📊 Persistence: Saved 0 PnL points to wfa_outputs\oos_equity_curve_HRL_TSN_1m_20251108_115302_0.05.csv
OOS Period (2020-05-08 15:32:00+00:00 to 2020-06-01 15:50:00+00:00): PnL: $0.00 | Sharpe: 0.0000 | Calmar: 0.0000 | Trades: 0

--- Window 4 Boundary Check ---
IS Period RTH Bars: 14666. Start: 2020-04-06 17:51:00+00:00 | End: 2020-06-01 15:50:00+00:00
OOS Start Bar Index: 36582 | Time: 2020-06-01 15:51:00+00:00
ADF Test Result: p-value=0.0338 (Required < 0.05) | OLS Beta: 0.2383
Filter OFF: Spread is stationary. Proceeding with optimization.
IS Optimization Time: 0.13 seconds.
Optimal Params (Sharpe=6.0464, Calmar=59.0965): Z_E=2.3, Z_X=1.3, Z_SL=4.8
📊 Persistence: Saved 0 PnL points to wfa_outputs\oos_equity_curve_HRL_TSN_1m_20251108_115302_0.05.csv
OOS Period (2020-06-01 15:51:00+00:00 to 2020-06-22 16:16:00+00:00): PnL: $0.00 | Sharpe: 0.0000 | Calmar: 0.0000 | Trades: 0

--- Window 5 Boundary Check ---
IS Period RTH Bars: 14666. Start: 2020-04-28 17:57:00+00:00 | End: 2020-06-22 16:16:00+00:00
OOS Start Bar Index: 42432 | Time: 2020-06-22 16:17:00+00:00
ADF Test Result: p-value=0.0141 (Required < 0.05) | OLS Beta: 0.1522
Filter OFF: Spread is stationary. Proceeding with optimization.
IS Optimization Time: 0.12 seconds.
Optimal Params (Sharpe=6.0913, Calmar=51.5623): Z_E=2.3, Z_X=1.5, Z_SL=4.8
📊 Persistence: Saved 3 PnL points to wfa_outputs\oos_equity_curve_HRL_TSN_1m_20251108_115302_0.05.csv
OOS Period (2020-06-22 16:17:00+00:00 to 2020-07-14 16:53:00+00:00): PnL: $168.50 | Sharpe: 4.4897 | Calmar: 77.8191 | Trades: 3

--- Window 6 Boundary Check ---
IS Period RTH Bars: 14666. Start: 2020-05-19 18:13:00+00:00 | End: 2020-07-14 16:53:00+00:00
OOS Start Bar Index: 48282 | Time: 2020-07-14 16:55:00+00:00
ADF Test Result: p-value=0.0572 (Required < 0.05) | OLS Beta: 0.0457
Filter ON: Spread not stationary (p-value too high). Skipping optimization and OOS test.

--- Window 7 Boundary Check ---
IS Period RTH Bars: 14666. Start: 2020-06-10 18:35:00+00:00 | End: 2020-08-04 19:12:00+00:00
OOS Start Bar Index: 54132 | Time: 2020-08-04 19:13:00+00:00
ADF Test Result: p-value=0.6666 (Required < 0.05) | OLS Beta: 0.1983
Filter ON: Spread not stationary (p-value too high). Skipping optimization and OOS test.

--- Window 8 Boundary Check ---
IS Period RTH Bars: 14666. Start: 2020-07-01 19:09:00+00:00 | End: 2020-08-26 16:32:00+00:00
OOS Start Bar Index: 59982 | Time: 2020-08-26 16:33:00+00:00
ADF Test Result: p-value=0.0151 (Required < 0.05) | OLS Beta: 0.7726
Filter OFF: Spread is stationary. Proceeding with optimization.
IS Optimization Time: 0.13 seconds.
Optimal Params (Sharpe=4.2995, Calmar=17.1355): Z_E=1.9, Z_X=0.3, Z_SL=3.9
📊 Persistence: Saved 495 PnL points to wfa_outputs\oos_equity_curve_HRL_TSN_1m_20251108_115302_0.05.csv
OOS Period (2020-08-26 16:33:00+00:00 to 2020-09-17 18:00:00+00:00): PnL: $-39.85 | Sharpe: -0.7062 | Calmar: -2.9378 | Trades: 492

--- Window 9 Boundary Check ---
IS Period RTH Bars: 14666. Start: 2020-07-24 14:06:00+00:00 | End: 2020-09-17 18:00:00+00:00
OOS Start Bar Index: 65832 | Time: 2020-09-17 18:01:00+00:00
ADF Test Result: p-value=0.4796 (Required < 0.05) | OLS Beta: 0.1017
Filter ON: Spread not stationary (p-value too high). Skipping optimization and OOS test.

--- Window 10 Boundary Check ---
IS Period RTH Bars: 14666. Start: 2020-08-14 16:49:00+00:00 | End: 2020-10-09 14:28:00+00:00
OOS Start Bar Index: 71682 | Time: 2020-10-09 14:29:00+00:00
ADF Test Result: p-value=0.3660 (Required < 0.05) | OLS Beta: 0.4875
Filter ON: Spread not stationary (p-value too high). Skipping optimization and OOS test.

--- Window 11 Boundary Check ---
IS Period RTH Bars: 14666. Start: 2020-09-04 19:41:00+00:00 | End: 2020-10-30 17:18:00+00:00
OOS Start Bar Index: 77532 | Time: 2020-10-30 17:19:00+00:00
ADF Test Result: p-value=0.0362 (Required < 0.05) | OLS Beta: 0.1589
Filter OFF: Spread is stationary. Proceeding with optimization.
IS Optimization Time: 0.12 seconds.
Optimal Params (Sharpe=2.7902, Calmar=11.0517): Z_E=2.5, Z_X=1.1, Z_SL=3.6
📊 Persistence: Saved 684 PnL points to wfa_outputs\oos_equity_curve_HRL_TSN_1m_20251108_115302_0.05.csv
OOS Period (2020-10-30 17:19:00+00:00 to 2020-11-20 20:50:00+00:00): PnL: $435.52 | Sharpe: 4.8743 | Calmar: 52.2749 | Trades: 189

--- Window 12 Boundary Check ---
IS Period RTH Bars: 14666. Start: 2020-09-29 14:39:00+00:00 | End: 2020-11-20 20:50:00+00:00
OOS Start Bar Index: 83382 | Time: 2020-11-20 20:51:00+00:00
ADF Test Result: p-value=0.1376 (Required < 0.05) | OLS Beta: 0.3953
Filter ON: Spread not stationary (p-value too high). Skipping optimization and OOS test.

--- Window 13 Boundary Check ---
IS Period RTH Bars: 14666. Start: 2020-10-20 17:57:00+00:00 | End: 2020-12-15 18:57:00+00:00
OOS Start Bar Index: 89232 | Time: 2020-12-15 18:58:00+00:00
ADF Test Result: p-value=0.2531 (Required < 0.05) | OLS Beta: -0.2846
Filter ON: Spread not stationary (p-value too high). Skipping optimization and OOS test.

--- Window 14 Boundary Check ---
IS Period RTH Bars: 14666. Start: 2020-11-11 15:37:00+00:00 | End: 2021-01-08 17:06:00+00:00
OOS Start Bar Index: 95082 | Time: 2021-01-08 17:07:00+00:00
ADF Test Result: p-value=0.6805 (Required < 0.05) | OLS Beta: -0.4258
Filter ON: Spread not stationary (p-value too high). Skipping optimization and OOS test.

--- Window 15 Boundary Check ---
IS Period RTH Bars: 14666. Start: 2020-12-03 20:14:00+00:00 | End: 2021-02-01 17:38:00+00:00
OOS Start Bar Index: 100932 | Time: 2021-02-01 17:39:00+00:00
ADF Test Result: p-value=0.4434 (Required < 0.05) | OLS Beta: 0.2411
Filter ON: Spread not stationary (p-value too high). Skipping optimization and OOS test.

--- Window 16 Boundary Check ---
IS Period RTH Bars: 14666. Start: 2020-12-28 19:04:00+00:00 | End: 2021-02-23 18:53:00+00:00
OOS Start Bar Index: 106782 | Time: 2021-02-23 18:54:00+00:00
ADF Test Result: p-value=0.2614 (Required < 0.05) | OLS Beta: 0.7727
Filter ON: Spread not stationary (p-value too high). Skipping optimization and OOS test.

--- Window 17 Boundary Check ---
IS Period RTH Bars: 14666. Start: 2021-01-20 19:52:00+00:00 | End: 2021-03-16 19:24:00+00:00
OOS Start Bar Index: 112632 | Time: 2021-03-16 19:25:00+00:00
ADF Test Result: p-value=0.0308 (Required < 0.05) | OLS Beta: 0.0622
Filter OFF: Spread is stationary. Proceeding with optimization.
IS Optimization Time: 0.13 seconds.
Optimal Params (Sharpe=0.9219, Calmar=1.9627): Z_E=2.5, Z_X=0.5, Z_SL=3.6
📊 Persistence: Saved 684 PnL points to wfa_outputs\oos_equity_curve_HRL_TSN_1m_20251108_115302_0.05.csv
OOS Period (2021-03-16 19:25:00+00:00 to 2021-04-08 14:56:00+00:00): PnL: $0.00 | Sharpe: 0.0000 | Calmar: 0.0000 | Trades: 0

--- Window 18 Boundary Check ---
IS Period RTH Bars: 14666. Start: 2021-02-11 14:33:00+00:00 | End: 2021-04-08 14:56:00+00:00
OOS Start Bar Index: 118482 | Time: 2021-04-08 14:57:00+00:00
ADF Test Result: p-value=0.0000 (Required < 0.05) | OLS Beta: 0.1231
Filter OFF: Spread is stationary. Proceeding with optimization.
IS Optimization Time: 0.12 seconds.
Optimal Params (Sharpe=9.3049, Calmar=222.9530): Z_E=2.1, Z_X=1.3, Z_SL=3.9
📊 Persistence: Saved 743 PnL points to wfa_outputs\oos_equity_curve_HRL_TSN_1m_20251108_115302_0.05.csv
OOS Period (2021-04-08 14:57:00+00:00 to 2021-04-30 17:14:00+00:00): PnL: $82.06 | Sharpe: 1.3492 | Calmar: 7.2325 | Trades: 59

--- Window 19 Boundary Check ---
IS Period RTH Bars: 14666. Start: 2021-03-05 15:38:00+00:00 | End: 2021-04-30 17:14:00+00:00
OOS Start Bar Index: 124332 | Time: 2021-04-30 17:15:00+00:00
ADF Test Result: p-value=0.0234 (Required < 0.05) | OLS Beta: -0.3167
Filter OFF: Spread is stationary. Proceeding with optimization.
IS Optimization Time: 0.12 seconds.
Optimal Params (Sharpe=8.2617, Calmar=128.2491): Z_E=2.1, Z_X=0.3, Z_SL=3.9
📊 Persistence: Saved 1057 PnL points to wfa_outputs\oos_equity_curve_HRL_TSN_1m_20251108_115302_0.05.csv
OOS Period (2021-04-30 17:15:00+00:00 to 2021-05-21 18:29:00+00:00): PnL: $657.09 | Sharpe: 4.9554 | Calmar: 123.4714 | Trades: 314

--- Window 20 Boundary Check ---
IS Period RTH Bars: 14666. Start: 2021-03-26 16:23:00+00:00 | End: 2021-05-21 18:29:00+00:00
OOS Start Bar Index: 130182 | Time: 2021-05-21 18:30:00+00:00
ADF Test Result: p-value=0.4913 (Required < 0.05) | OLS Beta: 0.0316
Filter ON: Spread not stationary (p-value too high). Skipping optimization and OOS test.

--- Window 21 Boundary Check ---
IS Period RTH Bars: 14666. Start: 2021-04-20 18:29:00+00:00 | End: 2021-06-15 15:03:00+00:00
OOS Start Bar Index: 136032 | Time: 2021-06-15 15:04:00+00:00
ADF Test Result: p-value=0.5617 (Required < 0.05) | OLS Beta: 0.5506
Filter ON: Spread not stationary (p-value too high). Skipping optimization and OOS test.

--- Window 22 Boundary Check ---
IS Period RTH Bars: 14666. Start: 2021-05-12 13:55:00+00:00 | End: 2021-07-08 13:48:00+00:00
OOS Start Bar Index: 141882 | Time: 2021-07-08 13:49:00+00:00
ADF Test Result: p-value=0.1157 (Required < 0.05) | OLS Beta: 0.1372
Filter ON: Spread not stationary (p-value too high). Skipping optimization and OOS test.

--- Window 23 Boundary Check ---
IS Period RTH Bars: 14666. Start: 2021-06-03 15:48:00+00:00 | End: 2021-07-29 18:31:00+00:00
OOS Start Bar Index: 147732 | Time: 2021-07-29 18:32:00+00:00
ADF Test Result: p-value=0.0298 (Required < 0.05) | OLS Beta: 0.2826
Filter OFF: Spread is stationary. Proceeding with optimization.
IS Optimization Time: 0.12 seconds.
Optimal Params (Sharpe=4.9250, Calmar=220.1142): Z_E=3.3, Z_X=0.3, Z_SL=4.5
📊 Persistence: Saved 2786 PnL points to wfa_outputs\oos_equity_curve_HRL_TSN_1m_20251108_115302_0.05.csv
OOS Period (2021-07-29 18:32:00+00:00 to 2021-08-20 15:56:00+00:00): PnL: $-74.55 | Sharpe: -1.5893 | Calmar: -4.8996 | Trades: 1729

--- Window 24 Boundary Check ---
IS Period RTH Bars: 14666. Start: 2021-06-24 19:46:00+00:00 | End: 2021-08-20 15:56:00+00:00
OOS Start Bar Index: 153582 | Time: 2021-08-20 15:57:00+00:00
ADF Test Result: p-value=0.2707 (Required < 0.05) | OLS Beta: -0.1538
Filter ON: Spread not stationary (p-value too high). Skipping optimization and OOS test.

--- Window 25 Boundary Check ---
IS Period RTH Bars: 14666. Start: 2021-07-19 18:08:00+00:00 | End: 2021-09-13 19:58:00+00:00
OOS Start Bar Index: 159432 | Time: 2021-09-13 19:59:00+00:00
ADF Test Result: p-value=0.8577 (Required < 0.05) | OLS Beta: -0.2363
Filter ON: Spread not stationary (p-value too high). Skipping optimization and OOS test.

--- Window 26 Boundary Check ---
IS Period RTH Bars: 14666. Start: 2021-08-10 16:41:00+00:00 | End: 2021-10-05 17:31:00+00:00
OOS Start Bar Index: 165282 | Time: 2021-10-05 17:32:00+00:00
ADF Test Result: p-value=0.7454 (Required < 0.05) | OLS Beta: 1.4123
Filter ON: Spread not stationary (p-value too high). Skipping optimization and OOS test.

--- Window 27 Boundary Check ---
IS Period RTH Bars: 14666. Start: 2021-09-01 14:55:00+00:00 | End: 2021-10-28 15:01:00+00:00
OOS Start Bar Index: 171132 | Time: 2021-10-28 15:02:00+00:00
ADF Test Result: p-value=0.0012 (Required < 0.05) | OLS Beta: 0.1350
Filter OFF: Spread is stationary. Proceeding with optimization.
IS Optimization Time: 0.13 seconds.
Optimal Params (Sharpe=2.0404, Calmar=10.6880): Z_E=2.1, Z_X=0.3, Z_SL=4.8
📊 Persistence: Saved 2786 PnL points to wfa_outputs\oos_equity_curve_HRL_TSN_1m_20251108_115302_0.05.csv
OOS Period (2021-10-28 15:02:00+00:00 to 2021-11-19 14:47:00+00:00): PnL: $0.00 | Sharpe: 0.0000 | Calmar: 0.0000 | Trades: 0

--- Window 28 Boundary Check ---
IS Period RTH Bars: 14666. Start: 2021-09-23 18:46:00+00:00 | End: 2021-11-19 14:47:00+00:00
OOS Start Bar Index: 176982 | Time: 2021-11-19 14:48:00+00:00
ADF Test Result: p-value=0.1109 (Required < 0.05) | OLS Beta: 0.7449
Filter ON: Spread not stationary (p-value too high). Skipping optimization and OOS test.

--- Window 29 Boundary Check ---
IS Period RTH Bars: 14666. Start: 2021-10-15 15:33:00+00:00 | End: 2021-12-13 20:17:00+00:00
OOS Start Bar Index: 182832 | Time: 2021-12-13 20:18:00+00:00
ADF Test Result: p-value=0.6941 (Required < 0.05) | OLS Beta: 0.6807
Filter ON: Spread not stationary (p-value too high). Skipping optimization and OOS test.

--- Window 30 Boundary Check ---
IS Period RTH Bars: 14666. Start: 2021-11-09 14:48:00+00:00 | End: 2022-01-05 19:02:00+00:00
OOS Start Bar Index: 188682 | Time: 2022-01-05 19:03:00+00:00
ADF Test Result: p-value=0.0401 (Required < 0.05) | OLS Beta: 1.7838
Filter OFF: Spread is stationary. Proceeding with optimization.
IS Optimization Time: 0.13 seconds.
Optimal Params (Sharpe=3.0775, Calmar=10.9801): Z_E=1.9, Z_X=0.3, Z_SL=3.9
📊 Persistence: Saved 2976 PnL points to wfa_outputs\oos_equity_curve_HRL_TSN_1m_20251108_115302_0.05.csv
OOS Period (2022-01-05 19:03:00+00:00 to 2022-01-28 20:10:00+00:00): PnL: $-113.82 | Sharpe: -0.9589 | Calmar: -5.8518 | Trades: 190

--- Window 31 Boundary Check ---
IS Period RTH Bars: 14666. Start: 2021-12-02 15:39:00+00:00 | End: 2022-01-28 20:10:00+00:00
OOS Start Bar Index: 194532 | Time: 2022-01-28 20:11:00+00:00
ADF Test Result: p-value=0.5297 (Required < 0.05) | OLS Beta: 0.9159
Filter ON: Spread not stationary (p-value too high). Skipping optimization and OOS test.

--- Window 32 Boundary Check ---
IS Period RTH Bars: 14666. Start: 2021-12-23 17:38:00+00:00 | End: 2022-02-22 15:06:00+00:00
OOS Start Bar Index: 200382 | Time: 2022-02-22 15:07:00+00:00
ADF Test Result: p-value=0.2611 (Required < 0.05) | OLS Beta: -0.0826
Filter ON: Spread not stationary (p-value too high). Skipping optimization and OOS test.

--- Window 33 Boundary Check ---
IS Period RTH Bars: 14666. Start: 2022-01-18 15:59:00+00:00 | End: 2022-03-16 15:02:00+00:00
OOS Start Bar Index: 206232 | Time: 2022-03-16 15:03:00+00:00
ADF Test Result: p-value=0.3772 (Required < 0.05) | OLS Beta: -0.0364
Filter ON: Spread not stationary (p-value too high). Skipping optimization and OOS test.

--- Window 34 Boundary Check ---
IS Period RTH Bars: 14666. Start: 2022-02-09 17:02:00+00:00 | End: 2022-04-06 19:19:00+00:00
OOS Start Bar Index: 212082 | Time: 2022-04-06 19:20:00+00:00
ADF Test Result: p-value=0.6117 (Required < 0.05) | OLS Beta: -0.2582
Filter ON: Spread not stationary (p-value too high). Skipping optimization and OOS test.

--- Window 35 Boundary Check ---
IS Period RTH Bars: 14666. Start: 2022-03-03 17:53:00+00:00 | End: 2022-04-29 16:39:00+00:00
OOS Start Bar Index: 217932 | Time: 2022-04-29 16:40:00+00:00
ADF Test Result: p-value=0.0014 (Required < 0.05) | OLS Beta: 0.7194
Filter OFF: Spread is stationary. Proceeding with optimization.
IS Optimization Time: 0.13 seconds.
Optimal Params (Sharpe=7.2173, Calmar=56.3980): Z_E=2.3, Z_X=1.5, Z_SL=3.9
📊 Persistence: Saved 2980 PnL points to wfa_outputs\oos_equity_curve_HRL_TSN_1m_20251108_115302_0.05.csv
OOS Period (2022-04-29 16:40:00+00:00 to 2022-05-20 18:38:00+00:00): PnL: $261.69 | Sharpe: 7.9339 | Calmar: 0.0000 | Trades: 4

--- Window 36 Boundary Check ---
IS Period RTH Bars: 14666. Start: 2022-03-28 13:50:00+00:00 | End: 2022-05-20 18:38:00+00:00
OOS Start Bar Index: 223782 | Time: 2022-05-20 18:39:00+00:00
ADF Test Result: p-value=0.0799 (Required < 0.05) | OLS Beta: 0.7487
Filter ON: Spread not stationary (p-value too high). Skipping optimization and OOS test.

--- Window 37 Boundary Check ---
IS Period RTH Bars: 14666. Start: 2022-04-19 18:08:00+00:00 | End: 2022-06-14 14:07:00+00:00
OOS Start Bar Index: 229632 | Time: 2022-06-14 14:08:00+00:00
ADF Test Result: p-value=0.4631 (Required < 0.05) | OLS Beta: 1.2816
Filter ON: Spread not stationary (p-value too high). Skipping optimization and OOS test.

--- Window 38 Boundary Check ---
IS Period RTH Bars: 14666. Start: 2022-05-11 13:44:00+00:00 | End: 2022-07-07 16:42:00+00:00
OOS Start Bar Index: 235482 | Time: 2022-07-07 16:43:00+00:00
ADF Test Result: p-value=0.5580 (Required < 0.05) | OLS Beta: 1.2394
Filter ON: Spread not stationary (p-value too high). Skipping optimization and OOS test.

--- Window 39 Boundary Check ---
IS Period RTH Bars: 14666. Start: 2022-06-02 15:32:00+00:00 | End: 2022-07-29 17:05:00+00:00
OOS Start Bar Index: 241332 | Time: 2022-07-29 17:06:00+00:00
ADF Test Result: p-value=0.7399 (Required < 0.05) | OLS Beta: -0.2203
Filter ON: Spread not stationary (p-value too high). Skipping optimization and OOS test.

--- Window 40 Boundary Check ---
IS Period RTH Bars: 14666. Start: 2022-06-24 17:32:00+00:00 | End: 2022-08-22 15:43:00+00:00
OOS Start Bar Index: 247182 | Time: 2022-08-22 15:44:00+00:00
ADF Test Result: p-value=0.5552 (Required < 0.05) | OLS Beta: -0.2505
Filter ON: Spread not stationary (p-value too high). Skipping optimization and OOS test.

--- Window 41 Boundary Check ---
IS Period RTH Bars: 14666. Start: 2022-07-19 16:07:00+00:00 | End: 2022-09-13 19:06:00+00:00
OOS Start Bar Index: 253032 | Time: 2022-09-13 19:07:00+00:00
ADF Test Result: p-value=0.6224 (Required < 0.05) | OLS Beta: 0.1692
Filter ON: Spread not stationary (p-value too high). Skipping optimization and OOS test.

--- Window 42 Boundary Check ---
IS Period RTH Bars: 14666. Start: 2022-08-10 15:29:00+00:00 | End: 2022-10-05 14:06:00+00:00
OOS Start Bar Index: 258882 | Time: 2022-10-05 14:07:00+00:00
ADF Test Result: p-value=0.6255 (Required < 0.05) | OLS Beta: 0.5744
Filter ON: Spread not stationary (p-value too high). Skipping optimization and OOS test.

--- Window 43 Boundary Check ---
IS Period RTH Bars: 14666. Start: 2022-09-01 14:42:00+00:00 | End: 2022-10-26 15:27:00+00:00
OOS Start Bar Index: 264732 | Time: 2022-10-26 15:28:00+00:00
ADF Test Result: p-value=0.0087 (Required < 0.05) | OLS Beta: 0.1798
Filter OFF: Spread is stationary. Proceeding with optimization.
IS Optimization Time: 0.12 seconds.
Optimal Params (Sharpe=2.4296, Calmar=9.3751): Z_E=2.3, Z_X=1.5, Z_SL=3.3
📊 Persistence: Saved 3884 PnL points to wfa_outputs\oos_equity_curve_HRL_TSN_1m_20251108_115302_0.05.csv
OOS Period (2022-10-26 15:28:00+00:00 to 2022-11-16 17:38:00+00:00): PnL: $-98.74 | Sharpe: -1.3939 | Calmar: -6.0946 | Trades: 904

--- Window 44 Boundary Check ---
IS Period RTH Bars: 14666. Start: 2022-09-23 16:06:00+00:00 | End: 2022-11-16 17:38:00+00:00
OOS Start Bar Index: 270582 | Time: 2022-11-16 17:39:00+00:00
ADF Test Result: p-value=0.7552 (Required < 0.05) | OLS Beta: 0.3474
Filter ON: Spread not stationary (p-value too high). Skipping optimization and OOS test.

--- Window 45 Boundary Check ---
IS Period RTH Bars: 14666. Start: 2022-10-14 17:12:00+00:00 | End: 2022-12-09 15:43:00+00:00
OOS Start Bar Index: 276432 | Time: 2022-12-09 15:44:00+00:00
ADF Test Result: p-value=0.2554 (Required < 0.05) | OLS Beta: -0.0360
Filter ON: Spread not stationary (p-value too high). Skipping optimization and OOS test.

--- Window 46 Boundary Check ---
IS Period RTH Bars: 14666. Start: 2022-11-04 18:39:00+00:00 | End: 2023-01-03 17:46:00+00:00
OOS Start Bar Index: 282282 | Time: 2023-01-03 17:47:00+00:00
ADF Test Result: p-value=0.0239 (Required < 0.05) | OLS Beta: 0.6541
Filter OFF: Spread is stationary. Proceeding with optimization.
IS Optimization Time: 0.13 seconds.
Optimal Params (Sharpe=1.5275, Calmar=5.6134): Z_E=2.9, Z_X=1.5, Z_SL=3.3
📊 Persistence: Saved 4387 PnL points to wfa_outputs\oos_equity_curve_HRL_TSN_1m_20251108_115302_0.05.csv
OOS Period (2023-01-03 17:47:00+00:00 to 2023-01-25 19:06:00+00:00): PnL: $-117.48 | Sharpe: -6.1965 | Calmar: -14.4174 | Trades: 503

--- Window 47 Boundary Check ---
IS Period RTH Bars: 14666. Start: 2022-11-29 17:34:00+00:00 | End: 2023-01-25 19:06:00+00:00
OOS Start Bar Index: 288132 | Time: 2023-01-25 19:07:00+00:00
ADF Test Result: p-value=0.3777 (Required < 0.05) | OLS Beta: 0.3156
Filter ON: Spread not stationary (p-value too high). Skipping optimization and OOS test.

--- Window 48 Boundary Check ---
IS Period RTH Bars: 14666. Start: 2022-12-20 19:14:00+00:00 | End: 2023-02-15 20:32:00+00:00
OOS Start Bar Index: 293982 | Time: 2023-02-15 20:33:00+00:00
ADF Test Result: p-value=0.1949 (Required < 0.05) | OLS Beta: 0.1186
Filter ON: Spread not stationary (p-value too high). Skipping optimization and OOS test.

--- Window 49 Boundary Check ---
IS Period RTH Bars: 14666. Start: 2023-01-13 14:33:00+00:00 | End: 2023-03-10 15:12:00+00:00
OOS Start Bar Index: 299832 | Time: 2023-03-10 15:13:00+00:00
ADF Test Result: p-value=0.8780 (Required < 0.05) | OLS Beta: 0.6182
Filter ON: Spread not stationary (p-value too high). Skipping optimization and OOS test.

--- Window 50 Boundary Check ---
IS Period RTH Bars: 14666. Start: 2023-02-06 15:56:00+00:00 | End: 2023-03-31 14:46:00+00:00
OOS Start Bar Index: 305682 | Time: 2023-03-31 14:47:00+00:00
ADF Test Result: p-value=0.0333 (Required < 0.05) | OLS Beta: 2.6878
Filter OFF: Spread is stationary. Proceeding with optimization.
IS Optimization Time: 0.13 seconds.
Optimal Params (Sharpe=-1.2990, Calmar=-3.3238): Z_E=2.7, Z_X=1.5, Z_SL=4.8
📊 Persistence: Saved 4987 PnL points to wfa_outputs\oos_equity_curve_HRL_TSN_1m_20251108_115302_0.05.csv
OOS Period (2023-03-31 14:47:00+00:00 to 2023-04-24 16:25:00+00:00): PnL: $-219.78 | Sharpe: -4.3415 | Calmar: -9.7809 | Trades: 600

--- Window 51 Boundary Check ---
IS Period RTH Bars: 14666. Start: 2023-02-28 17:35:00+00:00 | End: 2023-04-24 16:25:00+00:00
OOS Start Bar Index: 311532 | Time: 2023-04-24 16:26:00+00:00
ADF Test Result: p-value=0.0001 (Required < 0.05) | OLS Beta: 0.4567
Filter OFF: Spread is stationary. Proceeding with optimization.
IS Optimization Time: 0.13 seconds.
Optimal Params (Sharpe=-1.3347, Calmar=-4.0751): Z_E=2.3, Z_X=1.3, Z_SL=4.8
📊 Persistence: Saved 4989 PnL points to wfa_outputs\oos_equity_curve_HRL_TSN_1m_20251108_115302_0.05.csv
OOS Period (2023-04-24 16:26:00+00:00 to 2023-05-15 18:34:00+00:00): PnL: $-86.84 | Sharpe: -1.1805 | Calmar: -5.5565 | Trades: 2

--- Window 52 Boundary Check ---
IS Period RTH Bars: 14666. Start: 2023-03-21 16:51:00+00:00 | End: 2023-05-15 18:34:00+00:00
OOS Start Bar Index: 317382 | Time: 2023-05-15 18:35:00+00:00
ADF Test Result: p-value=0.1437 (Required < 0.05) | OLS Beta: -0.0001
Filter ON: Spread not stationary (p-value too high). Skipping optimization and OOS test.

--- Window 53 Boundary Check ---
IS Period RTH Bars: 14666. Start: 2023-04-12 17:42:00+00:00 | End: 2023-06-06 19:19:00+00:00
OOS Start Bar Index: 323232 | Time: 2023-06-06 19:20:00+00:00
ADF Test Result: p-value=0.1666 (Required < 0.05) | OLS Beta: 0.0619
Filter ON: Spread not stationary (p-value too high). Skipping optimization and OOS test.

--- Window 54 Boundary Check ---
IS Period RTH Bars: 14666. Start: 2023-05-04 13:50:00+00:00 | End: 2023-06-29 15:24:00+00:00
OOS Start Bar Index: 329082 | Time: 2023-06-29 15:25:00+00:00
ADF Test Result: p-value=0.2813 (Required < 0.05) | OLS Beta: 0.0872
Filter ON: Spread not stationary (p-value too high). Skipping optimization and OOS test.

--- Window 55 Boundary Check ---
IS Period RTH Bars: 14666. Start: 2023-05-25 15:12:00+00:00 | End: 2023-07-24 14:03:00+00:00
OOS Start Bar Index: 334932 | Time: 2023-07-24 14:04:00+00:00
ADF Test Result: p-value=0.0251 (Required < 0.05) | OLS Beta: -0.4467
Filter OFF: Spread is stationary. Proceeding with optimization.
IS Optimization Time: 0.12 seconds.
Optimal Params (Sharpe=0.3809, Calmar=1.1050): Z_E=2.1, Z_X=0.3, Z_SL=3.6
📊 Persistence: Saved 5702 PnL points to wfa_outputs\oos_equity_curve_HRL_TSN_1m_20251108_115302_0.05.csv
OOS Period (2023-07-24 14:04:00+00:00 to 2023-08-14 16:40:00+00:00): PnL: $-165.13 | Sharpe: -2.2959 | Calmar: -7.2425 | Trades: 713

--- Window 56 Boundary Check ---
IS Period RTH Bars: 14666. Start: 2023-06-16 16:29:00+00:00 | End: 2023-08-14 16:40:00+00:00
OOS Start Bar Index: 340782 | Time: 2023-08-14 16:41:00+00:00
ADF Test Result: p-value=0.0561 (Required < 0.05) | OLS Beta: 0.2465
Filter ON: Spread not stationary (p-value too high). Skipping optimization and OOS test.

--- Window 57 Boundary Check ---
IS Period RTH Bars: 14666. Start: 2023-07-12 15:16:00+00:00 | End: 2023-09-05 18:03:00+00:00
OOS Start Bar Index: 346632 | Time: 2023-09-05 18:04:00+00:00
ADF Test Result: p-value=0.7551 (Required < 0.05) | OLS Beta: 0.5084
Filter ON: Spread not stationary (p-value too high). Skipping optimization and OOS test.

--- Window 58 Boundary Check ---
IS Period RTH Bars: 14666. Start: 2023-08-02 18:15:00+00:00 | End: 2023-09-26 19:42:00+00:00
OOS Start Bar Index: 352482 | Time: 2023-09-26 19:43:00+00:00
ADF Test Result: p-value=0.4088 (Required < 0.05) | OLS Beta: 0.7440
Filter ON: Spread not stationary (p-value too high). Skipping optimization and OOS test.

--- Window 59 Boundary Check ---
IS Period RTH Bars: 14666. Start: 2023-08-23 19:41:00+00:00 | End: 2023-10-18 14:11:00+00:00
OOS Start Bar Index: 358332 | Time: 2023-10-18 14:12:00+00:00
ADF Test Result: p-value=0.8343 (Required < 0.05) | OLS Beta: 0.8310
Filter ON: Spread not stationary (p-value too high). Skipping optimization and OOS test.

--- Window 60 Boundary Check ---
IS Period RTH Bars: 14666. Start: 2023-09-15 14:40:00+00:00 | End: 2023-11-08 15:50:00+00:00
OOS Start Bar Index: 364182 | Time: 2023-11-08 15:51:00+00:00
ADF Test Result: p-value=0.3513 (Required < 0.05) | OLS Beta: 1.3479
Filter ON: Spread not stationary (p-value too high). Skipping optimization and OOS test.

--- Window 61 Boundary Check ---
IS Period RTH Bars: 14666. Start: 2023-10-06 16:24:00+00:00 | End: 2023-11-30 19:45:00+00:00
OOS Start Bar Index: 370032 | Time: 2023-11-30 19:46:00+00:00
ADF Test Result: p-value=0.2253 (Required < 0.05) | OLS Beta: 0.8601
Filter ON: Spread not stationary (p-value too high). Skipping optimization and OOS test.

--- Window 62 Boundary Check ---
IS Period RTH Bars: 14666. Start: 2023-10-27 17:02:00+00:00 | End: 2023-12-21 20:51:00+00:00
OOS Start Bar Index: 375882 | Time: 2023-12-21 20:52:00+00:00
ADF Test Result: p-value=0.0840 (Required < 0.05) | OLS Beta: -0.1728
Filter ON: Spread not stationary (p-value too high). Skipping optimization and OOS test.

--- Window 63 Boundary Check ---
IS Period RTH Bars: 14666. Start: 2023-11-17 18:49:00+00:00 | End: 2024-01-17 16:00:00+00:00
OOS Start Bar Index: 381732 | Time: 2024-01-17 16:01:00+00:00
ADF Test Result: p-value=0.0382 (Required < 0.05) | OLS Beta: 0.1082
Filter OFF: Spread is stationary. Proceeding with optimization.
IS Optimization Time: 0.13 seconds.
Optimal Params (Sharpe=2.6876, Calmar=14.5315): Z_E=1.9, Z_X=0.3, Z_SL=3.9
📊 Persistence: Saved 5873 PnL points to wfa_outputs\oos_equity_curve_HRL_TSN_1m_20251108_115302_0.05.csv
OOS Period (2024-01-17 16:01:00+00:00 to 2024-02-07 16:52:00+00:00): PnL: $-417.89 | Sharpe: -6.2572 | Calmar: -12.4468 | Trades: 171

--- Window 64 Boundary Check ---
IS Period RTH Bars: 14666. Start: 2023-12-12 16:18:00+00:00 | End: 2024-02-07 16:52:00+00:00
OOS Start Bar Index: 387582 | Time: 2024-02-07 16:53:00+00:00
ADF Test Result: p-value=0.6059 (Required < 0.05) | OLS Beta: -0.0942
Filter ON: Spread not stationary (p-value too high). Skipping optimization and OOS test.

--- Window 65 Boundary Check ---
IS Period RTH Bars: 14666. Start: 2024-01-04 17:48:00+00:00 | End: 2024-02-29 18:01:00+00:00
OOS Start Bar Index: 393432 | Time: 2024-02-29 18:02:00+00:00
ADF Test Result: p-value=0.8238 (Required < 0.05) | OLS Beta: 0.6833
Filter ON: Spread not stationary (p-value too high). Skipping optimization and OOS test.

--- Window 66 Boundary Check ---
IS Period RTH Bars: 14666. Start: 2024-01-26 19:08:00+00:00 | End: 2024-03-21 17:57:00+00:00
OOS Start Bar Index: 399282 | Time: 2024-03-21 17:58:00+00:00
ADF Test Result: p-value=0.5027 (Required < 0.05) | OLS Beta: 1.2686
Filter ON: Spread not stationary (p-value too high). Skipping optimization and OOS test.

--- Window 67 Boundary Check ---
IS Period RTH Bars: 14666. Start: 2024-02-16 19:34:00+00:00 | End: 2024-04-15 14:08:00+00:00
OOS Start Bar Index: 405132 | Time: 2024-04-15 14:09:00+00:00
ADF Test Result: p-value=0.0931 (Required < 0.05) | OLS Beta: 0.9069
Filter ON: Spread not stationary (p-value too high). Skipping optimization and OOS test.

--- Window 68 Boundary Check ---
IS Period RTH Bars: 14666. Start: 2024-03-12 13:37:00+00:00 | End: 2024-05-06 17:01:00+00:00
OOS Start Bar Index: 410982 | Time: 2024-05-06 17:02:00+00:00
ADF Test Result: p-value=0.0150 (Required < 0.05) | OLS Beta: 0.4852
Filter OFF: Spread is stationary. Proceeding with optimization.
IS Optimization Time: 0.13 seconds.
Optimal Params (Sharpe=5.7030, Calmar=52.9604): Z_E=2.9, Z_X=1.1, Z_SL=4.8
📊 Persistence: Saved 5999 PnL points to wfa_outputs\oos_equity_curve_HRL_TSN_1m_20251108_115302_0.05.csv
OOS Period (2024-05-06 17:02:00+00:00 to 2024-05-29 14:31:00+00:00): PnL: $30.06 | Sharpe: 0.4952 | Calmar: 2.6006 | Trades: 126

--- Window 69 Boundary Check ---
IS Period RTH Bars: 14666. Start: 2024-04-03 15:34:00+00:00 | End: 2024-05-29 14:31:00+00:00
OOS Start Bar Index: 416832 | Time: 2024-05-29 14:32:00+00:00
ADF Test Result: p-value=0.0642 (Required < 0.05) | OLS Beta: 0.7505
Filter ON: Spread not stationary (p-value too high). Skipping optimization and OOS test.

--- Window 70 Boundary Check ---
IS Period RTH Bars: 14666. Start: 2024-04-24 18:34:00+00:00 | End: 2024-06-20 17:04:00+00:00
OOS Start Bar Index: 422682 | Time: 2024-06-20 17:05:00+00:00
ADF Test Result: p-value=0.0900 (Required < 0.05) | OLS Beta: 1.7670
Filter ON: Spread not stationary (p-value too high). Skipping optimization and OOS test.

--- Window 71 Boundary Check ---
IS Period RTH Bars: 14666. Start: 2024-05-16 15:45:00+00:00 | End: 2024-07-16 14:10:00+00:00
OOS Start Bar Index: 428532 | Time: 2024-07-16 14:11:00+00:00
ADF Test Result: p-value=0.4739 (Required < 0.05) | OLS Beta: 1.8449
Filter ON: Spread not stationary (p-value too high). Skipping optimization and OOS test.

--- Window 72 Boundary Check ---
IS Period RTH Bars: 14666. Start: 2024-06-07 18:15:00+00:00 | End: 2024-08-06 19:11:00+00:00
OOS Start Bar Index: 434382 | Time: 2024-08-06 19:12:00+00:00
ADF Test Result: p-value=0.0876 (Required < 0.05) | OLS Beta: 0.6409
Filter ON: Spread not stationary (p-value too high). Skipping optimization and OOS test.

--- Window 73 Boundary Check ---
IS Period RTH Bars: 14666. Start: 2024-07-02 16:59:00+00:00 | End: 2024-08-28 18:59:00+00:00
OOS Start Bar Index: 440232 | Time: 2024-08-28 19:00:00+00:00
ADF Test Result: p-value=0.1293 (Required < 0.05) | OLS Beta: 0.5998
Filter ON: Spread not stationary (p-value too high). Skipping optimization and OOS test.

--- Window 74 Boundary Check ---
IS Period RTH Bars: 14666. Start: 2024-07-25 19:25:00+00:00 | End: 2024-09-20 16:02:00+00:00
OOS Start Bar Index: 446082 | Time: 2024-09-20 16:03:00+00:00
ADF Test Result: p-value=0.0000 (Required < 0.05) | OLS Beta: 0.0608
Filter OFF: Spread is stationary. Proceeding with optimization.
IS Optimization Time: 0.12 seconds.
Optimal Params (Sharpe=5.1547, Calmar=51.6315): Z_E=3.1, Z_X=0.9, Z_SL=4.8
📊 Persistence: Saved 5999 PnL points to wfa_outputs\oos_equity_curve_HRL_TSN_1m_20251108_115302_0.05.csv
OOS Period (2024-09-20 16:03:00+00:00 to 2024-10-14 15:56:00+00:00): PnL: $0.00 | Sharpe: 0.0000 | Calmar: 0.0000 | Trades: 0

--- Window 75 Boundary Check ---
IS Period RTH Bars: 14666. Start: 2024-08-16 18:07:00+00:00 | End: 2024-10-14 15:56:00+00:00
OOS Start Bar Index: 451932 | Time: 2024-10-14 15:57:00+00:00
ADF Test Result: p-value=0.0004 (Required < 0.05) | OLS Beta: 0.2829
Filter OFF: Spread is stationary. Proceeding with optimization.
IS Optimization Time: 0.13 seconds.
Optimal Params (Sharpe=4.0190, Calmar=210.6404): Z_E=1.9, Z_X=0.7, Z_SL=3.3
📊 Persistence: Saved 6000 PnL points to wfa_outputs\oos_equity_curve_HRL_TSN_1m_20251108_115302_0.05.csv
OOS Period (2024-10-14 15:57:00+00:00 to 2024-11-05 18:49:00+00:00): PnL: $128.22 | Sharpe: 4.0991 | Calmar: 0.0000 | Trades: 1

--- Window 76 Boundary Check ---
IS Period RTH Bars: 14666. Start: 2024-09-10 16:19:00+00:00 | End: 2024-11-05 18:49:00+00:00
OOS Start Bar Index: 457782 | Time: 2024-11-05 18:50:00+00:00
ADF Test Result: p-value=0.0209 (Required < 0.05) | OLS Beta: 0.4784
Filter OFF: Spread is stationary. Proceeding with optimization.
IS Optimization Time: 0.13 seconds.
Optimal Params (Sharpe=4.4128, Calmar=0.0000): Z_E=3.3, Z_X=0.3, Z_SL=4.8
📊 Persistence: Saved 7559 PnL points to wfa_outputs\oos_equity_curve_HRL_TSN_1m_20251108_115302_0.05.csv
OOS Period (2024-11-05 18:50:00+00:00 to 2024-11-27 15:35:00+00:00): PnL: $153.29 | Sharpe: 2.1668 | Calmar: 9.5364 | Trades: 1559

--- Window 77 Boundary Check ---
IS Period RTH Bars: 14666. Start: 2024-10-02 13:47:00+00:00 | End: 2024-11-27 15:35:00+00:00
OOS Start Bar Index: 463632 | Time: 2024-11-27 15:36:00+00:00
ADF Test Result: p-value=0.4457 (Required < 0.05) | OLS Beta: -0.2167
Filter ON: Spread not stationary (p-value too high). Skipping optimization and OOS test.

--- Window 78 Boundary Check ---
IS Period RTH Bars: 14666. Start: 2024-10-24 15:49:00+00:00 | End: 2024-12-20 17:01:00+00:00
OOS Start Bar Index: 469482 | Time: 2024-12-20 17:02:00+00:00
ADF Test Result: p-value=0.7299 (Required < 0.05) | OLS Beta: 0.0930
Filter ON: Spread not stationary (p-value too high). Skipping optimization and OOS test.

############################################################
📈 OVERALL SIMULATION PERFORMANCE (Walk-Forward Test)
############################################################
Timeframe Used: 1Min, Value: 1
ADF Cointegration Filter Threshold: 0.05
Total OOS Windows Tested: 78
Total Trades Executed: 7559
--- Final Performance Metrics ---
Total PnL: $582.36
Overall Sharpe Ratio (Annualized): 0.1009
Overall Calmar Ratio (Annualized): 0.0167
Maximum Dollar Drawdown (MDD): $1,435.43

--- Execution Time ---
Total Elapsed Time: 137.88 seconds
############################################################
[0m