--- Dynamic Timeframe Configuration ---
TimeFrame Selected: 1Min, Value: 15
Bars per Trading Day: 26
Annualization Factor (Bars/Year): 6552
Statistical Lookback Bars: 145
Optimization Lookback Bars: 1268
---------------------------------------
--- Diagnostic Check ---
API Key ID Length: 26
API Secret Key Length: 44
StockHistoricalDataClient initialized successfully. Starting data fetch...
--------------------------
Pre-compiling Numba function for first run optimization...
Numba pre-compilation complete.
Fetching data from 2020-01-01 to 2024-12-30...
Fetching 15Min data for RIO...
Fetching 15Min data for VALE...
Data acquired successfully. Total 1Min RTH bars: 32458
Skipping full pre-calculation. Metrics will be calculated inside the WFA loop.

============================================================
📈 Starting Rolling Backtest: IS Optimization Window=1268 bars, Shift=15 days
   Data already processed with Statistical Rolling Window: 145 bars
   ADF Cointegration Filter: p-value < 0.1
============================================================

--- Window 1 Boundary Check ---
IS Period RTH Bars: 980. Start: 2020-01-17 15:00:00+00:00 | End: 2020-03-12 18:30:00+00:00
OOS Start Bar Index: 1268 | Time: 2020-03-12 18:45:00+00:00
ADF Test Result: p-value=0.0546 (Required < 0.10) | OLS Beta: 0.6170
Filter OFF: Spread is stationary. Proceeding with optimization.
IS Optimization Time: 0.09 seconds.
Optimal Params (Sharpe=6.4603, Calmar=94.9096): Z_E=2.1, Z_X=1.3, Z_SL=3.9
📊 Persistence: Saved 98 PnL points to wfa_outputs\oos_equity_curve_RIO_VALE_15m_20251118_091625_0.1.csv
OOS Period (2020-03-12 18:45:00+00:00 to 2020-04-02 18:45:00+00:00): PnL: $64.31 | Sharpe: 0.6278 | Calmar: 2.2495 | Trades: 98

--- Window 2 Boundary Check ---
IS Period RTH Bars: 980. Start: 2020-02-10 15:00:00+00:00 | End: 2020-04-02 18:45:00+00:00
OOS Start Bar Index: 1658 | Time: 2020-04-02 19:00:00+00:00
ADF Test Result: p-value=0.5744 (Required < 0.10) | OLS Beta: 0.5307
Filter ON: Spread not stationary (p-value too high). Skipping optimization and OOS test.

--- Window 3 Boundary Check ---
IS Period RTH Bars: 980. Start: 2020-03-03 15:00:00+00:00 | End: 2020-04-24 18:45:00+00:00
OOS Start Bar Index: 2048 | Time: 2020-04-24 19:00:00+00:00
ADF Test Result: p-value=0.6927 (Required < 0.10) | OLS Beta: 0.5241
Filter ON: Spread not stationary (p-value too high). Skipping optimization and OOS test.

--- Window 4 Boundary Check ---
IS Period RTH Bars: 980. Start: 2020-03-24 14:30:00+00:00 | End: 2020-05-15 18:45:00+00:00
OOS Start Bar Index: 2438 | Time: 2020-05-15 19:00:00+00:00
ADF Test Result: p-value=0.0050 (Required < 0.10) | OLS Beta: 0.5406
Filter OFF: Spread is stationary. Proceeding with optimization.
IS Optimization Time: 0.06 seconds.
Optimal Params (Sharpe=0.3331, Calmar=1.2676): Z_E=2.1, Z_X=0.3, Z_SL=3.3
📊 Persistence: Saved 105 PnL points to wfa_outputs\oos_equity_curve_RIO_VALE_15m_20251118_091625_0.1.csv
OOS Period (2020-05-15 19:00:00+00:00 to 2020-06-08 18:45:00+00:00): PnL: $-89.41 | Sharpe: -3.1895 | Calmar: -7.3101 | Trades: 7

--- Window 5 Boundary Check ---
IS Period RTH Bars: 980. Start: 2020-04-15 14:30:00+00:00 | End: 2020-06-08 18:45:00+00:00
OOS Start Bar Index: 2828 | Time: 2020-06-08 19:00:00+00:00
ADF Test Result: p-value=0.0787 (Required < 0.10) | OLS Beta: 0.7424
Filter OFF: Spread is stationary. Proceeding with optimization.
IS Optimization Time: 0.08 seconds.
Optimal Params (Sharpe=-0.5464, Calmar=-2.1440): Z_E=2.1, Z_X=1.5, Z_SL=3.3
📊 Persistence: Saved 105 PnL points to wfa_outputs\oos_equity_curve_RIO_VALE_15m_20251118_091625_0.1.csv
OOS Period (2020-06-08 19:00:00+00:00 to 2020-06-29 18:45:00+00:00): PnL: $0.00 | Sharpe: 0.0000 | Calmar: 0.0000 | Trades: 0

--- Window 6 Boundary Check ---
IS Period RTH Bars: 980. Start: 2020-05-06 14:30:00+00:00 | End: 2020-06-29 18:45:00+00:00
OOS Start Bar Index: 3218 | Time: 2020-06-29 19:00:00+00:00
ADF Test Result: p-value=0.0967 (Required < 0.10) | OLS Beta: 0.7518
Filter OFF: Spread is stationary. Proceeding with optimization.
IS Optimization Time: 0.08 seconds.
Optimal Params (Sharpe=2.5349, Calmar=18.5522): Z_E=1.9, Z_X=1.5, Z_SL=3.3
📊 Persistence: Saved 108 PnL points to wfa_outputs\oos_equity_curve_RIO_VALE_15m_20251118_091625_0.1.csv
OOS Period (2020-06-29 19:00:00+00:00 to 2020-07-21 18:45:00+00:00): PnL: $194.34 | Sharpe: 6.6869 | Calmar: 0.0000 | Trades: 3

--- Window 7 Boundary Check ---
IS Period RTH Bars: 980. Start: 2020-05-28 14:30:00+00:00 | End: 2020-07-21 18:45:00+00:00
OOS Start Bar Index: 3608 | Time: 2020-07-21 19:00:00+00:00
ADF Test Result: p-value=0.0849 (Required < 0.10) | OLS Beta: 0.7377
Filter OFF: Spread is stationary. Proceeding with optimization.
IS Optimization Time: 0.08 seconds.
Optimal Params (Sharpe=3.1625, Calmar=13.1799): Z_E=1.9, Z_X=1.3, Z_SL=3.3
📊 Persistence: Saved 116 PnL points to wfa_outputs\oos_equity_curve_RIO_VALE_15m_20251118_091625_0.1.csv
OOS Period (2020-07-21 19:00:00+00:00 to 2020-08-11 18:45:00+00:00): PnL: $-94.68 | Sharpe: -4.0508 | Calmar: -13.7281 | Trades: 8

--- Window 8 Boundary Check ---
IS Period RTH Bars: 980. Start: 2020-06-18 14:30:00+00:00 | End: 2020-08-11 18:45:00+00:00
OOS Start Bar Index: 3998 | Time: 2020-08-11 19:00:00+00:00
ADF Test Result: p-value=0.2019 (Required < 0.10) | OLS Beta: 0.8755
Filter ON: Spread not stationary (p-value too high). Skipping optimization and OOS test.

--- Window 9 Boundary Check ---
IS Period RTH Bars: 980. Start: 2020-07-10 14:30:00+00:00 | End: 2020-09-01 18:45:00+00:00
OOS Start Bar Index: 4388 | Time: 2020-09-01 19:00:00+00:00
ADF Test Result: p-value=0.0812 (Required < 0.10) | OLS Beta: 0.1985
Filter OFF: Spread is stationary. Proceeding with optimization.
IS Optimization Time: 0.08 seconds.
Optimal Params (Sharpe=4.1070, Calmar=49.7276): Z_E=2.5, Z_X=0.5, Z_SL=3.3
📊 Persistence: Saved 120 PnL points to wfa_outputs\oos_equity_curve_RIO_VALE_15m_20251118_091625_0.1.csv
OOS Period (2020-09-01 19:00:00+00:00 to 2020-09-23 18:45:00+00:00): PnL: $428.28 | Sharpe: 3.5547 | Calmar: 120.6322 | Trades: 4

--- Window 10 Boundary Check ---
IS Period RTH Bars: 980. Start: 2020-07-31 14:30:00+00:00 | End: 2020-09-23 18:45:00+00:00
OOS Start Bar Index: 4778 | Time: 2020-09-23 19:00:00+00:00
ADF Test Result: p-value=0.0002 (Required < 0.10) | OLS Beta: 0.6964
Filter OFF: Spread is stationary. Proceeding with optimization.
IS Optimization Time: 0.08 seconds.
Optimal Params (Sharpe=5.5311, Calmar=106.1756): Z_E=2.5, Z_X=0.7, Z_SL=3.9
📊 Persistence: Saved 120 PnL points to wfa_outputs\oos_equity_curve_RIO_VALE_15m_20251118_091625_0.1.csv
OOS Period (2020-09-23 19:00:00+00:00 to 2020-10-14 18:45:00+00:00): PnL: $0.00 | Sharpe: 0.0000 | Calmar: 0.0000 | Trades: 0

--- Window 11 Boundary Check ---
IS Period RTH Bars: 980. Start: 2020-08-21 14:30:00+00:00 | End: 2020-10-14 18:45:00+00:00
OOS Start Bar Index: 5168 | Time: 2020-10-14 19:00:00+00:00
ADF Test Result: p-value=0.1450 (Required < 0.10) | OLS Beta: 0.7048
Filter ON: Spread not stationary (p-value too high). Skipping optimization and OOS test.

--- Window 12 Boundary Check ---
IS Period RTH Bars: 980. Start: 2020-09-14 14:30:00+00:00 | End: 2020-11-04 19:45:00+00:00
OOS Start Bar Index: 5558 | Time: 2020-11-04 20:00:00+00:00
ADF Test Result: p-value=0.6112 (Required < 0.10) | OLS Beta: 0.5172
Filter ON: Spread not stationary (p-value too high). Skipping optimization and OOS test.

--- Window 13 Boundary Check ---
IS Period RTH Bars: 980. Start: 2020-10-05 14:30:00+00:00 | End: 2020-11-25 19:45:00+00:00
OOS Start Bar Index: 5948 | Time: 2020-11-25 20:00:00+00:00
ADF Test Result: p-value=0.1425 (Required < 0.10) | OLS Beta: 0.5060
Filter ON: Spread not stationary (p-value too high). Skipping optimization and OOS test.

--- Window 14 Boundary Check ---
IS Period RTH Bars: 980. Start: 2020-10-26 14:30:00+00:00 | End: 2020-12-18 15:45:00+00:00
OOS Start Bar Index: 6338 | Time: 2020-12-18 16:00:00+00:00
ADF Test Result: p-value=0.0814 (Required < 0.10) | OLS Beta: 0.5690
Filter OFF: Spread is stationary. Proceeding with optimization.
IS Optimization Time: 0.08 seconds.
Optimal Params (Sharpe=6.2940, Calmar=92.4060): Z_E=2.3, Z_X=1.5, Z_SL=3.9
📊 Persistence: Saved 124 PnL points to wfa_outputs\oos_equity_curve_RIO_VALE_15m_20251118_091625_0.1.csv
OOS Period (2020-12-18 16:00:00+00:00 to 2021-01-12 18:15:00+00:00): PnL: $-1.66 | Sharpe: -0.0305 | Calmar: -0.1485 | Trades: 4

--- Window 15 Boundary Check ---
IS Period RTH Bars: 980. Start: 2020-11-16 15:30:00+00:00 | End: 2021-01-12 18:15:00+00:00
OOS Start Bar Index: 6728 | Time: 2021-01-12 18:30:00+00:00
ADF Test Result: p-value=0.0654 (Required < 0.10) | OLS Beta: 0.6871
Filter OFF: Spread is stationary. Proceeding with optimization.
IS Optimization Time: 0.07 seconds.
Optimal Params (Sharpe=5.9459, Calmar=108.9036): Z_E=2.3, Z_X=1.5, Z_SL=3.9
📊 Persistence: Saved 125 PnL points to wfa_outputs\oos_equity_curve_RIO_VALE_15m_20251118_091625_0.1.csv
OOS Period (2021-01-12 18:30:00+00:00 to 2021-02-03 18:15:00+00:00): PnL: $146.80 | Sharpe: 4.1040 | Calmar: 0.0000 | Trades: 1

--- Window 16 Boundary Check ---
IS Period RTH Bars: 980. Start: 2020-12-08 18:00:00+00:00 | End: 2021-02-03 18:15:00+00:00
OOS Start Bar Index: 7118 | Time: 2021-02-03 18:30:00+00:00
ADF Test Result: p-value=0.2508 (Required < 0.10) | OLS Beta: 0.9184
Filter ON: Spread not stationary (p-value too high). Skipping optimization and OOS test.

--- Window 17 Boundary Check ---
IS Period RTH Bars: 980. Start: 2020-12-30 20:30:00+00:00 | End: 2021-02-25 18:15:00+00:00
OOS Start Bar Index: 7508 | Time: 2021-02-25 18:30:00+00:00
ADF Test Result: p-value=0.8279 (Required < 0.10) | OLS Beta: 0.9230
Filter ON: Spread not stationary (p-value too high). Skipping optimization and OOS test.

--- Window 18 Boundary Check ---
IS Period RTH Bars: 980. Start: 2021-01-22 20:30:00+00:00 | End: 2021-03-18 17:15:00+00:00
OOS Start Bar Index: 7898 | Time: 2021-03-18 17:30:00+00:00
ADF Test Result: p-value=0.6316 (Required < 0.10) | OLS Beta: 1.0849
Filter ON: Spread not stationary (p-value too high). Skipping optimization and OOS test.

--- Window 19 Boundary Check ---
IS Period RTH Bars: 980. Start: 2021-02-12 20:30:00+00:00 | End: 2021-04-09 17:15:00+00:00
OOS Start Bar Index: 8288 | Time: 2021-04-09 17:30:00+00:00
ADF Test Result: p-value=0.5807 (Required < 0.10) | OLS Beta: 0.0559
Filter ON: Spread not stationary (p-value too high). Skipping optimization and OOS test.

--- Window 20 Boundary Check ---
IS Period RTH Bars: 980. Start: 2021-03-08 20:30:00+00:00 | End: 2021-05-03 17:00:00+00:00
OOS Start Bar Index: 8678 | Time: 2021-05-03 17:15:00+00:00
ADF Test Result: p-value=0.0145 (Required < 0.10) | OLS Beta: 0.6236
Filter OFF: Spread is stationary. Proceeding with optimization.
IS Optimization Time: 0.06 seconds.
Optimal Params (Sharpe=3.0178, Calmar=0.0000): Z_E=3.3, Z_X=1.1, Z_SL=4.2
📊 Persistence: Saved 125 PnL points to wfa_outputs\oos_equity_curve_RIO_VALE_15m_20251118_091625_0.1.csv
OOS Period (2021-05-03 17:15:00+00:00 to 2021-05-24 17:00:00+00:00): PnL: $0.00 | Sharpe: 0.0000 | Calmar: 0.0000 | Trades: 0

--- Window 21 Boundary Check ---
IS Period RTH Bars: 980. Start: 2021-03-29 19:30:00+00:00 | End: 2021-05-24 17:00:00+00:00
OOS Start Bar Index: 9068 | Time: 2021-05-24 17:15:00+00:00
ADF Test Result: p-value=0.1411 (Required < 0.10) | OLS Beta: 0.7128
Filter ON: Spread not stationary (p-value too high). Skipping optimization and OOS test.

--- Window 22 Boundary Check ---
IS Period RTH Bars: 980. Start: 2021-04-21 19:15:00+00:00 | End: 2021-06-15 17:00:00+00:00
OOS Start Bar Index: 9458 | Time: 2021-06-15 17:15:00+00:00
ADF Test Result: p-value=0.5021 (Required < 0.10) | OLS Beta: 0.4133
Filter ON: Spread not stationary (p-value too high). Skipping optimization and OOS test.

--- Window 23 Boundary Check ---
IS Period RTH Bars: 980. Start: 2021-05-12 19:15:00+00:00 | End: 2021-07-07 17:00:00+00:00
OOS Start Bar Index: 9848 | Time: 2021-07-07 17:15:00+00:00
ADF Test Result: p-value=0.0860 (Required < 0.10) | OLS Beta: -0.0684
Filter OFF: Spread is stationary. Proceeding with optimization.
IS Optimization Time: 0.08 seconds.
Optimal Params (Sharpe=1.5270, Calmar=6.5726): Z_E=2.3, Z_X=0.3, Z_SL=3.6
📊 Persistence: Saved 126 PnL points to wfa_outputs\oos_equity_curve_RIO_VALE_15m_20251118_091625_0.1.csv
OOS Period (2021-07-07 17:15:00+00:00 to 2021-07-28 17:00:00+00:00): PnL: $653.95 | Sharpe: 4.1040 | Calmar: 0.0000 | Trades: 1

--- Window 24 Boundary Check ---
IS Period RTH Bars: 980. Start: 2021-06-03 19:15:00+00:00 | End: 2021-07-28 17:00:00+00:00
OOS Start Bar Index: 10238 | Time: 2021-07-28 17:15:00+00:00
ADF Test Result: p-value=0.1501 (Required < 0.10) | OLS Beta: 0.3052
Filter ON: Spread not stationary (p-value too high). Skipping optimization and OOS test.

--- Window 25 Boundary Check ---
IS Period RTH Bars: 980. Start: 2021-06-24 19:15:00+00:00 | End: 2021-08-18 17:00:00+00:00
OOS Start Bar Index: 10628 | Time: 2021-08-18 17:15:00+00:00
ADF Test Result: p-value=0.2285 (Required < 0.10) | OLS Beta: 0.1812
Filter ON: Spread not stationary (p-value too high). Skipping optimization and OOS test.

--- Window 26 Boundary Check ---
IS Period RTH Bars: 980. Start: 2021-07-16 19:15:00+00:00 | End: 2021-09-09 17:00:00+00:00
OOS Start Bar Index: 11018 | Time: 2021-09-09 17:15:00+00:00
ADF Test Result: p-value=0.1501 (Required < 0.10) | OLS Beta: 0.4304
Filter ON: Spread not stationary (p-value too high). Skipping optimization and OOS test.

--- Window 27 Boundary Check ---
IS Period RTH Bars: 980. Start: 2021-08-06 19:15:00+00:00 | End: 2021-09-30 17:00:00+00:00
OOS Start Bar Index: 11408 | Time: 2021-09-30 17:15:00+00:00
ADF Test Result: p-value=0.0079 (Required < 0.10) | OLS Beta: 0.6403
Filter OFF: Spread is stationary. Proceeding with optimization.
IS Optimization Time: 0.08 seconds.
Optimal Params (Sharpe=5.6659, Calmar=213.2987): Z_E=2.5, Z_X=0.9, Z_SL=3.3
📊 Persistence: Saved 181 PnL points to wfa_outputs\oos_equity_curve_RIO_VALE_15m_20251118_091625_0.1.csv
OOS Period (2021-09-30 17:15:00+00:00 to 2021-10-21 17:00:00+00:00): PnL: $-182.84 | Sharpe: -4.9590 | Calmar: -15.0131 | Trades: 55

--- Window 28 Boundary Check ---
IS Period RTH Bars: 980. Start: 2021-08-27 19:15:00+00:00 | End: 2021-10-21 17:00:00+00:00
OOS Start Bar Index: 11798 | Time: 2021-10-21 17:15:00+00:00
ADF Test Result: p-value=0.1315 (Required < 0.10) | OLS Beta: 0.5753
Filter ON: Spread not stationary (p-value too high). Skipping optimization and OOS test.

--- Window 29 Boundary Check ---
IS Period RTH Bars: 980. Start: 2021-09-20 19:15:00+00:00 | End: 2021-11-12 17:45:00+00:00
OOS Start Bar Index: 12188 | Time: 2021-11-12 18:00:00+00:00
ADF Test Result: p-value=0.1062 (Required < 0.10) | OLS Beta: 0.5682
Filter ON: Spread not stationary (p-value too high). Skipping optimization and OOS test.

--- Window 30 Boundary Check ---
IS Period RTH Bars: 980. Start: 2021-10-11 19:15:00+00:00 | End: 2021-12-06 20:45:00+00:00
OOS Start Bar Index: 12578 | Time: 2021-12-07 14:30:00+00:00
ADF Test Result: p-value=0.2581 (Required < 0.10) | OLS Beta: 0.6622
Filter ON: Spread not stationary (p-value too high). Skipping optimization and OOS test.

--- Window 31 Boundary Check ---
IS Period RTH Bars: 980. Start: 2021-11-02 19:00:00+00:00 | End: 2021-12-28 20:45:00+00:00
OOS Start Bar Index: 12968 | Time: 2021-12-29 14:30:00+00:00
ADF Test Result: p-value=0.0144 (Required < 0.10) | OLS Beta: 0.4165
Filter OFF: Spread is stationary. Proceeding with optimization.
IS Optimization Time: 0.08 seconds.
Optimal Params (Sharpe=4.9122, Calmar=94.0608): Z_E=3.1, Z_X=1.5, Z_SL=3.3
📊 Persistence: Saved 323 PnL points to wfa_outputs\oos_equity_curve_RIO_VALE_15m_20251118_091625_0.1.csv
OOS Period (2021-12-29 14:30:00+00:00 to 2022-01-19 20:45:00+00:00): PnL: $143.10 | Sharpe: 3.8256 | Calmar: 24.1148 | Trades: 142

--- Window 32 Boundary Check ---
IS Period RTH Bars: 980. Start: 2021-11-23 20:00:00+00:00 | End: 2022-01-19 20:45:00+00:00
OOS Start Bar Index: 13358 | Time: 2022-01-20 14:30:00+00:00
ADF Test Result: p-value=0.2107 (Required < 0.10) | OLS Beta: 0.9166
Filter ON: Spread not stationary (p-value too high). Skipping optimization and OOS test.

--- Window 33 Boundary Check ---
IS Period RTH Bars: 980. Start: 2021-12-16 16:30:00+00:00 | End: 2022-02-10 20:30:00+00:00
OOS Start Bar Index: 13748 | Time: 2022-02-10 20:45:00+00:00
ADF Test Result: p-value=0.4787 (Required < 0.10) | OLS Beta: 0.7386
Filter ON: Spread not stationary (p-value too high). Skipping optimization and OOS test.

--- Window 34 Boundary Check ---
IS Period RTH Bars: 980. Start: 2022-01-07 16:30:00+00:00 | End: 2022-03-04 20:30:00+00:00
OOS Start Bar Index: 14138 | Time: 2022-03-04 20:45:00+00:00
ADF Test Result: p-value=0.0545 (Required < 0.10) | OLS Beta: 0.4269
Filter OFF: Spread is stationary. Proceeding with optimization.
IS Optimization Time: 0.07 seconds.
Optimal Params (Sharpe=7.1741, Calmar=204.7785): Z_E=2.1, Z_X=1.5, Z_SL=3.6
📊 Persistence: Saved 352 PnL points to wfa_outputs\oos_equity_curve_RIO_VALE_15m_20251118_091625_0.1.csv
OOS Period (2022-03-04 20:45:00+00:00 to 2022-03-28 19:30:00+00:00): PnL: $-188.72 | Sharpe: -2.5317 | Calmar: -6.8884 | Trades: 29

--- Window 35 Boundary Check ---
IS Period RTH Bars: 980. Start: 2022-02-01 16:15:00+00:00 | End: 2022-03-28 19:30:00+00:00
OOS Start Bar Index: 14528 | Time: 2022-03-28 19:45:00+00:00
ADF Test Result: p-value=0.2400 (Required < 0.10) | OLS Beta: 0.3797
Filter ON: Spread not stationary (p-value too high). Skipping optimization and OOS test.

--- Window 36 Boundary Check ---
IS Period RTH Bars: 980. Start: 2022-02-23 16:15:00+00:00 | End: 2022-04-19 19:30:00+00:00
OOS Start Bar Index: 14918 | Time: 2022-04-19 19:45:00+00:00
ADF Test Result: p-value=0.6963 (Required < 0.10) | OLS Beta: 0.6462
Filter ON: Spread not stationary (p-value too high). Skipping optimization and OOS test.

--- Window 37 Boundary Check ---
IS Period RTH Bars: 980. Start: 2022-03-17 15:15:00+00:00 | End: 2022-05-10 19:30:00+00:00
OOS Start Bar Index: 15308 | Time: 2022-05-10 19:45:00+00:00
ADF Test Result: p-value=0.2276 (Required < 0.10) | OLS Beta: 0.6217
Filter ON: Spread not stationary (p-value too high). Skipping optimization and OOS test.

--- Window 38 Boundary Check ---
IS Period RTH Bars: 980. Start: 2022-04-07 15:15:00+00:00 | End: 2022-06-01 19:30:00+00:00
OOS Start Bar Index: 15698 | Time: 2022-06-01 19:45:00+00:00
ADF Test Result: p-value=0.5114 (Required < 0.10) | OLS Beta: 0.7602
Filter ON: Spread not stationary (p-value too high). Skipping optimization and OOS test.

--- Window 39 Boundary Check ---
IS Period RTH Bars: 980. Start: 2022-04-29 15:15:00+00:00 | End: 2022-06-23 19:30:00+00:00
OOS Start Bar Index: 16088 | Time: 2022-06-23 19:45:00+00:00
ADF Test Result: p-value=0.0646 (Required < 0.10) | OLS Beta: 0.7172
Filter OFF: Spread is stationary. Proceeding with optimization.
IS Optimization Time: 0.08 seconds.
Optimal Params (Sharpe=4.4546, Calmar=0.0000): Z_E=2.9, Z_X=0.9, Z_SL=4.5
📊 Persistence: Saved 354 PnL points to wfa_outputs\oos_equity_curve_RIO_VALE_15m_20251118_091625_0.1.csv
OOS Period (2022-06-23 19:45:00+00:00 to 2022-07-15 19:30:00+00:00): PnL: $96.82 | Sharpe: 2.3719 | Calmar: 29.1037 | Trades: 2

--- Window 40 Boundary Check ---
IS Period RTH Bars: 980. Start: 2022-05-20 15:15:00+00:00 | End: 2022-07-15 19:30:00+00:00
OOS Start Bar Index: 16478 | Time: 2022-07-15 19:45:00+00:00
ADF Test Result: p-value=0.2384 (Required < 0.10) | OLS Beta: 0.8619
Filter ON: Spread not stationary (p-value too high). Skipping optimization and OOS test.

--- Window 41 Boundary Check ---
IS Period RTH Bars: 980. Start: 2022-06-13 15:15:00+00:00 | End: 2022-08-05 19:30:00+00:00
OOS Start Bar Index: 16868 | Time: 2022-08-05 19:45:00+00:00
ADF Test Result: p-value=0.4254 (Required < 0.10) | OLS Beta: 0.7010
Filter ON: Spread not stationary (p-value too high). Skipping optimization and OOS test.

--- Window 42 Boundary Check ---
IS Period RTH Bars: 980. Start: 2022-07-06 15:15:00+00:00 | End: 2022-08-26 19:30:00+00:00
OOS Start Bar Index: 17258 | Time: 2022-08-26 19:45:00+00:00
ADF Test Result: p-value=0.1278 (Required < 0.10) | OLS Beta: 0.6486
Filter ON: Spread not stationary (p-value too high). Skipping optimization and OOS test.

--- Window 43 Boundary Check ---
IS Period RTH Bars: 980. Start: 2022-07-27 15:15:00+00:00 | End: 2022-09-19 19:30:00+00:00
OOS Start Bar Index: 17648 | Time: 2022-09-19 19:45:00+00:00
ADF Test Result: p-value=0.7478 (Required < 0.10) | OLS Beta: 0.6710
Filter ON: Spread not stationary (p-value too high). Skipping optimization and OOS test.

--- Window 44 Boundary Check ---
IS Period RTH Bars: 980. Start: 2022-08-17 15:15:00+00:00 | End: 2022-10-10 19:30:00+00:00
OOS Start Bar Index: 18038 | Time: 2022-10-10 19:45:00+00:00
ADF Test Result: p-value=0.3951 (Required < 0.10) | OLS Beta: 0.4060
Filter ON: Spread not stationary (p-value too high). Skipping optimization and OOS test.

--- Window 45 Boundary Check ---
IS Period RTH Bars: 980. Start: 2022-09-08 15:15:00+00:00 | End: 2022-10-31 19:30:00+00:00
OOS Start Bar Index: 18428 | Time: 2022-10-31 19:45:00+00:00
ADF Test Result: p-value=0.1403 (Required < 0.10) | OLS Beta: 0.5034
Filter ON: Spread not stationary (p-value too high). Skipping optimization and OOS test.

--- Window 46 Boundary Check ---
IS Period RTH Bars: 980. Start: 2022-09-29 15:15:00+00:00 | End: 2022-11-21 20:30:00+00:00
OOS Start Bar Index: 18818 | Time: 2022-11-21 20:45:00+00:00
ADF Test Result: p-value=0.0918 (Required < 0.10) | OLS Beta: 1.0079
Filter OFF: Spread is stationary. Proceeding with optimization.
IS Optimization Time: 0.07 seconds.
Optimal Params (Sharpe=6.5690, Calmar=166.9163): Z_E=1.9, Z_X=1.1, Z_SL=3.6
📊 Persistence: Saved 356 PnL points to wfa_outputs\oos_equity_curve_RIO_VALE_15m_20251118_091625_0.1.csv
OOS Period (2022-11-21 20:45:00+00:00 to 2022-12-14 16:45:00+00:00): PnL: $99.08 | Sharpe: 3.4318 | Calmar: 94.8972 | Trades: 2

--- Window 47 Boundary Check ---
IS Period RTH Bars: 980. Start: 2022-10-20 15:15:00+00:00 | End: 2022-12-14 16:45:00+00:00
OOS Start Bar Index: 19208 | Time: 2022-12-14 17:00:00+00:00
ADF Test Result: p-value=0.0135 (Required < 0.10) | OLS Beta: 1.1729
Filter OFF: Spread is stationary. Proceeding with optimization.
IS Optimization Time: 0.08 seconds.
Optimal Params (Sharpe=5.6520, Calmar=103.6464): Z_E=2.1, Z_X=1.3, Z_SL=3.6
📊 Persistence: Saved 356 PnL points to wfa_outputs\oos_equity_curve_RIO_VALE_15m_20251118_091625_0.1.csv
OOS Period (2022-12-14 17:00:00+00:00 to 2023-01-06 16:45:00+00:00): PnL: $0.00 | Sharpe: 0.0000 | Calmar: 0.0000 | Trades: 0

--- Window 48 Boundary Check ---
IS Period RTH Bars: 980. Start: 2022-11-10 16:15:00+00:00 | End: 2023-01-06 16:45:00+00:00
OOS Start Bar Index: 19598 | Time: 2023-01-06 17:00:00+00:00
ADF Test Result: p-value=0.0882 (Required < 0.10) | OLS Beta: 0.8466
Filter OFF: Spread is stationary. Proceeding with optimization.
IS Optimization Time: 0.09 seconds.
Optimal Params (Sharpe=2.1890, Calmar=10.0505): Z_E=2.5, Z_X=0.5, Z_SL=3.3
📊 Persistence: Saved 356 PnL points to wfa_outputs\oos_equity_curve_RIO_VALE_15m_20251118_091625_0.1.csv
OOS Period (2023-01-06 17:00:00+00:00 to 2023-01-30 16:45:00+00:00): PnL: $0.00 | Sharpe: 0.0000 | Calmar: 0.0000 | Trades: 0

--- Window 49 Boundary Check ---
IS Period RTH Bars: 980. Start: 2022-12-02 19:00:00+00:00 | End: 2023-01-30 16:45:00+00:00
OOS Start Bar Index: 19988 | Time: 2023-01-30 17:00:00+00:00
ADF Test Result: p-value=0.0247 (Required < 0.10) | OLS Beta: 0.8613
Filter OFF: Spread is stationary. Proceeding with optimization.
IS Optimization Time: 0.08 seconds.
Optimal Params (Sharpe=1.2555, Calmar=3.5532): Z_E=2.1, Z_X=1.5, Z_SL=3.9
📊 Persistence: Saved 359 PnL points to wfa_outputs\oos_equity_curve_RIO_VALE_15m_20251118_091625_0.1.csv
OOS Period (2023-01-30 17:00:00+00:00 to 2023-02-21 16:45:00+00:00): PnL: $91.14 | Sharpe: 4.8770 | Calmar: 138.5108 | Trades: 3

--- Window 50 Boundary Check ---
IS Period RTH Bars: 980. Start: 2022-12-23 19:00:00+00:00 | End: 2023-02-21 16:45:00+00:00
OOS Start Bar Index: 20378 | Time: 2023-02-21 17:00:00+00:00
ADF Test Result: p-value=0.1578 (Required < 0.10) | OLS Beta: 0.7585
Filter ON: Spread not stationary (p-value too high). Skipping optimization and OOS test.

--- Window 51 Boundary Check ---
IS Period RTH Bars: 980. Start: 2023-01-18 19:00:00+00:00 | End: 2023-03-14 15:45:00+00:00
OOS Start Bar Index: 20768 | Time: 2023-03-14 16:00:00+00:00
ADF Test Result: p-value=0.0599 (Required < 0.10) | OLS Beta: 0.8461
Filter OFF: Spread is stationary. Proceeding with optimization.
IS Optimization Time: 0.07 seconds.
Optimal Params (Sharpe=6.4936, Calmar=123.5912): Z_E=2.1, Z_X=1.5, Z_SL=4.5
📊 Persistence: Saved 361 PnL points to wfa_outputs\oos_equity_curve_RIO_VALE_15m_20251118_091625_0.1.csv
OOS Period (2023-03-14 16:00:00+00:00 to 2023-04-04 15:45:00+00:00): PnL: $77.68 | Sharpe: 5.7481 | Calmar: 0.0000 | Trades: 2

--- Window 52 Boundary Check ---
IS Period RTH Bars: 980. Start: 2023-02-08 19:00:00+00:00 | End: 2023-04-04 15:45:00+00:00
OOS Start Bar Index: 21158 | Time: 2023-04-04 16:00:00+00:00
ADF Test Result: p-value=0.1683 (Required < 0.10) | OLS Beta: 1.0502
Filter ON: Spread not stationary (p-value too high). Skipping optimization and OOS test.

--- Window 53 Boundary Check ---
IS Period RTH Bars: 980. Start: 2023-03-02 19:00:00+00:00 | End: 2023-04-26 15:45:00+00:00
OOS Start Bar Index: 21548 | Time: 2023-04-26 16:00:00+00:00
ADF Test Result: p-value=0.3388 (Required < 0.10) | OLS Beta: 0.6004
Filter ON: Spread not stationary (p-value too high). Skipping optimization and OOS test.

--- Window 54 Boundary Check ---
IS Period RTH Bars: 980. Start: 2023-03-23 18:00:00+00:00 | End: 2023-05-17 15:45:00+00:00
OOS Start Bar Index: 21938 | Time: 2023-05-17 16:00:00+00:00
ADF Test Result: p-value=0.1132 (Required < 0.10) | OLS Beta: 0.6709
Filter ON: Spread not stationary (p-value too high). Skipping optimization and OOS test.

--- Window 55 Boundary Check ---
IS Period RTH Bars: 980. Start: 2023-04-14 18:00:00+00:00 | End: 2023-06-08 15:45:00+00:00
OOS Start Bar Index: 22328 | Time: 2023-06-08 16:00:00+00:00
ADF Test Result: p-value=0.0950 (Required < 0.10) | OLS Beta: 0.7535
Filter OFF: Spread is stationary. Proceeding with optimization.
IS Optimization Time: 0.06 seconds.
Optimal Params (Sharpe=4.7158, Calmar=0.0000): Z_E=2.9, Z_X=0.7, Z_SL=3.3
📊 Persistence: Saved 387 PnL points to wfa_outputs\oos_equity_curve_RIO_VALE_15m_20251118_091625_0.1.csv
OOS Period (2023-06-08 16:00:00+00:00 to 2023-06-30 15:45:00+00:00): PnL: $44.74 | Sharpe: 2.1487 | Calmar: 8.0594 | Trades: 26

--- Window 56 Boundary Check ---
IS Period RTH Bars: 980. Start: 2023-05-05 18:00:00+00:00 | End: 2023-06-30 15:45:00+00:00
OOS Start Bar Index: 22718 | Time: 2023-06-30 16:00:00+00:00
ADF Test Result: p-value=0.5883 (Required < 0.10) | OLS Beta: 0.8699
Filter ON: Spread not stationary (p-value too high). Skipping optimization and OOS test.

--- Window 57 Boundary Check ---
IS Period RTH Bars: 980. Start: 2023-05-26 18:00:00+00:00 | End: 2023-07-24 18:15:00+00:00
OOS Start Bar Index: 23108 | Time: 2023-07-24 18:30:00+00:00
ADF Test Result: p-value=0.1080 (Required < 0.10) | OLS Beta: 0.9359
Filter ON: Spread not stationary (p-value too high). Skipping optimization and OOS test.

--- Window 58 Boundary Check ---
IS Period RTH Bars: 980. Start: 2023-06-20 18:00:00+00:00 | End: 2023-08-14 18:15:00+00:00
OOS Start Bar Index: 23498 | Time: 2023-08-14 18:30:00+00:00
ADF Test Result: p-value=0.1804 (Required < 0.10) | OLS Beta: 0.7242
Filter ON: Spread not stationary (p-value too high). Skipping optimization and OOS test.

--- Window 59 Boundary Check ---
IS Period RTH Bars: 980. Start: 2023-07-13 14:00:00+00:00 | End: 2023-09-05 18:15:00+00:00
OOS Start Bar Index: 23888 | Time: 2023-09-05 18:30:00+00:00
ADF Test Result: p-value=0.0232 (Required < 0.10) | OLS Beta: 0.6993
Filter OFF: Spread is stationary. Proceeding with optimization.
IS Optimization Time: 0.09 seconds.
Optimal Params (Sharpe=5.4039, Calmar=52.4714): Z_E=1.9, Z_X=0.5, Z_SL=4.5
📊 Persistence: Saved 388 PnL points to wfa_outputs\oos_equity_curve_RIO_VALE_15m_20251118_091625_0.1.csv
OOS Period (2023-09-05 18:30:00+00:00 to 2023-09-26 18:15:00+00:00): PnL: $103.99 | Sharpe: 4.1040 | Calmar: 0.0000 | Trades: 1

--- Window 60 Boundary Check ---
IS Period RTH Bars: 980. Start: 2023-08-03 14:00:00+00:00 | End: 2023-09-26 18:15:00+00:00
OOS Start Bar Index: 24278 | Time: 2023-09-26 18:30:00+00:00
ADF Test Result: p-value=0.0075 (Required < 0.10) | OLS Beta: 0.6749
Filter OFF: Spread is stationary. Proceeding with optimization.
IS Optimization Time: 0.07 seconds.
Optimal Params (Sharpe=7.9594, Calmar=0.0000): Z_E=2.1, Z_X=1.3, Z_SL=3.3
📊 Persistence: Saved 420 PnL points to wfa_outputs\oos_equity_curve_RIO_VALE_15m_20251118_091625_0.1.csv
OOS Period (2023-09-26 18:30:00+00:00 to 2023-10-17 18:15:00+00:00): PnL: $-11.70 | Sharpe: -0.3457 | Calmar: -1.9685 | Trades: 32

--- Window 61 Boundary Check ---
IS Period RTH Bars: 980. Start: 2023-08-24 14:00:00+00:00 | End: 2023-10-17 18:15:00+00:00
OOS Start Bar Index: 24668 | Time: 2023-10-17 18:30:00+00:00
ADF Test Result: p-value=0.0807 (Required < 0.10) | OLS Beta: 0.6220
Filter OFF: Spread is stationary. Proceeding with optimization.
IS Optimization Time: 0.07 seconds.
Optimal Params (Sharpe=6.8614, Calmar=0.0000): Z_E=2.1, Z_X=0.3, Z_SL=4.2
📊 Persistence: Saved 422 PnL points to wfa_outputs\oos_equity_curve_RIO_VALE_15m_20251118_091625_0.1.csv
OOS Period (2023-10-17 18:30:00+00:00 to 2023-11-07 19:30:00+00:00): PnL: $291.43 | Sharpe: 5.6885 | Calmar: 0.0000 | Trades: 2

--- Window 62 Boundary Check ---
IS Period RTH Bars: 980. Start: 2023-09-15 14:00:00+00:00 | End: 2023-11-07 19:30:00+00:00
OOS Start Bar Index: 25058 | Time: 2023-11-07 19:45:00+00:00
ADF Test Result: p-value=0.0389 (Required < 0.10) | OLS Beta: 0.5702
Filter OFF: Spread is stationary. Proceeding with optimization.
IS Optimization Time: 0.08 seconds.
Optimal Params (Sharpe=3.0544, Calmar=56.3040): Z_E=3.3, Z_X=0.3, Z_SL=3.9
📊 Persistence: Saved 422 PnL points to wfa_outputs\oos_equity_curve_RIO_VALE_15m_20251118_091625_0.1.csv
OOS Period (2023-11-07 19:45:00+00:00 to 2023-11-30 15:45:00+00:00): PnL: $0.00 | Sharpe: 0.0000 | Calmar: 0.0000 | Trades: 0

--- Window 63 Boundary Check ---
IS Period RTH Bars: 980. Start: 2023-10-06 14:00:00+00:00 | End: 2023-11-30 15:45:00+00:00
OOS Start Bar Index: 25448 | Time: 2023-11-30 16:00:00+00:00
ADF Test Result: p-value=0.0373 (Required < 0.10) | OLS Beta: 0.5589
Filter OFF: Spread is stationary. Proceeding with optimization.
IS Optimization Time: 0.07 seconds.
Optimal Params (Sharpe=3.2616, Calmar=15.3860): Z_E=1.9, Z_X=0.3, Z_SL=3.9
📊 Persistence: Saved 488 PnL points to wfa_outputs\oos_equity_curve_RIO_VALE_15m_20251118_091625_0.1.csv
OOS Period (2023-11-30 16:00:00+00:00 to 2023-12-21 15:45:00+00:00): PnL: $-206.91 | Sharpe: -5.6749 | Calmar: -10.6711 | Trades: 66

--- Window 64 Boundary Check ---
IS Period RTH Bars: 980. Start: 2023-10-27 14:15:00+00:00 | End: 2023-12-21 15:45:00+00:00
OOS Start Bar Index: 25838 | Time: 2023-12-21 16:00:00+00:00
ADF Test Result: p-value=0.3584 (Required < 0.10) | OLS Beta: 0.8394
Filter ON: Spread not stationary (p-value too high). Skipping optimization and OOS test.

--- Window 65 Boundary Check ---
IS Period RTH Bars: 980. Start: 2023-11-17 15:15:00+00:00 | End: 2024-01-16 15:45:00+00:00
OOS Start Bar Index: 26228 | Time: 2024-01-16 16:00:00+00:00
ADF Test Result: p-value=0.4360 (Required < 0.10) | OLS Beta: 0.8989
Filter ON: Spread not stationary (p-value too high). Skipping optimization and OOS test.

--- Window 66 Boundary Check ---
IS Period RTH Bars: 980. Start: 2023-12-11 18:00:00+00:00 | End: 2024-02-06 15:45:00+00:00
OOS Start Bar Index: 26618 | Time: 2024-02-06 16:00:00+00:00
ADF Test Result: p-value=0.0876 (Required < 0.10) | OLS Beta: 0.5107
Filter OFF: Spread is stationary. Proceeding with optimization.
IS Optimization Time: 0.07 seconds.
Optimal Params (Sharpe=7.4250, Calmar=117.2380): Z_E=1.9, Z_X=1.5, Z_SL=3.6
📊 Persistence: Saved 504 PnL points to wfa_outputs\oos_equity_curve_RIO_VALE_15m_20251118_091625_0.1.csv
OOS Period (2024-02-06 16:00:00+00:00 to 2024-02-28 15:45:00+00:00): PnL: $-111.37 | Sharpe: -3.2994 | Calmar: -11.1672 | Trades: 16

--- Window 67 Boundary Check ---
IS Period RTH Bars: 980. Start: 2024-01-03 18:00:00+00:00 | End: 2024-02-28 15:45:00+00:00
OOS Start Bar Index: 27008 | Time: 2024-02-28 16:00:00+00:00
ADF Test Result: p-value=0.8853 (Required < 0.10) | OLS Beta: 0.5503
Filter ON: Spread not stationary (p-value too high). Skipping optimization and OOS test.

--- Window 68 Boundary Check ---
IS Period RTH Bars: 980. Start: 2024-01-25 18:00:00+00:00 | End: 2024-03-20 14:45:00+00:00
OOS Start Bar Index: 27398 | Time: 2024-03-20 15:00:00+00:00
ADF Test Result: p-value=0.6091 (Required < 0.10) | OLS Beta: 0.6754
Filter ON: Spread not stationary (p-value too high). Skipping optimization and OOS test.

--- Window 69 Boundary Check ---
IS Period RTH Bars: 980. Start: 2024-02-15 18:00:00+00:00 | End: 2024-04-11 14:45:00+00:00
OOS Start Bar Index: 27788 | Time: 2024-04-11 15:00:00+00:00
ADF Test Result: p-value=0.1125 (Required < 0.10) | OLS Beta: -0.0561
Filter ON: Spread not stationary (p-value too high). Skipping optimization and OOS test.

--- Window 70 Boundary Check ---
IS Period RTH Bars: 980. Start: 2024-03-08 18:00:00+00:00 | End: 2024-05-02 14:45:00+00:00
OOS Start Bar Index: 28178 | Time: 2024-05-02 15:00:00+00:00
ADF Test Result: p-value=0.6060 (Required < 0.10) | OLS Beta: 0.1311
Filter ON: Spread not stationary (p-value too high). Skipping optimization and OOS test.

--- Window 71 Boundary Check ---
IS Period RTH Bars: 980. Start: 2024-04-01 17:00:00+00:00 | End: 2024-05-23 14:45:00+00:00
OOS Start Bar Index: 28568 | Time: 2024-05-23 15:00:00+00:00
ADF Test Result: p-value=0.2103 (Required < 0.10) | OLS Beta: 1.2245
Filter ON: Spread not stationary (p-value too high). Skipping optimization and OOS test.

--- Window 72 Boundary Check ---
IS Period RTH Bars: 980. Start: 2024-04-22 17:00:00+00:00 | End: 2024-06-14 14:45:00+00:00
OOS Start Bar Index: 28958 | Time: 2024-06-14 15:00:00+00:00
ADF Test Result: p-value=0.2240 (Required < 0.10) | OLS Beta: 0.4611
Filter ON: Spread not stationary (p-value too high). Skipping optimization and OOS test.

--- Window 73 Boundary Check ---
IS Period RTH Bars: 980. Start: 2024-05-13 17:00:00+00:00 | End: 2024-07-09 17:00:00+00:00
OOS Start Bar Index: 29348 | Time: 2024-07-09 17:15:00+00:00
ADF Test Result: p-value=0.0054 (Required < 0.10) | OLS Beta: 0.6270
Filter OFF: Spread is stationary. Proceeding with optimization.
IS Optimization Time: 0.07 seconds.
Optimal Params (Sharpe=8.4202, Calmar=520.8583): Z_E=1.9, Z_X=1.5, Z_SL=3.6
📊 Persistence: Saved 510 PnL points to wfa_outputs\oos_equity_curve_RIO_VALE_15m_20251118_091625_0.1.csv
OOS Period (2024-07-09 17:15:00+00:00 to 2024-07-30 17:00:00+00:00): PnL: $215.56 | Sharpe: 4.9266 | Calmar: 64.2863 | Trades: 6

--- Window 74 Boundary Check ---
IS Period RTH Bars: 980. Start: 2024-06-04 17:00:00+00:00 | End: 2024-07-30 17:00:00+00:00
OOS Start Bar Index: 29738 | Time: 2024-07-30 17:15:00+00:00
ADF Test Result: p-value=0.0392 (Required < 0.10) | OLS Beta: 0.8595
Filter OFF: Spread is stationary. Proceeding with optimization.
IS Optimization Time: 0.08 seconds.
Optimal Params (Sharpe=5.6196, Calmar=100.7905): Z_E=2.1, Z_X=0.5, Z_SL=3.9
📊 Persistence: Saved 511 PnL points to wfa_outputs\oos_equity_curve_RIO_VALE_15m_20251118_091625_0.1.csv
OOS Period (2024-07-30 17:15:00+00:00 to 2024-08-20 17:00:00+00:00): PnL: $114.11 | Sharpe: 4.1040 | Calmar: 0.0000 | Trades: 1

--- Window 75 Boundary Check ---
IS Period RTH Bars: 980. Start: 2024-06-26 17:00:00+00:00 | End: 2024-08-20 17:00:00+00:00
OOS Start Bar Index: 30128 | Time: 2024-08-20 17:15:00+00:00
ADF Test Result: p-value=0.0124 (Required < 0.10) | OLS Beta: 0.7053
Filter OFF: Spread is stationary. Proceeding with optimization.
IS Optimization Time: 0.07 seconds.
Optimal Params (Sharpe=4.1940, Calmar=60.7345): Z_E=2.1, Z_X=0.3, Z_SL=3.6
📊 Persistence: Saved 512 PnL points to wfa_outputs\oos_equity_curve_RIO_VALE_15m_20251118_091625_0.1.csv
OOS Period (2024-08-20 17:15:00+00:00 to 2024-09-11 17:00:00+00:00): PnL: $49.30 | Sharpe: 4.1040 | Calmar: 0.0000 | Trades: 1

--- Window 76 Boundary Check ---
IS Period RTH Bars: 980. Start: 2024-07-18 19:15:00+00:00 | End: 2024-09-11 17:00:00+00:00
OOS Start Bar Index: 30518 | Time: 2024-09-11 17:15:00+00:00
ADF Test Result: p-value=0.0512 (Required < 0.10) | OLS Beta: 0.7217
Filter OFF: Spread is stationary. Proceeding with optimization.
IS Optimization Time: 0.07 seconds.
Optimal Params (Sharpe=5.4164, Calmar=101.5636): Z_E=1.9, Z_X=0.3, Z_SL=3.3
📊 Persistence: Saved 607 PnL points to wfa_outputs\oos_equity_curve_RIO_VALE_15m_20251118_091625_0.1.csv
OOS Period (2024-09-11 17:15:00+00:00 to 2024-10-02 17:00:00+00:00): PnL: $-273.73 | Sharpe: -7.8259 | Calmar: -13.8988 | Trades: 95

--- Window 77 Boundary Check ---
IS Period RTH Bars: 980. Start: 2024-08-08 19:15:00+00:00 | End: 2024-10-02 17:00:00+00:00
OOS Start Bar Index: 30908 | Time: 2024-10-02 17:15:00+00:00
ADF Test Result: p-value=0.0335 (Required < 0.10) | OLS Beta: 1.0431
Filter OFF: Spread is stationary. Proceeding with optimization.
IS Optimization Time: 0.08 seconds.
Optimal Params (Sharpe=6.4258, Calmar=0.0000): Z_E=1.9, Z_X=0.3, Z_SL=3.9
📊 Persistence: Saved 610 PnL points to wfa_outputs\oos_equity_curve_RIO_VALE_15m_20251118_091625_0.1.csv
OOS Period (2024-10-02 17:15:00+00:00 to 2024-10-23 17:00:00+00:00): PnL: $139.90 | Sharpe: 3.7471 | Calmar: 46.6414 | Trades: 3

--- Window 78 Boundary Check ---
IS Period RTH Bars: 980. Start: 2024-08-29 19:15:00+00:00 | End: 2024-10-23 17:00:00+00:00
OOS Start Bar Index: 31298 | Time: 2024-10-23 17:15:00+00:00
ADF Test Result: p-value=0.1820 (Required < 0.10) | OLS Beta: 1.0456
Filter ON: Spread not stationary (p-value too high). Skipping optimization and OOS test.

--- Window 79 Boundary Check ---
IS Period RTH Bars: 980. Start: 2024-09-20 19:15:00+00:00 | End: 2024-11-13 18:30:00+00:00
OOS Start Bar Index: 31688 | Time: 2024-11-13 18:45:00+00:00
ADF Test Result: p-value=0.0002 (Required < 0.10) | OLS Beta: 0.8499
Filter OFF: Spread is stationary. Proceeding with optimization.
IS Optimization Time: 0.08 seconds.
Optimal Params (Sharpe=7.2547, Calmar=83.9968): Z_E=1.9, Z_X=0.7, Z_SL=3.6
📊 Persistence: Saved 670 PnL points to wfa_outputs\oos_equity_curve_RIO_VALE_15m_20251118_091625_0.1.csv
OOS Period (2024-11-13 18:45:00+00:00 to 2024-12-05 20:45:00+00:00): PnL: $-341.98 | Sharpe: -7.4488 | Calmar: -12.6266 | Trades: 60

--- Window 80 Boundary Check ---
IS Period RTH Bars: 980. Start: 2024-10-11 19:15:00+00:00 | End: 2024-12-05 20:45:00+00:00
OOS Start Bar Index: 32078 | Time: 2024-12-06 14:30:00+00:00
ADF Test Result: p-value=0.4969 (Required < 0.10) | OLS Beta: 0.5585
Filter ON: Spread not stationary (p-value too high). Skipping optimization and OOS test.

############################################################
📈 OVERALL SIMULATION PERFORMANCE (Walk-Forward Test)
############################################################
Timeframe Used: 1Min, Value: 15
ADF Cointegration Filter Threshold: 0.1
Total OOS Windows Tested: 80
Total Trades Executed: 670
--- Final Performance Metrics ---
Total PnL: $1,451.51
Overall Sharpe Ratio (Annualized): 0.2446
Overall Calmar Ratio (Annualized): 0.1027
Maximum Dollar Drawdown (MDD): $523.95

--- Execution Time ---
Total Elapsed Time: 47.84 seconds
############################################################
[0m