--- Dynamic Timeframe Configuration ---
TimeFrame Selected: 1Min, Value: 1
Bars per Trading Day: 390
Annualization Factor (Bars/Year): 98280
Statistical Lookback Bars: 2184
Optimization Lookback Bars: 19032
---------------------------------------
--- Diagnostic Check ---
API Key ID Length: 26
API Secret Key Length: 44
StockHistoricalDataClient initialized successfully. Starting data fetch...
--------------------------
Pre-compiling Numba function for first run optimization...
Numba pre-compilation complete.
Fetching data from 2020-01-08 to 2025-01-06...
Fetching 1Min data for AMH...
Fetching 1Min data for PLD...
Data acquired successfully. Total 1Min RTH bars: 473068
Skipping full pre-calculation. Metrics will be calculated inside the WFA loop.

============================================================
📈 Starting Rolling Backtest: IS Optimization Window=19032 bars, Shift=15 days
   Data already processed with Statistical Rolling Window: 2184 bars
   ADF Cointegration Filter: p-value < 0.05
============================================================

--- Window 1 Boundary Check ---
IS Period RTH Bars: 14666. Start: 2020-01-24 19:36:00+00:00 | End: 2020-03-20 16:43:00+00:00
OOS Start Bar Index: 19032 | Time: 2020-03-20 16:44:00+00:00
ADF Test Result: p-value=0.8300 (Required < 0.05) | OLS Beta: 0.4673
Filter ON: Spread not stationary (p-value too high). Skipping optimization and OOS test.

--- Window 2 Boundary Check ---
IS Period RTH Bars: 14666. Start: 2020-02-18 18:11:00+00:00 | End: 2020-04-13 17:08:00+00:00
OOS Start Bar Index: 24882 | Time: 2020-04-13 17:09:00+00:00
ADF Test Result: p-value=0.6378 (Required < 0.05) | OLS Beta: 0.7833
Filter ON: Spread not stationary (p-value too high). Skipping optimization and OOS test.

--- Window 3 Boundary Check ---
IS Period RTH Bars: 14666. Start: 2020-03-10 18:12:00+00:00 | End: 2020-05-04 18:05:00+00:00
OOS Start Bar Index: 30732 | Time: 2020-05-04 18:06:00+00:00
ADF Test Result: p-value=0.0662 (Required < 0.05) | OLS Beta: 0.3368
Filter ON: Spread not stationary (p-value too high). Skipping optimization and OOS test.

--- Window 4 Boundary Check ---
IS Period RTH Bars: 14666. Start: 2020-03-31 19:26:00+00:00 | End: 2020-05-26 18:49:00+00:00
OOS Start Bar Index: 36582 | Time: 2020-05-26 18:50:00+00:00
ADF Test Result: p-value=0.0692 (Required < 0.05) | OLS Beta: 0.6530
Filter ON: Spread not stationary (p-value too high). Skipping optimization and OOS test.

--- Window 5 Boundary Check ---
IS Period RTH Bars: 14666. Start: 2020-04-22 19:57:00+00:00 | End: 2020-06-16 19:33:00+00:00
OOS Start Bar Index: 42432 | Time: 2020-06-16 19:34:00+00:00
ADF Test Result: p-value=0.1706 (Required < 0.05) | OLS Beta: 1.2416
Filter ON: Spread not stationary (p-value too high). Skipping optimization and OOS test.

--- Window 6 Boundary Check ---
IS Period RTH Bars: 14666. Start: 2020-05-14 14:32:00+00:00 | End: 2020-07-09 14:07:00+00:00
OOS Start Bar Index: 48282 | Time: 2020-07-09 14:08:00+00:00
ADF Test Result: p-value=0.2616 (Required < 0.05) | OLS Beta: 1.1864
Filter ON: Spread not stationary (p-value too high). Skipping optimization and OOS test.

--- Window 7 Boundary Check ---
IS Period RTH Bars: 14666. Start: 2020-06-05 15:21:00+00:00 | End: 2020-07-30 16:33:00+00:00
OOS Start Bar Index: 54132 | Time: 2020-07-30 16:34:00+00:00
ADF Test Result: p-value=0.0069 (Required < 0.05) | OLS Beta: 0.3649
Filter OFF: Spread is stationary. Proceeding with optimization.
IS Optimization Time: 0.14 seconds.
Optimal Params (Sharpe=5.2656, Calmar=18.1558): Z_E=1.9, Z_X=1.3, Z_SL=3.3
📊 Persistence: Saved 5 PnL points to wfa_outputs\oos_equity_curve_AMH_PLD_1m_20251105_155809_0.05.csv
OOS Period (2020-07-30 16:34:00+00:00 to 2020-08-20 19:02:00+00:00): PnL: $361.00 | Sharpe: 9.0970 | Calmar: 0.0000 | Trades: 5

--- Window 8 Boundary Check ---
IS Period RTH Bars: 14666. Start: 2020-06-26 16:00:00+00:00 | End: 2020-08-20 19:02:00+00:00
OOS Start Bar Index: 59982 | Time: 2020-08-20 19:03:00+00:00
ADF Test Result: p-value=0.0148 (Required < 0.05) | OLS Beta: 0.5599
Filter OFF: Spread is stationary. Proceeding with optimization.
IS Optimization Time: 0.15 seconds.
Optimal Params (Sharpe=4.2774, Calmar=15.6535): Z_E=1.9, Z_X=1.3, Z_SL=3.3
📊 Persistence: Saved 23 PnL points to wfa_outputs\oos_equity_curve_AMH_PLD_1m_20251105_155809_0.05.csv
OOS Period (2020-08-20 19:03:00+00:00 to 2020-09-14 15:11:00+00:00): PnL: $-35.43 | Sharpe: -0.9802 | Calmar: -3.5559 | Trades: 18

--- Window 9 Boundary Check ---
IS Period RTH Bars: 14666. Start: 2020-07-20 18:05:00+00:00 | End: 2020-09-14 15:11:00+00:00
OOS Start Bar Index: 65832 | Time: 2020-09-14 15:12:00+00:00
ADF Test Result: p-value=0.2878 (Required < 0.05) | OLS Beta: 0.5137
Filter ON: Spread not stationary (p-value too high). Skipping optimization and OOS test.

--- Window 10 Boundary Check ---
IS Period RTH Bars: 14666. Start: 2020-08-11 13:51:00+00:00 | End: 2020-10-05 17:22:00+00:00
OOS Start Bar Index: 71682 | Time: 2020-10-05 17:23:00+00:00
ADF Test Result: p-value=0.1063 (Required < 0.05) | OLS Beta: 0.7105
Filter ON: Spread not stationary (p-value too high). Skipping optimization and OOS test.

--- Window 11 Boundary Check ---
IS Period RTH Bars: 14666. Start: 2020-09-01 16:28:00+00:00 | End: 2020-10-27 16:38:00+00:00
OOS Start Bar Index: 77532 | Time: 2020-10-27 16:39:00+00:00
ADF Test Result: p-value=0.1189 (Required < 0.05) | OLS Beta: 0.7547
Filter ON: Spread not stationary (p-value too high). Skipping optimization and OOS test.

--- Window 12 Boundary Check ---
IS Period RTH Bars: 14666. Start: 2020-09-23 18:46:00+00:00 | End: 2020-11-17 19:22:00+00:00
OOS Start Bar Index: 83382 | Time: 2020-11-17 19:23:00+00:00
ADF Test Result: p-value=0.0281 (Required < 0.05) | OLS Beta: 0.7233
Filter OFF: Spread is stationary. Proceeding with optimization.
IS Optimization Time: 0.14 seconds.
Optimal Params (Sharpe=-0.8226, Calmar=-2.1305): Z_E=2.1, Z_X=1.5, Z_SL=4.8
📊 Persistence: Saved 25 PnL points to wfa_outputs\oos_equity_curve_AMH_PLD_1m_20251105_155809_0.05.csv
OOS Period (2020-11-17 19:23:00+00:00 to 2020-12-10 18:46:00+00:00): PnL: $27.15 | Sharpe: 1.7124 | Calmar: 14.5143 | Trades: 2

--- Window 13 Boundary Check ---
IS Period RTH Bars: 14666. Start: 2020-10-15 16:32:00+00:00 | End: 2020-12-10 18:46:00+00:00
OOS Start Bar Index: 89232 | Time: 2020-12-10 18:47:00+00:00
ADF Test Result: p-value=0.0904 (Required < 0.05) | OLS Beta: 0.4028
Filter ON: Spread not stationary (p-value too high). Skipping optimization and OOS test.

--- Window 14 Boundary Check ---
IS Period RTH Bars: 14666. Start: 2020-11-06 14:43:00+00:00 | End: 2021-01-05 20:10:00+00:00
OOS Start Bar Index: 95082 | Time: 2021-01-05 20:11:00+00:00
ADF Test Result: p-value=0.0373 (Required < 0.05) | OLS Beta: 0.2536
Filter OFF: Spread is stationary. Proceeding with optimization.
IS Optimization Time: 0.13 seconds.
Optimal Params (Sharpe=6.9537, Calmar=0.0000): Z_E=2.7, Z_X=0.3, Z_SL=3.6
📊 Persistence: Saved 34 PnL points to wfa_outputs\oos_equity_curve_AMH_PLD_1m_20251105_155809_0.05.csv
OOS Period (2021-01-05 20:11:00+00:00 to 2021-01-29 14:31:00+00:00): PnL: $204.55 | Sharpe: 2.2530 | Calmar: 22.9310 | Trades: 9

--- Window 15 Boundary Check ---
IS Period RTH Bars: 14666. Start: 2020-11-30 19:46:00+00:00 | End: 2021-01-29 14:31:00+00:00
OOS Start Bar Index: 100932 | Time: 2021-01-29 14:32:00+00:00
ADF Test Result: p-value=0.0533 (Required < 0.05) | OLS Beta: 0.4304
Filter ON: Spread not stationary (p-value too high). Skipping optimization and OOS test.

--- Window 16 Boundary Check ---
IS Period RTH Bars: 14666. Start: 2020-12-22 16:15:00+00:00 | End: 2021-02-23 19:10:00+00:00
OOS Start Bar Index: 106782 | Time: 2021-02-23 19:11:00+00:00
ADF Test Result: p-value=0.1370 (Required < 0.05) | OLS Beta: 0.5361
Filter ON: Spread not stationary (p-value too high). Skipping optimization and OOS test.

--- Window 17 Boundary Check ---
IS Period RTH Bars: 14666. Start: 2021-01-15 19:09:00+00:00 | End: 2021-03-17 16:20:00+00:00
OOS Start Bar Index: 112632 | Time: 2021-03-17 16:21:00+00:00
ADF Test Result: p-value=0.4822 (Required < 0.05) | OLS Beta: 0.4056
Filter ON: Spread not stationary (p-value too high). Skipping optimization and OOS test.

--- Window 18 Boundary Check ---
IS Period RTH Bars: 14666. Start: 2021-02-10 16:41:00+00:00 | End: 2021-04-09 14:59:00+00:00
OOS Start Bar Index: 118482 | Time: 2021-04-09 15:00:00+00:00
ADF Test Result: p-value=0.1444 (Required < 0.05) | OLS Beta: 0.9442
Filter ON: Spread not stationary (p-value too high). Skipping optimization and OOS test.

--- Window 19 Boundary Check ---
IS Period RTH Bars: 14666. Start: 2021-03-05 16:28:00+00:00 | End: 2021-05-04 13:48:00+00:00
OOS Start Bar Index: 124332 | Time: 2021-05-04 13:49:00+00:00
ADF Test Result: p-value=0.0017 (Required < 0.05) | OLS Beta: 0.9713
Filter OFF: Spread is stationary. Proceeding with optimization.
IS Optimization Time: 0.13 seconds.
Optimal Params (Sharpe=8.2994, Calmar=156.3823): Z_E=2.3, Z_X=0.5, Z_SL=4.2
📊 Persistence: Saved 235 PnL points to wfa_outputs\oos_equity_curve_AMH_PLD_1m_20251105_155809_0.05.csv
OOS Period (2021-05-04 13:49:00+00:00 to 2021-05-25 16:26:00+00:00): PnL: $-16.12 | Sharpe: -0.3234 | Calmar: -1.2253 | Trades: 201

--- Window 20 Boundary Check ---
IS Period RTH Bars: 14666. Start: 2021-03-29 15:16:00+00:00 | End: 2021-05-25 16:26:00+00:00
OOS Start Bar Index: 130182 | Time: 2021-05-25 16:27:00+00:00
ADF Test Result: p-value=0.2608 (Required < 0.05) | OLS Beta: 1.1979
Filter ON: Spread not stationary (p-value too high). Skipping optimization and OOS test.

--- Window 21 Boundary Check ---
IS Period RTH Bars: 14666. Start: 2021-04-22 14:06:00+00:00 | End: 2021-06-16 19:39:00+00:00
OOS Start Bar Index: 136032 | Time: 2021-06-16 19:40:00+00:00
ADF Test Result: p-value=0.0902 (Required < 0.05) | OLS Beta: 0.7416
Filter ON: Spread not stationary (p-value too high). Skipping optimization and OOS test.

--- Window 22 Boundary Check ---
IS Period RTH Bars: 14666. Start: 2021-05-13 17:43:00+00:00 | End: 2021-07-09 17:45:00+00:00
OOS Start Bar Index: 141882 | Time: 2021-07-09 17:46:00+00:00
ADF Test Result: p-value=0.6252 (Required < 0.05) | OLS Beta: 0.6930
Filter ON: Spread not stationary (p-value too high). Skipping optimization and OOS test.

--- Window 23 Boundary Check ---
IS Period RTH Bars: 14666. Start: 2021-06-04 19:54:00+00:00 | End: 2021-08-02 13:56:00+00:00
OOS Start Bar Index: 147732 | Time: 2021-08-02 13:57:00+00:00
ADF Test Result: p-value=0.1888 (Required < 0.05) | OLS Beta: 1.3036
Filter ON: Spread not stationary (p-value too high). Skipping optimization and OOS test.

--- Window 24 Boundary Check ---
IS Period RTH Bars: 14666. Start: 2021-06-28 18:32:00+00:00 | End: 2021-08-23 17:38:00+00:00
OOS Start Bar Index: 153582 | Time: 2021-08-23 17:39:00+00:00
ADF Test Result: p-value=0.5711 (Required < 0.05) | OLS Beta: 0.4529
Filter ON: Spread not stationary (p-value too high). Skipping optimization and OOS test.

--- Window 25 Boundary Check ---
IS Period RTH Bars: 14666. Start: 2021-07-21 14:46:00+00:00 | End: 2021-09-15 14:36:00+00:00
OOS Start Bar Index: 159432 | Time: 2021-09-15 14:37:00+00:00
ADF Test Result: p-value=0.1405 (Required < 0.05) | OLS Beta: -0.0419
Filter ON: Spread not stationary (p-value too high). Skipping optimization and OOS test.

--- Window 26 Boundary Check ---
IS Period RTH Bars: 14666. Start: 2021-08-11 18:16:00+00:00 | End: 2021-10-06 16:54:00+00:00
OOS Start Bar Index: 165282 | Time: 2021-10-06 16:55:00+00:00
ADF Test Result: p-value=0.0158 (Required < 0.05) | OLS Beta: 0.9583
Filter OFF: Spread is stationary. Proceeding with optimization.
IS Optimization Time: 0.14 seconds.
Optimal Params (Sharpe=7.0149, Calmar=61.9545): Z_E=1.9, Z_X=1.5, Z_SL=4.2
📊 Persistence: Saved 2451 PnL points to wfa_outputs\oos_equity_curve_AMH_PLD_1m_20251105_155809_0.05.csv
OOS Period (2021-10-06 16:55:00+00:00 to 2021-10-29 17:05:00+00:00): PnL: $-132.91 | Sharpe: -2.7731 | Calmar: -8.6801 | Trades: 2216

--- Window 27 Boundary Check ---
IS Period RTH Bars: 14666. Start: 2021-09-02 15:52:00+00:00 | End: 2021-10-29 17:05:00+00:00
OOS Start Bar Index: 171132 | Time: 2021-10-29 17:06:00+00:00
ADF Test Result: p-value=0.2208 (Required < 0.05) | OLS Beta: 0.3355
Filter ON: Spread not stationary (p-value too high). Skipping optimization and OOS test.

--- Window 28 Boundary Check ---
IS Period RTH Bars: 14666. Start: 2021-09-24 18:24:00+00:00 | End: 2021-11-22 18:56:00+00:00
OOS Start Bar Index: 176982 | Time: 2021-11-22 18:57:00+00:00
ADF Test Result: p-value=0.0219 (Required < 0.05) | OLS Beta: 0.2693
Filter OFF: Spread is stationary. Proceeding with optimization.
IS Optimization Time: 0.14 seconds.
Optimal Params (Sharpe=4.5727, Calmar=0.0000): Z_E=3.3, Z_X=0.5, Z_SL=4.5
📊 Persistence: Saved 2451 PnL points to wfa_outputs\oos_equity_curve_AMH_PLD_1m_20251105_155809_0.05.csv
OOS Period (2021-11-22 18:57:00+00:00 to 2021-12-15 18:06:00+00:00): PnL: $0.00 | Sharpe: 0.0000 | Calmar: 0.0000 | Trades: 0

--- Window 29 Boundary Check ---
IS Period RTH Bars: 14666. Start: 2021-10-18 16:44:00+00:00 | End: 2021-12-15 18:06:00+00:00
OOS Start Bar Index: 182832 | Time: 2021-12-15 18:07:00+00:00
ADF Test Result: p-value=0.0463 (Required < 0.05) | OLS Beta: 0.3785
Filter OFF: Spread is stationary. Proceeding with optimization.
IS Optimization Time: 0.14 seconds.
Optimal Params (Sharpe=4.8378, Calmar=0.0000): Z_E=3.3, Z_X=0.5, Z_SL=4.5
📊 Persistence: Saved 2452 PnL points to wfa_outputs\oos_equity_curve_AMH_PLD_1m_20251105_155809_0.05.csv
OOS Period (2021-12-15 18:07:00+00:00 to 2022-01-07 20:42:00+00:00): PnL: $186.92 | Sharpe: 4.0991 | Calmar: 0.0000 | Trades: 1

--- Window 30 Boundary Check ---
IS Period RTH Bars: 14666. Start: 2021-11-10 16:07:00+00:00 | End: 2022-01-07 20:42:00+00:00
OOS Start Bar Index: 188682 | Time: 2022-01-07 20:43:00+00:00
ADF Test Result: p-value=0.1435 (Required < 0.05) | OLS Beta: 0.6933
Filter ON: Spread not stationary (p-value too high). Skipping optimization and OOS test.

--- Window 31 Boundary Check ---
IS Period RTH Bars: 14666. Start: 2021-12-03 20:01:00+00:00 | End: 2022-02-02 15:59:00+00:00
OOS Start Bar Index: 194532 | Time: 2022-02-02 16:00:00+00:00
ADF Test Result: p-value=0.7905 (Required < 0.05) | OLS Beta: 0.9175
Filter ON: Spread not stationary (p-value too high). Skipping optimization and OOS test.

--- Window 32 Boundary Check ---
IS Period RTH Bars: 14666. Start: 2021-12-28 20:00:00+00:00 | End: 2022-02-24 17:48:00+00:00
OOS Start Bar Index: 200382 | Time: 2022-02-24 17:49:00+00:00
ADF Test Result: p-value=0.6598 (Required < 0.05) | OLS Beta: 0.8828
Filter ON: Spread not stationary (p-value too high). Skipping optimization and OOS test.

--- Window 33 Boundary Check ---
IS Period RTH Bars: 14666. Start: 2022-01-20 19:30:00+00:00 | End: 2022-03-18 18:10:00+00:00
OOS Start Bar Index: 206232 | Time: 2022-03-18 18:11:00+00:00
ADF Test Result: p-value=0.0165 (Required < 0.05) | OLS Beta: 0.4053
Filter OFF: Spread is stationary. Proceeding with optimization.
IS Optimization Time: 0.14 seconds.
Optimal Params (Sharpe=3.5748, Calmar=26.4273): Z_E=2.3, Z_X=1.1, Z_SL=4.5
📊 Persistence: Saved 2453 PnL points to wfa_outputs\oos_equity_curve_AMH_PLD_1m_20251105_155809_0.05.csv
OOS Period (2022-03-18 18:11:00+00:00 to 2022-04-11 14:22:00+00:00): PnL: $102.33 | Sharpe: 4.0991 | Calmar: 0.0000 | Trades: 1

--- Window 34 Boundary Check ---
IS Period RTH Bars: 14666. Start: 2022-02-11 19:49:00+00:00 | End: 2022-04-11 14:22:00+00:00
OOS Start Bar Index: 212082 | Time: 2022-04-11 14:23:00+00:00
ADF Test Result: p-value=0.0296 (Required < 0.05) | OLS Beta: 0.4460
Filter OFF: Spread is stationary. Proceeding with optimization.
IS Optimization Time: 0.14 seconds.
Optimal Params (Sharpe=4.5735, Calmar=19.8428): Z_E=1.9, Z_X=1.3, Z_SL=4.5
📊 Persistence: Saved 2829 PnL points to wfa_outputs\oos_equity_curve_AMH_PLD_1m_20251105_155809_0.05.csv
OOS Period (2022-04-11 14:23:00+00:00 to 2022-05-03 15:09:00+00:00): PnL: $193.92 | Sharpe: 2.2885 | Calmar: 11.6662 | Trades: 376

--- Window 35 Boundary Check ---
IS Period RTH Bars: 14666. Start: 2022-03-07 20:56:00+00:00 | End: 2022-05-03 15:09:00+00:00
OOS Start Bar Index: 217932 | Time: 2022-05-03 15:10:00+00:00
ADF Test Result: p-value=0.1401 (Required < 0.05) | OLS Beta: 0.7072
Filter ON: Spread not stationary (p-value too high). Skipping optimization and OOS test.

--- Window 36 Boundary Check ---
IS Period RTH Bars: 14666. Start: 2022-03-30 15:58:00+00:00 | End: 2022-05-24 15:20:00+00:00
OOS Start Bar Index: 223782 | Time: 2022-05-24 15:21:00+00:00
ADF Test Result: p-value=0.4969 (Required < 0.05) | OLS Beta: 0.4199
Filter ON: Spread not stationary (p-value too high). Skipping optimization and OOS test.

--- Window 37 Boundary Check ---
IS Period RTH Bars: 14666. Start: 2022-04-21 17:37:00+00:00 | End: 2022-06-15 15:45:00+00:00
OOS Start Bar Index: 229632 | Time: 2022-06-15 15:46:00+00:00
ADF Test Result: p-value=0.4553 (Required < 0.05) | OLS Beta: 0.3685
Filter ON: Spread not stationary (p-value too high). Skipping optimization and OOS test.

--- Window 38 Boundary Check ---
IS Period RTH Bars: 14666. Start: 2022-05-12 17:52:00+00:00 | End: 2022-07-08 16:09:00+00:00
OOS Start Bar Index: 235482 | Time: 2022-07-08 16:10:00+00:00
ADF Test Result: p-value=0.2274 (Required < 0.05) | OLS Beta: 0.7929
Filter ON: Spread not stationary (p-value too high). Skipping optimization and OOS test.

--- Window 39 Boundary Check ---
IS Period RTH Bars: 14666. Start: 2022-06-03 18:00:00+00:00 | End: 2022-07-29 17:42:00+00:00
OOS Start Bar Index: 241332 | Time: 2022-07-29 17:43:00+00:00
ADF Test Result: p-value=0.0579 (Required < 0.05) | OLS Beta: 0.6545
Filter ON: Spread not stationary (p-value too high). Skipping optimization and OOS test.

--- Window 40 Boundary Check ---
IS Period RTH Bars: 14666. Start: 2022-06-27 18:25:00+00:00 | End: 2022-08-22 13:35:00+00:00
OOS Start Bar Index: 247182 | Time: 2022-08-22 13:36:00+00:00
ADF Test Result: p-value=0.0014 (Required < 0.05) | OLS Beta: 0.5444
Filter OFF: Spread is stationary. Proceeding with optimization.
IS Optimization Time: 0.15 seconds.
Optimal Params (Sharpe=7.3331, Calmar=102.7890): Z_E=2.3, Z_X=1.5, Z_SL=4.8
📊 Persistence: Saved 2832 PnL points to wfa_outputs\oos_equity_curve_AMH_PLD_1m_20251105_155809_0.05.csv
OOS Period (2022-08-22 13:36:00+00:00 to 2022-09-13 15:02:00+00:00): PnL: $258.01 | Sharpe: 5.7991 | Calmar: 0.0000 | Trades: 3

--- Window 41 Boundary Check ---
IS Period RTH Bars: 14666. Start: 2022-07-19 19:30:00+00:00 | End: 2022-09-13 15:02:00+00:00
OOS Start Bar Index: 253032 | Time: 2022-09-13 15:03:00+00:00
ADF Test Result: p-value=0.0067 (Required < 0.05) | OLS Beta: 0.7273
Filter OFF: Spread is stationary. Proceeding with optimization.
IS Optimization Time: 0.16 seconds.
Optimal Params (Sharpe=7.8030, Calmar=32.0258): Z_E=1.9, Z_X=0.9, Z_SL=4.8
📊 Persistence: Saved 4892 PnL points to wfa_outputs\oos_equity_curve_AMH_PLD_1m_20251105_155809_0.05.csv
OOS Period (2022-09-13 15:03:00+00:00 to 2022-10-04 15:19:00+00:00): PnL: $-319.47 | Sharpe: -5.0111 | Calmar: -12.4616 | Trades: 2060

--- Window 42 Boundary Check ---
IS Period RTH Bars: 14666. Start: 2022-08-10 14:24:00+00:00 | End: 2022-10-04 15:19:00+00:00
OOS Start Bar Index: 258882 | Time: 2022-10-04 15:20:00+00:00
ADF Test Result: p-value=0.1381 (Required < 0.05) | OLS Beta: 0.4775
Filter ON: Spread not stationary (p-value too high). Skipping optimization and OOS test.

--- Window 43 Boundary Check ---
IS Period RTH Bars: 14666. Start: 2022-08-31 17:29:00+00:00 | End: 2022-10-25 15:45:00+00:00
OOS Start Bar Index: 264732 | Time: 2022-10-25 15:46:00+00:00
ADF Test Result: p-value=0.2108 (Required < 0.05) | OLS Beta: 0.6168
Filter ON: Spread not stationary (p-value too high). Skipping optimization and OOS test.

--- Window 44 Boundary Check ---
IS Period RTH Bars: 14666. Start: 2022-09-22 17:51:00+00:00 | End: 2022-11-15 17:12:00+00:00
OOS Start Bar Index: 270582 | Time: 2022-11-15 17:13:00+00:00
ADF Test Result: p-value=0.0767 (Required < 0.05) | OLS Beta: -0.0555
Filter ON: Spread not stationary (p-value too high). Skipping optimization and OOS test.

--- Window 45 Boundary Check ---
IS Period RTH Bars: 14666. Start: 2022-10-13 18:09:00+00:00 | End: 2022-12-08 15:01:00+00:00
OOS Start Bar Index: 276432 | Time: 2022-12-08 15:02:00+00:00
ADF Test Result: p-value=0.1661 (Required < 0.05) | OLS Beta: 0.2271
Filter ON: Spread not stationary (p-value too high). Skipping optimization and OOS test.

--- Window 46 Boundary Check ---
IS Period RTH Bars: 14666. Start: 2022-11-03 18:30:00+00:00 | End: 2022-12-30 16:51:00+00:00
OOS Start Bar Index: 282282 | Time: 2022-12-30 16:52:00+00:00
ADF Test Result: p-value=0.2312 (Required < 0.05) | OLS Beta: 0.8857
Filter ON: Spread not stationary (p-value too high). Skipping optimization and OOS test.

--- Window 47 Boundary Check ---
IS Period RTH Bars: 14666. Start: 2022-11-28 17:13:00+00:00 | End: 2023-01-24 20:26:00+00:00
OOS Start Bar Index: 288132 | Time: 2023-01-24 20:27:00+00:00
ADF Test Result: p-value=0.5365 (Required < 0.05) | OLS Beta: 0.7115
Filter ON: Spread not stationary (p-value too high). Skipping optimization and OOS test.

--- Window 48 Boundary Check ---
IS Period RTH Bars: 14666. Start: 2022-12-19 18:03:00+00:00 | End: 2023-02-15 16:55:00+00:00
OOS Start Bar Index: 293982 | Time: 2023-02-15 16:56:00+00:00
ADF Test Result: p-value=0.0134 (Required < 0.05) | OLS Beta: 0.9089
Filter OFF: Spread is stationary. Proceeding with optimization.
IS Optimization Time: 0.13 seconds.
Optimal Params (Sharpe=6.6264, Calmar=39.1399): Z_E=1.9, Z_X=1.3, Z_SL=3.9
📊 Persistence: Saved 6343 PnL points to wfa_outputs\oos_equity_curve_AMH_PLD_1m_20251105_155809_0.05.csv
OOS Period (2023-02-15 16:56:00+00:00 to 2023-03-09 18:57:00+00:00): PnL: $-4.93 | Sharpe: -0.1220 | Calmar: -0.3405 | Trades: 1451

--- Window 49 Boundary Check ---
IS Period RTH Bars: 14666. Start: 2023-01-11 20:36:00+00:00 | End: 2023-03-09 18:57:00+00:00
OOS Start Bar Index: 299832 | Time: 2023-03-09 18:58:00+00:00
ADF Test Result: p-value=0.6497 (Required < 0.05) | OLS Beta: 1.0971
Filter ON: Spread not stationary (p-value too high). Skipping optimization and OOS test.

--- Window 50 Boundary Check ---
IS Period RTH Bars: 14666. Start: 2023-02-03 18:07:00+00:00 | End: 2023-03-30 18:45:00+00:00
OOS Start Bar Index: 305682 | Time: 2023-03-30 18:46:00+00:00
ADF Test Result: p-value=0.3623 (Required < 0.05) | OLS Beta: 1.3545
Filter ON: Spread not stationary (p-value too high). Skipping optimization and OOS test.

--- Window 51 Boundary Check ---
IS Period RTH Bars: 14666. Start: 2023-02-27 20:20:00+00:00 | End: 2023-04-21 19:57:00+00:00
OOS Start Bar Index: 311532 | Time: 2023-04-21 19:58:00+00:00
ADF Test Result: p-value=0.7813 (Required < 0.05) | OLS Beta: 1.1248
Filter ON: Spread not stationary (p-value too high). Skipping optimization and OOS test.

--- Window 52 Boundary Check ---
IS Period RTH Bars: 14666. Start: 2023-03-21 14:18:00+00:00 | End: 2023-05-15 14:49:00+00:00
OOS Start Bar Index: 317382 | Time: 2023-05-15 14:50:00+00:00
ADF Test Result: p-value=0.0752 (Required < 0.05) | OLS Beta: 1.8438
Filter ON: Spread not stationary (p-value too high). Skipping optimization and OOS test.

--- Window 53 Boundary Check ---
IS Period RTH Bars: 14666. Start: 2023-04-12 15:15:00+00:00 | End: 2023-06-06 16:38:00+00:00
OOS Start Bar Index: 323232 | Time: 2023-06-06 16:39:00+00:00
ADF Test Result: p-value=0.0473 (Required < 0.05) | OLS Beta: 1.3236
Filter OFF: Spread is stationary. Proceeding with optimization.
IS Optimization Time: 0.12 seconds.
Optimal Params (Sharpe=2.6604, Calmar=13.1362): Z_E=2.5, Z_X=1.5, Z_SL=3.6
📊 Persistence: Saved 8031 PnL points to wfa_outputs\oos_equity_curve_AMH_PLD_1m_20251105_155809_0.05.csv
OOS Period (2023-06-06 16:39:00+00:00 to 2023-06-28 18:15:00+00:00): PnL: $-176.20 | Sharpe: -3.8626 | Calmar: -10.6374 | Trades: 1688

--- Window 54 Boundary Check ---
IS Period RTH Bars: 14666. Start: 2023-05-03 16:49:00+00:00 | End: 2023-06-28 18:15:00+00:00
OOS Start Bar Index: 329082 | Time: 2023-06-28 18:16:00+00:00
ADF Test Result: p-value=0.2858 (Required < 0.05) | OLS Beta: 0.2417
Filter ON: Spread not stationary (p-value too high). Skipping optimization and OOS test.

--- Window 55 Boundary Check ---
IS Period RTH Bars: 14666. Start: 2023-05-24 18:33:00+00:00 | End: 2023-07-21 15:47:00+00:00
OOS Start Bar Index: 334932 | Time: 2023-07-21 15:48:00+00:00
ADF Test Result: p-value=0.3676 (Required < 0.05) | OLS Beta: 0.6188
Filter ON: Spread not stationary (p-value too high). Skipping optimization and OOS test.

--- Window 56 Boundary Check ---
IS Period RTH Bars: 14666. Start: 2023-06-15 19:37:00+00:00 | End: 2023-08-11 17:30:00+00:00
OOS Start Bar Index: 340782 | Time: 2023-08-11 17:31:00+00:00
ADF Test Result: p-value=0.2118 (Required < 0.05) | OLS Beta: 0.8483
Filter ON: Spread not stationary (p-value too high). Skipping optimization and OOS test.

--- Window 57 Boundary Check ---
IS Period RTH Bars: 14666. Start: 2023-07-11 17:53:00+00:00 | End: 2023-09-05 14:32:00+00:00
OOS Start Bar Index: 346632 | Time: 2023-09-05 14:33:00+00:00
ADF Test Result: p-value=0.3844 (Required < 0.05) | OLS Beta: 0.7168
Filter ON: Spread not stationary (p-value too high). Skipping optimization and OOS test.

--- Window 58 Boundary Check ---
IS Period RTH Bars: 14666. Start: 2023-08-01 18:39:00+00:00 | End: 2023-09-26 18:58:00+00:00
OOS Start Bar Index: 352482 | Time: 2023-09-26 18:59:00+00:00
ADF Test Result: p-value=0.2208 (Required < 0.05) | OLS Beta: 0.5817
Filter ON: Spread not stationary (p-value too high). Skipping optimization and OOS test.

--- Window 59 Boundary Check ---
IS Period RTH Bars: 14666. Start: 2023-08-23 15:18:00+00:00 | End: 2023-10-18 14:17:00+00:00
OOS Start Bar Index: 358332 | Time: 2023-10-18 14:18:00+00:00
ADF Test Result: p-value=0.5672 (Required < 0.05) | OLS Beta: 0.4739
Filter ON: Spread not stationary (p-value too high). Skipping optimization and OOS test.

--- Window 60 Boundary Check ---
IS Period RTH Bars: 14666. Start: 2023-09-14 19:13:00+00:00 | End: 2023-11-08 16:05:00+00:00
OOS Start Bar Index: 364182 | Time: 2023-11-08 16:06:00+00:00
ADF Test Result: p-value=0.7890 (Required < 0.05) | OLS Beta: 0.4520
Filter ON: Spread not stationary (p-value too high). Skipping optimization and OOS test.

--- Window 61 Boundary Check ---
IS Period RTH Bars: 14666. Start: 2023-10-06 15:34:00+00:00 | End: 2023-11-30 20:24:00+00:00
OOS Start Bar Index: 370032 | Time: 2023-11-30 20:25:00+00:00
ADF Test Result: p-value=0.2003 (Required < 0.05) | OLS Beta: 0.7713
Filter ON: Spread not stationary (p-value too high). Skipping optimization and OOS test.

--- Window 62 Boundary Check ---
IS Period RTH Bars: 14666. Start: 2023-10-27 17:18:00+00:00 | End: 2023-12-21 20:58:00+00:00
OOS Start Bar Index: 375882 | Time: 2023-12-21 20:59:00+00:00
ADF Test Result: p-value=0.0787 (Required < 0.05) | OLS Beta: 0.2266
Filter ON: Spread not stationary (p-value too high). Skipping optimization and OOS test.

--- Window 63 Boundary Check ---
IS Period RTH Bars: 14666. Start: 2023-11-17 19:20:00+00:00 | End: 2024-01-17 16:15:00+00:00
OOS Start Bar Index: 381732 | Time: 2024-01-17 16:16:00+00:00
ADF Test Result: p-value=0.0728 (Required < 0.05) | OLS Beta: 0.0609
Filter ON: Spread not stationary (p-value too high). Skipping optimization and OOS test.

--- Window 64 Boundary Check ---
IS Period RTH Bars: 14666. Start: 2023-12-12 16:42:00+00:00 | End: 2024-02-07 17:11:00+00:00
OOS Start Bar Index: 387582 | Time: 2024-02-07 17:12:00+00:00
ADF Test Result: p-value=0.0622 (Required < 0.05) | OLS Beta: 0.3942
Filter ON: Spread not stationary (p-value too high). Skipping optimization and OOS test.

--- Window 65 Boundary Check ---
IS Period RTH Bars: 14666. Start: 2024-01-04 18:24:00+00:00 | End: 2024-02-29 17:39:00+00:00
OOS Start Bar Index: 393432 | Time: 2024-02-29 17:40:00+00:00
ADF Test Result: p-value=0.4729 (Required < 0.05) | OLS Beta: 0.2113
Filter ON: Spread not stationary (p-value too high). Skipping optimization and OOS test.

--- Window 66 Boundary Check ---
IS Period RTH Bars: 14666. Start: 2024-01-26 19:23:00+00:00 | End: 2024-03-21 18:13:00+00:00
OOS Start Bar Index: 399282 | Time: 2024-03-21 18:14:00+00:00
ADF Test Result: p-value=0.7108 (Required < 0.05) | OLS Beta: 0.4881
Filter ON: Spread not stationary (p-value too high). Skipping optimization and OOS test.

--- Window 67 Boundary Check ---
IS Period RTH Bars: 14666. Start: 2024-02-16 20:06:00+00:00 | End: 2024-04-15 14:13:00+00:00
OOS Start Bar Index: 405132 | Time: 2024-04-15 14:14:00+00:00
ADF Test Result: p-value=0.0362 (Required < 0.05) | OLS Beta: 0.0040
Filter OFF: Spread is stationary. Proceeding with optimization.
IS Optimization Time: 0.13 seconds.
Optimal Params (Sharpe=5.6430, Calmar=52.6838): Z_E=2.7, Z_X=0.3, Z_SL=3.6
📊 Persistence: Saved 8031 PnL points to wfa_outputs\oos_equity_curve_AMH_PLD_1m_20251105_155809_0.05.csv
OOS Period (2024-04-15 14:14:00+00:00 to 2024-05-06 15:19:00+00:00): PnL: $0.00 | Sharpe: 0.0000 | Calmar: 0.0000 | Trades: 0

--- Window 68 Boundary Check ---
IS Period RTH Bars: 14666. Start: 2024-03-11 19:45:00+00:00 | End: 2024-05-06 15:19:00+00:00
OOS Start Bar Index: 410982 | Time: 2024-05-06 15:20:00+00:00
ADF Test Result: p-value=0.0652 (Required < 0.05) | OLS Beta: 0.0733
Filter ON: Spread not stationary (p-value too high). Skipping optimization and OOS test.

--- Window 69 Boundary Check ---
IS Period RTH Bars: 14666. Start: 2024-04-03 15:30:00+00:00 | End: 2024-05-29 16:20:00+00:00
OOS Start Bar Index: 416832 | Time: 2024-05-29 16:21:00+00:00
ADF Test Result: p-value=0.1751 (Required < 0.05) | OLS Beta: 0.0279
Filter ON: Spread not stationary (p-value too high). Skipping optimization and OOS test.

--- Window 70 Boundary Check ---
IS Period RTH Bars: 14666. Start: 2024-04-24 17:29:00+00:00 | End: 2024-06-21 13:52:00+00:00
OOS Start Bar Index: 422682 | Time: 2024-06-21 13:53:00+00:00
ADF Test Result: p-value=0.0500 (Required < 0.05) | OLS Beta: 0.0149
Filter ON: Spread not stationary (p-value too high). Skipping optimization and OOS test.

--- Window 71 Boundary Check ---
IS Period RTH Bars: 14666. Start: 2024-05-16 13:53:00+00:00 | End: 2024-07-16 14:02:00+00:00
OOS Start Bar Index: 428532 | Time: 2024-07-16 14:03:00+00:00
ADF Test Result: p-value=0.6471 (Required < 0.05) | OLS Beta: 0.2995
Filter ON: Spread not stationary (p-value too high). Skipping optimization and OOS test.

--- Window 72 Boundary Check ---
IS Period RTH Bars: 14666. Start: 2024-06-10 14:40:00+00:00 | End: 2024-08-06 15:19:00+00:00
OOS Start Bar Index: 434382 | Time: 2024-08-06 15:20:00+00:00
ADF Test Result: p-value=0.3187 (Required < 0.05) | OLS Beta: 0.0584
Filter ON: Spread not stationary (p-value too high). Skipping optimization and OOS test.

--- Window 73 Boundary Check ---
IS Period RTH Bars: 14666. Start: 2024-07-02 18:08:00+00:00 | End: 2024-08-28 14:11:00+00:00
OOS Start Bar Index: 440232 | Time: 2024-08-28 14:12:00+00:00
ADF Test Result: p-value=0.6786 (Required < 0.05) | OLS Beta: 0.0576
Filter ON: Spread not stationary (p-value too high). Skipping optimization and OOS test.

--- Window 74 Boundary Check ---
IS Period RTH Bars: 14666. Start: 2024-07-25 17:42:00+00:00 | End: 2024-09-19 18:59:00+00:00
OOS Start Bar Index: 446082 | Time: 2024-09-19 19:00:00+00:00
ADF Test Result: p-value=0.0739 (Required < 0.05) | OLS Beta: 0.8030
Filter ON: Spread not stationary (p-value too high). Skipping optimization and OOS test.

--- Window 75 Boundary Check ---
IS Period RTH Bars: 14666. Start: 2024-08-16 13:32:00+00:00 | End: 2024-10-11 16:00:00+00:00
OOS Start Bar Index: 451932 | Time: 2024-10-11 16:01:00+00:00
ADF Test Result: p-value=0.1513 (Required < 0.05) | OLS Beta: 0.7119
Filter ON: Spread not stationary (p-value too high). Skipping optimization and OOS test.

--- Window 76 Boundary Check ---
IS Period RTH Bars: 14666. Start: 2024-09-09 18:33:00+00:00 | End: 2024-11-01 19:18:00+00:00
OOS Start Bar Index: 457782 | Time: 2024-11-01 19:19:00+00:00
ADF Test Result: p-value=0.4191 (Required < 0.05) | OLS Beta: 0.7156
Filter ON: Spread not stationary (p-value too high). Skipping optimization and OOS test.

--- Window 77 Boundary Check ---
IS Period RTH Bars: 14666. Start: 2024-10-01 16:54:00+00:00 | End: 2024-11-25 18:41:00+00:00
OOS Start Bar Index: 463632 | Time: 2024-11-25 18:42:00+00:00
ADF Test Result: p-value=0.3444 (Required < 0.05) | OLS Beta: 0.4834
Filter ON: Spread not stationary (p-value too high). Skipping optimization and OOS test.

--- Window 78 Boundary Check ---
IS Period RTH Bars: 14666. Start: 2024-10-23 15:00:00+00:00 | End: 2024-12-18 20:04:00+00:00
OOS Start Bar Index: 469482 | Time: 2024-12-18 20:05:00+00:00
ADF Test Result: p-value=0.3618 (Required < 0.05) | OLS Beta: 0.4665
Filter ON: Spread not stationary (p-value too high). Skipping optimization and OOS test.

############################################################
📈 OVERALL SIMULATION PERFORMANCE (Walk-Forward Test)
############################################################
Timeframe Used: 1Min, Value: 1
ADF Cointegration Filter Threshold: 0.05
Total OOS Windows Tested: 78
Total Trades Executed: 8031
--- Final Performance Metrics ---
Total PnL: $648.82
Overall Sharpe Ratio (Annualized): 0.2127
Overall Calmar Ratio (Annualized): 0.0722
Maximum Dollar Drawdown (MDD): $563.90

--- Execution Time ---
Total Elapsed Time: 138.47 seconds
############################################################
[0m