--- Dynamic Timeframe Configuration ---
TimeFrame Selected: 1Min, Value: 15
Bars per Trading Day: 26
Annualization Factor (Bars/Year): 6552
Statistical Lookback Bars: 145
Optimization Lookback Bars: 1268
---------------------------------------
--- Diagnostic Check ---
API Key ID Length: 26
API Secret Key Length: 44
StockHistoricalDataClient initialized successfully. Starting data fetch...
--------------------------
Pre-compiling Numba function for first run optimization...
Numba pre-compilation complete.
Fetching data from 2020-01-01 to 2024-12-30...
Fetching 15Min data for AMH...
Fetching 15Min data for PLD...
Data acquired successfully. Total 1Min RTH bars: 32459
Skipping full pre-calculation. Metrics will be calculated inside the WFA loop.

============================================================
📈 Starting Rolling Backtest: IS Optimization Window=1268 bars, Shift=15 days
   Data already processed with Statistical Rolling Window: 145 bars
   ADF Cointegration Filter: p-value < 0.1
============================================================

--- Window 1 Boundary Check ---
IS Period RTH Bars: 980. Start: 2020-01-17 15:00:00+00:00 | End: 2020-03-12 18:15:00+00:00
OOS Start Bar Index: 1268 | Time: 2020-03-12 18:30:00+00:00
ADF Test Result: p-value=0.2257 (Required < 0.10) | OLS Beta: 0.1466
Filter ON: Spread not stationary (p-value too high). Skipping optimization and OOS test.

--- Window 2 Boundary Check ---
IS Period RTH Bars: 980. Start: 2020-02-10 15:00:00+00:00 | End: 2020-04-02 18:45:00+00:00
OOS Start Bar Index: 1658 | Time: 2020-04-02 19:00:00+00:00
ADF Test Result: p-value=0.5976 (Required < 0.10) | OLS Beta: 0.7993
Filter ON: Spread not stationary (p-value too high). Skipping optimization and OOS test.

--- Window 3 Boundary Check ---
IS Period RTH Bars: 980. Start: 2020-03-03 15:00:00+00:00 | End: 2020-04-24 18:45:00+00:00
OOS Start Bar Index: 2048 | Time: 2020-04-24 19:00:00+00:00
ADF Test Result: p-value=0.5661 (Required < 0.10) | OLS Beta: 0.5177
Filter ON: Spread not stationary (p-value too high). Skipping optimization and OOS test.

--- Window 4 Boundary Check ---
IS Period RTH Bars: 980. Start: 2020-03-24 14:30:00+00:00 | End: 2020-05-15 18:45:00+00:00
OOS Start Bar Index: 2438 | Time: 2020-05-15 19:00:00+00:00
ADF Test Result: p-value=0.0190 (Required < 0.10) | OLS Beta: 0.7049
Filter OFF: Spread is stationary. Proceeding with optimization.
IS Optimization Time: 0.05 seconds.
Optimal Params (Sharpe=3.6437, Calmar=20.7816): Z_E=1.9, Z_X=0.3, Z_SL=3.3
📊 Persistence: Saved 3 PnL points to wfa_outputs\oos_equity_curve_AMH_PLD_15m_20251105_155220_0.1.csv
OOS Period (2020-05-15 19:00:00+00:00 to 2020-06-08 18:45:00+00:00): PnL: $-191.76 | Sharpe: -3.0803 | Calmar: -10.1342 | Trades: 3

--- Window 5 Boundary Check ---
IS Period RTH Bars: 980. Start: 2020-04-15 14:30:00+00:00 | End: 2020-06-08 18:45:00+00:00
OOS Start Bar Index: 2828 | Time: 2020-06-08 19:00:00+00:00
ADF Test Result: p-value=0.1303 (Required < 0.10) | OLS Beta: 1.0977
Filter ON: Spread not stationary (p-value too high). Skipping optimization and OOS test.

--- Window 6 Boundary Check ---
IS Period RTH Bars: 980. Start: 2020-05-06 14:30:00+00:00 | End: 2020-06-29 18:45:00+00:00
OOS Start Bar Index: 3218 | Time: 2020-06-29 19:00:00+00:00
ADF Test Result: p-value=0.1809 (Required < 0.10) | OLS Beta: 1.2081
Filter ON: Spread not stationary (p-value too high). Skipping optimization and OOS test.

--- Window 7 Boundary Check ---
IS Period RTH Bars: 980. Start: 2020-05-28 14:30:00+00:00 | End: 2020-07-21 18:45:00+00:00
OOS Start Bar Index: 3608 | Time: 2020-07-21 19:00:00+00:00
ADF Test Result: p-value=0.0011 (Required < 0.10) | OLS Beta: 0.5366
Filter OFF: Spread is stationary. Proceeding with optimization.
IS Optimization Time: 0.05 seconds.
Optimal Params (Sharpe=4.1742, Calmar=20.7267): Z_E=2.3, Z_X=0.5, Z_SL=3.3
📊 Persistence: Saved 3 PnL points to wfa_outputs\oos_equity_curve_AMH_PLD_15m_20251105_155220_0.1.csv
OOS Period (2020-07-21 19:00:00+00:00 to 2020-08-11 18:45:00+00:00): PnL: $0.00 | Sharpe: 0.0000 | Calmar: 0.0000 | Trades: 0

--- Window 8 Boundary Check ---
IS Period RTH Bars: 980. Start: 2020-06-18 14:30:00+00:00 | End: 2020-08-11 18:45:00+00:00
OOS Start Bar Index: 3998 | Time: 2020-08-11 19:00:00+00:00
ADF Test Result: p-value=0.0446 (Required < 0.10) | OLS Beta: 0.4866
Filter OFF: Spread is stationary. Proceeding with optimization.
IS Optimization Time: 0.07 seconds.
Optimal Params (Sharpe=4.3074, Calmar=47.3235): Z_E=2.5, Z_X=1.1, Z_SL=3.3
📊 Persistence: Saved 3 PnL points to wfa_outputs\oos_equity_curve_AMH_PLD_15m_20251105_155220_0.1.csv
OOS Period (2020-08-11 19:00:00+00:00 to 2020-09-01 18:45:00+00:00): PnL: $0.00 | Sharpe: 0.0000 | Calmar: 0.0000 | Trades: 0

--- Window 9 Boundary Check ---
IS Period RTH Bars: 980. Start: 2020-07-10 14:30:00+00:00 | End: 2020-09-01 18:45:00+00:00
OOS Start Bar Index: 4388 | Time: 2020-09-01 19:00:00+00:00
ADF Test Result: p-value=0.0320 (Required < 0.10) | OLS Beta: 0.5852
Filter OFF: Spread is stationary. Proceeding with optimization.
IS Optimization Time: 0.08 seconds.
Optimal Params (Sharpe=4.6001, Calmar=0.0000): Z_E=3.1, Z_X=0.7, Z_SL=3.3
📊 Persistence: Saved 38 PnL points to wfa_outputs\oos_equity_curve_AMH_PLD_15m_20251105_155220_0.1.csv
OOS Period (2020-09-01 19:00:00+00:00 to 2020-09-23 18:45:00+00:00): PnL: $115.34 | Sharpe: 2.2457 | Calmar: 14.4376 | Trades: 35

--- Window 10 Boundary Check ---
IS Period RTH Bars: 980. Start: 2020-07-31 14:30:00+00:00 | End: 2020-09-23 18:45:00+00:00
OOS Start Bar Index: 4778 | Time: 2020-09-23 19:00:00+00:00
ADF Test Result: p-value=0.0970 (Required < 0.10) | OLS Beta: 0.4609
Filter OFF: Spread is stationary. Proceeding with optimization.
IS Optimization Time: 0.07 seconds.
Optimal Params (Sharpe=8.4467, Calmar=62.6152): Z_E=1.9, Z_X=1.5, Z_SL=3.3
📊 Persistence: Saved 42 PnL points to wfa_outputs\oos_equity_curve_AMH_PLD_15m_20251105_155220_0.1.csv
OOS Period (2020-09-23 19:00:00+00:00 to 2020-10-14 18:45:00+00:00): PnL: $156.20 | Sharpe: 8.0194 | Calmar: 0.0000 | Trades: 4

--- Window 11 Boundary Check ---
IS Period RTH Bars: 980. Start: 2020-08-21 14:30:00+00:00 | End: 2020-10-14 18:45:00+00:00
OOS Start Bar Index: 5168 | Time: 2020-10-14 19:00:00+00:00
ADF Test Result: p-value=0.0234 (Required < 0.10) | OLS Beta: 0.7919
Filter OFF: Spread is stationary. Proceeding with optimization.
IS Optimization Time: 0.07 seconds.
Optimal Params (Sharpe=10.4171, Calmar=417.1305): Z_E=1.9, Z_X=1.5, Z_SL=3.3
📊 Persistence: Saved 45 PnL points to wfa_outputs\oos_equity_curve_AMH_PLD_15m_20251105_155220_0.1.csv
OOS Period (2020-10-14 19:00:00+00:00 to 2020-11-04 19:45:00+00:00): PnL: $135.77 | Sharpe: 5.5160 | Calmar: 0.0000 | Trades: 3

--- Window 12 Boundary Check ---
IS Period RTH Bars: 980. Start: 2020-09-14 14:30:00+00:00 | End: 2020-11-04 19:45:00+00:00
OOS Start Bar Index: 5558 | Time: 2020-11-04 20:00:00+00:00
ADF Test Result: p-value=0.1786 (Required < 0.10) | OLS Beta: 0.7245
Filter ON: Spread not stationary (p-value too high). Skipping optimization and OOS test.

--- Window 13 Boundary Check ---
IS Period RTH Bars: 980. Start: 2020-10-05 14:30:00+00:00 | End: 2020-11-25 19:45:00+00:00
OOS Start Bar Index: 5948 | Time: 2020-11-25 20:00:00+00:00
ADF Test Result: p-value=0.0121 (Required < 0.10) | OLS Beta: 0.6097
Filter OFF: Spread is stationary. Proceeding with optimization.
IS Optimization Time: 0.09 seconds.
Optimal Params (Sharpe=1.5332, Calmar=9.3024): Z_E=3.1, Z_X=0.3, Z_SL=4.2
📊 Persistence: Saved 46 PnL points to wfa_outputs\oos_equity_curve_AMH_PLD_15m_20251105_155220_0.1.csv
OOS Period (2020-11-25 20:00:00+00:00 to 2020-12-18 16:00:00+00:00): PnL: $62.98 | Sharpe: 4.1040 | Calmar: 0.0000 | Trades: 1

--- Window 14 Boundary Check ---
IS Period RTH Bars: 980. Start: 2020-10-26 14:30:00+00:00 | End: 2020-12-18 16:00:00+00:00
OOS Start Bar Index: 6338 | Time: 2020-12-18 16:15:00+00:00
ADF Test Result: p-value=0.1042 (Required < 0.10) | OLS Beta: 0.2887
Filter ON: Spread not stationary (p-value too high). Skipping optimization and OOS test.

--- Window 15 Boundary Check ---
IS Period RTH Bars: 980. Start: 2020-11-16 15:30:00+00:00 | End: 2021-01-12 18:45:00+00:00
OOS Start Bar Index: 6728 | Time: 2021-01-12 19:00:00+00:00
ADF Test Result: p-value=0.0776 (Required < 0.10) | OLS Beta: -0.1420
Filter OFF: Spread is stationary. Proceeding with optimization.
IS Optimization Time: 0.07 seconds.
Optimal Params (Sharpe=3.9597, Calmar=30.7436): Z_E=2.5, Z_X=0.3, Z_SL=3.6
📊 Persistence: Saved 108 PnL points to wfa_outputs\oos_equity_curve_AMH_PLD_15m_20251105_155220_0.1.csv
OOS Period (2021-01-12 19:00:00+00:00 to 2021-02-03 18:45:00+00:00): PnL: $-147.19 | Sharpe: -1.8494 | Calmar: -8.7788 | Trades: 62

--- Window 16 Boundary Check ---
IS Period RTH Bars: 980. Start: 2020-12-08 18:15:00+00:00 | End: 2021-02-03 18:45:00+00:00
OOS Start Bar Index: 7118 | Time: 2021-02-03 19:00:00+00:00
ADF Test Result: p-value=0.0504 (Required < 0.10) | OLS Beta: 0.4710
Filter OFF: Spread is stationary. Proceeding with optimization.
IS Optimization Time: 0.07 seconds.
Optimal Params (Sharpe=2.7529, Calmar=14.7276): Z_E=3.1, Z_X=0.5, Z_SL=3.3
📊 Persistence: Saved 113 PnL points to wfa_outputs\oos_equity_curve_AMH_PLD_15m_20251105_155220_0.1.csv
OOS Period (2021-02-03 19:00:00+00:00 to 2021-02-25 18:45:00+00:00): PnL: $-21.42 | Sharpe: -1.5511 | Calmar: -6.4221 | Trades: 5

--- Window 17 Boundary Check ---
IS Period RTH Bars: 980. Start: 2020-12-31 14:30:00+00:00 | End: 2021-02-25 18:45:00+00:00
OOS Start Bar Index: 7508 | Time: 2021-02-25 19:00:00+00:00
ADF Test Result: p-value=0.2499 (Required < 0.10) | OLS Beta: 0.5102
Filter ON: Spread not stationary (p-value too high). Skipping optimization and OOS test.

--- Window 18 Boundary Check ---
IS Period RTH Bars: 980. Start: 2021-01-25 14:30:00+00:00 | End: 2021-03-18 17:45:00+00:00
OOS Start Bar Index: 7898 | Time: 2021-03-18 18:00:00+00:00
ADF Test Result: p-value=0.6716 (Required < 0.10) | OLS Beta: 0.3932
Filter ON: Spread not stationary (p-value too high). Skipping optimization and OOS test.

--- Window 19 Boundary Check ---
IS Period RTH Bars: 980. Start: 2021-02-16 14:30:00+00:00 | End: 2021-04-09 17:45:00+00:00
OOS Start Bar Index: 8288 | Time: 2021-04-09 18:00:00+00:00
ADF Test Result: p-value=0.2300 (Required < 0.10) | OLS Beta: 1.0115
Filter ON: Spread not stationary (p-value too high). Skipping optimization and OOS test.

--- Window 20 Boundary Check ---
IS Period RTH Bars: 980. Start: 2021-03-09 14:30:00+00:00 | End: 2021-05-03 17:30:00+00:00
OOS Start Bar Index: 8678 | Time: 2021-05-03 17:45:00+00:00
ADF Test Result: p-value=0.0285 (Required < 0.10) | OLS Beta: 0.9191
Filter OFF: Spread is stationary. Proceeding with optimization.
IS Optimization Time: 0.07 seconds.
Optimal Params (Sharpe=7.6547, Calmar=784.8811): Z_E=2.1, Z_X=0.5, Z_SL=3.6
📊 Persistence: Saved 178 PnL points to wfa_outputs\oos_equity_curve_AMH_PLD_15m_20251105_155220_0.1.csv
OOS Period (2021-05-03 17:45:00+00:00 to 2021-05-24 17:30:00+00:00): PnL: $98.09 | Sharpe: 3.4420 | Calmar: 20.4247 | Trades: 65

--- Window 21 Boundary Check ---
IS Period RTH Bars: 980. Start: 2021-03-30 13:30:00+00:00 | End: 2021-05-24 17:30:00+00:00
OOS Start Bar Index: 9068 | Time: 2021-05-24 17:45:00+00:00
ADF Test Result: p-value=0.2737 (Required < 0.10) | OLS Beta: 1.2088
Filter ON: Spread not stationary (p-value too high). Skipping optimization and OOS test.

--- Window 22 Boundary Check ---
IS Period RTH Bars: 980. Start: 2021-04-21 19:45:00+00:00 | End: 2021-06-15 17:30:00+00:00
OOS Start Bar Index: 9458 | Time: 2021-06-15 17:45:00+00:00
ADF Test Result: p-value=0.0974 (Required < 0.10) | OLS Beta: 0.7413
Filter OFF: Spread is stationary. Proceeding with optimization.
IS Optimization Time: 0.07 seconds.
Optimal Params (Sharpe=5.1076, Calmar=58.8697): Z_E=2.3, Z_X=0.3, Z_SL=3.3
📊 Persistence: Saved 180 PnL points to wfa_outputs\oos_equity_curve_AMH_PLD_15m_20251105_155220_0.1.csv
OOS Period (2021-06-15 17:45:00+00:00 to 2021-07-07 17:30:00+00:00): PnL: $-55.11 | Sharpe: -3.0802 | Calmar: -12.2536 | Trades: 2

--- Window 23 Boundary Check ---
IS Period RTH Bars: 980. Start: 2021-05-12 19:45:00+00:00 | End: 2021-07-07 17:30:00+00:00
OOS Start Bar Index: 9848 | Time: 2021-07-07 17:45:00+00:00
ADF Test Result: p-value=0.6533 (Required < 0.10) | OLS Beta: 0.6466
Filter ON: Spread not stationary (p-value too high). Skipping optimization and OOS test.

--- Window 24 Boundary Check ---
IS Period RTH Bars: 980. Start: 2021-06-03 19:45:00+00:00 | End: 2021-07-28 17:30:00+00:00
OOS Start Bar Index: 10238 | Time: 2021-07-28 17:45:00+00:00
ADF Test Result: p-value=0.2200 (Required < 0.10) | OLS Beta: 1.2799
Filter ON: Spread not stationary (p-value too high). Skipping optimization and OOS test.

--- Window 25 Boundary Check ---
IS Period RTH Bars: 980. Start: 2021-06-24 19:45:00+00:00 | End: 2021-08-18 17:30:00+00:00
OOS Start Bar Index: 10628 | Time: 2021-08-18 17:45:00+00:00
ADF Test Result: p-value=0.8094 (Required < 0.10) | OLS Beta: 0.6459
Filter ON: Spread not stationary (p-value too high). Skipping optimization and OOS test.

--- Window 26 Boundary Check ---
IS Period RTH Bars: 980. Start: 2021-07-16 19:45:00+00:00 | End: 2021-09-09 17:30:00+00:00
OOS Start Bar Index: 11018 | Time: 2021-09-09 17:45:00+00:00
ADF Test Result: p-value=0.2639 (Required < 0.10) | OLS Beta: -0.0110
Filter ON: Spread not stationary (p-value too high). Skipping optimization and OOS test.

--- Window 27 Boundary Check ---
IS Period RTH Bars: 980. Start: 2021-08-06 19:45:00+00:00 | End: 2021-09-30 17:30:00+00:00
OOS Start Bar Index: 11408 | Time: 2021-09-30 17:45:00+00:00
ADF Test Result: p-value=0.0188 (Required < 0.10) | OLS Beta: 0.7590
Filter OFF: Spread is stationary. Proceeding with optimization.
IS Optimization Time: 0.07 seconds.
Optimal Params (Sharpe=4.3399, Calmar=32.6538): Z_E=2.1, Z_X=0.3, Z_SL=3.3
📊 Persistence: Saved 290 PnL points to wfa_outputs\oos_equity_curve_AMH_PLD_15m_20251105_155220_0.1.csv
OOS Period (2021-09-30 17:45:00+00:00 to 2021-10-21 17:30:00+00:00): PnL: $-387.22 | Sharpe: -10.4350 | Calmar: -12.0944 | Trades: 110

--- Window 28 Boundary Check ---
IS Period RTH Bars: 980. Start: 2021-08-27 19:45:00+00:00 | End: 2021-10-21 17:30:00+00:00
OOS Start Bar Index: 11798 | Time: 2021-10-21 17:45:00+00:00
ADF Test Result: p-value=0.9426 (Required < 0.10) | OLS Beta: 0.5073
Filter ON: Spread not stationary (p-value too high). Skipping optimization and OOS test.

--- Window 29 Boundary Check ---
IS Period RTH Bars: 980. Start: 2021-09-20 19:45:00+00:00 | End: 2021-11-12 18:15:00+00:00
OOS Start Bar Index: 12188 | Time: 2021-11-12 18:30:00+00:00
ADF Test Result: p-value=0.1000 (Required < 0.10) | OLS Beta: 0.2642
Filter ON: Spread not stationary (p-value too high). Skipping optimization and OOS test.

--- Window 30 Boundary Check ---
IS Period RTH Bars: 980. Start: 2021-10-11 19:45:00+00:00 | End: 2021-12-07 14:30:00+00:00
OOS Start Bar Index: 12578 | Time: 2021-12-07 14:45:00+00:00
ADF Test Result: p-value=0.0245 (Required < 0.10) | OLS Beta: 0.2639
Filter OFF: Spread is stationary. Proceeding with optimization.
IS Optimization Time: 0.07 seconds.
Optimal Params (Sharpe=5.4298, Calmar=0.0000): Z_E=3.1, Z_X=0.3, Z_SL=4.2
📊 Persistence: Saved 291 PnL points to wfa_outputs\oos_equity_curve_AMH_PLD_15m_20251105_155220_0.1.csv
OOS Period (2021-12-07 14:45:00+00:00 to 2021-12-29 14:30:00+00:00): PnL: $-23.59 | Sharpe: -4.1040 | Calmar: -16.2969 | Trades: 1

--- Window 31 Boundary Check ---
IS Period RTH Bars: 980. Start: 2021-11-02 19:30:00+00:00 | End: 2021-12-29 14:30:00+00:00
OOS Start Bar Index: 12968 | Time: 2021-12-29 14:45:00+00:00
ADF Test Result: p-value=0.0179 (Required < 0.10) | OLS Beta: 0.5646
Filter OFF: Spread is stationary. Proceeding with optimization.
IS Optimization Time: 0.07 seconds.
Optimal Params (Sharpe=4.9632, Calmar=0.0000): Z_E=3.1, Z_X=0.5, Z_SL=3.6
📊 Persistence: Saved 298 PnL points to wfa_outputs\oos_equity_curve_AMH_PLD_15m_20251105_155220_0.1.csv
OOS Period (2021-12-29 14:45:00+00:00 to 2022-01-20 14:30:00+00:00): PnL: $327.40 | Sharpe: 4.2040 | Calmar: 979.1590 | Trades: 7

--- Window 32 Boundary Check ---
IS Period RTH Bars: 980. Start: 2021-11-23 20:30:00+00:00 | End: 2022-01-20 14:30:00+00:00
OOS Start Bar Index: 13358 | Time: 2022-01-20 14:45:00+00:00
ADF Test Result: p-value=0.3353 (Required < 0.10) | OLS Beta: 0.5398
Filter ON: Spread not stationary (p-value too high). Skipping optimization and OOS test.

--- Window 33 Boundary Check ---
IS Period RTH Bars: 980. Start: 2021-12-16 16:45:00+00:00 | End: 2022-02-10 19:45:00+00:00
OOS Start Bar Index: 13748 | Time: 2022-02-10 20:00:00+00:00
ADF Test Result: p-value=0.5596 (Required < 0.10) | OLS Beta: 0.9862
Filter ON: Spread not stationary (p-value too high). Skipping optimization and OOS test.

--- Window 34 Boundary Check ---
IS Period RTH Bars: 980. Start: 2022-01-07 16:45:00+00:00 | End: 2022-03-04 19:45:00+00:00
OOS Start Bar Index: 14138 | Time: 2022-03-04 20:00:00+00:00
ADF Test Result: p-value=0.3016 (Required < 0.10) | OLS Beta: 0.6839
Filter ON: Spread not stationary (p-value too high). Skipping optimization and OOS test.

--- Window 35 Boundary Check ---
IS Period RTH Bars: 980. Start: 2022-02-01 15:30:00+00:00 | End: 2022-03-28 18:30:00+00:00
OOS Start Bar Index: 14528 | Time: 2022-03-28 18:45:00+00:00
ADF Test Result: p-value=0.0387 (Required < 0.10) | OLS Beta: 0.3442
Filter OFF: Spread is stationary. Proceeding with optimization.
IS Optimization Time: 0.07 seconds.
Optimal Params (Sharpe=5.5713, Calmar=0.0000): Z_E=2.7, Z_X=1.3, Z_SL=4.5
📊 Persistence: Saved 311 PnL points to wfa_outputs\oos_equity_curve_AMH_PLD_15m_20251105_155220_0.1.csv
OOS Period (2022-03-28 18:45:00+00:00 to 2022-04-19 18:30:00+00:00): PnL: $-212.58 | Sharpe: -4.3395 | Calmar: -12.9338 | Trades: 13

--- Window 36 Boundary Check ---
IS Period RTH Bars: 980. Start: 2022-02-23 15:30:00+00:00 | End: 2022-04-19 18:30:00+00:00
OOS Start Bar Index: 14918 | Time: 2022-04-19 18:45:00+00:00
ADF Test Result: p-value=0.6953 (Required < 0.10) | OLS Beta: 0.5483
Filter ON: Spread not stationary (p-value too high). Skipping optimization and OOS test.

--- Window 37 Boundary Check ---
IS Period RTH Bars: 980. Start: 2022-03-17 14:15:00+00:00 | End: 2022-05-10 18:30:00+00:00
OOS Start Bar Index: 15308 | Time: 2022-05-10 18:45:00+00:00
ADF Test Result: p-value=0.7099 (Required < 0.10) | OLS Beta: 0.6795
Filter ON: Spread not stationary (p-value too high). Skipping optimization and OOS test.

--- Window 38 Boundary Check ---
IS Period RTH Bars: 980. Start: 2022-04-07 14:15:00+00:00 | End: 2022-06-01 18:30:00+00:00
OOS Start Bar Index: 15698 | Time: 2022-06-01 18:45:00+00:00
ADF Test Result: p-value=0.4175 (Required < 0.10) | OLS Beta: 0.3888
Filter ON: Spread not stationary (p-value too high). Skipping optimization and OOS test.

--- Window 39 Boundary Check ---
IS Period RTH Bars: 980. Start: 2022-04-29 14:15:00+00:00 | End: 2022-06-23 18:30:00+00:00
OOS Start Bar Index: 16088 | Time: 2022-06-23 18:45:00+00:00
ADF Test Result: p-value=0.5873 (Required < 0.10) | OLS Beta: 0.3775
Filter ON: Spread not stationary (p-value too high). Skipping optimization and OOS test.

--- Window 40 Boundary Check ---
IS Period RTH Bars: 980. Start: 2022-05-20 14:15:00+00:00 | End: 2022-07-15 18:30:00+00:00
OOS Start Bar Index: 16478 | Time: 2022-07-15 18:45:00+00:00
ADF Test Result: p-value=0.2192 (Required < 0.10) | OLS Beta: 0.7829
Filter ON: Spread not stationary (p-value too high). Skipping optimization and OOS test.

--- Window 41 Boundary Check ---
IS Period RTH Bars: 980. Start: 2022-06-13 14:15:00+00:00 | End: 2022-08-05 18:30:00+00:00
OOS Start Bar Index: 16868 | Time: 2022-08-05 18:45:00+00:00
ADF Test Result: p-value=0.0042 (Required < 0.10) | OLS Beta: 0.6199
Filter OFF: Spread is stationary. Proceeding with optimization.
IS Optimization Time: 0.07 seconds.
Optimal Params (Sharpe=5.1914, Calmar=131.8498): Z_E=3.1, Z_X=1.5, Z_SL=3.3
📊 Persistence: Saved 311 PnL points to wfa_outputs\oos_equity_curve_AMH_PLD_15m_20251105_155220_0.1.csv
OOS Period (2022-08-05 18:45:00+00:00 to 2022-08-26 18:30:00+00:00): PnL: $0.00 | Sharpe: 0.0000 | Calmar: 0.0000 | Trades: 0

--- Window 42 Boundary Check ---
IS Period RTH Bars: 980. Start: 2022-07-06 14:15:00+00:00 | End: 2022-08-26 18:30:00+00:00
OOS Start Bar Index: 17258 | Time: 2022-08-26 18:45:00+00:00
ADF Test Result: p-value=0.0174 (Required < 0.10) | OLS Beta: 0.5564
Filter OFF: Spread is stationary. Proceeding with optimization.
IS Optimization Time: 0.09 seconds.
Optimal Params (Sharpe=7.4320, Calmar=342.6755): Z_E=2.1, Z_X=0.3, Z_SL=3.3
📊 Persistence: Saved 340 PnL points to wfa_outputs\oos_equity_curve_AMH_PLD_15m_20251105_155220_0.1.csv
OOS Period (2022-08-26 18:45:00+00:00 to 2022-09-19 18:30:00+00:00): PnL: $-6.79 | Sharpe: -0.1412 | Calmar: -0.8477 | Trades: 29

--- Window 43 Boundary Check ---
IS Period RTH Bars: 980. Start: 2022-07-27 14:15:00+00:00 | End: 2022-09-19 18:30:00+00:00
OOS Start Bar Index: 17648 | Time: 2022-09-19 18:45:00+00:00
ADF Test Result: p-value=0.1876 (Required < 0.10) | OLS Beta: 0.4698
Filter ON: Spread not stationary (p-value too high). Skipping optimization and OOS test.

--- Window 44 Boundary Check ---
IS Period RTH Bars: 980. Start: 2022-08-17 14:15:00+00:00 | End: 2022-10-10 18:30:00+00:00
OOS Start Bar Index: 18038 | Time: 2022-10-10 18:45:00+00:00
ADF Test Result: p-value=0.1680 (Required < 0.10) | OLS Beta: 0.4739
Filter ON: Spread not stationary (p-value too high). Skipping optimization and OOS test.

--- Window 45 Boundary Check ---
IS Period RTH Bars: 980. Start: 2022-09-08 14:15:00+00:00 | End: 2022-10-31 18:30:00+00:00
OOS Start Bar Index: 18428 | Time: 2022-10-31 18:45:00+00:00
ADF Test Result: p-value=0.8432 (Required < 0.10) | OLS Beta: 0.6348
Filter ON: Spread not stationary (p-value too high). Skipping optimization and OOS test.

--- Window 46 Boundary Check ---
IS Period RTH Bars: 980. Start: 2022-09-29 14:15:00+00:00 | End: 2022-11-21 19:30:00+00:00
OOS Start Bar Index: 18818 | Time: 2022-11-21 19:45:00+00:00
ADF Test Result: p-value=0.0893 (Required < 0.10) | OLS Beta: -0.0608
Filter OFF: Spread is stationary. Proceeding with optimization.
IS Optimization Time: 0.08 seconds.
Optimal Params (Sharpe=-0.0691, Calmar=-0.2256): Z_E=1.9, Z_X=1.5, Z_SL=3.6
📊 Persistence: Saved 342 PnL points to wfa_outputs\oos_equity_curve_AMH_PLD_15m_20251105_155220_0.1.csv
OOS Period (2022-11-21 19:45:00+00:00 to 2022-12-14 15:45:00+00:00): PnL: $236.81 | Sharpe: 5.7996 | Calmar: 0.0000 | Trades: 2

--- Window 47 Boundary Check ---
IS Period RTH Bars: 980. Start: 2022-10-20 14:15:00+00:00 | End: 2022-12-14 15:45:00+00:00
OOS Start Bar Index: 19208 | Time: 2022-12-14 16:00:00+00:00
ADF Test Result: p-value=0.1500 (Required < 0.10) | OLS Beta: 0.3394
Filter ON: Spread not stationary (p-value too high). Skipping optimization and OOS test.

--- Window 48 Boundary Check ---
IS Period RTH Bars: 980. Start: 2022-11-10 15:15:00+00:00 | End: 2023-01-06 15:45:00+00:00
OOS Start Bar Index: 19598 | Time: 2023-01-06 16:00:00+00:00
ADF Test Result: p-value=0.7418 (Required < 0.10) | OLS Beta: 0.9693
Filter ON: Spread not stationary (p-value too high). Skipping optimization and OOS test.

--- Window 49 Boundary Check ---
IS Period RTH Bars: 980. Start: 2022-12-02 18:00:00+00:00 | End: 2023-01-30 15:45:00+00:00
OOS Start Bar Index: 19988 | Time: 2023-01-30 16:00:00+00:00
ADF Test Result: p-value=0.2379 (Required < 0.10) | OLS Beta: 0.7445
Filter ON: Spread not stationary (p-value too high). Skipping optimization and OOS test.

--- Window 50 Boundary Check ---
IS Period RTH Bars: 980. Start: 2022-12-23 18:00:00+00:00 | End: 2023-02-21 15:45:00+00:00
OOS Start Bar Index: 20378 | Time: 2023-02-21 16:00:00+00:00
ADF Test Result: p-value=0.0217 (Required < 0.10) | OLS Beta: 0.9200
Filter OFF: Spread is stationary. Proceeding with optimization.
IS Optimization Time: 0.08 seconds.
Optimal Params (Sharpe=4.1161, Calmar=24.7870): Z_E=2.9, Z_X=1.1, Z_SL=3.3
📊 Persistence: Saved 482 PnL points to wfa_outputs\oos_equity_curve_AMH_PLD_15m_20251105_155220_0.1.csv
OOS Period (2023-02-21 16:00:00+00:00 to 2023-03-14 14:45:00+00:00): PnL: $-185.48 | Sharpe: -4.9119 | Calmar: -13.1057 | Trades: 140

--- Window 51 Boundary Check ---
IS Period RTH Bars: 980. Start: 2023-01-18 18:00:00+00:00 | End: 2023-03-14 14:45:00+00:00
OOS Start Bar Index: 20768 | Time: 2023-03-14 15:00:00+00:00
ADF Test Result: p-value=0.4572 (Required < 0.10) | OLS Beta: 1.3218
Filter ON: Spread not stationary (p-value too high). Skipping optimization and OOS test.

--- Window 52 Boundary Check ---
IS Period RTH Bars: 980. Start: 2023-02-08 18:00:00+00:00 | End: 2023-04-04 14:45:00+00:00
OOS Start Bar Index: 21158 | Time: 2023-04-04 15:00:00+00:00
ADF Test Result: p-value=0.4500 (Required < 0.10) | OLS Beta: 1.3271
Filter ON: Spread not stationary (p-value too high). Skipping optimization and OOS test.

--- Window 53 Boundary Check ---
IS Period RTH Bars: 980. Start: 2023-03-02 18:00:00+00:00 | End: 2023-04-26 14:45:00+00:00
OOS Start Bar Index: 21548 | Time: 2023-04-26 15:00:00+00:00
ADF Test Result: p-value=0.7182 (Required < 0.10) | OLS Beta: 1.1668
Filter ON: Spread not stationary (p-value too high). Skipping optimization and OOS test.

--- Window 54 Boundary Check ---
IS Period RTH Bars: 980. Start: 2023-03-23 17:00:00+00:00 | End: 2023-05-17 14:45:00+00:00
OOS Start Bar Index: 21938 | Time: 2023-05-17 15:00:00+00:00
ADF Test Result: p-value=0.3892 (Required < 0.10) | OLS Beta: 1.7765
Filter ON: Spread not stationary (p-value too high). Skipping optimization and OOS test.

--- Window 55 Boundary Check ---
IS Period RTH Bars: 980. Start: 2023-04-14 17:00:00+00:00 | End: 2023-06-08 14:45:00+00:00
OOS Start Bar Index: 22328 | Time: 2023-06-08 15:00:00+00:00
ADF Test Result: p-value=0.0770 (Required < 0.10) | OLS Beta: 1.3009
Filter OFF: Spread is stationary. Proceeding with optimization.
IS Optimization Time: 0.07 seconds.
Optimal Params (Sharpe=3.6080, Calmar=69.0113): Z_E=3.1, Z_X=0.3, Z_SL=3.3
📊 Persistence: Saved 634 PnL points to wfa_outputs\oos_equity_curve_AMH_PLD_15m_20251105_155220_0.1.csv
OOS Period (2023-06-08 15:00:00+00:00 to 2023-06-30 14:45:00+00:00): PnL: $-137.84 | Sharpe: -3.0700 | Calmar: -6.9536 | Trades: 152

--- Window 56 Boundary Check ---
IS Period RTH Bars: 980. Start: 2023-05-05 17:00:00+00:00 | End: 2023-06-30 14:45:00+00:00
OOS Start Bar Index: 22718 | Time: 2023-06-30 15:00:00+00:00
ADF Test Result: p-value=0.5759 (Required < 0.10) | OLS Beta: 0.2447
Filter ON: Spread not stationary (p-value too high). Skipping optimization and OOS test.

--- Window 57 Boundary Check ---
IS Period RTH Bars: 980. Start: 2023-05-26 17:00:00+00:00 | End: 2023-07-24 17:30:00+00:00
OOS Start Bar Index: 23108 | Time: 2023-07-24 17:45:00+00:00
ADF Test Result: p-value=0.1629 (Required < 0.10) | OLS Beta: 0.6655
Filter ON: Spread not stationary (p-value too high). Skipping optimization and OOS test.

--- Window 58 Boundary Check ---
IS Period RTH Bars: 980. Start: 2023-06-20 17:00:00+00:00 | End: 2023-08-14 17:30:00+00:00
OOS Start Bar Index: 23498 | Time: 2023-08-14 17:45:00+00:00
ADF Test Result: p-value=0.1272 (Required < 0.10) | OLS Beta: 0.8489
Filter ON: Spread not stationary (p-value too high). Skipping optimization and OOS test.

--- Window 59 Boundary Check ---
IS Period RTH Bars: 980. Start: 2023-07-12 19:45:00+00:00 | End: 2023-09-05 17:30:00+00:00
OOS Start Bar Index: 23888 | Time: 2023-09-05 17:45:00+00:00
ADF Test Result: p-value=0.3668 (Required < 0.10) | OLS Beta: 0.7359
Filter ON: Spread not stationary (p-value too high). Skipping optimization and OOS test.

--- Window 60 Boundary Check ---
IS Period RTH Bars: 980. Start: 2023-08-02 19:45:00+00:00 | End: 2023-09-26 17:30:00+00:00
OOS Start Bar Index: 24278 | Time: 2023-09-26 17:45:00+00:00
ADF Test Result: p-value=0.1815 (Required < 0.10) | OLS Beta: 0.5645
Filter ON: Spread not stationary (p-value too high). Skipping optimization and OOS test.

--- Window 61 Boundary Check ---
IS Period RTH Bars: 980. Start: 2023-08-23 19:45:00+00:00 | End: 2023-10-17 17:30:00+00:00
OOS Start Bar Index: 24668 | Time: 2023-10-17 17:45:00+00:00
ADF Test Result: p-value=0.7519 (Required < 0.10) | OLS Beta: 0.4936
Filter ON: Spread not stationary (p-value too high). Skipping optimization and OOS test.

--- Window 62 Boundary Check ---
IS Period RTH Bars: 980. Start: 2023-09-14 19:45:00+00:00 | End: 2023-11-07 18:30:00+00:00
OOS Start Bar Index: 25058 | Time: 2023-11-07 18:45:00+00:00
ADF Test Result: p-value=0.6041 (Required < 0.10) | OLS Beta: 0.4572
Filter ON: Spread not stationary (p-value too high). Skipping optimization and OOS test.

--- Window 63 Boundary Check ---
IS Period RTH Bars: 980. Start: 2023-10-05 19:45:00+00:00 | End: 2023-11-30 14:45:00+00:00
OOS Start Bar Index: 25448 | Time: 2023-11-30 15:00:00+00:00
ADF Test Result: p-value=0.2213 (Required < 0.10) | OLS Beta: 0.7747
Filter ON: Spread not stationary (p-value too high). Skipping optimization and OOS test.

--- Window 64 Boundary Check ---
IS Period RTH Bars: 980. Start: 2023-10-26 19:45:00+00:00 | End: 2023-12-21 14:45:00+00:00
OOS Start Bar Index: 25838 | Time: 2023-12-21 15:00:00+00:00
ADF Test Result: p-value=0.1721 (Required < 0.10) | OLS Beta: 0.2552
Filter ON: Spread not stationary (p-value too high). Skipping optimization and OOS test.

--- Window 65 Boundary Check ---
IS Period RTH Bars: 980. Start: 2023-11-16 20:45:00+00:00 | End: 2024-01-16 14:45:00+00:00
OOS Start Bar Index: 26228 | Time: 2024-01-16 15:00:00+00:00
ADF Test Result: p-value=0.0832 (Required < 0.10) | OLS Beta: 0.0576
Filter OFF: Spread is stationary. Proceeding with optimization.
IS Optimization Time: 0.07 seconds.
Optimal Params (Sharpe=6.5178, Calmar=85.7794): Z_E=2.1, Z_X=0.5, Z_SL=3.6
📊 Persistence: Saved 638 PnL points to wfa_outputs\oos_equity_curve_AMH_PLD_15m_20251105_155220_0.1.csv
OOS Period (2024-01-16 15:00:00+00:00 to 2024-02-06 14:45:00+00:00): PnL: $784.62 | Sharpe: 7.0528 | Calmar: 17314.2977 | Trades: 4

--- Window 66 Boundary Check ---
IS Period RTH Bars: 980. Start: 2023-12-11 17:00:00+00:00 | End: 2024-02-06 14:45:00+00:00
OOS Start Bar Index: 26618 | Time: 2024-02-06 15:00:00+00:00
ADF Test Result: p-value=0.0104 (Required < 0.10) | OLS Beta: 0.3751
Filter OFF: Spread is stationary. Proceeding with optimization.
IS Optimization Time: 0.08 seconds.
Optimal Params (Sharpe=6.5479, Calmar=828.1973): Z_E=1.9, Z_X=1.3, Z_SL=3.9
📊 Persistence: Saved 725 PnL points to wfa_outputs\oos_equity_curve_AMH_PLD_15m_20251105_155220_0.1.csv
OOS Period (2024-02-06 15:00:00+00:00 to 2024-02-28 14:45:00+00:00): PnL: $-46.47 | Sharpe: -0.6862 | Calmar: -2.2033 | Trades: 87

--- Window 67 Boundary Check ---
IS Period RTH Bars: 980. Start: 2024-01-03 17:00:00+00:00 | End: 2024-02-28 14:45:00+00:00
OOS Start Bar Index: 27008 | Time: 2024-02-28 15:00:00+00:00
ADF Test Result: p-value=0.1839 (Required < 0.10) | OLS Beta: 0.1244
Filter ON: Spread not stationary (p-value too high). Skipping optimization and OOS test.

--- Window 68 Boundary Check ---
IS Period RTH Bars: 980. Start: 2024-01-25 17:00:00+00:00 | End: 2024-03-20 13:45:00+00:00
OOS Start Bar Index: 27398 | Time: 2024-03-20 14:00:00+00:00
ADF Test Result: p-value=0.7797 (Required < 0.10) | OLS Beta: 0.5330
Filter ON: Spread not stationary (p-value too high). Skipping optimization and OOS test.

--- Window 69 Boundary Check ---
IS Period RTH Bars: 980. Start: 2024-02-15 17:00:00+00:00 | End: 2024-04-11 13:45:00+00:00
OOS Start Bar Index: 27788 | Time: 2024-04-11 14:00:00+00:00
ADF Test Result: p-value=0.0576 (Required < 0.10) | OLS Beta: -0.1000
Filter OFF: Spread is stationary. Proceeding with optimization.
IS Optimization Time: 0.10 seconds.
Optimal Params (Sharpe=5.1785, Calmar=31.3382): Z_E=1.9, Z_X=0.5, Z_SL=3.6
📊 Persistence: Saved 726 PnL points to wfa_outputs\oos_equity_curve_AMH_PLD_15m_20251105_155220_0.1.csv
OOS Period (2024-04-11 14:00:00+00:00 to 2024-05-02 13:45:00+00:00): PnL: $484.37 | Sharpe: 4.1040 | Calmar: 0.0000 | Trades: 1

--- Window 70 Boundary Check ---
IS Period RTH Bars: 980. Start: 2024-03-08 17:00:00+00:00 | End: 2024-05-02 13:45:00+00:00
OOS Start Bar Index: 28178 | Time: 2024-05-02 14:00:00+00:00
ADF Test Result: p-value=0.0796 (Required < 0.10) | OLS Beta: 0.0885
Filter OFF: Spread is stationary. Proceeding with optimization.
IS Optimization Time: 0.09 seconds.
Optimal Params (Sharpe=7.4923, Calmar=441.9524): Z_E=2.3, Z_X=1.5, Z_SL=3.9
📊 Persistence: Saved 728 PnL points to wfa_outputs\oos_equity_curve_AMH_PLD_15m_20251105_155220_0.1.csv
OOS Period (2024-05-02 14:00:00+00:00 to 2024-05-23 13:45:00+00:00): PnL: $138.36 | Sharpe: 5.7548 | Calmar: 0.0000 | Trades: 2

--- Window 71 Boundary Check ---
IS Period RTH Bars: 980. Start: 2024-04-01 16:00:00+00:00 | End: 2024-05-23 13:45:00+00:00
OOS Start Bar Index: 28568 | Time: 2024-05-23 14:00:00+00:00
ADF Test Result: p-value=0.2346 (Required < 0.10) | OLS Beta: 0.0277
Filter ON: Spread not stationary (p-value too high). Skipping optimization and OOS test.

--- Window 72 Boundary Check ---
IS Period RTH Bars: 980. Start: 2024-04-22 16:00:00+00:00 | End: 2024-06-14 13:45:00+00:00
OOS Start Bar Index: 28958 | Time: 2024-06-14 14:00:00+00:00
ADF Test Result: p-value=0.1278 (Required < 0.10) | OLS Beta: 0.0835
Filter ON: Spread not stationary (p-value too high). Skipping optimization and OOS test.

--- Window 73 Boundary Check ---
IS Period RTH Bars: 980. Start: 2024-05-13 16:00:00+00:00 | End: 2024-07-09 16:30:00+00:00
OOS Start Bar Index: 29348 | Time: 2024-07-09 16:45:00+00:00
ADF Test Result: p-value=0.5412 (Required < 0.10) | OLS Beta: 0.4661
Filter ON: Spread not stationary (p-value too high). Skipping optimization and OOS test.

--- Window 74 Boundary Check ---
IS Period RTH Bars: 980. Start: 2024-06-04 16:00:00+00:00 | End: 2024-07-30 16:30:00+00:00
OOS Start Bar Index: 29738 | Time: 2024-07-30 16:45:00+00:00
ADF Test Result: p-value=0.4136 (Required < 0.10) | OLS Beta: 0.0605
Filter ON: Spread not stationary (p-value too high). Skipping optimization and OOS test.

--- Window 75 Boundary Check ---
IS Period RTH Bars: 980. Start: 2024-06-26 16:00:00+00:00 | End: 2024-08-20 16:30:00+00:00
OOS Start Bar Index: 30128 | Time: 2024-08-20 16:45:00+00:00
ADF Test Result: p-value=0.4361 (Required < 0.10) | OLS Beta: -0.0252
Filter ON: Spread not stationary (p-value too high). Skipping optimization and OOS test.

--- Window 76 Boundary Check ---
IS Period RTH Bars: 980. Start: 2024-07-18 18:45:00+00:00 | End: 2024-09-11 16:30:00+00:00
OOS Start Bar Index: 30518 | Time: 2024-09-11 16:45:00+00:00
ADF Test Result: p-value=0.5416 (Required < 0.10) | OLS Beta: 0.5519
Filter ON: Spread not stationary (p-value too high). Skipping optimization and OOS test.

--- Window 77 Boundary Check ---
IS Period RTH Bars: 980. Start: 2024-08-08 18:45:00+00:00 | End: 2024-10-02 16:30:00+00:00
OOS Start Bar Index: 30908 | Time: 2024-10-02 16:45:00+00:00
ADF Test Result: p-value=0.2920 (Required < 0.10) | OLS Beta: 0.6649
Filter ON: Spread not stationary (p-value too high). Skipping optimization and OOS test.

--- Window 78 Boundary Check ---
IS Period RTH Bars: 980. Start: 2024-08-29 18:45:00+00:00 | End: 2024-10-23 16:30:00+00:00
OOS Start Bar Index: 31298 | Time: 2024-10-23 16:45:00+00:00
ADF Test Result: p-value=0.3018 (Required < 0.10) | OLS Beta: 0.7183
Filter ON: Spread not stationary (p-value too high). Skipping optimization and OOS test.

--- Window 79 Boundary Check ---
IS Period RTH Bars: 980. Start: 2024-09-20 18:45:00+00:00 | End: 2024-11-13 17:30:00+00:00
OOS Start Bar Index: 31688 | Time: 2024-11-13 17:45:00+00:00
ADF Test Result: p-value=0.3285 (Required < 0.10) | OLS Beta: 0.6408
Filter ON: Spread not stationary (p-value too high). Skipping optimization and OOS test.

--- Window 80 Boundary Check ---
IS Period RTH Bars: 980. Start: 2024-10-11 18:45:00+00:00 | End: 2024-12-05 20:15:00+00:00
OOS Start Bar Index: 32078 | Time: 2024-12-05 20:30:00+00:00
ADF Test Result: p-value=0.3609 (Required < 0.10) | OLS Beta: 0.5070
Filter ON: Spread not stationary (p-value too high). Skipping optimization and OOS test.

############################################################
📈 OVERALL SIMULATION PERFORMANCE (Walk-Forward Test)
############################################################
Timeframe Used: 1Min, Value: 15
ADF Cointegration Filter Threshold: 0.1
Total OOS Windows Tested: 80
Total Trades Executed: 728
--- Final Performance Metrics ---
Total PnL: $1,124.50
Overall Sharpe Ratio (Annualized): 0.2350
Overall Calmar Ratio (Annualized): 0.0736
Maximum Dollar Drawdown (MDD): $684.44

--- Execution Time ---
Total Elapsed Time: 42.38 seconds
############################################################
[0m