--- Dynamic Timeframe Configuration ---
TimeFrame Selected: 1Min, Value: 1
Bars per Trading Day: 390
Annualization Factor (Bars/Year): 98280
Statistical Lookback Bars: 2184
Optimization Lookback Bars: 19032
---------------------------------------
--- Diagnostic Check ---
API Key ID Length: 26
API Secret Key Length: 44
StockHistoricalDataClient initialized successfully. Starting data fetch...
--------------------------
Pre-compiling Numba function for first run optimization...
Numba pre-compilation complete.
Fetching data from 2020-01-15 to 2025-01-13...
Fetching 1Min data for MRVL...
Fetching 1Min data for QCOM...
Data acquired successfully. Total 1Min RTH bars: 487802
Skipping full pre-calculation. Metrics will be calculated inside the WFA loop.

============================================================
📈 Starting Rolling Backtest: IS Optimization Window=19032 bars, Shift=15 days
   Data already processed with Statistical Rolling Window: 2184 bars
   ADF Cointegration Filter: p-value < 0.05
============================================================

--- Window 1 Boundary Check ---
IS Period RTH Bars: 14666. Start: 2020-01-31 15:46:00+00:00 | End: 2020-03-25 19:37:00+00:00
OOS Start Bar Index: 19032 | Time: 2020-03-25 19:38:00+00:00
ADF Test Result: p-value=0.4637 (Required < 0.05) | OLS Beta: 0.8311
Filter ON: Spread not stationary (p-value too high). Skipping optimization and OOS test.

--- Window 2 Boundary Check ---
IS Period RTH Bars: 14666. Start: 2020-02-24 15:46:00+00:00 | End: 2020-04-16 19:37:00+00:00
OOS Start Bar Index: 24882 | Time: 2020-04-16 19:38:00+00:00
ADF Test Result: p-value=0.6635 (Required < 0.05) | OLS Beta: 0.7271
Filter ON: Spread not stationary (p-value too high). Skipping optimization and OOS test.

--- Window 3 Boundary Check ---
IS Period RTH Bars: 14666. Start: 2020-03-16 15:28:00+00:00 | End: 2020-05-07 19:37:00+00:00
OOS Start Bar Index: 30732 | Time: 2020-05-07 19:38:00+00:00
ADF Test Result: p-value=0.0010 (Required < 0.05) | OLS Beta: 1.5861
Filter OFF: Spread is stationary. Proceeding with optimization.
IS Optimization Time: 0.17 seconds.
Optimal Params (Sharpe=6.4717, Calmar=314.3395): Z_E=2.9, Z_X=1.3, Z_SL=3.9
📊 Persistence: Saved 1 PnL points to wfa_outputs\oos_equity_curve_MRVL_QCOM_1m_20251105_194052_0.05.csv
OOS Period (2020-05-07 19:38:00+00:00 to 2020-05-29 19:37:00+00:00): PnL: $188.61 | Sharpe: 4.0991 | Calmar: 0.0000 | Trades: 1

--- Window 4 Boundary Check ---
IS Period RTH Bars: 14666. Start: 2020-04-06 15:42:00+00:00 | End: 2020-05-29 19:37:00+00:00
OOS Start Bar Index: 36582 | Time: 2020-05-29 19:38:00+00:00
ADF Test Result: p-value=0.8478 (Required < 0.05) | OLS Beta: 1.3310
Filter ON: Spread not stationary (p-value too high). Skipping optimization and OOS test.

--- Window 5 Boundary Check ---
IS Period RTH Bars: 14666. Start: 2020-04-28 15:42:00+00:00 | End: 2020-06-19 19:37:00+00:00
OOS Start Bar Index: 42432 | Time: 2020-06-19 19:38:00+00:00
ADF Test Result: p-value=0.4881 (Required < 0.05) | OLS Beta: 1.7275
Filter ON: Spread not stationary (p-value too high). Skipping optimization and OOS test.

--- Window 6 Boundary Check ---
IS Period RTH Bars: 14666. Start: 2020-05-19 15:42:00+00:00 | End: 2020-07-13 19:37:00+00:00
OOS Start Bar Index: 48282 | Time: 2020-07-13 19:38:00+00:00
ADF Test Result: p-value=0.1026 (Required < 0.05) | OLS Beta: 1.0347
Filter ON: Spread not stationary (p-value too high). Skipping optimization and OOS test.

--- Window 7 Boundary Check ---
IS Period RTH Bars: 14666. Start: 2020-06-10 15:42:00+00:00 | End: 2020-08-03 19:37:00+00:00
OOS Start Bar Index: 54132 | Time: 2020-08-03 19:38:00+00:00
ADF Test Result: p-value=0.3804 (Required < 0.05) | OLS Beta: 0.3917
Filter ON: Spread not stationary (p-value too high). Skipping optimization and OOS test.

--- Window 8 Boundary Check ---
IS Period RTH Bars: 14666. Start: 2020-07-01 15:42:00+00:00 | End: 2020-08-24 19:38:00+00:00
OOS Start Bar Index: 59982 | Time: 2020-08-24 19:39:00+00:00
ADF Test Result: p-value=0.1960 (Required < 0.05) | OLS Beta: -0.1785
Filter ON: Spread not stationary (p-value too high). Skipping optimization and OOS test.

--- Window 9 Boundary Check ---
IS Period RTH Bars: 14666. Start: 2020-07-23 15:42:00+00:00 | End: 2020-09-15 19:38:00+00:00
OOS Start Bar Index: 65832 | Time: 2020-09-15 19:39:00+00:00
ADF Test Result: p-value=0.7180 (Required < 0.05) | OLS Beta: 0.2608
Filter ON: Spread not stationary (p-value too high). Skipping optimization and OOS test.

--- Window 10 Boundary Check ---
IS Period RTH Bars: 14666. Start: 2020-08-13 15:42:00+00:00 | End: 2020-10-06 19:38:00+00:00
OOS Start Bar Index: 71682 | Time: 2020-10-06 19:39:00+00:00
ADF Test Result: p-value=0.4957 (Required < 0.05) | OLS Beta: 1.5957
Filter ON: Spread not stationary (p-value too high). Skipping optimization and OOS test.

--- Window 11 Boundary Check ---
IS Period RTH Bars: 14666. Start: 2020-09-03 15:43:00+00:00 | End: 2020-10-27 19:38:00+00:00
OOS Start Bar Index: 77532 | Time: 2020-10-27 19:39:00+00:00
ADF Test Result: p-value=0.1334 (Required < 0.05) | OLS Beta: 0.8179
Filter ON: Spread not stationary (p-value too high). Skipping optimization and OOS test.

--- Window 12 Boundary Check ---
IS Period RTH Bars: 14666. Start: 2020-09-25 15:43:00+00:00 | End: 2020-11-17 20:38:00+00:00
OOS Start Bar Index: 83382 | Time: 2020-11-17 20:39:00+00:00
ADF Test Result: p-value=0.1704 (Required < 0.05) | OLS Beta: 0.2829
Filter ON: Spread not stationary (p-value too high). Skipping optimization and OOS test.

--- Window 13 Boundary Check ---
IS Period RTH Bars: 14666. Start: 2020-10-16 15:43:00+00:00 | End: 2020-12-10 17:03:00+00:00
OOS Start Bar Index: 89232 | Time: 2020-12-10 17:04:00+00:00
ADF Test Result: p-value=0.0957 (Required < 0.05) | OLS Beta: 0.5447
Filter ON: Spread not stationary (p-value too high). Skipping optimization and OOS test.

--- Window 14 Boundary Check ---
IS Period RTH Bars: 14666. Start: 2020-11-06 16:43:00+00:00 | End: 2021-01-04 20:01:00+00:00
OOS Start Bar Index: 95082 | Time: 2021-01-04 20:02:00+00:00
ADF Test Result: p-value=0.3732 (Required < 0.05) | OLS Beta: 0.2083
Filter ON: Spread not stationary (p-value too high). Skipping optimization and OOS test.

--- Window 15 Boundary Check ---
IS Period RTH Bars: 14666. Start: 2020-11-30 19:38:00+00:00 | End: 2021-01-26 20:01:00+00:00
OOS Start Bar Index: 100932 | Time: 2021-01-26 20:02:00+00:00
ADF Test Result: p-value=0.6899 (Required < 0.05) | OLS Beta: 1.1636
Filter ON: Spread not stationary (p-value too high). Skipping optimization and OOS test.

--- Window 16 Boundary Check ---
IS Period RTH Bars: 14666. Start: 2020-12-21 19:38:00+00:00 | End: 2021-02-17 20:01:00+00:00
OOS Start Bar Index: 106782 | Time: 2021-02-17 20:02:00+00:00
ADF Test Result: p-value=0.5653 (Required < 0.05) | OLS Beta: 0.6224
Filter ON: Spread not stationary (p-value too high). Skipping optimization and OOS test.

--- Window 17 Boundary Check ---
IS Period RTH Bars: 14666. Start: 2021-01-14 16:06:00+00:00 | End: 2021-03-10 20:01:00+00:00
OOS Start Bar Index: 112632 | Time: 2021-03-10 20:02:00+00:00
ADF Test Result: p-value=0.2200 (Required < 0.05) | OLS Beta: 0.8362
Filter ON: Spread not stationary (p-value too high). Skipping optimization and OOS test.

--- Window 18 Boundary Check ---
IS Period RTH Bars: 14666. Start: 2021-02-05 16:06:00+00:00 | End: 2021-03-31 19:01:00+00:00
OOS Start Bar Index: 118482 | Time: 2021-03-31 19:02:00+00:00
ADF Test Result: p-value=0.3570 (Required < 0.05) | OLS Beta: 1.2508
Filter ON: Spread not stationary (p-value too high). Skipping optimization and OOS test.

--- Window 19 Boundary Check ---
IS Period RTH Bars: 14666. Start: 2021-03-01 16:06:00+00:00 | End: 2021-04-22 19:02:00+00:00
OOS Start Bar Index: 124332 | Time: 2021-04-22 19:03:00+00:00
ADF Test Result: p-value=0.1848 (Required < 0.05) | OLS Beta: 1.5747
Filter ON: Spread not stationary (p-value too high). Skipping optimization and OOS test.

--- Window 20 Boundary Check ---
IS Period RTH Bars: 14666. Start: 2021-03-22 15:06:00+00:00 | End: 2021-05-13 19:02:00+00:00
OOS Start Bar Index: 130182 | Time: 2021-05-13 19:03:00+00:00
ADF Test Result: p-value=0.7354 (Required < 0.05) | OLS Beta: 1.0382
Filter ON: Spread not stationary (p-value too high). Skipping optimization and OOS test.

--- Window 21 Boundary Check ---
IS Period RTH Bars: 14666. Start: 2021-04-13 15:06:00+00:00 | End: 2021-06-04 19:02:00+00:00
OOS Start Bar Index: 136032 | Time: 2021-06-04 19:03:00+00:00
ADF Test Result: p-value=0.6125 (Required < 0.05) | OLS Beta: 1.0484
Filter ON: Spread not stationary (p-value too high). Skipping optimization and OOS test.

--- Window 22 Boundary Check ---
IS Period RTH Bars: 14666. Start: 2021-05-04 15:07:00+00:00 | End: 2021-06-25 19:02:00+00:00
OOS Start Bar Index: 141882 | Time: 2021-06-25 19:03:00+00:00
ADF Test Result: p-value=0.1633 (Required < 0.05) | OLS Beta: 2.9082
Filter ON: Spread not stationary (p-value too high). Skipping optimization and OOS test.

--- Window 23 Boundary Check ---
IS Period RTH Bars: 14666. Start: 2021-05-25 15:07:00+00:00 | End: 2021-07-19 19:02:00+00:00
OOS Start Bar Index: 147732 | Time: 2021-07-19 19:03:00+00:00
ADF Test Result: p-value=0.2775 (Required < 0.05) | OLS Beta: 2.1903
Filter ON: Spread not stationary (p-value too high). Skipping optimization and OOS test.

--- Window 24 Boundary Check ---
IS Period RTH Bars: 14666. Start: 2021-06-16 15:07:00+00:00 | End: 2021-08-09 19:05:00+00:00
OOS Start Bar Index: 153582 | Time: 2021-08-09 19:06:00+00:00
ADF Test Result: p-value=0.0325 (Required < 0.05) | OLS Beta: 1.0925
Filter OFF: Spread is stationary. Proceeding with optimization.
IS Optimization Time: 0.15 seconds.
Optimal Params (Sharpe=0.5216, Calmar=1.3630): Z_E=2.5, Z_X=1.5, Z_SL=3.6
📊 Persistence: Saved 408 PnL points to wfa_outputs\oos_equity_curve_MRVL_QCOM_1m_20251105_194052_0.05.csv
OOS Period (2021-08-09 19:06:00+00:00 to 2021-08-30 19:05:00+00:00): PnL: $53.72 | Sharpe: 1.1929 | Calmar: 6.2109 | Trades: 407

--- Window 25 Boundary Check ---
IS Period RTH Bars: 14666. Start: 2021-07-08 15:07:00+00:00 | End: 2021-08-30 19:05:00+00:00
OOS Start Bar Index: 159432 | Time: 2021-08-30 19:06:00+00:00
ADF Test Result: p-value=0.3585 (Required < 0.05) | OLS Beta: 1.1138
Filter ON: Spread not stationary (p-value too high). Skipping optimization and OOS test.

--- Window 26 Boundary Check ---
IS Period RTH Bars: 14666. Start: 2021-07-29 15:10:00+00:00 | End: 2021-09-21 19:07:00+00:00
OOS Start Bar Index: 165282 | Time: 2021-09-21 19:08:00+00:00
ADF Test Result: p-value=0.0658 (Required < 0.05) | OLS Beta: -0.0849
Filter ON: Spread not stationary (p-value too high). Skipping optimization and OOS test.

--- Window 27 Boundary Check ---
IS Period RTH Bars: 14666. Start: 2021-08-19 15:10:00+00:00 | End: 2021-10-12 19:11:00+00:00
OOS Start Bar Index: 171132 | Time: 2021-10-12 19:12:00+00:00
ADF Test Result: p-value=0.0524 (Required < 0.05) | OLS Beta: -0.0308
Filter ON: Spread not stationary (p-value too high). Skipping optimization and OOS test.

--- Window 28 Boundary Check ---
IS Period RTH Bars: 14666. Start: 2021-09-10 15:11:00+00:00 | End: 2021-11-02 19:12:00+00:00
OOS Start Bar Index: 176982 | Time: 2021-11-02 19:13:00+00:00
ADF Test Result: p-value=0.7746 (Required < 0.05) | OLS Beta: 0.0878
Filter ON: Spread not stationary (p-value too high). Skipping optimization and OOS test.

--- Window 29 Boundary Check ---
IS Period RTH Bars: 14666. Start: 2021-10-01 15:15:00+00:00 | End: 2021-11-23 20:13:00+00:00
OOS Start Bar Index: 182832 | Time: 2021-11-23 20:14:00+00:00
ADF Test Result: p-value=0.0699 (Required < 0.05) | OLS Beta: 0.4060
Filter ON: Spread not stationary (p-value too high). Skipping optimization and OOS test.

--- Window 30 Boundary Check ---
IS Period RTH Bars: 14666. Start: 2021-10-22 15:17:00+00:00 | End: 2021-12-16 16:32:00+00:00
OOS Start Bar Index: 188682 | Time: 2021-12-16 16:33:00+00:00
ADF Test Result: p-value=0.6185 (Required < 0.05) | OLS Beta: 0.5092
Filter ON: Spread not stationary (p-value too high). Skipping optimization and OOS test.

--- Window 31 Boundary Check ---
IS Period RTH Bars: 14666. Start: 2021-11-12 16:18:00+00:00 | End: 2022-01-07 16:33:00+00:00
OOS Start Bar Index: 194532 | Time: 2022-01-07 16:34:00+00:00
ADF Test Result: p-value=0.5108 (Required < 0.05) | OLS Beta: 1.5257
Filter ON: Spread not stationary (p-value too high). Skipping optimization and OOS test.

--- Window 32 Boundary Check ---
IS Period RTH Bars: 14666. Start: 2021-12-06 19:07:00+00:00 | End: 2022-01-31 16:33:00+00:00
OOS Start Bar Index: 200382 | Time: 2022-01-31 16:34:00+00:00
ADF Test Result: p-value=0.2564 (Required < 0.05) | OLS Beta: 1.9751
Filter ON: Spread not stationary (p-value too high). Skipping optimization and OOS test.

--- Window 33 Boundary Check ---
IS Period RTH Bars: 14666. Start: 2021-12-28 19:07:00+00:00 | End: 2022-02-22 16:33:00+00:00
OOS Start Bar Index: 206232 | Time: 2022-02-22 16:34:00+00:00
ADF Test Result: p-value=0.3315 (Required < 0.05) | OLS Beta: 1.7521
Filter ON: Spread not stationary (p-value too high). Skipping optimization and OOS test.

--- Window 34 Boundary Check ---
IS Period RTH Bars: 14666. Start: 2022-01-19 19:08:00+00:00 | End: 2022-03-15 15:33:00+00:00
OOS Start Bar Index: 212082 | Time: 2022-03-15 15:34:00+00:00
ADF Test Result: p-value=0.1151 (Required < 0.05) | OLS Beta: 0.8736
Filter ON: Spread not stationary (p-value too high). Skipping optimization and OOS test.

--- Window 35 Boundary Check ---
IS Period RTH Bars: 14666. Start: 2022-02-09 19:08:00+00:00 | End: 2022-04-05 15:33:00+00:00
OOS Start Bar Index: 217932 | Time: 2022-04-05 15:34:00+00:00
ADF Test Result: p-value=0.2637 (Required < 0.05) | OLS Beta: 0.3033
Filter ON: Spread not stationary (p-value too high). Skipping optimization and OOS test.

--- Window 36 Boundary Check ---
IS Period RTH Bars: 14666. Start: 2022-03-03 19:08:00+00:00 | End: 2022-04-27 15:33:00+00:00
OOS Start Bar Index: 223782 | Time: 2022-04-27 15:34:00+00:00
ADF Test Result: p-value=0.2302 (Required < 0.05) | OLS Beta: 0.9086
Filter ON: Spread not stationary (p-value too high). Skipping optimization and OOS test.

--- Window 37 Boundary Check ---
IS Period RTH Bars: 14666. Start: 2022-03-24 18:08:00+00:00 | End: 2022-05-18 15:33:00+00:00
OOS Start Bar Index: 229632 | Time: 2022-05-18 15:34:00+00:00
ADF Test Result: p-value=0.3128 (Required < 0.05) | OLS Beta: 1.6605
Filter ON: Spread not stationary (p-value too high). Skipping optimization and OOS test.

--- Window 38 Boundary Check ---
IS Period RTH Bars: 14666. Start: 2022-04-14 18:08:00+00:00 | End: 2022-06-09 15:33:00+00:00
OOS Start Bar Index: 235482 | Time: 2022-06-09 15:34:00+00:00
ADF Test Result: p-value=0.1188 (Required < 0.05) | OLS Beta: 1.1660
Filter ON: Spread not stationary (p-value too high). Skipping optimization and OOS test.

--- Window 39 Boundary Check ---
IS Period RTH Bars: 14666. Start: 2022-05-06 18:08:00+00:00 | End: 2022-07-01 15:33:00+00:00
OOS Start Bar Index: 241332 | Time: 2022-07-01 15:34:00+00:00
ADF Test Result: p-value=0.4923 (Required < 0.05) | OLS Beta: 1.8001
Filter ON: Spread not stationary (p-value too high). Skipping optimization and OOS test.

--- Window 40 Boundary Check ---
IS Period RTH Bars: 14666. Start: 2022-05-27 18:08:00+00:00 | End: 2022-07-25 15:33:00+00:00
OOS Start Bar Index: 247182 | Time: 2022-07-25 15:34:00+00:00
ADF Test Result: p-value=0.6227 (Required < 0.05) | OLS Beta: 1.0670
Filter ON: Spread not stationary (p-value too high). Skipping optimization and OOS test.

--- Window 41 Boundary Check ---
IS Period RTH Bars: 14666. Start: 2022-06-21 18:08:00+00:00 | End: 2022-08-15 15:33:00+00:00
OOS Start Bar Index: 253032 | Time: 2022-08-15 15:34:00+00:00
ADF Test Result: p-value=0.4675 (Required < 0.05) | OLS Beta: 1.0063
Filter ON: Spread not stationary (p-value too high). Skipping optimization and OOS test.

--- Window 42 Boundary Check ---
IS Period RTH Bars: 14666. Start: 2022-07-13 18:08:00+00:00 | End: 2022-09-06 15:33:00+00:00
OOS Start Bar Index: 258882 | Time: 2022-09-06 15:34:00+00:00
ADF Test Result: p-value=0.3905 (Required < 0.05) | OLS Beta: 1.1038
Filter ON: Spread not stationary (p-value too high). Skipping optimization and OOS test.

--- Window 43 Boundary Check ---
IS Period RTH Bars: 14666. Start: 2022-08-03 18:08:00+00:00 | End: 2022-09-27 15:33:00+00:00
OOS Start Bar Index: 264732 | Time: 2022-09-27 15:34:00+00:00
ADF Test Result: p-value=0.0748 (Required < 0.05) | OLS Beta: 1.1050
Filter ON: Spread not stationary (p-value too high). Skipping optimization and OOS test.

--- Window 44 Boundary Check ---
IS Period RTH Bars: 14666. Start: 2022-08-24 18:08:00+00:00 | End: 2022-10-18 15:33:00+00:00
OOS Start Bar Index: 270582 | Time: 2022-10-18 15:34:00+00:00
ADF Test Result: p-value=0.5855 (Required < 0.05) | OLS Beta: 1.1897
Filter ON: Spread not stationary (p-value too high). Skipping optimization and OOS test.

--- Window 45 Boundary Check ---
IS Period RTH Bars: 14666. Start: 2022-09-15 18:08:00+00:00 | End: 2022-11-08 16:33:00+00:00
OOS Start Bar Index: 276432 | Time: 2022-11-08 16:34:00+00:00
ADF Test Result: p-value=0.1978 (Required < 0.05) | OLS Beta: 1.2826
Filter ON: Spread not stationary (p-value too high). Skipping optimization and OOS test.

--- Window 46 Boundary Check ---
IS Period RTH Bars: 14666. Start: 2022-10-06 18:08:00+00:00 | End: 2022-11-30 19:30:00+00:00
OOS Start Bar Index: 282282 | Time: 2022-11-30 19:31:00+00:00
ADF Test Result: p-value=0.0019 (Required < 0.05) | OLS Beta: 1.0312
Filter OFF: Spread is stationary. Proceeding with optimization.
IS Optimization Time: 0.16 seconds.
Optimal Params (Sharpe=3.6138, Calmar=30.7273): Z_E=3.3, Z_X=0.5, Z_SL=3.6
📊 Persistence: Saved 408 PnL points to wfa_outputs\oos_equity_curve_MRVL_QCOM_1m_20251105_194052_0.05.csv
OOS Period (2022-11-30 19:31:00+00:00 to 2022-12-21 19:30:00+00:00): PnL: $0.00 | Sharpe: 0.0000 | Calmar: 0.0000 | Trades: 0

--- Window 47 Boundary Check ---
IS Period RTH Bars: 14666. Start: 2022-10-27 18:08:00+00:00 | End: 2022-12-21 19:30:00+00:00
OOS Start Bar Index: 288132 | Time: 2022-12-21 19:31:00+00:00
ADF Test Result: p-value=0.0390 (Required < 0.05) | OLS Beta: 0.9613
Filter OFF: Spread is stationary. Proceeding with optimization.
IS Optimization Time: 0.15 seconds.
Optimal Params (Sharpe=5.9505, Calmar=76.5242): Z_E=2.7, Z_X=0.9, Z_SL=3.6
📊 Persistence: Saved 1035 PnL points to wfa_outputs\oos_equity_curve_MRVL_QCOM_1m_20251105_194052_0.05.csv
OOS Period (2022-12-21 19:31:00+00:00 to 2023-01-13 19:30:00+00:00): PnL: $183.33 | Sharpe: 1.9922 | Calmar: 10.7834 | Trades: 627

--- Window 48 Boundary Check ---
IS Period RTH Bars: 14666. Start: 2022-11-17 19:08:00+00:00 | End: 2023-01-13 19:30:00+00:00
OOS Start Bar Index: 293982 | Time: 2023-01-13 19:31:00+00:00
ADF Test Result: p-value=0.2109 (Required < 0.05) | OLS Beta: 1.4803
Filter ON: Spread not stationary (p-value too high). Skipping optimization and OOS test.

--- Window 49 Boundary Check ---
IS Period RTH Bars: 14666. Start: 2022-12-12 15:35:00+00:00 | End: 2023-02-06 19:30:00+00:00
OOS Start Bar Index: 299832 | Time: 2023-02-06 19:31:00+00:00
ADF Test Result: p-value=0.0989 (Required < 0.05) | OLS Beta: 1.0278
Filter ON: Spread not stationary (p-value too high). Skipping optimization and OOS test.

--- Window 50 Boundary Check ---
IS Period RTH Bars: 14666. Start: 2023-01-04 15:35:00+00:00 | End: 2023-02-28 19:30:00+00:00
OOS Start Bar Index: 305682 | Time: 2023-02-28 19:31:00+00:00
ADF Test Result: p-value=0.7644 (Required < 0.05) | OLS Beta: 1.2815
Filter ON: Spread not stationary (p-value too high). Skipping optimization and OOS test.

--- Window 51 Boundary Check ---
IS Period RTH Bars: 14666. Start: 2023-01-26 15:35:00+00:00 | End: 2023-03-21 18:30:00+00:00
OOS Start Bar Index: 311532 | Time: 2023-03-21 18:31:00+00:00
ADF Test Result: p-value=0.2006 (Required < 0.05) | OLS Beta: 1.0561
Filter ON: Spread not stationary (p-value too high). Skipping optimization and OOS test.

--- Window 52 Boundary Check ---
IS Period RTH Bars: 14666. Start: 2023-02-16 15:35:00+00:00 | End: 2023-04-12 18:30:00+00:00
OOS Start Bar Index: 317382 | Time: 2023-04-12 18:31:00+00:00
ADF Test Result: p-value=0.4082 (Required < 0.05) | OLS Beta: 1.3421
Filter ON: Spread not stationary (p-value too high). Skipping optimization and OOS test.

--- Window 53 Boundary Check ---
IS Period RTH Bars: 14666. Start: 2023-03-10 15:35:00+00:00 | End: 2023-05-03 18:30:00+00:00
OOS Start Bar Index: 323232 | Time: 2023-05-03 18:31:00+00:00
ADF Test Result: p-value=0.0693 (Required < 0.05) | OLS Beta: 0.8928
Filter ON: Spread not stationary (p-value too high). Skipping optimization and OOS test.

--- Window 54 Boundary Check ---
IS Period RTH Bars: 14666. Start: 2023-03-31 14:35:00+00:00 | End: 2023-05-24 18:30:00+00:00
OOS Start Bar Index: 329082 | Time: 2023-05-24 18:31:00+00:00
ADF Test Result: p-value=0.5064 (Required < 0.05) | OLS Beta: -0.3143
Filter ON: Spread not stationary (p-value too high). Skipping optimization and OOS test.

--- Window 55 Boundary Check ---
IS Period RTH Bars: 14666. Start: 2023-04-24 14:35:00+00:00 | End: 2023-06-15 18:30:00+00:00
OOS Start Bar Index: 334932 | Time: 2023-06-15 18:31:00+00:00
ADF Test Result: p-value=0.4300 (Required < 0.05) | OLS Beta: 1.8098
Filter ON: Spread not stationary (p-value too high). Skipping optimization and OOS test.

--- Window 56 Boundary Check ---
IS Period RTH Bars: 14666. Start: 2023-05-15 14:35:00+00:00 | End: 2023-07-11 14:57:00+00:00
OOS Start Bar Index: 340782 | Time: 2023-07-11 14:58:00+00:00
ADF Test Result: p-value=0.1015 (Required < 0.05) | OLS Beta: 1.9434
Filter ON: Spread not stationary (p-value too high). Skipping optimization and OOS test.

--- Window 57 Boundary Check ---
IS Period RTH Bars: 14666. Start: 2023-06-06 14:35:00+00:00 | End: 2023-08-01 14:57:00+00:00
OOS Start Bar Index: 346632 | Time: 2023-08-01 14:58:00+00:00
ADF Test Result: p-value=0.0734 (Required < 0.05) | OLS Beta: 0.9439
Filter ON: Spread not stationary (p-value too high). Skipping optimization and OOS test.

--- Window 58 Boundary Check ---
IS Period RTH Bars: 14666. Start: 2023-06-28 14:35:00+00:00 | End: 2023-08-22 14:57:00+00:00
OOS Start Bar Index: 352482 | Time: 2023-08-22 14:58:00+00:00
ADF Test Result: p-value=0.0738 (Required < 0.05) | OLS Beta: 0.7529
Filter ON: Spread not stationary (p-value too high). Skipping optimization and OOS test.

--- Window 59 Boundary Check ---
IS Period RTH Bars: 14666. Start: 2023-07-20 17:32:00+00:00 | End: 2023-09-13 14:57:00+00:00
OOS Start Bar Index: 358332 | Time: 2023-09-13 14:58:00+00:00
ADF Test Result: p-value=0.0872 (Required < 0.05) | OLS Beta: 0.7972
Filter ON: Spread not stationary (p-value too high). Skipping optimization and OOS test.

--- Window 60 Boundary Check ---
IS Period RTH Bars: 14666. Start: 2023-08-10 17:32:00+00:00 | End: 2023-10-04 14:57:00+00:00
OOS Start Bar Index: 364182 | Time: 2023-10-04 14:58:00+00:00
ADF Test Result: p-value=0.5953 (Required < 0.05) | OLS Beta: 0.5803
Filter ON: Spread not stationary (p-value too high). Skipping optimization and OOS test.

--- Window 61 Boundary Check ---
IS Period RTH Bars: 14666. Start: 2023-08-31 17:32:00+00:00 | End: 2023-10-25 14:57:00+00:00
OOS Start Bar Index: 370032 | Time: 2023-10-25 14:58:00+00:00
ADF Test Result: p-value=0.6334 (Required < 0.05) | OLS Beta: 1.1165
Filter ON: Spread not stationary (p-value too high). Skipping optimization and OOS test.

--- Window 62 Boundary Check ---
IS Period RTH Bars: 14666. Start: 2023-09-22 17:32:00+00:00 | End: 2023-11-15 15:57:00+00:00
OOS Start Bar Index: 375882 | Time: 2023-11-15 15:58:00+00:00
ADF Test Result: p-value=0.6934 (Required < 0.05) | OLS Beta: 0.4914
Filter ON: Spread not stationary (p-value too high). Skipping optimization and OOS test.

--- Window 63 Boundary Check ---
IS Period RTH Bars: 14666. Start: 2023-10-13 17:32:00+00:00 | End: 2023-12-07 18:56:00+00:00
OOS Start Bar Index: 381732 | Time: 2023-12-07 18:57:00+00:00
ADF Test Result: p-value=0.4304 (Required < 0.05) | OLS Beta: 0.5946
Filter ON: Spread not stationary (p-value too high). Skipping optimization and OOS test.

--- Window 64 Boundary Check ---
IS Period RTH Bars: 14666. Start: 2023-11-03 17:32:00+00:00 | End: 2023-12-29 18:56:00+00:00
OOS Start Bar Index: 387582 | Time: 2023-12-29 18:57:00+00:00
ADF Test Result: p-value=0.4038 (Required < 0.05) | OLS Beta: 0.7303
Filter ON: Spread not stationary (p-value too high). Skipping optimization and OOS test.

--- Window 65 Boundary Check ---
IS Period RTH Bars: 14666. Start: 2023-11-28 15:01:00+00:00 | End: 2024-01-23 18:56:00+00:00
OOS Start Bar Index: 393432 | Time: 2024-01-23 18:57:00+00:00
ADF Test Result: p-value=0.5320 (Required < 0.05) | OLS Beta: 1.5091
Filter ON: Spread not stationary (p-value too high). Skipping optimization and OOS test.

--- Window 66 Boundary Check ---
IS Period RTH Bars: 14666. Start: 2023-12-19 15:01:00+00:00 | End: 2024-02-13 18:56:00+00:00
OOS Start Bar Index: 399282 | Time: 2024-02-13 18:57:00+00:00
ADF Test Result: p-value=0.3455 (Required < 0.05) | OLS Beta: 1.3429
Filter ON: Spread not stationary (p-value too high). Skipping optimization and OOS test.

--- Window 67 Boundary Check ---
IS Period RTH Bars: 14666. Start: 2024-01-11 15:01:00+00:00 | End: 2024-03-06 18:56:00+00:00
OOS Start Bar Index: 405132 | Time: 2024-03-06 18:57:00+00:00
ADF Test Result: p-value=0.4086 (Required < 0.05) | OLS Beta: 0.8166
Filter ON: Spread not stationary (p-value too high). Skipping optimization and OOS test.

--- Window 68 Boundary Check ---
IS Period RTH Bars: 14666. Start: 2024-02-02 15:01:00+00:00 | End: 2024-03-27 17:56:00+00:00
OOS Start Bar Index: 410982 | Time: 2024-03-27 17:57:00+00:00
ADF Test Result: p-value=0.4913 (Required < 0.05) | OLS Beta: 0.3896
Filter ON: Spread not stationary (p-value too high). Skipping optimization and OOS test.

--- Window 69 Boundary Check ---
IS Period RTH Bars: 14666. Start: 2024-02-26 15:01:00+00:00 | End: 2024-04-18 17:56:00+00:00
OOS Start Bar Index: 416832 | Time: 2024-04-18 17:57:00+00:00
ADF Test Result: p-value=0.6826 (Required < 0.05) | OLS Beta: 0.5077
Filter ON: Spread not stationary (p-value too high). Skipping optimization and OOS test.

--- Window 70 Boundary Check ---
IS Period RTH Bars: 14666. Start: 2024-03-18 14:01:00+00:00 | End: 2024-05-09 17:56:00+00:00
OOS Start Bar Index: 422682 | Time: 2024-05-09 17:57:00+00:00
ADF Test Result: p-value=0.4904 (Required < 0.05) | OLS Beta: 0.7056
Filter ON: Spread not stationary (p-value too high). Skipping optimization and OOS test.

--- Window 71 Boundary Check ---
IS Period RTH Bars: 14666. Start: 2024-04-09 14:01:00+00:00 | End: 2024-05-31 17:56:00+00:00
OOS Start Bar Index: 428532 | Time: 2024-05-31 17:57:00+00:00
ADF Test Result: p-value=0.2640 (Required < 0.05) | OLS Beta: 0.5288
Filter ON: Spread not stationary (p-value too high). Skipping optimization and OOS test.

--- Window 72 Boundary Check ---
IS Period RTH Bars: 14666. Start: 2024-04-30 14:01:00+00:00 | End: 2024-06-24 17:56:00+00:00
OOS Start Bar Index: 434382 | Time: 2024-06-24 17:57:00+00:00
ADF Test Result: p-value=0.2310 (Required < 0.05) | OLS Beta: 0.3456
Filter ON: Spread not stationary (p-value too high). Skipping optimization and OOS test.

--- Window 73 Boundary Check ---
IS Period RTH Bars: 14666. Start: 2024-05-21 14:01:00+00:00 | End: 2024-07-17 14:17:00+00:00
OOS Start Bar Index: 440232 | Time: 2024-07-17 14:18:00+00:00
ADF Test Result: p-value=0.2418 (Required < 0.05) | OLS Beta: 0.4143
Filter ON: Spread not stationary (p-value too high). Skipping optimization and OOS test.

--- Window 74 Boundary Check ---
IS Period RTH Bars: 14666. Start: 2024-06-12 14:01:00+00:00 | End: 2024-08-07 14:17:00+00:00
OOS Start Bar Index: 446082 | Time: 2024-08-07 14:18:00+00:00
ADF Test Result: p-value=0.0615 (Required < 0.05) | OLS Beta: 0.6866
Filter ON: Spread not stationary (p-value too high). Skipping optimization and OOS test.

--- Window 75 Boundary Check ---
IS Period RTH Bars: 14666. Start: 2024-07-05 16:52:00+00:00 | End: 2024-08-28 14:17:00+00:00
OOS Start Bar Index: 451932 | Time: 2024-08-28 14:18:00+00:00
ADF Test Result: p-value=0.5701 (Required < 0.05) | OLS Beta: 0.7047
Filter ON: Spread not stationary (p-value too high). Skipping optimization and OOS test.

--- Window 76 Boundary Check ---
IS Period RTH Bars: 14666. Start: 2024-07-26 16:52:00+00:00 | End: 2024-09-19 14:17:00+00:00
OOS Start Bar Index: 457782 | Time: 2024-09-19 14:18:00+00:00
ADF Test Result: p-value=0.5683 (Required < 0.05) | OLS Beta: 1.0713
Filter ON: Spread not stationary (p-value too high). Skipping optimization and OOS test.

--- Window 77 Boundary Check ---
IS Period RTH Bars: 14666. Start: 2024-08-16 16:52:00+00:00 | End: 2024-10-10 14:17:00+00:00
OOS Start Bar Index: 463632 | Time: 2024-10-10 14:18:00+00:00
ADF Test Result: p-value=0.0450 (Required < 0.05) | OLS Beta: 0.3572
Filter OFF: Spread is stationary. Proceeding with optimization.
IS Optimization Time: 0.17 seconds.
Optimal Params (Sharpe=9.2208, Calmar=217.8943): Z_E=2.1, Z_X=1.5, Z_SL=4.5
📊 Persistence: Saved 2715 PnL points to wfa_outputs\oos_equity_curve_MRVL_QCOM_1m_20251105_194052_0.05.csv
OOS Period (2024-10-10 14:18:00+00:00 to 2024-10-31 14:17:00+00:00): PnL: $-1,063.08 | Sharpe: -9.5211 | Calmar: -7.0970 | Trades: 1680

--- Window 78 Boundary Check ---
IS Period RTH Bars: 14666. Start: 2024-09-09 16:52:00+00:00 | End: 2024-10-31 14:17:00+00:00
OOS Start Bar Index: 469482 | Time: 2024-10-31 14:18:00+00:00
ADF Test Result: p-value=0.7708 (Required < 0.05) | OLS Beta: 1.5495
Filter ON: Spread not stationary (p-value too high). Skipping optimization and OOS test.

--- Window 79 Boundary Check ---
IS Period RTH Bars: 14666. Start: 2024-09-30 16:52:00+00:00 | End: 2024-11-21 15:17:00+00:00
OOS Start Bar Index: 475332 | Time: 2024-11-21 15:18:00+00:00
ADF Test Result: p-value=0.4008 (Required < 0.05) | OLS Beta: -0.6339
Filter ON: Spread not stationary (p-value too high). Skipping optimization and OOS test.

--- Window 80 Boundary Check ---
IS Period RTH Bars: 14666. Start: 2024-10-21 16:52:00+00:00 | End: 2024-12-13 18:15:00+00:00
OOS Start Bar Index: 481182 | Time: 2024-12-13 18:16:00+00:00
ADF Test Result: p-value=0.5782 (Required < 0.05) | OLS Beta: -1.4377
Filter ON: Spread not stationary (p-value too high). Skipping optimization and OOS test.

--- Window 81 Boundary Check ---
IS Period RTH Bars: 14666. Start: 2024-11-11 17:52:00+00:00 | End: 2025-01-08 14:39:00+00:00
OOS Start Bar Index: 487032 | Time: 2025-01-08 14:40:00+00:00
ADF Test Result: p-value=0.5554 (Required < 0.05) | OLS Beta: -0.8340
Filter ON: Spread not stationary (p-value too high). Skipping optimization and OOS test.

############################################################
📈 OVERALL SIMULATION PERFORMANCE (Walk-Forward Test)
############################################################
Timeframe Used: 1Min, Value: 1
ADF Cointegration Filter Threshold: 0.05
Total OOS Windows Tested: 81
Total Trades Executed: 2715
--- Final Performance Metrics ---
Total PnL: $-637.42
Overall Sharpe Ratio (Annualized): -0.2018
Overall Calmar Ratio (Annualized): -0.0219
Maximum Dollar Drawdown (MDD): $1,266.12

--- Execution Time ---
Total Elapsed Time: 142.74 seconds
############################################################
[0m