--- Dynamic Timeframe Configuration ---
TimeFrame Selected: 1Min, Value: 1
Bars per Trading Day: 390
Annualization Factor (Bars/Year): 98280
Statistical Lookback Bars: 2184
Optimization Lookback Bars: 19032
---------------------------------------
--- Diagnostic Check ---
API Key ID Length: 26
API Secret Key Length: 44
StockHistoricalDataClient initialized successfully. Starting data fetch...
--------------------------
Pre-compiling Numba function for first run optimization...
Numba pre-compilation complete.
Fetching data from 2020-01-08 to 2025-01-06...
Fetching 1Min data for MRVL...
Fetching 1Min data for QCOM...
Data acquired successfully. Total 1Min RTH bars: 488192
Skipping full pre-calculation. Metrics will be calculated inside the WFA loop.

============================================================
📈 Starting Rolling Backtest: IS Optimization Window=19032 bars, Shift=15 days
   Data already processed with Statistical Rolling Window: 2184 bars
   ADF Cointegration Filter: p-value < 0.05
============================================================

--- Window 1 Boundary Check ---
IS Period RTH Bars: 14666. Start: 2020-01-24 15:46:00+00:00 | End: 2020-03-18 19:37:00+00:00
OOS Start Bar Index: 19032 | Time: 2020-03-18 19:38:00+00:00
ADF Test Result: p-value=0.0417 (Required < 0.05) | OLS Beta: 0.9919
Filter OFF: Spread is stationary. Proceeding with optimization.
IS Optimization Time: 0.15 seconds.
Optimal Params (Sharpe=4.8690, Calmar=31.2600): Z_E=2.7, Z_X=0.3, Z_SL=4.2
📊 Persistence: Saved 585 PnL points to wfa_outputs\oos_equity_curve_MRVL_QCOM_1m_20251105_193822_0.05.csv
OOS Period (2020-03-18 19:38:00+00:00 to 2020-04-08 19:37:00+00:00): PnL: $-589.99 | Sharpe: -5.7871 | Calmar: -10.3883 | Trades: 585

--- Window 2 Boundary Check ---
IS Period RTH Bars: 14666. Start: 2020-02-14 15:46:00+00:00 | End: 2020-04-08 19:37:00+00:00
OOS Start Bar Index: 24882 | Time: 2020-04-08 19:38:00+00:00
ADF Test Result: p-value=0.6259 (Required < 0.05) | OLS Beta: 0.6459
Filter ON: Spread not stationary (p-value too high). Skipping optimization and OOS test.

--- Window 3 Boundary Check ---
IS Period RTH Bars: 14666. Start: 2020-03-09 15:00:00+00:00 | End: 2020-04-30 19:37:00+00:00
OOS Start Bar Index: 30732 | Time: 2020-04-30 19:38:00+00:00
ADF Test Result: p-value=0.1442 (Required < 0.05) | OLS Beta: 1.5758
Filter ON: Spread not stationary (p-value too high). Skipping optimization and OOS test.

--- Window 4 Boundary Check ---
IS Period RTH Bars: 14666. Start: 2020-03-30 15:42:00+00:00 | End: 2020-05-21 19:37:00+00:00
OOS Start Bar Index: 36582 | Time: 2020-05-21 19:38:00+00:00
ADF Test Result: p-value=0.5020 (Required < 0.05) | OLS Beta: 1.1419
Filter ON: Spread not stationary (p-value too high). Skipping optimization and OOS test.

--- Window 5 Boundary Check ---
IS Period RTH Bars: 14666. Start: 2020-04-21 15:42:00+00:00 | End: 2020-06-12 19:37:00+00:00
OOS Start Bar Index: 42432 | Time: 2020-06-12 19:38:00+00:00
ADF Test Result: p-value=0.5090 (Required < 0.05) | OLS Beta: 1.7177
Filter ON: Spread not stationary (p-value too high). Skipping optimization and OOS test.

--- Window 6 Boundary Check ---
IS Period RTH Bars: 14666. Start: 2020-05-12 15:42:00+00:00 | End: 2020-07-06 19:37:00+00:00
OOS Start Bar Index: 48282 | Time: 2020-07-06 19:38:00+00:00
ADF Test Result: p-value=0.1700 (Required < 0.05) | OLS Beta: 1.3343
Filter ON: Spread not stationary (p-value too high). Skipping optimization and OOS test.

--- Window 7 Boundary Check ---
IS Period RTH Bars: 14666. Start: 2020-06-03 15:42:00+00:00 | End: 2020-07-27 19:37:00+00:00
OOS Start Bar Index: 54132 | Time: 2020-07-27 19:38:00+00:00
ADF Test Result: p-value=0.0511 (Required < 0.05) | OLS Beta: 0.9051
Filter ON: Spread not stationary (p-value too high). Skipping optimization and OOS test.

--- Window 8 Boundary Check ---
IS Period RTH Bars: 14666. Start: 2020-06-24 15:42:00+00:00 | End: 2020-08-17 19:37:00+00:00
OOS Start Bar Index: 59982 | Time: 2020-08-17 19:38:00+00:00
ADF Test Result: p-value=0.4252 (Required < 0.05) | OLS Beta: 0.0326
Filter ON: Spread not stationary (p-value too high). Skipping optimization and OOS test.

--- Window 9 Boundary Check ---
IS Period RTH Bars: 14666. Start: 2020-07-16 15:42:00+00:00 | End: 2020-09-08 19:38:00+00:00
OOS Start Bar Index: 65832 | Time: 2020-09-08 19:39:00+00:00
ADF Test Result: p-value=0.6698 (Required < 0.05) | OLS Beta: 0.0934
Filter ON: Spread not stationary (p-value too high). Skipping optimization and OOS test.

--- Window 10 Boundary Check ---
IS Period RTH Bars: 14666. Start: 2020-08-06 15:42:00+00:00 | End: 2020-09-29 19:38:00+00:00
OOS Start Bar Index: 71682 | Time: 2020-09-29 19:39:00+00:00
ADF Test Result: p-value=0.6714 (Required < 0.05) | OLS Beta: 1.0846
Filter ON: Spread not stationary (p-value too high). Skipping optimization and OOS test.

--- Window 11 Boundary Check ---
IS Period RTH Bars: 14666. Start: 2020-08-27 15:43:00+00:00 | End: 2020-10-20 19:38:00+00:00
OOS Start Bar Index: 77532 | Time: 2020-10-20 19:39:00+00:00
ADF Test Result: p-value=0.0619 (Required < 0.05) | OLS Beta: 0.9819
Filter ON: Spread not stationary (p-value too high). Skipping optimization and OOS test.

--- Window 12 Boundary Check ---
IS Period RTH Bars: 14666. Start: 2020-09-18 15:43:00+00:00 | End: 2020-11-10 20:38:00+00:00
OOS Start Bar Index: 83382 | Time: 2020-11-10 20:39:00+00:00
ADF Test Result: p-value=0.4046 (Required < 0.05) | OLS Beta: 0.4007
Filter ON: Spread not stationary (p-value too high). Skipping optimization and OOS test.

--- Window 13 Boundary Check ---
IS Period RTH Bars: 14666. Start: 2020-10-09 15:43:00+00:00 | End: 2020-12-03 17:03:00+00:00
OOS Start Bar Index: 89232 | Time: 2020-12-03 17:04:00+00:00
ADF Test Result: p-value=0.1223 (Required < 0.05) | OLS Beta: 0.5090
Filter ON: Spread not stationary (p-value too high). Skipping optimization and OOS test.

--- Window 14 Boundary Check ---
IS Period RTH Bars: 14666. Start: 2020-10-30 15:43:00+00:00 | End: 2020-12-24 17:03:00+00:00
OOS Start Bar Index: 95082 | Time: 2020-12-24 17:04:00+00:00
ADF Test Result: p-value=0.4727 (Required < 0.05) | OLS Beta: 0.7622
Filter ON: Spread not stationary (p-value too high). Skipping optimization and OOS test.

--- Window 15 Boundary Check ---
IS Period RTH Bars: 14666. Start: 2020-11-20 16:43:00+00:00 | End: 2021-01-19 20:01:00+00:00
OOS Start Bar Index: 100932 | Time: 2021-01-19 20:02:00+00:00
ADF Test Result: p-value=0.8524 (Required < 0.05) | OLS Beta: 0.6865
Filter ON: Spread not stationary (p-value too high). Skipping optimization and OOS test.

--- Window 16 Boundary Check ---
IS Period RTH Bars: 14666. Start: 2020-12-14 19:38:00+00:00 | End: 2021-02-09 20:01:00+00:00
OOS Start Bar Index: 106782 | Time: 2021-02-09 20:02:00+00:00
ADF Test Result: p-value=0.4402 (Required < 0.05) | OLS Beta: 1.0793
Filter ON: Spread not stationary (p-value too high). Skipping optimization and OOS test.

--- Window 17 Boundary Check ---
IS Period RTH Bars: 14666. Start: 2021-01-07 16:06:00+00:00 | End: 2021-03-03 20:01:00+00:00
OOS Start Bar Index: 112632 | Time: 2021-03-03 20:02:00+00:00
ADF Test Result: p-value=0.0762 (Required < 0.05) | OLS Beta: 0.4487
Filter ON: Spread not stationary (p-value too high). Skipping optimization and OOS test.

--- Window 18 Boundary Check ---
IS Period RTH Bars: 14666. Start: 2021-01-29 16:06:00+00:00 | End: 2021-03-24 19:01:00+00:00
OOS Start Bar Index: 118482 | Time: 2021-03-24 19:02:00+00:00
ADF Test Result: p-value=0.2985 (Required < 0.05) | OLS Beta: 0.8842
Filter ON: Spread not stationary (p-value too high). Skipping optimization and OOS test.

--- Window 19 Boundary Check ---
IS Period RTH Bars: 14666. Start: 2021-02-22 16:06:00+00:00 | End: 2021-04-15 19:01:00+00:00
OOS Start Bar Index: 124332 | Time: 2021-04-15 19:02:00+00:00
ADF Test Result: p-value=0.1605 (Required < 0.05) | OLS Beta: 1.5581
Filter ON: Spread not stationary (p-value too high). Skipping optimization and OOS test.

--- Window 20 Boundary Check ---
IS Period RTH Bars: 14666. Start: 2021-03-15 15:06:00+00:00 | End: 2021-05-06 19:02:00+00:00
OOS Start Bar Index: 130182 | Time: 2021-05-06 19:03:00+00:00
ADF Test Result: p-value=0.6170 (Required < 0.05) | OLS Beta: 0.7048
Filter ON: Spread not stationary (p-value too high). Skipping optimization and OOS test.

--- Window 21 Boundary Check ---
IS Period RTH Bars: 14666. Start: 2021-04-06 15:06:00+00:00 | End: 2021-05-27 19:02:00+00:00
OOS Start Bar Index: 136032 | Time: 2021-05-27 19:03:00+00:00
ADF Test Result: p-value=0.4815 (Required < 0.05) | OLS Beta: 1.2653
Filter ON: Spread not stationary (p-value too high). Skipping optimization and OOS test.

--- Window 22 Boundary Check ---
IS Period RTH Bars: 14666. Start: 2021-04-27 15:07:00+00:00 | End: 2021-06-18 19:02:00+00:00
OOS Start Bar Index: 141882 | Time: 2021-06-18 19:03:00+00:00
ADF Test Result: p-value=0.9676 (Required < 0.05) | OLS Beta: 1.5175
Filter ON: Spread not stationary (p-value too high). Skipping optimization and OOS test.

--- Window 23 Boundary Check ---
IS Period RTH Bars: 14666. Start: 2021-05-18 15:07:00+00:00 | End: 2021-07-12 19:02:00+00:00
OOS Start Bar Index: 147732 | Time: 2021-07-12 19:03:00+00:00
ADF Test Result: p-value=0.1153 (Required < 0.05) | OLS Beta: 2.8163
Filter ON: Spread not stationary (p-value too high). Skipping optimization and OOS test.

--- Window 24 Boundary Check ---
IS Period RTH Bars: 14666. Start: 2021-06-09 15:07:00+00:00 | End: 2021-08-02 19:05:00+00:00
OOS Start Bar Index: 153582 | Time: 2021-08-02 19:06:00+00:00
ADF Test Result: p-value=0.0479 (Required < 0.05) | OLS Beta: 1.2002
Filter OFF: Spread is stationary. Proceeding with optimization.
IS Optimization Time: 0.17 seconds.
Optimal Params (Sharpe=0.6014, Calmar=1.8800): Z_E=2.7, Z_X=1.5, Z_SL=4.8
📊 Persistence: Saved 587 PnL points to wfa_outputs\oos_equity_curve_MRVL_QCOM_1m_20251105_193822_0.05.csv
OOS Period (2021-08-02 19:06:00+00:00 to 2021-08-23 19:05:00+00:00): PnL: $126.84 | Sharpe: 4.1290 | Calmar: 0.0000 | Trades: 2

--- Window 25 Boundary Check ---
IS Period RTH Bars: 14666. Start: 2021-06-30 15:07:00+00:00 | End: 2021-08-23 19:05:00+00:00
OOS Start Bar Index: 159432 | Time: 2021-08-23 19:06:00+00:00
ADF Test Result: p-value=0.2409 (Required < 0.05) | OLS Beta: 1.1268
Filter ON: Spread not stationary (p-value too high). Skipping optimization and OOS test.

--- Window 26 Boundary Check ---
IS Period RTH Bars: 14666. Start: 2021-07-22 15:07:00+00:00 | End: 2021-09-14 19:06:00+00:00
OOS Start Bar Index: 165282 | Time: 2021-09-14 19:07:00+00:00
ADF Test Result: p-value=0.2026 (Required < 0.05) | OLS Beta: 0.3688
Filter ON: Spread not stationary (p-value too high). Skipping optimization and OOS test.

--- Window 27 Boundary Check ---
IS Period RTH Bars: 14666. Start: 2021-08-12 15:10:00+00:00 | End: 2021-10-05 19:11:00+00:00
OOS Start Bar Index: 171132 | Time: 2021-10-05 19:12:00+00:00
ADF Test Result: p-value=0.1012 (Required < 0.05) | OLS Beta: 0.0534
Filter ON: Spread not stationary (p-value too high). Skipping optimization and OOS test.

--- Window 28 Boundary Check ---
IS Period RTH Bars: 14666. Start: 2021-09-02 15:10:00+00:00 | End: 2021-10-26 19:12:00+00:00
OOS Start Bar Index: 176982 | Time: 2021-10-26 19:13:00+00:00
ADF Test Result: p-value=0.6635 (Required < 0.05) | OLS Beta: -0.1657
Filter ON: Spread not stationary (p-value too high). Skipping optimization and OOS test.

--- Window 29 Boundary Check ---
IS Period RTH Bars: 14666. Start: 2021-09-24 15:12:00+00:00 | End: 2021-11-16 20:13:00+00:00
OOS Start Bar Index: 182832 | Time: 2021-11-16 20:14:00+00:00
ADF Test Result: p-value=0.4586 (Required < 0.05) | OLS Beta: 0.5082
Filter ON: Spread not stationary (p-value too high). Skipping optimization and OOS test.

--- Window 30 Boundary Check ---
IS Period RTH Bars: 14666. Start: 2021-10-15 15:17:00+00:00 | End: 2021-12-09 16:32:00+00:00
OOS Start Bar Index: 188682 | Time: 2021-12-09 16:33:00+00:00
ADF Test Result: p-value=0.9139 (Required < 0.05) | OLS Beta: 0.4100
Filter ON: Spread not stationary (p-value too high). Skipping optimization and OOS test.

--- Window 31 Boundary Check ---
IS Period RTH Bars: 14666. Start: 2021-11-05 15:18:00+00:00 | End: 2021-12-31 16:33:00+00:00
OOS Start Bar Index: 194532 | Time: 2021-12-31 16:34:00+00:00
ADF Test Result: p-value=0.6241 (Required < 0.05) | OLS Beta: 1.2847
Filter ON: Spread not stationary (p-value too high). Skipping optimization and OOS test.

--- Window 32 Boundary Check ---
IS Period RTH Bars: 14666. Start: 2021-11-29 19:07:00+00:00 | End: 2022-01-24 16:33:00+00:00
OOS Start Bar Index: 200382 | Time: 2022-01-24 16:34:00+00:00
ADF Test Result: p-value=0.1272 (Required < 0.05) | OLS Beta: 1.4394
Filter ON: Spread not stationary (p-value too high). Skipping optimization and OOS test.

--- Window 33 Boundary Check ---
IS Period RTH Bars: 14666. Start: 2021-12-20 19:07:00+00:00 | End: 2022-02-14 16:33:00+00:00
OOS Start Bar Index: 206232 | Time: 2022-02-14 16:34:00+00:00
ADF Test Result: p-value=0.4292 (Required < 0.05) | OLS Beta: 1.8203
Filter ON: Spread not stationary (p-value too high). Skipping optimization and OOS test.

--- Window 34 Boundary Check ---
IS Period RTH Bars: 14666. Start: 2022-01-11 19:08:00+00:00 | End: 2022-03-08 16:33:00+00:00
OOS Start Bar Index: 212082 | Time: 2022-03-08 16:34:00+00:00
ADF Test Result: p-value=0.1950 (Required < 0.05) | OLS Beta: 1.3385
Filter ON: Spread not stationary (p-value too high). Skipping optimization and OOS test.

--- Window 35 Boundary Check ---
IS Period RTH Bars: 14666. Start: 2022-02-02 19:08:00+00:00 | End: 2022-03-29 15:33:00+00:00
OOS Start Bar Index: 217932 | Time: 2022-03-29 15:34:00+00:00
ADF Test Result: p-value=0.6429 (Required < 0.05) | OLS Beta: 0.4873
Filter ON: Spread not stationary (p-value too high). Skipping optimization and OOS test.

--- Window 36 Boundary Check ---
IS Period RTH Bars: 14666. Start: 2022-02-24 19:08:00+00:00 | End: 2022-04-20 15:33:00+00:00
OOS Start Bar Index: 223782 | Time: 2022-04-20 15:34:00+00:00
ADF Test Result: p-value=0.4022 (Required < 0.05) | OLS Beta: 0.4803
Filter ON: Spread not stationary (p-value too high). Skipping optimization and OOS test.

--- Window 37 Boundary Check ---
IS Period RTH Bars: 14666. Start: 2022-03-17 18:08:00+00:00 | End: 2022-05-11 15:33:00+00:00
OOS Start Bar Index: 229632 | Time: 2022-05-11 15:34:00+00:00
ADF Test Result: p-value=0.6088 (Required < 0.05) | OLS Beta: 1.4786
Filter ON: Spread not stationary (p-value too high). Skipping optimization and OOS test.

--- Window 38 Boundary Check ---
IS Period RTH Bars: 14666. Start: 2022-04-07 18:08:00+00:00 | End: 2022-06-02 15:33:00+00:00
OOS Start Bar Index: 235482 | Time: 2022-06-02 15:34:00+00:00
ADF Test Result: p-value=0.1360 (Required < 0.05) | OLS Beta: 1.2617
Filter ON: Spread not stationary (p-value too high). Skipping optimization and OOS test.

--- Window 39 Boundary Check ---
IS Period RTH Bars: 14666. Start: 2022-04-29 18:08:00+00:00 | End: 2022-06-24 15:33:00+00:00
OOS Start Bar Index: 241332 | Time: 2022-06-24 15:34:00+00:00
ADF Test Result: p-value=0.1239 (Required < 0.05) | OLS Beta: 1.6201
Filter ON: Spread not stationary (p-value too high). Skipping optimization and OOS test.

--- Window 40 Boundary Check ---
IS Period RTH Bars: 14666. Start: 2022-05-20 18:08:00+00:00 | End: 2022-07-18 15:33:00+00:00
OOS Start Bar Index: 247182 | Time: 2022-07-18 15:34:00+00:00
ADF Test Result: p-value=0.8299 (Required < 0.05) | OLS Beta: 1.4827
Filter ON: Spread not stationary (p-value too high). Skipping optimization and OOS test.

--- Window 41 Boundary Check ---
IS Period RTH Bars: 14666. Start: 2022-06-13 18:08:00+00:00 | End: 2022-08-08 15:33:00+00:00
OOS Start Bar Index: 253032 | Time: 2022-08-08 15:34:00+00:00
ADF Test Result: p-value=0.5333 (Required < 0.05) | OLS Beta: 0.8701
Filter ON: Spread not stationary (p-value too high). Skipping optimization and OOS test.

--- Window 42 Boundary Check ---
IS Period RTH Bars: 14666. Start: 2022-07-06 18:08:00+00:00 | End: 2022-08-29 15:33:00+00:00
OOS Start Bar Index: 258882 | Time: 2022-08-29 15:34:00+00:00
ADF Test Result: p-value=0.4554 (Required < 0.05) | OLS Beta: 1.2557
Filter ON: Spread not stationary (p-value too high). Skipping optimization and OOS test.

--- Window 43 Boundary Check ---
IS Period RTH Bars: 14666. Start: 2022-07-27 18:08:00+00:00 | End: 2022-09-20 15:33:00+00:00
OOS Start Bar Index: 264732 | Time: 2022-09-20 15:34:00+00:00
ADF Test Result: p-value=0.0206 (Required < 0.05) | OLS Beta: 1.0885
Filter OFF: Spread is stationary. Proceeding with optimization.
IS Optimization Time: 0.16 seconds.
Optimal Params (Sharpe=-0.6695, Calmar=-1.6278): Z_E=2.7, Z_X=1.5, Z_SL=3.3
📊 Persistence: Saved 587 PnL points to wfa_outputs\oos_equity_curve_MRVL_QCOM_1m_20251105_193822_0.05.csv
OOS Period (2022-09-20 15:34:00+00:00 to 2022-10-11 15:33:00+00:00): PnL: $0.00 | Sharpe: 0.0000 | Calmar: 0.0000 | Trades: 0

--- Window 44 Boundary Check ---
IS Period RTH Bars: 14666. Start: 2022-08-17 18:08:00+00:00 | End: 2022-10-11 15:33:00+00:00
OOS Start Bar Index: 270582 | Time: 2022-10-11 15:34:00+00:00
ADF Test Result: p-value=0.3479 (Required < 0.05) | OLS Beta: 0.9734
Filter ON: Spread not stationary (p-value too high). Skipping optimization and OOS test.

--- Window 45 Boundary Check ---
IS Period RTH Bars: 14666. Start: 2022-09-08 18:08:00+00:00 | End: 2022-11-01 15:33:00+00:00
OOS Start Bar Index: 276432 | Time: 2022-11-01 15:34:00+00:00
ADF Test Result: p-value=0.3498 (Required < 0.05) | OLS Beta: 1.5841
Filter ON: Spread not stationary (p-value too high). Skipping optimization and OOS test.

--- Window 46 Boundary Check ---
IS Period RTH Bars: 14666. Start: 2022-09-29 18:08:00+00:00 | End: 2022-11-22 16:33:00+00:00
OOS Start Bar Index: 282282 | Time: 2022-11-22 16:34:00+00:00
ADF Test Result: p-value=0.1331 (Required < 0.05) | OLS Beta: 1.1897
Filter ON: Spread not stationary (p-value too high). Skipping optimization and OOS test.

--- Window 47 Boundary Check ---
IS Period RTH Bars: 14666. Start: 2022-10-20 18:08:00+00:00 | End: 2022-12-14 19:30:00+00:00
OOS Start Bar Index: 288132 | Time: 2022-12-14 19:31:00+00:00
ADF Test Result: p-value=0.0076 (Required < 0.05) | OLS Beta: 0.9251
Filter OFF: Spread is stationary. Proceeding with optimization.
IS Optimization Time: 0.17 seconds.
Optimal Params (Sharpe=5.9570, Calmar=113.8258): Z_E=2.7, Z_X=0.3, Z_SL=3.6
📊 Persistence: Saved 869 PnL points to wfa_outputs\oos_equity_curve_MRVL_QCOM_1m_20251105_193822_0.05.csv
OOS Period (2022-12-14 19:31:00+00:00 to 2023-01-06 19:30:00+00:00): PnL: $-260.79 | Sharpe: -7.0410 | Calmar: -11.8961 | Trades: 282

--- Window 48 Boundary Check ---
IS Period RTH Bars: 14666. Start: 2022-11-10 19:08:00+00:00 | End: 2023-01-06 19:30:00+00:00
OOS Start Bar Index: 293982 | Time: 2023-01-06 19:31:00+00:00
ADF Test Result: p-value=0.3511 (Required < 0.05) | OLS Beta: 1.5321
Filter ON: Spread not stationary (p-value too high). Skipping optimization and OOS test.

--- Window 49 Boundary Check ---
IS Period RTH Bars: 14666. Start: 2022-12-05 15:35:00+00:00 | End: 2023-01-30 19:30:00+00:00
OOS Start Bar Index: 299832 | Time: 2023-01-30 19:31:00+00:00
ADF Test Result: p-value=0.1225 (Required < 0.05) | OLS Beta: 1.0021
Filter ON: Spread not stationary (p-value too high). Skipping optimization and OOS test.

--- Window 50 Boundary Check ---
IS Period RTH Bars: 14666. Start: 2022-12-27 15:35:00+00:00 | End: 2023-02-21 19:30:00+00:00
OOS Start Bar Index: 305682 | Time: 2023-02-21 19:31:00+00:00
ADF Test Result: p-value=0.3411 (Required < 0.05) | OLS Beta: 1.1900
Filter ON: Spread not stationary (p-value too high). Skipping optimization and OOS test.

--- Window 51 Boundary Check ---
IS Period RTH Bars: 14666. Start: 2023-01-19 15:35:00+00:00 | End: 2023-03-14 18:30:00+00:00
OOS Start Bar Index: 311532 | Time: 2023-03-14 18:31:00+00:00
ADF Test Result: p-value=0.3032 (Required < 0.05) | OLS Beta: 0.9177
Filter ON: Spread not stationary (p-value too high). Skipping optimization and OOS test.

--- Window 52 Boundary Check ---
IS Period RTH Bars: 14666. Start: 2023-02-09 15:35:00+00:00 | End: 2023-04-04 18:30:00+00:00
OOS Start Bar Index: 317382 | Time: 2023-04-04 18:31:00+00:00
ADF Test Result: p-value=0.2779 (Required < 0.05) | OLS Beta: 1.3851
Filter ON: Spread not stationary (p-value too high). Skipping optimization and OOS test.

--- Window 53 Boundary Check ---
IS Period RTH Bars: 14666. Start: 2023-03-03 15:35:00+00:00 | End: 2023-04-26 18:30:00+00:00
OOS Start Bar Index: 323232 | Time: 2023-04-26 18:31:00+00:00
ADF Test Result: p-value=0.0528 (Required < 0.05) | OLS Beta: 1.0301
Filter ON: Spread not stationary (p-value too high). Skipping optimization and OOS test.

--- Window 54 Boundary Check ---
IS Period RTH Bars: 14666. Start: 2023-03-24 14:35:00+00:00 | End: 2023-05-17 18:30:00+00:00
OOS Start Bar Index: 329082 | Time: 2023-05-17 18:31:00+00:00
ADF Test Result: p-value=0.7304 (Required < 0.05) | OLS Beta: 0.0994
Filter ON: Spread not stationary (p-value too high). Skipping optimization and OOS test.

--- Window 55 Boundary Check ---
IS Period RTH Bars: 14666. Start: 2023-04-17 14:35:00+00:00 | End: 2023-06-08 18:30:00+00:00
OOS Start Bar Index: 334932 | Time: 2023-06-08 18:31:00+00:00
ADF Test Result: p-value=0.9299 (Required < 0.05) | OLS Beta: 0.5117
Filter ON: Spread not stationary (p-value too high). Skipping optimization and OOS test.

--- Window 56 Boundary Check ---
IS Period RTH Bars: 14666. Start: 2023-05-08 14:35:00+00:00 | End: 2023-06-30 18:30:00+00:00
OOS Start Bar Index: 340782 | Time: 2023-06-30 18:31:00+00:00
ADF Test Result: p-value=0.1870 (Required < 0.05) | OLS Beta: 2.3171
Filter ON: Spread not stationary (p-value too high). Skipping optimization and OOS test.

--- Window 57 Boundary Check ---
IS Period RTH Bars: 14666. Start: 2023-05-30 14:35:00+00:00 | End: 2023-07-25 14:57:00+00:00
OOS Start Bar Index: 346632 | Time: 2023-07-25 14:58:00+00:00
ADF Test Result: p-value=0.0025 (Required < 0.05) | OLS Beta: 0.9019
Filter OFF: Spread is stationary. Proceeding with optimization.
IS Optimization Time: 0.15 seconds.
Optimal Params (Sharpe=6.5072, Calmar=81.9399): Z_E=2.3, Z_X=0.3, Z_SL=4.5
📊 Persistence: Saved 870 PnL points to wfa_outputs\oos_equity_curve_MRVL_QCOM_1m_20251105_193822_0.05.csv
OOS Period (2023-07-25 14:58:00+00:00 to 2023-08-15 14:57:00+00:00): PnL: $346.20 | Sharpe: 4.0991 | Calmar: 0.0000 | Trades: 1

--- Window 58 Boundary Check ---
IS Period RTH Bars: 14666. Start: 2023-06-21 14:35:00+00:00 | End: 2023-08-15 14:57:00+00:00
OOS Start Bar Index: 352482 | Time: 2023-08-15 14:58:00+00:00
ADF Test Result: p-value=0.0283 (Required < 0.05) | OLS Beta: 0.8554
Filter OFF: Spread is stationary. Proceeding with optimization.
IS Optimization Time: 0.14 seconds.
Optimal Params (Sharpe=5.0578, Calmar=259.2036): Z_E=3.1, Z_X=0.7, Z_SL=4.5
📊 Persistence: Saved 872 PnL points to wfa_outputs\oos_equity_curve_MRVL_QCOM_1m_20251105_193822_0.05.csv
OOS Period (2023-08-15 14:58:00+00:00 to 2023-09-06 14:57:00+00:00): PnL: $593.42 | Sharpe: 5.7664 | Calmar: 0.0000 | Trades: 2

--- Window 59 Boundary Check ---
IS Period RTH Bars: 14666. Start: 2023-07-13 17:32:00+00:00 | End: 2023-09-06 14:57:00+00:00
OOS Start Bar Index: 358332 | Time: 2023-09-06 14:58:00+00:00
ADF Test Result: p-value=0.0778 (Required < 0.05) | OLS Beta: 0.8283
Filter ON: Spread not stationary (p-value too high). Skipping optimization and OOS test.

--- Window 60 Boundary Check ---
IS Period RTH Bars: 14666. Start: 2023-08-03 17:32:00+00:00 | End: 2023-09-27 14:57:00+00:00
OOS Start Bar Index: 364182 | Time: 2023-09-27 14:58:00+00:00
ADF Test Result: p-value=0.5294 (Required < 0.05) | OLS Beta: 1.0238
Filter ON: Spread not stationary (p-value too high). Skipping optimization and OOS test.

--- Window 61 Boundary Check ---
IS Period RTH Bars: 14666. Start: 2023-08-24 17:32:00+00:00 | End: 2023-10-18 14:57:00+00:00
OOS Start Bar Index: 370032 | Time: 2023-10-18 14:58:00+00:00
ADF Test Result: p-value=0.0331 (Required < 0.05) | OLS Beta: 0.9628
Filter OFF: Spread is stationary. Proceeding with optimization.
IS Optimization Time: 0.15 seconds.
Optimal Params (Sharpe=3.4817, Calmar=15.8022): Z_E=2.5, Z_X=1.3, Z_SL=3.9
📊 Persistence: Saved 2516 PnL points to wfa_outputs\oos_equity_curve_MRVL_QCOM_1m_20251105_193822_0.05.csv
OOS Period (2023-10-18 14:58:00+00:00 to 2023-11-08 15:57:00+00:00): PnL: $-253.29 | Sharpe: -4.1238 | Calmar: -8.3421 | Trades: 1644

--- Window 62 Boundary Check ---
IS Period RTH Bars: 14666. Start: 2023-09-15 17:32:00+00:00 | End: 2023-11-08 15:57:00+00:00
OOS Start Bar Index: 375882 | Time: 2023-11-08 15:58:00+00:00
ADF Test Result: p-value=0.7216 (Required < 0.05) | OLS Beta: 0.4596
Filter ON: Spread not stationary (p-value too high). Skipping optimization and OOS test.

--- Window 63 Boundary Check ---
IS Period RTH Bars: 14666. Start: 2023-10-06 17:32:00+00:00 | End: 2023-11-30 18:56:00+00:00
OOS Start Bar Index: 381732 | Time: 2023-11-30 18:57:00+00:00
ADF Test Result: p-value=0.2746 (Required < 0.05) | OLS Beta: 0.6379
Filter ON: Spread not stationary (p-value too high). Skipping optimization and OOS test.

--- Window 64 Boundary Check ---
IS Period RTH Bars: 14666. Start: 2023-10-27 17:32:00+00:00 | End: 2023-12-21 18:56:00+00:00
OOS Start Bar Index: 387582 | Time: 2023-12-21 18:57:00+00:00
ADF Test Result: p-value=0.3341 (Required < 0.05) | OLS Beta: 0.7362
Filter ON: Spread not stationary (p-value too high). Skipping optimization and OOS test.

--- Window 65 Boundary Check ---
IS Period RTH Bars: 14666. Start: 2023-11-17 18:32:00+00:00 | End: 2024-01-16 18:56:00+00:00
OOS Start Bar Index: 393432 | Time: 2024-01-16 18:57:00+00:00
ADF Test Result: p-value=0.8916 (Required < 0.05) | OLS Beta: 1.0473
Filter ON: Spread not stationary (p-value too high). Skipping optimization and OOS test.

--- Window 66 Boundary Check ---
IS Period RTH Bars: 14666. Start: 2023-12-12 15:01:00+00:00 | End: 2024-02-06 18:56:00+00:00
OOS Start Bar Index: 399282 | Time: 2024-02-06 18:57:00+00:00
ADF Test Result: p-value=0.4456 (Required < 0.05) | OLS Beta: 1.4912
Filter ON: Spread not stationary (p-value too high). Skipping optimization and OOS test.

--- Window 67 Boundary Check ---
IS Period RTH Bars: 14666. Start: 2024-01-04 15:01:00+00:00 | End: 2024-02-28 18:56:00+00:00
OOS Start Bar Index: 405132 | Time: 2024-02-28 18:57:00+00:00
ADF Test Result: p-value=0.0052 (Required < 0.05) | OLS Beta: 0.7647
Filter OFF: Spread is stationary. Proceeding with optimization.
IS Optimization Time: 0.15 seconds.
Optimal Params (Sharpe=0.2716, Calmar=1.0171): Z_E=3.3, Z_X=0.7, Z_SL=3.9
📊 Persistence: Saved 2556 PnL points to wfa_outputs\oos_equity_curve_MRVL_QCOM_1m_20251105_193822_0.05.csv
OOS Period (2024-02-28 18:57:00+00:00 to 2024-03-20 17:56:00+00:00): PnL: $-183.80 | Sharpe: -5.0471 | Calmar: -11.5759 | Trades: 40

--- Window 68 Boundary Check ---
IS Period RTH Bars: 14666. Start: 2024-01-26 15:01:00+00:00 | End: 2024-03-20 17:56:00+00:00
OOS Start Bar Index: 410982 | Time: 2024-03-20 17:57:00+00:00
ADF Test Result: p-value=0.7393 (Required < 0.05) | OLS Beta: 0.5117
Filter ON: Spread not stationary (p-value too high). Skipping optimization and OOS test.

--- Window 69 Boundary Check ---
IS Period RTH Bars: 14666. Start: 2024-02-16 15:01:00+00:00 | End: 2024-04-11 17:56:00+00:00
OOS Start Bar Index: 416832 | Time: 2024-04-11 17:57:00+00:00
ADF Test Result: p-value=0.5803 (Required < 0.05) | OLS Beta: 0.6162
Filter ON: Spread not stationary (p-value too high). Skipping optimization and OOS test.

--- Window 70 Boundary Check ---
IS Period RTH Bars: 14666. Start: 2024-03-11 14:01:00+00:00 | End: 2024-05-02 17:56:00+00:00
OOS Start Bar Index: 422682 | Time: 2024-05-02 17:57:00+00:00
ADF Test Result: p-value=0.6890 (Required < 0.05) | OLS Beta: 1.3539
Filter ON: Spread not stationary (p-value too high). Skipping optimization and OOS test.

--- Window 71 Boundary Check ---
IS Period RTH Bars: 14666. Start: 2024-04-02 14:01:00+00:00 | End: 2024-05-23 17:56:00+00:00
OOS Start Bar Index: 428532 | Time: 2024-05-23 17:57:00+00:00
ADF Test Result: p-value=0.2299 (Required < 0.05) | OLS Beta: 0.4475
Filter ON: Spread not stationary (p-value too high). Skipping optimization and OOS test.

--- Window 72 Boundary Check ---
IS Period RTH Bars: 14666. Start: 2024-04-23 14:01:00+00:00 | End: 2024-06-14 17:56:00+00:00
OOS Start Bar Index: 434382 | Time: 2024-06-14 17:57:00+00:00
ADF Test Result: p-value=0.2384 (Required < 0.05) | OLS Beta: 0.3474
Filter ON: Spread not stationary (p-value too high). Skipping optimization and OOS test.

--- Window 73 Boundary Check ---
IS Period RTH Bars: 14666. Start: 2024-05-14 14:01:00+00:00 | End: 2024-07-10 14:17:00+00:00
OOS Start Bar Index: 440232 | Time: 2024-07-10 14:18:00+00:00
ADF Test Result: p-value=0.3617 (Required < 0.05) | OLS Beta: 0.3117
Filter ON: Spread not stationary (p-value too high). Skipping optimization and OOS test.

--- Window 74 Boundary Check ---
IS Period RTH Bars: 14666. Start: 2024-06-05 14:01:00+00:00 | End: 2024-07-31 14:17:00+00:00
OOS Start Bar Index: 446082 | Time: 2024-07-31 14:18:00+00:00
ADF Test Result: p-value=0.1245 (Required < 0.05) | OLS Beta: 0.5604
Filter ON: Spread not stationary (p-value too high). Skipping optimization and OOS test.

--- Window 75 Boundary Check ---
IS Period RTH Bars: 14666. Start: 2024-06-27 14:01:00+00:00 | End: 2024-08-21 14:17:00+00:00
OOS Start Bar Index: 451932 | Time: 2024-08-21 14:18:00+00:00
ADF Test Result: p-value=0.5544 (Required < 0.05) | OLS Beta: 0.7441
Filter ON: Spread not stationary (p-value too high). Skipping optimization and OOS test.

--- Window 76 Boundary Check ---
IS Period RTH Bars: 14666. Start: 2024-07-19 16:52:00+00:00 | End: 2024-09-12 14:17:00+00:00
OOS Start Bar Index: 457782 | Time: 2024-09-12 14:18:00+00:00
ADF Test Result: p-value=0.8610 (Required < 0.05) | OLS Beta: 0.5196
Filter ON: Spread not stationary (p-value too high). Skipping optimization and OOS test.

--- Window 77 Boundary Check ---
IS Period RTH Bars: 14666. Start: 2024-08-09 16:52:00+00:00 | End: 2024-10-03 14:17:00+00:00
OOS Start Bar Index: 463632 | Time: 2024-10-03 14:18:00+00:00
ADF Test Result: p-value=0.0647 (Required < 0.05) | OLS Beta: 0.7767
Filter ON: Spread not stationary (p-value too high). Skipping optimization and OOS test.

--- Window 78 Boundary Check ---
IS Period RTH Bars: 14666. Start: 2024-08-30 16:52:00+00:00 | End: 2024-10-24 14:17:00+00:00
OOS Start Bar Index: 469482 | Time: 2024-10-24 14:18:00+00:00
ADF Test Result: p-value=0.8337 (Required < 0.05) | OLS Beta: 1.4161
Filter ON: Spread not stationary (p-value too high). Skipping optimization and OOS test.

--- Window 79 Boundary Check ---
IS Period RTH Bars: 14666. Start: 2024-09-23 16:52:00+00:00 | End: 2024-11-14 15:17:00+00:00
OOS Start Bar Index: 475332 | Time: 2024-11-14 15:18:00+00:00
ADF Test Result: p-value=0.8397 (Required < 0.05) | OLS Beta: 0.0875
Filter ON: Spread not stationary (p-value too high). Skipping optimization and OOS test.

--- Window 80 Boundary Check ---
IS Period RTH Bars: 14666. Start: 2024-10-14 16:52:00+00:00 | End: 2024-12-06 18:14:00+00:00
OOS Start Bar Index: 481182 | Time: 2024-12-06 18:15:00+00:00
ADF Test Result: p-value=0.6620 (Required < 0.05) | OLS Beta: -1.1839
Filter ON: Spread not stationary (p-value too high). Skipping optimization and OOS test.

--- Window 81 Boundary Check ---
IS Period RTH Bars: 14666. Start: 2024-11-04 17:52:00+00:00 | End: 2024-12-31 14:39:00+00:00
OOS Start Bar Index: 487032 | Time: 2024-12-31 14:40:00+00:00
ADF Test Result: p-value=0.3385 (Required < 0.05) | OLS Beta: -1.3995
Filter ON: Spread not stationary (p-value too high). Skipping optimization and OOS test.

############################################################
📈 OVERALL SIMULATION PERFORMANCE (Walk-Forward Test)
############################################################
Timeframe Used: 1Min, Value: 1
ADF Cointegration Filter Threshold: 0.05
Total OOS Windows Tested: 81
Total Trades Executed: 2556
--- Final Performance Metrics ---
Total PnL: $-221.41
Overall Sharpe Ratio (Annualized): -0.0620
Overall Calmar Ratio (Annualized): -0.0207
Maximum Dollar Drawdown (MDD): $507.11

--- Execution Time ---
Total Elapsed Time: 146.28 seconds
############################################################
[0m