--- Dynamic Timeframe Configuration ---
TimeFrame Selected: 1Hour, Value: 1
Bars per Trading Day: 6
Annualization Factor (Bars/Year): 1512
Statistical Lookback Bars: 33
Optimization Lookback Bars: 292
---------------------------------------
--- Diagnostic Check ---
API Key ID Length: 26
API Secret Key Length: 44
StockHistoricalDataClient initialized successfully. Starting data fetch...
--------------------------
Pre-compiling Numba function for first run optimization...
Numba pre-compilation complete.
Fetching data from 2020-01-01 to 2024-12-30...
Fetching 1Hour data for PG...
Fetching 1Hour data for CL...
Data acquired successfully. Total 1Hour RTH bars: 7498
Skipping full pre-calculation. Metrics will be calculated inside the WFA loop.

============================================================
📈 Starting Rolling Backtest: IS Optimization Window=292 bars, Shift=15 days
   Data already processed with Statistical Rolling Window: 33 bars
   ADF Cointegration Filter: p-value < 0.05
============================================================

--- Window 1 Boundary Check ---
IS Period RTH Bars: 228. Start: 2020-01-16 19:00:00+00:00 | End: 2020-03-12 17:00:00+00:00
OOS Start Bar Index: 292 | Time: 2020-03-12 18:00:00+00:00
ADF Test Result: p-value=0.7822 (Required < 0.05) | OLS Beta: 0.5759
Filter ON: Spread not stationary (p-value too high). Skipping optimization and OOS test.

--- Window 2 Boundary Check ---
IS Period RTH Bars: 228. Start: 2020-02-07 19:00:00+00:00 | End: 2020-04-02 17:00:00+00:00
OOS Start Bar Index: 382 | Time: 2020-04-02 18:00:00+00:00
ADF Test Result: p-value=0.0010 (Required < 0.05) | OLS Beta: 0.9227
Filter OFF: Spread is stationary. Proceeding with optimization.
IS Optimization Time: 0.09 seconds.
Optimal Params (Sharpe=2.5752, Calmar=0.0000): Z_E=2.9, Z_X=1.1, Z_SL=3.3
📊 Persistence: Saved 0 PnL points to wfa_outputs\oos_equity_curve_PG_CL_1h_20251108_101350_0.05.csv
OOS Period (2020-04-02 18:00:00+00:00 to 2020-04-24 17:00:00+00:00): PnL: $0.00 | Sharpe: 0.0000 | Calmar: 0.0000 | Trades: 0

--- Window 3 Boundary Check ---
IS Period RTH Bars: 228. Start: 2020-03-02 19:00:00+00:00 | End: 2020-04-24 17:00:00+00:00
OOS Start Bar Index: 472 | Time: 2020-04-24 18:00:00+00:00
ADF Test Result: p-value=0.0003 (Required < 0.05) | OLS Beta: 0.9748
Filter OFF: Spread is stationary. Proceeding with optimization.
IS Optimization Time: 0.08 seconds.
Optimal Params (Sharpe=5.3801, Calmar=0.0000): Z_E=2.1, Z_X=1.1, Z_SL=3.3
📊 Persistence: Saved 0 PnL points to wfa_outputs\oos_equity_curve_PG_CL_1h_20251108_101350_0.05.csv
OOS Period (2020-04-24 18:00:00+00:00 to 2020-05-15 17:00:00+00:00): PnL: $0.00 | Sharpe: 0.0000 | Calmar: 0.0000 | Trades: 0

--- Window 4 Boundary Check ---
IS Period RTH Bars: 228. Start: 2020-03-23 18:00:00+00:00 | End: 2020-05-15 17:00:00+00:00
OOS Start Bar Index: 562 | Time: 2020-05-15 18:00:00+00:00
ADF Test Result: p-value=0.0037 (Required < 0.05) | OLS Beta: 0.9730
Filter OFF: Spread is stationary. Proceeding with optimization.
IS Optimization Time: 0.08 seconds.
Optimal Params (Sharpe=5.1473, Calmar=369.9702): Z_E=1.9, Z_X=0.9, Z_SL=3.3
📊 Persistence: Saved 13 PnL points to wfa_outputs\oos_equity_curve_PG_CL_1h_20251108_101350_0.05.csv
OOS Period (2020-05-15 18:00:00+00:00 to 2020-06-08 17:00:00+00:00): PnL: $61.61 | Sharpe: 1.2674 | Calmar: 10.0308 | Trades: 13

--- Window 5 Boundary Check ---
IS Period RTH Bars: 228. Start: 2020-04-14 18:00:00+00:00 | End: 2020-06-08 17:00:00+00:00
OOS Start Bar Index: 652 | Time: 2020-06-08 18:00:00+00:00
ADF Test Result: p-value=0.2505 (Required < 0.05) | OLS Beta: 0.7431
Filter ON: Spread not stationary (p-value too high). Skipping optimization and OOS test.

--- Window 6 Boundary Check ---
IS Period RTH Bars: 228. Start: 2020-05-05 18:00:00+00:00 | End: 2020-06-29 17:00:00+00:00
OOS Start Bar Index: 742 | Time: 2020-06-29 18:00:00+00:00
ADF Test Result: p-value=0.0294 (Required < 0.05) | OLS Beta: 0.5675
Filter OFF: Spread is stationary. Proceeding with optimization.
IS Optimization Time: 0.08 seconds.
Optimal Params (Sharpe=1.2839, Calmar=8.2027): Z_E=2.5, Z_X=1.1, Z_SL=3.3
📊 Persistence: Saved 38 PnL points to wfa_outputs\oos_equity_curve_PG_CL_1h_20251108_101350_0.05.csv
OOS Period (2020-06-29 18:00:00+00:00 to 2020-07-21 17:00:00+00:00): PnL: $-46.35 | Sharpe: -2.1486 | Calmar: -6.0406 | Trades: 25

--- Window 7 Boundary Check ---
IS Period RTH Bars: 228. Start: 2020-05-27 18:00:00+00:00 | End: 2020-07-21 17:00:00+00:00
OOS Start Bar Index: 832 | Time: 2020-07-21 18:00:00+00:00
ADF Test Result: p-value=0.3313 (Required < 0.05) | OLS Beta: 1.4754
Filter ON: Spread not stationary (p-value too high). Skipping optimization and OOS test.

--- Window 8 Boundary Check ---
IS Period RTH Bars: 228. Start: 2020-06-17 18:00:00+00:00 | End: 2020-08-11 17:00:00+00:00
OOS Start Bar Index: 922 | Time: 2020-08-11 18:00:00+00:00
ADF Test Result: p-value=0.0339 (Required < 0.05) | OLS Beta: 1.9721
Filter OFF: Spread is stationary. Proceeding with optimization.
IS Optimization Time: 0.07 seconds.
Optimal Params (Sharpe=4.5099, Calmar=52.6338): Z_E=1.9, Z_X=0.5, Z_SL=3.3
📊 Persistence: Saved 38 PnL points to wfa_outputs\oos_equity_curve_PG_CL_1h_20251108_101350_0.05.csv
OOS Period (2020-08-11 18:00:00+00:00 to 2020-09-01 17:00:00+00:00): PnL: $0.00 | Sharpe: 0.0000 | Calmar: 0.0000 | Trades: 0

--- Window 9 Boundary Check ---
IS Period RTH Bars: 228. Start: 2020-07-09 18:00:00+00:00 | End: 2020-09-01 17:00:00+00:00
OOS Start Bar Index: 1012 | Time: 2020-09-01 18:00:00+00:00
ADF Test Result: p-value=0.2155 (Required < 0.05) | OLS Beta: 1.6455
Filter ON: Spread not stationary (p-value too high). Skipping optimization and OOS test.

--- Window 10 Boundary Check ---
IS Period RTH Bars: 228. Start: 2020-07-30 18:00:00+00:00 | End: 2020-09-23 17:00:00+00:00
OOS Start Bar Index: 1102 | Time: 2020-09-23 18:00:00+00:00
ADF Test Result: p-value=0.1244 (Required < 0.05) | OLS Beta: 0.6870
Filter ON: Spread not stationary (p-value too high). Skipping optimization and OOS test.

--- Window 11 Boundary Check ---
IS Period RTH Bars: 228. Start: 2020-08-20 18:00:00+00:00 | End: 2020-10-14 17:00:00+00:00
OOS Start Bar Index: 1192 | Time: 2020-10-14 18:00:00+00:00
ADF Test Result: p-value=0.3282 (Required < 0.05) | OLS Beta: 0.6219
Filter ON: Spread not stationary (p-value too high). Skipping optimization and OOS test.

--- Window 12 Boundary Check ---
IS Period RTH Bars: 228. Start: 2020-09-11 18:00:00+00:00 | End: 2020-11-04 18:00:00+00:00
OOS Start Bar Index: 1282 | Time: 2020-11-04 19:00:00+00:00
ADF Test Result: p-value=0.4895 (Required < 0.05) | OLS Beta: 0.5978
Filter ON: Spread not stationary (p-value too high). Skipping optimization and OOS test.

--- Window 13 Boundary Check ---
IS Period RTH Bars: 228. Start: 2020-10-02 18:00:00+00:00 | End: 2020-11-25 18:00:00+00:00
OOS Start Bar Index: 1372 | Time: 2020-11-25 19:00:00+00:00
ADF Test Result: p-value=0.0466 (Required < 0.05) | OLS Beta: 0.0815
Filter OFF: Spread is stationary. Proceeding with optimization.
IS Optimization Time: 0.07 seconds.
Optimal Params (Sharpe=4.9804, Calmar=96.9871): Z_E=2.1, Z_X=0.7, Z_SL=3.9
📊 Persistence: Saved 39 PnL points to wfa_outputs\oos_equity_curve_PG_CL_1h_20251108_101350_0.05.csv
OOS Period (2020-11-25 19:00:00+00:00 to 2020-12-17 20:00:00+00:00): PnL: $77.26 | Sharpe: 4.1217 | Calmar: 0.0000 | Trades: 1

--- Window 14 Boundary Check ---
IS Period RTH Bars: 228. Start: 2020-10-23 18:00:00+00:00 | End: 2020-12-17 20:00:00+00:00
OOS Start Bar Index: 1462 | Time: 2020-12-18 15:00:00+00:00
ADF Test Result: p-value=0.2350 (Required < 0.05) | OLS Beta: 0.0022
Filter ON: Spread not stationary (p-value too high). Skipping optimization and OOS test.

--- Window 15 Boundary Check ---
IS Period RTH Bars: 228. Start: 2020-11-13 19:00:00+00:00 | End: 2021-01-12 16:00:00+00:00
OOS Start Bar Index: 1552 | Time: 2021-01-12 17:00:00+00:00
ADF Test Result: p-value=0.0070 (Required < 0.05) | OLS Beta: 0.2160
Filter OFF: Spread is stationary. Proceeding with optimization.
IS Optimization Time: 0.09 seconds.
Optimal Params (Sharpe=3.6929, Calmar=20.3332): Z_E=2.1, Z_X=0.7, Z_SL=3.3
📊 Persistence: Saved 51 PnL points to wfa_outputs\oos_equity_curve_PG_CL_1h_20251108_101350_0.05.csv
OOS Period (2021-01-12 17:00:00+00:00 to 2021-02-03 16:00:00+00:00): PnL: $-191.07 | Sharpe: -2.5539 | Calmar: -10.2427 | Trades: 12

--- Window 16 Boundary Check ---
IS Period RTH Bars: 228. Start: 2020-12-08 15:00:00+00:00 | End: 2021-02-03 16:00:00+00:00
OOS Start Bar Index: 1642 | Time: 2021-02-03 17:00:00+00:00
ADF Test Result: p-value=0.4902 (Required < 0.05) | OLS Beta: 0.6364
Filter ON: Spread not stationary (p-value too high). Skipping optimization and OOS test.

--- Window 17 Boundary Check ---
IS Period RTH Bars: 228. Start: 2020-12-30 17:00:00+00:00 | End: 2021-02-25 16:00:00+00:00
OOS Start Bar Index: 1732 | Time: 2021-02-25 17:00:00+00:00
ADF Test Result: p-value=0.1350 (Required < 0.05) | OLS Beta: 1.0269
Filter ON: Spread not stationary (p-value too high). Skipping optimization and OOS test.

--- Window 18 Boundary Check ---
IS Period RTH Bars: 228. Start: 2021-01-22 17:00:00+00:00 | End: 2021-03-18 15:00:00+00:00
OOS Start Bar Index: 1822 | Time: 2021-03-18 16:00:00+00:00
ADF Test Result: p-value=0.2595 (Required < 0.05) | OLS Beta: 0.6090
Filter ON: Spread not stationary (p-value too high). Skipping optimization and OOS test.

--- Window 19 Boundary Check ---
IS Period RTH Bars: 228. Start: 2021-02-12 17:00:00+00:00 | End: 2021-04-09 15:00:00+00:00
OOS Start Bar Index: 1912 | Time: 2021-04-09 16:00:00+00:00
ADF Test Result: p-value=0.2125 (Required < 0.05) | OLS Beta: 1.2853
Filter ON: Spread not stationary (p-value too high). Skipping optimization and OOS test.

--- Window 20 Boundary Check ---
IS Period RTH Bars: 228. Start: 2021-03-08 17:00:00+00:00 | End: 2021-05-03 15:00:00+00:00
OOS Start Bar Index: 2002 | Time: 2021-05-03 16:00:00+00:00
ADF Test Result: p-value=0.2265 (Required < 0.05) | OLS Beta: 0.8980
Filter ON: Spread not stationary (p-value too high). Skipping optimization and OOS test.

--- Window 21 Boundary Check ---
IS Period RTH Bars: 228. Start: 2021-03-29 16:00:00+00:00 | End: 2021-05-24 15:00:00+00:00
OOS Start Bar Index: 2092 | Time: 2021-05-24 16:00:00+00:00
ADF Test Result: p-value=0.2266 (Required < 0.05) | OLS Beta: 0.4249
Filter ON: Spread not stationary (p-value too high). Skipping optimization and OOS test.

--- Window 22 Boundary Check ---
IS Period RTH Bars: 228. Start: 2021-04-21 16:00:00+00:00 | End: 2021-06-15 15:00:00+00:00
OOS Start Bar Index: 2182 | Time: 2021-06-15 16:00:00+00:00
ADF Test Result: p-value=0.1699 (Required < 0.05) | OLS Beta: 0.6230
Filter ON: Spread not stationary (p-value too high). Skipping optimization and OOS test.

--- Window 23 Boundary Check ---
IS Period RTH Bars: 228. Start: 2021-05-12 16:00:00+00:00 | End: 2021-07-07 15:00:00+00:00
OOS Start Bar Index: 2272 | Time: 2021-07-07 16:00:00+00:00
ADF Test Result: p-value=0.5102 (Required < 0.05) | OLS Beta: 0.6878
Filter ON: Spread not stationary (p-value too high). Skipping optimization and OOS test.

--- Window 24 Boundary Check ---
IS Period RTH Bars: 228. Start: 2021-06-03 16:00:00+00:00 | End: 2021-07-28 15:00:00+00:00
OOS Start Bar Index: 2362 | Time: 2021-07-28 16:00:00+00:00
ADF Test Result: p-value=0.6946 (Required < 0.05) | OLS Beta: 1.0229
Filter ON: Spread not stationary (p-value too high). Skipping optimization and OOS test.

--- Window 25 Boundary Check ---
IS Period RTH Bars: 228. Start: 2021-06-24 16:00:00+00:00 | End: 2021-08-18 15:00:00+00:00
OOS Start Bar Index: 2452 | Time: 2021-08-18 16:00:00+00:00
ADF Test Result: p-value=0.1474 (Required < 0.05) | OLS Beta: -0.4795
Filter ON: Spread not stationary (p-value too high). Skipping optimization and OOS test.

--- Window 26 Boundary Check ---
IS Period RTH Bars: 228. Start: 2021-07-16 16:00:00+00:00 | End: 2021-09-09 15:00:00+00:00
OOS Start Bar Index: 2542 | Time: 2021-09-09 16:00:00+00:00
ADF Test Result: p-value=0.0250 (Required < 0.05) | OLS Beta: -0.3826
Filter OFF: Spread is stationary. Proceeding with optimization.
IS Optimization Time: 0.07 seconds.
Optimal Params (Sharpe=3.2645, Calmar=0.0000): Z_E=3.3, Z_X=0.3, Z_SL=3.6
📊 Persistence: Saved 53 PnL points to wfa_outputs\oos_equity_curve_PG_CL_1h_20251108_101350_0.05.csv
OOS Period (2021-09-09 16:00:00+00:00 to 2021-09-30 15:00:00+00:00): PnL: $-1.65 | Sharpe: -0.7716 | Calmar: -4.1180 | Trades: 2

--- Window 27 Boundary Check ---
IS Period RTH Bars: 228. Start: 2021-08-06 16:00:00+00:00 | End: 2021-09-30 15:00:00+00:00
OOS Start Bar Index: 2632 | Time: 2021-09-30 16:00:00+00:00
ADF Test Result: p-value=0.1643 (Required < 0.05) | OLS Beta: 0.1638
Filter ON: Spread not stationary (p-value too high). Skipping optimization and OOS test.

--- Window 28 Boundary Check ---
IS Period RTH Bars: 228. Start: 2021-08-27 16:00:00+00:00 | End: 2021-10-21 15:00:00+00:00
OOS Start Bar Index: 2722 | Time: 2021-10-21 16:00:00+00:00
ADF Test Result: p-value=0.2088 (Required < 0.05) | OLS Beta: 0.7049
Filter ON: Spread not stationary (p-value too high). Skipping optimization and OOS test.

--- Window 29 Boundary Check ---
IS Period RTH Bars: 228. Start: 2021-09-20 16:00:00+00:00 | End: 2021-11-12 16:00:00+00:00
OOS Start Bar Index: 2812 | Time: 2021-11-12 17:00:00+00:00
ADF Test Result: p-value=0.0511 (Required < 0.05) | OLS Beta: 1.0374
Filter ON: Spread not stationary (p-value too high). Skipping optimization and OOS test.

--- Window 30 Boundary Check ---
IS Period RTH Bars: 228. Start: 2021-10-11 16:00:00+00:00 | End: 2021-12-06 17:00:00+00:00
OOS Start Bar Index: 2902 | Time: 2021-12-06 18:00:00+00:00
ADF Test Result: p-value=0.4964 (Required < 0.05) | OLS Beta: 1.1013
Filter ON: Spread not stationary (p-value too high). Skipping optimization and OOS test.

--- Window 31 Boundary Check ---
IS Period RTH Bars: 228. Start: 2021-11-02 16:00:00+00:00 | End: 2021-12-28 17:00:00+00:00
OOS Start Bar Index: 2992 | Time: 2021-12-28 18:00:00+00:00
ADF Test Result: p-value=0.4797 (Required < 0.05) | OLS Beta: 1.0985
Filter ON: Spread not stationary (p-value too high). Skipping optimization and OOS test.

--- Window 32 Boundary Check ---
IS Period RTH Bars: 228. Start: 2021-11-23 17:00:00+00:00 | End: 2022-01-19 17:00:00+00:00
OOS Start Bar Index: 3082 | Time: 2022-01-19 18:00:00+00:00
ADF Test Result: p-value=0.0213 (Required < 0.05) | OLS Beta: 0.9247
Filter OFF: Spread is stationary. Proceeding with optimization.
IS Optimization Time: 0.08 seconds.
Optimal Params (Sharpe=3.6703, Calmar=38.2106): Z_E=1.9, Z_X=1.3, Z_SL=3.9
📊 Persistence: Saved 59 PnL points to wfa_outputs\oos_equity_curve_PG_CL_1h_20251108_101350_0.05.csv
OOS Period (2022-01-19 18:00:00+00:00 to 2022-02-10 16:00:00+00:00): PnL: $-16.60 | Sharpe: -0.5821 | Calmar: -2.6486 | Trades: 6

--- Window 33 Boundary Check ---
IS Period RTH Bars: 228. Start: 2021-12-15 18:00:00+00:00 | End: 2022-02-10 16:00:00+00:00
OOS Start Bar Index: 3172 | Time: 2022-02-10 17:00:00+00:00
ADF Test Result: p-value=0.1263 (Required < 0.05) | OLS Beta: 0.6426
Filter ON: Spread not stationary (p-value too high). Skipping optimization and OOS test.

--- Window 34 Boundary Check ---
IS Period RTH Bars: 228. Start: 2022-01-06 18:00:00+00:00 | End: 2022-03-04 16:00:00+00:00
OOS Start Bar Index: 3262 | Time: 2022-03-04 17:00:00+00:00
ADF Test Result: p-value=0.0515 (Required < 0.05) | OLS Beta: 0.4924
Filter ON: Spread not stationary (p-value too high). Skipping optimization and OOS test.

--- Window 35 Boundary Check ---
IS Period RTH Bars: 228. Start: 2022-01-31 17:00:00+00:00 | End: 2022-03-28 15:00:00+00:00
OOS Start Bar Index: 3352 | Time: 2022-03-28 16:00:00+00:00
ADF Test Result: p-value=0.3544 (Required < 0.05) | OLS Beta: 0.8196
Filter ON: Spread not stationary (p-value too high). Skipping optimization and OOS test.

--- Window 36 Boundary Check ---
IS Period RTH Bars: 228. Start: 2022-02-22 17:00:00+00:00 | End: 2022-04-19 15:00:00+00:00
OOS Start Bar Index: 3442 | Time: 2022-04-19 16:00:00+00:00
ADF Test Result: p-value=0.2507 (Required < 0.05) | OLS Beta: 0.8026
Filter ON: Spread not stationary (p-value too high). Skipping optimization and OOS test.

--- Window 37 Boundary Check ---
IS Period RTH Bars: 228. Start: 2022-03-16 16:00:00+00:00 | End: 2022-05-10 15:00:00+00:00
OOS Start Bar Index: 3532 | Time: 2022-05-10 16:00:00+00:00
ADF Test Result: p-value=0.0578 (Required < 0.05) | OLS Beta: 0.6731
Filter ON: Spread not stationary (p-value too high). Skipping optimization and OOS test.

--- Window 38 Boundary Check ---
IS Period RTH Bars: 228. Start: 2022-04-06 16:00:00+00:00 | End: 2022-06-01 15:00:00+00:00
OOS Start Bar Index: 3622 | Time: 2022-06-01 16:00:00+00:00
ADF Test Result: p-value=0.8883 (Required < 0.05) | OLS Beta: 0.9780
Filter ON: Spread not stationary (p-value too high). Skipping optimization and OOS test.

--- Window 39 Boundary Check ---
IS Period RTH Bars: 228. Start: 2022-04-28 16:00:00+00:00 | End: 2022-06-23 15:00:00+00:00
OOS Start Bar Index: 3712 | Time: 2022-06-23 16:00:00+00:00
ADF Test Result: p-value=0.8899 (Required < 0.05) | OLS Beta: 1.1704
Filter ON: Spread not stationary (p-value too high). Skipping optimization and OOS test.

--- Window 40 Boundary Check ---
IS Period RTH Bars: 228. Start: 2022-05-19 16:00:00+00:00 | End: 2022-07-15 15:00:00+00:00
OOS Start Bar Index: 3802 | Time: 2022-07-15 16:00:00+00:00
ADF Test Result: p-value=0.4256 (Required < 0.05) | OLS Beta: 0.9135
Filter ON: Spread not stationary (p-value too high). Skipping optimization and OOS test.

--- Window 41 Boundary Check ---
IS Period RTH Bars: 228. Start: 2022-06-10 16:00:00+00:00 | End: 2022-08-05 15:00:00+00:00
OOS Start Bar Index: 3892 | Time: 2022-08-05 16:00:00+00:00
ADF Test Result: p-value=0.2532 (Required < 0.05) | OLS Beta: 0.8380
Filter ON: Spread not stationary (p-value too high). Skipping optimization and OOS test.

--- Window 42 Boundary Check ---
IS Period RTH Bars: 228. Start: 2022-07-05 16:00:00+00:00 | End: 2022-08-26 15:00:00+00:00
OOS Start Bar Index: 3982 | Time: 2022-08-26 16:00:00+00:00
ADF Test Result: p-value=0.0125 (Required < 0.05) | OLS Beta: 0.5536
Filter OFF: Spread is stationary. Proceeding with optimization.
IS Optimization Time: 0.08 seconds.
Optimal Params (Sharpe=3.3738, Calmar=0.0000): Z_E=2.9, Z_X=1.5, Z_SL=3.3
📊 Persistence: Saved 72 PnL points to wfa_outputs\oos_equity_curve_PG_CL_1h_20251108_101350_0.05.csv
OOS Period (2022-08-26 16:00:00+00:00 to 2022-09-19 15:00:00+00:00): PnL: $-6.20 | Sharpe: -0.2458 | Calmar: -0.7467 | Trades: 13

--- Window 43 Boundary Check ---
IS Period RTH Bars: 228. Start: 2022-07-26 16:00:00+00:00 | End: 2022-09-19 15:00:00+00:00
OOS Start Bar Index: 4072 | Time: 2022-09-19 16:00:00+00:00
ADF Test Result: p-value=0.1026 (Required < 0.05) | OLS Beta: 0.9654
Filter ON: Spread not stationary (p-value too high). Skipping optimization and OOS test.

--- Window 44 Boundary Check ---
IS Period RTH Bars: 228. Start: 2022-08-16 16:00:00+00:00 | End: 2022-10-10 15:00:00+00:00
OOS Start Bar Index: 4162 | Time: 2022-10-10 16:00:00+00:00
ADF Test Result: p-value=0.3320 (Required < 0.05) | OLS Beta: 0.9417
Filter ON: Spread not stationary (p-value too high). Skipping optimization and OOS test.

--- Window 45 Boundary Check ---
IS Period RTH Bars: 228. Start: 2022-09-07 16:00:00+00:00 | End: 2022-10-31 15:00:00+00:00
OOS Start Bar Index: 4252 | Time: 2022-10-31 16:00:00+00:00
ADF Test Result: p-value=0.0094 (Required < 0.05) | OLS Beta: 1.0130
Filter OFF: Spread is stationary. Proceeding with optimization.
IS Optimization Time: 0.07 seconds.
Optimal Params (Sharpe=2.8139, Calmar=220.0682): Z_E=2.5, Z_X=1.3, Z_SL=3.3
📊 Persistence: Saved 89 PnL points to wfa_outputs\oos_equity_curve_PG_CL_1h_20251108_101350_0.05.csv
OOS Period (2022-10-31 16:00:00+00:00 to 2022-11-21 16:00:00+00:00): PnL: $-95.11 | Sharpe: -3.6495 | Calmar: -12.2492 | Trades: 17

--- Window 46 Boundary Check ---
IS Period RTH Bars: 228. Start: 2022-09-28 16:00:00+00:00 | End: 2022-11-21 16:00:00+00:00
OOS Start Bar Index: 4342 | Time: 2022-11-21 17:00:00+00:00
ADF Test Result: p-value=0.0739 (Required < 0.05) | OLS Beta: 1.4142
Filter ON: Spread not stationary (p-value too high). Skipping optimization and OOS test.

--- Window 47 Boundary Check ---
IS Period RTH Bars: 228. Start: 2022-10-19 16:00:00+00:00 | End: 2022-12-13 18:00:00+00:00
OOS Start Bar Index: 4432 | Time: 2022-12-13 19:00:00+00:00
ADF Test Result: p-value=0.0051 (Required < 0.05) | OLS Beta: 1.8422
Filter OFF: Spread is stationary. Proceeding with optimization.
IS Optimization Time: 0.11 seconds.
Optimal Params (Sharpe=4.5200, Calmar=59.6149): Z_E=1.9, Z_X=1.1, Z_SL=3.6
📊 Persistence: Saved 93 PnL points to wfa_outputs\oos_equity_curve_PG_CL_1h_20251108_101350_0.05.csv
OOS Period (2022-12-13 19:00:00+00:00 to 2023-01-05 18:00:00+00:00): PnL: $96.84 | Sharpe: 4.9305 | Calmar: 53.8921 | Trades: 4

--- Window 48 Boundary Check ---
IS Period RTH Bars: 228. Start: 2022-11-09 17:00:00+00:00 | End: 2023-01-05 18:00:00+00:00
OOS Start Bar Index: 4522 | Time: 2023-01-05 19:00:00+00:00
ADF Test Result: p-value=0.0690 (Required < 0.05) | OLS Beta: 1.4290
Filter ON: Spread not stationary (p-value too high). Skipping optimization and OOS test.

--- Window 49 Boundary Check ---
IS Period RTH Bars: 228. Start: 2022-12-01 19:00:00+00:00 | End: 2023-01-27 18:00:00+00:00
OOS Start Bar Index: 4612 | Time: 2023-01-27 19:00:00+00:00
ADF Test Result: p-value=0.0192 (Required < 0.05) | OLS Beta: 1.1791
Filter OFF: Spread is stationary. Proceeding with optimization.
IS Optimization Time: 0.07 seconds.
Optimal Params (Sharpe=4.3701, Calmar=0.0000): Z_E=2.9, Z_X=0.3, Z_SL=3.6
📊 Persistence: Saved 94 PnL points to wfa_outputs\oos_equity_curve_PG_CL_1h_20251108_101350_0.05.csv
OOS Period (2023-01-27 19:00:00+00:00 to 2023-02-17 18:00:00+00:00): PnL: $43.72 | Sharpe: 4.1217 | Calmar: 0.0000 | Trades: 1

--- Window 50 Boundary Check ---
IS Period RTH Bars: 228. Start: 2022-12-22 19:00:00+00:00 | End: 2023-02-17 18:00:00+00:00
OOS Start Bar Index: 4702 | Time: 2023-02-17 19:00:00+00:00
ADF Test Result: p-value=0.0331 (Required < 0.05) | OLS Beta: 1.1250
Filter OFF: Spread is stationary. Proceeding with optimization.
IS Optimization Time: 0.08 seconds.
Optimal Params (Sharpe=3.6193, Calmar=0.0000): Z_E=2.9, Z_X=1.1, Z_SL=3.3
📊 Persistence: Saved 94 PnL points to wfa_outputs\oos_equity_curve_PG_CL_1h_20251108_101350_0.05.csv
OOS Period (2023-02-17 19:00:00+00:00 to 2023-03-13 17:00:00+00:00): PnL: $0.00 | Sharpe: 0.0000 | Calmar: 0.0000 | Trades: 0

--- Window 51 Boundary Check ---
IS Period RTH Bars: 228. Start: 2023-01-17 19:00:00+00:00 | End: 2023-03-13 17:00:00+00:00
OOS Start Bar Index: 4792 | Time: 2023-03-13 18:00:00+00:00
ADF Test Result: p-value=0.0243 (Required < 0.05) | OLS Beta: 0.7373
Filter OFF: Spread is stationary. Proceeding with optimization.
IS Optimization Time: 0.13 seconds.
Optimal Params (Sharpe=3.6241, Calmar=0.0000): Z_E=2.9, Z_X=1.5, Z_SL=3.3
📊 Persistence: Saved 128 PnL points to wfa_outputs\oos_equity_curve_PG_CL_1h_20251108_101350_0.05.csv
OOS Period (2023-03-13 18:00:00+00:00 to 2023-04-03 17:00:00+00:00): PnL: $-21.55 | Sharpe: -0.9032 | Calmar: -4.0313 | Trades: 34

--- Window 52 Boundary Check ---
IS Period RTH Bars: 228. Start: 2023-02-07 19:00:00+00:00 | End: 2023-04-03 17:00:00+00:00
OOS Start Bar Index: 4882 | Time: 2023-04-03 18:00:00+00:00
ADF Test Result: p-value=0.8957 (Required < 0.05) | OLS Beta: 0.9694
Filter ON: Spread not stationary (p-value too high). Skipping optimization and OOS test.

--- Window 53 Boundary Check ---
IS Period RTH Bars: 228. Start: 2023-03-01 19:00:00+00:00 | End: 2023-04-25 17:00:00+00:00
OOS Start Bar Index: 4972 | Time: 2023-04-25 18:00:00+00:00
ADF Test Result: p-value=0.0558 (Required < 0.05) | OLS Beta: 1.4648
Filter ON: Spread not stationary (p-value too high). Skipping optimization and OOS test.

--- Window 54 Boundary Check ---
IS Period RTH Bars: 228. Start: 2023-03-22 18:00:00+00:00 | End: 2023-05-16 17:00:00+00:00
OOS Start Bar Index: 5062 | Time: 2023-05-16 18:00:00+00:00
ADF Test Result: p-value=0.2211 (Required < 0.05) | OLS Beta: 0.6191
Filter ON: Spread not stationary (p-value too high). Skipping optimization and OOS test.

--- Window 55 Boundary Check ---
IS Period RTH Bars: 228. Start: 2023-04-13 18:00:00+00:00 | End: 2023-06-07 17:00:00+00:00
OOS Start Bar Index: 5152 | Time: 2023-06-07 18:00:00+00:00
ADF Test Result: p-value=0.5916 (Required < 0.05) | OLS Beta: 0.7714
Filter ON: Spread not stationary (p-value too high). Skipping optimization and OOS test.

--- Window 56 Boundary Check ---
IS Period RTH Bars: 228. Start: 2023-05-04 18:00:00+00:00 | End: 2023-06-29 17:00:00+00:00
OOS Start Bar Index: 5242 | Time: 2023-06-29 18:00:00+00:00
ADF Test Result: p-value=0.2654 (Required < 0.05) | OLS Beta: 0.8922
Filter ON: Spread not stationary (p-value too high). Skipping optimization and OOS test.

--- Window 57 Boundary Check ---
IS Period RTH Bars: 228. Start: 2023-05-25 18:00:00+00:00 | End: 2023-07-21 18:00:00+00:00
OOS Start Bar Index: 5332 | Time: 2023-07-21 19:00:00+00:00
ADF Test Result: p-value=0.5817 (Required < 0.05) | OLS Beta: 1.0330
Filter ON: Spread not stationary (p-value too high). Skipping optimization and OOS test.

--- Window 58 Boundary Check ---
IS Period RTH Bars: 228. Start: 2023-06-16 18:00:00+00:00 | End: 2023-08-11 18:00:00+00:00
OOS Start Bar Index: 5422 | Time: 2023-08-11 19:00:00+00:00
ADF Test Result: p-value=0.5265 (Required < 0.05) | OLS Beta: 0.8475
Filter ON: Spread not stationary (p-value too high). Skipping optimization and OOS test.

--- Window 59 Boundary Check ---
IS Period RTH Bars: 228. Start: 2023-07-11 19:00:00+00:00 | End: 2023-09-01 18:00:00+00:00
OOS Start Bar Index: 5512 | Time: 2023-09-01 19:00:00+00:00
ADF Test Result: p-value=0.1986 (Required < 0.05) | OLS Beta: 0.2713
Filter ON: Spread not stationary (p-value too high). Skipping optimization and OOS test.

--- Window 60 Boundary Check ---
IS Period RTH Bars: 228. Start: 2023-08-01 19:00:00+00:00 | End: 2023-09-25 18:00:00+00:00
OOS Start Bar Index: 5602 | Time: 2023-09-25 19:00:00+00:00
ADF Test Result: p-value=0.0695 (Required < 0.05) | OLS Beta: 0.5267
Filter ON: Spread not stationary (p-value too high). Skipping optimization and OOS test.

--- Window 61 Boundary Check ---
IS Period RTH Bars: 228. Start: 2023-08-22 19:00:00+00:00 | End: 2023-10-16 18:00:00+00:00
OOS Start Bar Index: 5692 | Time: 2023-10-16 19:00:00+00:00
ADF Test Result: p-value=0.2616 (Required < 0.05) | OLS Beta: 1.1959
Filter ON: Spread not stationary (p-value too high). Skipping optimization and OOS test.

--- Window 62 Boundary Check ---
IS Period RTH Bars: 228. Start: 2023-09-13 19:00:00+00:00 | End: 2023-11-06 19:00:00+00:00
OOS Start Bar Index: 5782 | Time: 2023-11-06 20:00:00+00:00
ADF Test Result: p-value=0.2369 (Required < 0.05) | OLS Beta: 0.7564
Filter ON: Spread not stationary (p-value too high). Skipping optimization and OOS test.

--- Window 63 Boundary Check ---
IS Period RTH Bars: 228. Start: 2023-10-04 19:00:00+00:00 | End: 2023-11-29 15:00:00+00:00
OOS Start Bar Index: 5872 | Time: 2023-11-29 16:00:00+00:00
ADF Test Result: p-value=0.0604 (Required < 0.05) | OLS Beta: 0.5533
Filter ON: Spread not stationary (p-value too high). Skipping optimization and OOS test.

--- Window 64 Boundary Check ---
IS Period RTH Bars: 228. Start: 2023-10-25 19:00:00+00:00 | End: 2023-12-20 15:00:00+00:00
OOS Start Bar Index: 5962 | Time: 2023-12-20 16:00:00+00:00
ADF Test Result: p-value=0.4036 (Required < 0.05) | OLS Beta: -0.1144
Filter ON: Spread not stationary (p-value too high). Skipping optimization and OOS test.

--- Window 65 Boundary Check ---
IS Period RTH Bars: 228. Start: 2023-11-15 20:00:00+00:00 | End: 2024-01-12 15:00:00+00:00
OOS Start Bar Index: 6052 | Time: 2024-01-12 16:00:00+00:00
ADF Test Result: p-value=0.2552 (Required < 0.05) | OLS Beta: -0.0294
Filter ON: Spread not stationary (p-value too high). Skipping optimization and OOS test.

--- Window 66 Boundary Check ---
IS Period RTH Bars: 228. Start: 2023-12-08 16:00:00+00:00 | End: 2024-02-05 15:00:00+00:00
OOS Start Bar Index: 6142 | Time: 2024-02-05 16:00:00+00:00
ADF Test Result: p-value=0.0580 (Required < 0.05) | OLS Beta: 1.0142
Filter ON: Spread not stationary (p-value too high). Skipping optimization and OOS test.

--- Window 67 Boundary Check ---
IS Period RTH Bars: 228. Start: 2024-01-02 16:00:00+00:00 | End: 2024-02-27 15:00:00+00:00
OOS Start Bar Index: 6232 | Time: 2024-02-27 16:00:00+00:00
ADF Test Result: p-value=0.0274 (Required < 0.05) | OLS Beta: 1.1305
Filter OFF: Spread is stationary. Proceeding with optimization.
IS Optimization Time: 0.08 seconds.
Optimal Params (Sharpe=3.6437, Calmar=0.0000): Z_E=3.1, Z_X=1.5, Z_SL=3.3
📊 Persistence: Saved 143 PnL points to wfa_outputs\oos_equity_curve_PG_CL_1h_20251108_101350_0.05.csv
OOS Period (2024-02-27 16:00:00+00:00 to 2024-03-19 14:00:00+00:00): PnL: $-51.25 | Sharpe: -2.6425 | Calmar: -11.6282 | Trades: 15

--- Window 68 Boundary Check ---
IS Period RTH Bars: 228. Start: 2024-01-24 16:00:00+00:00 | End: 2024-03-19 14:00:00+00:00
OOS Start Bar Index: 6322 | Time: 2024-03-19 15:00:00+00:00
ADF Test Result: p-value=0.0157 (Required < 0.05) | OLS Beta: 0.4924
Filter OFF: Spread is stationary. Proceeding with optimization.
IS Optimization Time: 0.05 seconds.
Optimal Params (Sharpe=0.5402, Calmar=1.6141): Z_E=1.9, Z_X=1.1, Z_SL=3.3
📊 Persistence: Saved 159 PnL points to wfa_outputs\oos_equity_curve_PG_CL_1h_20251108_101350_0.05.csv
OOS Period (2024-03-19 15:00:00+00:00 to 2024-04-10 14:00:00+00:00): PnL: $-58.86 | Sharpe: -1.5519 | Calmar: -6.4871 | Trades: 16

--- Window 69 Boundary Check ---
IS Period RTH Bars: 228. Start: 2024-02-14 16:00:00+00:00 | End: 2024-04-10 14:00:00+00:00
OOS Start Bar Index: 6412 | Time: 2024-04-10 15:00:00+00:00
ADF Test Result: p-value=0.4853 (Required < 0.05) | OLS Beta: 0.3722
Filter ON: Spread not stationary (p-value too high). Skipping optimization and OOS test.

--- Window 70 Boundary Check ---
IS Period RTH Bars: 228. Start: 2024-03-07 16:00:00+00:00 | End: 2024-05-01 14:00:00+00:00
OOS Start Bar Index: 6502 | Time: 2024-05-01 15:00:00+00:00
ADF Test Result: p-value=0.2993 (Required < 0.05) | OLS Beta: 0.8929
Filter ON: Spread not stationary (p-value too high). Skipping optimization and OOS test.

--- Window 71 Boundary Check ---
IS Period RTH Bars: 228. Start: 2024-03-28 15:00:00+00:00 | End: 2024-05-22 14:00:00+00:00
OOS Start Bar Index: 6592 | Time: 2024-05-22 15:00:00+00:00
ADF Test Result: p-value=0.1447 (Required < 0.05) | OLS Beta: 0.7499
Filter ON: Spread not stationary (p-value too high). Skipping optimization and OOS test.

--- Window 72 Boundary Check ---
IS Period RTH Bars: 228. Start: 2024-04-19 15:00:00+00:00 | End: 2024-06-13 14:00:00+00:00
OOS Start Bar Index: 6682 | Time: 2024-06-13 15:00:00+00:00
ADF Test Result: p-value=0.0251 (Required < 0.05) | OLS Beta: 0.6381
Filter OFF: Spread is stationary. Proceeding with optimization.
IS Optimization Time: 0.07 seconds.
Optimal Params (Sharpe=3.3634, Calmar=183.1177): Z_E=2.5, Z_X=0.3, Z_SL=3.3
📊 Persistence: Saved 183 PnL points to wfa_outputs\oos_equity_curve_PG_CL_1h_20251108_101350_0.05.csv
OOS Period (2024-06-13 15:00:00+00:00 to 2024-07-08 15:00:00+00:00): PnL: $-178.42 | Sharpe: -6.6113 | Calmar: -12.9548 | Trades: 24

--- Window 73 Boundary Check ---
IS Period RTH Bars: 228. Start: 2024-05-10 15:00:00+00:00 | End: 2024-07-08 15:00:00+00:00
OOS Start Bar Index: 6772 | Time: 2024-07-08 16:00:00+00:00
ADF Test Result: p-value=0.3308 (Required < 0.05) | OLS Beta: 0.2493
Filter ON: Spread not stationary (p-value too high). Skipping optimization and OOS test.

--- Window 74 Boundary Check ---
IS Period RTH Bars: 228. Start: 2024-06-03 15:00:00+00:00 | End: 2024-07-29 15:00:00+00:00
OOS Start Bar Index: 6862 | Time: 2024-07-29 16:00:00+00:00
ADF Test Result: p-value=0.2434 (Required < 0.05) | OLS Beta: 0.2276
Filter ON: Spread not stationary (p-value too high). Skipping optimization and OOS test.

--- Window 75 Boundary Check ---
IS Period RTH Bars: 228. Start: 2024-06-25 15:00:00+00:00 | End: 2024-08-19 15:00:00+00:00
OOS Start Bar Index: 6952 | Time: 2024-08-19 16:00:00+00:00
ADF Test Result: p-value=0.0236 (Required < 0.05) | OLS Beta: 0.4110
Filter OFF: Spread is stationary. Proceeding with optimization.
IS Optimization Time: 0.08 seconds.
Optimal Params (Sharpe=5.2760, Calmar=113.8751): Z_E=1.9, Z_X=0.7, Z_SL=3.3
📊 Persistence: Saved 184 PnL points to wfa_outputs\oos_equity_curve_PG_CL_1h_20251108_101350_0.05.csv
OOS Period (2024-08-19 16:00:00+00:00 to 2024-09-10 15:00:00+00:00): PnL: $-59.39 | Sharpe: -4.1217 | Calmar: -15.8732 | Trades: 1

--- Window 76 Boundary Check ---
IS Period RTH Bars: 228. Start: 2024-07-17 16:00:00+00:00 | End: 2024-09-10 15:00:00+00:00
OOS Start Bar Index: 7042 | Time: 2024-09-10 16:00:00+00:00
ADF Test Result: p-value=0.0849 (Required < 0.05) | OLS Beta: 0.4406
Filter ON: Spread not stationary (p-value too high). Skipping optimization and OOS test.

--- Window 77 Boundary Check ---
IS Period RTH Bars: 228. Start: 2024-08-07 16:00:00+00:00 | End: 2024-10-01 15:00:00+00:00
OOS Start Bar Index: 7132 | Time: 2024-10-01 16:00:00+00:00
ADF Test Result: p-value=0.4318 (Required < 0.05) | OLS Beta: 0.5650
Filter ON: Spread not stationary (p-value too high). Skipping optimization and OOS test.

--- Window 78 Boundary Check ---
IS Period RTH Bars: 228. Start: 2024-08-28 16:00:00+00:00 | End: 2024-10-22 15:00:00+00:00
OOS Start Bar Index: 7222 | Time: 2024-10-22 16:00:00+00:00
ADF Test Result: p-value=0.0202 (Required < 0.05) | OLS Beta: 0.3807
Filter OFF: Spread is stationary. Proceeding with optimization.
IS Optimization Time: 0.08 seconds.
Optimal Params (Sharpe=2.5752, Calmar=0.0000): Z_E=3.1, Z_X=0.3, Z_SL=3.3
📊 Persistence: Saved 184 PnL points to wfa_outputs\oos_equity_curve_PG_CL_1h_20251108_101350_0.05.csv
OOS Period (2024-10-22 16:00:00+00:00 to 2024-11-12 16:00:00+00:00): PnL: $0.00 | Sharpe: 0.0000 | Calmar: 0.0000 | Trades: 0

--- Window 79 Boundary Check ---
IS Period RTH Bars: 228. Start: 2024-09-19 16:00:00+00:00 | End: 2024-11-12 16:00:00+00:00
OOS Start Bar Index: 7312 | Time: 2024-11-12 17:00:00+00:00
ADF Test Result: p-value=0.0741 (Required < 0.05) | OLS Beta: 0.4023
Filter ON: Spread not stationary (p-value too high). Skipping optimization and OOS test.

--- Window 80 Boundary Check ---
IS Period RTH Bars: 228. Start: 2024-10-10 16:00:00+00:00 | End: 2024-12-04 18:00:00+00:00
OOS Start Bar Index: 7402 | Time: 2024-12-04 19:00:00+00:00
ADF Test Result: p-value=0.8102 (Required < 0.05) | OLS Beta: 0.3540
Filter ON: Spread not stationary (p-value too high). Skipping optimization and OOS test.

--- Window 81 Boundary Check ---
IS Period RTH Bars: 228. Start: 2024-10-31 16:00:00+00:00 | End: 2024-12-26 20:00:00+00:00
OOS Start Bar Index: 7492 | Time: 2024-12-27 15:00:00+00:00
ADF Test Result: p-value=0.0320 (Required < 0.05) | OLS Beta: 1.3931
Filter OFF: Spread is stationary. Proceeding with optimization.
IS Optimization Time: 0.03 seconds.
Optimal Params (Sharpe=2.5752, Calmar=0.0000): Z_E=2.7, Z_X=1.3, Z_SL=3.3
📊 Persistence: Saved 184 PnL points to wfa_outputs\oos_equity_curve_PG_CL_1h_20251108_101350_0.05.csv
OOS Period (2024-12-27 15:00:00+00:00 to 2024-12-27 20:00:00+00:00): PnL: $0.00 | Sharpe: 0.0000 | Calmar: 0.0000 | Trades: 0

############################################################
📈 OVERALL SIMULATION PERFORMANCE (Walk-Forward Test)
############################################################
Timeframe Used: 1Hour, Value: 1
ADF Cointegration Filter Threshold: 0.05
Total OOS Windows Tested: 81
Total Trades Executed: 184
--- Final Performance Metrics ---
Total PnL: $-447.03
Overall Sharpe Ratio (Annualized): -0.1871
Overall Calmar Ratio (Annualized): -0.0326
Maximum Dollar Drawdown (MDD): $607.84

--- Execution Time ---
Total Elapsed Time: 41.98 seconds
############################################################
[0m