--- Dynamic Timeframe Configuration ---
TimeFrame Selected: 1Min, Value: 15
Bars per Trading Day: 26
Annualization Factor (Bars/Year): 6552
Statistical Lookback Bars: 145
Optimization Lookback Bars: 1268
---------------------------------------
--- Diagnostic Check ---
API Key ID Length: 26
API Secret Key Length: 44
StockHistoricalDataClient initialized successfully. Starting data fetch...
--------------------------
Pre-compiling Numba function for first run optimization...
Numba pre-compilation complete.
Fetching data from 2020-01-01 to 2024-12-30...
Fetching 15Min data for PG...
Fetching 15Min data for CL...
Data acquired successfully. Total 1Min RTH bars: 32464
Skipping full pre-calculation. Metrics will be calculated inside the WFA loop.

============================================================
📈 Starting Rolling Backtest: IS Optimization Window=1268 bars, Shift=15 days
   Data already processed with Statistical Rolling Window: 145 bars
   ADF Cointegration Filter: p-value < 0.05
============================================================

--- Window 1 Boundary Check ---
IS Period RTH Bars: 980. Start: 2020-01-17 15:00:00+00:00 | End: 2020-03-12 18:15:00+00:00
OOS Start Bar Index: 1268 | Time: 2020-03-12 18:30:00+00:00
ADF Test Result: p-value=0.8950 (Required < 0.05) | OLS Beta: 0.6164
Filter ON: Spread not stationary (p-value too high). Skipping optimization and OOS test.

--- Window 2 Boundary Check ---
IS Period RTH Bars: 980. Start: 2020-02-10 15:00:00+00:00 | End: 2020-04-02 18:15:00+00:00
OOS Start Bar Index: 1658 | Time: 2020-04-02 18:30:00+00:00
ADF Test Result: p-value=0.0022 (Required < 0.05) | OLS Beta: 0.9260
Filter OFF: Spread is stationary. Proceeding with optimization.
IS Optimization Time: 0.08 seconds.
Optimal Params (Sharpe=0.7320, Calmar=3.7038): Z_E=2.9, Z_X=0.3, Z_SL=4.5
📊 Persistence: Saved 0 PnL points to wfa_outputs\oos_equity_curve_PG_CL_15m_20251108_101519_0.05.csv
OOS Period (2020-04-02 18:30:00+00:00 to 2020-04-24 18:15:00+00:00): PnL: $0.00 | Sharpe: 0.0000 | Calmar: 0.0000 | Trades: 0

--- Window 3 Boundary Check ---
IS Period RTH Bars: 980. Start: 2020-03-03 15:00:00+00:00 | End: 2020-04-24 18:15:00+00:00
OOS Start Bar Index: 2048 | Time: 2020-04-24 18:30:00+00:00
ADF Test Result: p-value=0.0005 (Required < 0.05) | OLS Beta: 0.9841
Filter OFF: Spread is stationary. Proceeding with optimization.
IS Optimization Time: 0.08 seconds.
Optimal Params (Sharpe=1.8678, Calmar=5.3079): Z_E=2.1, Z_X=0.3, Z_SL=3.3
📊 Persistence: Saved 0 PnL points to wfa_outputs\oos_equity_curve_PG_CL_15m_20251108_101519_0.05.csv
OOS Period (2020-04-24 18:30:00+00:00 to 2020-05-15 18:15:00+00:00): PnL: $0.00 | Sharpe: 0.0000 | Calmar: 0.0000 | Trades: 0

--- Window 4 Boundary Check ---
IS Period RTH Bars: 980. Start: 2020-03-24 14:00:00+00:00 | End: 2020-05-15 18:15:00+00:00
OOS Start Bar Index: 2438 | Time: 2020-05-15 18:30:00+00:00
ADF Test Result: p-value=0.0006 (Required < 0.05) | OLS Beta: 0.9512
Filter OFF: Spread is stationary. Proceeding with optimization.
IS Optimization Time: 0.07 seconds.
Optimal Params (Sharpe=6.5208, Calmar=0.0000): Z_E=2.1, Z_X=0.5, Z_SL=3.6
📊 Persistence: Saved 32 PnL points to wfa_outputs\oos_equity_curve_PG_CL_15m_20251108_101519_0.05.csv
OOS Period (2020-05-15 18:30:00+00:00 to 2020-06-08 18:15:00+00:00): PnL: $36.35 | Sharpe: 0.7635 | Calmar: 3.9894 | Trades: 32

--- Window 5 Boundary Check ---
IS Period RTH Bars: 980. Start: 2020-04-15 14:00:00+00:00 | End: 2020-06-08 18:15:00+00:00
OOS Start Bar Index: 2828 | Time: 2020-06-08 18:30:00+00:00
ADF Test Result: p-value=0.2746 (Required < 0.05) | OLS Beta: 0.7301
Filter ON: Spread not stationary (p-value too high). Skipping optimization and OOS test.

--- Window 6 Boundary Check ---
IS Period RTH Bars: 980. Start: 2020-05-06 14:00:00+00:00 | End: 2020-06-29 18:15:00+00:00
OOS Start Bar Index: 3218 | Time: 2020-06-29 18:30:00+00:00
ADF Test Result: p-value=0.0353 (Required < 0.05) | OLS Beta: 0.5732
Filter OFF: Spread is stationary. Proceeding with optimization.
IS Optimization Time: 0.08 seconds.
Optimal Params (Sharpe=1.7824, Calmar=10.8526): Z_E=2.3, Z_X=1.5, Z_SL=3.3
📊 Persistence: Saved 141 PnL points to wfa_outputs\oos_equity_curve_PG_CL_15m_20251108_101519_0.05.csv
OOS Period (2020-06-29 18:30:00+00:00 to 2020-07-21 18:15:00+00:00): PnL: $-225.95 | Sharpe: -8.1404 | Calmar: -12.4133 | Trades: 109

--- Window 7 Boundary Check ---
IS Period RTH Bars: 980. Start: 2020-05-28 14:00:00+00:00 | End: 2020-07-21 18:15:00+00:00
OOS Start Bar Index: 3608 | Time: 2020-07-21 18:30:00+00:00
ADF Test Result: p-value=0.4339 (Required < 0.05) | OLS Beta: 1.4584
Filter ON: Spread not stationary (p-value too high). Skipping optimization and OOS test.

--- Window 8 Boundary Check ---
IS Period RTH Bars: 980. Start: 2020-06-18 14:00:00+00:00 | End: 2020-08-11 18:15:00+00:00
OOS Start Bar Index: 3998 | Time: 2020-08-11 18:30:00+00:00
ADF Test Result: p-value=0.0237 (Required < 0.05) | OLS Beta: 1.9489
Filter OFF: Spread is stationary. Proceeding with optimization.
IS Optimization Time: 0.07 seconds.
Optimal Params (Sharpe=6.1226, Calmar=29.1485): Z_E=2.1, Z_X=1.3, Z_SL=3.3
📊 Persistence: Saved 141 PnL points to wfa_outputs\oos_equity_curve_PG_CL_15m_20251108_101519_0.05.csv
OOS Period (2020-08-11 18:30:00+00:00 to 2020-09-01 18:15:00+00:00): PnL: $0.00 | Sharpe: 0.0000 | Calmar: 0.0000 | Trades: 0

--- Window 9 Boundary Check ---
IS Period RTH Bars: 980. Start: 2020-07-10 14:00:00+00:00 | End: 2020-09-01 18:15:00+00:00
OOS Start Bar Index: 4388 | Time: 2020-09-01 18:30:00+00:00
ADF Test Result: p-value=0.1011 (Required < 0.05) | OLS Beta: 1.6380
Filter ON: Spread not stationary (p-value too high). Skipping optimization and OOS test.

--- Window 10 Boundary Check ---
IS Period RTH Bars: 980. Start: 2020-07-31 14:00:00+00:00 | End: 2020-09-23 18:15:00+00:00
OOS Start Bar Index: 4778 | Time: 2020-09-23 18:30:00+00:00
ADF Test Result: p-value=0.1076 (Required < 0.05) | OLS Beta: 0.6973
Filter ON: Spread not stationary (p-value too high). Skipping optimization and OOS test.

--- Window 11 Boundary Check ---
IS Period RTH Bars: 980. Start: 2020-08-21 14:00:00+00:00 | End: 2020-10-14 18:15:00+00:00
OOS Start Bar Index: 5168 | Time: 2020-10-14 18:30:00+00:00
ADF Test Result: p-value=0.3088 (Required < 0.05) | OLS Beta: 0.6332
Filter ON: Spread not stationary (p-value too high). Skipping optimization and OOS test.

--- Window 12 Boundary Check ---
IS Period RTH Bars: 980. Start: 2020-09-14 14:00:00+00:00 | End: 2020-11-04 19:15:00+00:00
OOS Start Bar Index: 5558 | Time: 2020-11-04 19:30:00+00:00
ADF Test Result: p-value=0.5899 (Required < 0.05) | OLS Beta: 0.5949
Filter ON: Spread not stationary (p-value too high). Skipping optimization and OOS test.

--- Window 13 Boundary Check ---
IS Period RTH Bars: 980. Start: 2020-10-05 14:00:00+00:00 | End: 2020-11-25 19:15:00+00:00
OOS Start Bar Index: 5948 | Time: 2020-11-25 19:30:00+00:00
ADF Test Result: p-value=0.1393 (Required < 0.05) | OLS Beta: 0.0671
Filter ON: Spread not stationary (p-value too high). Skipping optimization and OOS test.

--- Window 14 Boundary Check ---
IS Period RTH Bars: 980. Start: 2020-10-26 14:00:00+00:00 | End: 2020-12-18 15:30:00+00:00
OOS Start Bar Index: 6338 | Time: 2020-12-18 15:45:00+00:00
ADF Test Result: p-value=0.1826 (Required < 0.05) | OLS Beta: 0.0083
Filter ON: Spread not stationary (p-value too high). Skipping optimization and OOS test.

--- Window 15 Boundary Check ---
IS Period RTH Bars: 980. Start: 2020-11-16 15:00:00+00:00 | End: 2021-01-12 18:15:00+00:00
OOS Start Bar Index: 6728 | Time: 2021-01-12 18:30:00+00:00
ADF Test Result: p-value=0.0090 (Required < 0.05) | OLS Beta: 0.2148
Filter OFF: Spread is stationary. Proceeding with optimization.
IS Optimization Time: 0.08 seconds.
Optimal Params (Sharpe=2.9973, Calmar=7.9586): Z_E=1.9, Z_X=0.7, Z_SL=3.3
📊 Persistence: Saved 204 PnL points to wfa_outputs\oos_equity_curve_PG_CL_15m_20251108_101519_0.05.csv
OOS Period (2021-01-12 18:30:00+00:00 to 2021-02-03 18:15:00+00:00): PnL: $-314.50 | Sharpe: -6.8015 | Calmar: -11.3690 | Trades: 63

--- Window 16 Boundary Check ---
IS Period RTH Bars: 980. Start: 2020-12-08 17:45:00+00:00 | End: 2021-02-03 18:15:00+00:00
OOS Start Bar Index: 7118 | Time: 2021-02-03 18:30:00+00:00
ADF Test Result: p-value=0.4123 (Required < 0.05) | OLS Beta: 0.6377
Filter ON: Spread not stationary (p-value too high). Skipping optimization and OOS test.

--- Window 17 Boundary Check ---
IS Period RTH Bars: 980. Start: 2020-12-30 20:30:00+00:00 | End: 2021-02-25 18:15:00+00:00
OOS Start Bar Index: 7508 | Time: 2021-02-25 18:30:00+00:00
ADF Test Result: p-value=0.1208 (Required < 0.05) | OLS Beta: 1.0396
Filter ON: Spread not stationary (p-value too high). Skipping optimization and OOS test.

--- Window 18 Boundary Check ---
IS Period RTH Bars: 980. Start: 2021-01-22 20:30:00+00:00 | End: 2021-03-18 17:15:00+00:00
OOS Start Bar Index: 7898 | Time: 2021-03-18 17:30:00+00:00
ADF Test Result: p-value=0.2304 (Required < 0.05) | OLS Beta: 0.5846
Filter ON: Spread not stationary (p-value too high). Skipping optimization and OOS test.

--- Window 19 Boundary Check ---
IS Period RTH Bars: 980. Start: 2021-02-12 20:30:00+00:00 | End: 2021-04-09 17:15:00+00:00
OOS Start Bar Index: 8288 | Time: 2021-04-09 17:30:00+00:00
ADF Test Result: p-value=0.1446 (Required < 0.05) | OLS Beta: 1.2942
Filter ON: Spread not stationary (p-value too high). Skipping optimization and OOS test.

--- Window 20 Boundary Check ---
IS Period RTH Bars: 980. Start: 2021-03-08 20:30:00+00:00 | End: 2021-05-03 17:00:00+00:00
OOS Start Bar Index: 8678 | Time: 2021-05-03 17:15:00+00:00
ADF Test Result: p-value=0.2246 (Required < 0.05) | OLS Beta: 0.8808
Filter ON: Spread not stationary (p-value too high). Skipping optimization and OOS test.

--- Window 21 Boundary Check ---
IS Period RTH Bars: 980. Start: 2021-03-29 19:30:00+00:00 | End: 2021-05-24 17:00:00+00:00
OOS Start Bar Index: 9068 | Time: 2021-05-24 17:15:00+00:00
ADF Test Result: p-value=0.1333 (Required < 0.05) | OLS Beta: 0.4334
Filter ON: Spread not stationary (p-value too high). Skipping optimization and OOS test.

--- Window 22 Boundary Check ---
IS Period RTH Bars: 980. Start: 2021-04-21 19:15:00+00:00 | End: 2021-06-15 17:00:00+00:00
OOS Start Bar Index: 9458 | Time: 2021-06-15 17:15:00+00:00
ADF Test Result: p-value=0.1421 (Required < 0.05) | OLS Beta: 0.6260
Filter ON: Spread not stationary (p-value too high). Skipping optimization and OOS test.

--- Window 23 Boundary Check ---
IS Period RTH Bars: 980. Start: 2021-05-12 19:15:00+00:00 | End: 2021-07-07 17:00:00+00:00
OOS Start Bar Index: 9848 | Time: 2021-07-07 17:15:00+00:00
ADF Test Result: p-value=0.5157 (Required < 0.05) | OLS Beta: 0.6827
Filter ON: Spread not stationary (p-value too high). Skipping optimization and OOS test.

--- Window 24 Boundary Check ---
IS Period RTH Bars: 980. Start: 2021-06-03 19:15:00+00:00 | End: 2021-07-28 17:00:00+00:00
OOS Start Bar Index: 10238 | Time: 2021-07-28 17:15:00+00:00
ADF Test Result: p-value=0.5391 (Required < 0.05) | OLS Beta: 1.0325
Filter ON: Spread not stationary (p-value too high). Skipping optimization and OOS test.

--- Window 25 Boundary Check ---
IS Period RTH Bars: 980. Start: 2021-06-24 19:15:00+00:00 | End: 2021-08-18 17:00:00+00:00
OOS Start Bar Index: 10628 | Time: 2021-08-18 17:15:00+00:00
ADF Test Result: p-value=0.0992 (Required < 0.05) | OLS Beta: -0.5035
Filter ON: Spread not stationary (p-value too high). Skipping optimization and OOS test.

--- Window 26 Boundary Check ---
IS Period RTH Bars: 980. Start: 2021-07-16 19:15:00+00:00 | End: 2021-09-09 17:00:00+00:00
OOS Start Bar Index: 11018 | Time: 2021-09-09 17:15:00+00:00
ADF Test Result: p-value=0.0216 (Required < 0.05) | OLS Beta: -0.3780
Filter OFF: Spread is stationary. Proceeding with optimization.
IS Optimization Time: 0.07 seconds.
Optimal Params (Sharpe=1.8309, Calmar=11.1257): Z_E=1.9, Z_X=0.3, Z_SL=3.9
📊 Persistence: Saved 208 PnL points to wfa_outputs\oos_equity_curve_PG_CL_15m_20251108_101519_0.05.csv
OOS Period (2021-09-09 17:15:00+00:00 to 2021-09-30 17:00:00+00:00): PnL: $81.21 | Sharpe: 2.1223 | Calmar: 14.2560 | Trades: 4

--- Window 27 Boundary Check ---
IS Period RTH Bars: 980. Start: 2021-08-06 19:15:00+00:00 | End: 2021-09-30 17:00:00+00:00
OOS Start Bar Index: 11408 | Time: 2021-09-30 17:15:00+00:00
ADF Test Result: p-value=0.1671 (Required < 0.05) | OLS Beta: 0.1862
Filter ON: Spread not stationary (p-value too high). Skipping optimization and OOS test.

--- Window 28 Boundary Check ---
IS Period RTH Bars: 980. Start: 2021-08-27 19:15:00+00:00 | End: 2021-10-21 17:00:00+00:00
OOS Start Bar Index: 11798 | Time: 2021-10-21 17:15:00+00:00
ADF Test Result: p-value=0.2035 (Required < 0.05) | OLS Beta: 0.7240
Filter ON: Spread not stationary (p-value too high). Skipping optimization and OOS test.

--- Window 29 Boundary Check ---
IS Period RTH Bars: 980. Start: 2021-09-20 19:15:00+00:00 | End: 2021-11-12 17:45:00+00:00
OOS Start Bar Index: 12188 | Time: 2021-11-12 18:00:00+00:00
ADF Test Result: p-value=0.0571 (Required < 0.05) | OLS Beta: 1.0392
Filter ON: Spread not stationary (p-value too high). Skipping optimization and OOS test.

--- Window 30 Boundary Check ---
IS Period RTH Bars: 980. Start: 2021-10-11 19:15:00+00:00 | End: 2021-12-06 20:30:00+00:00
OOS Start Bar Index: 12578 | Time: 2021-12-06 20:45:00+00:00
ADF Test Result: p-value=0.5465 (Required < 0.05) | OLS Beta: 1.1353
Filter ON: Spread not stationary (p-value too high). Skipping optimization and OOS test.

--- Window 31 Boundary Check ---
IS Period RTH Bars: 980. Start: 2021-11-02 19:00:00+00:00 | End: 2021-12-28 20:30:00+00:00
OOS Start Bar Index: 12968 | Time: 2021-12-28 20:45:00+00:00
ADF Test Result: p-value=0.4922 (Required < 0.05) | OLS Beta: 1.0999
Filter ON: Spread not stationary (p-value too high). Skipping optimization and OOS test.

--- Window 32 Boundary Check ---
IS Period RTH Bars: 980. Start: 2021-11-23 20:00:00+00:00 | End: 2022-01-19 20:30:00+00:00
OOS Start Bar Index: 13358 | Time: 2022-01-19 20:45:00+00:00
ADF Test Result: p-value=0.0191 (Required < 0.05) | OLS Beta: 0.9181
Filter OFF: Spread is stationary. Proceeding with optimization.
IS Optimization Time: 0.07 seconds.
Optimal Params (Sharpe=5.6455, Calmar=76.4368): Z_E=2.7, Z_X=0.7, Z_SL=3.9
📊 Persistence: Saved 228 PnL points to wfa_outputs\oos_equity_curve_PG_CL_15m_20251108_101519_0.05.csv
OOS Period (2022-01-19 20:45:00+00:00 to 2022-02-10 19:15:00+00:00): PnL: $-6.15 | Sharpe: -0.3760 | Calmar: -1.7780 | Trades: 20

--- Window 33 Boundary Check ---
IS Period RTH Bars: 980. Start: 2021-12-16 16:15:00+00:00 | End: 2022-02-10 19:15:00+00:00
OOS Start Bar Index: 13748 | Time: 2022-02-10 19:30:00+00:00
ADF Test Result: p-value=0.0971 (Required < 0.05) | OLS Beta: 0.6380
Filter ON: Spread not stationary (p-value too high). Skipping optimization and OOS test.

--- Window 34 Boundary Check ---
IS Period RTH Bars: 980. Start: 2022-01-07 16:15:00+00:00 | End: 2022-03-04 19:15:00+00:00
OOS Start Bar Index: 14138 | Time: 2022-03-04 19:30:00+00:00
ADF Test Result: p-value=0.0551 (Required < 0.05) | OLS Beta: 0.4983
Filter ON: Spread not stationary (p-value too high). Skipping optimization and OOS test.

--- Window 35 Boundary Check ---
IS Period RTH Bars: 980. Start: 2022-02-01 15:00:00+00:00 | End: 2022-03-28 18:00:00+00:00
OOS Start Bar Index: 14528 | Time: 2022-03-28 18:15:00+00:00
ADF Test Result: p-value=0.2597 (Required < 0.05) | OLS Beta: 0.8286
Filter ON: Spread not stationary (p-value too high). Skipping optimization and OOS test.

--- Window 36 Boundary Check ---
IS Period RTH Bars: 980. Start: 2022-02-23 15:00:00+00:00 | End: 2022-04-19 18:00:00+00:00
OOS Start Bar Index: 14918 | Time: 2022-04-19 18:15:00+00:00
ADF Test Result: p-value=0.3247 (Required < 0.05) | OLS Beta: 0.7998
Filter ON: Spread not stationary (p-value too high). Skipping optimization and OOS test.

--- Window 37 Boundary Check ---
IS Period RTH Bars: 980. Start: 2022-03-17 13:45:00+00:00 | End: 2022-05-10 18:00:00+00:00
OOS Start Bar Index: 15308 | Time: 2022-05-10 18:15:00+00:00
ADF Test Result: p-value=0.0637 (Required < 0.05) | OLS Beta: 0.6657
Filter ON: Spread not stationary (p-value too high). Skipping optimization and OOS test.

--- Window 38 Boundary Check ---
IS Period RTH Bars: 980. Start: 2022-04-07 13:45:00+00:00 | End: 2022-06-01 18:00:00+00:00
OOS Start Bar Index: 15698 | Time: 2022-06-01 18:15:00+00:00
ADF Test Result: p-value=0.8974 (Required < 0.05) | OLS Beta: 0.9814
Filter ON: Spread not stationary (p-value too high). Skipping optimization and OOS test.

--- Window 39 Boundary Check ---
IS Period RTH Bars: 980. Start: 2022-04-29 13:45:00+00:00 | End: 2022-06-23 18:00:00+00:00
OOS Start Bar Index: 16088 | Time: 2022-06-23 18:15:00+00:00
ADF Test Result: p-value=0.3476 (Required < 0.05) | OLS Beta: 1.0214
Filter ON: Spread not stationary (p-value too high). Skipping optimization and OOS test.

--- Window 40 Boundary Check ---
IS Period RTH Bars: 980. Start: 2022-05-20 13:45:00+00:00 | End: 2022-07-15 18:00:00+00:00
OOS Start Bar Index: 16478 | Time: 2022-07-15 18:15:00+00:00
ADF Test Result: p-value=0.4199 (Required < 0.05) | OLS Beta: 0.9275
Filter ON: Spread not stationary (p-value too high). Skipping optimization and OOS test.

--- Window 41 Boundary Check ---
IS Period RTH Bars: 980. Start: 2022-06-13 13:45:00+00:00 | End: 2022-08-05 18:00:00+00:00
OOS Start Bar Index: 16868 | Time: 2022-08-05 18:15:00+00:00
ADF Test Result: p-value=0.2553 (Required < 0.05) | OLS Beta: 0.8353
Filter ON: Spread not stationary (p-value too high). Skipping optimization and OOS test.

--- Window 42 Boundary Check ---
IS Period RTH Bars: 980. Start: 2022-07-06 13:45:00+00:00 | End: 2022-08-26 18:00:00+00:00
OOS Start Bar Index: 17258 | Time: 2022-08-26 18:15:00+00:00
ADF Test Result: p-value=0.0391 (Required < 0.05) | OLS Beta: 0.5563
Filter OFF: Spread is stationary. Proceeding with optimization.
IS Optimization Time: 0.09 seconds.
Optimal Params (Sharpe=2.3971, Calmar=42.3568): Z_E=2.9, Z_X=0.3, Z_SL=3.3
📊 Persistence: Saved 285 PnL points to wfa_outputs\oos_equity_curve_PG_CL_15m_20251108_101519_0.05.csv
OOS Period (2022-08-26 18:15:00+00:00 to 2022-09-19 18:00:00+00:00): PnL: $12.71 | Sharpe: 0.3594 | Calmar: 1.3231 | Trades: 57

--- Window 43 Boundary Check ---
IS Period RTH Bars: 980. Start: 2022-07-27 13:45:00+00:00 | End: 2022-09-19 18:00:00+00:00
OOS Start Bar Index: 17648 | Time: 2022-09-19 18:15:00+00:00
ADF Test Result: p-value=0.1234 (Required < 0.05) | OLS Beta: 0.9720
Filter ON: Spread not stationary (p-value too high). Skipping optimization and OOS test.

--- Window 44 Boundary Check ---
IS Period RTH Bars: 980. Start: 2022-08-17 13:45:00+00:00 | End: 2022-10-10 18:00:00+00:00
OOS Start Bar Index: 18038 | Time: 2022-10-10 18:15:00+00:00
ADF Test Result: p-value=0.2891 (Required < 0.05) | OLS Beta: 0.9373
Filter ON: Spread not stationary (p-value too high). Skipping optimization and OOS test.

--- Window 45 Boundary Check ---
IS Period RTH Bars: 980. Start: 2022-09-08 13:45:00+00:00 | End: 2022-10-31 18:00:00+00:00
OOS Start Bar Index: 18428 | Time: 2022-10-31 18:15:00+00:00
ADF Test Result: p-value=0.0150 (Required < 0.05) | OLS Beta: 1.0414
Filter OFF: Spread is stationary. Proceeding with optimization.
IS Optimization Time: 0.08 seconds.
Optimal Params (Sharpe=6.7218, Calmar=584.9115): Z_E=2.3, Z_X=1.5, Z_SL=4.2
📊 Persistence: Saved 305 PnL points to wfa_outputs\oos_equity_curve_PG_CL_15m_20251108_101519_0.05.csv
OOS Period (2022-10-31 18:15:00+00:00 to 2022-11-21 19:00:00+00:00): PnL: $-100.26 | Sharpe: -4.8538 | Calmar: -13.2446 | Trades: 20

--- Window 46 Boundary Check ---
IS Period RTH Bars: 980. Start: 2022-09-29 13:45:00+00:00 | End: 2022-11-21 19:00:00+00:00
OOS Start Bar Index: 18818 | Time: 2022-11-21 19:15:00+00:00
ADF Test Result: p-value=0.0415 (Required < 0.05) | OLS Beta: 1.4158
Filter OFF: Spread is stationary. Proceeding with optimization.
IS Optimization Time: 0.07 seconds.
Optimal Params (Sharpe=6.1367, Calmar=84.6495): Z_E=2.1, Z_X=0.5, Z_SL=4.2
📊 Persistence: Saved 306 PnL points to wfa_outputs\oos_equity_curve_PG_CL_15m_20251108_101519_0.05.csv
OOS Period (2022-11-21 19:15:00+00:00 to 2022-12-14 15:15:00+00:00): PnL: $16.86 | Sharpe: 4.1040 | Calmar: 0.0000 | Trades: 1

--- Window 47 Boundary Check ---
IS Period RTH Bars: 980. Start: 2022-10-20 13:45:00+00:00 | End: 2022-12-14 15:15:00+00:00
OOS Start Bar Index: 19208 | Time: 2022-12-14 15:30:00+00:00
ADF Test Result: p-value=0.0018 (Required < 0.05) | OLS Beta: 1.8485
Filter OFF: Spread is stationary. Proceeding with optimization.
IS Optimization Time: 0.07 seconds.
Optimal Params (Sharpe=5.9450, Calmar=95.4636): Z_E=1.9, Z_X=1.1, Z_SL=3.3
📊 Persistence: Saved 310 PnL points to wfa_outputs\oos_equity_curve_PG_CL_15m_20251108_101519_0.05.csv
OOS Period (2022-12-14 15:30:00+00:00 to 2023-01-06 15:15:00+00:00): PnL: $135.42 | Sharpe: 7.1978 | Calmar: 0.0000 | Trades: 4

--- Window 48 Boundary Check ---
IS Period RTH Bars: 980. Start: 2022-11-10 14:45:00+00:00 | End: 2023-01-06 15:15:00+00:00
OOS Start Bar Index: 19598 | Time: 2023-01-06 15:30:00+00:00
ADF Test Result: p-value=0.0541 (Required < 0.05) | OLS Beta: 1.4149
Filter ON: Spread not stationary (p-value too high). Skipping optimization and OOS test.

--- Window 49 Boundary Check ---
IS Period RTH Bars: 980. Start: 2022-12-02 17:30:00+00:00 | End: 2023-01-30 15:15:00+00:00
OOS Start Bar Index: 19988 | Time: 2023-01-30 15:30:00+00:00
ADF Test Result: p-value=0.0247 (Required < 0.05) | OLS Beta: 1.1298
Filter OFF: Spread is stationary. Proceeding with optimization.
IS Optimization Time: 0.07 seconds.
Optimal Params (Sharpe=1.7067, Calmar=7.7410): Z_E=3.3, Z_X=0.3, Z_SL=4.5
📊 Persistence: Saved 310 PnL points to wfa_outputs\oos_equity_curve_PG_CL_15m_20251108_101519_0.05.csv
OOS Period (2023-01-30 15:30:00+00:00 to 2023-02-21 15:15:00+00:00): PnL: $0.00 | Sharpe: 0.0000 | Calmar: 0.0000 | Trades: 0

--- Window 50 Boundary Check ---
IS Period RTH Bars: 980. Start: 2022-12-23 17:30:00+00:00 | End: 2023-02-21 15:15:00+00:00
OOS Start Bar Index: 20378 | Time: 2023-02-21 15:30:00+00:00
ADF Test Result: p-value=0.0309 (Required < 0.05) | OLS Beta: 1.1262
Filter OFF: Spread is stationary. Proceeding with optimization.
IS Optimization Time: 0.08 seconds.
Optimal Params (Sharpe=4.1393, Calmar=0.0000): Z_E=3.3, Z_X=1.5, Z_SL=4.2
📊 Persistence: Saved 310 PnL points to wfa_outputs\oos_equity_curve_PG_CL_15m_20251108_101519_0.05.csv
OOS Period (2023-02-21 15:30:00+00:00 to 2023-03-14 14:15:00+00:00): PnL: $0.00 | Sharpe: 0.0000 | Calmar: 0.0000 | Trades: 0

--- Window 51 Boundary Check ---
IS Period RTH Bars: 980. Start: 2023-01-18 17:30:00+00:00 | End: 2023-03-14 14:15:00+00:00
OOS Start Bar Index: 20768 | Time: 2023-03-14 14:30:00+00:00
ADF Test Result: p-value=0.0115 (Required < 0.05) | OLS Beta: 0.6536
Filter OFF: Spread is stationary. Proceeding with optimization.
IS Optimization Time: 0.08 seconds.
Optimal Params (Sharpe=3.2358, Calmar=27.0233): Z_E=2.7, Z_X=1.5, Z_SL=4.2
📊 Persistence: Saved 431 PnL points to wfa_outputs\oos_equity_curve_PG_CL_15m_20251108_101519_0.05.csv
OOS Period (2023-03-14 14:30:00+00:00 to 2023-04-04 14:15:00+00:00): PnL: $-234.54 | Sharpe: -9.4345 | Calmar: -14.3576 | Trades: 121

--- Window 52 Boundary Check ---
IS Period RTH Bars: 980. Start: 2023-02-08 17:30:00+00:00 | End: 2023-04-04 14:15:00+00:00
OOS Start Bar Index: 21158 | Time: 2023-04-04 14:30:00+00:00
ADF Test Result: p-value=0.8861 (Required < 0.05) | OLS Beta: 1.0322
Filter ON: Spread not stationary (p-value too high). Skipping optimization and OOS test.

--- Window 53 Boundary Check ---
IS Period RTH Bars: 980. Start: 2023-03-02 17:30:00+00:00 | End: 2023-04-26 14:15:00+00:00
OOS Start Bar Index: 21548 | Time: 2023-04-26 14:30:00+00:00
ADF Test Result: p-value=0.0379 (Required < 0.05) | OLS Beta: 1.4522
Filter OFF: Spread is stationary. Proceeding with optimization.
IS Optimization Time: 0.08 seconds.
Optimal Params (Sharpe=0.8601, Calmar=2.1248): Z_E=2.9, Z_X=0.5, Z_SL=3.6
📊 Persistence: Saved 596 PnL points to wfa_outputs\oos_equity_curve_PG_CL_15m_20251108_101519_0.05.csv
OOS Period (2023-04-26 14:30:00+00:00 to 2023-05-17 14:15:00+00:00): PnL: $-99.56 | Sharpe: -4.6516 | Calmar: -9.9139 | Trades: 165

--- Window 54 Boundary Check ---
IS Period RTH Bars: 980. Start: 2023-03-23 16:30:00+00:00 | End: 2023-05-17 14:15:00+00:00
OOS Start Bar Index: 21938 | Time: 2023-05-17 14:30:00+00:00
ADF Test Result: p-value=0.2392 (Required < 0.05) | OLS Beta: 0.6054
Filter ON: Spread not stationary (p-value too high). Skipping optimization and OOS test.

--- Window 55 Boundary Check ---
IS Period RTH Bars: 980. Start: 2023-04-14 16:30:00+00:00 | End: 2023-06-08 14:15:00+00:00
OOS Start Bar Index: 22328 | Time: 2023-06-08 14:30:00+00:00
ADF Test Result: p-value=0.5024 (Required < 0.05) | OLS Beta: 0.7895
Filter ON: Spread not stationary (p-value too high). Skipping optimization and OOS test.

--- Window 56 Boundary Check ---
IS Period RTH Bars: 980. Start: 2023-05-05 16:30:00+00:00 | End: 2023-06-30 14:15:00+00:00
OOS Start Bar Index: 22718 | Time: 2023-06-30 14:30:00+00:00
ADF Test Result: p-value=0.3039 (Required < 0.05) | OLS Beta: 0.8780
Filter ON: Spread not stationary (p-value too high). Skipping optimization and OOS test.

--- Window 57 Boundary Check ---
IS Period RTH Bars: 980. Start: 2023-05-26 16:30:00+00:00 | End: 2023-07-24 16:45:00+00:00
OOS Start Bar Index: 23108 | Time: 2023-07-24 17:00:00+00:00
ADF Test Result: p-value=0.3935 (Required < 0.05) | OLS Beta: 1.0665
Filter ON: Spread not stationary (p-value too high). Skipping optimization and OOS test.

--- Window 58 Boundary Check ---
IS Period RTH Bars: 980. Start: 2023-06-20 16:30:00+00:00 | End: 2023-08-14 16:45:00+00:00
OOS Start Bar Index: 23498 | Time: 2023-08-14 17:00:00+00:00
ADF Test Result: p-value=0.4190 (Required < 0.05) | OLS Beta: 0.9085
Filter ON: Spread not stationary (p-value too high). Skipping optimization and OOS test.

--- Window 59 Boundary Check ---
IS Period RTH Bars: 980. Start: 2023-07-12 19:00:00+00:00 | End: 2023-09-05 16:45:00+00:00
OOS Start Bar Index: 23888 | Time: 2023-09-05 17:00:00+00:00
ADF Test Result: p-value=0.2033 (Required < 0.05) | OLS Beta: 0.2393
Filter ON: Spread not stationary (p-value too high). Skipping optimization and OOS test.

--- Window 60 Boundary Check ---
IS Period RTH Bars: 980. Start: 2023-08-02 19:00:00+00:00 | End: 2023-09-26 16:45:00+00:00
OOS Start Bar Index: 24278 | Time: 2023-09-26 17:00:00+00:00
ADF Test Result: p-value=0.1667 (Required < 0.05) | OLS Beta: 0.5650
Filter ON: Spread not stationary (p-value too high). Skipping optimization and OOS test.

--- Window 61 Boundary Check ---
IS Period RTH Bars: 980. Start: 2023-08-23 19:00:00+00:00 | End: 2023-10-17 16:45:00+00:00
OOS Start Bar Index: 24668 | Time: 2023-10-17 17:00:00+00:00
ADF Test Result: p-value=0.2192 (Required < 0.05) | OLS Beta: 1.1968
Filter ON: Spread not stationary (p-value too high). Skipping optimization and OOS test.

--- Window 62 Boundary Check ---
IS Period RTH Bars: 980. Start: 2023-09-14 19:00:00+00:00 | End: 2023-11-07 17:45:00+00:00
OOS Start Bar Index: 25058 | Time: 2023-11-07 18:00:00+00:00
ADF Test Result: p-value=0.1006 (Required < 0.05) | OLS Beta: 0.7277
Filter ON: Spread not stationary (p-value too high). Skipping optimization and OOS test.

--- Window 63 Boundary Check ---
IS Period RTH Bars: 980. Start: 2023-10-05 19:00:00+00:00 | End: 2023-11-29 20:15:00+00:00
OOS Start Bar Index: 25448 | Time: 2023-11-29 20:30:00+00:00
ADF Test Result: p-value=0.0368 (Required < 0.05) | OLS Beta: 0.5464
Filter OFF: Spread is stationary. Proceeding with optimization.
IS Optimization Time: 0.08 seconds.
Optimal Params (Sharpe=5.5914, Calmar=40.6826): Z_E=1.9, Z_X=1.1, Z_SL=3.3
📊 Persistence: Saved 752 PnL points to wfa_outputs\oos_equity_curve_PG_CL_15m_20251108_101519_0.05.csv
OOS Period (2023-11-29 20:30:00+00:00 to 2023-12-20 20:15:00+00:00): PnL: $-114.77 | Sharpe: -2.6840 | Calmar: -8.4611 | Trades: 156

--- Window 64 Boundary Check ---
IS Period RTH Bars: 980. Start: 2023-10-26 19:00:00+00:00 | End: 2023-12-20 20:15:00+00:00
OOS Start Bar Index: 25838 | Time: 2023-12-20 20:30:00+00:00
ADF Test Result: p-value=0.6501 (Required < 0.05) | OLS Beta: -0.1344
Filter ON: Spread not stationary (p-value too high). Skipping optimization and OOS test.

--- Window 65 Boundary Check ---
IS Period RTH Bars: 980. Start: 2023-11-16 20:00:00+00:00 | End: 2024-01-12 20:15:00+00:00
OOS Start Bar Index: 26228 | Time: 2024-01-12 20:30:00+00:00
ADF Test Result: p-value=0.3226 (Required < 0.05) | OLS Beta: 0.0652
Filter ON: Spread not stationary (p-value too high). Skipping optimization and OOS test.

--- Window 66 Boundary Check ---
IS Period RTH Bars: 980. Start: 2023-12-11 16:00:00+00:00 | End: 2024-02-05 20:15:00+00:00
OOS Start Bar Index: 26618 | Time: 2024-02-05 20:30:00+00:00
ADF Test Result: p-value=0.0384 (Required < 0.05) | OLS Beta: 1.0425
Filter OFF: Spread is stationary. Proceeding with optimization.
IS Optimization Time: 0.08 seconds.
Optimal Params (Sharpe=5.5240, Calmar=29.2809): Z_E=1.9, Z_X=1.1, Z_SL=4.2
📊 Persistence: Saved 753 PnL points to wfa_outputs\oos_equity_curve_PG_CL_15m_20251108_101519_0.05.csv
OOS Period (2024-02-05 20:30:00+00:00 to 2024-02-27 20:15:00+00:00): PnL: $47.31 | Sharpe: 4.1040 | Calmar: 0.0000 | Trades: 1

--- Window 67 Boundary Check ---
IS Period RTH Bars: 980. Start: 2024-01-03 16:00:00+00:00 | End: 2024-02-27 20:15:00+00:00
OOS Start Bar Index: 27008 | Time: 2024-02-27 20:30:00+00:00
ADF Test Result: p-value=0.0258 (Required < 0.05) | OLS Beta: 1.1002
Filter OFF: Spread is stationary. Proceeding with optimization.
IS Optimization Time: 0.07 seconds.
Optimal Params (Sharpe=3.4016, Calmar=22.3692): Z_E=3.3, Z_X=0.5, Z_SL=3.9
📊 Persistence: Saved 759 PnL points to wfa_outputs\oos_equity_curve_PG_CL_15m_20251108_101519_0.05.csv
OOS Period (2024-02-27 20:30:00+00:00 to 2024-03-19 19:15:00+00:00): PnL: $40.87 | Sharpe: 4.4582 | Calmar: 80.5938 | Trades: 6

--- Window 68 Boundary Check ---
IS Period RTH Bars: 980. Start: 2024-01-25 16:00:00+00:00 | End: 2024-03-19 19:15:00+00:00
OOS Start Bar Index: 27398 | Time: 2024-03-19 19:30:00+00:00
ADF Test Result: p-value=0.0116 (Required < 0.05) | OLS Beta: 0.4722
Filter OFF: Spread is stationary. Proceeding with optimization.
IS Optimization Time: 0.07 seconds.
Optimal Params (Sharpe=6.0458, Calmar=35.1287): Z_E=2.1, Z_X=1.5, Z_SL=3.3
📊 Persistence: Saved 835 PnL points to wfa_outputs\oos_equity_curve_PG_CL_15m_20251108_101519_0.05.csv
OOS Period (2024-03-19 19:30:00+00:00 to 2024-04-10 19:15:00+00:00): PnL: $-63.59 | Sharpe: -2.3334 | Calmar: -6.6899 | Trades: 76

--- Window 69 Boundary Check ---
IS Period RTH Bars: 980. Start: 2024-02-15 16:00:00+00:00 | End: 2024-04-10 19:15:00+00:00
OOS Start Bar Index: 27788 | Time: 2024-04-10 19:30:00+00:00
ADF Test Result: p-value=0.6171 (Required < 0.05) | OLS Beta: 0.3372
Filter ON: Spread not stationary (p-value too high). Skipping optimization and OOS test.

--- Window 70 Boundary Check ---
IS Period RTH Bars: 980. Start: 2024-03-08 16:00:00+00:00 | End: 2024-05-01 19:15:00+00:00
OOS Start Bar Index: 28178 | Time: 2024-05-01 19:30:00+00:00
ADF Test Result: p-value=0.3429 (Required < 0.05) | OLS Beta: 0.8653
Filter ON: Spread not stationary (p-value too high). Skipping optimization and OOS test.

--- Window 71 Boundary Check ---
IS Period RTH Bars: 980. Start: 2024-04-01 15:00:00+00:00 | End: 2024-05-22 19:15:00+00:00
OOS Start Bar Index: 28568 | Time: 2024-05-22 19:30:00+00:00
ADF Test Result: p-value=0.1347 (Required < 0.05) | OLS Beta: 0.7564
Filter ON: Spread not stationary (p-value too high). Skipping optimization and OOS test.

--- Window 72 Boundary Check ---
IS Period RTH Bars: 980. Start: 2024-04-22 15:00:00+00:00 | End: 2024-06-13 19:15:00+00:00
OOS Start Bar Index: 28958 | Time: 2024-06-13 19:30:00+00:00
ADF Test Result: p-value=0.0951 (Required < 0.05) | OLS Beta: 0.6188
Filter ON: Spread not stationary (p-value too high). Skipping optimization and OOS test.

--- Window 73 Boundary Check ---
IS Period RTH Bars: 980. Start: 2024-05-13 15:00:00+00:00 | End: 2024-07-09 15:15:00+00:00
OOS Start Bar Index: 29348 | Time: 2024-07-09 15:30:00+00:00
ADF Test Result: p-value=0.3693 (Required < 0.05) | OLS Beta: 0.2463
Filter ON: Spread not stationary (p-value too high). Skipping optimization and OOS test.

--- Window 74 Boundary Check ---
IS Period RTH Bars: 980. Start: 2024-06-04 15:00:00+00:00 | End: 2024-07-30 15:15:00+00:00
OOS Start Bar Index: 29738 | Time: 2024-07-30 15:30:00+00:00
ADF Test Result: p-value=0.1942 (Required < 0.05) | OLS Beta: 0.2166
Filter ON: Spread not stationary (p-value too high). Skipping optimization and OOS test.

--- Window 75 Boundary Check ---
IS Period RTH Bars: 980. Start: 2024-06-26 15:00:00+00:00 | End: 2024-08-20 15:15:00+00:00
OOS Start Bar Index: 30128 | Time: 2024-08-20 15:30:00+00:00
ADF Test Result: p-value=0.0454 (Required < 0.05) | OLS Beta: 0.4195
Filter OFF: Spread is stationary. Proceeding with optimization.
IS Optimization Time: 0.08 seconds.
Optimal Params (Sharpe=4.7466, Calmar=57.1578): Z_E=1.9, Z_X=0.3, Z_SL=3.6
📊 Persistence: Saved 836 PnL points to wfa_outputs\oos_equity_curve_PG_CL_15m_20251108_101519_0.05.csv
OOS Period (2024-08-20 15:30:00+00:00 to 2024-09-11 15:15:00+00:00): PnL: $45.55 | Sharpe: 4.1040 | Calmar: 0.0000 | Trades: 1

--- Window 76 Boundary Check ---
IS Period RTH Bars: 980. Start: 2024-07-18 17:30:00+00:00 | End: 2024-09-11 15:15:00+00:00
OOS Start Bar Index: 30518 | Time: 2024-09-11 15:30:00+00:00
ADF Test Result: p-value=0.0986 (Required < 0.05) | OLS Beta: 0.4842
Filter ON: Spread not stationary (p-value too high). Skipping optimization and OOS test.

--- Window 77 Boundary Check ---
IS Period RTH Bars: 980. Start: 2024-08-08 17:30:00+00:00 | End: 2024-10-02 15:15:00+00:00
OOS Start Bar Index: 30908 | Time: 2024-10-02 15:30:00+00:00
ADF Test Result: p-value=0.4213 (Required < 0.05) | OLS Beta: 0.5511
Filter ON: Spread not stationary (p-value too high). Skipping optimization and OOS test.

--- Window 78 Boundary Check ---
IS Period RTH Bars: 980. Start: 2024-08-29 17:30:00+00:00 | End: 2024-10-23 15:15:00+00:00
OOS Start Bar Index: 31298 | Time: 2024-10-23 15:30:00+00:00
ADF Test Result: p-value=0.0039 (Required < 0.05) | OLS Beta: 0.4073
Filter OFF: Spread is stationary. Proceeding with optimization.
IS Optimization Time: 0.07 seconds.
Optimal Params (Sharpe=0.2955, Calmar=1.1760): Z_E=3.3, Z_X=1.3, Z_SL=3.9
📊 Persistence: Saved 836 PnL points to wfa_outputs\oos_equity_curve_PG_CL_15m_20251108_101519_0.05.csv
OOS Period (2024-10-23 15:30:00+00:00 to 2024-11-13 16:15:00+00:00): PnL: $0.00 | Sharpe: 0.0000 | Calmar: 0.0000 | Trades: 0

--- Window 79 Boundary Check ---
IS Period RTH Bars: 980. Start: 2024-09-20 17:30:00+00:00 | End: 2024-11-13 16:15:00+00:00
OOS Start Bar Index: 31688 | Time: 2024-11-13 16:30:00+00:00
ADF Test Result: p-value=0.0993 (Required < 0.05) | OLS Beta: 0.3910
Filter ON: Spread not stationary (p-value too high). Skipping optimization and OOS test.

--- Window 80 Boundary Check ---
IS Period RTH Bars: 980. Start: 2024-10-11 17:30:00+00:00 | End: 2024-12-05 19:00:00+00:00
OOS Start Bar Index: 32078 | Time: 2024-12-05 19:15:00+00:00
ADF Test Result: p-value=0.9026 (Required < 0.05) | OLS Beta: 0.3663
Filter ON: Spread not stationary (p-value too high). Skipping optimization and OOS test.

############################################################
📈 OVERALL SIMULATION PERFORMANCE (Walk-Forward Test)
############################################################
Timeframe Used: 1Min, Value: 15
ADF Cointegration Filter Threshold: 0.05
Total OOS Windows Tested: 80
Total Trades Executed: 836
--- Final Performance Metrics ---
Total PnL: $-743.05
Overall Sharpe Ratio (Annualized): -0.3318
Overall Calmar Ratio (Annualized): -0.0375
Maximum Dollar Drawdown (MDD): $890.29

--- Execution Time ---
Total Elapsed Time: 41.70 seconds
############################################################
[0m