--- Dynamic Timeframe Configuration ---
TimeFrame Selected: 1Min, Value: 1
Bars per Trading Day: 390
Annualization Factor (Bars/Year): 98280
Statistical Lookback Bars: 2184
Optimization Lookback Bars: 19032
---------------------------------------
--- Diagnostic Check ---
API Key ID Length: 26
API Secret Key Length: 44
StockHistoricalDataClient initialized successfully. Starting data fetch...
--------------------------
Pre-compiling Numba function for first run optimization...
Numba pre-compilation complete.
Fetching data from 2020-01-15 to 2025-01-13...
Fetching 1Min data for PG...
Fetching 1Min data for CL...
Data acquired successfully. Total 1Min RTH bars: 485911
Skipping full pre-calculation. Metrics will be calculated inside the WFA loop.

============================================================
📈 Starting Rolling Backtest: IS Optimization Window=19032 bars, Shift=15 days
   Data already processed with Statistical Rolling Window: 2184 bars
   ADF Cointegration Filter: p-value < 0.05
============================================================

--- Window 1 Boundary Check ---
IS Period RTH Bars: 14666. Start: 2020-01-31 15:52:00+00:00 | End: 2020-03-26 13:31:00+00:00
OOS Start Bar Index: 19032 | Time: 2020-03-26 13:32:00+00:00
ADF Test Result: p-value=0.0013 (Required < 0.05) | OLS Beta: 0.9807
Filter OFF: Spread is stationary. Proceeding with optimization.
IS Optimization Time: 0.15 seconds.
Optimal Params (Sharpe=1.4695, Calmar=5.2265): Z_E=3.3, Z_X=0.3, Z_SL=3.6
📊 Persistence: Saved 0 PnL points to wfa_outputs\oos_equity_curve_PG_CL_1m_20251108_102422_0.05.csv
OOS Period (2020-03-26 13:32:00+00:00 to 2020-04-17 13:31:00+00:00): PnL: $0.00 | Sharpe: 0.0000 | Calmar: 0.0000 | Trades: 0

--- Window 2 Boundary Check ---
IS Period RTH Bars: 14666. Start: 2020-02-24 15:57:00+00:00 | End: 2020-04-17 13:31:00+00:00
OOS Start Bar Index: 24882 | Time: 2020-04-17 13:32:00+00:00
ADF Test Result: p-value=0.0018 (Required < 0.05) | OLS Beta: 0.9380
Filter OFF: Spread is stationary. Proceeding with optimization.
IS Optimization Time: 0.14 seconds.
Optimal Params (Sharpe=1.5927, Calmar=6.2487): Z_E=1.9, Z_X=0.3, Z_SL=4.5
📊 Persistence: Saved 0 PnL points to wfa_outputs\oos_equity_curve_PG_CL_1m_20251108_102422_0.05.csv
OOS Period (2020-04-17 13:32:00+00:00 to 2020-05-08 13:31:00+00:00): PnL: $0.00 | Sharpe: 0.0000 | Calmar: 0.0000 | Trades: 0

--- Window 3 Boundary Check ---
IS Period RTH Bars: 14666. Start: 2020-03-16 15:51:00+00:00 | End: 2020-05-08 13:31:00+00:00
OOS Start Bar Index: 30732 | Time: 2020-05-08 13:32:00+00:00
ADF Test Result: p-value=0.0012 (Required < 0.05) | OLS Beta: 0.9838
Filter OFF: Spread is stationary. Proceeding with optimization.
IS Optimization Time: 0.17 seconds.
Optimal Params (Sharpe=7.8429, Calmar=96.8562): Z_E=2.1, Z_X=1.3, Z_SL=3.9
📊 Persistence: Saved 1 PnL points to wfa_outputs\oos_equity_curve_PG_CL_1m_20251108_102422_0.05.csv
OOS Period (2020-05-08 13:32:00+00:00 to 2020-06-01 13:31:00+00:00): PnL: $-30.87 | Sharpe: -4.0991 | Calmar: -14.8797 | Trades: 1

--- Window 4 Boundary Check ---
IS Period RTH Bars: 14666. Start: 2020-04-06 16:06:00+00:00 | End: 2020-06-01 13:31:00+00:00
OOS Start Bar Index: 36582 | Time: 2020-06-01 13:32:00+00:00
ADF Test Result: p-value=0.2164 (Required < 0.05) | OLS Beta: 0.8598
Filter ON: Spread not stationary (p-value too high). Skipping optimization and OOS test.

--- Window 5 Boundary Check ---
IS Period RTH Bars: 14666. Start: 2020-04-28 16:06:00+00:00 | End: 2020-06-22 13:31:00+00:00
OOS Start Bar Index: 42432 | Time: 2020-06-22 13:32:00+00:00
ADF Test Result: p-value=0.1352 (Required < 0.05) | OLS Beta: 0.5005
Filter ON: Spread not stationary (p-value too high). Skipping optimization and OOS test.

--- Window 6 Boundary Check ---
IS Period RTH Bars: 14666. Start: 2020-05-19 16:06:00+00:00 | End: 2020-07-14 13:33:00+00:00
OOS Start Bar Index: 48282 | Time: 2020-07-14 13:34:00+00:00
ADF Test Result: p-value=0.5253 (Required < 0.05) | OLS Beta: 1.1859
Filter ON: Spread not stationary (p-value too high). Skipping optimization and OOS test.

--- Window 7 Boundary Check ---
IS Period RTH Bars: 14666. Start: 2020-06-10 16:06:00+00:00 | End: 2020-08-04 13:36:00+00:00
OOS Start Bar Index: 54132 | Time: 2020-08-04 13:37:00+00:00
ADF Test Result: p-value=0.0638 (Required < 0.05) | OLS Beta: 1.7881
Filter ON: Spread not stationary (p-value too high). Skipping optimization and OOS test.

--- Window 8 Boundary Check ---
IS Period RTH Bars: 14666. Start: 2020-07-01 16:07:00+00:00 | End: 2020-08-25 13:47:00+00:00
OOS Start Bar Index: 59982 | Time: 2020-08-25 13:48:00+00:00
ADF Test Result: p-value=0.0325 (Required < 0.05) | OLS Beta: 1.7835
Filter OFF: Spread is stationary. Proceeding with optimization.
IS Optimization Time: 0.15 seconds.
Optimal Params (Sharpe=5.7674, Calmar=29.0029): Z_E=2.1, Z_X=1.3, Z_SL=3.9
📊 Persistence: Saved 4 PnL points to wfa_outputs\oos_equity_curve_PG_CL_1m_20251108_102422_0.05.csv
OOS Period (2020-08-25 13:48:00+00:00 to 2020-09-16 13:51:00+00:00): PnL: $74.21 | Sharpe: 4.4223 | Calmar: 69.9451 | Trades: 3

--- Window 9 Boundary Check ---
IS Period RTH Bars: 14666. Start: 2020-07-23 16:09:00+00:00 | End: 2020-09-16 13:51:00+00:00
OOS Start Bar Index: 65832 | Time: 2020-09-16 13:52:00+00:00
ADF Test Result: p-value=0.5439 (Required < 0.05) | OLS Beta: 1.4651
Filter ON: Spread not stationary (p-value too high). Skipping optimization and OOS test.

--- Window 10 Boundary Check ---
IS Period RTH Bars: 14666. Start: 2020-08-13 16:14:00+00:00 | End: 2020-10-07 13:52:00+00:00
OOS Start Bar Index: 71682 | Time: 2020-10-07 13:53:00+00:00
ADF Test Result: p-value=0.0403 (Required < 0.05) | OLS Beta: 0.3033
Filter OFF: Spread is stationary. Proceeding with optimization.
IS Optimization Time: 0.18 seconds.
Optimal Params (Sharpe=6.6414, Calmar=40.9452): Z_E=1.9, Z_X=0.7, Z_SL=3.9
📊 Persistence: Saved 774 PnL points to wfa_outputs\oos_equity_curve_PG_CL_1m_20251108_102422_0.05.csv
OOS Period (2020-10-07 13:53:00+00:00 to 2020-10-28 14:04:00+00:00): PnL: $-175.07 | Sharpe: -3.3516 | Calmar: -8.6257 | Trades: 770

--- Window 11 Boundary Check ---
IS Period RTH Bars: 14666. Start: 2020-09-03 16:23:00+00:00 | End: 2020-10-28 14:04:00+00:00
OOS Start Bar Index: 77532 | Time: 2020-10-28 14:05:00+00:00
ADF Test Result: p-value=0.0016 (Required < 0.05) | OLS Beta: 0.9172
Filter OFF: Spread is stationary. Proceeding with optimization.
IS Optimization Time: 0.14 seconds.
Optimal Params (Sharpe=6.8830, Calmar=41.1695): Z_E=1.9, Z_X=0.7, Z_SL=3.9
📊 Persistence: Saved 3275 PnL points to wfa_outputs\oos_equity_curve_PG_CL_1m_20251108_102422_0.05.csv
OOS Period (2020-10-28 14:05:00+00:00 to 2020-11-18 15:07:00+00:00): PnL: $-363.54 | Sharpe: -8.8460 | Calmar: -11.8032 | Trades: 2501

--- Window 12 Boundary Check ---
IS Period RTH Bars: 14666. Start: 2020-09-25 16:27:00+00:00 | End: 2020-11-18 15:07:00+00:00
OOS Start Bar Index: 83382 | Time: 2020-11-18 15:08:00+00:00
ADF Test Result: p-value=0.1303 (Required < 0.05) | OLS Beta: 0.2837
Filter ON: Spread not stationary (p-value too high). Skipping optimization and OOS test.

--- Window 13 Boundary Check ---
IS Period RTH Bars: 14666. Start: 2020-10-16 16:36:00+00:00 | End: 2020-12-10 18:10:00+00:00
OOS Start Bar Index: 89232 | Time: 2020-12-10 18:11:00+00:00
ADF Test Result: p-value=0.1502 (Required < 0.05) | OLS Beta: -0.0697
Filter ON: Spread not stationary (p-value too high). Skipping optimization and OOS test.

--- Window 14 Boundary Check ---
IS Period RTH Bars: 14666. Start: 2020-11-06 17:39:00+00:00 | End: 2021-01-05 14:52:00+00:00
OOS Start Bar Index: 95082 | Time: 2021-01-05 14:53:00+00:00
ADF Test Result: p-value=0.1214 (Required < 0.05) | OLS Beta: 0.0526
Filter ON: Spread not stationary (p-value too high). Skipping optimization and OOS test.

--- Window 15 Boundary Check ---
IS Period RTH Bars: 14666. Start: 2020-11-30 20:44:00+00:00 | End: 2021-01-27 14:52:00+00:00
OOS Start Bar Index: 100932 | Time: 2021-01-27 14:53:00+00:00
ADF Test Result: p-value=0.1626 (Required < 0.05) | OLS Beta: 0.4592
Filter ON: Spread not stationary (p-value too high). Skipping optimization and OOS test.

--- Window 16 Boundary Check ---
IS Period RTH Bars: 14666. Start: 2020-12-21 20:46:00+00:00 | End: 2021-02-18 14:52:00+00:00
OOS Start Bar Index: 106782 | Time: 2021-02-18 14:53:00+00:00
ADF Test Result: p-value=0.2684 (Required < 0.05) | OLS Beta: 0.8975
Filter ON: Spread not stationary (p-value too high). Skipping optimization and OOS test.

--- Window 17 Boundary Check ---
IS Period RTH Bars: 14666. Start: 2021-01-14 17:27:00+00:00 | End: 2021-03-11 14:54:00+00:00
OOS Start Bar Index: 112632 | Time: 2021-03-11 14:55:00+00:00
ADF Test Result: p-value=0.1237 (Required < 0.05) | OLS Beta: 0.8877
Filter ON: Spread not stationary (p-value too high). Skipping optimization and OOS test.

--- Window 18 Boundary Check ---
IS Period RTH Bars: 14666. Start: 2021-02-05 17:27:00+00:00 | End: 2021-04-01 13:54:00+00:00
OOS Start Bar Index: 118482 | Time: 2021-04-01 13:55:00+00:00
ADF Test Result: p-value=0.7910 (Required < 0.05) | OLS Beta: 0.8183
Filter ON: Spread not stationary (p-value too high). Skipping optimization and OOS test.

--- Window 19 Boundary Check ---
IS Period RTH Bars: 14666. Start: 2021-03-01 17:29:00+00:00 | End: 2021-04-26 13:54:00+00:00
OOS Start Bar Index: 124332 | Time: 2021-04-26 13:55:00+00:00
ADF Test Result: p-value=0.1521 (Required < 0.05) | OLS Beta: 1.1558
Filter ON: Spread not stationary (p-value too high). Skipping optimization and OOS test.

--- Window 20 Boundary Check ---
IS Period RTH Bars: 14666. Start: 2021-03-22 16:29:00+00:00 | End: 2021-05-17 14:00:00+00:00
OOS Start Bar Index: 130182 | Time: 2021-05-17 14:01:00+00:00
ADF Test Result: p-value=0.2450 (Required < 0.05) | OLS Beta: 0.4941
Filter ON: Spread not stationary (p-value too high). Skipping optimization and OOS test.

--- Window 21 Boundary Check ---
IS Period RTH Bars: 14666. Start: 2021-04-13 16:29:00+00:00 | End: 2021-06-08 14:03:00+00:00
OOS Start Bar Index: 136032 | Time: 2021-06-08 14:04:00+00:00
ADF Test Result: p-value=0.2830 (Required < 0.05) | OLS Beta: 0.5142
Filter ON: Spread not stationary (p-value too high). Skipping optimization and OOS test.

--- Window 22 Boundary Check ---
IS Period RTH Bars: 14666. Start: 2021-05-05 16:35:00+00:00 | End: 2021-06-29 14:14:00+00:00
OOS Start Bar Index: 141882 | Time: 2021-06-29 14:15:00+00:00
ADF Test Result: p-value=0.4074 (Required < 0.05) | OLS Beta: 0.7738
Filter ON: Spread not stationary (p-value too high). Skipping optimization and OOS test.

--- Window 23 Boundary Check ---
IS Period RTH Bars: 14666. Start: 2021-05-26 16:36:00+00:00 | End: 2021-07-21 14:16:00+00:00
OOS Start Bar Index: 147732 | Time: 2021-07-21 14:17:00+00:00
ADF Test Result: p-value=0.9197 (Required < 0.05) | OLS Beta: 0.7226
Filter ON: Spread not stationary (p-value too high). Skipping optimization and OOS test.

--- Window 24 Boundary Check ---
IS Period RTH Bars: 14666. Start: 2021-06-17 16:40:00+00:00 | End: 2021-08-11 14:24:00+00:00
OOS Start Bar Index: 153582 | Time: 2021-08-11 14:25:00+00:00
ADF Test Result: p-value=0.6940 (Required < 0.05) | OLS Beta: -0.2085
Filter ON: Spread not stationary (p-value too high). Skipping optimization and OOS test.

--- Window 25 Boundary Check ---
IS Period RTH Bars: 14666. Start: 2021-07-09 16:51:00+00:00 | End: 2021-09-01 14:32:00+00:00
OOS Start Bar Index: 159432 | Time: 2021-09-01 14:33:00+00:00
ADF Test Result: p-value=0.0242 (Required < 0.05) | OLS Beta: -0.4769
Filter OFF: Spread is stationary. Proceeding with optimization.
IS Optimization Time: 0.15 seconds.
Optimal Params (Sharpe=2.1003, Calmar=10.4994): Z_E=1.9, Z_X=0.7, Z_SL=4.8
📊 Persistence: Saved 3276 PnL points to wfa_outputs\oos_equity_curve_PG_CL_1m_20251108_102422_0.05.csv
OOS Period (2021-09-01 14:33:00+00:00 to 2021-09-23 14:42:00+00:00): PnL: $33.50 | Sharpe: 4.0991 | Calmar: 0.0000 | Trades: 1

--- Window 26 Boundary Check ---
IS Period RTH Bars: 14666. Start: 2021-07-30 16:53:00+00:00 | End: 2021-09-23 14:42:00+00:00
OOS Start Bar Index: 165282 | Time: 2021-09-23 14:43:00+00:00
ADF Test Result: p-value=0.0194 (Required < 0.05) | OLS Beta: -0.0613
Filter OFF: Spread is stationary. Proceeding with optimization.
IS Optimization Time: 0.14 seconds.
Optimal Params (Sharpe=0.4412, Calmar=0.9165): Z_E=1.9, Z_X=0.9, Z_SL=4.2
📊 Persistence: Saved 3608 PnL points to wfa_outputs\oos_equity_curve_PG_CL_1m_20251108_102422_0.05.csv
OOS Period (2021-09-23 14:43:00+00:00 to 2021-10-14 14:46:00+00:00): PnL: $282.45 | Sharpe: 3.7659 | Calmar: 34.1161 | Trades: 332

--- Window 27 Boundary Check ---
IS Period RTH Bars: 14666. Start: 2021-08-20 17:00:00+00:00 | End: 2021-10-14 14:46:00+00:00
OOS Start Bar Index: 171132 | Time: 2021-10-14 14:47:00+00:00
ADF Test Result: p-value=0.4559 (Required < 0.05) | OLS Beta: 0.6538
Filter ON: Spread not stationary (p-value too high). Skipping optimization and OOS test.

--- Window 28 Boundary Check ---
IS Period RTH Bars: 14666. Start: 2021-09-13 17:13:00+00:00 | End: 2021-11-05 14:48:00+00:00
OOS Start Bar Index: 176982 | Time: 2021-11-05 14:49:00+00:00
ADF Test Result: p-value=0.0610 (Required < 0.05) | OLS Beta: 1.0895
Filter ON: Spread not stationary (p-value too high). Skipping optimization and OOS test.

--- Window 29 Boundary Check ---
IS Period RTH Bars: 14666. Start: 2021-10-04 17:18:00+00:00 | End: 2021-11-29 18:51:00+00:00
OOS Start Bar Index: 182832 | Time: 2021-11-29 18:52:00+00:00
ADF Test Result: p-value=0.0612 (Required < 0.05) | OLS Beta: 1.1846
Filter ON: Spread not stationary (p-value too high). Skipping optimization and OOS test.

--- Window 30 Boundary Check ---
IS Period RTH Bars: 14666. Start: 2021-10-26 17:20:00+00:00 | End: 2021-12-20 18:53:00+00:00
OOS Start Bar Index: 188682 | Time: 2021-12-20 18:54:00+00:00
ADF Test Result: p-value=0.5361 (Required < 0.05) | OLS Beta: 1.1456
Filter ON: Spread not stationary (p-value too high). Skipping optimization and OOS test.

--- Window 31 Boundary Check ---
IS Period RTH Bars: 14666. Start: 2021-11-16 18:25:00+00:00 | End: 2022-01-11 19:15:00+00:00
OOS Start Bar Index: 194532 | Time: 2022-01-11 19:16:00+00:00
ADF Test Result: p-value=0.0882 (Required < 0.05) | OLS Beta: 0.9815
Filter ON: Spread not stationary (p-value too high). Skipping optimization and OOS test.

--- Window 32 Boundary Check ---
IS Period RTH Bars: 14666. Start: 2021-12-09 14:56:00+00:00 | End: 2022-02-03 18:00:00+00:00
OOS Start Bar Index: 200382 | Time: 2022-02-03 18:01:00+00:00
ADF Test Result: p-value=0.1440 (Required < 0.05) | OLS Beta: 0.8219
Filter ON: Spread not stationary (p-value too high). Skipping optimization and OOS test.

--- Window 33 Boundary Check ---
IS Period RTH Bars: 14666. Start: 2021-12-31 15:19:00+00:00 | End: 2022-02-25 18:01:00+00:00
OOS Start Bar Index: 206232 | Time: 2022-02-25 18:02:00+00:00
ADF Test Result: p-value=0.0844 (Required < 0.05) | OLS Beta: 0.4992
Filter ON: Spread not stationary (p-value too high). Skipping optimization and OOS test.

--- Window 34 Boundary Check ---
IS Period RTH Bars: 14666. Start: 2022-01-24 15:20:00+00:00 | End: 2022-03-21 17:01:00+00:00
OOS Start Bar Index: 212082 | Time: 2022-03-21 17:02:00+00:00
ADF Test Result: p-value=0.3591 (Required < 0.05) | OLS Beta: 0.8418
Filter ON: Spread not stationary (p-value too high). Skipping optimization and OOS test.

--- Window 35 Boundary Check ---
IS Period RTH Bars: 14666. Start: 2022-02-14 20:36:00+00:00 | End: 2022-04-11 17:03:00+00:00
OOS Start Bar Index: 217932 | Time: 2022-04-11 17:04:00+00:00
ADF Test Result: p-value=0.2562 (Required < 0.05) | OLS Beta: 0.9181
Filter ON: Spread not stationary (p-value too high). Skipping optimization and OOS test.

--- Window 36 Boundary Check ---
IS Period RTH Bars: 14666. Start: 2022-03-09 20:36:00+00:00 | End: 2022-05-03 17:03:00+00:00
OOS Start Bar Index: 223782 | Time: 2022-05-03 17:04:00+00:00
ADF Test Result: p-value=0.5451 (Required < 0.05) | OLS Beta: 0.8108
Filter ON: Spread not stationary (p-value too high). Skipping optimization and OOS test.

--- Window 37 Boundary Check ---
IS Period RTH Bars: 14666. Start: 2022-03-30 19:37:00+00:00 | End: 2022-05-24 17:04:00+00:00
OOS Start Bar Index: 229632 | Time: 2022-05-24 17:05:00+00:00
ADF Test Result: p-value=0.8186 (Required < 0.05) | OLS Beta: 0.8990
Filter ON: Spread not stationary (p-value too high). Skipping optimization and OOS test.

--- Window 38 Boundary Check ---
IS Period RTH Bars: 14666. Start: 2022-04-21 19:38:00+00:00 | End: 2022-06-15 17:06:00+00:00
OOS Start Bar Index: 235482 | Time: 2022-06-15 17:07:00+00:00
ADF Test Result: p-value=0.9459 (Required < 0.05) | OLS Beta: 1.0815
Filter ON: Spread not stationary (p-value too high). Skipping optimization and OOS test.

--- Window 39 Boundary Check ---
IS Period RTH Bars: 14666. Start: 2022-05-12 19:38:00+00:00 | End: 2022-07-08 17:08:00+00:00
OOS Start Bar Index: 241332 | Time: 2022-07-08 17:09:00+00:00
ADF Test Result: p-value=0.2784 (Required < 0.05) | OLS Beta: 0.8857
Filter ON: Spread not stationary (p-value too high). Skipping optimization and OOS test.

--- Window 40 Boundary Check ---
IS Period RTH Bars: 14666. Start: 2022-06-03 19:40:00+00:00 | End: 2022-07-29 17:16:00+00:00
OOS Start Bar Index: 247182 | Time: 2022-07-29 17:17:00+00:00
ADF Test Result: p-value=0.3567 (Required < 0.05) | OLS Beta: 0.9727
Filter ON: Spread not stationary (p-value too high). Skipping optimization and OOS test.

--- Window 41 Boundary Check ---
IS Period RTH Bars: 14666. Start: 2022-06-27 19:41:00+00:00 | End: 2022-08-19 17:29:00+00:00
OOS Start Bar Index: 253032 | Time: 2022-08-19 17:30:00+00:00
ADF Test Result: p-value=0.1152 (Required < 0.05) | OLS Beta: 0.5182
Filter ON: Spread not stationary (p-value too high). Skipping optimization and OOS test.

--- Window 42 Boundary Check ---
IS Period RTH Bars: 14666. Start: 2022-07-19 19:48:00+00:00 | End: 2022-09-12 17:35:00+00:00
OOS Start Bar Index: 258882 | Time: 2022-09-12 17:36:00+00:00
ADF Test Result: p-value=0.2729 (Required < 0.05) | OLS Beta: 0.8883
Filter ON: Spread not stationary (p-value too high). Skipping optimization and OOS test.

--- Window 43 Boundary Check ---
IS Period RTH Bars: 14666. Start: 2022-08-09 19:57:00+00:00 | End: 2022-10-03 17:42:00+00:00
OOS Start Bar Index: 264732 | Time: 2022-10-03 17:43:00+00:00
ADF Test Result: p-value=0.4818 (Required < 0.05) | OLS Beta: 0.9838
Filter ON: Spread not stationary (p-value too high). Skipping optimization and OOS test.

--- Window 44 Boundary Check ---
IS Period RTH Bars: 14666. Start: 2022-08-31 13:38:00+00:00 | End: 2022-10-24 17:48:00+00:00
OOS Start Bar Index: 270582 | Time: 2022-10-24 17:49:00+00:00
ADF Test Result: p-value=0.2478 (Required < 0.05) | OLS Beta: 0.9031
Filter ON: Spread not stationary (p-value too high). Skipping optimization and OOS test.

--- Window 45 Boundary Check ---
IS Period RTH Bars: 14666. Start: 2022-09-22 13:41:00+00:00 | End: 2022-11-14 18:50:00+00:00
OOS Start Bar Index: 276432 | Time: 2022-11-14 18:51:00+00:00
ADF Test Result: p-value=0.2314 (Required < 0.05) | OLS Beta: 1.2544
Filter ON: Spread not stationary (p-value too high). Skipping optimization and OOS test.

--- Window 46 Boundary Check ---
IS Period RTH Bars: 14666. Start: 2022-10-13 13:51:00+00:00 | End: 2022-12-07 15:24:00+00:00
OOS Start Bar Index: 282282 | Time: 2022-12-07 15:25:00+00:00
ADF Test Result: p-value=0.0019 (Required < 0.05) | OLS Beta: 1.8550
Filter OFF: Spread is stationary. Proceeding with optimization.
IS Optimization Time: 0.14 seconds.
Optimal Params (Sharpe=6.9451, Calmar=83.8226): Z_E=2.1, Z_X=1.3, Z_SL=4.8
📊 Persistence: Saved 3609 PnL points to wfa_outputs\oos_equity_curve_PG_CL_1m_20251108_102422_0.05.csv
OOS Period (2022-12-07 15:25:00+00:00 to 2022-12-29 15:29:00+00:00): PnL: $37.69 | Sharpe: 4.0991 | Calmar: 0.0000 | Trades: 1

--- Window 47 Boundary Check ---
IS Period RTH Bars: 14666. Start: 2022-11-03 13:54:00+00:00 | End: 2022-12-29 15:29:00+00:00
OOS Start Bar Index: 288132 | Time: 2022-12-29 15:30:00+00:00
ADF Test Result: p-value=0.0172 (Required < 0.05) | OLS Beta: 1.6104
Filter OFF: Spread is stationary. Proceeding with optimization.
IS Optimization Time: 0.15 seconds.
Optimal Params (Sharpe=5.4524, Calmar=26.3521): Z_E=1.9, Z_X=1.5, Z_SL=3.6
📊 Persistence: Saved 3615 PnL points to wfa_outputs\oos_equity_curve_PG_CL_1m_20251108_102422_0.05.csv
OOS Period (2022-12-29 15:30:00+00:00 to 2023-01-23 15:32:00+00:00): PnL: $92.74 | Sharpe: 9.6549 | Calmar: 0.0000 | Trades: 6

--- Window 48 Boundary Check ---
IS Period RTH Bars: 14666. Start: 2022-11-25 14:57:00+00:00 | End: 2023-01-23 15:32:00+00:00
OOS Start Bar Index: 293982 | Time: 2023-01-23 15:33:00+00:00
ADF Test Result: p-value=0.1264 (Required < 0.05) | OLS Beta: 1.0489
Filter ON: Spread not stationary (p-value too high). Skipping optimization and OOS test.

--- Window 49 Boundary Check ---
IS Period RTH Bars: 14666. Start: 2022-12-16 18:02:00+00:00 | End: 2023-02-13 15:32:00+00:00
OOS Start Bar Index: 299832 | Time: 2023-02-13 15:33:00+00:00
ADF Test Result: p-value=0.0098 (Required < 0.05) | OLS Beta: 1.1246
Filter OFF: Spread is stationary. Proceeding with optimization.
IS Optimization Time: 0.15 seconds.
Optimal Params (Sharpe=5.4361, Calmar=329.9765): Z_E=3.3, Z_X=1.5, Z_SL=4.8
📊 Persistence: Saved 3615 PnL points to wfa_outputs\oos_equity_curve_PG_CL_1m_20251108_102422_0.05.csv
OOS Period (2023-02-13 15:33:00+00:00 to 2023-03-07 15:35:00+00:00): PnL: $0.00 | Sharpe: 0.0000 | Calmar: 0.0000 | Trades: 0

--- Window 50 Boundary Check ---
IS Period RTH Bars: 14666. Start: 2023-01-10 18:07:00+00:00 | End: 2023-03-07 15:35:00+00:00
OOS Start Bar Index: 305682 | Time: 2023-03-07 15:36:00+00:00
ADF Test Result: p-value=0.0185 (Required < 0.05) | OLS Beta: 1.1174
Filter OFF: Spread is stationary. Proceeding with optimization.
IS Optimization Time: 0.15 seconds.
Optimal Params (Sharpe=4.1513, Calmar=141.6645): Z_E=3.3, Z_X=1.5, Z_SL=4.8
📊 Persistence: Saved 3617 PnL points to wfa_outputs\oos_equity_curve_PG_CL_1m_20251108_102422_0.05.csv
OOS Period (2023-03-07 15:36:00+00:00 to 2023-03-28 14:35:00+00:00): PnL: $38.44 | Sharpe: 1.1568 | Calmar: 9.1950 | Trades: 2

--- Window 51 Boundary Check ---
IS Period RTH Bars: 14666. Start: 2023-02-01 18:07:00+00:00 | End: 2023-03-28 14:35:00+00:00
OOS Start Bar Index: 311532 | Time: 2023-03-28 14:36:00+00:00
ADF Test Result: p-value=0.8259 (Required < 0.05) | OLS Beta: 0.4782
Filter ON: Spread not stationary (p-value too high). Skipping optimization and OOS test.

--- Window 52 Boundary Check ---
IS Period RTH Bars: 14666. Start: 2023-02-23 18:07:00+00:00 | End: 2023-04-19 14:37:00+00:00
OOS Start Bar Index: 317382 | Time: 2023-04-19 14:38:00+00:00
ADF Test Result: p-value=0.2945 (Required < 0.05) | OLS Beta: 1.5296
Filter ON: Spread not stationary (p-value too high). Skipping optimization and OOS test.

--- Window 53 Boundary Check ---
IS Period RTH Bars: 14666. Start: 2023-03-16 17:10:00+00:00 | End: 2023-05-10 14:43:00+00:00
OOS Start Bar Index: 323232 | Time: 2023-05-10 14:44:00+00:00
ADF Test Result: p-value=0.2514 (Required < 0.05) | OLS Beta: 0.7640
Filter ON: Spread not stationary (p-value too high). Skipping optimization and OOS test.

--- Window 54 Boundary Check ---
IS Period RTH Bars: 14666. Start: 2023-04-06 17:11:00+00:00 | End: 2023-06-01 14:46:00+00:00
OOS Start Bar Index: 329082 | Time: 2023-06-01 14:47:00+00:00
ADF Test Result: p-value=0.6911 (Required < 0.05) | OLS Beta: 0.6180
Filter ON: Spread not stationary (p-value too high). Skipping optimization and OOS test.

--- Window 55 Boundary Check ---
IS Period RTH Bars: 14666. Start: 2023-04-28 17:15:00+00:00 | End: 2023-06-23 14:53:00+00:00
OOS Start Bar Index: 334932 | Time: 2023-06-23 14:54:00+00:00
ADF Test Result: p-value=0.0343 (Required < 0.05) | OLS Beta: 0.9893
Filter OFF: Spread is stationary. Proceeding with optimization.
IS Optimization Time: 0.13 seconds.
Optimal Params (Sharpe=3.2693, Calmar=23.2714): Z_E=2.5, Z_X=1.5, Z_SL=4.2
📊 Persistence: Saved 3925 PnL points to wfa_outputs\oos_equity_curve_PG_CL_1m_20251108_102422_0.05.csv
OOS Period (2023-06-23 14:54:00+00:00 to 2023-07-17 17:54:00+00:00): PnL: $-43.98 | Sharpe: -2.5567 | Calmar: -9.9963 | Trades: 308

--- Window 56 Boundary Check ---
IS Period RTH Bars: 14666. Start: 2023-05-19 17:21:00+00:00 | End: 2023-07-17 17:54:00+00:00
OOS Start Bar Index: 340782 | Time: 2023-07-17 17:55:00+00:00
ADF Test Result: p-value=0.7204 (Required < 0.05) | OLS Beta: 0.7912
Filter ON: Spread not stationary (p-value too high). Skipping optimization and OOS test.

--- Window 57 Boundary Check ---
IS Period RTH Bars: 14666. Start: 2023-06-12 17:28:00+00:00 | End: 2023-08-07 17:55:00+00:00
OOS Start Bar Index: 346632 | Time: 2023-08-07 17:56:00+00:00
ADF Test Result: p-value=0.4451 (Required < 0.05) | OLS Beta: 0.9072
Filter ON: Spread not stationary (p-value too high). Skipping optimization and OOS test.

--- Window 58 Boundary Check ---
IS Period RTH Bars: 14666. Start: 2023-07-06 13:58:00+00:00 | End: 2023-08-28 17:55:00+00:00
OOS Start Bar Index: 352482 | Time: 2023-08-28 17:56:00+00:00
ADF Test Result: p-value=0.5746 (Required < 0.05) | OLS Beta: 0.4167
Filter ON: Spread not stationary (p-value too high). Skipping optimization and OOS test.

--- Window 59 Boundary Check ---
IS Period RTH Bars: 14666. Start: 2023-07-27 13:59:00+00:00 | End: 2023-09-19 18:00:00+00:00
OOS Start Bar Index: 358332 | Time: 2023-09-19 18:01:00+00:00
ADF Test Result: p-value=0.0001 (Required < 0.05) | OLS Beta: 0.4471
Filter OFF: Spread is stationary. Proceeding with optimization.
IS Optimization Time: 0.13 seconds.
Optimal Params (Sharpe=1.5285, Calmar=7.3640): Z_E=1.9, Z_X=0.7, Z_SL=4.2
📊 Persistence: Saved 5564 PnL points to wfa_outputs\oos_equity_curve_PG_CL_1m_20251108_102422_0.05.csv
OOS Period (2023-09-19 18:01:00+00:00 to 2023-10-10 18:02:00+00:00): PnL: $-163.37 | Sharpe: -4.5998 | Calmar: -10.0945 | Trades: 1639

--- Window 60 Boundary Check ---
IS Period RTH Bars: 14666. Start: 2023-08-17 14:00:00+00:00 | End: 2023-10-10 18:02:00+00:00
OOS Start Bar Index: 364182 | Time: 2023-10-10 18:03:00+00:00
ADF Test Result: p-value=0.0473 (Required < 0.05) | OLS Beta: 1.1017
Filter OFF: Spread is stationary. Proceeding with optimization.
IS Optimization Time: 0.12 seconds.
Optimal Params (Sharpe=5.7563, Calmar=46.0447): Z_E=2.1, Z_X=0.9, Z_SL=4.2
📊 Persistence: Saved 5818 PnL points to wfa_outputs\oos_equity_curve_PG_CL_1m_20251108_102422_0.05.csv
OOS Period (2023-10-10 18:03:00+00:00 to 2023-10-31 18:02:00+00:00): PnL: $-75.76 | Sharpe: -3.3496 | Calmar: -10.3881 | Trades: 254

--- Window 61 Boundary Check ---
IS Period RTH Bars: 14666. Start: 2023-09-08 14:03:00+00:00 | End: 2023-10-31 18:02:00+00:00
OOS Start Bar Index: 370032 | Time: 2023-10-31 18:03:00+00:00
ADF Test Result: p-value=0.5607 (Required < 0.05) | OLS Beta: 0.9388
Filter ON: Spread not stationary (p-value too high). Skipping optimization and OOS test.

--- Window 62 Boundary Check ---
IS Period RTH Bars: 14666. Start: 2023-09-29 14:07:00+00:00 | End: 2023-11-21 19:02:00+00:00
OOS Start Bar Index: 375882 | Time: 2023-11-21 19:03:00+00:00
ADF Test Result: p-value=0.0160 (Required < 0.05) | OLS Beta: 0.6065
Filter OFF: Spread is stationary. Proceeding with optimization.
IS Optimization Time: 0.13 seconds.
Optimal Params (Sharpe=4.3323, Calmar=25.8190): Z_E=2.1, Z_X=0.9, Z_SL=4.8
📊 Persistence: Saved 7166 PnL points to wfa_outputs\oos_equity_curve_PG_CL_1m_20251108_102422_0.05.csv
OOS Period (2023-11-21 19:03:00+00:00 to 2023-12-14 15:34:00+00:00): PnL: $-93.04 | Sharpe: -2.8454 | Calmar: -7.7414 | Trades: 1348

--- Window 63 Boundary Check ---
IS Period RTH Bars: 14666. Start: 2023-10-20 14:07:00+00:00 | End: 2023-12-14 15:34:00+00:00
OOS Start Bar Index: 381732 | Time: 2023-12-14 15:35:00+00:00
ADF Test Result: p-value=0.5252 (Required < 0.05) | OLS Beta: 0.0068
Filter ON: Spread not stationary (p-value too high). Skipping optimization and OOS test.

--- Window 64 Boundary Check ---
IS Period RTH Bars: 14666. Start: 2023-11-10 15:07:00+00:00 | End: 2024-01-08 15:38:00+00:00
OOS Start Bar Index: 387582 | Time: 2024-01-08 15:39:00+00:00
ADF Test Result: p-value=0.3862 (Required < 0.05) | OLS Beta: -0.3057
Filter ON: Spread not stationary (p-value too high). Skipping optimization and OOS test.

--- Window 65 Boundary Check ---
IS Period RTH Bars: 14666. Start: 2023-12-04 18:06:00+00:00 | End: 2024-01-30 15:39:00+00:00
OOS Start Bar Index: 393432 | Time: 2024-01-30 15:40:00+00:00
ADF Test Result: p-value=0.0067 (Required < 0.05) | OLS Beta: 0.9319
Filter OFF: Spread is stationary. Proceeding with optimization.
IS Optimization Time: 0.14 seconds.
Optimal Params (Sharpe=0.4263, Calmar=1.2709): Z_E=1.9, Z_X=1.1, Z_SL=3.6
📊 Persistence: Saved 7167 PnL points to wfa_outputs\oos_equity_curve_PG_CL_1m_20251108_102422_0.05.csv
OOS Period (2024-01-30 15:40:00+00:00 to 2024-02-21 15:40:00+00:00): PnL: $48.43 | Sharpe: 4.0991 | Calmar: 0.0000 | Trades: 1

--- Window 66 Boundary Check ---
IS Period RTH Bars: 14666. Start: 2023-12-26 18:10:00+00:00 | End: 2024-02-21 15:40:00+00:00
OOS Start Bar Index: 399282 | Time: 2024-02-21 15:41:00+00:00
ADF Test Result: p-value=0.0125 (Required < 0.05) | OLS Beta: 1.2331
Filter OFF: Spread is stationary. Proceeding with optimization.
IS Optimization Time: 0.14 seconds.
Optimal Params (Sharpe=4.3833, Calmar=14.7362): Z_E=3.1, Z_X=0.5, Z_SL=3.3
📊 Persistence: Saved 8504 PnL points to wfa_outputs\oos_equity_curve_PG_CL_1m_20251108_102422_0.05.csv
OOS Period (2024-02-21 15:41:00+00:00 to 2024-03-13 14:48:00+00:00): PnL: $-54.01 | Sharpe: -3.0432 | Calmar: -9.5602 | Trades: 1337

--- Window 67 Boundary Check ---
IS Period RTH Bars: 14666. Start: 2024-01-18 18:14:00+00:00 | End: 2024-03-13 14:48:00+00:00
OOS Start Bar Index: 405132 | Time: 2024-03-13 14:49:00+00:00
ADF Test Result: p-value=0.0117 (Required < 0.05) | OLS Beta: 0.6833
Filter OFF: Spread is stationary. Proceeding with optimization.
IS Optimization Time: 0.13 seconds.
Optimal Params (Sharpe=4.5804, Calmar=17.8016): Z_E=3.1, Z_X=0.5, Z_SL=4.8
📊 Persistence: Saved 8505 PnL points to wfa_outputs\oos_equity_curve_PG_CL_1m_20251108_102422_0.05.csv
OOS Period (2024-03-13 14:49:00+00:00 to 2024-04-04 14:56:00+00:00): PnL: $-26.86 | Sharpe: -4.0991 | Calmar: -16.2445 | Trades: 1

--- Window 68 Boundary Check ---
IS Period RTH Bars: 14666. Start: 2024-02-08 18:14:00+00:00 | End: 2024-04-04 14:56:00+00:00
OOS Start Bar Index: 410982 | Time: 2024-04-04 14:57:00+00:00
ADF Test Result: p-value=0.5763 (Required < 0.05) | OLS Beta: 0.4108
Filter ON: Spread not stationary (p-value too high). Skipping optimization and OOS test.

--- Window 69 Boundary Check ---
IS Period RTH Bars: 14666. Start: 2024-03-01 18:17:00+00:00 | End: 2024-04-25 14:59:00+00:00
OOS Start Bar Index: 416832 | Time: 2024-04-25 15:00:00+00:00
ADF Test Result: p-value=0.1064 (Required < 0.05) | OLS Beta: 1.0076
Filter ON: Spread not stationary (p-value too high). Skipping optimization and OOS test.

--- Window 70 Boundary Check ---
IS Period RTH Bars: 14666. Start: 2024-03-22 17:25:00+00:00 | End: 2024-05-16 15:12:00+00:00
OOS Start Bar Index: 422682 | Time: 2024-05-16 15:13:00+00:00
ADF Test Result: p-value=0.0516 (Required < 0.05) | OLS Beta: 0.7186
Filter ON: Spread not stationary (p-value too high). Skipping optimization and OOS test.

--- Window 71 Boundary Check ---
IS Period RTH Bars: 14666. Start: 2024-04-15 17:32:00+00:00 | End: 2024-06-07 15:25:00+00:00
OOS Start Bar Index: 428532 | Time: 2024-06-07 15:26:00+00:00
ADF Test Result: p-value=0.0602 (Required < 0.05) | OLS Beta: 0.6957
Filter ON: Spread not stationary (p-value too high). Skipping optimization and OOS test.

--- Window 72 Boundary Check ---
IS Period RTH Bars: 14666. Start: 2024-05-06 17:34:00+00:00 | End: 2024-07-01 15:38:00+00:00
OOS Start Bar Index: 434382 | Time: 2024-07-01 15:39:00+00:00
ADF Test Result: p-value=0.3967 (Required < 0.05) | OLS Beta: 0.3271
Filter ON: Spread not stationary (p-value too high). Skipping optimization and OOS test.

--- Window 73 Boundary Check ---
IS Period RTH Bars: 14666. Start: 2024-05-28 17:53:00+00:00 | End: 2024-07-23 18:48:00+00:00
OOS Start Bar Index: 440232 | Time: 2024-07-23 18:49:00+00:00
ADF Test Result: p-value=0.1950 (Required < 0.05) | OLS Beta: 0.2954
Filter ON: Spread not stationary (p-value too high). Skipping optimization and OOS test.

--- Window 74 Boundary Check ---
IS Period RTH Bars: 14666. Start: 2024-06-18 18:10:00+00:00 | End: 2024-08-13 18:50:00+00:00
OOS Start Bar Index: 446082 | Time: 2024-08-13 18:51:00+00:00
ADF Test Result: p-value=0.0350 (Required < 0.05) | OLS Beta: 0.3949
Filter OFF: Spread is stationary. Proceeding with optimization.
IS Optimization Time: 0.16 seconds.
Optimal Params (Sharpe=3.6339, Calmar=21.0949): Z_E=2.1, Z_X=0.7, Z_SL=4.8
📊 Persistence: Saved 8505 PnL points to wfa_outputs\oos_equity_curve_PG_CL_1m_20251108_102422_0.05.csv
OOS Period (2024-08-13 18:51:00+00:00 to 2024-09-04 19:00:00+00:00): PnL: $0.00 | Sharpe: 0.0000 | Calmar: 0.0000 | Trades: 0

--- Window 75 Boundary Check ---
IS Period RTH Bars: 14666. Start: 2024-07-12 14:45:00+00:00 | End: 2024-09-04 19:00:00+00:00
OOS Start Bar Index: 451932 | Time: 2024-09-04 19:01:00+00:00
ADF Test Result: p-value=0.0487 (Required < 0.05) | OLS Beta: 0.3567
Filter OFF: Spread is stationary. Proceeding with optimization.
IS Optimization Time: 0.13 seconds.
Optimal Params (Sharpe=2.6998, Calmar=15.1428): Z_E=1.9, Z_X=0.7, Z_SL=3.9
📊 Persistence: Saved 8507 PnL points to wfa_outputs\oos_equity_curve_PG_CL_1m_20251108_102422_0.05.csv
OOS Period (2024-09-04 19:01:00+00:00 to 2024-09-25 19:02:00+00:00): PnL: $142.80 | Sharpe: 5.4403 | Calmar: 0.0000 | Trades: 2

--- Window 76 Boundary Check ---
IS Period RTH Bars: 14666. Start: 2024-08-02 14:54:00+00:00 | End: 2024-09-25 19:02:00+00:00
OOS Start Bar Index: 457782 | Time: 2024-09-25 19:03:00+00:00
ADF Test Result: p-value=0.3351 (Required < 0.05) | OLS Beta: 0.6117
Filter ON: Spread not stationary (p-value too high). Skipping optimization and OOS test.

--- Window 77 Boundary Check ---
IS Period RTH Bars: 14666. Start: 2024-08-23 15:02:00+00:00 | End: 2024-10-16 19:02:00+00:00
OOS Start Bar Index: 463632 | Time: 2024-10-16 19:03:00+00:00
ADF Test Result: p-value=0.2346 (Required < 0.05) | OLS Beta: 0.3705
Filter ON: Spread not stationary (p-value too high). Skipping optimization and OOS test.

--- Window 78 Boundary Check ---
IS Period RTH Bars: 14666. Start: 2024-09-16 15:06:00+00:00 | End: 2024-11-06 20:03:00+00:00
OOS Start Bar Index: 469482 | Time: 2024-11-06 20:04:00+00:00
ADF Test Result: p-value=0.1006 (Required < 0.05) | OLS Beta: 0.4588
Filter ON: Spread not stationary (p-value too high). Skipping optimization and OOS test.

--- Window 79 Boundary Check ---
IS Period RTH Bars: 14666. Start: 2024-10-07 15:07:00+00:00 | End: 2024-11-27 20:09:00+00:00
OOS Start Bar Index: 475332 | Time: 2024-11-27 20:10:00+00:00
ADF Test Result: p-value=0.9706 (Required < 0.05) | OLS Beta: 0.2716
Filter ON: Spread not stationary (p-value too high). Skipping optimization and OOS test.

--- Window 80 Boundary Check ---
IS Period RTH Bars: 14666. Start: 2024-10-28 15:07:00+00:00 | End: 2024-12-20 16:43:00+00:00
OOS Start Bar Index: 481182 | Time: 2024-12-20 16:44:00+00:00
ADF Test Result: p-value=0.1248 (Required < 0.05) | OLS Beta: 1.2715
Filter ON: Spread not stationary (p-value too high). Skipping optimization and OOS test.

############################################################
📈 OVERALL SIMULATION PERFORMANCE (Walk-Forward Test)
############################################################
Timeframe Used: 1Min, Value: 1
ADF Cointegration Filter Threshold: 0.05
Total OOS Windows Tested: 80
Total Trades Executed: 8507
--- Final Performance Metrics ---
Total PnL: $-276.24
Overall Sharpe Ratio (Annualized): -0.1106
Overall Calmar Ratio (Annualized): -0.0185
Maximum Dollar Drawdown (MDD): $653.95

--- Execution Time ---
Total Elapsed Time: 147.32 seconds
############################################################
[0m