--- Dynamic Timeframe Configuration ---
TimeFrame Selected: 1Min, Value: 1
Bars per Trading Day: 390
Annualization Factor (Bars/Year): 98280
Statistical Lookback Bars: 2184
Optimization Lookback Bars: 19032
---------------------------------------
--- Diagnostic Check ---
API Key ID Length: 26
API Secret Key Length: 44
StockHistoricalDataClient initialized successfully. Starting data fetch...
--------------------------
Pre-compiling Numba function for first run optimization...
Numba pre-compilation complete.
Fetching data from 2020-01-15 to 2025-01-13...
Fetching 1Min data for SPY...
Fetching 1Min data for SSO...
Data acquired successfully. Total 1Min RTH bars: 477990
Skipping full pre-calculation. Metrics will be calculated inside the WFA loop.

============================================================
📈 Starting Rolling Backtest: IS Optimization Window=19032 bars, Shift=15 days
   Data already processed with Statistical Rolling Window: 2184 bars
   ADF Cointegration Filter: p-value < 0.05
============================================================

--- Window 1 Boundary Check ---
IS Period RTH Bars: 14666. Start: 2020-01-31 19:58:00+00:00 | End: 2020-03-27 18:17:00+00:00
OOS Start Bar Index: 19032 | Time: 2020-03-27 18:18:00+00:00
ADF Test Result: p-value=0.8109 (Required < 0.05) | OLS Beta: 0.4505
Filter ON: Spread not stationary (p-value too high). Skipping optimization and OOS test.

--- Window 2 Boundary Check ---
IS Period RTH Bars: 14666. Start: 2020-02-25 20:43:00+00:00 | End: 2020-04-20 19:06:00+00:00
OOS Start Bar Index: 24882 | Time: 2020-04-20 19:07:00+00:00
ADF Test Result: p-value=0.9139 (Required < 0.05) | OLS Beta: 0.4391
Filter ON: Spread not stationary (p-value too high). Skipping optimization and OOS test.

--- Window 3 Boundary Check ---
IS Period RTH Bars: 14666. Start: 2020-03-18 14:05:00+00:00 | End: 2020-05-11 19:23:00+00:00
OOS Start Bar Index: 30732 | Time: 2020-05-11 19:24:00+00:00
ADF Test Result: p-value=0.0009 (Required < 0.05) | OLS Beta: 0.5353
Filter OFF: Spread is stationary. Proceeding with optimization.
IS Optimization Time: 0.05 seconds.
Optimal Params (Sharpe=1.9577, Calmar=8.3424): Z_E=3.3, Z_X=0.5, Z_SL=3.6
📊 Persistence: Saved 0 PnL points to wfa_outputs\oos_equity_curve_SPY_SSO_1m_20251107_190242_0.05.csv
OOS Period (2020-05-11 19:24:00+00:00 to 2020-06-02 19:58:00+00:00): PnL: $0.00 | Sharpe: 0.0000 | Calmar: 0.0000 | Trades: 0

--- Window 4 Boundary Check ---
IS Period RTH Bars: 14666. Start: 2020-04-08 14:44:00+00:00 | End: 2020-06-02 19:58:00+00:00
OOS Start Bar Index: 36582 | Time: 2020-06-02 19:59:00+00:00
ADF Test Result: p-value=0.1240 (Required < 0.05) | OLS Beta: 0.5239
Filter ON: Spread not stationary (p-value too high). Skipping optimization and OOS test.

--- Window 5 Boundary Check ---
IS Period RTH Bars: 14666. Start: 2020-04-30 15:12:00+00:00 | End: 2020-06-24 14:44:00+00:00
OOS Start Bar Index: 42432 | Time: 2020-06-24 14:45:00+00:00
ADF Test Result: p-value=0.7354 (Required < 0.05) | OLS Beta: 0.5159
Filter ON: Spread not stationary (p-value too high). Skipping optimization and OOS test.

--- Window 6 Boundary Check ---
IS Period RTH Bars: 14666. Start: 2020-05-21 15:42:00+00:00 | End: 2020-07-16 16:53:00+00:00
OOS Start Bar Index: 48282 | Time: 2020-07-16 16:57:00+00:00
ADF Test Result: p-value=0.8184 (Required < 0.05) | OLS Beta: 0.5149
Filter ON: Spread not stationary (p-value too high). Skipping optimization and OOS test.

--- Window 7 Boundary Check ---
IS Period RTH Bars: 14666. Start: 2020-06-12 16:25:00+00:00 | End: 2020-08-07 17:39:00+00:00
OOS Start Bar Index: 54132 | Time: 2020-08-07 17:42:00+00:00
ADF Test Result: p-value=0.1035 (Required < 0.05) | OLS Beta: 0.5140
Filter ON: Spread not stationary (p-value too high). Skipping optimization and OOS test.

--- Window 8 Boundary Check ---
IS Period RTH Bars: 14666. Start: 2020-07-06 18:15:00+00:00 | End: 2020-08-31 19:15:00+00:00
OOS Start Bar Index: 59982 | Time: 2020-08-31 19:16:00+00:00
ADF Test Result: p-value=0.0021 (Required < 0.05) | OLS Beta: 0.5078
Filter OFF: Spread is stationary. Proceeding with optimization.
IS Optimization Time: 0.06 seconds.
Optimal Params (Sharpe=-2.0970, Calmar=-5.8363): Z_E=3.1, Z_X=1.1, Z_SL=3.3
📊 Persistence: Saved 2424 PnL points to wfa_outputs\oos_equity_curve_SPY_SSO_1m_20251107_190242_0.05.csv
OOS Period (2020-08-31 19:16:00+00:00 to 2020-09-23 14:01:00+00:00): PnL: $113.55 | Sharpe: 5.8410 | Calmar: 38.8510 | Trades: 2424

--- Window 9 Boundary Check ---
IS Period RTH Bars: 14666. Start: 2020-07-28 16:18:00+00:00 | End: 2020-09-23 14:01:00+00:00
OOS Start Bar Index: 65832 | Time: 2020-09-23 14:02:00+00:00
ADF Test Result: p-value=0.9787 (Required < 0.05) | OLS Beta: 0.4999
Filter ON: Spread not stationary (p-value too high). Skipping optimization and OOS test.

--- Window 10 Boundary Check ---
IS Period RTH Bars: 14666. Start: 2020-08-19 19:03:00+00:00 | End: 2020-10-14 16:02:00+00:00
OOS Start Bar Index: 71682 | Time: 2020-10-14 16:03:00+00:00
ADF Test Result: p-value=0.9505 (Required < 0.05) | OLS Beta: 0.4904
Filter ON: Spread not stationary (p-value too high). Skipping optimization and OOS test.

--- Window 11 Boundary Check ---
IS Period RTH Bars: 14666. Start: 2020-09-11 15:43:00+00:00 | End: 2020-11-04 18:09:00+00:00
OOS Start Bar Index: 77532 | Time: 2020-11-04 18:10:00+00:00
ADF Test Result: p-value=0.9489 (Required < 0.05) | OLS Beta: 0.5043
Filter ON: Spread not stationary (p-value too high). Skipping optimization and OOS test.

--- Window 12 Boundary Check ---
IS Period RTH Bars: 14666. Start: 2020-10-02 17:19:00+00:00 | End: 2020-11-27 15:57:00+00:00
OOS Start Bar Index: 83382 | Time: 2020-11-27 15:58:00+00:00
ADF Test Result: p-value=0.7152 (Required < 0.05) | OLS Beta: 0.5118
Filter ON: Spread not stationary (p-value too high). Skipping optimization and OOS test.

--- Window 13 Boundary Check ---
IS Period RTH Bars: 14666. Start: 2020-10-23 19:22:00+00:00 | End: 2020-12-21 19:28:00+00:00
OOS Start Bar Index: 89232 | Time: 2020-12-21 19:30:00+00:00
ADF Test Result: p-value=0.0002 (Required < 0.05) | OLS Beta: 0.5110
Filter OFF: Spread is stationary. Proceeding with optimization.
IS Optimization Time: 0.06 seconds.
Optimal Params (Sharpe=5.1572, Calmar=24.9779): Z_E=2.5, Z_X=1.5, Z_SL=4.2
📊 Persistence: Saved 2448 PnL points to wfa_outputs\oos_equity_curve_SPY_SSO_1m_20251107_190242_0.05.csv
OOS Period (2020-12-21 19:30:00+00:00 to 2021-01-15 15:24:00+00:00): PnL: $-4.47 | Sharpe: -2.6553 | Calmar: -5.7514 | Trades: 24

--- Window 14 Boundary Check ---
IS Period RTH Bars: 14666. Start: 2020-11-16 15:07:00+00:00 | End: 2021-01-15 15:24:00+00:00
OOS Start Bar Index: 95082 | Time: 2021-01-15 15:25:00+00:00
ADF Test Result: p-value=0.0088 (Required < 0.05) | OLS Beta: 0.5157
Filter OFF: Spread is stationary. Proceeding with optimization.
IS Optimization Time: 0.05 seconds.
Optimal Params (Sharpe=4.3707, Calmar=24.9459): Z_E=2.1, Z_X=1.5, Z_SL=3.6
📊 Persistence: Saved 3766 PnL points to wfa_outputs\oos_equity_curve_SPY_SSO_1m_20251107_190242_0.05.csv
OOS Period (2021-01-15 15:25:00+00:00 to 2021-02-09 16:04:00+00:00): PnL: $-23.27 | Sharpe: -1.7282 | Calmar: -4.6880 | Trades: 1318

--- Window 15 Boundary Check ---
IS Period RTH Bars: 14666. Start: 2020-12-09 19:01:00+00:00 | End: 2021-02-09 16:04:00+00:00
OOS Start Bar Index: 100932 | Time: 2021-02-09 16:05:00+00:00
ADF Test Result: p-value=0.1351 (Required < 0.05) | OLS Beta: 0.5191
Filter ON: Spread not stationary (p-value too high). Skipping optimization and OOS test.

--- Window 16 Boundary Check ---
IS Period RTH Bars: 14666. Start: 2021-01-05 14:49:00+00:00 | End: 2021-03-03 19:17:00+00:00
OOS Start Bar Index: 106782 | Time: 2021-03-03 19:18:00+00:00
ADF Test Result: p-value=0.6760 (Required < 0.05) | OLS Beta: 0.5200
Filter ON: Spread not stationary (p-value too high). Skipping optimization and OOS test.

--- Window 17 Boundary Check ---
IS Period RTH Bars: 14666. Start: 2021-01-28 15:57:00+00:00 | End: 2021-03-24 19:44:00+00:00
OOS Start Bar Index: 112632 | Time: 2021-03-24 19:45:00+00:00
ADF Test Result: p-value=0.7230 (Required < 0.05) | OLS Beta: 0.5139
Filter ON: Spread not stationary (p-value too high). Skipping optimization and OOS test.

--- Window 18 Boundary Check ---
IS Period RTH Bars: 14666. Start: 2021-02-22 15:05:00+00:00 | End: 2021-04-16 16:01:00+00:00
OOS Start Bar Index: 118482 | Time: 2021-04-16 16:02:00+00:00
ADF Test Result: p-value=0.0915 (Required < 0.05) | OLS Beta: 0.5129
Filter ON: Spread not stationary (p-value too high). Skipping optimization and OOS test.

--- Window 19 Boundary Check ---
IS Period RTH Bars: 14666. Start: 2021-03-15 14:42:00+00:00 | End: 2021-05-07 18:32:00+00:00
OOS Start Bar Index: 124332 | Time: 2021-05-07 18:33:00+00:00
ADF Test Result: p-value=0.1128 (Required < 0.05) | OLS Beta: 0.5104
Filter ON: Spread not stationary (p-value too high). Skipping optimization and OOS test.

--- Window 20 Boundary Check ---
IS Period RTH Bars: 14666. Start: 2021-04-06 16:27:00+00:00 | End: 2021-06-01 14:25:00+00:00
OOS Start Bar Index: 130182 | Time: 2021-06-01 14:26:00+00:00
ADF Test Result: p-value=0.8584 (Required < 0.05) | OLS Beta: 0.5115
Filter ON: Spread not stationary (p-value too high). Skipping optimization and OOS test.

--- Window 21 Boundary Check ---
IS Period RTH Bars: 14666. Start: 2021-04-28 13:30:00+00:00 | End: 2021-06-23 15:10:00+00:00
OOS Start Bar Index: 136032 | Time: 2021-06-23 15:11:00+00:00
ADF Test Result: p-value=0.3431 (Required < 0.05) | OLS Beta: 0.5132
Filter ON: Spread not stationary (p-value too high). Skipping optimization and OOS test.

--- Window 22 Boundary Check ---
IS Period RTH Bars: 14666. Start: 2021-05-19 15:14:00+00:00 | End: 2021-07-15 19:37:00+00:00
OOS Start Bar Index: 141882 | Time: 2021-07-15 19:38:00+00:00
ADF Test Result: p-value=0.0049 (Required < 0.05) | OLS Beta: 0.5142
Filter OFF: Spread is stationary. Proceeding with optimization.
IS Optimization Time: 0.05 seconds.
Optimal Params (Sharpe=4.3520, Calmar=25.5449): Z_E=2.7, Z_X=0.7, Z_SL=3.9
📊 Persistence: Saved 4080 PnL points to wfa_outputs\oos_equity_curve_SPY_SSO_1m_20251107_190242_0.05.csv
OOS Period (2021-07-15 19:38:00+00:00 to 2021-08-06 16:05:00+00:00): PnL: $-5.89 | Sharpe: -1.5693 | Calmar: -6.8758 | Trades: 314

--- Window 23 Boundary Check ---
IS Period RTH Bars: 14666. Start: 2021-06-11 14:08:00+00:00 | End: 2021-08-06 16:05:00+00:00
OOS Start Bar Index: 147732 | Time: 2021-08-06 16:06:00+00:00
ADF Test Result: p-value=0.0983 (Required < 0.05) | OLS Beta: 0.5158
Filter ON: Spread not stationary (p-value too high). Skipping optimization and OOS test.

--- Window 24 Boundary Check ---
IS Period RTH Bars: 14666. Start: 2021-07-06 14:43:00+00:00 | End: 2021-08-30 14:48:00+00:00
OOS Start Bar Index: 153582 | Time: 2021-08-30 14:49:00+00:00
ADF Test Result: p-value=0.0566 (Required < 0.05) | OLS Beta: 0.5161
Filter ON: Spread not stationary (p-value too high). Skipping optimization and OOS test.

--- Window 25 Boundary Check ---
IS Period RTH Bars: 14666. Start: 2021-07-27 16:41:00+00:00 | End: 2021-09-21 16:38:00+00:00
OOS Start Bar Index: 159432 | Time: 2021-09-21 16:39:00+00:00
ADF Test Result: p-value=0.9907 (Required < 0.05) | OLS Beta: 0.5069
Filter ON: Spread not stationary (p-value too high). Skipping optimization and OOS test.

--- Window 26 Boundary Check ---
IS Period RTH Bars: 14666. Start: 2021-08-18 15:38:00+00:00 | End: 2021-10-12 16:49:00+00:00
OOS Start Bar Index: 165282 | Time: 2021-10-12 16:50:00+00:00
ADF Test Result: p-value=0.1529 (Required < 0.05) | OLS Beta: 0.4829
Filter ON: Spread not stationary (p-value too high). Skipping optimization and OOS test.

--- Window 27 Boundary Check ---
IS Period RTH Bars: 14666. Start: 2021-09-09 19:00:00+00:00 | End: 2021-11-02 18:27:00+00:00
OOS Start Bar Index: 171132 | Time: 2021-11-02 18:29:00+00:00
ADF Test Result: p-value=0.1523 (Required < 0.05) | OLS Beta: 0.5081
Filter ON: Spread not stationary (p-value too high). Skipping optimization and OOS test.

--- Window 28 Boundary Check ---
IS Period RTH Bars: 14666. Start: 2021-09-30 19:21:00+00:00 | End: 2021-11-23 20:52:00+00:00
OOS Start Bar Index: 176982 | Time: 2021-11-23 20:53:00+00:00
ADF Test Result: p-value=0.0093 (Required < 0.05) | OLS Beta: 0.5076
Filter OFF: Spread is stationary. Proceeding with optimization.
IS Optimization Time: 0.05 seconds.
Optimal Params (Sharpe=7.9280, Calmar=47.4106): Z_E=3.1, Z_X=0.3, Z_SL=3.9
📊 Persistence: Saved 6773 PnL points to wfa_outputs\oos_equity_curve_SPY_SSO_1m_20251107_190242_0.05.csv
OOS Period (2021-11-23 20:53:00+00:00 to 2021-12-16 17:12:00+00:00): PnL: $-40.83 | Sharpe: -4.1312 | Calmar: -8.6333 | Trades: 2693

--- Window 29 Boundary Check ---
IS Period RTH Bars: 14666. Start: 2021-10-21 19:55:00+00:00 | End: 2021-12-16 17:12:00+00:00
OOS Start Bar Index: 182832 | Time: 2021-12-16 17:13:00+00:00
ADF Test Result: p-value=0.9933 (Required < 0.05) | OLS Beta: 0.5034
Filter ON: Spread not stationary (p-value too high). Skipping optimization and OOS test.

--- Window 30 Boundary Check ---
IS Period RTH Bars: 14666. Start: 2021-11-12 16:17:00+00:00 | End: 2022-01-07 17:32:00+00:00
OOS Start Bar Index: 188682 | Time: 2022-01-07 17:33:00+00:00
ADF Test Result: p-value=0.8044 (Required < 0.05) | OLS Beta: 0.5122
Filter ON: Spread not stationary (p-value too high). Skipping optimization and OOS test.

--- Window 31 Boundary Check ---
IS Period RTH Bars: 14666. Start: 2021-12-06 19:35:00+00:00 | End: 2022-01-31 17:39:00+00:00
OOS Start Bar Index: 194532 | Time: 2022-01-31 17:40:00+00:00
ADF Test Result: p-value=0.2495 (Required < 0.05) | OLS Beta: 0.4902
Filter ON: Spread not stationary (p-value too high). Skipping optimization and OOS test.

--- Window 32 Boundary Check ---
IS Period RTH Bars: 14666. Start: 2021-12-28 19:49:00+00:00 | End: 2022-02-22 17:50:00+00:00
OOS Start Bar Index: 200382 | Time: 2022-02-22 17:51:00+00:00
ADF Test Result: p-value=0.6543 (Required < 0.05) | OLS Beta: 0.4860
Filter ON: Spread not stationary (p-value too high). Skipping optimization and OOS test.

--- Window 33 Boundary Check ---
IS Period RTH Bars: 14666. Start: 2022-01-19 20:14:00+00:00 | End: 2022-03-15 16:50:00+00:00
OOS Start Bar Index: 206232 | Time: 2022-03-15 16:51:00+00:00
ADF Test Result: p-value=0.4943 (Required < 0.05) | OLS Beta: 0.4789
Filter ON: Spread not stationary (p-value too high). Skipping optimization and OOS test.

--- Window 34 Boundary Check ---
IS Period RTH Bars: 14666. Start: 2022-02-09 20:23:00+00:00 | End: 2022-04-05 16:53:00+00:00
OOS Start Bar Index: 212082 | Time: 2022-04-05 16:54:00+00:00
ADF Test Result: p-value=0.1247 (Required < 0.05) | OLS Beta: 0.5078
Filter ON: Spread not stationary (p-value too high). Skipping optimization and OOS test.

--- Window 35 Boundary Check ---
IS Period RTH Bars: 14666. Start: 2022-03-03 20:25:00+00:00 | End: 2022-04-27 16:53:00+00:00
OOS Start Bar Index: 217932 | Time: 2022-04-27 16:54:00+00:00
ADF Test Result: p-value=0.9845 (Required < 0.05) | OLS Beta: 0.5040
Filter ON: Spread not stationary (p-value too high). Skipping optimization and OOS test.

--- Window 36 Boundary Check ---
IS Period RTH Bars: 14666. Start: 2022-03-24 19:25:00+00:00 | End: 2022-05-18 16:53:00+00:00
OOS Start Bar Index: 223782 | Time: 2022-05-18 16:54:00+00:00
ADF Test Result: p-value=0.0447 (Required < 0.05) | OLS Beta: 0.4792
Filter OFF: Spread is stationary. Proceeding with optimization.
IS Optimization Time: 0.05 seconds.
Optimal Params (Sharpe=5.7058, Calmar=36.9560): Z_E=2.7, Z_X=0.3, Z_SL=3.6
📊 Persistence: Saved 8638 PnL points to wfa_outputs\oos_equity_curve_SPY_SSO_1m_20251107_190242_0.05.csv
OOS Period (2022-05-18 16:54:00+00:00 to 2022-06-09 16:56:00+00:00): PnL: $21.44 | Sharpe: 1.8705 | Calmar: 6.7684 | Trades: 1865

--- Window 37 Boundary Check ---
IS Period RTH Bars: 14666. Start: 2022-04-14 19:28:00+00:00 | End: 2022-06-09 16:56:00+00:00
OOS Start Bar Index: 229632 | Time: 2022-06-09 16:57:00+00:00
ADF Test Result: p-value=0.8653 (Required < 0.05) | OLS Beta: 0.4749
Filter ON: Spread not stationary (p-value too high). Skipping optimization and OOS test.

--- Window 38 Boundary Check ---
IS Period RTH Bars: 14666. Start: 2022-05-06 19:28:00+00:00 | End: 2022-07-01 16:59:00+00:00
OOS Start Bar Index: 235482 | Time: 2022-07-01 17:00:00+00:00
ADF Test Result: p-value=0.6892 (Required < 0.05) | OLS Beta: 0.4764
Filter ON: Spread not stationary (p-value too high). Skipping optimization and OOS test.

--- Window 39 Boundary Check ---
IS Period RTH Bars: 14666. Start: 2022-05-27 19:28:00+00:00 | End: 2022-07-25 17:35:00+00:00
OOS Start Bar Index: 241332 | Time: 2022-07-25 17:36:00+00:00
ADF Test Result: p-value=0.9624 (Required < 0.05) | OLS Beta: 0.4812
Filter ON: Spread not stationary (p-value too high). Skipping optimization and OOS test.

--- Window 40 Boundary Check ---
IS Period RTH Bars: 14666. Start: 2022-06-21 19:34:00+00:00 | End: 2022-08-15 18:06:00+00:00
OOS Start Bar Index: 247182 | Time: 2022-08-15 18:07:00+00:00
ADF Test Result: p-value=0.0739 (Required < 0.05) | OLS Beta: 0.5182
Filter ON: Spread not stationary (p-value too high). Skipping optimization and OOS test.

--- Window 41 Boundary Check ---
IS Period RTH Bars: 14666. Start: 2022-07-13 19:57:00+00:00 | End: 2022-09-06 18:32:00+00:00
OOS Start Bar Index: 253032 | Time: 2022-09-06 18:33:00+00:00
ADF Test Result: p-value=0.9981 (Required < 0.05) | OLS Beta: 0.5071
Filter ON: Spread not stationary (p-value too high). Skipping optimization and OOS test.

--- Window 42 Boundary Check ---
IS Period RTH Bars: 14666. Start: 2022-08-04 13:48:00+00:00 | End: 2022-09-27 18:39:00+00:00
OOS Start Bar Index: 258882 | Time: 2022-09-27 18:40:00+00:00
ADF Test Result: p-value=0.2082 (Required < 0.05) | OLS Beta: 0.4779
Filter ON: Spread not stationary (p-value too high). Skipping optimization and OOS test.

--- Window 43 Boundary Check ---
IS Period RTH Bars: 14666. Start: 2022-08-25 14:31:00+00:00 | End: 2022-10-18 18:43:00+00:00
OOS Start Bar Index: 264732 | Time: 2022-10-18 18:44:00+00:00
ADF Test Result: p-value=0.5946 (Required < 0.05) | OLS Beta: 0.4743
Filter ON: Spread not stationary (p-value too high). Skipping optimization and OOS test.

--- Window 44 Boundary Check ---
IS Period RTH Bars: 14666. Start: 2022-09-16 14:44:00+00:00 | End: 2022-11-08 19:55:00+00:00
OOS Start Bar Index: 270582 | Time: 2022-11-08 19:56:00+00:00
ADF Test Result: p-value=0.7708 (Required < 0.05) | OLS Beta: 0.5069
Filter ON: Spread not stationary (p-value too high). Skipping optimization and OOS test.

--- Window 45 Boundary Check ---
IS Period RTH Bars: 14666. Start: 2022-10-07 14:44:00+00:00 | End: 2022-12-01 16:28:00+00:00
OOS Start Bar Index: 276432 | Time: 2022-12-01 16:29:00+00:00
ADF Test Result: p-value=0.0236 (Required < 0.05) | OLS Beta: 0.5354
Filter OFF: Spread is stationary. Proceeding with optimization.
IS Optimization Time: 0.05 seconds.
Optimal Params (Sharpe=4.6072, Calmar=31.0108): Z_E=2.1, Z_X=0.7, Z_SL=3.9
📊 Persistence: Saved 9667 PnL points to wfa_outputs\oos_equity_curve_SPY_SSO_1m_20251107_190242_0.05.csv
OOS Period (2022-12-01 16:29:00+00:00 to 2022-12-22 16:49:00+00:00): PnL: $0.90 | Sharpe: 0.1036 | Calmar: 0.5239 | Trades: 1029

--- Window 46 Boundary Check ---
IS Period RTH Bars: 14666. Start: 2022-10-28 14:48:00+00:00 | End: 2022-12-22 16:49:00+00:00
OOS Start Bar Index: 282282 | Time: 2022-12-22 16:50:00+00:00
ADF Test Result: p-value=0.9680 (Required < 0.05) | OLS Beta: 0.5173
Filter ON: Spread not stationary (p-value too high). Skipping optimization and OOS test.

--- Window 47 Boundary Check ---
IS Period RTH Bars: 14666. Start: 2022-11-18 16:03:00+00:00 | End: 2023-01-17 17:01:00+00:00
OOS Start Bar Index: 288132 | Time: 2023-01-17 17:02:00+00:00
ADF Test Result: p-value=0.9201 (Required < 0.05) | OLS Beta: 0.4706
Filter ON: Spread not stationary (p-value too high). Skipping optimization and OOS test.

--- Window 48 Boundary Check ---
IS Period RTH Bars: 14666. Start: 2022-12-12 19:20:00+00:00 | End: 2023-02-07 17:15:00+00:00
OOS Start Bar Index: 293982 | Time: 2023-02-07 17:16:00+00:00
ADF Test Result: p-value=0.0882 (Required < 0.05) | OLS Beta: 0.5264
Filter ON: Spread not stationary (p-value too high). Skipping optimization and OOS test.

--- Window 49 Boundary Check ---
IS Period RTH Bars: 14666. Start: 2023-01-04 19:30:00+00:00 | End: 2023-03-01 17:22:00+00:00
OOS Start Bar Index: 299832 | Time: 2023-03-01 17:23:00+00:00
ADF Test Result: p-value=0.9589 (Required < 0.05) | OLS Beta: 0.5218
Filter ON: Spread not stationary (p-value too high). Skipping optimization and OOS test.

--- Window 50 Boundary Check ---
IS Period RTH Bars: 14666. Start: 2023-01-26 19:45:00+00:00 | End: 2023-03-22 16:22:00+00:00
OOS Start Bar Index: 305682 | Time: 2023-03-22 16:23:00+00:00
ADF Test Result: p-value=0.2611 (Required < 0.05) | OLS Beta: 0.4628
Filter ON: Spread not stationary (p-value too high). Skipping optimization and OOS test.

--- Window 51 Boundary Check ---
IS Period RTH Bars: 14666. Start: 2023-02-16 19:55:00+00:00 | End: 2023-04-13 16:39:00+00:00
OOS Start Bar Index: 311532 | Time: 2023-04-13 16:40:00+00:00
ADF Test Result: p-value=0.1191 (Required < 0.05) | OLS Beta: 0.5203
Filter ON: Spread not stationary (p-value too high). Skipping optimization and OOS test.

--- Window 52 Boundary Check ---
IS Period RTH Bars: 14666. Start: 2023-03-10 19:57:00+00:00 | End: 2023-05-04 16:50:00+00:00
OOS Start Bar Index: 317382 | Time: 2023-05-04 16:51:00+00:00
ADF Test Result: p-value=0.7101 (Required < 0.05) | OLS Beta: 0.5349
Filter ON: Spread not stationary (p-value too high). Skipping optimization and OOS test.

--- Window 53 Boundary Check ---
IS Period RTH Bars: 14666. Start: 2023-03-31 19:04:00+00:00 | End: 2023-05-25 17:22:00+00:00
OOS Start Bar Index: 323232 | Time: 2023-05-25 17:23:00+00:00
ADF Test Result: p-value=0.7641 (Required < 0.05) | OLS Beta: 0.5358
Filter ON: Spread not stationary (p-value too high). Skipping optimization and OOS test.

--- Window 54 Boundary Check ---
IS Period RTH Bars: 14666. Start: 2023-04-24 19:19:00+00:00 | End: 2023-06-16 17:47:00+00:00
OOS Start Bar Index: 329082 | Time: 2023-06-16 17:48:00+00:00
ADF Test Result: p-value=0.0521 (Required < 0.05) | OLS Beta: 0.5350
Filter ON: Spread not stationary (p-value too high). Skipping optimization and OOS test.

--- Window 55 Boundary Check ---
IS Period RTH Bars: 14666. Start: 2023-05-15 19:50:00+00:00 | End: 2023-07-12 15:25:00+00:00
OOS Start Bar Index: 334932 | Time: 2023-07-12 15:26:00+00:00
ADF Test Result: p-value=0.1386 (Required < 0.05) | OLS Beta: 0.5339
Filter ON: Spread not stationary (p-value too high). Skipping optimization and OOS test.

--- Window 56 Boundary Check ---
IS Period RTH Bars: 14666. Start: 2023-06-07 13:37:00+00:00 | End: 2023-08-02 17:30:00+00:00
OOS Start Bar Index: 340782 | Time: 2023-08-02 17:31:00+00:00
ADF Test Result: p-value=0.2309 (Required < 0.05) | OLS Beta: 0.5390
Filter ON: Spread not stationary (p-value too high). Skipping optimization and OOS test.

--- Window 57 Boundary Check ---
IS Period RTH Bars: 14666. Start: 2023-06-29 14:13:00+00:00 | End: 2023-08-23 18:09:00+00:00
OOS Start Bar Index: 346632 | Time: 2023-08-23 18:10:00+00:00
ADF Test Result: p-value=0.5128 (Required < 0.05) | OLS Beta: 0.4872
Filter ON: Spread not stationary (p-value too high). Skipping optimization and OOS test.

--- Window 58 Boundary Check ---
IS Period RTH Bars: 14666. Start: 2023-07-21 19:10:00+00:00 | End: 2023-09-14 19:12:00+00:00
OOS Start Bar Index: 352482 | Time: 2023-09-14 19:13:00+00:00
ADF Test Result: p-value=0.9055 (Required < 0.05) | OLS Beta: 0.4648
Filter ON: Spread not stationary (p-value too high). Skipping optimization and OOS test.

--- Window 59 Boundary Check ---
IS Period RTH Bars: 14666. Start: 2023-08-14 14:04:00+00:00 | End: 2023-10-06 13:39:00+00:00
OOS Start Bar Index: 358332 | Time: 2023-10-06 13:40:00+00:00
ADF Test Result: p-value=0.5230 (Required < 0.05) | OLS Beta: 0.4701
Filter ON: Spread not stationary (p-value too high). Skipping optimization and OOS test.

--- Window 60 Boundary Check ---
IS Period RTH Bars: 14666. Start: 2023-09-05 14:26:00+00:00 | End: 2023-10-27 13:44:00+00:00
OOS Start Bar Index: 364182 | Time: 2023-10-27 13:45:00+00:00
ADF Test Result: p-value=0.4514 (Required < 0.05) | OLS Beta: 0.4666
Filter ON: Spread not stationary (p-value too high). Skipping optimization and OOS test.

--- Window 61 Boundary Check ---
IS Period RTH Bars: 14666. Start: 2023-09-26 16:11:00+00:00 | End: 2023-11-17 15:00:00+00:00
OOS Start Bar Index: 370032 | Time: 2023-11-17 15:01:00+00:00
ADF Test Result: p-value=0.6310 (Required < 0.05) | OLS Beta: 0.5149
Filter ON: Spread not stationary (p-value too high). Skipping optimization and OOS test.

--- Window 62 Boundary Check ---
IS Period RTH Bars: 14666. Start: 2023-10-17 16:19:00+00:00 | End: 2023-12-11 19:14:00+00:00
OOS Start Bar Index: 375882 | Time: 2023-12-11 19:15:00+00:00
ADF Test Result: p-value=0.0040 (Required < 0.05) | OLS Beta: 0.5248
Filter OFF: Spread is stationary. Proceeding with optimization.
IS Optimization Time: 0.05 seconds.
Optimal Params (Sharpe=6.0740, Calmar=56.6233): Z_E=3.3, Z_X=1.5, Z_SL=4.2
📊 Persistence: Saved 9667 PnL points to wfa_outputs\oos_equity_curve_SPY_SSO_1m_20251107_190242_0.05.csv
OOS Period (2023-12-11 19:15:00+00:00 to 2024-01-04 15:23:00+00:00): PnL: $0.00 | Sharpe: 0.0000 | Calmar: 0.0000 | Trades: 0

--- Window 63 Boundary Check ---
IS Period RTH Bars: 14666. Start: 2023-11-07 17:22:00+00:00 | End: 2024-01-04 15:23:00+00:00
OOS Start Bar Index: 381732 | Time: 2024-01-04 15:24:00+00:00
ADF Test Result: p-value=0.5711 (Required < 0.05) | OLS Beta: 0.5322
Filter ON: Spread not stationary (p-value too high). Skipping optimization and OOS test.

--- Window 64 Boundary Check ---
IS Period RTH Bars: 14666. Start: 2023-11-30 14:55:00+00:00 | End: 2024-01-26 16:36:00+00:00
OOS Start Bar Index: 387582 | Time: 2024-01-26 16:37:00+00:00
ADF Test Result: p-value=0.4621 (Required < 0.05) | OLS Beta: 0.5416
Filter ON: Spread not stationary (p-value too high). Skipping optimization and OOS test.

--- Window 65 Boundary Check ---
IS Period RTH Bars: 14666. Start: 2023-12-21 16:43:00+00:00 | End: 2024-02-16 18:00:00+00:00
OOS Start Bar Index: 393432 | Time: 2024-02-16 18:01:00+00:00
ADF Test Result: p-value=0.1240 (Required < 0.05) | OLS Beta: 0.5412
Filter ON: Spread not stationary (p-value too high). Skipping optimization and OOS test.

--- Window 66 Boundary Check ---
IS Period RTH Bars: 14666. Start: 2024-01-16 18:46:00+00:00 | End: 2024-03-11 19:00:00+00:00
OOS Start Bar Index: 399282 | Time: 2024-03-11 19:01:00+00:00
ADF Test Result: p-value=0.0612 (Required < 0.05) | OLS Beta: 0.5416
Filter ON: Spread not stationary (p-value too high). Skipping optimization and OOS test.

--- Window 67 Boundary Check ---
IS Period RTH Bars: 14666. Start: 2024-02-06 19:51:00+00:00 | End: 2024-04-03 16:11:00+00:00
OOS Start Bar Index: 405132 | Time: 2024-04-03 16:12:00+00:00
ADF Test Result: p-value=0.0172 (Required < 0.05) | OLS Beta: 0.5503
Filter OFF: Spread is stationary. Proceeding with optimization.
IS Optimization Time: 0.05 seconds.
Optimal Params (Sharpe=9.2341, Calmar=68.7882): Z_E=2.9, Z_X=0.3, Z_SL=3.3
📊 Persistence: Saved 11921 PnL points to wfa_outputs\oos_equity_curve_SPY_SSO_1m_20251107_190242_0.05.csv
OOS Period (2024-04-03 16:12:00+00:00 to 2024-04-24 16:29:00+00:00): PnL: $-47.59 | Sharpe: -5.0970 | Calmar: -11.5485 | Trades: 2254

--- Window 68 Boundary Check ---
IS Period RTH Bars: 14666. Start: 2024-02-29 15:38:00+00:00 | End: 2024-04-24 16:29:00+00:00
OOS Start Bar Index: 410982 | Time: 2024-04-24 16:30:00+00:00
ADF Test Result: p-value=0.4509 (Required < 0.05) | OLS Beta: 0.4775
Filter ON: Spread not stationary (p-value too high). Skipping optimization and OOS test.

--- Window 69 Boundary Check ---
IS Period RTH Bars: 14666. Start: 2024-03-21 16:27:00+00:00 | End: 2024-05-15 18:19:00+00:00
OOS Start Bar Index: 416832 | Time: 2024-05-15 18:20:00+00:00
ADF Test Result: p-value=0.9935 (Required < 0.05) | OLS Beta: 0.4807
Filter ON: Spread not stationary (p-value too high). Skipping optimization and OOS test.

--- Window 70 Boundary Check ---
IS Period RTH Bars: 14666. Start: 2024-04-12 19:02:00+00:00 | End: 2024-06-07 14:49:00+00:00
OOS Start Bar Index: 422682 | Time: 2024-06-07 14:50:00+00:00
ADF Test Result: p-value=0.0478 (Required < 0.05) | OLS Beta: 0.5353
Filter OFF: Spread is stationary. Proceeding with optimization.
IS Optimization Time: 0.05 seconds.
Optimal Params (Sharpe=4.2812, Calmar=25.5421): Z_E=3.1, Z_X=1.5, Z_SL=4.2
📊 Persistence: Saved 11921 PnL points to wfa_outputs\oos_equity_curve_SPY_SSO_1m_20251107_190242_0.05.csv
OOS Period (2024-06-07 14:50:00+00:00 to 2024-07-01 17:19:00+00:00): PnL: $0.00 | Sharpe: 0.0000 | Calmar: 0.0000 | Trades: 0

--- Window 71 Boundary Check ---
IS Period RTH Bars: 14666. Start: 2024-05-03 19:42:00+00:00 | End: 2024-07-01 17:19:00+00:00
OOS Start Bar Index: 428532 | Time: 2024-07-01 17:20:00+00:00
ADF Test Result: p-value=0.2909 (Required < 0.05) | OLS Beta: 0.5414
Filter ON: Spread not stationary (p-value too high). Skipping optimization and OOS test.

--- Window 72 Boundary Check ---
IS Period RTH Bars: 14666. Start: 2024-05-28 16:31:00+00:00 | End: 2024-07-24 16:42:00+00:00
OOS Start Bar Index: 434382 | Time: 2024-07-24 16:43:00+00:00
ADF Test Result: p-value=0.9670 (Required < 0.05) | OLS Beta: 0.5369
Filter ON: Spread not stationary (p-value too high). Skipping optimization and OOS test.

--- Window 73 Boundary Check ---
IS Period RTH Bars: 14666. Start: 2024-06-18 18:52:00+00:00 | End: 2024-08-14 17:45:00+00:00
OOS Start Bar Index: 440232 | Time: 2024-08-14 17:46:00+00:00
ADF Test Result: p-value=0.7427 (Required < 0.05) | OLS Beta: 0.4663
Filter ON: Spread not stationary (p-value too high). Skipping optimization and OOS test.

--- Window 74 Boundary Check ---
IS Period RTH Bars: 14666. Start: 2024-07-12 18:37:00+00:00 | End: 2024-09-06 14:50:00+00:00
OOS Start Bar Index: 446082 | Time: 2024-09-06 14:51:00+00:00
ADF Test Result: p-value=0.9286 (Required < 0.05) | OLS Beta: 0.5004
Filter ON: Spread not stationary (p-value too high). Skipping optimization and OOS test.

--- Window 75 Boundary Check ---
IS Period RTH Bars: 14666. Start: 2024-08-02 19:35:00+00:00 | End: 2024-09-27 19:43:00+00:00
OOS Start Bar Index: 451932 | Time: 2024-09-27 19:45:00+00:00
ADF Test Result: p-value=0.6756 (Required < 0.05) | OLS Beta: 0.5289
Filter ON: Spread not stationary (p-value too high). Skipping optimization and OOS test.

--- Window 76 Boundary Check ---
IS Period RTH Bars: 14666. Start: 2024-08-26 16:14:00+00:00 | End: 2024-10-21 18:22:00+00:00
OOS Start Bar Index: 457782 | Time: 2024-10-21 18:23:00+00:00
ADF Test Result: p-value=0.1004 (Required < 0.05) | OLS Beta: 0.5348
Filter ON: Spread not stationary (p-value too high). Skipping optimization and OOS test.

--- Window 77 Boundary Check ---
IS Period RTH Bars: 14666. Start: 2024-09-17 18:58:00+00:00 | End: 2024-11-12 17:06:00+00:00
OOS Start Bar Index: 463632 | Time: 2024-11-12 17:08:00+00:00
ADF Test Result: p-value=0.4116 (Required < 0.05) | OLS Beta: 0.5432
Filter ON: Spread not stationary (p-value too high). Skipping optimization and OOS test.

--- Window 78 Boundary Check ---
IS Period RTH Bars: 14666. Start: 2024-10-09 18:38:00+00:00 | End: 2024-12-05 18:23:00+00:00
OOS Start Bar Index: 469482 | Time: 2024-12-05 18:24:00+00:00
ADF Test Result: p-value=0.4047 (Required < 0.05) | OLS Beta: 0.5414
Filter ON: Spread not stationary (p-value too high). Skipping optimization and OOS test.

--- Window 79 Boundary Check ---
IS Period RTH Bars: 14666. Start: 2024-10-31 17:40:00+00:00 | End: 2024-12-30 20:37:00+00:00
OOS Start Bar Index: 475332 | Time: 2024-12-30 20:38:00+00:00
ADF Test Result: p-value=0.9907 (Required < 0.05) | OLS Beta: 0.5251
Filter ON: Spread not stationary (p-value too high). Skipping optimization and OOS test.

############################################################
📈 OVERALL SIMULATION PERFORMANCE (Walk-Forward Test)
############################################################
Timeframe Used: 1Min, Value: 1
ADF Cointegration Filter Threshold: 0.05
Total OOS Windows Tested: 79
Total Trades Executed: 11921
--- Final Performance Metrics ---
Total PnL: $13.85
Overall Sharpe Ratio (Annualized): 0.0246
Overall Calmar Ratio (Annualized): 0.0050
Maximum Dollar Drawdown (MDD): $143.36

--- Execution Time ---
Total Elapsed Time: 120.47 seconds
############################################################
[0m