--- Dynamic Timeframe Configuration ---
TimeFrame Selected: 1Min, Value: 1
Bars per Trading Day: 390
Annualization Factor (Bars/Year): 98280
Statistical Lookback Bars: 2184
Optimization Lookback Bars: 19032
---------------------------------------
--- Diagnostic Check ---
API Key ID Length: 26
API Secret Key Length: 44
StockHistoricalDataClient initialized successfully. Starting data fetch...
--------------------------
Pre-compiling Numba function for first run optimization...
Numba pre-compilation complete.
Fetching data from 2020-01-08 to 2025-01-06...
Fetching 1Min data for SPY...
Fetching 1Min data for SSO...
Data acquired successfully. Total 1Min RTH bars: 478274
Skipping full pre-calculation. Metrics will be calculated inside the WFA loop.

============================================================
📈 Starting Rolling Backtest: IS Optimization Window=19032 bars, Shift=15 days
   Data already processed with Statistical Rolling Window: 2184 bars
   ADF Cointegration Filter: p-value < 0.05
============================================================

--- Window 1 Boundary Check ---
IS Period RTH Bars: 14666. Start: 2020-01-27 15:30:00+00:00 | End: 2020-03-23 14:36:00+00:00
OOS Start Bar Index: 19032 | Time: 2020-03-23 14:37:00+00:00
ADF Test Result: p-value=0.1836 (Required < 0.05) | OLS Beta: 0.4565
Filter ON: Spread not stationary (p-value too high). Skipping optimization and OOS test.

--- Window 2 Boundary Check ---
IS Period RTH Bars: 14666. Start: 2020-02-19 15:17:00+00:00 | End: 2020-04-14 15:07:00+00:00
OOS Start Bar Index: 24882 | Time: 2020-04-14 15:08:00+00:00
ADF Test Result: p-value=0.9176 (Required < 0.05) | OLS Beta: 0.4372
Filter ON: Spread not stationary (p-value too high). Skipping optimization and OOS test.

--- Window 3 Boundary Check ---
IS Period RTH Bars: 14666. Start: 2020-03-11 16:27:00+00:00 | End: 2020-05-05 15:34:00+00:00
OOS Start Bar Index: 30732 | Time: 2020-05-05 15:35:00+00:00
ADF Test Result: p-value=0.0000 (Required < 0.05) | OLS Beta: 0.5377
Filter OFF: Spread is stationary. Proceeding with optimization.
IS Optimization Time: 0.05 seconds.
Optimal Params (Sharpe=3.8658, Calmar=22.7927): Z_E=2.1, Z_X=1.5, Z_SL=3.9
📊 Persistence: Saved 0 PnL points to wfa_outputs\oos_equity_curve_SPY_SSO_1m_20251107_190041_0.05.csv
OOS Period (2020-05-05 15:35:00+00:00 to 2020-05-27 16:05:00+00:00): PnL: $0.00 | Sharpe: 0.0000 | Calmar: 0.0000 | Trades: 0

--- Window 4 Boundary Check ---
IS Period RTH Bars: 14666. Start: 2020-04-01 17:22:00+00:00 | End: 2020-05-27 16:05:00+00:00
OOS Start Bar Index: 36582 | Time: 2020-05-27 16:06:00+00:00
ADF Test Result: p-value=0.0630 (Required < 0.05) | OLS Beta: 0.5245
Filter ON: Spread not stationary (p-value too high). Skipping optimization and OOS test.

--- Window 5 Boundary Check ---
IS Period RTH Bars: 14666. Start: 2020-04-23 18:03:00+00:00 | End: 2020-06-17 16:44:00+00:00
OOS Start Bar Index: 42432 | Time: 2020-06-17 16:45:00+00:00
ADF Test Result: p-value=0.7383 (Required < 0.05) | OLS Beta: 0.5148
Filter ON: Spread not stationary (p-value too high). Skipping optimization and OOS test.

--- Window 6 Boundary Check ---
IS Period RTH Bars: 14666. Start: 2020-05-14 18:28:00+00:00 | End: 2020-07-09 19:09:00+00:00
OOS Start Bar Index: 48282 | Time: 2020-07-09 19:10:00+00:00
ADF Test Result: p-value=0.8825 (Required < 0.05) | OLS Beta: 0.5154
Filter ON: Spread not stationary (p-value too high). Skipping optimization and OOS test.

--- Window 7 Boundary Check ---
IS Period RTH Bars: 14666. Start: 2020-06-05 19:01:00+00:00 | End: 2020-07-31 18:23:00+00:00
OOS Start Bar Index: 54132 | Time: 2020-07-31 18:24:00+00:00
ADF Test Result: p-value=0.0312 (Required < 0.05) | OLS Beta: 0.5100
Filter OFF: Spread is stationary. Proceeding with optimization.
IS Optimization Time: 0.06 seconds.
Optimal Params (Sharpe=2.7272, Calmar=8.0519): Z_E=2.5, Z_X=0.9, Z_SL=3.3
📊 Persistence: Saved 0 PnL points to wfa_outputs\oos_equity_curve_SPY_SSO_1m_20251107_190041_0.05.csv
OOS Period (2020-07-31 18:24:00+00:00 to 2020-08-25 14:20:00+00:00): PnL: $0.00 | Sharpe: 0.0000 | Calmar: 0.0000 | Trades: 0

--- Window 8 Boundary Check ---
IS Period RTH Bars: 14666. Start: 2020-06-29 13:50:00+00:00 | End: 2020-08-25 14:20:00+00:00
OOS Start Bar Index: 59982 | Time: 2020-08-25 14:21:00+00:00
ADF Test Result: p-value=0.0011 (Required < 0.05) | OLS Beta: 0.5092
Filter OFF: Spread is stationary. Proceeding with optimization.
IS Optimization Time: 0.05 seconds.
Optimal Params (Sharpe=0.8660, Calmar=2.6616): Z_E=3.1, Z_X=0.9, Z_SL=3.3
📊 Persistence: Saved 1540 PnL points to wfa_outputs\oos_equity_curve_SPY_SSO_1m_20251107_190041_0.05.csv
OOS Period (2020-08-25 14:21:00+00:00 to 2020-09-16 16:32:00+00:00): PnL: $-50.19 | Sharpe: -3.1462 | Calmar: -8.1082 | Trades: 1540

--- Window 9 Boundary Check ---
IS Period RTH Bars: 14666. Start: 2020-07-21 16:57:00+00:00 | End: 2020-09-16 16:32:00+00:00
OOS Start Bar Index: 65832 | Time: 2020-09-16 16:33:00+00:00
ADF Test Result: p-value=0.9498 (Required < 0.05) | OLS Beta: 0.5077
Filter ON: Spread not stationary (p-value too high). Skipping optimization and OOS test.

--- Window 10 Boundary Check ---
IS Period RTH Bars: 14666. Start: 2020-08-12 17:56:00+00:00 | End: 2020-10-07 18:27:00+00:00
OOS Start Bar Index: 71682 | Time: 2020-10-07 18:28:00+00:00
ADF Test Result: p-value=0.8909 (Required < 0.05) | OLS Beta: 0.4809
Filter ON: Spread not stationary (p-value too high). Skipping optimization and OOS test.

--- Window 11 Boundary Check ---
IS Period RTH Bars: 14666. Start: 2020-09-03 18:27:00+00:00 | End: 2020-10-28 19:49:00+00:00
OOS Start Bar Index: 77532 | Time: 2020-10-28 19:50:00+00:00
ADF Test Result: p-value=0.5244 (Required < 0.05) | OLS Beta: 0.5101
Filter ON: Spread not stationary (p-value too high). Skipping optimization and OOS test.

--- Window 12 Boundary Check ---
IS Period RTH Bars: 14666. Start: 2020-09-25 19:38:00+00:00 | End: 2020-11-19 16:20:00+00:00
OOS Start Bar Index: 83382 | Time: 2020-11-19 16:21:00+00:00
ADF Test Result: p-value=0.8294 (Required < 0.05) | OLS Beta: 0.5116
Filter ON: Spread not stationary (p-value too high). Skipping optimization and OOS test.

--- Window 13 Boundary Check ---
IS Period RTH Bars: 14666. Start: 2020-10-19 15:13:00+00:00 | End: 2020-12-14 20:15:00+00:00
OOS Start Bar Index: 89232 | Time: 2020-12-14 20:16:00+00:00
ADF Test Result: p-value=0.0829 (Required < 0.05) | OLS Beta: 0.5124
Filter ON: Spread not stationary (p-value too high). Skipping optimization and OOS test.

--- Window 14 Boundary Check ---
IS Period RTH Bars: 14666. Start: 2020-11-09 17:13:00+00:00 | End: 2021-01-08 15:47:00+00:00
OOS Start Bar Index: 95082 | Time: 2021-01-08 15:48:00+00:00
ADF Test Result: p-value=0.0023 (Required < 0.05) | OLS Beta: 0.5161
Filter OFF: Spread is stationary. Proceeding with optimization.
IS Optimization Time: 0.06 seconds.
Optimal Params (Sharpe=6.1850, Calmar=27.4085): Z_E=1.9, Z_X=1.5, Z_SL=3.9
📊 Persistence: Saved 2215 PnL points to wfa_outputs\oos_equity_curve_SPY_SSO_1m_20251107_190041_0.05.csv
OOS Period (2021-01-08 15:48:00+00:00 to 2021-02-02 16:45:00+00:00): PnL: $-27.27 | Sharpe: -2.3634 | Calmar: -7.5918 | Trades: 675

--- Window 15 Boundary Check ---
IS Period RTH Bars: 14666. Start: 2020-12-02 18:47:00+00:00 | End: 2021-02-02 16:45:00+00:00
OOS Start Bar Index: 100932 | Time: 2021-02-02 16:46:00+00:00
ADF Test Result: p-value=0.2739 (Required < 0.05) | OLS Beta: 0.5175
Filter ON: Spread not stationary (p-value too high). Skipping optimization and OOS test.

--- Window 16 Boundary Check ---
IS Period RTH Bars: 14666. Start: 2020-12-28 15:49:00+00:00 | End: 2021-02-25 15:30:00+00:00
OOS Start Bar Index: 106782 | Time: 2021-02-25 15:31:00+00:00
ADF Test Result: p-value=0.1222 (Required < 0.05) | OLS Beta: 0.5201
Filter ON: Spread not stationary (p-value too high). Skipping optimization and OOS test.

--- Window 17 Boundary Check ---
IS Period RTH Bars: 14666. Start: 2021-01-21 15:15:00+00:00 | End: 2021-03-18 15:42:00+00:00
OOS Start Bar Index: 112632 | Time: 2021-03-18 15:43:00+00:00
ADF Test Result: p-value=0.4018 (Required < 0.05) | OLS Beta: 0.5140
Filter ON: Spread not stationary (p-value too high). Skipping optimization and OOS test.

--- Window 18 Boundary Check ---
IS Period RTH Bars: 14666. Start: 2021-02-12 16:12:00+00:00 | End: 2021-04-09 17:47:00+00:00
OOS Start Bar Index: 118482 | Time: 2021-04-09 17:48:00+00:00
ADF Test Result: p-value=0.2078 (Required < 0.05) | OLS Beta: 0.5148
Filter ON: Spread not stationary (p-value too high). Skipping optimization and OOS test.

--- Window 19 Boundary Check ---
IS Period RTH Bars: 14666. Start: 2021-03-08 18:14:00+00:00 | End: 2021-05-03 14:15:00+00:00
OOS Start Bar Index: 124332 | Time: 2021-05-03 14:16:00+00:00
ADF Test Result: p-value=0.1785 (Required < 0.05) | OLS Beta: 0.5104
Filter ON: Spread not stationary (p-value too high). Skipping optimization and OOS test.

--- Window 20 Boundary Check ---
IS Period RTH Bars: 14666. Start: 2021-03-29 18:50:00+00:00 | End: 2021-05-24 15:45:00+00:00
OOS Start Bar Index: 130182 | Time: 2021-05-24 15:46:00+00:00
ADF Test Result: p-value=0.9037 (Required < 0.05) | OLS Beta: 0.5104
Filter ON: Spread not stationary (p-value too high). Skipping optimization and OOS test.

--- Window 21 Boundary Check ---
IS Period RTH Bars: 14666. Start: 2021-04-21 15:09:00+00:00 | End: 2021-06-16 16:30:00+00:00
OOS Start Bar Index: 136032 | Time: 2021-06-16 16:31:00+00:00
ADF Test Result: p-value=0.5137 (Required < 0.05) | OLS Beta: 0.5125
Filter ON: Spread not stationary (p-value too high). Skipping optimization and OOS test.

--- Window 22 Boundary Check ---
IS Period RTH Bars: 14666. Start: 2021-05-12 17:45:00+00:00 | End: 2021-07-09 15:09:00+00:00
OOS Start Bar Index: 141882 | Time: 2021-07-09 15:10:00+00:00
ADF Test Result: p-value=0.0057 (Required < 0.05) | OLS Beta: 0.5147
Filter OFF: Spread is stationary. Proceeding with optimization.
IS Optimization Time: 0.06 seconds.
Optimal Params (Sharpe=3.4059, Calmar=7.9571): Z_E=3.1, Z_X=0.5, Z_SL=4.5
📊 Persistence: Saved 2389 PnL points to wfa_outputs\oos_equity_curve_SPY_SSO_1m_20251107_190041_0.05.csv
OOS Period (2021-07-09 15:10:00+00:00 to 2021-07-30 17:19:00+00:00): PnL: $-21.69 | Sharpe: -6.5995 | Calmar: -12.3978 | Trades: 174

--- Window 23 Boundary Check ---
IS Period RTH Bars: 14666. Start: 2021-06-04 14:26:00+00:00 | End: 2021-07-30 17:19:00+00:00
OOS Start Bar Index: 147732 | Time: 2021-07-30 17:20:00+00:00
ADF Test Result: p-value=0.1321 (Required < 0.05) | OLS Beta: 0.5159
Filter ON: Spread not stationary (p-value too high). Skipping optimization and OOS test.

--- Window 24 Boundary Check ---
IS Period RTH Bars: 14666. Start: 2021-06-28 15:54:00+00:00 | End: 2021-08-23 16:23:00+00:00
OOS Start Bar Index: 153582 | Time: 2021-08-23 16:25:00+00:00
ADF Test Result: p-value=0.1012 (Required < 0.05) | OLS Beta: 0.5176
Filter ON: Spread not stationary (p-value too high). Skipping optimization and OOS test.

--- Window 25 Boundary Check ---
IS Period RTH Bars: 14666. Start: 2021-07-20 18:40:00+00:00 | End: 2021-09-14 19:29:00+00:00
OOS Start Bar Index: 159432 | Time: 2021-09-14 19:30:00+00:00
ADF Test Result: p-value=0.7873 (Required < 0.05) | OLS Beta: 0.5151
Filter ON: Spread not stationary (p-value too high). Skipping optimization and OOS test.

--- Window 26 Boundary Check ---
IS Period RTH Bars: 14666. Start: 2021-08-11 16:57:00+00:00 | End: 2021-10-05 19:37:00+00:00
OOS Start Bar Index: 165282 | Time: 2021-10-05 19:38:00+00:00
ADF Test Result: p-value=0.4256 (Required < 0.05) | OLS Beta: 0.4853
Filter ON: Spread not stationary (p-value too high). Skipping optimization and OOS test.

--- Window 27 Boundary Check ---
IS Period RTH Bars: 14666. Start: 2021-09-02 14:19:00+00:00 | End: 2021-10-27 14:22:00+00:00
OOS Start Bar Index: 171132 | Time: 2021-10-27 14:23:00+00:00
ADF Test Result: p-value=0.9158 (Required < 0.05) | OLS Beta: 0.4987
Filter ON: Spread not stationary (p-value too high). Skipping optimization and OOS test.

--- Window 28 Boundary Check ---
IS Period RTH Bars: 14666. Start: 2021-09-24 15:40:00+00:00 | End: 2021-11-17 17:07:00+00:00
OOS Start Bar Index: 176982 | Time: 2021-11-17 17:08:00+00:00
ADF Test Result: p-value=0.0063 (Required < 0.05) | OLS Beta: 0.5083
Filter OFF: Spread is stationary. Proceeding with optimization.
IS Optimization Time: 0.05 seconds.
Optimal Params (Sharpe=8.9102, Calmar=52.9343): Z_E=3.1, Z_X=0.3, Z_SL=3.9
📊 Persistence: Saved 3927 PnL points to wfa_outputs\oos_equity_curve_SPY_SSO_1m_20251107_190041_0.05.csv
OOS Period (2021-11-17 17:08:00+00:00 to 2021-12-09 19:56:00+00:00): PnL: $30.81 | Sharpe: 4.0289 | Calmar: 28.2425 | Trades: 1538

--- Window 29 Boundary Check ---
IS Period RTH Bars: 14666. Start: 2021-10-15 15:50:00+00:00 | End: 2021-12-09 19:56:00+00:00
OOS Start Bar Index: 182832 | Time: 2021-12-09 19:57:00+00:00
ADF Test Result: p-value=0.9863 (Required < 0.05) | OLS Beta: 0.5069
Filter ON: Spread not stationary (p-value too high). Skipping optimization and OOS test.

--- Window 30 Boundary Check ---
IS Period RTH Bars: 14666. Start: 2021-11-05 17:31:00+00:00 | End: 2021-12-31 20:18:00+00:00
OOS Start Bar Index: 188682 | Time: 2021-12-31 20:19:00+00:00
ADF Test Result: p-value=0.8316 (Required < 0.05) | OLS Beta: 0.5070
Filter ON: Spread not stationary (p-value too high). Skipping optimization and OOS test.

--- Window 31 Boundary Check ---
IS Period RTH Bars: 14666. Start: 2021-11-30 15:56:00+00:00 | End: 2022-01-24 20:30:00+00:00
OOS Start Bar Index: 194532 | Time: 2022-01-24 20:31:00+00:00
ADF Test Result: p-value=0.4696 (Required < 0.05) | OLS Beta: 0.4970
Filter ON: Spread not stationary (p-value too high). Skipping optimization and OOS test.

--- Window 32 Boundary Check ---
IS Period RTH Bars: 14666. Start: 2021-12-21 16:08:00+00:00 | End: 2022-02-14 20:40:00+00:00
OOS Start Bar Index: 200382 | Time: 2022-02-14 20:41:00+00:00
ADF Test Result: p-value=0.3551 (Required < 0.05) | OLS Beta: 0.4875
Filter ON: Spread not stationary (p-value too high). Skipping optimization and OOS test.

--- Window 33 Boundary Check ---
IS Period RTH Bars: 14666. Start: 2022-01-12 16:33:00+00:00 | End: 2022-03-08 20:41:00+00:00
OOS Start Bar Index: 206232 | Time: 2022-03-08 20:42:00+00:00
ADF Test Result: p-value=0.5458 (Required < 0.05) | OLS Beta: 0.4819
Filter ON: Spread not stationary (p-value too high). Skipping optimization and OOS test.

--- Window 34 Boundary Check ---
IS Period RTH Bars: 14666. Start: 2022-02-03 16:37:00+00:00 | End: 2022-03-29 19:43:00+00:00
OOS Start Bar Index: 212082 | Time: 2022-03-29 19:44:00+00:00
ADF Test Result: p-value=0.9850 (Required < 0.05) | OLS Beta: 0.4946
Filter ON: Spread not stationary (p-value too high). Skipping optimization and OOS test.

--- Window 35 Boundary Check ---
IS Period RTH Bars: 14666. Start: 2022-02-25 16:46:00+00:00 | End: 2022-04-20 19:44:00+00:00
OOS Start Bar Index: 217932 | Time: 2022-04-20 19:45:00+00:00
ADF Test Result: p-value=0.4372 (Required < 0.05) | OLS Beta: 0.5130
Filter ON: Spread not stationary (p-value too high). Skipping optimization and OOS test.

--- Window 36 Boundary Check ---
IS Period RTH Bars: 14666. Start: 2022-03-18 15:46:00+00:00 | End: 2022-05-11 19:44:00+00:00
OOS Start Bar Index: 223782 | Time: 2022-05-11 19:45:00+00:00
ADF Test Result: p-value=0.0103 (Required < 0.05) | OLS Beta: 0.4796
Filter OFF: Spread is stationary. Proceeding with optimization.
IS Optimization Time: 0.06 seconds.
Optimal Params (Sharpe=5.8528, Calmar=46.8975): Z_E=3.3, Z_X=0.3, Z_SL=3.6
📊 Persistence: Saved 5000 PnL points to wfa_outputs\oos_equity_curve_SPY_SSO_1m_20251107_190041_0.05.csv
OOS Period (2022-05-11 19:45:00+00:00 to 2022-06-02 19:44:00+00:00): PnL: $-3.56 | Sharpe: -0.3526 | Calmar: -1.3185 | Trades: 1073

--- Window 37 Boundary Check ---
IS Period RTH Bars: 14666. Start: 2022-04-08 15:49:00+00:00 | End: 2022-06-02 19:44:00+00:00
OOS Start Bar Index: 229632 | Time: 2022-06-02 19:45:00+00:00
ADF Test Result: p-value=0.9151 (Required < 0.05) | OLS Beta: 0.4744
Filter ON: Spread not stationary (p-value too high). Skipping optimization and OOS test.

--- Window 38 Boundary Check ---
IS Period RTH Bars: 14666. Start: 2022-05-02 15:49:00+00:00 | End: 2022-06-24 19:50:00+00:00
OOS Start Bar Index: 235482 | Time: 2022-06-24 19:51:00+00:00
ADF Test Result: p-value=0.7842 (Required < 0.05) | OLS Beta: 0.4760
Filter ON: Spread not stationary (p-value too high). Skipping optimization and OOS test.

--- Window 39 Boundary Check ---
IS Period RTH Bars: 14666. Start: 2022-05-23 15:49:00+00:00 | End: 2022-07-19 13:53:00+00:00
OOS Start Bar Index: 241332 | Time: 2022-07-19 13:54:00+00:00
ADF Test Result: p-value=0.6596 (Required < 0.05) | OLS Beta: 0.4760
Filter ON: Spread not stationary (p-value too high). Skipping optimization and OOS test.

--- Window 40 Boundary Check ---
IS Period RTH Bars: 14666. Start: 2022-06-14 15:54:00+00:00 | End: 2022-08-09 14:11:00+00:00
OOS Start Bar Index: 247182 | Time: 2022-08-09 14:12:00+00:00
ADF Test Result: p-value=0.0200 (Required < 0.05) | OLS Beta: 0.5208
Filter OFF: Spread is stationary. Proceeding with optimization.
IS Optimization Time: 0.05 seconds.
Optimal Params (Sharpe=6.6737, Calmar=43.1959): Z_E=3.3, Z_X=0.3, Z_SL=4.5
📊 Persistence: Saved 5238 PnL points to wfa_outputs\oos_equity_curve_SPY_SSO_1m_20251107_190041_0.05.csv
OOS Period (2022-08-09 14:12:00+00:00 to 2022-08-30 14:50:00+00:00): PnL: $-12.64 | Sharpe: -2.7945 | Calmar: -8.7538 | Trades: 238

--- Window 41 Boundary Check ---
IS Period RTH Bars: 14666. Start: 2022-07-07 16:01:00+00:00 | End: 2022-08-30 14:50:00+00:00
OOS Start Bar Index: 253032 | Time: 2022-08-30 14:51:00+00:00
ADF Test Result: p-value=0.9969 (Required < 0.05) | OLS Beta: 0.5166
Filter ON: Spread not stationary (p-value too high). Skipping optimization and OOS test.

--- Window 42 Boundary Check ---
IS Period RTH Bars: 14666. Start: 2022-07-28 16:37:00+00:00 | End: 2022-09-21 15:00:00+00:00
OOS Start Bar Index: 258882 | Time: 2022-09-21 15:01:00+00:00
ADF Test Result: p-value=0.1064 (Required < 0.05) | OLS Beta: 0.4750
Filter ON: Spread not stationary (p-value too high). Skipping optimization and OOS test.

--- Window 43 Boundary Check ---
IS Period RTH Bars: 14666. Start: 2022-08-18 17:17:00+00:00 | End: 2022-10-12 15:01:00+00:00
OOS Start Bar Index: 264732 | Time: 2022-10-12 15:02:00+00:00
ADF Test Result: p-value=0.2589 (Required < 0.05) | OLS Beta: 0.4766
Filter ON: Spread not stationary (p-value too high). Skipping optimization and OOS test.

--- Window 44 Boundary Check ---
IS Period RTH Bars: 14666. Start: 2022-09-09 17:32:00+00:00 | End: 2022-11-02 15:04:00+00:00
OOS Start Bar Index: 270582 | Time: 2022-11-02 15:05:00+00:00
ADF Test Result: p-value=0.9798 (Required < 0.05) | OLS Beta: 0.4864
Filter ON: Spread not stationary (p-value too high). Skipping optimization and OOS test.

--- Window 45 Boundary Check ---
IS Period RTH Bars: 14666. Start: 2022-09-30 17:35:00+00:00 | End: 2022-11-23 16:28:00+00:00
OOS Start Bar Index: 276432 | Time: 2022-11-23 16:29:00+00:00
ADF Test Result: p-value=0.1196 (Required < 0.05) | OLS Beta: 0.5355
Filter ON: Spread not stationary (p-value too high). Skipping optimization and OOS test.

--- Window 46 Boundary Check ---
IS Period RTH Bars: 14666. Start: 2022-10-21 17:39:00+00:00 | End: 2022-12-15 19:36:00+00:00
OOS Start Bar Index: 282282 | Time: 2022-12-15 19:37:00+00:00
ADF Test Result: p-value=0.6841 (Required < 0.05) | OLS Beta: 0.5416
Filter ON: Spread not stationary (p-value too high). Skipping optimization and OOS test.

--- Window 47 Boundary Check ---
IS Period RTH Bars: 14666. Start: 2022-11-11 18:52:00+00:00 | End: 2023-01-09 19:49:00+00:00
OOS Start Bar Index: 288132 | Time: 2023-01-09 19:50:00+00:00
ADF Test Result: p-value=0.5051 (Required < 0.05) | OLS Beta: 0.4621
Filter ON: Spread not stationary (p-value too high). Skipping optimization and OOS test.

--- Window 48 Boundary Check ---
IS Period RTH Bars: 14666. Start: 2022-12-06 15:30:00+00:00 | End: 2023-01-31 20:04:00+00:00
OOS Start Bar Index: 293982 | Time: 2023-01-31 20:05:00+00:00
ADF Test Result: p-value=0.4700 (Required < 0.05) | OLS Beta: 0.5158
Filter ON: Spread not stationary (p-value too high). Skipping optimization and OOS test.

--- Window 49 Boundary Check ---
IS Period RTH Bars: 14666. Start: 2022-12-28 15:49:00+00:00 | End: 2023-02-22 20:12:00+00:00
OOS Start Bar Index: 299832 | Time: 2023-02-22 20:13:00+00:00
ADF Test Result: p-value=0.8445 (Required < 0.05) | OLS Beta: 0.5312
Filter ON: Spread not stationary (p-value too high). Skipping optimization and OOS test.

--- Window 50 Boundary Check ---
IS Period RTH Bars: 14666. Start: 2023-01-20 16:05:00+00:00 | End: 2023-03-15 19:13:00+00:00
OOS Start Bar Index: 305682 | Time: 2023-03-15 19:14:00+00:00
ADF Test Result: p-value=0.0430 (Required < 0.05) | OLS Beta: 0.4712
Filter OFF: Spread is stationary. Proceeding with optimization.
IS Optimization Time: 0.06 seconds.
Optimal Params (Sharpe=3.6976, Calmar=9.8397): Z_E=1.9, Z_X=0.3, Z_SL=3.3
📊 Persistence: Saved 6177 PnL points to wfa_outputs\oos_equity_curve_SPY_SSO_1m_20251107_190041_0.05.csv
OOS Period (2023-03-15 19:14:00+00:00 to 2023-04-05 19:23:00+00:00): PnL: $-31.55 | Sharpe: -4.5367 | Calmar: -15.6683 | Trades: 939

--- Window 51 Boundary Check ---
IS Period RTH Bars: 14666. Start: 2023-02-10 16:12:00+00:00 | End: 2023-04-05 19:23:00+00:00
OOS Start Bar Index: 311532 | Time: 2023-04-05 19:24:00+00:00
ADF Test Result: p-value=0.9784 (Required < 0.05) | OLS Beta: 0.4852
Filter ON: Spread not stationary (p-value too high). Skipping optimization and OOS test.

--- Window 52 Boundary Check ---
IS Period RTH Bars: 14666. Start: 2023-03-06 16:18:00+00:00 | End: 2023-04-27 19:37:00+00:00
OOS Start Bar Index: 317382 | Time: 2023-04-27 19:38:00+00:00
ADF Test Result: p-value=0.0133 (Required < 0.05) | OLS Beta: 0.5334
Filter OFF: Spread is stationary. Proceeding with optimization.
IS Optimization Time: 0.06 seconds.
Optimal Params (Sharpe=6.3949, Calmar=32.4191): Z_E=1.9, Z_X=0.5, Z_SL=3.9
📊 Persistence: Saved 6178 PnL points to wfa_outputs\oos_equity_curve_SPY_SSO_1m_20251107_190041_0.05.csv
OOS Period (2023-04-27 19:38:00+00:00 to 2023-05-19 13:41:00+00:00): PnL: $-2.47 | Sharpe: -4.0991 | Calmar: -16.7473 | Trades: 1

--- Window 53 Boundary Check ---
IS Period RTH Bars: 14666. Start: 2023-03-27 15:18:00+00:00 | End: 2023-05-19 13:41:00+00:00
OOS Start Bar Index: 323232 | Time: 2023-05-19 13:42:00+00:00
ADF Test Result: p-value=0.6545 (Required < 0.05) | OLS Beta: 0.5416
Filter ON: Spread not stationary (p-value too high). Skipping optimization and OOS test.

--- Window 54 Boundary Check ---
IS Period RTH Bars: 14666. Start: 2023-04-18 15:35:00+00:00 | End: 2023-06-12 13:55:00+00:00
OOS Start Bar Index: 329082 | Time: 2023-06-12 13:56:00+00:00
ADF Test Result: p-value=0.1259 (Required < 0.05) | OLS Beta: 0.5446
Filter ON: Spread not stationary (p-value too high). Skipping optimization and OOS test.

--- Window 55 Boundary Check ---
IS Period RTH Bars: 14666. Start: 2023-05-09 15:58:00+00:00 | End: 2023-07-05 17:53:00+00:00
OOS Start Bar Index: 334932 | Time: 2023-07-05 17:54:00+00:00
ADF Test Result: p-value=0.1136 (Required < 0.05) | OLS Beta: 0.5324
Filter ON: Spread not stationary (p-value too high). Skipping optimization and OOS test.

--- Window 56 Boundary Check ---
IS Period RTH Bars: 14666. Start: 2023-05-31 16:19:00+00:00 | End: 2023-07-26 19:43:00+00:00
OOS Start Bar Index: 340782 | Time: 2023-07-26 19:44:00+00:00
ADF Test Result: p-value=0.0540 (Required < 0.05) | OLS Beta: 0.5362
Filter ON: Spread not stationary (p-value too high). Skipping optimization and OOS test.

--- Window 57 Boundary Check ---
IS Period RTH Bars: 14666. Start: 2023-06-22 16:50:00+00:00 | End: 2023-08-17 14:25:00+00:00
OOS Start Bar Index: 346632 | Time: 2023-08-17 14:26:00+00:00
ADF Test Result: p-value=0.9942 (Required < 0.05) | OLS Beta: 0.5257
Filter ON: Spread not stationary (p-value too high). Skipping optimization and OOS test.

--- Window 58 Boundary Check ---
IS Period RTH Bars: 14666. Start: 2023-07-17 14:45:00+00:00 | End: 2023-09-08 14:58:00+00:00
OOS Start Bar Index: 352482 | Time: 2023-09-08 14:59:00+00:00
ADF Test Result: p-value=0.6498 (Required < 0.05) | OLS Beta: 0.4598
Filter ON: Spread not stationary (p-value too high). Skipping optimization and OOS test.

--- Window 59 Boundary Check ---
IS Period RTH Bars: 14666. Start: 2023-08-07 16:44:00+00:00 | End: 2023-09-29 16:29:00+00:00
OOS Start Bar Index: 358332 | Time: 2023-09-29 16:30:00+00:00
ADF Test Result: p-value=0.7023 (Required < 0.05) | OLS Beta: 0.4697
Filter ON: Spread not stationary (p-value too high). Skipping optimization and OOS test.

--- Window 60 Boundary Check ---
IS Period RTH Bars: 14666. Start: 2023-08-28 17:05:00+00:00 | End: 2023-10-20 16:35:00+00:00
OOS Start Bar Index: 364182 | Time: 2023-10-20 16:36:00+00:00
ADF Test Result: p-value=0.2682 (Required < 0.05) | OLS Beta: 0.4661
Filter ON: Spread not stationary (p-value too high). Skipping optimization and OOS test.

--- Window 61 Boundary Check ---
IS Period RTH Bars: 14666. Start: 2023-09-19 18:30:00+00:00 | End: 2023-11-10 17:47:00+00:00
OOS Start Bar Index: 370032 | Time: 2023-11-10 17:48:00+00:00
ADF Test Result: p-value=0.9913 (Required < 0.05) | OLS Beta: 0.4865
Filter ON: Spread not stationary (p-value too high). Skipping optimization and OOS test.

--- Window 62 Boundary Check ---
IS Period RTH Bars: 14666. Start: 2023-10-10 19:06:00+00:00 | End: 2023-12-05 15:19:00+00:00
OOS Start Bar Index: 375882 | Time: 2023-12-05 15:20:00+00:00
ADF Test Result: p-value=0.2087 (Required < 0.05) | OLS Beta: 0.5230
Filter ON: Spread not stationary (p-value too high). Skipping optimization and OOS test.

--- Window 63 Boundary Check ---
IS Period RTH Bars: 14666. Start: 2023-10-31 19:11:00+00:00 | End: 2023-12-27 17:44:00+00:00
OOS Start Bar Index: 381732 | Time: 2023-12-27 17:45:00+00:00
ADF Test Result: p-value=0.0498 (Required < 0.05) | OLS Beta: 0.5277
Filter OFF: Spread is stationary. Proceeding with optimization.
IS Optimization Time: 0.05 seconds.
Optimal Params (Sharpe=6.7422, Calmar=39.3971): Z_E=3.3, Z_X=1.5, Z_SL=3.9
📊 Persistence: Saved 8337 PnL points to wfa_outputs\oos_equity_curve_SPY_SSO_1m_20251107_190041_0.05.csv
OOS Period (2023-12-27 17:45:00+00:00 to 2024-01-19 19:06:00+00:00): PnL: $-51.62 | Sharpe: -5.8907 | Calmar: -14.4855 | Trades: 2159

--- Window 64 Boundary Check ---
IS Period RTH Bars: 14666. Start: 2023-11-21 20:51:00+00:00 | End: 2024-01-19 19:06:00+00:00
OOS Start Bar Index: 387582 | Time: 2024-01-19 19:07:00+00:00
ADF Test Result: p-value=0.4581 (Required < 0.05) | OLS Beta: 0.5419
Filter ON: Spread not stationary (p-value too high). Skipping optimization and OOS test.

--- Window 65 Boundary Check ---
IS Period RTH Bars: 14666. Start: 2023-12-14 18:43:00+00:00 | End: 2024-02-09 20:34:00+00:00
OOS Start Bar Index: 393432 | Time: 2024-02-09 20:35:00+00:00
ADF Test Result: p-value=0.3453 (Required < 0.05) | OLS Beta: 0.5445
Filter ON: Spread not stationary (p-value too high). Skipping optimization and OOS test.

--- Window 66 Boundary Check ---
IS Period RTH Bars: 14666. Start: 2024-01-09 14:31:00+00:00 | End: 2024-03-05 16:08:00+00:00
OOS Start Bar Index: 399282 | Time: 2024-03-05 16:09:00+00:00
ADF Test Result: p-value=0.0565 (Required < 0.05) | OLS Beta: 0.5399
Filter ON: Spread not stationary (p-value too high). Skipping optimization and OOS test.

--- Window 67 Boundary Check ---
IS Period RTH Bars: 14666. Start: 2024-01-31 16:02:00+00:00 | End: 2024-03-26 17:36:00+00:00
OOS Start Bar Index: 405132 | Time: 2024-03-26 17:37:00+00:00
ADF Test Result: p-value=0.0134 (Required < 0.05) | OLS Beta: 0.5464
Filter OFF: Spread is stationary. Proceeding with optimization.
IS Optimization Time: 0.06 seconds.
Optimal Params (Sharpe=9.2983, Calmar=928.6004): Z_E=2.9, Z_X=0.3, Z_SL=3.9
📊 Persistence: Saved 9720 PnL points to wfa_outputs\oos_equity_curve_SPY_SSO_1m_20251107_190041_0.05.csv
OOS Period (2024-03-26 17:37:00+00:00 to 2024-04-17 19:19:00+00:00): PnL: $-25.75 | Sharpe: -3.5942 | Calmar: -7.6435 | Trades: 1383

--- Window 68 Boundary Check ---
IS Period RTH Bars: 14666. Start: 2024-02-22 17:19:00+00:00 | End: 2024-04-17 19:19:00+00:00
OOS Start Bar Index: 410982 | Time: 2024-04-17 19:20:00+00:00
ADF Test Result: p-value=0.9950 (Required < 0.05) | OLS Beta: 0.5206
Filter ON: Spread not stationary (p-value too high). Skipping optimization and OOS test.

--- Window 69 Boundary Check ---
IS Period RTH Bars: 14666. Start: 2024-03-14 18:11:00+00:00 | End: 2024-05-09 13:42:00+00:00
OOS Start Bar Index: 416832 | Time: 2024-05-09 13:43:00+00:00
ADF Test Result: p-value=0.8355 (Required < 0.05) | OLS Beta: 0.4649
Filter ON: Spread not stationary (p-value too high). Skipping optimization and OOS test.

--- Window 70 Boundary Check ---
IS Period RTH Bars: 14666. Start: 2024-04-08 15:20:00+00:00 | End: 2024-05-31 17:16:00+00:00
OOS Start Bar Index: 422682 | Time: 2024-05-31 17:17:00+00:00
ADF Test Result: p-value=0.3097 (Required < 0.05) | OLS Beta: 0.5295
Filter ON: Spread not stationary (p-value too high). Skipping optimization and OOS test.

--- Window 71 Boundary Check ---
IS Period RTH Bars: 14666. Start: 2024-04-29 15:36:00+00:00 | End: 2024-06-24 19:37:00+00:00
OOS Start Bar Index: 428532 | Time: 2024-06-24 19:38:00+00:00
ADF Test Result: p-value=0.2517 (Required < 0.05) | OLS Beta: 0.5347
Filter ON: Spread not stationary (p-value too high). Skipping optimization and OOS test.

--- Window 72 Boundary Check ---
IS Period RTH Bars: 14666. Start: 2024-05-20 18:04:00+00:00 | End: 2024-07-17 19:19:00+00:00
OOS Start Bar Index: 434382 | Time: 2024-07-17 19:20:00+00:00
ADF Test Result: p-value=0.0450 (Required < 0.05) | OLS Beta: 0.5368
Filter OFF: Spread is stationary. Proceeding with optimization.
IS Optimization Time: 0.06 seconds.
Optimal Params (Sharpe=2.6900, Calmar=7.4474): Z_E=2.9, Z_X=1.5, Z_SL=4.5
📊 Persistence: Saved 11898 PnL points to wfa_outputs\oos_equity_curve_SPY_SSO_1m_20251107_190041_0.05.csv
OOS Period (2024-07-17 19:20:00+00:00 to 2024-08-07 19:54:00+00:00): PnL: $-61.96 | Sharpe: -4.5867 | Calmar: -11.4184 | Trades: 2178

--- Window 73 Boundary Check ---
IS Period RTH Bars: 14666. Start: 2024-06-12 14:35:00+00:00 | End: 2024-08-07 19:54:00+00:00
OOS Start Bar Index: 440232 | Time: 2024-08-07 19:55:00+00:00
ADF Test Result: p-value=0.4243 (Required < 0.05) | OLS Beta: 0.4781
Filter ON: Spread not stationary (p-value too high). Skipping optimization and OOS test.

--- Window 74 Boundary Check ---
IS Period RTH Bars: 14666. Start: 2024-07-05 19:58:00+00:00 | End: 2024-08-29 17:29:00+00:00
OOS Start Bar Index: 446082 | Time: 2024-08-29 17:30:00+00:00
ADF Test Result: p-value=0.9800 (Required < 0.05) | OLS Beta: 0.4888
Filter ON: Spread not stationary (p-value too high). Skipping optimization and OOS test.

--- Window 75 Boundary Check ---
IS Period RTH Bars: 14666. Start: 2024-07-29 15:45:00+00:00 | End: 2024-09-20 19:50:00+00:00
OOS Start Bar Index: 451932 | Time: 2024-09-20 19:51:00+00:00
ADF Test Result: p-value=0.2620 (Required < 0.05) | OLS Beta: 0.5269
Filter ON: Spread not stationary (p-value too high). Skipping optimization and OOS test.

--- Window 76 Boundary Check ---
IS Period RTH Bars: 14666. Start: 2024-08-19 17:27:00+00:00 | End: 2024-10-14 19:50:00+00:00
OOS Start Bar Index: 457782 | Time: 2024-10-14 19:51:00+00:00
ADF Test Result: p-value=0.3106 (Required < 0.05) | OLS Beta: 0.5343
Filter ON: Spread not stationary (p-value too high). Skipping optimization and OOS test.

--- Window 77 Boundary Check ---
IS Period RTH Bars: 14666. Start: 2024-09-11 14:07:00+00:00 | End: 2024-11-05 19:25:00+00:00
OOS Start Bar Index: 463632 | Time: 2024-11-05 19:26:00+00:00
ADF Test Result: p-value=0.7378 (Required < 0.05) | OLS Beta: 0.5397
Filter ON: Spread not stationary (p-value too high). Skipping optimization and OOS test.

--- Window 78 Boundary Check ---
IS Period RTH Bars: 14666. Start: 2024-10-02 19:52:00+00:00 | End: 2024-11-27 15:55:00+00:00
OOS Start Bar Index: 469482 | Time: 2024-11-27 15:56:00+00:00
ADF Test Result: p-value=0.5838 (Required < 0.05) | OLS Beta: 0.5421
Filter ON: Spread not stationary (p-value too high). Skipping optimization and OOS test.

--- Window 79 Boundary Check ---
IS Period RTH Bars: 14666. Start: 2024-10-24 18:26:00+00:00 | End: 2024-12-20 20:05:00+00:00
OOS Start Bar Index: 475332 | Time: 2024-12-20 20:06:00+00:00
ADF Test Result: p-value=0.9493 (Required < 0.05) | OLS Beta: 0.5353
Filter ON: Spread not stationary (p-value too high). Skipping optimization and OOS test.

############################################################
📈 OVERALL SIMULATION PERFORMANCE (Walk-Forward Test)
############################################################
Timeframe Used: 1Min, Value: 1
ADF Cointegration Filter Threshold: 0.05
Total OOS Windows Tested: 79
Total Trades Executed: 11898
--- Final Performance Metrics ---
Total PnL: $-257.90
Overall Sharpe Ratio (Annualized): -0.4468
Overall Calmar Ratio (Annualized): -0.0394
Maximum Dollar Drawdown (MDD): $313.32

--- Execution Time ---
Total Elapsed Time: 118.89 seconds
############################################################
[0m