--- Dynamic Timeframe Configuration ---
TimeFrame Selected: 1Min, Value: 1
Bars per Trading Day: 390
Annualization Factor (Bars/Year): 98280
Statistical Lookback Bars: 2184
Optimization Lookback Bars: 19032
---------------------------------------
--- Diagnostic Check ---
API Key ID Length: 26
API Secret Key Length: 44
StockHistoricalDataClient initialized successfully. Starting data fetch...
--------------------------
Pre-compiling Numba function for first run optimization...
Numba pre-compilation complete.
Fetching data from 2020-01-01 to 2024-12-30...
Fetching 1Min data for IXUS...
Fetching 1Min data for SPDW...
Data acquired successfully. Total 1Min RTH bars: 436760
Skipping full pre-calculation. Metrics will be calculated inside the WFA loop.

============================================================
📈 Starting Rolling Backtest: IS Optimization Window=19032 bars, Shift=15 days
   Data already processed with Statistical Rolling Window: 2184 bars
   ADF Cointegration Filter: p-value < 0.05
============================================================

--- Window 1 Boundary Check ---
IS Period RTH Bars: 14666. Start: 2020-01-27 14:34:00+00:00 | End: 2020-03-30 18:55:00+00:00
OOS Start Bar Index: 19032 | Time: 2020-03-30 18:56:00+00:00
ADF Test Result: p-value=0.8582 (Required < 0.05) | OLS Beta: 0.9875
Filter ON: Spread not stationary (p-value too high). Skipping optimization and OOS test.

--- Window 2 Boundary Check ---
IS Period RTH Bars: 14666. Start: 2020-02-26 14:35:00+00:00 | End: 2020-04-22 19:26:00+00:00
OOS Start Bar Index: 24882 | Time: 2020-04-22 19:28:00+00:00
ADF Test Result: p-value=0.4229 (Required < 0.05) | OLS Beta: 1.0098
Filter ON: Spread not stationary (p-value too high). Skipping optimization and OOS test.

--- Window 3 Boundary Check ---
IS Period RTH Bars: 14666. Start: 2020-03-19 13:57:00+00:00 | End: 2020-05-15 14:09:00+00:00
OOS Start Bar Index: 30732 | Time: 2020-05-15 14:10:00+00:00
ADF Test Result: p-value=0.0327 (Required < 0.05) | OLS Beta: 0.9939
Filter OFF: Spread is stationary. Proceeding with optimization.
IS Optimization Time: 0.15 seconds.
Optimal Params (Sharpe=8.0999, Calmar=99.4562): Z_E=2.5, Z_X=1.5, Z_SL=4.5
📊 Persistence: Saved 1 PnL points to wfa_outputs\oos_equity_curve_IXUS_SPDW_1m_20251118_091459_0.05.csv
OOS Period (2020-05-15 14:10:00+00:00 to 2020-06-09 15:40:00+00:00): PnL: $10.13 | Sharpe: 4.0991 | Calmar: 0.0000 | Trades: 1

--- Window 4 Boundary Check ---
IS Period RTH Bars: 14666. Start: 2020-04-09 18:26:00+00:00 | End: 2020-06-09 15:40:00+00:00
OOS Start Bar Index: 36582 | Time: 2020-06-09 15:41:00+00:00
ADF Test Result: p-value=0.0889 (Required < 0.05) | OLS Beta: 0.9522
Filter ON: Spread not stationary (p-value too high). Skipping optimization and OOS test.

--- Window 5 Boundary Check ---
IS Period RTH Bars: 14666. Start: 2020-05-04 18:54:00+00:00 | End: 2020-07-01 15:59:00+00:00
OOS Start Bar Index: 42432 | Time: 2020-07-01 16:00:00+00:00
ADF Test Result: p-value=0.7097 (Required < 0.05) | OLS Beta: 0.9727
Filter ON: Spread not stationary (p-value too high). Skipping optimization and OOS test.

--- Window 6 Boundary Check ---
IS Period RTH Bars: 14666. Start: 2020-05-28 13:57:00+00:00 | End: 2020-07-27 16:22:00+00:00
OOS Start Bar Index: 48282 | Time: 2020-07-27 16:23:00+00:00
ADF Test Result: p-value=0.5327 (Required < 0.05) | OLS Beta: 1.1946
Filter ON: Spread not stationary (p-value too high). Skipping optimization and OOS test.

--- Window 7 Boundary Check ---
IS Period RTH Bars: 14666. Start: 2020-06-19 14:26:00+00:00 | End: 2020-08-19 19:55:00+00:00
OOS Start Bar Index: 54132 | Time: 2020-08-19 19:56:00+00:00
ADF Test Result: p-value=0.3060 (Required < 0.05) | OLS Beta: 1.0655
Filter ON: Spread not stationary (p-value too high). Skipping optimization and OOS test.

--- Window 8 Boundary Check ---
IS Period RTH Bars: 14666. Start: 2020-07-14 17:50:00+00:00 | End: 2020-09-15 16:51:00+00:00
OOS Start Bar Index: 59982 | Time: 2020-09-15 16:53:00+00:00
ADF Test Result: p-value=0.0726 (Required < 0.05) | OLS Beta: 0.9006
Filter ON: Spread not stationary (p-value too high). Skipping optimization and OOS test.

--- Window 9 Boundary Check ---
IS Period RTH Bars: 14666. Start: 2020-08-06 18:13:00+00:00 | End: 2020-10-12 14:59:00+00:00
OOS Start Bar Index: 65832 | Time: 2020-10-12 15:00:00+00:00
ADF Test Result: p-value=0.0056 (Required < 0.05) | OLS Beta: 1.0203
Filter OFF: Spread is stationary. Proceeding with optimization.
IS Optimization Time: 0.14 seconds.
Optimal Params (Sharpe=0.9817, Calmar=3.0072): Z_E=2.5, Z_X=0.3, Z_SL=4.5
📊 Persistence: Saved 801 PnL points to wfa_outputs\oos_equity_curve_IXUS_SPDW_1m_20251118_091459_0.05.csv
OOS Period (2020-10-12 15:00:00+00:00 to 2020-11-05 17:00:00+00:00): PnL: $-95.43 | Sharpe: -6.4752 | Calmar: -12.7340 | Trades: 800

--- Window 10 Boundary Check ---
IS Period RTH Bars: 14666. Start: 2020-09-01 19:11:00+00:00 | End: 2020-11-05 17:00:00+00:00
OOS Start Bar Index: 71682 | Time: 2020-11-05 17:02:00+00:00
ADF Test Result: p-value=0.8730 (Required < 0.05) | OLS Beta: 0.9068
Filter ON: Spread not stationary (p-value too high). Skipping optimization and OOS test.

--- Window 11 Boundary Check ---
IS Period RTH Bars: 14666. Start: 2020-09-28 15:26:00+00:00 | End: 2020-12-02 16:57:00+00:00
OOS Start Bar Index: 77532 | Time: 2020-12-02 16:59:00+00:00
ADF Test Result: p-value=0.0441 (Required < 0.05) | OLS Beta: 0.9405
Filter OFF: Spread is stationary. Proceeding with optimization.
IS Optimization Time: 0.07 seconds.
Optimal Params (Sharpe=3.4451, Calmar=16.0449): Z_E=1.9, Z_X=0.9, Z_SL=4.5
📊 Persistence: Saved 801 PnL points to wfa_outputs\oos_equity_curve_IXUS_SPDW_1m_20251118_091459_0.05.csv
OOS Period (2020-12-02 16:59:00+00:00 to 2020-12-29 20:58:00+00:00): PnL: $0.00 | Sharpe: 0.0000 | Calmar: 0.0000 | Trades: 0

--- Window 12 Boundary Check ---
IS Period RTH Bars: 14666. Start: 2020-10-23 19:40:00+00:00 | End: 2020-12-29 20:58:00+00:00
OOS Start Bar Index: 83382 | Time: 2020-12-29 20:59:00+00:00
ADF Test Result: p-value=0.0058 (Required < 0.05) | OLS Beta: 0.9165
Filter OFF: Spread is stationary. Proceeding with optimization.
IS Optimization Time: 0.06 seconds.
Optimal Params (Sharpe=3.4796, Calmar=16.0184): Z_E=2.1, Z_X=0.7, Z_SL=4.5
📊 Persistence: Saved 2096 PnL points to wfa_outputs\oos_equity_curve_IXUS_SPDW_1m_20251118_091459_0.05.csv
OOS Period (2020-12-29 20:59:00+00:00 to 2021-01-26 18:57:00+00:00): PnL: $-2.21 | Sharpe: -0.1576 | Calmar: -0.5595 | Trades: 1295

--- Window 13 Boundary Check ---
IS Period RTH Bars: 14666. Start: 2020-11-17 19:57:00+00:00 | End: 2021-01-26 18:57:00+00:00
OOS Start Bar Index: 89232 | Time: 2021-01-26 18:58:00+00:00
ADF Test Result: p-value=0.3298 (Required < 0.05) | OLS Beta: 1.0640
Filter ON: Spread not stationary (p-value too high). Skipping optimization and OOS test.

--- Window 14 Boundary Check ---
IS Period RTH Bars: 14666. Start: 2020-12-15 15:42:00+00:00 | End: 2021-02-23 14:45:00+00:00
OOS Start Bar Index: 95082 | Time: 2021-02-23 14:46:00+00:00
ADF Test Result: p-value=0.2502 (Required < 0.05) | OLS Beta: 1.2048
Filter ON: Spread not stationary (p-value too high). Skipping optimization and OOS test.

--- Window 15 Boundary Check ---
IS Period RTH Bars: 14666. Start: 2021-01-12 19:10:00+00:00 | End: 2021-03-17 18:20:00+00:00
OOS Start Bar Index: 100932 | Time: 2021-03-17 18:21:00+00:00
ADF Test Result: p-value=0.5367 (Required < 0.05) | OLS Beta: 1.0102
Filter ON: Spread not stationary (p-value too high). Skipping optimization and OOS test.

--- Window 16 Boundary Check ---
IS Period RTH Bars: 14666. Start: 2021-02-08 18:13:00+00:00 | End: 2021-04-13 14:46:00+00:00
OOS Start Bar Index: 106782 | Time: 2021-04-13 14:47:00+00:00
ADF Test Result: p-value=0.5732 (Required < 0.05) | OLS Beta: 0.8313
Filter ON: Spread not stationary (p-value too high). Skipping optimization and OOS test.

--- Window 17 Boundary Check ---
IS Period RTH Bars: 14666. Start: 2021-03-05 14:50:00+00:00 | End: 2021-05-07 17:40:00+00:00
OOS Start Bar Index: 112632 | Time: 2021-05-07 17:42:00+00:00
ADF Test Result: p-value=0.0238 (Required < 0.05) | OLS Beta: 0.8733
Filter OFF: Spread is stationary. Proceeding with optimization.
IS Optimization Time: 0.06 seconds.
Optimal Params (Sharpe=5.8559, Calmar=50.3756): Z_E=2.3, Z_X=0.7, Z_SL=4.8
📊 Persistence: Saved 2099 PnL points to wfa_outputs\oos_equity_curve_IXUS_SPDW_1m_20251118_091459_0.05.csv
OOS Period (2021-05-07 17:42:00+00:00 to 2021-06-03 15:32:00+00:00): PnL: $58.17 | Sharpe: 6.6160 | Calmar: 0.0000 | Trades: 3

--- Window 18 Boundary Check ---
IS Period RTH Bars: 14666. Start: 2021-03-29 19:58:00+00:00 | End: 2021-06-03 15:32:00+00:00
OOS Start Bar Index: 118482 | Time: 2021-06-03 15:33:00+00:00
ADF Test Result: p-value=0.2463 (Required < 0.05) | OLS Beta: 0.9186
Filter ON: Spread not stationary (p-value too high). Skipping optimization and OOS test.

--- Window 19 Boundary Check ---
IS Period RTH Bars: 14666. Start: 2021-04-26 14:47:00+00:00 | End: 2021-06-30 14:01:00+00:00
OOS Start Bar Index: 124332 | Time: 2021-06-30 14:02:00+00:00
ADF Test Result: p-value=0.3140 (Required < 0.05) | OLS Beta: 1.0087
Filter ON: Spread not stationary (p-value too high). Skipping optimization and OOS test.

--- Window 20 Boundary Check ---
IS Period RTH Bars: 14666. Start: 2021-05-19 19:16:00+00:00 | End: 2021-07-26 18:49:00+00:00
OOS Start Bar Index: 130182 | Time: 2021-07-26 18:50:00+00:00
ADF Test Result: p-value=0.6726 (Required < 0.05) | OLS Beta: 0.9508
Filter ON: Spread not stationary (p-value too high). Skipping optimization and OOS test.

--- Window 21 Boundary Check ---
IS Period RTH Bars: 14666. Start: 2021-06-16 18:55:00+00:00 | End: 2021-08-20 18:52:00+00:00
OOS Start Bar Index: 136032 | Time: 2021-08-20 18:53:00+00:00
ADF Test Result: p-value=0.9311 (Required < 0.05) | OLS Beta: 0.7688
Filter ON: Spread not stationary (p-value too high). Skipping optimization and OOS test.

--- Window 22 Boundary Check ---
IS Period RTH Bars: 14666. Start: 2021-07-13 19:06:00+00:00 | End: 2021-09-17 19:24:00+00:00
OOS Start Bar Index: 141882 | Time: 2021-09-17 19:25:00+00:00
ADF Test Result: p-value=0.3317 (Required < 0.05) | OLS Beta: 0.7994
Filter ON: Spread not stationary (p-value too high). Skipping optimization and OOS test.

--- Window 23 Boundary Check ---
IS Period RTH Bars: 14666. Start: 2021-08-09 14:32:00+00:00 | End: 2021-10-12 17:13:00+00:00
OOS Start Bar Index: 147732 | Time: 2021-10-12 17:14:00+00:00
ADF Test Result: p-value=0.5311 (Required < 0.05) | OLS Beta: 0.9716
Filter ON: Spread not stationary (p-value too high). Skipping optimization and OOS test.

--- Window 24 Boundary Check ---
IS Period RTH Bars: 14666. Start: 2021-09-03 19:35:00+00:00 | End: 2021-11-05 16:20:00+00:00
OOS Start Bar Index: 153582 | Time: 2021-11-05 16:21:00+00:00
ADF Test Result: p-value=0.5755 (Required < 0.05) | OLS Beta: 0.9333
Filter ON: Spread not stationary (p-value too high). Skipping optimization and OOS test.

--- Window 25 Boundary Check ---
IS Period RTH Bars: 14666. Start: 2021-09-30 14:13:00+00:00 | End: 2021-12-02 16:35:00+00:00
OOS Start Bar Index: 159432 | Time: 2021-12-02 16:36:00+00:00
ADF Test Result: p-value=0.3658 (Required < 0.05) | OLS Beta: 0.9490
Filter ON: Spread not stationary (p-value too high). Skipping optimization and OOS test.

--- Window 26 Boundary Check ---
IS Period RTH Bars: 14666. Start: 2021-10-25 16:56:00+00:00 | End: 2021-12-27 15:39:00+00:00
OOS Start Bar Index: 165282 | Time: 2021-12-27 15:40:00+00:00
ADF Test Result: p-value=0.1760 (Required < 0.05) | OLS Beta: 1.0060
Filter ON: Spread not stationary (p-value too high). Skipping optimization and OOS test.

--- Window 27 Boundary Check ---
IS Period RTH Bars: 14666. Start: 2021-11-18 18:21:00+00:00 | End: 2022-01-19 15:45:00+00:00
OOS Start Bar Index: 171132 | Time: 2022-01-19 15:46:00+00:00
ADF Test Result: p-value=0.4700 (Required < 0.05) | OLS Beta: 0.9459
Filter ON: Spread not stationary (p-value too high). Skipping optimization and OOS test.

--- Window 28 Boundary Check ---
IS Period RTH Bars: 14666. Start: 2021-12-14 15:49:00+00:00 | End: 2022-02-09 17:09:00+00:00
OOS Start Bar Index: 176982 | Time: 2022-02-09 17:10:00+00:00
ADF Test Result: p-value=0.5532 (Required < 0.05) | OLS Beta: 0.8530
Filter ON: Spread not stationary (p-value too high). Skipping optimization and OOS test.

--- Window 29 Boundary Check ---
IS Period RTH Bars: 14666. Start: 2022-01-06 16:40:00+00:00 | End: 2022-03-03 18:47:00+00:00
OOS Start Bar Index: 182832 | Time: 2022-03-03 18:48:00+00:00
ADF Test Result: p-value=0.0862 (Required < 0.05) | OLS Beta: 0.9611
Filter ON: Spread not stationary (p-value too high). Skipping optimization and OOS test.

--- Window 30 Boundary Check ---
IS Period RTH Bars: 14666. Start: 2022-01-28 18:41:00+00:00 | End: 2022-03-24 18:40:00+00:00
OOS Start Bar Index: 188682 | Time: 2022-03-24 18:41:00+00:00
ADF Test Result: p-value=0.5754 (Required < 0.05) | OLS Beta: 1.0825
Filter ON: Spread not stationary (p-value too high). Skipping optimization and OOS test.

--- Window 31 Boundary Check ---
IS Period RTH Bars: 14666. Start: 2022-02-22 14:43:00+00:00 | End: 2022-04-18 15:50:00+00:00
OOS Start Bar Index: 194532 | Time: 2022-04-18 15:51:00+00:00
ADF Test Result: p-value=0.1657 (Required < 0.05) | OLS Beta: 0.9771
Filter ON: Spread not stationary (p-value too high). Skipping optimization and OOS test.

--- Window 32 Boundary Check ---
IS Period RTH Bars: 14666. Start: 2022-03-15 14:02:00+00:00 | End: 2022-05-09 17:13:00+00:00
OOS Start Bar Index: 200382 | Time: 2022-05-09 17:14:00+00:00
ADF Test Result: p-value=0.0023 (Required < 0.05) | OLS Beta: 0.9994
Filter OFF: Spread is stationary. Proceeding with optimization.
IS Optimization Time: 0.16 seconds.
Optimal Params (Sharpe=3.9350, Calmar=12.4943): Z_E=2.5, Z_X=1.3, Z_SL=4.8
📊 Persistence: Saved 2100 PnL points to wfa_outputs\oos_equity_curve_IXUS_SPDW_1m_20251118_091459_0.05.csv
OOS Period (2022-05-09 17:14:00+00:00 to 2022-05-31 19:15:00+00:00): PnL: $43.00 | Sharpe: 4.0991 | Calmar: 0.0000 | Trades: 1

--- Window 33 Boundary Check ---
IS Period RTH Bars: 14666. Start: 2022-04-05 16:48:00+00:00 | End: 2022-05-31 19:15:00+00:00
OOS Start Bar Index: 206232 | Time: 2022-05-31 19:16:00+00:00
ADF Test Result: p-value=0.2407 (Required < 0.05) | OLS Beta: 1.0576
Filter ON: Spread not stationary (p-value too high). Skipping optimization and OOS test.

--- Window 34 Boundary Check ---
IS Period RTH Bars: 14666. Start: 2022-04-27 19:15:00+00:00 | End: 2022-06-23 15:09:00+00:00
OOS Start Bar Index: 212082 | Time: 2022-06-23 15:10:00+00:00
ADF Test Result: p-value=0.4233 (Required < 0.05) | OLS Beta: 0.8916
Filter ON: Spread not stationary (p-value too high). Skipping optimization and OOS test.

--- Window 35 Boundary Check ---
IS Period RTH Bars: 14666. Start: 2022-05-19 13:44:00+00:00 | End: 2022-07-15 17:10:00+00:00
OOS Start Bar Index: 217932 | Time: 2022-07-15 17:11:00+00:00
ADF Test Result: p-value=0.1068 (Required < 0.05) | OLS Beta: 0.8647
Filter ON: Spread not stationary (p-value too high). Skipping optimization and OOS test.

--- Window 36 Boundary Check ---
IS Period RTH Bars: 14666. Start: 2022-06-10 17:19:00+00:00 | End: 2022-08-08 17:32:00+00:00
OOS Start Bar Index: 223782 | Time: 2022-08-08 17:33:00+00:00
ADF Test Result: p-value=0.0176 (Required < 0.05) | OLS Beta: 0.8379
Filter OFF: Spread is stationary. Proceeding with optimization.
IS Optimization Time: 0.15 seconds.
Optimal Params (Sharpe=7.1835, Calmar=90.9256): Z_E=2.1, Z_X=0.7, Z_SL=4.5
📊 Persistence: Saved 2101 PnL points to wfa_outputs\oos_equity_curve_IXUS_SPDW_1m_20251118_091459_0.05.csv
OOS Period (2022-08-08 17:33:00+00:00 to 2022-08-30 17:36:00+00:00): PnL: $25.94 | Sharpe: 4.0991 | Calmar: 0.0000 | Trades: 1

--- Window 37 Boundary Check ---
IS Period RTH Bars: 14666. Start: 2022-07-05 18:29:00+00:00 | End: 2022-08-30 17:36:00+00:00
OOS Start Bar Index: 229632 | Time: 2022-08-30 17:37:00+00:00
ADF Test Result: p-value=0.0882 (Required < 0.05) | OLS Beta: 0.8651
Filter ON: Spread not stationary (p-value too high). Skipping optimization and OOS test.

--- Window 38 Boundary Check ---
IS Period RTH Bars: 14666. Start: 2022-07-27 16:49:00+00:00 | End: 2022-09-22 14:12:00+00:00
OOS Start Bar Index: 235482 | Time: 2022-09-22 14:13:00+00:00
ADF Test Result: p-value=0.3474 (Required < 0.05) | OLS Beta: 0.8664
Filter ON: Spread not stationary (p-value too high). Skipping optimization and OOS test.

--- Window 39 Boundary Check ---
IS Period RTH Bars: 14666. Start: 2022-08-18 17:35:00+00:00 | End: 2022-10-13 14:52:00+00:00
OOS Start Bar Index: 241332 | Time: 2022-10-13 14:53:00+00:00
ADF Test Result: p-value=0.2726 (Required < 0.05) | OLS Beta: 0.9746
Filter ON: Spread not stationary (p-value too high). Skipping optimization and OOS test.

--- Window 40 Boundary Check ---
IS Period RTH Bars: 14666. Start: 2022-09-12 14:30:00+00:00 | End: 2022-11-03 15:40:00+00:00
OOS Start Bar Index: 247182 | Time: 2022-11-03 15:41:00+00:00
ADF Test Result: p-value=0.7932 (Required < 0.05) | OLS Beta: 0.9433
Filter ON: Spread not stationary (p-value too high). Skipping optimization and OOS test.

--- Window 41 Boundary Check ---
IS Period RTH Bars: 14666. Start: 2022-10-03 16:59:00+00:00 | End: 2022-11-28 15:32:00+00:00
OOS Start Bar Index: 253032 | Time: 2022-11-28 15:33:00+00:00
ADF Test Result: p-value=0.3644 (Required < 0.05) | OLS Beta: 0.8936
Filter ON: Spread not stationary (p-value too high). Skipping optimization and OOS test.

--- Window 42 Boundary Check ---
IS Period RTH Bars: 14666. Start: 2022-10-24 17:51:00+00:00 | End: 2022-12-19 18:15:00+00:00
OOS Start Bar Index: 258882 | Time: 2022-12-19 18:16:00+00:00
ADF Test Result: p-value=0.1682 (Required < 0.05) | OLS Beta: 0.9920
Filter ON: Spread not stationary (p-value too high). Skipping optimization and OOS test.

--- Window 43 Boundary Check ---
IS Period RTH Bars: 14666. Start: 2022-11-14 19:44:00+00:00 | End: 2023-01-12 17:12:00+00:00
OOS Start Bar Index: 264732 | Time: 2023-01-12 17:13:00+00:00
ADF Test Result: p-value=0.1785 (Required < 0.05) | OLS Beta: 1.0552
Filter ON: Spread not stationary (p-value too high). Skipping optimization and OOS test.

--- Window 44 Boundary Check ---
IS Period RTH Bars: 14666. Start: 2022-12-07 19:23:00+00:00 | End: 2023-02-06 16:19:00+00:00
OOS Start Bar Index: 270582 | Time: 2023-02-06 16:20:00+00:00
ADF Test Result: p-value=0.5494 (Required < 0.05) | OLS Beta: 0.9895
Filter ON: Spread not stationary (p-value too high). Skipping optimization and OOS test.

--- Window 45 Boundary Check ---
IS Period RTH Bars: 14666. Start: 2022-12-30 16:15:00+00:00 | End: 2023-03-01 18:25:00+00:00
OOS Start Bar Index: 276432 | Time: 2023-03-01 18:26:00+00:00
ADF Test Result: p-value=0.8511 (Required < 0.05) | OLS Beta: 0.9185
Filter ON: Spread not stationary (p-value too high). Skipping optimization and OOS test.

--- Window 46 Boundary Check ---
IS Period RTH Bars: 14666. Start: 2023-01-25 15:50:00+00:00 | End: 2023-03-23 16:49:00+00:00
OOS Start Bar Index: 282282 | Time: 2023-03-23 16:50:00+00:00
ADF Test Result: p-value=0.0347 (Required < 0.05) | OLS Beta: 1.0849
Filter OFF: Spread is stationary. Proceeding with optimization.
IS Optimization Time: 0.13 seconds.
Optimal Params (Sharpe=5.6301, Calmar=100.4586): Z_E=2.7, Z_X=0.3, Z_SL=4.8
📊 Persistence: Saved 2102 PnL points to wfa_outputs\oos_equity_curve_IXUS_SPDW_1m_20251118_091459_0.05.csv
OOS Period (2023-03-23 16:50:00+00:00 to 2023-04-17 19:39:00+00:00): PnL: $-1.09 | Sharpe: -4.0991 | Calmar: -14.5210 | Trades: 1

--- Window 47 Boundary Check ---
IS Period RTH Bars: 14666. Start: 2023-02-16 16:46:00+00:00 | End: 2023-04-17 19:39:00+00:00
OOS Start Bar Index: 288132 | Time: 2023-04-17 19:40:00+00:00
ADF Test Result: p-value=0.0044 (Required < 0.05) | OLS Beta: 0.9462
Filter OFF: Spread is stationary. Proceeding with optimization.
IS Optimization Time: 0.13 seconds.
Optimal Params (Sharpe=5.8543, Calmar=37.3440): Z_E=1.9, Z_X=0.5, Z_SL=4.8
📊 Persistence: Saved 2246 PnL points to wfa_outputs\oos_equity_curve_IXUS_SPDW_1m_20251118_091459_0.05.csv
OOS Period (2023-04-17 19:40:00+00:00 to 2023-05-11 14:02:00+00:00): PnL: $-6.91 | Sharpe: -0.7765 | Calmar: -2.9399 | Trades: 144

--- Window 48 Boundary Check ---
IS Period RTH Bars: 14666. Start: 2023-03-13 17:01:00+00:00 | End: 2023-05-11 14:02:00+00:00
OOS Start Bar Index: 293982 | Time: 2023-05-11 14:03:00+00:00
ADF Test Result: p-value=0.2182 (Required < 0.05) | OLS Beta: 0.8928
Filter ON: Spread not stationary (p-value too high). Skipping optimization and OOS test.

--- Window 49 Boundary Check ---
IS Period RTH Bars: 14666. Start: 2023-04-04 17:20:00+00:00 | End: 2023-06-06 14:07:00+00:00
OOS Start Bar Index: 299832 | Time: 2023-06-06 14:08:00+00:00
ADF Test Result: p-value=0.1134 (Required < 0.05) | OLS Beta: 0.9309
Filter ON: Spread not stationary (p-value too high). Skipping optimization and OOS test.

--- Window 50 Boundary Check ---
IS Period RTH Bars: 14666. Start: 2023-04-28 16:00:00+00:00 | End: 2023-06-30 14:10:00+00:00
OOS Start Bar Index: 305682 | Time: 2023-06-30 14:11:00+00:00
ADF Test Result: p-value=0.0565 (Required < 0.05) | OLS Beta: 1.0304
Filter ON: Spread not stationary (p-value too high). Skipping optimization and OOS test.

--- Window 51 Boundary Check ---
IS Period RTH Bars: 14666. Start: 2023-05-23 17:53:00+00:00 | End: 2023-07-26 19:07:00+00:00
OOS Start Bar Index: 311532 | Time: 2023-07-26 19:08:00+00:00
ADF Test Result: p-value=0.0127 (Required < 0.05) | OLS Beta: 1.0216
Filter OFF: Spread is stationary. Proceeding with optimization.
IS Optimization Time: 0.13 seconds.
Optimal Params (Sharpe=1.9414, Calmar=4.3036): Z_E=1.9, Z_X=0.7, Z_SL=4.5
📊 Persistence: Saved 2262 PnL points to wfa_outputs\oos_equity_curve_IXUS_SPDW_1m_20251118_091459_0.05.csv
OOS Period (2023-07-26 19:08:00+00:00 to 2023-08-18 14:27:00+00:00): PnL: $24.55 | Sharpe: 3.2001 | Calmar: 23.2029 | Trades: 16

--- Window 52 Boundary Check ---
IS Period RTH Bars: 14666. Start: 2023-06-16 15:17:00+00:00 | End: 2023-08-18 14:27:00+00:00
OOS Start Bar Index: 317382 | Time: 2023-08-18 14:28:00+00:00
ADF Test Result: p-value=0.1321 (Required < 0.05) | OLS Beta: 1.0098
Filter ON: Spread not stationary (p-value too high). Skipping optimization and OOS test.

--- Window 53 Boundary Check ---
IS Period RTH Bars: 14666. Start: 2023-07-13 19:38:00+00:00 | End: 2023-09-12 17:50:00+00:00
OOS Start Bar Index: 323232 | Time: 2023-09-12 17:51:00+00:00
ADF Test Result: p-value=0.0498 (Required < 0.05) | OLS Beta: 0.9830
Filter OFF: Spread is stationary. Proceeding with optimization.
IS Optimization Time: 0.14 seconds.
Optimal Params (Sharpe=-0.7696, Calmar=-1.8769): Z_E=3.3, Z_X=1.5, Z_SL=4.2
📊 Persistence: Saved 2262 PnL points to wfa_outputs\oos_equity_curve_IXUS_SPDW_1m_20251118_091459_0.05.csv
OOS Period (2023-09-12 17:51:00+00:00 to 2023-10-04 18:35:00+00:00): PnL: $0.00 | Sharpe: 0.0000 | Calmar: 0.0000 | Trades: 0

--- Window 54 Boundary Check ---
IS Period RTH Bars: 14666. Start: 2023-08-08 13:59:00+00:00 | End: 2023-10-04 18:35:00+00:00
OOS Start Bar Index: 329082 | Time: 2023-10-04 18:36:00+00:00
ADF Test Result: p-value=0.0371 (Required < 0.05) | OLS Beta: 0.9446
Filter OFF: Spread is stationary. Proceeding with optimization.
IS Optimization Time: 0.13 seconds.
Optimal Params (Sharpe=2.7662, Calmar=21.6348): Z_E=3.1, Z_X=0.3, Z_SL=3.3
📊 Persistence: Saved 2262 PnL points to wfa_outputs\oos_equity_curve_IXUS_SPDW_1m_20251118_091459_0.05.csv
OOS Period (2023-10-04 18:36:00+00:00 to 2023-10-26 16:05:00+00:00): PnL: $0.00 | Sharpe: 0.0000 | Calmar: 0.0000 | Trades: 0

--- Window 55 Boundary Check ---
IS Period RTH Bars: 14666. Start: 2023-08-30 14:38:00+00:00 | End: 2023-10-26 16:05:00+00:00
OOS Start Bar Index: 334932 | Time: 2023-10-26 16:06:00+00:00
ADF Test Result: p-value=0.0056 (Required < 0.05) | OLS Beta: 0.9422
Filter OFF: Spread is stationary. Proceeding with optimization.
IS Optimization Time: 0.13 seconds.
Optimal Params (Sharpe=5.0585, Calmar=60.2556): Z_E=2.9, Z_X=0.3, Z_SL=4.8
📊 Persistence: Saved 2264 PnL points to wfa_outputs\oos_equity_curve_IXUS_SPDW_1m_20251118_091459_0.05.csv
OOS Period (2023-10-26 16:06:00+00:00 to 2023-11-17 15:37:00+00:00): PnL: $30.22 | Sharpe: 5.7973 | Calmar: 0.0000 | Trades: 2

--- Window 56 Boundary Check ---
IS Period RTH Bars: 14666. Start: 2023-09-22 19:18:00+00:00 | End: 2023-11-17 15:37:00+00:00
OOS Start Bar Index: 340782 | Time: 2023-11-17 15:38:00+00:00
ADF Test Result: p-value=0.0097 (Required < 0.05) | OLS Beta: 0.9714
Filter OFF: Spread is stationary. Proceeding with optimization.
IS Optimization Time: 0.16 seconds.
Optimal Params (Sharpe=4.9762, Calmar=56.2718): Z_E=2.7, Z_X=1.1, Z_SL=3.9
📊 Persistence: Saved 3081 PnL points to wfa_outputs\oos_equity_curve_IXUS_SPDW_1m_20251118_091459_0.05.csv
OOS Period (2023-11-17 15:38:00+00:00 to 2023-12-13 16:07:00+00:00): PnL: $-5.74 | Sharpe: -0.6282 | Calmar: -1.9223 | Trades: 817

--- Window 57 Boundary Check ---
IS Period RTH Bars: 14666. Start: 2023-10-16 17:09:00+00:00 | End: 2023-12-13 16:07:00+00:00
OOS Start Bar Index: 346632 | Time: 2023-12-13 16:08:00+00:00
ADF Test Result: p-value=0.5299 (Required < 0.05) | OLS Beta: 0.9239
Filter ON: Spread not stationary (p-value too high). Skipping optimization and OOS test.

--- Window 58 Boundary Check ---
IS Period RTH Bars: 14666. Start: 2023-11-07 14:34:00+00:00 | End: 2024-01-08 16:19:00+00:00
OOS Start Bar Index: 352482 | Time: 2024-01-08 16:20:00+00:00
ADF Test Result: p-value=0.1525 (Required < 0.05) | OLS Beta: 0.8832
Filter ON: Spread not stationary (p-value too high). Skipping optimization and OOS test.

--- Window 59 Boundary Check ---
IS Period RTH Bars: 14666. Start: 2023-12-01 14:40:00+00:00 | End: 2024-01-31 17:04:00+00:00
OOS Start Bar Index: 358332 | Time: 2024-01-31 17:05:00+00:00
ADF Test Result: p-value=0.2786 (Required < 0.05) | OLS Beta: 0.9410
Filter ON: Spread not stationary (p-value too high). Skipping optimization and OOS test.

--- Window 60 Boundary Check ---
IS Period RTH Bars: 14666. Start: 2023-12-26 15:17:00+00:00 | End: 2024-02-23 18:44:00+00:00
OOS Start Bar Index: 364182 | Time: 2024-02-23 18:45:00+00:00
ADF Test Result: p-value=0.2020 (Required < 0.05) | OLS Beta: 1.0367
Filter ON: Spread not stationary (p-value too high). Skipping optimization and OOS test.

--- Window 61 Boundary Check ---
IS Period RTH Bars: 14666. Start: 2024-01-19 16:00:00+00:00 | End: 2024-03-19 13:32:00+00:00
OOS Start Bar Index: 370032 | Time: 2024-03-19 13:33:00+00:00
ADF Test Result: p-value=0.1109 (Required < 0.05) | OLS Beta: 0.9773
Filter ON: Spread not stationary (p-value too high). Skipping optimization and OOS test.

--- Window 62 Boundary Check ---
IS Period RTH Bars: 14666. Start: 2024-02-12 16:49:00+00:00 | End: 2024-04-11 18:40:00+00:00
OOS Start Bar Index: 375882 | Time: 2024-04-11 18:41:00+00:00
ADF Test Result: p-value=0.3922 (Required < 0.05) | OLS Beta: 0.9227
Filter ON: Spread not stationary (p-value too high). Skipping optimization and OOS test.

--- Window 63 Boundary Check ---
IS Period RTH Bars: 14666. Start: 2024-03-06 20:12:00+00:00 | End: 2024-05-03 17:50:00+00:00
OOS Start Bar Index: 381732 | Time: 2024-05-03 17:51:00+00:00
ADF Test Result: p-value=0.9392 (Required < 0.05) | OLS Beta: 0.8770
Filter ON: Spread not stationary (p-value too high). Skipping optimization and OOS test.

--- Window 64 Boundary Check ---
IS Period RTH Bars: 14666. Start: 2024-04-01 16:25:00+00:00 | End: 2024-05-30 13:47:00+00:00
OOS Start Bar Index: 387582 | Time: 2024-05-30 13:48:00+00:00
ADF Test Result: p-value=0.0424 (Required < 0.05) | OLS Beta: 1.0710
Filter OFF: Spread is stationary. Proceeding with optimization.
IS Optimization Time: 0.12 seconds.
Optimal Params (Sharpe=-0.2944, Calmar=-0.8189): Z_E=3.3, Z_X=0.3, Z_SL=3.6
📊 Persistence: Saved 3208 PnL points to wfa_outputs\oos_equity_curve_IXUS_SPDW_1m_20251118_091459_0.05.csv
OOS Period (2024-05-30 13:48:00+00:00 to 2024-06-25 17:26:00+00:00): PnL: $35.25 | Sharpe: 3.2556 | Calmar: 25.4369 | Trades: 127

--- Window 65 Boundary Check ---
IS Period RTH Bars: 14666. Start: 2024-04-23 16:31:00+00:00 | End: 2024-06-25 17:26:00+00:00
OOS Start Bar Index: 393432 | Time: 2024-06-25 17:27:00+00:00
ADF Test Result: p-value=0.2870 (Required < 0.05) | OLS Beta: 0.9648
Filter ON: Spread not stationary (p-value too high). Skipping optimization and OOS test.

--- Window 66 Boundary Check ---
IS Period RTH Bars: 14666. Start: 2024-05-16 13:38:00+00:00 | End: 2024-07-23 14:54:00+00:00
OOS Start Bar Index: 399282 | Time: 2024-07-23 14:55:00+00:00
ADF Test Result: p-value=0.6090 (Required < 0.05) | OLS Beta: 0.9392
Filter ON: Spread not stationary (p-value too high). Skipping optimization and OOS test.

--- Window 67 Boundary Check ---
IS Period RTH Bars: 14666. Start: 2024-06-11 18:32:00+00:00 | End: 2024-08-14 18:41:00+00:00
OOS Start Bar Index: 405132 | Time: 2024-08-14 18:42:00+00:00
ADF Test Result: p-value=0.1044 (Required < 0.05) | OLS Beta: 0.9528
Filter ON: Spread not stationary (p-value too high). Skipping optimization and OOS test.

--- Window 68 Boundary Check ---
IS Period RTH Bars: 14666. Start: 2024-07-10 13:35:00+00:00 | End: 2024-09-10 13:47:00+00:00
OOS Start Bar Index: 410982 | Time: 2024-09-10 13:48:00+00:00
ADF Test Result: p-value=0.3416 (Required < 0.05) | OLS Beta: 0.9106
Filter ON: Spread not stationary (p-value too high). Skipping optimization and OOS test.

--- Window 69 Boundary Check ---
IS Period RTH Bars: 14666. Start: 2024-08-02 16:45:00+00:00 | End: 2024-10-04 14:05:00+00:00
OOS Start Bar Index: 416832 | Time: 2024-10-04 14:06:00+00:00
ADF Test Result: p-value=0.9861 (Required < 0.05) | OLS Beta: 0.9895
Filter ON: Spread not stationary (p-value too high). Skipping optimization and OOS test.

--- Window 70 Boundary Check ---
IS Period RTH Bars: 14666. Start: 2024-08-27 14:24:00+00:00 | End: 2024-10-30 18:25:00+00:00
OOS Start Bar Index: 422682 | Time: 2024-10-30 18:26:00+00:00
ADF Test Result: p-value=0.7124 (Required < 0.05) | OLS Beta: 1.0541
Filter ON: Spread not stationary (p-value too high). Skipping optimization and OOS test.

--- Window 71 Boundary Check ---
IS Period RTH Bars: 14666. Start: 2024-09-23 13:51:00+00:00 | End: 2024-11-21 20:09:00+00:00
OOS Start Bar Index: 428532 | Time: 2024-11-21 20:10:00+00:00
ADF Test Result: p-value=0.0009 (Required < 0.05) | OLS Beta: 0.9736
Filter OFF: Spread is stationary. Proceeding with optimization.
IS Optimization Time: 0.15 seconds.
Optimal Params (Sharpe=4.7355, Calmar=17.7823): Z_E=2.7, Z_X=1.1, Z_SL=4.5
📊 Persistence: Saved 3208 PnL points to wfa_outputs\oos_equity_curve_IXUS_SPDW_1m_20251118_091459_0.05.csv
OOS Period (2024-11-21 20:10:00+00:00 to 2024-12-18 15:44:00+00:00): PnL: $0.00 | Sharpe: 0.0000 | Calmar: 0.0000 | Trades: 0

--- Window 72 Boundary Check ---
IS Period RTH Bars: 14666. Start: 2024-10-17 16:56:00+00:00 | End: 2024-12-18 15:44:00+00:00
OOS Start Bar Index: 434382 | Time: 2024-12-18 15:45:00+00:00
ADF Test Result: p-value=0.0736 (Required < 0.05) | OLS Beta: 1.0465
Filter ON: Spread not stationary (p-value too high). Skipping optimization and OOS test.

############################################################
📈 OVERALL SIMULATION PERFORMANCE (Walk-Forward Test)
############################################################
Timeframe Used: 1Min, Value: 1
ADF Cointegration Filter Threshold: 0.05
Total OOS Windows Tested: 72
Total Trades Executed: 3208
--- Final Performance Metrics ---
Total PnL: $115.88
Overall Sharpe Ratio (Annualized): 0.1902
Overall Calmar Ratio (Annualized): 0.0415
Maximum Dollar Drawdown (MDD): $127.35

--- Execution Time ---
Total Elapsed Time: 116.65 seconds
############################################################
[0m