--- Dynamic Timeframe Configuration ---
TimeFrame Selected: 1Hour, Value: 1
Bars per Trading Day: 6
Annualization Factor (Bars/Year): 1512
Statistical Lookback Bars: 33
Optimization Lookback Bars: 292
---------------------------------------
--- Diagnostic Check ---
API Key ID Length: 26
API Secret Key Length: 44
StockHistoricalDataClient initialized successfully. Starting data fetch...
--------------------------
Pre-compiling Numba function for first run optimization...
Numba pre-compilation complete.
Fetching data from 2020-01-01 to 2024-12-30...
Fetching 1Hour data for UDR...
Fetching 1Hour data for AVB...
Data acquired successfully. Total 1Hour RTH bars: 7494
Skipping full pre-calculation. Metrics will be calculated inside the WFA loop.

============================================================
📈 Starting Rolling Backtest: IS Optimization Window=292 bars, Shift=15 days
   Data already processed with Statistical Rolling Window: 33 bars
   ADF Cointegration Filter: p-value < 0.05
============================================================

--- Window 1 Boundary Check ---
IS Period RTH Bars: 228. Start: 2020-01-16 19:00:00+00:00 | End: 2020-03-12 17:00:00+00:00
OOS Start Bar Index: 292 | Time: 2020-03-12 18:00:00+00:00
ADF Test Result: p-value=0.1918 (Required < 0.05) | OLS Beta: 0.7706
Filter ON: Spread not stationary (p-value too high). Skipping optimization and OOS test.

--- Window 2 Boundary Check ---
IS Period RTH Bars: 228. Start: 2020-02-07 19:00:00+00:00 | End: 2020-04-02 17:00:00+00:00
OOS Start Bar Index: 382 | Time: 2020-04-02 18:00:00+00:00
ADF Test Result: p-value=0.0012 (Required < 0.05) | OLS Beta: 0.8487
Filter OFF: Spread is stationary. Proceeding with optimization.
IS Optimization Time: 0.06 seconds.
Optimal Params (Sharpe=2.7563, Calmar=155.8468): Z_E=2.5, Z_X=1.1, Z_SL=3.6
📊 Persistence: Saved 2 PnL points to wfa_outputs\oos_equity_curve_UDR_AVB_1h_20251108_115741_0.05.csv
OOS Period (2020-04-02 18:00:00+00:00 to 2020-04-24 17:00:00+00:00): PnL: $307.58 | Sharpe: 5.7442 | Calmar: 0.0000 | Trades: 2

--- Window 3 Boundary Check ---
IS Period RTH Bars: 228. Start: 2020-03-02 19:00:00+00:00 | End: 2020-04-24 17:00:00+00:00
OOS Start Bar Index: 472 | Time: 2020-04-24 18:00:00+00:00
ADF Test Result: p-value=0.0319 (Required < 0.05) | OLS Beta: 0.8669
Filter OFF: Spread is stationary. Proceeding with optimization.
IS Optimization Time: 0.07 seconds.
Optimal Params (Sharpe=2.7033, Calmar=158.7199): Z_E=2.5, Z_X=1.1, Z_SL=3.6
📊 Persistence: Saved 2 PnL points to wfa_outputs\oos_equity_curve_UDR_AVB_1h_20251108_115741_0.05.csv
OOS Period (2020-04-24 18:00:00+00:00 to 2020-05-15 17:00:00+00:00): PnL: $0.00 | Sharpe: 0.0000 | Calmar: 0.0000 | Trades: 0

--- Window 4 Boundary Check ---
IS Period RTH Bars: 228. Start: 2020-03-23 18:00:00+00:00 | End: 2020-05-15 17:00:00+00:00
OOS Start Bar Index: 562 | Time: 2020-05-15 18:00:00+00:00
ADF Test Result: p-value=0.0563 (Required < 0.05) | OLS Beta: 0.8341
Filter ON: Spread not stationary (p-value too high). Skipping optimization and OOS test.

--- Window 5 Boundary Check ---
IS Period RTH Bars: 228. Start: 2020-04-14 18:00:00+00:00 | End: 2020-06-08 17:00:00+00:00
OOS Start Bar Index: 652 | Time: 2020-06-08 18:00:00+00:00
ADF Test Result: p-value=0.4469 (Required < 0.05) | OLS Beta: 1.0908
Filter ON: Spread not stationary (p-value too high). Skipping optimization and OOS test.

--- Window 6 Boundary Check ---
IS Period RTH Bars: 228. Start: 2020-05-05 18:00:00+00:00 | End: 2020-06-29 17:00:00+00:00
OOS Start Bar Index: 742 | Time: 2020-06-29 18:00:00+00:00
ADF Test Result: p-value=0.0084 (Required < 0.05) | OLS Beta: 1.1147
Filter OFF: Spread is stationary. Proceeding with optimization.
IS Optimization Time: 0.06 seconds.
Optimal Params (Sharpe=4.7584, Calmar=54.9818): Z_E=2.1, Z_X=1.5, Z_SL=3.3
📊 Persistence: Saved 2 PnL points to wfa_outputs\oos_equity_curve_UDR_AVB_1h_20251108_115741_0.05.csv
OOS Period (2020-06-29 18:00:00+00:00 to 2020-07-21 17:00:00+00:00): PnL: $0.00 | Sharpe: 0.0000 | Calmar: 0.0000 | Trades: 0

--- Window 7 Boundary Check ---
IS Period RTH Bars: 228. Start: 2020-05-27 18:00:00+00:00 | End: 2020-07-21 17:00:00+00:00
OOS Start Bar Index: 832 | Time: 2020-07-21 18:00:00+00:00
ADF Test Result: p-value=0.0054 (Required < 0.05) | OLS Beta: 1.0056
Filter OFF: Spread is stationary. Proceeding with optimization.
IS Optimization Time: 0.09 seconds.
Optimal Params (Sharpe=4.9876, Calmar=6240.3006): Z_E=1.9, Z_X=0.3, Z_SL=3.6
📊 Persistence: Saved 5 PnL points to wfa_outputs\oos_equity_curve_UDR_AVB_1h_20251108_115741_0.05.csv
OOS Period (2020-07-21 18:00:00+00:00 to 2020-08-11 17:00:00+00:00): PnL: $277.84 | Sharpe: 6.5641 | Calmar: 0.0000 | Trades: 3

--- Window 8 Boundary Check ---
IS Period RTH Bars: 228. Start: 2020-06-17 18:00:00+00:00 | End: 2020-08-11 17:00:00+00:00
OOS Start Bar Index: 922 | Time: 2020-08-11 18:00:00+00:00
ADF Test Result: p-value=0.0721 (Required < 0.05) | OLS Beta: 0.9146
Filter ON: Spread not stationary (p-value too high). Skipping optimization and OOS test.

--- Window 9 Boundary Check ---
IS Period RTH Bars: 228. Start: 2020-07-09 18:00:00+00:00 | End: 2020-09-01 17:00:00+00:00
OOS Start Bar Index: 1012 | Time: 2020-09-01 18:00:00+00:00
ADF Test Result: p-value=0.0478 (Required < 0.05) | OLS Beta: -0.2116
Filter OFF: Spread is stationary. Proceeding with optimization.
IS Optimization Time: 0.04 seconds.
Optimal Params (Sharpe=5.3524, Calmar=0.0000): Z_E=2.3, Z_X=1.3, Z_SL=3.3
📊 Persistence: Saved 13 PnL points to wfa_outputs\oos_equity_curve_UDR_AVB_1h_20251108_115741_0.05.csv
OOS Period (2020-09-01 18:00:00+00:00 to 2020-09-23 17:00:00+00:00): PnL: $191.73 | Sharpe: 2.4315 | Calmar: 26.1545 | Trades: 8

--- Window 10 Boundary Check ---
IS Period RTH Bars: 228. Start: 2020-07-30 18:00:00+00:00 | End: 2020-09-23 17:00:00+00:00
OOS Start Bar Index: 1102 | Time: 2020-09-23 18:00:00+00:00
ADF Test Result: p-value=0.5335 (Required < 0.05) | OLS Beta: 0.3896
Filter ON: Spread not stationary (p-value too high). Skipping optimization and OOS test.

--- Window 11 Boundary Check ---
IS Period RTH Bars: 228. Start: 2020-08-20 18:00:00+00:00 | End: 2020-10-14 17:00:00+00:00
OOS Start Bar Index: 1192 | Time: 2020-10-14 18:00:00+00:00
ADF Test Result: p-value=0.3398 (Required < 0.05) | OLS Beta: 0.9561
Filter ON: Spread not stationary (p-value too high). Skipping optimization and OOS test.

--- Window 12 Boundary Check ---
IS Period RTH Bars: 228. Start: 2020-09-11 18:00:00+00:00 | End: 2020-11-04 18:00:00+00:00
OOS Start Bar Index: 1282 | Time: 2020-11-04 19:00:00+00:00
ADF Test Result: p-value=0.7393 (Required < 0.05) | OLS Beta: 0.9462
Filter ON: Spread not stationary (p-value too high). Skipping optimization and OOS test.

--- Window 13 Boundary Check ---
IS Period RTH Bars: 228. Start: 2020-10-02 18:00:00+00:00 | End: 2020-11-25 18:00:00+00:00
OOS Start Bar Index: 1372 | Time: 2020-11-25 19:00:00+00:00
ADF Test Result: p-value=0.0719 (Required < 0.05) | OLS Beta: 1.1382
Filter ON: Spread not stationary (p-value too high). Skipping optimization and OOS test.

--- Window 14 Boundary Check ---
IS Period RTH Bars: 228. Start: 2020-10-23 18:00:00+00:00 | End: 2020-12-17 20:00:00+00:00
OOS Start Bar Index: 1462 | Time: 2020-12-18 15:00:00+00:00
ADF Test Result: p-value=0.6320 (Required < 0.05) | OLS Beta: 1.1621
Filter ON: Spread not stationary (p-value too high). Skipping optimization and OOS test.

--- Window 15 Boundary Check ---
IS Period RTH Bars: 228. Start: 2020-11-13 19:00:00+00:00 | End: 2021-01-12 16:00:00+00:00
OOS Start Bar Index: 1552 | Time: 2021-01-12 17:00:00+00:00
ADF Test Result: p-value=0.0487 (Required < 0.05) | OLS Beta: 0.7776
Filter OFF: Spread is stationary. Proceeding with optimization.
IS Optimization Time: 0.04 seconds.
Optimal Params (Sharpe=2.5752, Calmar=0.0000): Z_E=2.7, Z_X=1.3, Z_SL=3.3
📊 Persistence: Saved 14 PnL points to wfa_outputs\oos_equity_curve_UDR_AVB_1h_20251108_115741_0.05.csv
OOS Period (2021-01-12 17:00:00+00:00 to 2021-02-03 16:00:00+00:00): PnL: $67.57 | Sharpe: 4.1217 | Calmar: 0.0000 | Trades: 1

--- Window 16 Boundary Check ---
IS Period RTH Bars: 228. Start: 2020-12-08 15:00:00+00:00 | End: 2021-02-03 16:00:00+00:00
OOS Start Bar Index: 1642 | Time: 2021-02-03 17:00:00+00:00
ADF Test Result: p-value=0.0842 (Required < 0.05) | OLS Beta: 0.9417
Filter ON: Spread not stationary (p-value too high). Skipping optimization and OOS test.

--- Window 17 Boundary Check ---
IS Period RTH Bars: 228. Start: 2020-12-30 17:00:00+00:00 | End: 2021-02-25 16:00:00+00:00
OOS Start Bar Index: 1732 | Time: 2021-02-25 17:00:00+00:00
ADF Test Result: p-value=0.0471 (Required < 0.05) | OLS Beta: 1.0102
Filter OFF: Spread is stationary. Proceeding with optimization.
IS Optimization Time: 0.06 seconds.
Optimal Params (Sharpe=7.1259, Calmar=309.6349): Z_E=1.9, Z_X=0.5, Z_SL=3.3
📊 Persistence: Saved 14 PnL points to wfa_outputs\oos_equity_curve_UDR_AVB_1h_20251108_115741_0.05.csv
OOS Period (2021-02-25 17:00:00+00:00 to 2021-03-18 15:00:00+00:00): PnL: $0.00 | Sharpe: 0.0000 | Calmar: 0.0000 | Trades: 0

--- Window 18 Boundary Check ---
IS Period RTH Bars: 228. Start: 2021-01-22 17:00:00+00:00 | End: 2021-03-18 15:00:00+00:00
OOS Start Bar Index: 1822 | Time: 2021-03-18 16:00:00+00:00
ADF Test Result: p-value=0.0034 (Required < 0.05) | OLS Beta: 1.0710
Filter OFF: Spread is stationary. Proceeding with optimization.
IS Optimization Time: 0.06 seconds.
Optimal Params (Sharpe=4.8908, Calmar=295.9594): Z_E=1.9, Z_X=1.1, Z_SL=3.6
📊 Persistence: Saved 14 PnL points to wfa_outputs\oos_equity_curve_UDR_AVB_1h_20251108_115741_0.05.csv
OOS Period (2021-03-18 16:00:00+00:00 to 2021-04-09 15:00:00+00:00): PnL: $0.00 | Sharpe: 0.0000 | Calmar: 0.0000 | Trades: 0

--- Window 19 Boundary Check ---
IS Period RTH Bars: 228. Start: 2021-02-12 17:00:00+00:00 | End: 2021-04-09 15:00:00+00:00
OOS Start Bar Index: 1912 | Time: 2021-04-09 16:00:00+00:00
ADF Test Result: p-value=0.0000 (Required < 0.05) | OLS Beta: 0.9090
Filter OFF: Spread is stationary. Proceeding with optimization.
IS Optimization Time: 0.05 seconds.
Optimal Params (Sharpe=4.1837, Calmar=55.5041): Z_E=1.9, Z_X=1.1, Z_SL=3.3
📊 Persistence: Saved 35 PnL points to wfa_outputs\oos_equity_curve_UDR_AVB_1h_20251108_115741_0.05.csv
OOS Period (2021-04-09 16:00:00+00:00 to 2021-05-03 15:00:00+00:00): PnL: $-35.93 | Sharpe: -1.7755 | Calmar: -6.3091 | Trades: 21

--- Window 20 Boundary Check ---
IS Period RTH Bars: 228. Start: 2021-03-08 17:00:00+00:00 | End: 2021-05-03 15:00:00+00:00
OOS Start Bar Index: 2002 | Time: 2021-05-03 16:00:00+00:00
ADF Test Result: p-value=0.0001 (Required < 0.05) | OLS Beta: 1.3200
Filter OFF: Spread is stationary. Proceeding with optimization.
IS Optimization Time: 0.04 seconds.
Optimal Params (Sharpe=4.0002, Calmar=30.6948): Z_E=1.9, Z_X=0.3, Z_SL=3.3
📊 Persistence: Saved 63 PnL points to wfa_outputs\oos_equity_curve_UDR_AVB_1h_20251108_115741_0.05.csv
OOS Period (2021-05-03 16:00:00+00:00 to 2021-05-24 15:00:00+00:00): PnL: $-130.71 | Sharpe: -4.6638 | Calmar: -9.7626 | Trades: 28

--- Window 21 Boundary Check ---
IS Period RTH Bars: 228. Start: 2021-03-29 16:00:00+00:00 | End: 2021-05-24 15:00:00+00:00
OOS Start Bar Index: 2092 | Time: 2021-05-24 16:00:00+00:00
ADF Test Result: p-value=0.7629 (Required < 0.05) | OLS Beta: 0.8933
Filter ON: Spread not stationary (p-value too high). Skipping optimization and OOS test.

--- Window 22 Boundary Check ---
IS Period RTH Bars: 228. Start: 2021-04-21 16:00:00+00:00 | End: 2021-06-15 15:00:00+00:00
OOS Start Bar Index: 2182 | Time: 2021-06-15 16:00:00+00:00
ADF Test Result: p-value=0.6795 (Required < 0.05) | OLS Beta: 0.7408
Filter ON: Spread not stationary (p-value too high). Skipping optimization and OOS test.

--- Window 23 Boundary Check ---
IS Period RTH Bars: 228. Start: 2021-05-12 16:00:00+00:00 | End: 2021-07-07 15:00:00+00:00
OOS Start Bar Index: 2272 | Time: 2021-07-07 16:00:00+00:00
ADF Test Result: p-value=0.1801 (Required < 0.05) | OLS Beta: 1.0683
Filter ON: Spread not stationary (p-value too high). Skipping optimization and OOS test.

--- Window 24 Boundary Check ---
IS Period RTH Bars: 228. Start: 2021-06-03 16:00:00+00:00 | End: 2021-07-28 15:00:00+00:00
OOS Start Bar Index: 2362 | Time: 2021-07-28 16:00:00+00:00
ADF Test Result: p-value=0.1230 (Required < 0.05) | OLS Beta: 1.2232
Filter ON: Spread not stationary (p-value too high). Skipping optimization and OOS test.

--- Window 25 Boundary Check ---
IS Period RTH Bars: 228. Start: 2021-06-24 16:00:00+00:00 | End: 2021-08-18 15:00:00+00:00
OOS Start Bar Index: 2452 | Time: 2021-08-18 16:00:00+00:00
ADF Test Result: p-value=0.1637 (Required < 0.05) | OLS Beta: 1.3456
Filter ON: Spread not stationary (p-value too high). Skipping optimization and OOS test.

--- Window 26 Boundary Check ---
IS Period RTH Bars: 228. Start: 2021-07-16 16:00:00+00:00 | End: 2021-09-09 15:00:00+00:00
OOS Start Bar Index: 2542 | Time: 2021-09-09 16:00:00+00:00
ADF Test Result: p-value=0.4933 (Required < 0.05) | OLS Beta: 1.2405
Filter ON: Spread not stationary (p-value too high). Skipping optimization and OOS test.

--- Window 27 Boundary Check ---
IS Period RTH Bars: 228. Start: 2021-08-06 16:00:00+00:00 | End: 2021-09-30 15:00:00+00:00
OOS Start Bar Index: 2632 | Time: 2021-09-30 16:00:00+00:00
ADF Test Result: p-value=0.0701 (Required < 0.05) | OLS Beta: 0.8490
Filter ON: Spread not stationary (p-value too high). Skipping optimization and OOS test.

--- Window 28 Boundary Check ---
IS Period RTH Bars: 228. Start: 2021-08-27 16:00:00+00:00 | End: 2021-10-21 15:00:00+00:00
OOS Start Bar Index: 2722 | Time: 2021-10-21 16:00:00+00:00
ADF Test Result: p-value=0.0065 (Required < 0.05) | OLS Beta: 0.7308
Filter OFF: Spread is stationary. Proceeding with optimization.
IS Optimization Time: 0.06 seconds.
Optimal Params (Sharpe=3.3893, Calmar=15.1350): Z_E=1.9, Z_X=0.5, Z_SL=4.2
📊 Persistence: Saved 65 PnL points to wfa_outputs\oos_equity_curve_UDR_AVB_1h_20251108_115741_0.05.csv
OOS Period (2021-10-21 16:00:00+00:00 to 2021-11-12 16:00:00+00:00): PnL: $97.29 | Sharpe: 5.6125 | Calmar: 0.0000 | Trades: 2

--- Window 29 Boundary Check ---
IS Period RTH Bars: 228. Start: 2021-09-20 16:00:00+00:00 | End: 2021-11-12 16:00:00+00:00
OOS Start Bar Index: 2812 | Time: 2021-11-12 17:00:00+00:00
ADF Test Result: p-value=0.0138 (Required < 0.05) | OLS Beta: 0.6216
Filter OFF: Spread is stationary. Proceeding with optimization.
IS Optimization Time: 0.06 seconds.
Optimal Params (Sharpe=6.6924, Calmar=218.0059): Z_E=1.9, Z_X=1.3, Z_SL=3.3
📊 Persistence: Saved 81 PnL points to wfa_outputs\oos_equity_curve_UDR_AVB_1h_20251108_115741_0.05.csv
OOS Period (2021-11-12 17:00:00+00:00 to 2021-12-06 18:00:00+00:00): PnL: $80.46 | Sharpe: 2.5591 | Calmar: 13.4051 | Trades: 16

--- Window 30 Boundary Check ---
IS Period RTH Bars: 228. Start: 2021-10-11 16:00:00+00:00 | End: 2021-12-06 18:00:00+00:00
OOS Start Bar Index: 2902 | Time: 2021-12-06 19:00:00+00:00
ADF Test Result: p-value=0.3029 (Required < 0.05) | OLS Beta: 0.7597
Filter ON: Spread not stationary (p-value too high). Skipping optimization and OOS test.

--- Window 31 Boundary Check ---
IS Period RTH Bars: 228. Start: 2021-11-02 16:00:00+00:00 | End: 2021-12-28 18:00:00+00:00
OOS Start Bar Index: 2992 | Time: 2021-12-28 19:00:00+00:00
ADF Test Result: p-value=0.3384 (Required < 0.05) | OLS Beta: 1.3803
Filter ON: Spread not stationary (p-value too high). Skipping optimization and OOS test.

--- Window 32 Boundary Check ---
IS Period RTH Bars: 228. Start: 2021-11-23 17:00:00+00:00 | End: 2022-01-19 18:00:00+00:00
OOS Start Bar Index: 3082 | Time: 2022-01-19 19:00:00+00:00
ADF Test Result: p-value=0.0434 (Required < 0.05) | OLS Beta: 0.8049
Filter OFF: Spread is stationary. Proceeding with optimization.
IS Optimization Time: 0.06 seconds.
Optimal Params (Sharpe=5.9893, Calmar=0.0000): Z_E=1.9, Z_X=0.5, Z_SL=3.3
📊 Persistence: Saved 92 PnL points to wfa_outputs\oos_equity_curve_UDR_AVB_1h_20251108_115741_0.05.csv
OOS Period (2022-01-19 19:00:00+00:00 to 2022-02-10 18:00:00+00:00): PnL: $-186.60 | Sharpe: -5.8719 | Calmar: -14.4065 | Trades: 11

--- Window 33 Boundary Check ---
IS Period RTH Bars: 228. Start: 2021-12-15 19:00:00+00:00 | End: 2022-02-10 18:00:00+00:00
OOS Start Bar Index: 3172 | Time: 2022-02-10 19:00:00+00:00
ADF Test Result: p-value=0.7175 (Required < 0.05) | OLS Beta: 1.0869
Filter ON: Spread not stationary (p-value too high). Skipping optimization and OOS test.

--- Window 34 Boundary Check ---
IS Period RTH Bars: 228. Start: 2022-01-06 19:00:00+00:00 | End: 2022-03-04 18:00:00+00:00
OOS Start Bar Index: 3262 | Time: 2022-03-04 19:00:00+00:00
ADF Test Result: p-value=0.0704 (Required < 0.05) | OLS Beta: 1.1944
Filter ON: Spread not stationary (p-value too high). Skipping optimization and OOS test.

--- Window 35 Boundary Check ---
IS Period RTH Bars: 228. Start: 2022-01-31 19:00:00+00:00 | End: 2022-03-28 17:00:00+00:00
OOS Start Bar Index: 3352 | Time: 2022-03-28 18:00:00+00:00
ADF Test Result: p-value=0.1747 (Required < 0.05) | OLS Beta: 1.0801
Filter ON: Spread not stationary (p-value too high). Skipping optimization and OOS test.

--- Window 36 Boundary Check ---
IS Period RTH Bars: 228. Start: 2022-02-22 19:00:00+00:00 | End: 2022-04-19 17:00:00+00:00
OOS Start Bar Index: 3442 | Time: 2022-04-19 18:00:00+00:00
ADF Test Result: p-value=0.2412 (Required < 0.05) | OLS Beta: 0.9831
Filter ON: Spread not stationary (p-value too high). Skipping optimization and OOS test.

--- Window 37 Boundary Check ---
IS Period RTH Bars: 228. Start: 2022-03-16 18:00:00+00:00 | End: 2022-05-10 17:00:00+00:00
OOS Start Bar Index: 3532 | Time: 2022-05-10 18:00:00+00:00
ADF Test Result: p-value=0.0656 (Required < 0.05) | OLS Beta: 0.9457
Filter ON: Spread not stationary (p-value too high). Skipping optimization and OOS test.

--- Window 38 Boundary Check ---
IS Period RTH Bars: 228. Start: 2022-04-06 18:00:00+00:00 | End: 2022-06-01 17:00:00+00:00
OOS Start Bar Index: 3622 | Time: 2022-06-01 18:00:00+00:00
ADF Test Result: p-value=0.0201 (Required < 0.05) | OLS Beta: 1.0111
Filter OFF: Spread is stationary. Proceeding with optimization.
IS Optimization Time: 0.07 seconds.
Optimal Params (Sharpe=5.0546, Calmar=0.0000): Z_E=2.3, Z_X=0.3, Z_SL=3.3
📊 Persistence: Saved 100 PnL points to wfa_outputs\oos_equity_curve_UDR_AVB_1h_20251108_115741_0.05.csv
OOS Period (2022-06-01 18:00:00+00:00 to 2022-06-23 17:00:00+00:00): PnL: $78.97 | Sharpe: 3.1456 | Calmar: 25.2413 | Trades: 8

--- Window 39 Boundary Check ---
IS Period RTH Bars: 228. Start: 2022-04-28 18:00:00+00:00 | End: 2022-06-23 17:00:00+00:00
OOS Start Bar Index: 3712 | Time: 2022-06-23 18:00:00+00:00
ADF Test Result: p-value=0.0244 (Required < 0.05) | OLS Beta: 1.1191
Filter OFF: Spread is stationary. Proceeding with optimization.
IS Optimization Time: 0.06 seconds.
Optimal Params (Sharpe=5.3986, Calmar=0.0000): Z_E=2.3, Z_X=0.3, Z_SL=3.3
📊 Persistence: Saved 104 PnL points to wfa_outputs\oos_equity_curve_UDR_AVB_1h_20251108_115741_0.05.csv
OOS Period (2022-06-23 18:00:00+00:00 to 2022-07-15 17:00:00+00:00): PnL: $34.07 | Sharpe: 1.2621 | Calmar: 7.5193 | Trades: 4

--- Window 40 Boundary Check ---
IS Period RTH Bars: 228. Start: 2022-05-19 18:00:00+00:00 | End: 2022-07-15 17:00:00+00:00
OOS Start Bar Index: 3802 | Time: 2022-07-15 18:00:00+00:00
ADF Test Result: p-value=0.5899 (Required < 0.05) | OLS Beta: 1.0435
Filter ON: Spread not stationary (p-value too high). Skipping optimization and OOS test.

--- Window 41 Boundary Check ---
IS Period RTH Bars: 228. Start: 2022-06-10 18:00:00+00:00 | End: 2022-08-05 17:00:00+00:00
OOS Start Bar Index: 3892 | Time: 2022-08-05 18:00:00+00:00
ADF Test Result: p-value=0.1679 (Required < 0.05) | OLS Beta: 0.8837
Filter ON: Spread not stationary (p-value too high). Skipping optimization and OOS test.

--- Window 42 Boundary Check ---
IS Period RTH Bars: 228. Start: 2022-07-05 18:00:00+00:00 | End: 2022-08-26 17:00:00+00:00
OOS Start Bar Index: 3982 | Time: 2022-08-26 18:00:00+00:00
ADF Test Result: p-value=0.8994 (Required < 0.05) | OLS Beta: 0.7701
Filter ON: Spread not stationary (p-value too high). Skipping optimization and OOS test.

--- Window 43 Boundary Check ---
IS Period RTH Bars: 228. Start: 2022-07-26 18:00:00+00:00 | End: 2022-09-19 17:00:00+00:00
OOS Start Bar Index: 4072 | Time: 2022-09-19 18:00:00+00:00
ADF Test Result: p-value=0.1663 (Required < 0.05) | OLS Beta: 1.1508
Filter ON: Spread not stationary (p-value too high). Skipping optimization and OOS test.

--- Window 44 Boundary Check ---
IS Period RTH Bars: 228. Start: 2022-08-16 18:00:00+00:00 | End: 2022-10-10 17:00:00+00:00
OOS Start Bar Index: 4162 | Time: 2022-10-10 18:00:00+00:00
ADF Test Result: p-value=0.1247 (Required < 0.05) | OLS Beta: 1.0540
Filter ON: Spread not stationary (p-value too high). Skipping optimization and OOS test.

--- Window 45 Boundary Check ---
IS Period RTH Bars: 228. Start: 2022-09-07 18:00:00+00:00 | End: 2022-10-31 17:00:00+00:00
OOS Start Bar Index: 4252 | Time: 2022-10-31 18:00:00+00:00
ADF Test Result: p-value=0.1874 (Required < 0.05) | OLS Beta: 0.9519
Filter ON: Spread not stationary (p-value too high). Skipping optimization and OOS test.

--- Window 46 Boundary Check ---
IS Period RTH Bars: 228. Start: 2022-09-28 18:00:00+00:00 | End: 2022-11-21 18:00:00+00:00
OOS Start Bar Index: 4342 | Time: 2022-11-21 19:00:00+00:00
ADF Test Result: p-value=0.3103 (Required < 0.05) | OLS Beta: 0.5317
Filter ON: Spread not stationary (p-value too high). Skipping optimization and OOS test.

--- Window 47 Boundary Check ---
IS Period RTH Bars: 228. Start: 2022-10-19 18:00:00+00:00 | End: 2022-12-13 20:00:00+00:00
OOS Start Bar Index: 4432 | Time: 2022-12-14 15:00:00+00:00
ADF Test Result: p-value=0.2043 (Required < 0.05) | OLS Beta: 0.4820
Filter ON: Spread not stationary (p-value too high). Skipping optimization and OOS test.

--- Window 48 Boundary Check ---
IS Period RTH Bars: 228. Start: 2022-11-09 19:00:00+00:00 | End: 2023-01-05 20:00:00+00:00
OOS Start Bar Index: 4522 | Time: 2023-01-06 15:00:00+00:00
ADF Test Result: p-value=0.0008 (Required < 0.05) | OLS Beta: 0.9941
Filter OFF: Spread is stationary. Proceeding with optimization.
IS Optimization Time: 0.06 seconds.
Optimal Params (Sharpe=4.5690, Calmar=97.0465): Z_E=1.9, Z_X=0.7, Z_SL=3.3
📊 Persistence: Saved 106 PnL points to wfa_outputs\oos_equity_curve_UDR_AVB_1h_20251108_115741_0.05.csv
OOS Period (2023-01-06 15:00:00+00:00 to 2023-01-27 20:00:00+00:00): PnL: $87.15 | Sharpe: 5.7743 | Calmar: 0.0000 | Trades: 2

--- Window 49 Boundary Check ---
IS Period RTH Bars: 228. Start: 2022-12-02 15:00:00+00:00 | End: 2023-01-27 20:00:00+00:00
OOS Start Bar Index: 4612 | Time: 2023-01-30 15:00:00+00:00
ADF Test Result: p-value=0.0071 (Required < 0.05) | OLS Beta: 0.9548
Filter OFF: Spread is stationary. Proceeding with optimization.
IS Optimization Time: 0.05 seconds.
Optimal Params (Sharpe=4.8379, Calmar=69.6099): Z_E=2.1, Z_X=0.7, Z_SL=3.3
📊 Persistence: Saved 147 PnL points to wfa_outputs\oos_equity_curve_UDR_AVB_1h_20251108_115741_0.05.csv
OOS Period (2023-01-30 15:00:00+00:00 to 2023-02-17 20:00:00+00:00): PnL: $-23.63 | Sharpe: -0.9212 | Calmar: -4.2281 | Trades: 41

--- Window 50 Boundary Check ---
IS Period RTH Bars: 228. Start: 2022-12-23 15:00:00+00:00 | End: 2023-02-17 20:00:00+00:00
OOS Start Bar Index: 4702 | Time: 2023-02-21 15:00:00+00:00
ADF Test Result: p-value=0.6984 (Required < 0.05) | OLS Beta: 1.2741
Filter ON: Spread not stationary (p-value too high). Skipping optimization and OOS test.

--- Window 51 Boundary Check ---
IS Period RTH Bars: 228. Start: 2023-01-18 15:00:00+00:00 | End: 2023-03-13 19:00:00+00:00
OOS Start Bar Index: 4792 | Time: 2023-03-14 14:00:00+00:00
ADF Test Result: p-value=0.6612 (Required < 0.05) | OLS Beta: 1.2538
Filter ON: Spread not stationary (p-value too high). Skipping optimization and OOS test.

--- Window 52 Boundary Check ---
IS Period RTH Bars: 228. Start: 2023-02-08 15:00:00+00:00 | End: 2023-04-03 19:00:00+00:00
OOS Start Bar Index: 4882 | Time: 2023-04-04 14:00:00+00:00
ADF Test Result: p-value=0.3745 (Required < 0.05) | OLS Beta: 1.1284
Filter ON: Spread not stationary (p-value too high). Skipping optimization and OOS test.

--- Window 53 Boundary Check ---
IS Period RTH Bars: 228. Start: 2023-03-02 15:00:00+00:00 | End: 2023-04-25 19:00:00+00:00
OOS Start Bar Index: 4972 | Time: 2023-04-26 14:00:00+00:00
ADF Test Result: p-value=0.1324 (Required < 0.05) | OLS Beta: 0.8299
Filter ON: Spread not stationary (p-value too high). Skipping optimization and OOS test.

--- Window 54 Boundary Check ---
IS Period RTH Bars: 228. Start: 2023-03-23 14:00:00+00:00 | End: 2023-05-16 19:00:00+00:00
OOS Start Bar Index: 5062 | Time: 2023-05-17 14:00:00+00:00
ADF Test Result: p-value=0.1845 (Required < 0.05) | OLS Beta: 0.4966
Filter ON: Spread not stationary (p-value too high). Skipping optimization and OOS test.

--- Window 55 Boundary Check ---
IS Period RTH Bars: 228. Start: 2023-04-14 14:00:00+00:00 | End: 2023-06-07 19:00:00+00:00
OOS Start Bar Index: 5152 | Time: 2023-06-08 14:00:00+00:00
ADF Test Result: p-value=0.3535 (Required < 0.05) | OLS Beta: 0.4983
Filter ON: Spread not stationary (p-value too high). Skipping optimization and OOS test.

--- Window 56 Boundary Check ---
IS Period RTH Bars: 228. Start: 2023-05-05 14:00:00+00:00 | End: 2023-06-29 19:00:00+00:00
OOS Start Bar Index: 5242 | Time: 2023-06-30 14:00:00+00:00
ADF Test Result: p-value=0.0815 (Required < 0.05) | OLS Beta: 0.8248
Filter ON: Spread not stationary (p-value too high). Skipping optimization and OOS test.

--- Window 57 Boundary Check ---
IS Period RTH Bars: 228. Start: 2023-05-26 14:00:00+00:00 | End: 2023-07-24 15:00:00+00:00
OOS Start Bar Index: 5332 | Time: 2023-07-24 16:00:00+00:00
ADF Test Result: p-value=0.1825 (Required < 0.05) | OLS Beta: 0.7946
Filter ON: Spread not stationary (p-value too high). Skipping optimization and OOS test.

--- Window 58 Boundary Check ---
IS Period RTH Bars: 228. Start: 2023-06-20 14:00:00+00:00 | End: 2023-08-14 15:00:00+00:00
OOS Start Bar Index: 5422 | Time: 2023-08-14 16:00:00+00:00
ADF Test Result: p-value=0.7820 (Required < 0.05) | OLS Beta: 1.1462
Filter ON: Spread not stationary (p-value too high). Skipping optimization and OOS test.

--- Window 59 Boundary Check ---
IS Period RTH Bars: 228. Start: 2023-07-12 16:00:00+00:00 | End: 2023-09-05 15:00:00+00:00
OOS Start Bar Index: 5512 | Time: 2023-09-05 16:00:00+00:00
ADF Test Result: p-value=0.1881 (Required < 0.05) | OLS Beta: 1.3136
Filter ON: Spread not stationary (p-value too high). Skipping optimization and OOS test.

--- Window 60 Boundary Check ---
IS Period RTH Bars: 228. Start: 2023-08-02 16:00:00+00:00 | End: 2023-09-26 15:00:00+00:00
OOS Start Bar Index: 5602 | Time: 2023-09-26 16:00:00+00:00
ADF Test Result: p-value=0.9239 (Required < 0.05) | OLS Beta: 1.2953
Filter ON: Spread not stationary (p-value too high). Skipping optimization and OOS test.

--- Window 61 Boundary Check ---
IS Period RTH Bars: 228. Start: 2023-08-23 16:00:00+00:00 | End: 2023-10-17 15:00:00+00:00
OOS Start Bar Index: 5692 | Time: 2023-10-17 16:00:00+00:00
ADF Test Result: p-value=0.7965 (Required < 0.05) | OLS Beta: 1.4952
Filter ON: Spread not stationary (p-value too high). Skipping optimization and OOS test.

--- Window 62 Boundary Check ---
IS Period RTH Bars: 228. Start: 2023-09-14 16:00:00+00:00 | End: 2023-11-07 16:00:00+00:00
OOS Start Bar Index: 5782 | Time: 2023-11-07 17:00:00+00:00
ADF Test Result: p-value=0.7902 (Required < 0.05) | OLS Beta: 1.5070
Filter ON: Spread not stationary (p-value too high). Skipping optimization and OOS test.

--- Window 63 Boundary Check ---
IS Period RTH Bars: 228. Start: 2023-10-05 16:00:00+00:00 | End: 2023-11-29 18:00:00+00:00
OOS Start Bar Index: 5872 | Time: 2023-11-29 19:00:00+00:00
ADF Test Result: p-value=0.4242 (Required < 0.05) | OLS Beta: 1.6463
Filter ON: Spread not stationary (p-value too high). Skipping optimization and OOS test.

--- Window 64 Boundary Check ---
IS Period RTH Bars: 228. Start: 2023-10-26 16:00:00+00:00 | End: 2023-12-20 18:00:00+00:00
OOS Start Bar Index: 5962 | Time: 2023-12-20 19:00:00+00:00
ADF Test Result: p-value=0.0012 (Required < 0.05) | OLS Beta: 1.2651
Filter OFF: Spread is stationary. Proceeding with optimization.
IS Optimization Time: 0.06 seconds.
Optimal Params (Sharpe=5.0615, Calmar=0.0000): Z_E=2.5, Z_X=1.3, Z_SL=3.3
📊 Persistence: Saved 158 PnL points to wfa_outputs\oos_equity_curve_UDR_AVB_1h_20251108_115741_0.05.csv
OOS Period (2023-12-20 19:00:00+00:00 to 2024-01-12 18:00:00+00:00): PnL: $-142.76 | Sharpe: -8.3715 | Calmar: -14.3145 | Trades: 11

--- Window 65 Boundary Check ---
IS Period RTH Bars: 228. Start: 2023-11-16 17:00:00+00:00 | End: 2024-01-12 18:00:00+00:00
OOS Start Bar Index: 6052 | Time: 2024-01-12 19:00:00+00:00
ADF Test Result: p-value=0.8354 (Required < 0.05) | OLS Beta: 1.4563
Filter ON: Spread not stationary (p-value too high). Skipping optimization and OOS test.

--- Window 66 Boundary Check ---
IS Period RTH Bars: 228. Start: 2023-12-08 19:00:00+00:00 | End: 2024-02-05 18:00:00+00:00
OOS Start Bar Index: 6142 | Time: 2024-02-05 19:00:00+00:00
ADF Test Result: p-value=0.3495 (Required < 0.05) | OLS Beta: 0.6854
Filter ON: Spread not stationary (p-value too high). Skipping optimization and OOS test.

--- Window 67 Boundary Check ---
IS Period RTH Bars: 228. Start: 2024-01-02 19:00:00+00:00 | End: 2024-02-27 18:00:00+00:00
OOS Start Bar Index: 6232 | Time: 2024-02-27 19:00:00+00:00
ADF Test Result: p-value=0.3361 (Required < 0.05) | OLS Beta: 1.2068
Filter ON: Spread not stationary (p-value too high). Skipping optimization and OOS test.

--- Window 68 Boundary Check ---
IS Period RTH Bars: 228. Start: 2024-01-24 19:00:00+00:00 | End: 2024-03-19 17:00:00+00:00
OOS Start Bar Index: 6322 | Time: 2024-03-19 18:00:00+00:00
ADF Test Result: p-value=0.0246 (Required < 0.05) | OLS Beta: 0.8676
Filter OFF: Spread is stationary. Proceeding with optimization.
IS Optimization Time: 0.06 seconds.
Optimal Params (Sharpe=3.8267, Calmar=78.6759): Z_E=1.9, Z_X=1.5, Z_SL=3.3
📊 Persistence: Saved 159 PnL points to wfa_outputs\oos_equity_curve_UDR_AVB_1h_20251108_115741_0.05.csv
OOS Period (2024-03-19 18:00:00+00:00 to 2024-04-10 17:00:00+00:00): PnL: $20.70 | Sharpe: 4.1217 | Calmar: 0.0000 | Trades: 1

--- Window 69 Boundary Check ---
IS Period RTH Bars: 228. Start: 2024-02-14 19:00:00+00:00 | End: 2024-04-10 17:00:00+00:00
OOS Start Bar Index: 6412 | Time: 2024-04-10 18:00:00+00:00
ADF Test Result: p-value=0.0357 (Required < 0.05) | OLS Beta: 0.9419
Filter OFF: Spread is stationary. Proceeding with optimization.
IS Optimization Time: 0.06 seconds.
Optimal Params (Sharpe=-0.6056, Calmar=-2.5274): Z_E=1.9, Z_X=0.9, Z_SL=3.3
📊 Persistence: Saved 163 PnL points to wfa_outputs\oos_equity_curve_UDR_AVB_1h_20251108_115741_0.05.csv
OOS Period (2024-04-10 18:00:00+00:00 to 2024-05-01 17:00:00+00:00): PnL: $38.64 | Sharpe: 1.1286 | Calmar: 7.3870 | Trades: 4

--- Window 70 Boundary Check ---
IS Period RTH Bars: 228. Start: 2024-03-07 19:00:00+00:00 | End: 2024-05-01 17:00:00+00:00
OOS Start Bar Index: 6502 | Time: 2024-05-01 18:00:00+00:00
ADF Test Result: p-value=0.1027 (Required < 0.05) | OLS Beta: 0.9163
Filter ON: Spread not stationary (p-value too high). Skipping optimization and OOS test.

--- Window 71 Boundary Check ---
IS Period RTH Bars: 228. Start: 2024-03-28 18:00:00+00:00 | End: 2024-05-22 17:00:00+00:00
OOS Start Bar Index: 6592 | Time: 2024-05-22 18:00:00+00:00
ADF Test Result: p-value=0.0044 (Required < 0.05) | OLS Beta: 1.0039
Filter OFF: Spread is stationary. Proceeding with optimization.
IS Optimization Time: 0.06 seconds.
Optimal Params (Sharpe=5.8196, Calmar=0.0000): Z_E=1.9, Z_X=0.7, Z_SL=3.3
📊 Persistence: Saved 164 PnL points to wfa_outputs\oos_equity_curve_UDR_AVB_1h_20251108_115741_0.05.csv
OOS Period (2024-05-22 18:00:00+00:00 to 2024-06-13 17:00:00+00:00): PnL: $45.46 | Sharpe: 4.1217 | Calmar: 0.0000 | Trades: 1

--- Window 72 Boundary Check ---
IS Period RTH Bars: 228. Start: 2024-04-19 18:00:00+00:00 | End: 2024-06-13 17:00:00+00:00
OOS Start Bar Index: 6682 | Time: 2024-06-13 18:00:00+00:00
ADF Test Result: p-value=0.0006 (Required < 0.05) | OLS Beta: 1.0980
Filter OFF: Spread is stationary. Proceeding with optimization.
IS Optimization Time: 0.04 seconds.
Optimal Params (Sharpe=6.1457, Calmar=0.0000): Z_E=1.9, Z_X=0.3, Z_SL=3.3
📊 Persistence: Saved 166 PnL points to wfa_outputs\oos_equity_curve_UDR_AVB_1h_20251108_115741_0.05.csv
OOS Period (2024-06-13 18:00:00+00:00 to 2024-07-08 19:00:00+00:00): PnL: $23.35 | Sharpe: 1.5784 | Calmar: 11.6753 | Trades: 2

--- Window 73 Boundary Check ---
IS Period RTH Bars: 228. Start: 2024-05-10 18:00:00+00:00 | End: 2024-07-08 19:00:00+00:00
OOS Start Bar Index: 6772 | Time: 2024-07-09 14:00:00+00:00
ADF Test Result: p-value=0.0721 (Required < 0.05) | OLS Beta: 0.9658
Filter ON: Spread not stationary (p-value too high). Skipping optimization and OOS test.

--- Window 74 Boundary Check ---
IS Period RTH Bars: 228. Start: 2024-06-03 18:00:00+00:00 | End: 2024-07-29 19:00:00+00:00
OOS Start Bar Index: 6862 | Time: 2024-07-30 14:00:00+00:00
ADF Test Result: p-value=0.0181 (Required < 0.05) | OLS Beta: 1.0080
Filter OFF: Spread is stationary. Proceeding with optimization.
IS Optimization Time: 0.07 seconds.
Optimal Params (Sharpe=5.2556, Calmar=90.6235): Z_E=2.3, Z_X=1.5, Z_SL=3.3
📊 Persistence: Saved 190 PnL points to wfa_outputs\oos_equity_curve_UDR_AVB_1h_20251108_115741_0.05.csv
OOS Period (2024-07-30 14:00:00+00:00 to 2024-08-19 19:00:00+00:00): PnL: $-89.21 | Sharpe: -2.0213 | Calmar: -7.7169 | Trades: 24

--- Window 75 Boundary Check ---
IS Period RTH Bars: 228. Start: 2024-06-25 18:00:00+00:00 | End: 2024-08-19 19:00:00+00:00
OOS Start Bar Index: 6952 | Time: 2024-08-20 14:00:00+00:00
ADF Test Result: p-value=0.1590 (Required < 0.05) | OLS Beta: 0.6126
Filter ON: Spread not stationary (p-value too high). Skipping optimization and OOS test.

--- Window 76 Boundary Check ---
IS Period RTH Bars: 228. Start: 2024-07-18 14:00:00+00:00 | End: 2024-09-10 19:00:00+00:00
OOS Start Bar Index: 7042 | Time: 2024-09-11 14:00:00+00:00
ADF Test Result: p-value=0.1193 (Required < 0.05) | OLS Beta: 0.9135
Filter ON: Spread not stationary (p-value too high). Skipping optimization and OOS test.

--- Window 77 Boundary Check ---
IS Period RTH Bars: 228. Start: 2024-08-08 14:00:00+00:00 | End: 2024-10-01 19:00:00+00:00
OOS Start Bar Index: 7132 | Time: 2024-10-02 14:00:00+00:00
ADF Test Result: p-value=0.0744 (Required < 0.05) | OLS Beta: 1.2216
Filter ON: Spread not stationary (p-value too high). Skipping optimization and OOS test.

--- Window 78 Boundary Check ---
IS Period RTH Bars: 228. Start: 2024-08-29 14:00:00+00:00 | End: 2024-10-22 19:00:00+00:00
OOS Start Bar Index: 7222 | Time: 2024-10-23 14:00:00+00:00
ADF Test Result: p-value=0.4946 (Required < 0.05) | OLS Beta: 1.0240
Filter ON: Spread not stationary (p-value too high). Skipping optimization and OOS test.

--- Window 79 Boundary Check ---
IS Period RTH Bars: 228. Start: 2024-09-20 14:00:00+00:00 | End: 2024-11-12 20:00:00+00:00
OOS Start Bar Index: 7312 | Time: 2024-11-13 15:00:00+00:00
ADF Test Result: p-value=0.6209 (Required < 0.05) | OLS Beta: 0.6244
Filter ON: Spread not stationary (p-value too high). Skipping optimization and OOS test.

--- Window 80 Boundary Check ---
IS Period RTH Bars: 228. Start: 2024-10-11 14:00:00+00:00 | End: 2024-12-05 16:00:00+00:00
OOS Start Bar Index: 7402 | Time: 2024-12-05 17:00:00+00:00
ADF Test Result: p-value=0.2683 (Required < 0.05) | OLS Beta: 0.9004
Filter ON: Spread not stationary (p-value too high). Skipping optimization and OOS test.

--- Window 81 Boundary Check ---
IS Period RTH Bars: 228. Start: 2024-11-01 14:00:00+00:00 | End: 2024-12-27 18:00:00+00:00
OOS Start Bar Index: 7492 | Time: 2024-12-27 19:00:00+00:00
ADF Test Result: p-value=0.1564 (Required < 0.05) | OLS Beta: 0.9485
Filter ON: Spread not stationary (p-value too high). Skipping optimization and OOS test.

############################################################
📈 OVERALL SIMULATION PERFORMANCE (Walk-Forward Test)
############################################################
Timeframe Used: 1Hour, Value: 1
ADF Cointegration Filter Threshold: 0.05
Total OOS Windows Tested: 81
Total Trades Executed: 190
--- Final Performance Metrics ---
Total PnL: $741.96
Overall Sharpe Ratio (Annualized): 0.2608
Overall Calmar Ratio (Annualized): 0.0955
Maximum Dollar Drawdown (MDD): $322.67

--- Execution Time ---
Total Elapsed Time: 32.38 seconds
############################################################
[0m