--- Dynamic Timeframe Configuration ---
TimeFrame Selected: 1Min, Value: 1
Bars per Trading Day: 390
Annualization Factor (Bars/Year): 98280
Statistical Lookback Bars: 2184
Optimization Lookback Bars: 19032
---------------------------------------
--- Diagnostic Check ---
API Key ID Length: 26
API Secret Key Length: 44
StockHistoricalDataClient initialized successfully. Starting data fetch...
--------------------------
Pre-compiling Numba function for first run optimization...
Numba pre-compilation complete.
Fetching data from 2020-01-15 to 2025-01-13...
Fetching 1Min data for DVN...
Fetching 1Min data for OXY...
Data acquired successfully. Total 1Min RTH bars: 486136
Skipping full pre-calculation. Metrics will be calculated inside the WFA loop.

============================================================
📈 Starting Rolling Backtest: IS Optimization Window=19032 bars, Shift=15 days
   Data already processed with Statistical Rolling Window: 2184 bars
   ADF Cointegration Filter: p-value < 0.05
============================================================

--- Window 1 Boundary Check ---
IS Period RTH Bars: 14666. Start: 2020-01-31 15:46:00+00:00 | End: 2020-03-26 14:48:00+00:00
OOS Start Bar Index: 19032 | Time: 2020-03-26 14:49:00+00:00
ADF Test Result: p-value=0.0327 (Required < 0.05) | OLS Beta: 0.9071
Filter OFF: Spread is stationary. Proceeding with optimization.
IS Optimization Time: 0.06 seconds.
Optimal Params (Sharpe=3.1760, Calmar=18.0857): Z_E=3.3, Z_X=0.3, Z_SL=3.6
📊 Persistence: Saved 0 PnL points to wfa_outputs\oos_equity_curve_DVN_OXY_1m_20251107_022122_0.05.csv
OOS Period (2020-03-26 14:49:00+00:00 to 2020-04-17 15:06:00+00:00): PnL: $0.00 | Sharpe: 0.0000 | Calmar: 0.0000 | Trades: 0

--- Window 2 Boundary Check ---
IS Period RTH Bars: 14666. Start: 2020-02-24 15:46:00+00:00 | End: 2020-04-17 15:06:00+00:00
OOS Start Bar Index: 24882 | Time: 2020-04-17 15:07:00+00:00
ADF Test Result: p-value=0.0080 (Required < 0.05) | OLS Beta: 0.8276
Filter OFF: Spread is stationary. Proceeding with optimization.
IS Optimization Time: 0.05 seconds.
Optimal Params (Sharpe=5.8023, Calmar=126.9411): Z_E=3.3, Z_X=0.7, Z_SL=3.6
📊 Persistence: Saved 1242 PnL points to wfa_outputs\oos_equity_curve_DVN_OXY_1m_20251107_022122_0.05.csv
OOS Period (2020-04-17 15:07:00+00:00 to 2020-05-08 15:06:00+00:00): PnL: $-1,142.69 | Sharpe: -9.0794 | Calmar: -7.1835 | Trades: 1242

--- Window 3 Boundary Check ---
IS Period RTH Bars: 14666. Start: 2020-03-16 17:01:00+00:00 | End: 2020-05-08 15:06:00+00:00
OOS Start Bar Index: 30732 | Time: 2020-05-08 15:07:00+00:00
ADF Test Result: p-value=0.5212 (Required < 0.05) | OLS Beta: 1.3398
Filter ON: Spread not stationary (p-value too high). Skipping optimization and OOS test.

--- Window 4 Boundary Check ---
IS Period RTH Bars: 14666. Start: 2020-04-06 17:41:00+00:00 | End: 2020-06-01 15:27:00+00:00
OOS Start Bar Index: 36582 | Time: 2020-06-01 15:28:00+00:00
ADF Test Result: p-value=0.6889 (Required < 0.05) | OLS Beta: 0.8344
Filter ON: Spread not stationary (p-value too high). Skipping optimization and OOS test.

--- Window 5 Boundary Check ---
IS Period RTH Bars: 14666. Start: 2020-04-28 17:41:00+00:00 | End: 2020-06-22 15:27:00+00:00
OOS Start Bar Index: 42432 | Time: 2020-06-22 15:28:00+00:00
ADF Test Result: p-value=0.0323 (Required < 0.05) | OLS Beta: 0.3764
Filter OFF: Spread is stationary. Proceeding with optimization.
IS Optimization Time: 0.06 seconds.
Optimal Params (Sharpe=2.2288, Calmar=7.4218): Z_E=1.9, Z_X=1.5, Z_SL=3.6
📊 Persistence: Saved 2422 PnL points to wfa_outputs\oos_equity_curve_DVN_OXY_1m_20251107_022122_0.05.csv
OOS Period (2020-06-22 15:28:00+00:00 to 2020-07-14 15:28:00+00:00): PnL: $-687.12 | Sharpe: -5.2763 | Calmar: -6.4468 | Trades: 1180

--- Window 6 Boundary Check ---
IS Period RTH Bars: 14666. Start: 2020-05-19 17:41:00+00:00 | End: 2020-07-14 15:28:00+00:00
OOS Start Bar Index: 48282 | Time: 2020-07-14 15:29:00+00:00
ADF Test Result: p-value=0.8010 (Required < 0.05) | OLS Beta: 0.3460
Filter ON: Spread not stationary (p-value too high). Skipping optimization and OOS test.

--- Window 7 Boundary Check ---
IS Period RTH Bars: 14666. Start: 2020-06-10 18:02:00+00:00 | End: 2020-08-04 15:28:00+00:00
OOS Start Bar Index: 54132 | Time: 2020-08-04 15:29:00+00:00
ADF Test Result: p-value=0.7534 (Required < 0.05) | OLS Beta: 1.0321
Filter ON: Spread not stationary (p-value too high). Skipping optimization and OOS test.

--- Window 8 Boundary Check ---
IS Period RTH Bars: 14666. Start: 2020-07-01 18:02:00+00:00 | End: 2020-08-25 15:31:00+00:00
OOS Start Bar Index: 59982 | Time: 2020-08-25 15:32:00+00:00
ADF Test Result: p-value=0.2685 (Required < 0.05) | OLS Beta: -0.2414
Filter ON: Spread not stationary (p-value too high). Skipping optimization and OOS test.

--- Window 9 Boundary Check ---
IS Period RTH Bars: 14666. Start: 2020-07-23 18:03:00+00:00 | End: 2020-09-16 15:32:00+00:00
OOS Start Bar Index: 65832 | Time: 2020-09-16 15:33:00+00:00
ADF Test Result: p-value=0.6049 (Required < 0.05) | OLS Beta: 0.3502
Filter ON: Spread not stationary (p-value too high). Skipping optimization and OOS test.

--- Window 10 Boundary Check ---
IS Period RTH Bars: 14666. Start: 2020-08-13 18:03:00+00:00 | End: 2020-10-07 15:32:00+00:00
OOS Start Bar Index: 71682 | Time: 2020-10-07 15:33:00+00:00
ADF Test Result: p-value=0.4029 (Required < 0.05) | OLS Beta: 0.5992
Filter ON: Spread not stationary (p-value too high). Skipping optimization and OOS test.

--- Window 11 Boundary Check ---
IS Period RTH Bars: 14666. Start: 2020-09-03 18:07:00+00:00 | End: 2020-10-28 15:33:00+00:00
OOS Start Bar Index: 77532 | Time: 2020-10-28 15:34:00+00:00
ADF Test Result: p-value=0.4317 (Required < 0.05) | OLS Beta: 0.5001
Filter ON: Spread not stationary (p-value too high). Skipping optimization and OOS test.

--- Window 12 Boundary Check ---
IS Period RTH Bars: 14666. Start: 2020-09-25 18:07:00+00:00 | End: 2020-11-18 16:33:00+00:00
OOS Start Bar Index: 83382 | Time: 2020-11-18 16:34:00+00:00
ADF Test Result: p-value=0.0431 (Required < 0.05) | OLS Beta: 1.1410
Filter OFF: Spread is stationary. Proceeding with optimization.
IS Optimization Time: 0.06 seconds.
Optimal Params (Sharpe=2.9770, Calmar=20.9192): Z_E=2.3, Z_X=0.3, Z_SL=3.3
📊 Persistence: Saved 3397 PnL points to wfa_outputs\oos_equity_curve_DVN_OXY_1m_20251107_022122_0.05.csv
OOS Period (2020-11-18 16:34:00+00:00 to 2020-12-10 19:28:00+00:00): PnL: $-753.01 | Sharpe: -7.8288 | Calmar: -9.1275 | Trades: 975

--- Window 13 Boundary Check ---
IS Period RTH Bars: 14666. Start: 2020-10-16 18:07:00+00:00 | End: 2020-12-10 19:28:00+00:00
OOS Start Bar Index: 89232 | Time: 2020-12-10 19:29:00+00:00
ADF Test Result: p-value=0.7712 (Required < 0.05) | OLS Beta: 0.8908
Filter ON: Spread not stationary (p-value too high). Skipping optimization and OOS test.

--- Window 14 Boundary Check ---
IS Period RTH Bars: 14666. Start: 2020-11-06 19:08:00+00:00 | End: 2021-01-05 15:54:00+00:00
OOS Start Bar Index: 95082 | Time: 2021-01-05 15:55:00+00:00
ADF Test Result: p-value=0.2494 (Required < 0.05) | OLS Beta: 0.6438
Filter ON: Spread not stationary (p-value too high). Skipping optimization and OOS test.

--- Window 15 Boundary Check ---
IS Period RTH Bars: 14666. Start: 2020-12-01 15:33:00+00:00 | End: 2021-01-27 15:54:00+00:00
OOS Start Bar Index: 100932 | Time: 2021-01-27 15:55:00+00:00
ADF Test Result: p-value=0.6785 (Required < 0.05) | OLS Beta: 0.7860
Filter ON: Spread not stationary (p-value too high). Skipping optimization and OOS test.

--- Window 16 Boundary Check ---
IS Period RTH Bars: 14666. Start: 2020-12-22 15:33:00+00:00 | End: 2021-02-18 15:54:00+00:00
OOS Start Bar Index: 106782 | Time: 2021-02-18 15:55:00+00:00
ADF Test Result: p-value=0.3339 (Required < 0.05) | OLS Beta: 0.6680
Filter ON: Spread not stationary (p-value too high). Skipping optimization and OOS test.

--- Window 17 Boundary Check ---
IS Period RTH Bars: 14666. Start: 2021-01-14 18:29:00+00:00 | End: 2021-03-11 15:54:00+00:00
OOS Start Bar Index: 112632 | Time: 2021-03-11 15:55:00+00:00
ADF Test Result: p-value=0.0698 (Required < 0.05) | OLS Beta: 0.9162
Filter ON: Spread not stationary (p-value too high). Skipping optimization and OOS test.

--- Window 18 Boundary Check ---
IS Period RTH Bars: 14666. Start: 2021-02-05 18:29:00+00:00 | End: 2021-04-01 14:54:00+00:00
OOS Start Bar Index: 118482 | Time: 2021-04-01 14:55:00+00:00
ADF Test Result: p-value=0.0833 (Required < 0.05) | OLS Beta: 1.1253
Filter ON: Spread not stationary (p-value too high). Skipping optimization and OOS test.

--- Window 19 Boundary Check ---
IS Period RTH Bars: 14666. Start: 2021-03-01 18:29:00+00:00 | End: 2021-04-26 14:53:00+00:00
OOS Start Bar Index: 124332 | Time: 2021-04-26 14:54:00+00:00
ADF Test Result: p-value=0.0303 (Required < 0.05) | OLS Beta: 0.4628
Filter OFF: Spread is stationary. Proceeding with optimization.
IS Optimization Time: 0.05 seconds.
Optimal Params (Sharpe=3.8766, Calmar=0.0000): Z_E=3.1, Z_X=0.7, Z_SL=3.6
📊 Persistence: Saved 4953 PnL points to wfa_outputs\oos_equity_curve_DVN_OXY_1m_20251107_022122_0.05.csv
OOS Period (2021-04-26 14:54:00+00:00 to 2021-05-17 14:58:00+00:00): PnL: $-409.75 | Sharpe: -4.6482 | Calmar: -8.2097 | Trades: 1556

--- Window 20 Boundary Check ---
IS Period RTH Bars: 14666. Start: 2021-03-22 17:29:00+00:00 | End: 2021-05-17 14:58:00+00:00
OOS Start Bar Index: 130182 | Time: 2021-05-17 14:59:00+00:00
ADF Test Result: p-value=0.9484 (Required < 0.05) | OLS Beta: 0.4856
Filter ON: Spread not stationary (p-value too high). Skipping optimization and OOS test.

--- Window 21 Boundary Check ---
IS Period RTH Bars: 14666. Start: 2021-04-13 17:29:00+00:00 | End: 2021-06-08 14:58:00+00:00
OOS Start Bar Index: 136032 | Time: 2021-06-08 14:59:00+00:00
ADF Test Result: p-value=0.5197 (Required < 0.05) | OLS Beta: 1.6377
Filter ON: Spread not stationary (p-value too high). Skipping optimization and OOS test.

--- Window 22 Boundary Check ---
IS Period RTH Bars: 14666. Start: 2021-05-05 17:33:00+00:00 | End: 2021-06-29 14:58:00+00:00
OOS Start Bar Index: 141882 | Time: 2021-06-29 14:59:00+00:00
ADF Test Result: p-value=0.6459 (Required < 0.05) | OLS Beta: 0.8019
Filter ON: Spread not stationary (p-value too high). Skipping optimization and OOS test.

--- Window 23 Boundary Check ---
IS Period RTH Bars: 14666. Start: 2021-05-26 17:33:00+00:00 | End: 2021-07-21 14:58:00+00:00
OOS Start Bar Index: 147732 | Time: 2021-07-21 14:59:00+00:00
ADF Test Result: p-value=0.6401 (Required < 0.05) | OLS Beta: 0.5538
Filter ON: Spread not stationary (p-value too high). Skipping optimization and OOS test.

--- Window 24 Boundary Check ---
IS Period RTH Bars: 14666. Start: 2021-06-17 17:33:00+00:00 | End: 2021-08-11 14:58:00+00:00
OOS Start Bar Index: 153582 | Time: 2021-08-11 14:59:00+00:00
ADF Test Result: p-value=0.2103 (Required < 0.05) | OLS Beta: 0.5846
Filter ON: Spread not stationary (p-value too high). Skipping optimization and OOS test.

--- Window 25 Boundary Check ---
IS Period RTH Bars: 14666. Start: 2021-07-09 17:33:00+00:00 | End: 2021-09-01 14:59:00+00:00
OOS Start Bar Index: 159432 | Time: 2021-09-01 15:00:00+00:00
ADF Test Result: p-value=0.6499 (Required < 0.05) | OLS Beta: 0.2011
Filter ON: Spread not stationary (p-value too high). Skipping optimization and OOS test.

--- Window 26 Boundary Check ---
IS Period RTH Bars: 14666. Start: 2021-07-30 17:33:00+00:00 | End: 2021-09-23 14:59:00+00:00
OOS Start Bar Index: 165282 | Time: 2021-09-23 15:00:00+00:00
ADF Test Result: p-value=0.6995 (Required < 0.05) | OLS Beta: 0.5729
Filter ON: Spread not stationary (p-value too high). Skipping optimization and OOS test.

--- Window 27 Boundary Check ---
IS Period RTH Bars: 14666. Start: 2021-08-20 17:34:00+00:00 | End: 2021-10-14 14:59:00+00:00
OOS Start Bar Index: 171132 | Time: 2021-10-14 15:00:00+00:00
ADF Test Result: p-value=0.1584 (Required < 0.05) | OLS Beta: 1.2038
Filter ON: Spread not stationary (p-value too high). Skipping optimization and OOS test.

--- Window 28 Boundary Check ---
IS Period RTH Bars: 14666. Start: 2021-09-13 17:34:00+00:00 | End: 2021-11-05 14:58:00+00:00
OOS Start Bar Index: 176982 | Time: 2021-11-05 14:59:00+00:00
ADF Test Result: p-value=0.1743 (Required < 0.05) | OLS Beta: 1.3467
Filter ON: Spread not stationary (p-value too high). Skipping optimization and OOS test.

--- Window 29 Boundary Check ---
IS Period RTH Bars: 14666. Start: 2021-10-04 17:34:00+00:00 | End: 2021-11-29 18:41:00+00:00
OOS Start Bar Index: 182832 | Time: 2021-11-29 18:42:00+00:00
ADF Test Result: p-value=0.0939 (Required < 0.05) | OLS Beta: -0.0568
Filter ON: Spread not stationary (p-value too high). Skipping optimization and OOS test.

--- Window 30 Boundary Check ---
IS Period RTH Bars: 14666. Start: 2021-10-26 17:33:00+00:00 | End: 2021-12-20 18:41:00+00:00
OOS Start Bar Index: 188682 | Time: 2021-12-20 18:42:00+00:00
ADF Test Result: p-value=0.0627 (Required < 0.05) | OLS Beta: 0.1741
Filter ON: Spread not stationary (p-value too high). Skipping optimization and OOS test.

--- Window 31 Boundary Check ---
IS Period RTH Bars: 14666. Start: 2021-11-16 18:33:00+00:00 | End: 2022-01-11 18:42:00+00:00
OOS Start Bar Index: 194532 | Time: 2022-01-11 18:43:00+00:00
ADF Test Result: p-value=0.1840 (Required < 0.05) | OLS Beta: 1.0210
Filter ON: Spread not stationary (p-value too high). Skipping optimization and OOS test.

--- Window 32 Boundary Check ---
IS Period RTH Bars: 14666. Start: 2021-12-09 14:46:00+00:00 | End: 2022-02-03 17:27:00+00:00
OOS Start Bar Index: 200382 | Time: 2022-02-03 17:28:00+00:00
ADF Test Result: p-value=0.3675 (Required < 0.05) | OLS Beta: 0.8307
Filter ON: Spread not stationary (p-value too high). Skipping optimization and OOS test.

--- Window 33 Boundary Check ---
IS Period RTH Bars: 14666. Start: 2021-12-31 14:47:00+00:00 | End: 2022-02-25 17:44:00+00:00
OOS Start Bar Index: 206232 | Time: 2022-02-25 17:45:00+00:00
ADF Test Result: p-value=0.0090 (Required < 0.05) | OLS Beta: 0.5362
Filter OFF: Spread is stationary. Proceeding with optimization.
IS Optimization Time: 0.05 seconds.
Optimal Params (Sharpe=2.0719, Calmar=6.2610): Z_E=2.5, Z_X=1.3, Z_SL=4.5
📊 Persistence: Saved 5757 PnL points to wfa_outputs\oos_equity_curve_DVN_OXY_1m_20251107_022122_0.05.csv
OOS Period (2022-02-25 17:45:00+00:00 to 2022-03-21 16:43:00+00:00): PnL: $149.69 | Sharpe: 1.1484 | Calmar: 3.6071 | Trades: 804

--- Window 34 Boundary Check ---
IS Period RTH Bars: 14666. Start: 2022-01-24 14:47:00+00:00 | End: 2022-03-21 16:43:00+00:00
OOS Start Bar Index: 212082 | Time: 2022-03-21 16:44:00+00:00
ADF Test Result: p-value=0.0030 (Required < 0.05) | OLS Beta: 0.2887
Filter OFF: Spread is stationary. Proceeding with optimization.
IS Optimization Time: 0.06 seconds.
Optimal Params (Sharpe=1.6576, Calmar=5.7679): Z_E=1.9, Z_X=0.3, Z_SL=4.5
📊 Persistence: Saved 5758 PnL points to wfa_outputs\oos_equity_curve_DVN_OXY_1m_20251107_022122_0.05.csv
OOS Period (2022-03-21 16:44:00+00:00 to 2022-04-11 16:43:00+00:00): PnL: $425.93 | Sharpe: 4.0991 | Calmar: 0.0000 | Trades: 1

--- Window 35 Boundary Check ---
IS Period RTH Bars: 14666. Start: 2022-02-14 20:02:00+00:00 | End: 2022-04-11 16:43:00+00:00
OOS Start Bar Index: 217932 | Time: 2022-04-11 16:44:00+00:00
ADF Test Result: p-value=0.0671 (Required < 0.05) | OLS Beta: 0.2972
Filter ON: Spread not stationary (p-value too high). Skipping optimization and OOS test.

--- Window 36 Boundary Check ---
IS Period RTH Bars: 14666. Start: 2022-03-09 20:18:00+00:00 | End: 2022-05-03 16:43:00+00:00
OOS Start Bar Index: 223782 | Time: 2022-05-03 16:44:00+00:00
ADF Test Result: p-value=0.0124 (Required < 0.05) | OLS Beta: 1.1532
Filter OFF: Spread is stationary. Proceeding with optimization.
IS Optimization Time: 0.06 seconds.
Optimal Params (Sharpe=0.8133, Calmar=2.6755): Z_E=3.1, Z_X=1.5, Z_SL=4.8
📊 Persistence: Saved 5759 PnL points to wfa_outputs\oos_equity_curve_DVN_OXY_1m_20251107_022122_0.05.csv
OOS Period (2022-05-03 16:44:00+00:00 to 2022-05-24 16:43:00+00:00): PnL: $211.48 | Sharpe: 4.0991 | Calmar: 0.0000 | Trades: 1

--- Window 37 Boundary Check ---
IS Period RTH Bars: 14666. Start: 2022-03-30 19:18:00+00:00 | End: 2022-05-24 16:43:00+00:00
OOS Start Bar Index: 229632 | Time: 2022-05-24 16:44:00+00:00
ADF Test Result: p-value=0.0028 (Required < 0.05) | OLS Beta: 1.1805
Filter OFF: Spread is stationary. Proceeding with optimization.
IS Optimization Time: 0.05 seconds.
Optimal Params (Sharpe=4.7375, Calmar=44.5138): Z_E=3.1, Z_X=1.5, Z_SL=4.8
📊 Persistence: Saved 5876 PnL points to wfa_outputs\oos_equity_curve_DVN_OXY_1m_20251107_022122_0.05.csv
OOS Period (2022-05-24 16:44:00+00:00 to 2022-06-15 16:43:00+00:00): PnL: $-64.82 | Sharpe: -1.4646 | Calmar: -5.3008 | Trades: 117

--- Window 38 Boundary Check ---
IS Period RTH Bars: 14666. Start: 2022-04-21 19:18:00+00:00 | End: 2022-06-15 16:43:00+00:00
OOS Start Bar Index: 235482 | Time: 2022-06-15 16:44:00+00:00
ADF Test Result: p-value=0.3281 (Required < 0.05) | OLS Beta: 1.1745
Filter ON: Spread not stationary (p-value too high). Skipping optimization and OOS test.

--- Window 39 Boundary Check ---
IS Period RTH Bars: 14666. Start: 2022-05-12 19:18:00+00:00 | End: 2022-07-08 16:43:00+00:00
OOS Start Bar Index: 241332 | Time: 2022-07-08 16:44:00+00:00
ADF Test Result: p-value=0.8213 (Required < 0.05) | OLS Beta: 1.4531
Filter ON: Spread not stationary (p-value too high). Skipping optimization and OOS test.

--- Window 40 Boundary Check ---
IS Period RTH Bars: 14666. Start: 2022-06-03 19:18:00+00:00 | End: 2022-07-29 16:43:00+00:00
OOS Start Bar Index: 247182 | Time: 2022-07-29 16:44:00+00:00
ADF Test Result: p-value=0.7477 (Required < 0.05) | OLS Beta: 1.5293
Filter ON: Spread not stationary (p-value too high). Skipping optimization and OOS test.

--- Window 41 Boundary Check ---
IS Period RTH Bars: 14666. Start: 2022-06-27 19:18:00+00:00 | End: 2022-08-19 17:13:00+00:00
OOS Start Bar Index: 253032 | Time: 2022-08-19 17:14:00+00:00
ADF Test Result: p-value=0.0862 (Required < 0.05) | OLS Beta: 1.5898
Filter ON: Spread not stationary (p-value too high). Skipping optimization and OOS test.

--- Window 42 Boundary Check ---
IS Period RTH Bars: 14666. Start: 2022-07-19 19:18:00+00:00 | End: 2022-09-12 17:13:00+00:00
OOS Start Bar Index: 258882 | Time: 2022-09-12 17:14:00+00:00
ADF Test Result: p-value=0.8273 (Required < 0.05) | OLS Beta: 1.2358
Filter ON: Spread not stationary (p-value too high). Skipping optimization and OOS test.

--- Window 43 Boundary Check ---
IS Period RTH Bars: 14666. Start: 2022-08-09 19:48:00+00:00 | End: 2022-10-03 17:13:00+00:00
OOS Start Bar Index: 264732 | Time: 2022-10-03 17:14:00+00:00
ADF Test Result: p-value=0.2190 (Required < 0.05) | OLS Beta: 0.9001
Filter ON: Spread not stationary (p-value too high). Skipping optimization and OOS test.

--- Window 44 Boundary Check ---
IS Period RTH Bars: 14666. Start: 2022-08-30 19:48:00+00:00 | End: 2022-10-24 17:13:00+00:00
OOS Start Bar Index: 270582 | Time: 2022-10-24 17:14:00+00:00
ADF Test Result: p-value=0.0526 (Required < 0.05) | OLS Beta: 1.2753
Filter ON: Spread not stationary (p-value too high). Skipping optimization and OOS test.

--- Window 45 Boundary Check ---
IS Period RTH Bars: 14666. Start: 2022-09-21 19:48:00+00:00 | End: 2022-11-14 18:13:00+00:00
OOS Start Bar Index: 276432 | Time: 2022-11-14 18:14:00+00:00
ADF Test Result: p-value=0.6539 (Required < 0.05) | OLS Beta: 1.0823
Filter ON: Spread not stationary (p-value too high). Skipping optimization and OOS test.

--- Window 46 Boundary Check ---
IS Period RTH Bars: 14666. Start: 2022-10-12 19:48:00+00:00 | End: 2022-12-07 14:31:00+00:00
OOS Start Bar Index: 282282 | Time: 2022-12-07 14:32:00+00:00
ADF Test Result: p-value=0.4545 (Required < 0.05) | OLS Beta: 0.7828
Filter ON: Spread not stationary (p-value too high). Skipping optimization and OOS test.

--- Window 47 Boundary Check ---
IS Period RTH Bars: 14666. Start: 2022-11-02 19:48:00+00:00 | End: 2022-12-29 14:31:00+00:00
OOS Start Bar Index: 288132 | Time: 2022-12-29 14:32:00+00:00
ADF Test Result: p-value=0.0070 (Required < 0.05) | OLS Beta: 0.8787
Filter OFF: Spread is stationary. Proceeding with optimization.
IS Optimization Time: 0.04 seconds.
Optimal Params (Sharpe=8.2410, Calmar=150.2385): Z_E=1.9, Z_X=1.3, Z_SL=3.3
📊 Persistence: Saved 5877 PnL points to wfa_outputs\oos_equity_curve_DVN_OXY_1m_20251107_022122_0.05.csv
OOS Period (2022-12-29 14:32:00+00:00 to 2023-01-23 14:31:00+00:00): PnL: $105.78 | Sharpe: 4.0991 | Calmar: 0.0000 | Trades: 1

--- Window 48 Boundary Check ---
IS Period RTH Bars: 14666. Start: 2022-11-23 20:48:00+00:00 | End: 2023-01-23 14:31:00+00:00
OOS Start Bar Index: 293982 | Time: 2023-01-23 14:32:00+00:00
ADF Test Result: p-value=0.0022 (Required < 0.05) | OLS Beta: 0.9840
Filter OFF: Spread is stationary. Proceeding with optimization.
IS Optimization Time: 0.05 seconds.
Optimal Params (Sharpe=5.1476, Calmar=18.9572): Z_E=1.9, Z_X=0.9, Z_SL=3.3
📊 Persistence: Saved 5880 PnL points to wfa_outputs\oos_equity_curve_DVN_OXY_1m_20251107_022122_0.05.csv
OOS Period (2023-01-23 14:32:00+00:00 to 2023-02-13 14:41:00+00:00): PnL: $179.58 | Sharpe: 6.8983 | Calmar: 0.0000 | Trades: 3

--- Window 49 Boundary Check ---
IS Period RTH Bars: 14666. Start: 2022-12-16 17:06:00+00:00 | End: 2023-02-13 14:41:00+00:00
OOS Start Bar Index: 299832 | Time: 2023-02-13 14:42:00+00:00
ADF Test Result: p-value=0.0244 (Required < 0.05) | OLS Beta: 1.1146
Filter OFF: Spread is stationary. Proceeding with optimization.
IS Optimization Time: 0.06 seconds.
Optimal Params (Sharpe=1.8753, Calmar=8.3937): Z_E=3.1, Z_X=1.5, Z_SL=3.3
📊 Persistence: Saved 8039 PnL points to wfa_outputs\oos_equity_curve_DVN_OXY_1m_20251107_022122_0.05.csv
OOS Period (2023-02-13 14:42:00+00:00 to 2023-03-07 14:41:00+00:00): PnL: $-110.87 | Sharpe: -2.0943 | Calmar: -5.6866 | Trades: 2159

--- Window 50 Boundary Check ---
IS Period RTH Bars: 14666. Start: 2023-01-10 17:06:00+00:00 | End: 2023-03-07 14:41:00+00:00
OOS Start Bar Index: 305682 | Time: 2023-03-07 14:42:00+00:00
ADF Test Result: p-value=0.0900 (Required < 0.05) | OLS Beta: 1.5896
Filter ON: Spread not stationary (p-value too high). Skipping optimization and OOS test.

--- Window 51 Boundary Check ---
IS Period RTH Bars: 14666. Start: 2023-02-01 17:16:00+00:00 | End: 2023-03-28 13:41:00+00:00
OOS Start Bar Index: 311532 | Time: 2023-03-28 13:42:00+00:00
ADF Test Result: p-value=0.4653 (Required < 0.05) | OLS Beta: 2.2324
Filter ON: Spread not stationary (p-value too high). Skipping optimization and OOS test.

--- Window 52 Boundary Check ---
IS Period RTH Bars: 14666. Start: 2023-02-23 17:16:00+00:00 | End: 2023-04-19 13:41:00+00:00
OOS Start Bar Index: 317382 | Time: 2023-04-19 13:42:00+00:00
ADF Test Result: p-value=0.6044 (Required < 0.05) | OLS Beta: 1.0406
Filter ON: Spread not stationary (p-value too high). Skipping optimization and OOS test.

--- Window 53 Boundary Check ---
IS Period RTH Bars: 14666. Start: 2023-03-16 16:16:00+00:00 | End: 2023-05-10 13:41:00+00:00
OOS Start Bar Index: 323232 | Time: 2023-05-10 13:42:00+00:00
ADF Test Result: p-value=0.4461 (Required < 0.05) | OLS Beta: 1.3346
Filter ON: Spread not stationary (p-value too high). Skipping optimization and OOS test.

--- Window 54 Boundary Check ---
IS Period RTH Bars: 14666. Start: 2023-04-06 16:16:00+00:00 | End: 2023-06-01 13:41:00+00:00
OOS Start Bar Index: 329082 | Time: 2023-06-01 13:42:00+00:00
ADF Test Result: p-value=0.1937 (Required < 0.05) | OLS Beta: 1.5153
Filter ON: Spread not stationary (p-value too high). Skipping optimization and OOS test.

--- Window 55 Boundary Check ---
IS Period RTH Bars: 14666. Start: 2023-04-28 16:16:00+00:00 | End: 2023-06-23 13:45:00+00:00
OOS Start Bar Index: 334932 | Time: 2023-06-23 13:46:00+00:00
ADF Test Result: p-value=0.3844 (Required < 0.05) | OLS Beta: 1.2879
Filter ON: Spread not stationary (p-value too high). Skipping optimization and OOS test.

--- Window 56 Boundary Check ---
IS Period RTH Bars: 14666. Start: 2023-05-19 16:16:00+00:00 | End: 2023-07-17 16:40:00+00:00
OOS Start Bar Index: 340782 | Time: 2023-07-17 16:41:00+00:00
ADF Test Result: p-value=0.4130 (Required < 0.05) | OLS Beta: 0.9135
Filter ON: Spread not stationary (p-value too high). Skipping optimization and OOS test.

--- Window 57 Boundary Check ---
IS Period RTH Bars: 14666. Start: 2023-06-12 16:20:00+00:00 | End: 2023-08-07 16:40:00+00:00
OOS Start Bar Index: 346632 | Time: 2023-08-07 16:41:00+00:00
ADF Test Result: p-value=0.4880 (Required < 0.05) | OLS Beta: 1.0134
Filter ON: Spread not stationary (p-value too high). Skipping optimization and OOS test.

--- Window 58 Boundary Check ---
IS Period RTH Bars: 14666. Start: 2023-07-05 19:15:00+00:00 | End: 2023-08-28 16:40:00+00:00
OOS Start Bar Index: 352482 | Time: 2023-08-28 16:41:00+00:00
ADF Test Result: p-value=0.3977 (Required < 0.05) | OLS Beta: 0.3782
Filter ON: Spread not stationary (p-value too high). Skipping optimization and OOS test.

--- Window 59 Boundary Check ---
IS Period RTH Bars: 14666. Start: 2023-07-26 19:15:00+00:00 | End: 2023-09-19 16:40:00+00:00
OOS Start Bar Index: 358332 | Time: 2023-09-19 16:41:00+00:00
ADF Test Result: p-value=0.2621 (Required < 0.05) | OLS Beta: 0.2082
Filter ON: Spread not stationary (p-value too high). Skipping optimization and OOS test.

--- Window 60 Boundary Check ---
IS Period RTH Bars: 14666. Start: 2023-08-16 19:15:00+00:00 | End: 2023-10-10 16:40:00+00:00
OOS Start Bar Index: 364182 | Time: 2023-10-10 16:41:00+00:00
ADF Test Result: p-value=0.9604 (Required < 0.05) | OLS Beta: 1.0651
Filter ON: Spread not stationary (p-value too high). Skipping optimization and OOS test.

--- Window 61 Boundary Check ---
IS Period RTH Bars: 14666. Start: 2023-09-07 19:15:00+00:00 | End: 2023-10-31 16:40:00+00:00
OOS Start Bar Index: 370032 | Time: 2023-10-31 16:41:00+00:00
ADF Test Result: p-value=0.0085 (Required < 0.05) | OLS Beta: 1.3227
Filter OFF: Spread is stationary. Proceeding with optimization.
IS Optimization Time: 0.06 seconds.
Optimal Params (Sharpe=2.6836, Calmar=19.5640): Z_E=3.3, Z_X=0.5, Z_SL=4.5
📊 Persistence: Saved 8039 PnL points to wfa_outputs\oos_equity_curve_DVN_OXY_1m_20251107_022122_0.05.csv
OOS Period (2023-10-31 16:41:00+00:00 to 2023-11-21 17:40:00+00:00): PnL: $0.00 | Sharpe: 0.0000 | Calmar: 0.0000 | Trades: 0

--- Window 62 Boundary Check ---
IS Period RTH Bars: 14666. Start: 2023-09-28 19:15:00+00:00 | End: 2023-11-21 17:40:00+00:00
OOS Start Bar Index: 375882 | Time: 2023-11-21 17:41:00+00:00
ADF Test Result: p-value=0.0787 (Required < 0.05) | OLS Beta: 1.1449
Filter ON: Spread not stationary (p-value too high). Skipping optimization and OOS test.

--- Window 63 Boundary Check ---
IS Period RTH Bars: 14666. Start: 2023-10-19 19:15:00+00:00 | End: 2023-12-13 20:35:00+00:00
OOS Start Bar Index: 381732 | Time: 2023-12-13 20:36:00+00:00
ADF Test Result: p-value=0.0341 (Required < 0.05) | OLS Beta: 0.6952
Filter OFF: Spread is stationary. Proceeding with optimization.
IS Optimization Time: 0.05 seconds.
Optimal Params (Sharpe=4.1466, Calmar=24.7605): Z_E=1.9, Z_X=1.5, Z_SL=3.9
📊 Persistence: Saved 8044 PnL points to wfa_outputs\oos_equity_curve_DVN_OXY_1m_20251107_022122_0.05.csv
OOS Period (2023-12-13 20:36:00+00:00 to 2024-01-05 20:35:00+00:00): PnL: $34.44 | Sharpe: 1.1136 | Calmar: 5.3369 | Trades: 5

--- Window 64 Boundary Check ---
IS Period RTH Bars: 14666. Start: 2023-11-09 20:15:00+00:00 | End: 2024-01-05 20:35:00+00:00
OOS Start Bar Index: 387582 | Time: 2024-01-05 20:36:00+00:00
ADF Test Result: p-value=0.2634 (Required < 0.05) | OLS Beta: 0.6958
Filter ON: Spread not stationary (p-value too high). Skipping optimization and OOS test.

--- Window 65 Boundary Check ---
IS Period RTH Bars: 14666. Start: 2023-12-04 16:40:00+00:00 | End: 2024-01-29 20:35:00+00:00
OOS Start Bar Index: 393432 | Time: 2024-01-29 20:36:00+00:00
ADF Test Result: p-value=0.6046 (Required < 0.05) | OLS Beta: 1.2538
Filter ON: Spread not stationary (p-value too high). Skipping optimization and OOS test.

--- Window 66 Boundary Check ---
IS Period RTH Bars: 14666. Start: 2023-12-26 16:40:00+00:00 | End: 2024-02-20 20:35:00+00:00
OOS Start Bar Index: 399282 | Time: 2024-02-20 20:36:00+00:00
ADF Test Result: p-value=0.6508 (Required < 0.05) | OLS Beta: 1.4277
Filter ON: Spread not stationary (p-value too high). Skipping optimization and OOS test.

--- Window 67 Boundary Check ---
IS Period RTH Bars: 14666. Start: 2024-01-18 16:40:00+00:00 | End: 2024-03-12 19:35:00+00:00
OOS Start Bar Index: 405132 | Time: 2024-03-12 19:36:00+00:00
ADF Test Result: p-value=0.3822 (Required < 0.05) | OLS Beta: 1.2498
Filter ON: Spread not stationary (p-value too high). Skipping optimization and OOS test.

--- Window 68 Boundary Check ---
IS Period RTH Bars: 14666. Start: 2024-02-08 16:40:00+00:00 | End: 2024-04-03 19:35:00+00:00
OOS Start Bar Index: 410982 | Time: 2024-04-03 19:36:00+00:00
ADF Test Result: p-value=0.0701 (Required < 0.05) | OLS Beta: 1.5289
Filter ON: Spread not stationary (p-value too high). Skipping optimization and OOS test.

--- Window 69 Boundary Check ---
IS Period RTH Bars: 14666. Start: 2024-03-01 16:40:00+00:00 | End: 2024-04-24 19:35:00+00:00
OOS Start Bar Index: 416832 | Time: 2024-04-24 19:36:00+00:00
ADF Test Result: p-value=0.0022 (Required < 0.05) | OLS Beta: 1.3850
Filter OFF: Spread is stationary. Proceeding with optimization.
IS Optimization Time: 0.05 seconds.
Optimal Params (Sharpe=6.1363, Calmar=43.5531): Z_E=2.1, Z_X=1.5, Z_SL=4.5
📊 Persistence: Saved 8064 PnL points to wfa_outputs\oos_equity_curve_DVN_OXY_1m_20251107_022122_0.05.csv
OOS Period (2024-04-24 19:36:00+00:00 to 2024-05-15 19:35:00+00:00): PnL: $147.44 | Sharpe: 2.6686 | Calmar: 23.2463 | Trades: 20

--- Window 70 Boundary Check ---
IS Period RTH Bars: 14666. Start: 2024-03-22 15:40:00+00:00 | End: 2024-05-15 19:35:00+00:00
OOS Start Bar Index: 422682 | Time: 2024-05-15 19:36:00+00:00
ADF Test Result: p-value=0.0086 (Required < 0.05) | OLS Beta: 0.9180
Filter OFF: Spread is stationary. Proceeding with optimization.
IS Optimization Time: 0.06 seconds.
Optimal Params (Sharpe=5.1533, Calmar=58.9528): Z_E=3.3, Z_X=1.1, Z_SL=3.6
📊 Persistence: Saved 8064 PnL points to wfa_outputs\oos_equity_curve_DVN_OXY_1m_20251107_022122_0.05.csv
OOS Period (2024-05-15 19:36:00+00:00 to 2024-06-06 19:40:00+00:00): PnL: $0.00 | Sharpe: 0.0000 | Calmar: 0.0000 | Trades: 0

--- Window 71 Boundary Check ---
IS Period RTH Bars: 14666. Start: 2024-04-15 15:40:00+00:00 | End: 2024-06-06 19:40:00+00:00
OOS Start Bar Index: 428532 | Time: 2024-06-06 19:41:00+00:00
ADF Test Result: p-value=0.0061 (Required < 0.05) | OLS Beta: 0.9628
Filter OFF: Spread is stationary. Proceeding with optimization.
IS Optimization Time: 0.05 seconds.
Optimal Params (Sharpe=5.2613, Calmar=61.7020): Z_E=3.1, Z_X=1.1, Z_SL=3.6
📊 Persistence: Saved 9582 PnL points to wfa_outputs\oos_equity_curve_DVN_OXY_1m_20251107_022122_0.05.csv
OOS Period (2024-06-06 19:41:00+00:00 to 2024-06-28 19:40:00+00:00): PnL: $-170.02 | Sharpe: -6.3818 | Calmar: -14.0271 | Trades: 1518

--- Window 72 Boundary Check ---
IS Period RTH Bars: 14666. Start: 2024-05-06 15:40:00+00:00 | End: 2024-06-28 19:40:00+00:00
OOS Start Bar Index: 434382 | Time: 2024-06-28 19:41:00+00:00
ADF Test Result: p-value=0.7881 (Required < 0.05) | OLS Beta: 1.0840
Filter ON: Spread not stationary (p-value too high). Skipping optimization and OOS test.

--- Window 73 Boundary Check ---
IS Period RTH Bars: 14666. Start: 2024-05-28 15:43:00+00:00 | End: 2024-07-23 16:04:00+00:00
OOS Start Bar Index: 440232 | Time: 2024-07-23 16:05:00+00:00
ADF Test Result: p-value=0.1214 (Required < 0.05) | OLS Beta: 0.6447
Filter ON: Spread not stationary (p-value too high). Skipping optimization and OOS test.

--- Window 74 Boundary Check ---
IS Period RTH Bars: 14666. Start: 2024-06-18 15:45:00+00:00 | End: 2024-08-13 16:04:00+00:00
OOS Start Bar Index: 446082 | Time: 2024-08-13 16:05:00+00:00
ADF Test Result: p-value=0.1912 (Required < 0.05) | OLS Beta: 0.9641
Filter ON: Spread not stationary (p-value too high). Skipping optimization and OOS test.

--- Window 75 Boundary Check ---
IS Period RTH Bars: 14666. Start: 2024-07-11 18:39:00+00:00 | End: 2024-09-04 16:04:00+00:00
OOS Start Bar Index: 451932 | Time: 2024-09-04 16:05:00+00:00
ADF Test Result: p-value=0.1849 (Required < 0.05) | OLS Beta: 0.8462
Filter ON: Spread not stationary (p-value too high). Skipping optimization and OOS test.

--- Window 76 Boundary Check ---
IS Period RTH Bars: 14666. Start: 2024-08-01 18:39:00+00:00 | End: 2024-09-25 16:04:00+00:00
OOS Start Bar Index: 457782 | Time: 2024-09-25 16:05:00+00:00
ADF Test Result: p-value=0.1646 (Required < 0.05) | OLS Beta: 0.9103
Filter ON: Spread not stationary (p-value too high). Skipping optimization and OOS test.

--- Window 77 Boundary Check ---
IS Period RTH Bars: 14666. Start: 2024-08-22 18:39:00+00:00 | End: 2024-10-16 16:04:00+00:00
OOS Start Bar Index: 463632 | Time: 2024-10-16 16:05:00+00:00
ADF Test Result: p-value=0.4151 (Required < 0.05) | OLS Beta: 1.0238
Filter ON: Spread not stationary (p-value too high). Skipping optimization and OOS test.

--- Window 78 Boundary Check ---
IS Period RTH Bars: 14666. Start: 2024-09-13 18:39:00+00:00 | End: 2024-11-06 17:04:00+00:00
OOS Start Bar Index: 469482 | Time: 2024-11-06 17:05:00+00:00
ADF Test Result: p-value=0.2360 (Required < 0.05) | OLS Beta: 0.9867
Filter ON: Spread not stationary (p-value too high). Skipping optimization and OOS test.

--- Window 79 Boundary Check ---
IS Period RTH Bars: 14666. Start: 2024-10-04 18:39:00+00:00 | End: 2024-11-27 17:04:00+00:00
OOS Start Bar Index: 475332 | Time: 2024-11-27 17:05:00+00:00
ADF Test Result: p-value=0.0653 (Required < 0.05) | OLS Beta: 1.1161
Filter ON: Spread not stationary (p-value too high). Skipping optimization and OOS test.

--- Window 80 Boundary Check ---
IS Period RTH Bars: 14666. Start: 2024-10-25 18:39:00+00:00 | End: 2024-12-19 19:59:00+00:00
OOS Start Bar Index: 481182 | Time: 2024-12-19 20:00:00+00:00
ADF Test Result: p-value=0.0098 (Required < 0.05) | OLS Beta: 2.0288
Filter OFF: Spread is stationary. Proceeding with optimization.
IS Optimization Time: 0.06 seconds.
Optimal Params (Sharpe=5.6526, Calmar=29.6296): Z_E=2.3, Z_X=1.5, Z_SL=3.6
📊 Persistence: Saved 11905 PnL points to wfa_outputs\oos_equity_curve_DVN_OXY_1m_20251107_022122_0.05.csv
OOS Period (2024-12-19 20:00:00+00:00 to 2025-01-10 20:59:00+00:00): PnL: $-64.57 | Sharpe: -1.2368 | Calmar: -5.2679 | Trades: 2323

############################################################
📈 OVERALL SIMULATION PERFORMANCE (Walk-Forward Test)
############################################################
Timeframe Used: 1Min, Value: 1
ADF Cointegration Filter Threshold: 0.05
Total OOS Windows Tested: 80
Total Trades Executed: 11905
--- Final Performance Metrics ---
Total PnL: $-2,148.51
Overall Sharpe Ratio (Annualized): -0.3397
Overall Calmar Ratio (Annualized): -0.0300
Maximum Dollar Drawdown (MDD): $3,180.08

--- Execution Time ---
Total Elapsed Time: 140.51 seconds
############################################################
[0m