--- Dynamic Timeframe Configuration ---
TimeFrame Selected: 1Min, Value: 1
Bars per Trading Day: 390
Annualization Factor (Bars/Year): 98280
Statistical Lookback Bars: 2184
Optimization Lookback Bars: 19032
---------------------------------------
--- Diagnostic Check ---
API Key ID Length: 26
API Secret Key Length: 44
StockHistoricalDataClient initialized successfully. Starting data fetch...
--------------------------
Pre-compiling Numba function for first run optimization...
Numba pre-compilation complete.
Fetching data from 2020-01-01 to 2024-12-30...
Fetching 1Min data for PEP...
Fetching 1Min data for KO...
Data acquired successfully. Total 1Min RTH bars: 487006
Skipping full pre-calculation. Metrics will be calculated inside the WFA loop.

============================================================
📈 Starting Rolling Backtest: IS Optimization Window=19032 bars, Shift=15 days
   Data already processed with Statistical Rolling Window: 2184 bars
   ADF Cointegration Filter: p-value < 0.1
============================================================

--- Window 1 Boundary Check ---
IS Period RTH Bars: 14666. Start: 2020-01-17 15:46:00+00:00 | End: 2020-03-12 19:13:00+00:00
OOS Start Bar Index: 19032 | Time: 2020-03-12 19:14:00+00:00
ADF Test Result: p-value=0.0564 (Required < 0.10) | OLS Beta: 0.8062
Filter OFF: Spread is stationary. Proceeding with optimization.
IS Optimization Time: 0.06 seconds.
Optimal Params (Sharpe=5.4088, Calmar=23.8517): Z_E=2.3, Z_X=1.1, Z_SL=4.5
📊 Persistence: Saved 2215 PnL points to wfa_outputs\oos_equity_curve_PEP_KO_1m_20251105_144500_0.1.csv
OOS Period (2020-03-12 19:14:00+00:00 to 2020-04-02 19:43:00+00:00): PnL: $113.13 | Sharpe: 0.6343 | Calmar: 3.8267 | Trades: 2215

--- Window 2 Boundary Check ---
IS Period RTH Bars: 14666. Start: 2020-02-10 15:49:00+00:00 | End: 2020-04-02 19:43:00+00:00
OOS Start Bar Index: 24882 | Time: 2020-04-02 19:44:00+00:00
ADF Test Result: p-value=0.0093 (Required < 0.10) | OLS Beta: 0.6272
Filter OFF: Spread is stationary. Proceeding with optimization.
IS Optimization Time: 0.05 seconds.
Optimal Params (Sharpe=5.0355, Calmar=99.5112): Z_E=2.9, Z_X=0.7, Z_SL=3.3
📊 Persistence: Saved 3918 PnL points to wfa_outputs\oos_equity_curve_PEP_KO_1m_20251105_144500_0.1.csv
OOS Period (2020-04-02 19:44:00+00:00 to 2020-04-24 19:43:00+00:00): PnL: $-165.46 | Sharpe: -3.7906 | Calmar: -10.4326 | Trades: 1703

--- Window 3 Boundary Check ---
IS Period RTH Bars: 14666. Start: 2020-03-03 15:49:00+00:00 | End: 2020-04-24 19:43:00+00:00
OOS Start Bar Index: 30732 | Time: 2020-04-24 19:44:00+00:00
ADF Test Result: p-value=0.5278 (Required < 0.10) | OLS Beta: 0.5842
Filter ON: Spread not stationary (p-value too high). Skipping optimization and OOS test.

--- Window 4 Boundary Check ---
IS Period RTH Bars: 14666. Start: 2020-03-24 15:48:00+00:00 | End: 2020-05-15 19:43:00+00:00
OOS Start Bar Index: 36582 | Time: 2020-05-15 19:44:00+00:00
ADF Test Result: p-value=0.7543 (Required < 0.10) | OLS Beta: 0.9522
Filter ON: Spread not stationary (p-value too high). Skipping optimization and OOS test.

--- Window 5 Boundary Check ---
IS Period RTH Bars: 14666. Start: 2020-04-15 15:48:00+00:00 | End: 2020-06-08 19:43:00+00:00
OOS Start Bar Index: 42432 | Time: 2020-06-08 19:44:00+00:00
ADF Test Result: p-value=0.0372 (Required < 0.10) | OLS Beta: 0.1440
Filter OFF: Spread is stationary. Proceeding with optimization.
IS Optimization Time: 0.06 seconds.
Optimal Params (Sharpe=4.5109, Calmar=0.0000): Z_E=3.1, Z_X=0.3, Z_SL=4.8
📊 Persistence: Saved 3918 PnL points to wfa_outputs\oos_equity_curve_PEP_KO_1m_20251105_144500_0.1.csv
OOS Period (2020-06-08 19:44:00+00:00 to 2020-06-29 19:43:00+00:00): PnL: $0.00 | Sharpe: 0.0000 | Calmar: 0.0000 | Trades: 0

--- Window 6 Boundary Check ---
IS Period RTH Bars: 14666. Start: 2020-05-06 15:48:00+00:00 | End: 2020-06-29 19:43:00+00:00
OOS Start Bar Index: 48282 | Time: 2020-06-29 19:44:00+00:00
ADF Test Result: p-value=0.0171 (Required < 0.10) | OLS Beta: 0.0996
Filter OFF: Spread is stationary. Proceeding with optimization.
IS Optimization Time: 0.06 seconds.
Optimal Params (Sharpe=2.2006, Calmar=8.5194): Z_E=2.1, Z_X=0.3, Z_SL=3.3
📊 Persistence: Saved 4017 PnL points to wfa_outputs\oos_equity_curve_PEP_KO_1m_20251105_144500_0.1.csv
OOS Period (2020-06-29 19:44:00+00:00 to 2020-07-21 19:43:00+00:00): PnL: $78.11 | Sharpe: 1.3700 | Calmar: 9.1697 | Trades: 99

--- Window 7 Boundary Check ---
IS Period RTH Bars: 14666. Start: 2020-05-28 15:48:00+00:00 | End: 2020-07-21 19:43:00+00:00
OOS Start Bar Index: 54132 | Time: 2020-07-21 19:44:00+00:00
ADF Test Result: p-value=0.0939 (Required < 0.10) | OLS Beta: 0.0960
Filter OFF: Spread is stationary. Proceeding with optimization.
IS Optimization Time: 0.05 seconds.
Optimal Params (Sharpe=4.9880, Calmar=34.4050): Z_E=1.9, Z_X=0.3, Z_SL=3.3
📊 Persistence: Saved 4018 PnL points to wfa_outputs\oos_equity_curve_PEP_KO_1m_20251105_144500_0.1.csv
OOS Period (2020-07-21 19:44:00+00:00 to 2020-08-11 19:45:00+00:00): PnL: $117.27 | Sharpe: 4.0991 | Calmar: 0.0000 | Trades: 1

--- Window 8 Boundary Check ---
IS Period RTH Bars: 14666. Start: 2020-06-18 15:48:00+00:00 | End: 2020-08-11 19:45:00+00:00
OOS Start Bar Index: 59982 | Time: 2020-08-11 19:46:00+00:00
ADF Test Result: p-value=0.0848 (Required < 0.10) | OLS Beta: 0.4565
Filter OFF: Spread is stationary. Proceeding with optimization.
IS Optimization Time: 0.05 seconds.
Optimal Params (Sharpe=7.1256, Calmar=55.9357): Z_E=2.1, Z_X=0.3, Z_SL=4.5
📊 Persistence: Saved 4018 PnL points to wfa_outputs\oos_equity_curve_PEP_KO_1m_20251105_144500_0.1.csv
OOS Period (2020-08-11 19:46:00+00:00 to 2020-09-01 19:48:00+00:00): PnL: $0.00 | Sharpe: 0.0000 | Calmar: 0.0000 | Trades: 0

--- Window 9 Boundary Check ---
IS Period RTH Bars: 14666. Start: 2020-07-10 15:48:00+00:00 | End: 2020-09-01 19:48:00+00:00
OOS Start Bar Index: 65832 | Time: 2020-09-01 19:49:00+00:00
ADF Test Result: p-value=0.0357 (Required < 0.10) | OLS Beta: 0.3805
Filter OFF: Spread is stationary. Proceeding with optimization.
IS Optimization Time: 0.05 seconds.
Optimal Params (Sharpe=5.3043, Calmar=39.9204): Z_E=1.9, Z_X=0.3, Z_SL=3.3
📊 Persistence: Saved 5435 PnL points to wfa_outputs\oos_equity_curve_PEP_KO_1m_20251105_144500_0.1.csv
OOS Period (2020-09-01 19:49:00+00:00 to 2020-09-23 19:49:00+00:00): PnL: $-162.94 | Sharpe: -2.9033 | Calmar: -6.8497 | Trades: 1417

--- Window 10 Boundary Check ---
IS Period RTH Bars: 14666. Start: 2020-07-31 15:48:00+00:00 | End: 2020-09-23 19:49:00+00:00
OOS Start Bar Index: 71682 | Time: 2020-09-23 19:50:00+00:00
ADF Test Result: p-value=0.6862 (Required < 0.10) | OLS Beta: 0.0609
Filter ON: Spread not stationary (p-value too high). Skipping optimization and OOS test.

--- Window 11 Boundary Check ---
IS Period RTH Bars: 14666. Start: 2020-08-21 15:53:00+00:00 | End: 2020-10-14 19:49:00+00:00
OOS Start Bar Index: 77532 | Time: 2020-10-14 19:50:00+00:00
ADF Test Result: p-value=0.7461 (Required < 0.10) | OLS Beta: 0.2915
Filter ON: Spread not stationary (p-value too high). Skipping optimization and OOS test.

--- Window 12 Boundary Check ---
IS Period RTH Bars: 14666. Start: 2020-09-14 15:54:00+00:00 | End: 2020-11-04 20:49:00+00:00
OOS Start Bar Index: 83382 | Time: 2020-11-04 20:50:00+00:00
ADF Test Result: p-value=0.6014 (Required < 0.10) | OLS Beta: 0.6789
Filter ON: Spread not stationary (p-value too high). Skipping optimization and OOS test.

--- Window 13 Boundary Check ---
IS Period RTH Bars: 14666. Start: 2020-10-05 15:54:00+00:00 | End: 2020-11-25 20:53:00+00:00
OOS Start Bar Index: 89232 | Time: 2020-11-25 20:54:00+00:00
ADF Test Result: p-value=0.1481 (Required < 0.10) | OLS Beta: 0.5765
Filter ON: Spread not stationary (p-value too high). Skipping optimization and OOS test.

--- Window 14 Boundary Check ---
IS Period RTH Bars: 14666. Start: 2020-10-26 15:54:00+00:00 | End: 2020-12-18 17:21:00+00:00
OOS Start Bar Index: 95082 | Time: 2020-12-18 17:22:00+00:00
ADF Test Result: p-value=0.0678 (Required < 0.10) | OLS Beta: 0.6889
Filter OFF: Spread is stationary. Proceeding with optimization.
IS Optimization Time: 0.06 seconds.
Optimal Params (Sharpe=4.8403, Calmar=28.6703): Z_E=1.9, Z_X=1.3, Z_SL=3.3
📊 Persistence: Saved 5460 PnL points to wfa_outputs\oos_equity_curve_PEP_KO_1m_20251105_144500_0.1.csv
OOS Period (2020-12-18 17:22:00+00:00 to 2021-01-12 20:26:00+00:00): PnL: $47.21 | Sharpe: 1.3668 | Calmar: 7.9168 | Trades: 25

--- Window 15 Boundary Check ---
IS Period RTH Bars: 14666. Start: 2020-11-16 16:56:00+00:00 | End: 2021-01-12 20:26:00+00:00
OOS Start Bar Index: 100932 | Time: 2021-01-12 20:27:00+00:00
ADF Test Result: p-value=0.0108 (Required < 0.10) | OLS Beta: 0.4078
Filter OFF: Spread is stationary. Proceeding with optimization.
IS Optimization Time: 0.05 seconds.
Optimal Params (Sharpe=6.1139, Calmar=52.7941): Z_E=2.7, Z_X=1.3, Z_SL=4.5
📊 Persistence: Saved 5463 PnL points to wfa_outputs\oos_equity_curve_PEP_KO_1m_20251105_144500_0.1.csv
OOS Period (2021-01-12 20:27:00+00:00 to 2021-02-03 20:26:00+00:00): PnL: $189.67 | Sharpe: 6.9961 | Calmar: 0.0000 | Trades: 3

--- Window 16 Boundary Check ---
IS Period RTH Bars: 14666. Start: 2020-12-08 19:54:00+00:00 | End: 2021-02-03 20:26:00+00:00
OOS Start Bar Index: 106782 | Time: 2021-02-03 20:27:00+00:00
ADF Test Result: p-value=0.0277 (Required < 0.10) | OLS Beta: 0.4370
Filter OFF: Spread is stationary. Proceeding with optimization.
IS Optimization Time: 0.06 seconds.
Optimal Params (Sharpe=9.4122, Calmar=71.7880): Z_E=1.9, Z_X=1.5, Z_SL=4.5
📊 Persistence: Saved 7308 PnL points to wfa_outputs\oos_equity_curve_PEP_KO_1m_20251105_144500_0.1.csv
OOS Period (2021-02-03 20:27:00+00:00 to 2021-02-25 20:26:00+00:00): PnL: $-500.83 | Sharpe: -10.2993 | Calmar: -11.3787 | Trades: 1845

--- Window 17 Boundary Check ---
IS Period RTH Bars: 14666. Start: 2020-12-31 16:27:00+00:00 | End: 2021-02-25 20:26:00+00:00
OOS Start Bar Index: 112632 | Time: 2021-02-25 20:27:00+00:00
ADF Test Result: p-value=0.8601 (Required < 0.10) | OLS Beta: 0.0909
Filter ON: Spread not stationary (p-value too high). Skipping optimization and OOS test.

--- Window 18 Boundary Check ---
IS Period RTH Bars: 14666. Start: 2021-01-25 16:31:00+00:00 | End: 2021-03-18 19:26:00+00:00
OOS Start Bar Index: 118482 | Time: 2021-03-18 19:27:00+00:00
ADF Test Result: p-value=0.1077 (Required < 0.10) | OLS Beta: -0.6531
Filter ON: Spread not stationary (p-value too high). Skipping optimization and OOS test.

--- Window 19 Boundary Check ---
IS Period RTH Bars: 14666. Start: 2021-02-16 16:31:00+00:00 | End: 2021-04-09 19:26:00+00:00
OOS Start Bar Index: 124332 | Time: 2021-04-09 19:27:00+00:00
ADF Test Result: p-value=0.0544 (Required < 0.10) | OLS Beta: 1.3878
Filter OFF: Spread is stationary. Proceeding with optimization.
IS Optimization Time: 0.05 seconds.
Optimal Params (Sharpe=2.9458, Calmar=11.9315): Z_E=2.7, Z_X=0.3, Z_SL=3.6
📊 Persistence: Saved 7308 PnL points to wfa_outputs\oos_equity_curve_PEP_KO_1m_20251105_144500_0.1.csv
OOS Period (2021-04-09 19:27:00+00:00 to 2021-05-03 19:25:00+00:00): PnL: $0.00 | Sharpe: 0.0000 | Calmar: 0.0000 | Trades: 0

--- Window 20 Boundary Check ---
IS Period RTH Bars: 14666. Start: 2021-03-09 16:31:00+00:00 | End: 2021-05-03 19:25:00+00:00
OOS Start Bar Index: 130182 | Time: 2021-05-03 19:26:00+00:00
ADF Test Result: p-value=0.1855 (Required < 0.10) | OLS Beta: 1.2107
Filter ON: Spread not stationary (p-value too high). Skipping optimization and OOS test.

--- Window 21 Boundary Check ---
IS Period RTH Bars: 14666. Start: 2021-03-30 15:31:00+00:00 | End: 2021-05-24 19:30:00+00:00
OOS Start Bar Index: 136032 | Time: 2021-05-24 19:31:00+00:00
ADF Test Result: p-value=0.0080 (Required < 0.10) | OLS Beta: 0.9237
Filter OFF: Spread is stationary. Proceeding with optimization.
IS Optimization Time: 0.05 seconds.
Optimal Params (Sharpe=10.9123, Calmar=122.4916): Z_E=1.9, Z_X=1.5, Z_SL=4.2
📊 Persistence: Saved 7316 PnL points to wfa_outputs\oos_equity_curve_PEP_KO_1m_20251105_144500_0.1.csv
OOS Period (2021-05-24 19:31:00+00:00 to 2021-06-15 19:30:00+00:00): PnL: $83.05 | Sharpe: 11.4323 | Calmar: 0.0000 | Trades: 8

--- Window 22 Boundary Check ---
IS Period RTH Bars: 14666. Start: 2021-04-22 15:30:00+00:00 | End: 2021-06-15 19:30:00+00:00
OOS Start Bar Index: 141882 | Time: 2021-06-15 19:31:00+00:00
ADF Test Result: p-value=0.1030 (Required < 0.10) | OLS Beta: 0.8777
Filter ON: Spread not stationary (p-value too high). Skipping optimization and OOS test.

--- Window 23 Boundary Check ---
IS Period RTH Bars: 14666. Start: 2021-05-13 15:35:00+00:00 | End: 2021-07-07 19:33:00+00:00
OOS Start Bar Index: 147732 | Time: 2021-07-07 19:34:00+00:00
ADF Test Result: p-value=0.2612 (Required < 0.10) | OLS Beta: 0.2804
Filter ON: Spread not stationary (p-value too high). Skipping optimization and OOS test.

--- Window 24 Boundary Check ---
IS Period RTH Bars: 14666. Start: 2021-06-04 15:35:00+00:00 | End: 2021-07-28 19:34:00+00:00
OOS Start Bar Index: 153582 | Time: 2021-07-28 19:35:00+00:00
ADF Test Result: p-value=0.2639 (Required < 0.10) | OLS Beta: 1.1374
Filter ON: Spread not stationary (p-value too high). Skipping optimization and OOS test.

--- Window 25 Boundary Check ---
IS Period RTH Bars: 14666. Start: 2021-06-25 15:37:00+00:00 | End: 2021-08-18 19:37:00+00:00
OOS Start Bar Index: 159432 | Time: 2021-08-18 19:38:00+00:00
ADF Test Result: p-value=0.0112 (Required < 0.10) | OLS Beta: 0.9955
Filter OFF: Spread is stationary. Proceeding with optimization.
IS Optimization Time: 0.06 seconds.
Optimal Params (Sharpe=2.7123, Calmar=16.9688): Z_E=3.1, Z_X=1.1, Z_SL=3.3
📊 Persistence: Saved 7316 PnL points to wfa_outputs\oos_equity_curve_PEP_KO_1m_20251105_144500_0.1.csv
OOS Period (2021-08-18 19:38:00+00:00 to 2021-09-09 19:42:00+00:00): PnL: $0.00 | Sharpe: 0.0000 | Calmar: 0.0000 | Trades: 0

--- Window 26 Boundary Check ---
IS Period RTH Bars: 14666. Start: 2021-07-19 15:38:00+00:00 | End: 2021-09-09 19:42:00+00:00
OOS Start Bar Index: 165282 | Time: 2021-09-09 19:43:00+00:00
ADF Test Result: p-value=0.1405 (Required < 0.10) | OLS Beta: 0.4288
Filter ON: Spread not stationary (p-value too high). Skipping optimization and OOS test.

--- Window 27 Boundary Check ---
IS Period RTH Bars: 14666. Start: 2021-08-09 15:39:00+00:00 | End: 2021-09-30 19:43:00+00:00
OOS Start Bar Index: 171132 | Time: 2021-09-30 19:44:00+00:00
ADF Test Result: p-value=0.0159 (Required < 0.10) | OLS Beta: 0.3782
Filter OFF: Spread is stationary. Proceeding with optimization.
IS Optimization Time: 0.06 seconds.
Optimal Params (Sharpe=2.2015, Calmar=12.2016): Z_E=2.9, Z_X=1.3, Z_SL=3.3
📊 Persistence: Saved 8687 PnL points to wfa_outputs\oos_equity_curve_PEP_KO_1m_20251105_144500_0.1.csv
OOS Period (2021-09-30 19:44:00+00:00 to 2021-10-21 19:44:00+00:00): PnL: $-86.01 | Sharpe: -3.7423 | Calmar: -6.4573 | Trades: 1371

--- Window 28 Boundary Check ---
IS Period RTH Bars: 14666. Start: 2021-08-30 15:46:00+00:00 | End: 2021-10-21 19:44:00+00:00
OOS Start Bar Index: 176982 | Time: 2021-10-21 19:45:00+00:00
ADF Test Result: p-value=0.6908 (Required < 0.10) | OLS Beta: 0.4550
Filter ON: Spread not stationary (p-value too high). Skipping optimization and OOS test.

--- Window 29 Boundary Check ---
IS Period RTH Bars: 14666. Start: 2021-09-21 15:47:00+00:00 | End: 2021-11-11 20:46:00+00:00
OOS Start Bar Index: 182832 | Time: 2021-11-11 20:47:00+00:00
ADF Test Result: p-value=0.2443 (Required < 0.10) | OLS Beta: 1.0940
Filter ON: Spread not stationary (p-value too high). Skipping optimization and OOS test.

--- Window 30 Boundary Check ---
IS Period RTH Bars: 14666. Start: 2021-10-12 15:49:00+00:00 | End: 2021-12-06 17:04:00+00:00
OOS Start Bar Index: 188682 | Time: 2021-12-06 17:05:00+00:00
ADF Test Result: p-value=0.6178 (Required < 0.10) | OLS Beta: 0.3508
Filter ON: Spread not stationary (p-value too high). Skipping optimization and OOS test.

--- Window 31 Boundary Check ---
IS Period RTH Bars: 14666. Start: 2021-11-02 15:50:00+00:00 | End: 2021-12-28 17:05:00+00:00
OOS Start Bar Index: 194532 | Time: 2021-12-28 17:06:00+00:00
ADF Test Result: p-value=0.3332 (Required < 0.10) | OLS Beta: 0.5821
Filter ON: Spread not stationary (p-value too high). Skipping optimization and OOS test.

--- Window 32 Boundary Check ---
IS Period RTH Bars: 14666. Start: 2021-11-23 16:52:00+00:00 | End: 2022-01-19 17:16:00+00:00
OOS Start Bar Index: 200382 | Time: 2022-01-19 17:17:00+00:00
ADF Test Result: p-value=0.0008 (Required < 0.10) | OLS Beta: 0.5696
Filter OFF: Spread is stationary. Proceeding with optimization.
IS Optimization Time: 0.05 seconds.
Optimal Params (Sharpe=3.2177, Calmar=12.1966): Z_E=1.9, Z_X=0.3, Z_SL=3.3
📊 Persistence: Saved 9400 PnL points to wfa_outputs\oos_equity_curve_PEP_KO_1m_20251105_144500_0.1.csv
OOS Period (2022-01-19 17:17:00+00:00 to 2022-02-10 16:01:00+00:00): PnL: $7.79 | Sharpe: 0.1529 | Calmar: 0.7642 | Trades: 713

--- Window 33 Boundary Check ---
IS Period RTH Bars: 14666. Start: 2021-12-15 19:39:00+00:00 | End: 2022-02-10 16:01:00+00:00
OOS Start Bar Index: 206232 | Time: 2022-02-10 16:02:00+00:00
ADF Test Result: p-value=0.4944 (Required < 0.10) | OLS Beta: 0.3876
Filter ON: Spread not stationary (p-value too high). Skipping optimization and OOS test.

--- Window 34 Boundary Check ---
IS Period RTH Bars: 14666. Start: 2022-01-06 19:51:00+00:00 | End: 2022-03-04 16:01:00+00:00
OOS Start Bar Index: 212082 | Time: 2022-03-04 16:02:00+00:00
ADF Test Result: p-value=0.1046 (Required < 0.10) | OLS Beta: -0.4924
Filter ON: Spread not stationary (p-value too high). Skipping optimization and OOS test.

--- Window 35 Boundary Check ---
IS Period RTH Bars: 14666. Start: 2022-01-31 18:36:00+00:00 | End: 2022-03-28 15:01:00+00:00
OOS Start Bar Index: 217932 | Time: 2022-03-28 15:02:00+00:00
ADF Test Result: p-value=0.3459 (Required < 0.10) | OLS Beta: 0.9566
Filter ON: Spread not stationary (p-value too high). Skipping optimization and OOS test.

--- Window 36 Boundary Check ---
IS Period RTH Bars: 14666. Start: 2022-02-22 18:36:00+00:00 | End: 2022-04-19 15:01:00+00:00
OOS Start Bar Index: 223782 | Time: 2022-04-19 15:02:00+00:00
ADF Test Result: p-value=0.1979 (Required < 0.10) | OLS Beta: 0.9886
Filter ON: Spread not stationary (p-value too high). Skipping optimization and OOS test.

--- Window 37 Boundary Check ---
IS Period RTH Bars: 14666. Start: 2022-03-16 17:36:00+00:00 | End: 2022-05-10 15:01:00+00:00
OOS Start Bar Index: 229632 | Time: 2022-05-10 15:02:00+00:00
ADF Test Result: p-value=0.0657 (Required < 0.10) | OLS Beta: 0.8100
Filter OFF: Spread is stationary. Proceeding with optimization.
IS Optimization Time: 0.05 seconds.
Optimal Params (Sharpe=5.3319, Calmar=26.6351): Z_E=2.7, Z_X=1.5, Z_SL=3.6
📊 Persistence: Saved 9402 PnL points to wfa_outputs\oos_equity_curve_PEP_KO_1m_20251105_144500_0.1.csv
OOS Period (2022-05-10 15:02:00+00:00 to 2022-06-01 15:01:00+00:00): PnL: $123.10 | Sharpe: 5.7769 | Calmar: 0.0000 | Trades: 2

--- Window 38 Boundary Check ---
IS Period RTH Bars: 14666. Start: 2022-04-06 17:36:00+00:00 | End: 2022-06-01 15:01:00+00:00
OOS Start Bar Index: 235482 | Time: 2022-06-01 15:02:00+00:00
ADF Test Result: p-value=0.0248 (Required < 0.10) | OLS Beta: 0.8947
Filter OFF: Spread is stationary. Proceeding with optimization.
IS Optimization Time: 0.06 seconds.
Optimal Params (Sharpe=4.2116, Calmar=18.8057): Z_E=2.7, Z_X=1.5, Z_SL=3.6
📊 Persistence: Saved 9402 PnL points to wfa_outputs\oos_equity_curve_PEP_KO_1m_20251105_144500_0.1.csv
OOS Period (2022-06-01 15:02:00+00:00 to 2022-06-23 15:01:00+00:00): PnL: $0.00 | Sharpe: 0.0000 | Calmar: 0.0000 | Trades: 0

--- Window 39 Boundary Check ---
IS Period RTH Bars: 14666. Start: 2022-04-28 17:36:00+00:00 | End: 2022-06-23 15:01:00+00:00
OOS Start Bar Index: 241332 | Time: 2022-06-23 15:02:00+00:00
ADF Test Result: p-value=0.0003 (Required < 0.10) | OLS Beta: 0.9793
Filter OFF: Spread is stationary. Proceeding with optimization.
IS Optimization Time: 0.06 seconds.
Optimal Params (Sharpe=3.8216, Calmar=25.7979): Z_E=2.1, Z_X=0.3, Z_SL=3.3
📊 Persistence: Saved 10394 PnL points to wfa_outputs\oos_equity_curve_PEP_KO_1m_20251105_144500_0.1.csv
OOS Period (2022-06-23 15:02:00+00:00 to 2022-07-15 15:04:00+00:00): PnL: $-58.94 | Sharpe: -2.8251 | Calmar: -9.9716 | Trades: 992

--- Window 40 Boundary Check ---
IS Period RTH Bars: 14666. Start: 2022-05-19 17:36:00+00:00 | End: 2022-07-15 15:04:00+00:00
OOS Start Bar Index: 247182 | Time: 2022-07-15 15:05:00+00:00
ADF Test Result: p-value=0.6896 (Required < 0.10) | OLS Beta: 1.0060
Filter ON: Spread not stationary (p-value too high). Skipping optimization and OOS test.

--- Window 41 Boundary Check ---
IS Period RTH Bars: 14666. Start: 2022-06-10 17:36:00+00:00 | End: 2022-08-05 15:06:00+00:00
OOS Start Bar Index: 253032 | Time: 2022-08-05 15:07:00+00:00
ADF Test Result: p-value=0.3664 (Required < 0.10) | OLS Beta: 1.2873
Filter ON: Spread not stationary (p-value too high). Skipping optimization and OOS test.

--- Window 42 Boundary Check ---
IS Period RTH Bars: 14666. Start: 2022-07-05 17:36:00+00:00 | End: 2022-08-26 15:09:00+00:00
OOS Start Bar Index: 258882 | Time: 2022-08-26 15:10:00+00:00
ADF Test Result: p-value=0.0039 (Required < 0.10) | OLS Beta: 1.2408
Filter OFF: Spread is stationary. Proceeding with optimization.
IS Optimization Time: 0.06 seconds.
Optimal Params (Sharpe=7.1084, Calmar=74.7822): Z_E=2.3, Z_X=0.9, Z_SL=4.2
📊 Persistence: Saved 10395 PnL points to wfa_outputs\oos_equity_curve_PEP_KO_1m_20251105_144500_0.1.csv
OOS Period (2022-08-26 15:10:00+00:00 to 2022-09-19 15:09:00+00:00): PnL: $-57.85 | Sharpe: -4.0991 | Calmar: -14.5994 | Trades: 1

--- Window 43 Boundary Check ---
IS Period RTH Bars: 14666. Start: 2022-07-26 17:39:00+00:00 | End: 2022-09-19 15:09:00+00:00
OOS Start Bar Index: 264732 | Time: 2022-09-19 15:10:00+00:00
ADF Test Result: p-value=0.0058 (Required < 0.10) | OLS Beta: 0.8330
Filter OFF: Spread is stationary. Proceeding with optimization.
IS Optimization Time: 0.06 seconds.
Optimal Params (Sharpe=7.2564, Calmar=60.0418): Z_E=2.3, Z_X=1.3, Z_SL=3.9
📊 Persistence: Saved 12350 PnL points to wfa_outputs\oos_equity_curve_PEP_KO_1m_20251105_144500_0.1.csv
OOS Period (2022-09-19 15:10:00+00:00 to 2022-10-10 15:09:00+00:00): PnL: $-166.07 | Sharpe: -6.3265 | Calmar: -13.7824 | Trades: 1955

--- Window 44 Boundary Check ---
IS Period RTH Bars: 14666. Start: 2022-08-16 17:41:00+00:00 | End: 2022-10-10 15:09:00+00:00
OOS Start Bar Index: 270582 | Time: 2022-10-10 15:10:00+00:00
ADF Test Result: p-value=0.1781 (Required < 0.10) | OLS Beta: 0.5508
Filter ON: Spread not stationary (p-value too high). Skipping optimization and OOS test.

--- Window 45 Boundary Check ---
IS Period RTH Bars: 14666. Start: 2022-09-07 17:44:00+00:00 | End: 2022-10-31 15:09:00+00:00
OOS Start Bar Index: 276432 | Time: 2022-10-31 15:10:00+00:00
ADF Test Result: p-value=0.9122 (Required < 0.10) | OLS Beta: 0.3174
Filter ON: Spread not stationary (p-value too high). Skipping optimization and OOS test.

--- Window 46 Boundary Check ---
IS Period RTH Bars: 14666. Start: 2022-09-28 17:44:00+00:00 | End: 2022-11-21 16:09:00+00:00
OOS Start Bar Index: 282282 | Time: 2022-11-21 16:10:00+00:00
ADF Test Result: p-value=0.5998 (Required < 0.10) | OLS Beta: 0.8377
Filter ON: Spread not stationary (p-value too high). Skipping optimization and OOS test.

--- Window 47 Boundary Check ---
IS Period RTH Bars: 14666. Start: 2022-10-19 17:44:00+00:00 | End: 2022-12-13 19:08:00+00:00
OOS Start Bar Index: 288132 | Time: 2022-12-13 19:09:00+00:00
ADF Test Result: p-value=0.0574 (Required < 0.10) | OLS Beta: 0.4442
Filter OFF: Spread is stationary. Proceeding with optimization.
IS Optimization Time: 0.06 seconds.
Optimal Params (Sharpe=4.0021, Calmar=13.3117): Z_E=1.9, Z_X=1.3, Z_SL=3.3
📊 Persistence: Saved 12362 PnL points to wfa_outputs\oos_equity_curve_PEP_KO_1m_20251105_144500_0.1.csv
OOS Period (2022-12-13 19:09:00+00:00 to 2023-01-05 19:09:00+00:00): PnL: $39.61 | Sharpe: 1.3726 | Calmar: 6.9813 | Trades: 12

--- Window 48 Boundary Check ---
IS Period RTH Bars: 14666. Start: 2022-11-09 18:44:00+00:00 | End: 2023-01-05 19:09:00+00:00
OOS Start Bar Index: 293982 | Time: 2023-01-05 19:10:00+00:00
ADF Test Result: p-value=0.1636 (Required < 0.10) | OLS Beta: 0.4614
Filter ON: Spread not stationary (p-value too high). Skipping optimization and OOS test.

--- Window 49 Boundary Check ---
IS Period RTH Bars: 14666. Start: 2022-12-02 15:12:00+00:00 | End: 2023-01-27 19:11:00+00:00
OOS Start Bar Index: 299832 | Time: 2023-01-27 19:12:00+00:00
ADF Test Result: p-value=0.0316 (Required < 0.10) | OLS Beta: 1.2373
Filter OFF: Spread is stationary. Proceeding with optimization.
IS Optimization Time: 0.05 seconds.
Optimal Params (Sharpe=5.3645, Calmar=33.1460): Z_E=2.1, Z_X=0.9, Z_SL=3.9
📊 Persistence: Saved 13550 PnL points to wfa_outputs\oos_equity_curve_PEP_KO_1m_20251105_144500_0.1.csv
OOS Period (2023-01-27 19:12:00+00:00 to 2023-02-17 19:11:00+00:00): PnL: $-41.00 | Sharpe: -1.2055 | Calmar: -4.1872 | Trades: 1188

--- Window 50 Boundary Check ---
IS Period RTH Bars: 14666. Start: 2022-12-23 15:13:00+00:00 | End: 2023-02-17 19:11:00+00:00
OOS Start Bar Index: 305682 | Time: 2023-02-17 19:12:00+00:00
ADF Test Result: p-value=0.7904 (Required < 0.10) | OLS Beta: 0.8751
Filter ON: Spread not stationary (p-value too high). Skipping optimization and OOS test.

--- Window 51 Boundary Check ---
IS Period RTH Bars: 14666. Start: 2023-01-18 15:16:00+00:00 | End: 2023-03-13 18:11:00+00:00
OOS Start Bar Index: 311532 | Time: 2023-03-13 18:12:00+00:00
ADF Test Result: p-value=0.0444 (Required < 0.10) | OLS Beta: -0.4002
Filter OFF: Spread is stationary. Proceeding with optimization.
IS Optimization Time: 0.05 seconds.
Optimal Params (Sharpe=5.0866, Calmar=57.1842): Z_E=3.1, Z_X=1.5, Z_SL=4.5
📊 Persistence: Saved 13881 PnL points to wfa_outputs\oos_equity_curve_PEP_KO_1m_20251105_144500_0.1.csv
OOS Period (2023-03-13 18:12:00+00:00 to 2023-04-03 18:12:00+00:00): PnL: $24.90 | Sharpe: 0.6801 | Calmar: 3.3785 | Trades: 331

--- Window 52 Boundary Check ---
IS Period RTH Bars: 14666. Start: 2023-02-08 15:16:00+00:00 | End: 2023-04-03 18:12:00+00:00
OOS Start Bar Index: 317382 | Time: 2023-04-03 18:13:00+00:00
ADF Test Result: p-value=0.0009 (Required < 0.10) | OLS Beta: 1.0128
Filter OFF: Spread is stationary. Proceeding with optimization.
IS Optimization Time: 0.05 seconds.
Optimal Params (Sharpe=4.9371, Calmar=40.3763): Z_E=2.3, Z_X=0.5, Z_SL=4.5
📊 Persistence: Saved 13882 PnL points to wfa_outputs\oos_equity_curve_PEP_KO_1m_20251105_144500_0.1.csv
OOS Period (2023-04-03 18:13:00+00:00 to 2023-04-25 18:15:00+00:00): PnL: $78.81 | Sharpe: 4.0991 | Calmar: 0.0000 | Trades: 1

--- Window 53 Boundary Check ---
IS Period RTH Bars: 14666. Start: 2023-03-02 15:16:00+00:00 | End: 2023-04-25 18:15:00+00:00
OOS Start Bar Index: 323232 | Time: 2023-04-25 18:16:00+00:00
ADF Test Result: p-value=0.0523 (Required < 0.10) | OLS Beta: 0.9638
Filter OFF: Spread is stationary. Proceeding with optimization.
IS Optimization Time: 0.05 seconds.
Optimal Params (Sharpe=5.3168, Calmar=41.4174): Z_E=1.9, Z_X=0.9, Z_SL=4.5
📊 Persistence: Saved 15970 PnL points to wfa_outputs\oos_equity_curve_PEP_KO_1m_20251105_144500_0.1.csv
OOS Period (2023-04-25 18:16:00+00:00 to 2023-05-16 18:19:00+00:00): PnL: $-26.53 | Sharpe: -1.4206 | Calmar: -4.4929 | Trades: 2088

--- Window 54 Boundary Check ---
IS Period RTH Bars: 14666. Start: 2023-03-23 14:16:00+00:00 | End: 2023-05-16 18:19:00+00:00
OOS Start Bar Index: 329082 | Time: 2023-05-16 18:20:00+00:00
ADF Test Result: p-value=0.8312 (Required < 0.10) | OLS Beta: 1.4572
Filter ON: Spread not stationary (p-value too high). Skipping optimization and OOS test.

--- Window 55 Boundary Check ---
IS Period RTH Bars: 14666. Start: 2023-04-14 14:17:00+00:00 | End: 2023-06-07 18:23:00+00:00
OOS Start Bar Index: 334932 | Time: 2023-06-07 18:24:00+00:00
ADF Test Result: p-value=0.3567 (Required < 0.10) | OLS Beta: 0.6618
Filter ON: Spread not stationary (p-value too high). Skipping optimization and OOS test.

--- Window 56 Boundary Check ---
IS Period RTH Bars: 14666. Start: 2023-05-05 14:20:00+00:00 | End: 2023-06-29 18:23:00+00:00
OOS Start Bar Index: 340782 | Time: 2023-06-29 18:24:00+00:00
ADF Test Result: p-value=0.0130 (Required < 0.10) | OLS Beta: 1.0374
Filter OFF: Spread is stationary. Proceeding with optimization.
IS Optimization Time: 0.06 seconds.
Optimal Params (Sharpe=7.6524, Calmar=60.4016): Z_E=1.9, Z_X=1.1, Z_SL=3.9
📊 Persistence: Saved 16323 PnL points to wfa_outputs\oos_equity_curve_PEP_KO_1m_20251105_144500_0.1.csv
OOS Period (2023-06-29 18:24:00+00:00 to 2023-07-24 14:50:00+00:00): PnL: $126.43 | Sharpe: 3.7944 | Calmar: 22.2647 | Trades: 353

--- Window 57 Boundary Check ---
IS Period RTH Bars: 14666. Start: 2023-05-26 14:24:00+00:00 | End: 2023-07-24 14:50:00+00:00
OOS Start Bar Index: 346632 | Time: 2023-07-24 14:51:00+00:00
ADF Test Result: p-value=0.0529 (Required < 0.10) | OLS Beta: 0.7886
Filter OFF: Spread is stationary. Proceeding with optimization.
IS Optimization Time: 0.05 seconds.
Optimal Params (Sharpe=8.3343, Calmar=166.8016): Z_E=2.3, Z_X=1.5, Z_SL=3.6
📊 Persistence: Saved 16325 PnL points to wfa_outputs\oos_equity_curve_PEP_KO_1m_20251105_144500_0.1.csv
OOS Period (2023-07-24 14:51:00+00:00 to 2023-08-14 14:53:00+00:00): PnL: $68.95 | Sharpe: 5.7931 | Calmar: 0.0000 | Trades: 2

--- Window 58 Boundary Check ---
IS Period RTH Bars: 14666. Start: 2023-06-20 14:28:00+00:00 | End: 2023-08-14 14:53:00+00:00
OOS Start Bar Index: 352482 | Time: 2023-08-14 14:54:00+00:00
ADF Test Result: p-value=0.0727 (Required < 0.10) | OLS Beta: 0.7375
Filter OFF: Spread is stationary. Proceeding with optimization.
IS Optimization Time: 0.05 seconds.
Optimal Params (Sharpe=7.8180, Calmar=230.2574): Z_E=2.3, Z_X=1.5, Z_SL=3.6
📊 Persistence: Saved 18115 PnL points to wfa_outputs\oos_equity_curve_PEP_KO_1m_20251105_144500_0.1.csv
OOS Period (2023-08-14 14:54:00+00:00 to 2023-09-05 14:54:00+00:00): PnL: $-14.44 | Sharpe: -0.5622 | Calmar: -2.0832 | Trades: 1790

--- Window 59 Boundary Check ---
IS Period RTH Bars: 14666. Start: 2023-07-12 17:25:00+00:00 | End: 2023-09-05 14:54:00+00:00
OOS Start Bar Index: 358332 | Time: 2023-09-05 14:55:00+00:00
ADF Test Result: p-value=0.0779 (Required < 0.10) | OLS Beta: 1.5090
Filter OFF: Spread is stationary. Proceeding with optimization.
IS Optimization Time: 0.06 seconds.
Optimal Params (Sharpe=5.2378, Calmar=36.1034): Z_E=2.3, Z_X=1.3, Z_SL=3.6
📊 Persistence: Saved 18653 PnL points to wfa_outputs\oos_equity_curve_PEP_KO_1m_20251105_144500_0.1.csv
OOS Period (2023-09-05 14:55:00+00:00 to 2023-09-26 14:56:00+00:00): PnL: $-118.02 | Sharpe: -6.0247 | Calmar: -13.4815 | Trades: 538

--- Window 60 Boundary Check ---
IS Period RTH Bars: 14666. Start: 2023-08-02 17:27:00+00:00 | End: 2023-09-26 14:56:00+00:00
OOS Start Bar Index: 364182 | Time: 2023-09-26 14:57:00+00:00
ADF Test Result: p-value=0.4623 (Required < 0.10) | OLS Beta: 0.6356
Filter ON: Spread not stationary (p-value too high). Skipping optimization and OOS test.

--- Window 61 Boundary Check ---
IS Period RTH Bars: 14666. Start: 2023-08-23 17:29:00+00:00 | End: 2023-10-17 14:56:00+00:00
OOS Start Bar Index: 370032 | Time: 2023-10-17 14:57:00+00:00
ADF Test Result: p-value=0.3315 (Required < 0.10) | OLS Beta: 0.9432
Filter ON: Spread not stationary (p-value too high). Skipping optimization and OOS test.

--- Window 62 Boundary Check ---
IS Period RTH Bars: 14666. Start: 2023-09-14 17:30:00+00:00 | End: 2023-11-07 15:56:00+00:00
OOS Start Bar Index: 375882 | Time: 2023-11-07 15:57:00+00:00
ADF Test Result: p-value=0.6073 (Required < 0.10) | OLS Beta: 1.0134
Filter ON: Spread not stationary (p-value too high). Skipping optimization and OOS test.

--- Window 63 Boundary Check ---
IS Period RTH Bars: 14666. Start: 2023-10-05 17:31:00+00:00 | End: 2023-11-29 18:52:00+00:00
OOS Start Bar Index: 381732 | Time: 2023-11-29 18:53:00+00:00
ADF Test Result: p-value=0.0788 (Required < 0.10) | OLS Beta: 0.5551
Filter OFF: Spread is stationary. Proceeding with optimization.
IS Optimization Time: 0.06 seconds.
Optimal Params (Sharpe=8.3927, Calmar=283.6203): Z_E=2.3, Z_X=1.5, Z_SL=3.9
📊 Persistence: Saved 18653 PnL points to wfa_outputs\oos_equity_curve_PEP_KO_1m_20251105_144500_0.1.csv
OOS Period (2023-11-29 18:53:00+00:00 to 2023-12-20 18:52:00+00:00): PnL: $0.00 | Sharpe: 0.0000 | Calmar: 0.0000 | Trades: 0

--- Window 64 Boundary Check ---
IS Period RTH Bars: 14666. Start: 2023-10-26 17:31:00+00:00 | End: 2023-12-20 18:52:00+00:00
OOS Start Bar Index: 387582 | Time: 2023-12-20 18:53:00+00:00
ADF Test Result: p-value=0.0497 (Required < 0.10) | OLS Beta: 0.5812
Filter OFF: Spread is stationary. Proceeding with optimization.
IS Optimization Time: 0.06 seconds.
Optimal Params (Sharpe=7.4756, Calmar=82.7767): Z_E=2.3, Z_X=1.3, Z_SL=3.9
📊 Persistence: Saved 18672 PnL points to wfa_outputs\oos_equity_curve_PEP_KO_1m_20251105_144500_0.1.csv
OOS Period (2023-12-20 18:53:00+00:00 to 2024-01-12 18:53:00+00:00): PnL: $45.58 | Sharpe: 1.5443 | Calmar: 9.3133 | Trades: 19

--- Window 65 Boundary Check ---
IS Period RTH Bars: 14666. Start: 2023-11-16 18:31:00+00:00 | End: 2024-01-12 18:53:00+00:00
OOS Start Bar Index: 393432 | Time: 2024-01-12 18:54:00+00:00
ADF Test Result: p-value=0.4436 (Required < 0.10) | OLS Beta: 0.4144
Filter ON: Spread not stationary (p-value too high). Skipping optimization and OOS test.

--- Window 66 Boundary Check ---
IS Period RTH Bars: 14666. Start: 2023-12-11 14:57:00+00:00 | End: 2024-02-05 18:53:00+00:00
OOS Start Bar Index: 399282 | Time: 2024-02-05 18:54:00+00:00
ADF Test Result: p-value=0.4378 (Required < 0.10) | OLS Beta: 0.2311
Filter ON: Spread not stationary (p-value too high). Skipping optimization and OOS test.

--- Window 67 Boundary Check ---
IS Period RTH Bars: 14666. Start: 2024-01-03 14:58:00+00:00 | End: 2024-02-27 18:53:00+00:00
OOS Start Bar Index: 405132 | Time: 2024-02-27 18:54:00+00:00
ADF Test Result: p-value=0.0634 (Required < 0.10) | OLS Beta: 0.3600
Filter OFF: Spread is stationary. Proceeding with optimization.
IS Optimization Time: 0.05 seconds.
Optimal Params (Sharpe=2.6284, Calmar=9.0023): Z_E=2.7, Z_X=1.5, Z_SL=3.3
📊 Persistence: Saved 18672 PnL points to wfa_outputs\oos_equity_curve_PEP_KO_1m_20251105_144500_0.1.csv
OOS Period (2024-02-27 18:54:00+00:00 to 2024-03-19 17:53:00+00:00): PnL: $0.00 | Sharpe: 0.0000 | Calmar: 0.0000 | Trades: 0

--- Window 68 Boundary Check ---
IS Period RTH Bars: 14666. Start: 2024-01-25 14:58:00+00:00 | End: 2024-03-19 17:53:00+00:00
OOS Start Bar Index: 410982 | Time: 2024-03-19 17:54:00+00:00
ADF Test Result: p-value=0.3607 (Required < 0.10) | OLS Beta: 0.3673
Filter ON: Spread not stationary (p-value too high). Skipping optimization and OOS test.

--- Window 69 Boundary Check ---
IS Period RTH Bars: 14666. Start: 2024-02-15 14:58:00+00:00 | End: 2024-04-10 17:55:00+00:00
OOS Start Bar Index: 416832 | Time: 2024-04-10 17:56:00+00:00
ADF Test Result: p-value=0.7069 (Required < 0.10) | OLS Beta: 1.1745
Filter ON: Spread not stationary (p-value too high). Skipping optimization and OOS test.

--- Window 70 Boundary Check ---
IS Period RTH Bars: 14666. Start: 2024-03-08 14:58:00+00:00 | End: 2024-05-01 17:55:00+00:00
OOS Start Bar Index: 422682 | Time: 2024-05-01 17:56:00+00:00
ADF Test Result: p-value=0.2748 (Required < 0.10) | OLS Beta: 0.8397
Filter ON: Spread not stationary (p-value too high). Skipping optimization and OOS test.

--- Window 71 Boundary Check ---
IS Period RTH Bars: 14666. Start: 2024-04-01 13:58:00+00:00 | End: 2024-05-22 17:59:00+00:00
OOS Start Bar Index: 428532 | Time: 2024-05-22 18:00:00+00:00
ADF Test Result: p-value=0.0407 (Required < 0.10) | OLS Beta: 0.8761
Filter OFF: Spread is stationary. Proceeding with optimization.
IS Optimization Time: 0.06 seconds.
Optimal Params (Sharpe=2.1090, Calmar=12.1464): Z_E=3.3, Z_X=0.3, Z_SL=3.6
📊 Persistence: Saved 20744 PnL points to wfa_outputs\oos_equity_curve_PEP_KO_1m_20251105_144500_0.1.csv
OOS Period (2024-05-22 18:00:00+00:00 to 2024-06-13 18:01:00+00:00): PnL: $-73.70 | Sharpe: -3.0313 | Calmar: -6.4892 | Trades: 2072

--- Window 72 Boundary Check ---
IS Period RTH Bars: 14666. Start: 2024-04-22 14:00:00+00:00 | End: 2024-06-13 18:01:00+00:00
OOS Start Bar Index: 434382 | Time: 2024-06-13 18:02:00+00:00
ADF Test Result: p-value=0.9596 (Required < 0.10) | OLS Beta: 0.0694
Filter ON: Spread not stationary (p-value too high). Skipping optimization and OOS test.

--- Window 73 Boundary Check ---
IS Period RTH Bars: 14666. Start: 2024-05-13 14:02:00+00:00 | End: 2024-07-09 14:26:00+00:00
OOS Start Bar Index: 440232 | Time: 2024-07-09 14:27:00+00:00
ADF Test Result: p-value=0.5271 (Required < 0.10) | OLS Beta: -0.8346
Filter ON: Spread not stationary (p-value too high). Skipping optimization and OOS test.

--- Window 74 Boundary Check ---
IS Period RTH Bars: 14666. Start: 2024-06-04 14:06:00+00:00 | End: 2024-07-30 14:27:00+00:00
OOS Start Bar Index: 446082 | Time: 2024-07-30 14:28:00+00:00
ADF Test Result: p-value=0.1007 (Required < 0.10) | OLS Beta: 0.6326
Filter ON: Spread not stationary (p-value too high). Skipping optimization and OOS test.

--- Window 75 Boundary Check ---
IS Period RTH Bars: 14666. Start: 2024-06-26 14:07:00+00:00 | End: 2024-08-20 14:27:00+00:00
OOS Start Bar Index: 451932 | Time: 2024-08-20 14:28:00+00:00
ADF Test Result: p-value=0.0374 (Required < 0.10) | OLS Beta: 0.7071
Filter OFF: Spread is stationary. Proceeding with optimization.
IS Optimization Time: 0.06 seconds.
Optimal Params (Sharpe=6.3871, Calmar=54.9579): Z_E=1.9, Z_X=1.1, Z_SL=3.9
📊 Persistence: Saved 21080 PnL points to wfa_outputs\oos_equity_curve_PEP_KO_1m_20251105_144500_0.1.csv
OOS Period (2024-08-20 14:28:00+00:00 to 2024-09-11 14:28:00+00:00): PnL: $18.93 | Sharpe: 0.3990 | Calmar: 1.7867 | Trades: 336

--- Window 76 Boundary Check ---
IS Period RTH Bars: 14666. Start: 2024-07-18 17:01:00+00:00 | End: 2024-09-11 14:28:00+00:00
OOS Start Bar Index: 457782 | Time: 2024-09-11 14:29:00+00:00
ADF Test Result: p-value=0.1073 (Required < 0.10) | OLS Beta: 0.4414
Filter ON: Spread not stationary (p-value too high). Skipping optimization and OOS test.

--- Window 77 Boundary Check ---
IS Period RTH Bars: 14666. Start: 2024-08-08 17:02:00+00:00 | End: 2024-10-02 14:28:00+00:00
OOS Start Bar Index: 463632 | Time: 2024-10-02 14:29:00+00:00
ADF Test Result: p-value=0.7023 (Required < 0.10) | OLS Beta: 0.2660
Filter ON: Spread not stationary (p-value too high). Skipping optimization and OOS test.

--- Window 78 Boundary Check ---
IS Period RTH Bars: 14666. Start: 2024-08-29 17:03:00+00:00 | End: 2024-10-23 14:28:00+00:00
OOS Start Bar Index: 469482 | Time: 2024-10-23 14:29:00+00:00
ADF Test Result: p-value=0.5899 (Required < 0.10) | OLS Beta: 0.3140
Filter ON: Spread not stationary (p-value too high). Skipping optimization and OOS test.

--- Window 79 Boundary Check ---
IS Period RTH Bars: 14666. Start: 2024-09-20 17:03:00+00:00 | End: 2024-11-13 15:30:00+00:00
OOS Start Bar Index: 475332 | Time: 2024-11-13 15:31:00+00:00
ADF Test Result: p-value=0.5179 (Required < 0.10) | OLS Beta: 0.3559
Filter ON: Spread not stationary (p-value too high). Skipping optimization and OOS test.

--- Window 80 Boundary Check ---
IS Period RTH Bars: 14666. Start: 2024-10-11 17:03:00+00:00 | End: 2024-12-05 18:26:00+00:00
OOS Start Bar Index: 481182 | Time: 2024-12-05 18:27:00+00:00
ADF Test Result: p-value=0.1374 (Required < 0.10) | OLS Beta: 0.7889
Filter ON: Spread not stationary (p-value too high). Skipping optimization and OOS test.

############################################################
📈 OVERALL SIMULATION PERFORMANCE (Walk-Forward Test)
############################################################
Timeframe Used: 1Min, Value: 1
ADF Cointegration Filter Threshold: 0.1
Total OOS Windows Tested: 80
Total Trades Executed: 21080
--- Final Performance Metrics ---
Total PnL: $-309.23
Overall Sharpe Ratio (Annualized): -0.0628
Overall Calmar Ratio (Annualized): -0.0162
Maximum Dollar Drawdown (MDD): $807.06

--- Execution Time ---
Total Elapsed Time: 98.04 seconds
############################################################
[0m