--- Dynamic Timeframe Configuration ---
TimeFrame Selected: 1Hour, Value: 1
Bars per Trading Day: 6
Annualization Factor (Bars/Year): 1512
Statistical Lookback Bars: 33
Optimization Lookback Bars: 292
---------------------------------------
--- Diagnostic Check ---
API Key ID Length: 26
API Secret Key Length: 44
StockHistoricalDataClient initialized successfully. Starting data fetch...
--------------------------
Pre-compiling Numba function for first run optimization...
Numba pre-compilation complete.
Fetching data from 2020-01-01 to 2024-12-30...
Fetching 1Hour data for PEP...
Fetching 1Hour data for KO...
Data acquired successfully. Total 1Hour RTH bars: 7517
Skipping full pre-calculation. Metrics will be calculated inside the WFA loop.

============================================================
📈 Starting Rolling Backtest: IS Optimization Window=292 bars, Shift=15 days
   Data already processed with Statistical Rolling Window: 33 bars
   ADF Cointegration Filter: p-value < 0.1
============================================================

--- Window 1 Boundary Check ---
IS Period RTH Bars: 228. Start: 2020-01-16 19:00:00+00:00 | End: 2020-03-12 17:00:00+00:00
OOS Start Bar Index: 292 | Time: 2020-03-12 18:00:00+00:00
ADF Test Result: p-value=0.0382 (Required < 0.10) | OLS Beta: 0.7952
Filter OFF: Spread is stationary. Proceeding with optimization.
IS Optimization Time: 0.02 seconds.
Optimal Params (Sharpe=3.1417, Calmar=0.0000): Z_E=2.5, Z_X=0.9, Z_SL=3.3
📊 Persistence: Saved 39 PnL points to wfa_outputs\oos_equity_curve_PEP_KO_1h_20251105_144120_0.1.csv
OOS Period (2020-03-12 18:00:00+00:00 to 2020-04-02 17:00:00+00:00): PnL: $479.37 | Sharpe: 3.0152 | Calmar: 35.9042 | Trades: 39

--- Window 2 Boundary Check ---
IS Period RTH Bars: 228. Start: 2020-02-07 19:00:00+00:00 | End: 2020-04-02 17:00:00+00:00
OOS Start Bar Index: 382 | Time: 2020-04-02 18:00:00+00:00
ADF Test Result: p-value=0.1957 (Required < 0.10) | OLS Beta: 0.6295
Filter ON: Spread not stationary (p-value too high). Skipping optimization and OOS test.

--- Window 3 Boundary Check ---
IS Period RTH Bars: 228. Start: 2020-03-02 19:00:00+00:00 | End: 2020-04-24 17:00:00+00:00
OOS Start Bar Index: 472 | Time: 2020-04-24 18:00:00+00:00
ADF Test Result: p-value=0.8635 (Required < 0.10) | OLS Beta: 0.5792
Filter ON: Spread not stationary (p-value too high). Skipping optimization and OOS test.

--- Window 4 Boundary Check ---
IS Period RTH Bars: 228. Start: 2020-03-23 18:00:00+00:00 | End: 2020-05-15 17:00:00+00:00
OOS Start Bar Index: 562 | Time: 2020-05-15 18:00:00+00:00
ADF Test Result: p-value=0.9103 (Required < 0.10) | OLS Beta: 0.9796
Filter ON: Spread not stationary (p-value too high). Skipping optimization and OOS test.

--- Window 5 Boundary Check ---
IS Period RTH Bars: 228. Start: 2020-04-14 18:00:00+00:00 | End: 2020-06-08 17:00:00+00:00
OOS Start Bar Index: 652 | Time: 2020-06-08 18:00:00+00:00
ADF Test Result: p-value=0.0245 (Required < 0.10) | OLS Beta: 0.1659
Filter OFF: Spread is stationary. Proceeding with optimization.
IS Optimization Time: 0.02 seconds.
Optimal Params (Sharpe=3.6498, Calmar=0.0000): Z_E=2.7, Z_X=0.9, Z_SL=3.3
📊 Persistence: Saved 39 PnL points to wfa_outputs\oos_equity_curve_PEP_KO_1h_20251105_144120_0.1.csv
OOS Period (2020-06-08 18:00:00+00:00 to 2020-06-29 17:00:00+00:00): PnL: $0.00 | Sharpe: 0.0000 | Calmar: 0.0000 | Trades: 0

--- Window 6 Boundary Check ---
IS Period RTH Bars: 228. Start: 2020-05-05 18:00:00+00:00 | End: 2020-06-29 17:00:00+00:00
OOS Start Bar Index: 742 | Time: 2020-06-29 18:00:00+00:00
ADF Test Result: p-value=0.0340 (Required < 0.10) | OLS Beta: 0.0961
Filter OFF: Spread is stationary. Proceeding with optimization.
IS Optimization Time: 0.02 seconds.
Optimal Params (Sharpe=3.3290, Calmar=14.7746): Z_E=1.9, Z_X=1.1, Z_SL=3.3
📊 Persistence: Saved 45 PnL points to wfa_outputs\oos_equity_curve_PEP_KO_1h_20251105_144120_0.1.csv
OOS Period (2020-06-29 18:00:00+00:00 to 2020-07-21 17:00:00+00:00): PnL: $414.22 | Sharpe: 7.3790 | Calmar: 557.8969 | Trades: 6

--- Window 7 Boundary Check ---
IS Period RTH Bars: 228. Start: 2020-05-27 18:00:00+00:00 | End: 2020-07-21 17:00:00+00:00
OOS Start Bar Index: 832 | Time: 2020-07-21 18:00:00+00:00
ADF Test Result: p-value=0.0717 (Required < 0.10) | OLS Beta: 0.0855
Filter OFF: Spread is stationary. Proceeding with optimization.
IS Optimization Time: 0.02 seconds.
Optimal Params (Sharpe=5.3269, Calmar=133.5677): Z_E=1.9, Z_X=0.7, Z_SL=3.3
📊 Persistence: Saved 46 PnL points to wfa_outputs\oos_equity_curve_PEP_KO_1h_20251105_144120_0.1.csv
OOS Period (2020-07-21 18:00:00+00:00 to 2020-08-11 17:00:00+00:00): PnL: $6.29 | Sharpe: 4.1217 | Calmar: 0.0000 | Trades: 1

--- Window 8 Boundary Check ---
IS Period RTH Bars: 228. Start: 2020-06-17 18:00:00+00:00 | End: 2020-08-11 17:00:00+00:00
OOS Start Bar Index: 922 | Time: 2020-08-11 18:00:00+00:00
ADF Test Result: p-value=0.1276 (Required < 0.10) | OLS Beta: 0.4564
Filter ON: Spread not stationary (p-value too high). Skipping optimization and OOS test.

--- Window 9 Boundary Check ---
IS Period RTH Bars: 228. Start: 2020-07-09 18:00:00+00:00 | End: 2020-09-01 17:00:00+00:00
OOS Start Bar Index: 1012 | Time: 2020-09-01 18:00:00+00:00
ADF Test Result: p-value=0.0419 (Required < 0.10) | OLS Beta: 0.3826
Filter OFF: Spread is stationary. Proceeding with optimization.
IS Optimization Time: 0.02 seconds.
Optimal Params (Sharpe=4.3095, Calmar=46.1967): Z_E=1.9, Z_X=0.5, Z_SL=3.3
📊 Persistence: Saved 68 PnL points to wfa_outputs\oos_equity_curve_PEP_KO_1h_20251105_144120_0.1.csv
OOS Period (2020-09-01 18:00:00+00:00 to 2020-09-23 17:00:00+00:00): PnL: $-44.71 | Sharpe: -1.0555 | Calmar: -3.4091 | Trades: 22

--- Window 10 Boundary Check ---
IS Period RTH Bars: 228. Start: 2020-07-30 18:00:00+00:00 | End: 2020-09-23 17:00:00+00:00
OOS Start Bar Index: 1102 | Time: 2020-09-23 18:00:00+00:00
ADF Test Result: p-value=0.7487 (Required < 0.10) | OLS Beta: 0.0536
Filter ON: Spread not stationary (p-value too high). Skipping optimization and OOS test.

--- Window 11 Boundary Check ---
IS Period RTH Bars: 228. Start: 2020-08-20 18:00:00+00:00 | End: 2020-10-14 17:00:00+00:00
OOS Start Bar Index: 1192 | Time: 2020-10-14 18:00:00+00:00
ADF Test Result: p-value=0.5915 (Required < 0.10) | OLS Beta: 0.2689
Filter ON: Spread not stationary (p-value too high). Skipping optimization and OOS test.

--- Window 12 Boundary Check ---
IS Period RTH Bars: 228. Start: 2020-09-11 18:00:00+00:00 | End: 2020-11-04 18:00:00+00:00
OOS Start Bar Index: 1282 | Time: 2020-11-04 19:00:00+00:00
ADF Test Result: p-value=0.5432 (Required < 0.10) | OLS Beta: 0.6548
Filter ON: Spread not stationary (p-value too high). Skipping optimization and OOS test.

--- Window 13 Boundary Check ---
IS Period RTH Bars: 228. Start: 2020-10-02 18:00:00+00:00 | End: 2020-11-25 18:00:00+00:00
OOS Start Bar Index: 1372 | Time: 2020-11-25 19:00:00+00:00
ADF Test Result: p-value=0.1431 (Required < 0.10) | OLS Beta: 0.5766
Filter ON: Spread not stationary (p-value too high). Skipping optimization and OOS test.

--- Window 14 Boundary Check ---
IS Period RTH Bars: 228. Start: 2020-10-23 18:00:00+00:00 | End: 2020-12-17 19:00:00+00:00
OOS Start Bar Index: 1462 | Time: 2020-12-17 20:00:00+00:00
ADF Test Result: p-value=0.0502 (Required < 0.10) | OLS Beta: 0.6883
Filter OFF: Spread is stationary. Proceeding with optimization.
IS Optimization Time: 0.02 seconds.
Optimal Params (Sharpe=4.4716, Calmar=41.8915): Z_E=1.9, Z_X=0.7, Z_SL=3.9
📊 Persistence: Saved 70 PnL points to wfa_outputs\oos_equity_curve_PEP_KO_1h_20251105_144120_0.1.csv
OOS Period (2020-12-17 20:00:00+00:00 to 2021-01-11 20:00:00+00:00): PnL: $40.08 | Sharpe: 2.4121 | Calmar: 25.2130 | Trades: 2

--- Window 15 Boundary Check ---
IS Period RTH Bars: 228. Start: 2020-11-13 19:00:00+00:00 | End: 2021-01-11 20:00:00+00:00
OOS Start Bar Index: 1552 | Time: 2021-01-12 15:00:00+00:00
ADF Test Result: p-value=0.0127 (Required < 0.10) | OLS Beta: 0.3886
Filter OFF: Spread is stationary. Proceeding with optimization.
IS Optimization Time: 0.02 seconds.
Optimal Params (Sharpe=2.5752, Calmar=0.0000): Z_E=3.1, Z_X=0.3, Z_SL=3.3
📊 Persistence: Saved 72 PnL points to wfa_outputs\oos_equity_curve_PEP_KO_1h_20251105_144120_0.1.csv
OOS Period (2021-01-12 15:00:00+00:00 to 2021-02-02 20:00:00+00:00): PnL: $53.70 | Sharpe: 4.2323 | Calmar: 0.0000 | Trades: 2

--- Window 16 Boundary Check ---
IS Period RTH Bars: 228. Start: 2020-12-07 20:00:00+00:00 | End: 2021-02-02 20:00:00+00:00
OOS Start Bar Index: 1642 | Time: 2021-02-03 15:00:00+00:00
ADF Test Result: p-value=0.0513 (Required < 0.10) | OLS Beta: 0.4279
Filter OFF: Spread is stationary. Proceeding with optimization.
IS Optimization Time: 0.03 seconds.
Optimal Params (Sharpe=3.7231, Calmar=0.0000): Z_E=2.7, Z_X=0.5, Z_SL=3.9
📊 Persistence: Saved 99 PnL points to wfa_outputs\oos_equity_curve_PEP_KO_1h_20251105_144120_0.1.csv
OOS Period (2021-02-03 15:00:00+00:00 to 2021-02-24 20:00:00+00:00): PnL: $-84.99 | Sharpe: -2.6259 | Calmar: -7.3195 | Trades: 27

--- Window 17 Boundary Check ---
IS Period RTH Bars: 228. Start: 2020-12-30 15:00:00+00:00 | End: 2021-02-24 20:00:00+00:00
OOS Start Bar Index: 1732 | Time: 2021-02-25 15:00:00+00:00
ADF Test Result: p-value=0.9121 (Required < 0.10) | OLS Beta: 0.2879
Filter ON: Spread not stationary (p-value too high). Skipping optimization and OOS test.

--- Window 18 Boundary Check ---
IS Period RTH Bars: 228. Start: 2021-01-22 15:00:00+00:00 | End: 2021-03-17 19:00:00+00:00
OOS Start Bar Index: 1822 | Time: 2021-03-18 14:00:00+00:00
ADF Test Result: p-value=0.1248 (Required < 0.10) | OLS Beta: -0.6562
Filter ON: Spread not stationary (p-value too high). Skipping optimization and OOS test.

--- Window 19 Boundary Check ---
IS Period RTH Bars: 228. Start: 2021-02-12 15:00:00+00:00 | End: 2021-04-08 19:00:00+00:00
OOS Start Bar Index: 1912 | Time: 2021-04-09 14:00:00+00:00
ADF Test Result: p-value=0.0313 (Required < 0.10) | OLS Beta: 1.3733
Filter OFF: Spread is stationary. Proceeding with optimization.
IS Optimization Time: 0.03 seconds.
Optimal Params (Sharpe=4.6784, Calmar=53.2725): Z_E=2.1, Z_X=0.7, Z_SL=3.3
📊 Persistence: Saved 99 PnL points to wfa_outputs\oos_equity_curve_PEP_KO_1h_20251105_144120_0.1.csv
OOS Period (2021-04-09 14:00:00+00:00 to 2021-04-30 19:00:00+00:00): PnL: $0.00 | Sharpe: 0.0000 | Calmar: 0.0000 | Trades: 0

--- Window 20 Boundary Check ---
IS Period RTH Bars: 228. Start: 2021-03-08 15:00:00+00:00 | End: 2021-04-30 19:00:00+00:00
OOS Start Bar Index: 2002 | Time: 2021-05-03 14:00:00+00:00
ADF Test Result: p-value=0.0466 (Required < 0.10) | OLS Beta: 1.2563
Filter OFF: Spread is stationary. Proceeding with optimization.
IS Optimization Time: 0.02 seconds.
Optimal Params (Sharpe=1.2505, Calmar=5.3398): Z_E=2.1, Z_X=0.7, Z_SL=3.3
📊 Persistence: Saved 99 PnL points to wfa_outputs\oos_equity_curve_PEP_KO_1h_20251105_144120_0.1.csv
OOS Period (2021-05-03 14:00:00+00:00 to 2021-05-21 19:00:00+00:00): PnL: $0.00 | Sharpe: 0.0000 | Calmar: 0.0000 | Trades: 0

--- Window 21 Boundary Check ---
IS Period RTH Bars: 228. Start: 2021-03-29 14:00:00+00:00 | End: 2021-05-21 19:00:00+00:00
OOS Start Bar Index: 2092 | Time: 2021-05-24 14:00:00+00:00
ADF Test Result: p-value=0.0127 (Required < 0.10) | OLS Beta: 0.9039
Filter OFF: Spread is stationary. Proceeding with optimization.
IS Optimization Time: 0.01 seconds.
Optimal Params (Sharpe=1.5364, Calmar=5.6121): Z_E=1.9, Z_X=0.9, Z_SL=3.3
📊 Persistence: Saved 101 PnL points to wfa_outputs\oos_equity_curve_PEP_KO_1h_20251105_144120_0.1.csv
OOS Period (2021-05-24 14:00:00+00:00 to 2021-06-14 19:00:00+00:00): PnL: $62.84 | Sharpe: 5.6583 | Calmar: 0.0000 | Trades: 2

--- Window 22 Boundary Check ---
IS Period RTH Bars: 228. Start: 2021-04-21 14:00:00+00:00 | End: 2021-06-14 19:00:00+00:00
OOS Start Bar Index: 2182 | Time: 2021-06-15 14:00:00+00:00
ADF Test Result: p-value=0.0969 (Required < 0.10) | OLS Beta: 0.8584
Filter OFF: Spread is stationary. Proceeding with optimization.
IS Optimization Time: 0.02 seconds.
Optimal Params (Sharpe=2.7060, Calmar=12.7877): Z_E=1.9, Z_X=0.9, Z_SL=3.6
📊 Persistence: Saved 114 PnL points to wfa_outputs\oos_equity_curve_PEP_KO_1h_20251105_144120_0.1.csv
OOS Period (2021-06-15 14:00:00+00:00 to 2021-07-06 19:00:00+00:00): PnL: $-9.02 | Sharpe: -0.7134 | Calmar: -3.8235 | Trades: 13

--- Window 23 Boundary Check ---
IS Period RTH Bars: 228. Start: 2021-05-12 14:00:00+00:00 | End: 2021-07-06 19:00:00+00:00
OOS Start Bar Index: 2272 | Time: 2021-07-07 14:00:00+00:00
ADF Test Result: p-value=0.3267 (Required < 0.10) | OLS Beta: 0.3663
Filter ON: Spread not stationary (p-value too high). Skipping optimization and OOS test.

--- Window 24 Boundary Check ---
IS Period RTH Bars: 228. Start: 2021-06-03 14:00:00+00:00 | End: 2021-07-27 19:00:00+00:00
OOS Start Bar Index: 2362 | Time: 2021-07-28 14:00:00+00:00
ADF Test Result: p-value=0.5039 (Required < 0.10) | OLS Beta: 1.1119
Filter ON: Spread not stationary (p-value too high). Skipping optimization and OOS test.

--- Window 25 Boundary Check ---
IS Period RTH Bars: 228. Start: 2021-06-24 14:00:00+00:00 | End: 2021-08-17 19:00:00+00:00
OOS Start Bar Index: 2452 | Time: 2021-08-18 14:00:00+00:00
ADF Test Result: p-value=0.0289 (Required < 0.10) | OLS Beta: 1.0385
Filter OFF: Spread is stationary. Proceeding with optimization.
IS Optimization Time: 0.02 seconds.
Optimal Params (Sharpe=4.5553, Calmar=0.0000): Z_E=2.5, Z_X=1.5, Z_SL=3.3
📊 Persistence: Saved 114 PnL points to wfa_outputs\oos_equity_curve_PEP_KO_1h_20251105_144120_0.1.csv
OOS Period (2021-08-18 14:00:00+00:00 to 2021-09-08 19:00:00+00:00): PnL: $0.00 | Sharpe: 0.0000 | Calmar: 0.0000 | Trades: 0

--- Window 26 Boundary Check ---
IS Period RTH Bars: 228. Start: 2021-07-16 14:00:00+00:00 | End: 2021-09-08 19:00:00+00:00
OOS Start Bar Index: 2542 | Time: 2021-09-09 14:00:00+00:00
ADF Test Result: p-value=0.2985 (Required < 0.10) | OLS Beta: 0.4463
Filter ON: Spread not stationary (p-value too high). Skipping optimization and OOS test.

--- Window 27 Boundary Check ---
IS Period RTH Bars: 228. Start: 2021-08-06 14:00:00+00:00 | End: 2021-09-29 19:00:00+00:00
OOS Start Bar Index: 2632 | Time: 2021-09-30 14:00:00+00:00
ADF Test Result: p-value=0.0492 (Required < 0.10) | OLS Beta: 0.3514
Filter OFF: Spread is stationary. Proceeding with optimization.
IS Optimization Time: 0.03 seconds.
Optimal Params (Sharpe=2.5752, Calmar=0.0000): Z_E=3.1, Z_X=0.3, Z_SL=3.3
📊 Persistence: Saved 132 PnL points to wfa_outputs\oos_equity_curve_PEP_KO_1h_20251105_144120_0.1.csv
OOS Period (2021-09-30 14:00:00+00:00 to 2021-10-20 19:00:00+00:00): PnL: $-34.68 | Sharpe: -1.6978 | Calmar: -6.7845 | Trades: 18

--- Window 28 Boundary Check ---
IS Period RTH Bars: 228. Start: 2021-08-27 14:00:00+00:00 | End: 2021-10-20 19:00:00+00:00
OOS Start Bar Index: 2722 | Time: 2021-10-21 14:00:00+00:00
ADF Test Result: p-value=0.9465 (Required < 0.10) | OLS Beta: 0.4500
Filter ON: Spread not stationary (p-value too high). Skipping optimization and OOS test.

--- Window 29 Boundary Check ---
IS Period RTH Bars: 228. Start: 2021-09-20 14:00:00+00:00 | End: 2021-11-10 20:00:00+00:00
OOS Start Bar Index: 2812 | Time: 2021-11-11 15:00:00+00:00
ADF Test Result: p-value=0.1505 (Required < 0.10) | OLS Beta: 1.1270
Filter ON: Spread not stationary (p-value too high). Skipping optimization and OOS test.

--- Window 30 Boundary Check ---
IS Period RTH Bars: 228. Start: 2021-10-11 14:00:00+00:00 | End: 2021-12-02 20:00:00+00:00
OOS Start Bar Index: 2902 | Time: 2021-12-03 15:00:00+00:00
ADF Test Result: p-value=0.1739 (Required < 0.10) | OLS Beta: 0.4485
Filter ON: Spread not stationary (p-value too high). Skipping optimization and OOS test.

--- Window 31 Boundary Check ---
IS Period RTH Bars: 228. Start: 2021-11-01 14:00:00+00:00 | End: 2021-12-23 20:00:00+00:00
OOS Start Bar Index: 2992 | Time: 2021-12-27 15:00:00+00:00
ADF Test Result: p-value=0.1835 (Required < 0.10) | OLS Beta: 0.5656
Filter ON: Spread not stationary (p-value too high). Skipping optimization and OOS test.

--- Window 32 Boundary Check ---
IS Period RTH Bars: 228. Start: 2021-11-22 15:00:00+00:00 | End: 2022-01-14 20:00:00+00:00
OOS Start Bar Index: 3082 | Time: 2022-01-18 15:00:00+00:00
ADF Test Result: p-value=0.0135 (Required < 0.10) | OLS Beta: 0.5871
Filter OFF: Spread is stationary. Proceeding with optimization.
IS Optimization Time: 0.03 seconds.
Optimal Params (Sharpe=3.7293, Calmar=0.0000): Z_E=2.9, Z_X=0.5, Z_SL=3.3
📊 Persistence: Saved 139 PnL points to wfa_outputs\oos_equity_curve_PEP_KO_1h_20251105_144120_0.1.csv
OOS Period (2022-01-18 15:00:00+00:00 to 2022-02-08 19:00:00+00:00): PnL: $3.10 | Sharpe: 0.0931 | Calmar: 0.7876 | Trades: 7

--- Window 33 Boundary Check ---
IS Period RTH Bars: 228. Start: 2021-12-14 15:00:00+00:00 | End: 2022-02-08 19:00:00+00:00
OOS Start Bar Index: 3172 | Time: 2022-02-08 20:00:00+00:00
ADF Test Result: p-value=0.1906 (Required < 0.10) | OLS Beta: 0.4325
Filter ON: Spread not stationary (p-value too high). Skipping optimization and OOS test.

--- Window 34 Boundary Check ---
IS Period RTH Bars: 228. Start: 2022-01-05 15:00:00+00:00 | End: 2022-03-02 19:00:00+00:00
OOS Start Bar Index: 3262 | Time: 2022-03-02 20:00:00+00:00
ADF Test Result: p-value=0.3909 (Required < 0.10) | OLS Beta: -0.4350
Filter ON: Spread not stationary (p-value too high). Skipping optimization and OOS test.

--- Window 35 Boundary Check ---
IS Period RTH Bars: 228. Start: 2022-01-27 20:00:00+00:00 | End: 2022-03-24 18:00:00+00:00
OOS Start Bar Index: 3352 | Time: 2022-03-24 19:00:00+00:00
ADF Test Result: p-value=0.4210 (Required < 0.10) | OLS Beta: 0.9127
Filter ON: Spread not stationary (p-value too high). Skipping optimization and OOS test.

--- Window 36 Boundary Check ---
IS Period RTH Bars: 228. Start: 2022-02-17 20:00:00+00:00 | End: 2022-04-14 18:00:00+00:00
OOS Start Bar Index: 3442 | Time: 2022-04-14 19:00:00+00:00
ADF Test Result: p-value=0.2891 (Required < 0.10) | OLS Beta: 1.0204
Filter ON: Spread not stationary (p-value too high). Skipping optimization and OOS test.

--- Window 37 Boundary Check ---
IS Period RTH Bars: 228. Start: 2022-03-14 19:00:00+00:00 | End: 2022-05-06 18:00:00+00:00
OOS Start Bar Index: 3532 | Time: 2022-05-06 19:00:00+00:00
ADF Test Result: p-value=0.1525 (Required < 0.10) | OLS Beta: 0.8533
Filter ON: Spread not stationary (p-value too high). Skipping optimization and OOS test.

--- Window 38 Boundary Check ---
IS Period RTH Bars: 228. Start: 2022-04-04 19:00:00+00:00 | End: 2022-05-27 18:00:00+00:00
OOS Start Bar Index: 3622 | Time: 2022-05-27 19:00:00+00:00
ADF Test Result: p-value=0.1496 (Required < 0.10) | OLS Beta: 0.8508
Filter ON: Spread not stationary (p-value too high). Skipping optimization and OOS test.

--- Window 39 Boundary Check ---
IS Period RTH Bars: 228. Start: 2022-04-26 19:00:00+00:00 | End: 2022-06-21 18:00:00+00:00
OOS Start Bar Index: 3712 | Time: 2022-06-21 19:00:00+00:00
ADF Test Result: p-value=0.0011 (Required < 0.10) | OLS Beta: 1.0011
Filter OFF: Spread is stationary. Proceeding with optimization.
IS Optimization Time: 0.02 seconds.
Optimal Params (Sharpe=4.5019, Calmar=75.0789): Z_E=2.3, Z_X=0.7, Z_SL=3.3
📊 Persistence: Saved 148 PnL points to wfa_outputs\oos_equity_curve_PEP_KO_1h_20251105_144120_0.1.csv
OOS Period (2022-06-21 19:00:00+00:00 to 2022-07-13 18:00:00+00:00): PnL: $-64.55 | Sharpe: -4.6722 | Calmar: -15.8101 | Trades: 9

--- Window 40 Boundary Check ---
IS Period RTH Bars: 228. Start: 2022-05-17 19:00:00+00:00 | End: 2022-07-13 18:00:00+00:00
OOS Start Bar Index: 3802 | Time: 2022-07-13 19:00:00+00:00
ADF Test Result: p-value=0.4805 (Required < 0.10) | OLS Beta: 1.0009
Filter ON: Spread not stationary (p-value too high). Skipping optimization and OOS test.

--- Window 41 Boundary Check ---
IS Period RTH Bars: 228. Start: 2022-06-08 19:00:00+00:00 | End: 2022-08-03 18:00:00+00:00
OOS Start Bar Index: 3892 | Time: 2022-08-03 19:00:00+00:00
ADF Test Result: p-value=0.6590 (Required < 0.10) | OLS Beta: 1.2736
Filter ON: Spread not stationary (p-value too high). Skipping optimization and OOS test.

--- Window 42 Boundary Check ---
IS Period RTH Bars: 228. Start: 2022-06-30 19:00:00+00:00 | End: 2022-08-24 18:00:00+00:00
OOS Start Bar Index: 3982 | Time: 2022-08-24 19:00:00+00:00
ADF Test Result: p-value=0.1001 (Required < 0.10) | OLS Beta: 1.2116
Filter ON: Spread not stationary (p-value too high). Skipping optimization and OOS test.

--- Window 43 Boundary Check ---
IS Period RTH Bars: 228. Start: 2022-07-22 19:00:00+00:00 | End: 2022-09-15 18:00:00+00:00
OOS Start Bar Index: 4072 | Time: 2022-09-15 19:00:00+00:00
ADF Test Result: p-value=0.2842 (Required < 0.10) | OLS Beta: 0.8441
Filter ON: Spread not stationary (p-value too high). Skipping optimization and OOS test.

--- Window 44 Boundary Check ---
IS Period RTH Bars: 228. Start: 2022-08-12 19:00:00+00:00 | End: 2022-10-06 18:00:00+00:00
OOS Start Bar Index: 4162 | Time: 2022-10-06 19:00:00+00:00
ADF Test Result: p-value=0.1368 (Required < 0.10) | OLS Beta: 0.5630
Filter ON: Spread not stationary (p-value too high). Skipping optimization and OOS test.

--- Window 45 Boundary Check ---
IS Period RTH Bars: 228. Start: 2022-09-02 19:00:00+00:00 | End: 2022-10-27 18:00:00+00:00
OOS Start Bar Index: 4252 | Time: 2022-10-27 19:00:00+00:00
ADF Test Result: p-value=0.8274 (Required < 0.10) | OLS Beta: 0.2530
Filter ON: Spread not stationary (p-value too high). Skipping optimization and OOS test.

--- Window 46 Boundary Check ---
IS Period RTH Bars: 228. Start: 2022-09-26 19:00:00+00:00 | End: 2022-11-17 19:00:00+00:00
OOS Start Bar Index: 4342 | Time: 2022-11-17 20:00:00+00:00
ADF Test Result: p-value=0.4147 (Required < 0.10) | OLS Beta: 0.8577
Filter ON: Spread not stationary (p-value too high). Skipping optimization and OOS test.

--- Window 47 Boundary Check ---
IS Period RTH Bars: 228. Start: 2022-10-17 19:00:00+00:00 | End: 2022-12-09 19:00:00+00:00
OOS Start Bar Index: 4432 | Time: 2022-12-09 20:00:00+00:00
ADF Test Result: p-value=0.0426 (Required < 0.10) | OLS Beta: 0.4574
Filter OFF: Spread is stationary. Proceeding with optimization.
IS Optimization Time: 0.02 seconds.
Optimal Params (Sharpe=3.7567, Calmar=0.0000): Z_E=2.3, Z_X=0.3, Z_SL=3.3
📊 Persistence: Saved 150 PnL points to wfa_outputs\oos_equity_curve_PEP_KO_1h_20251105_144120_0.1.csv
OOS Period (2022-12-09 20:00:00+00:00 to 2023-01-03 19:00:00+00:00): PnL: $105.86 | Sharpe: 3.9706 | Calmar: 425.1486 | Trades: 2

--- Window 48 Boundary Check ---
IS Period RTH Bars: 228. Start: 2022-11-07 20:00:00+00:00 | End: 2023-01-03 19:00:00+00:00
OOS Start Bar Index: 4522 | Time: 2023-01-03 20:00:00+00:00
ADF Test Result: p-value=0.0409 (Required < 0.10) | OLS Beta: 0.4036
Filter OFF: Spread is stationary. Proceeding with optimization.
IS Optimization Time: 0.03 seconds.
Optimal Params (Sharpe=3.5557, Calmar=0.0000): Z_E=2.3, Z_X=0.3, Z_SL=3.3
📊 Persistence: Saved 167 PnL points to wfa_outputs\oos_equity_curve_PEP_KO_1h_20251105_144120_0.1.csv
OOS Period (2023-01-03 20:00:00+00:00 to 2023-01-25 19:00:00+00:00): PnL: $-22.09 | Sharpe: -0.9701 | Calmar: -4.1153 | Trades: 17

--- Window 49 Boundary Check ---
IS Period RTH Bars: 228. Start: 2022-11-29 20:00:00+00:00 | End: 2023-01-25 19:00:00+00:00
OOS Start Bar Index: 4612 | Time: 2023-01-25 20:00:00+00:00
ADF Test Result: p-value=0.0020 (Required < 0.10) | OLS Beta: 1.2052
Filter OFF: Spread is stationary. Proceeding with optimization.
IS Optimization Time: 0.02 seconds.
Optimal Params (Sharpe=4.4602, Calmar=71.8064): Z_E=1.9, Z_X=0.5, Z_SL=3.3
📊 Persistence: Saved 181 PnL points to wfa_outputs\oos_equity_curve_PEP_KO_1h_20251105_144120_0.1.csv
OOS Period (2023-01-25 20:00:00+00:00 to 2023-02-15 19:00:00+00:00): PnL: $31.01 | Sharpe: 1.0433 | Calmar: 5.8268 | Trades: 14

--- Window 50 Boundary Check ---
IS Period RTH Bars: 228. Start: 2022-12-20 20:00:00+00:00 | End: 2023-02-15 19:00:00+00:00
OOS Start Bar Index: 4702 | Time: 2023-02-15 20:00:00+00:00
ADF Test Result: p-value=0.9146 (Required < 0.10) | OLS Beta: 0.9590
Filter ON: Spread not stationary (p-value too high). Skipping optimization and OOS test.

--- Window 51 Boundary Check ---
IS Period RTH Bars: 228. Start: 2023-01-12 20:00:00+00:00 | End: 2023-03-09 19:00:00+00:00
OOS Start Bar Index: 4792 | Time: 2023-03-09 20:00:00+00:00
ADF Test Result: p-value=0.1134 (Required < 0.10) | OLS Beta: -0.1256
Filter ON: Spread not stationary (p-value too high). Skipping optimization and OOS test.

--- Window 52 Boundary Check ---
IS Period RTH Bars: 228. Start: 2023-02-03 20:00:00+00:00 | End: 2023-03-30 18:00:00+00:00
OOS Start Bar Index: 4882 | Time: 2023-03-30 19:00:00+00:00
ADF Test Result: p-value=0.0043 (Required < 0.10) | OLS Beta: 1.0471
Filter OFF: Spread is stationary. Proceeding with optimization.
IS Optimization Time: 0.02 seconds.
Optimal Params (Sharpe=3.9243, Calmar=33.7220): Z_E=1.9, Z_X=0.9, Z_SL=3.3
📊 Persistence: Saved 181 PnL points to wfa_outputs\oos_equity_curve_PEP_KO_1h_20251105_144120_0.1.csv
OOS Period (2023-03-30 19:00:00+00:00 to 2023-04-21 18:00:00+00:00): PnL: $0.00 | Sharpe: 0.0000 | Calmar: 0.0000 | Trades: 0

--- Window 53 Boundary Check ---
IS Period RTH Bars: 228. Start: 2023-02-27 20:00:00+00:00 | End: 2023-04-21 18:00:00+00:00
OOS Start Bar Index: 4972 | Time: 2023-04-21 19:00:00+00:00
ADF Test Result: p-value=0.2638 (Required < 0.10) | OLS Beta: 0.9658
Filter ON: Spread not stationary (p-value too high). Skipping optimization and OOS test.

--- Window 54 Boundary Check ---
IS Period RTH Bars: 228. Start: 2023-03-20 19:00:00+00:00 | End: 2023-05-12 18:00:00+00:00
OOS Start Bar Index: 5062 | Time: 2023-05-12 19:00:00+00:00
ADF Test Result: p-value=0.8957 (Required < 0.10) | OLS Beta: 1.3144
Filter ON: Spread not stationary (p-value too high). Skipping optimization and OOS test.

--- Window 55 Boundary Check ---
IS Period RTH Bars: 228. Start: 2023-04-11 19:00:00+00:00 | End: 2023-06-05 18:00:00+00:00
OOS Start Bar Index: 5152 | Time: 2023-06-05 19:00:00+00:00
ADF Test Result: p-value=0.4959 (Required < 0.10) | OLS Beta: 0.6413
Filter ON: Spread not stationary (p-value too high). Skipping optimization and OOS test.

--- Window 56 Boundary Check ---
IS Period RTH Bars: 228. Start: 2023-05-02 19:00:00+00:00 | End: 2023-06-27 18:00:00+00:00
OOS Start Bar Index: 5242 | Time: 2023-06-27 19:00:00+00:00
ADF Test Result: p-value=0.0327 (Required < 0.10) | OLS Beta: 1.0127
Filter OFF: Spread is stationary. Proceeding with optimization.
IS Optimization Time: 0.02 seconds.
Optimal Params (Sharpe=5.7982, Calmar=0.0000): Z_E=1.9, Z_X=1.1, Z_SL=3.3
📊 Persistence: Saved 195 PnL points to wfa_outputs\oos_equity_curve_PEP_KO_1h_20251105_144120_0.1.csv
OOS Period (2023-06-27 19:00:00+00:00 to 2023-07-19 18:00:00+00:00): PnL: $-39.07 | Sharpe: -2.5080 | Calmar: -7.2945 | Trades: 14

--- Window 57 Boundary Check ---
IS Period RTH Bars: 228. Start: 2023-05-23 19:00:00+00:00 | End: 2023-07-19 18:00:00+00:00
OOS Start Bar Index: 5332 | Time: 2023-07-19 19:00:00+00:00
ADF Test Result: p-value=0.2936 (Required < 0.10) | OLS Beta: 0.7274
Filter ON: Spread not stationary (p-value too high). Skipping optimization and OOS test.

--- Window 58 Boundary Check ---
IS Period RTH Bars: 228. Start: 2023-06-14 19:00:00+00:00 | End: 2023-08-09 18:00:00+00:00
OOS Start Bar Index: 5422 | Time: 2023-08-09 19:00:00+00:00
ADF Test Result: p-value=0.0293 (Required < 0.10) | OLS Beta: 0.7242
Filter OFF: Spread is stationary. Proceeding with optimization.
IS Optimization Time: 0.02 seconds.
Optimal Params (Sharpe=3.9673, Calmar=0.0000): Z_E=2.3, Z_X=1.3, Z_SL=3.3
📊 Persistence: Saved 223 PnL points to wfa_outputs\oos_equity_curve_PEP_KO_1h_20251105_144120_0.1.csv
OOS Period (2023-08-09 19:00:00+00:00 to 2023-08-30 18:00:00+00:00): PnL: $-120.26 | Sharpe: -5.8587 | Calmar: -12.3309 | Trades: 28

--- Window 59 Boundary Check ---
IS Period RTH Bars: 228. Start: 2023-07-07 19:00:00+00:00 | End: 2023-08-30 18:00:00+00:00
OOS Start Bar Index: 5512 | Time: 2023-08-30 19:00:00+00:00
ADF Test Result: p-value=0.5080 (Required < 0.10) | OLS Beta: 1.2119
Filter ON: Spread not stationary (p-value too high). Skipping optimization and OOS test.

--- Window 60 Boundary Check ---
IS Period RTH Bars: 228. Start: 2023-07-28 19:00:00+00:00 | End: 2023-09-21 18:00:00+00:00
OOS Start Bar Index: 5602 | Time: 2023-09-21 19:00:00+00:00
ADF Test Result: p-value=0.4768 (Required < 0.10) | OLS Beta: 0.7177
Filter ON: Spread not stationary (p-value too high). Skipping optimization and OOS test.

--- Window 61 Boundary Check ---
IS Period RTH Bars: 228. Start: 2023-08-18 19:00:00+00:00 | End: 2023-10-12 18:00:00+00:00
OOS Start Bar Index: 5692 | Time: 2023-10-12 19:00:00+00:00
ADF Test Result: p-value=0.4886 (Required < 0.10) | OLS Beta: 0.8561
Filter ON: Spread not stationary (p-value too high). Skipping optimization and OOS test.

--- Window 62 Boundary Check ---
IS Period RTH Bars: 228. Start: 2023-09-11 19:00:00+00:00 | End: 2023-11-02 18:00:00+00:00
OOS Start Bar Index: 5782 | Time: 2023-11-02 19:00:00+00:00
ADF Test Result: p-value=0.9058 (Required < 0.10) | OLS Beta: 1.1351
Filter ON: Spread not stationary (p-value too high). Skipping optimization and OOS test.

--- Window 63 Boundary Check ---
IS Period RTH Bars: 228. Start: 2023-10-02 19:00:00+00:00 | End: 2023-11-24 19:00:00+00:00
OOS Start Bar Index: 5872 | Time: 2023-11-24 20:00:00+00:00
ADF Test Result: p-value=0.0169 (Required < 0.10) | OLS Beta: 0.5288
Filter OFF: Spread is stationary. Proceeding with optimization.
IS Optimization Time: 0.02 seconds.
Optimal Params (Sharpe=5.6728, Calmar=79.3911): Z_E=1.9, Z_X=0.9, Z_SL=3.3
📊 Persistence: Saved 223 PnL points to wfa_outputs\oos_equity_curve_PEP_KO_1h_20251105_144120_0.1.csv
OOS Period (2023-11-24 20:00:00+00:00 to 2023-12-15 19:00:00+00:00): PnL: $0.00 | Sharpe: 0.0000 | Calmar: 0.0000 | Trades: 0

--- Window 64 Boundary Check ---
IS Period RTH Bars: 228. Start: 2023-10-23 19:00:00+00:00 | End: 2023-12-15 19:00:00+00:00
OOS Start Bar Index: 5962 | Time: 2023-12-15 20:00:00+00:00
ADF Test Result: p-value=0.1448 (Required < 0.10) | OLS Beta: 0.6305
Filter ON: Spread not stationary (p-value too high). Skipping optimization and OOS test.

--- Window 65 Boundary Check ---
IS Period RTH Bars: 228. Start: 2023-11-13 20:00:00+00:00 | End: 2024-01-09 19:00:00+00:00
OOS Start Bar Index: 6052 | Time: 2024-01-09 20:00:00+00:00
ADF Test Result: p-value=0.1211 (Required < 0.10) | OLS Beta: 0.5275
Filter ON: Spread not stationary (p-value too high). Skipping optimization and OOS test.

--- Window 66 Boundary Check ---
IS Period RTH Bars: 228. Start: 2023-12-05 20:00:00+00:00 | End: 2024-01-31 19:00:00+00:00
OOS Start Bar Index: 6142 | Time: 2024-01-31 20:00:00+00:00
ADF Test Result: p-value=0.2077 (Required < 0.10) | OLS Beta: 0.1576
Filter ON: Spread not stationary (p-value too high). Skipping optimization and OOS test.

--- Window 67 Boundary Check ---
IS Period RTH Bars: 228. Start: 2023-12-27 20:00:00+00:00 | End: 2024-02-22 19:00:00+00:00
OOS Start Bar Index: 6232 | Time: 2024-02-22 20:00:00+00:00
ADF Test Result: p-value=0.2176 (Required < 0.10) | OLS Beta: 0.2523
Filter ON: Spread not stationary (p-value too high). Skipping optimization and OOS test.

--- Window 68 Boundary Check ---
IS Period RTH Bars: 228. Start: 2024-01-19 20:00:00+00:00 | End: 2024-03-14 18:00:00+00:00
OOS Start Bar Index: 6322 | Time: 2024-03-14 19:00:00+00:00
ADF Test Result: p-value=0.7246 (Required < 0.10) | OLS Beta: 0.3416
Filter ON: Spread not stationary (p-value too high). Skipping optimization and OOS test.

--- Window 69 Boundary Check ---
IS Period RTH Bars: 228. Start: 2024-02-09 20:00:00+00:00 | End: 2024-04-05 18:00:00+00:00
OOS Start Bar Index: 6412 | Time: 2024-04-05 19:00:00+00:00
ADF Test Result: p-value=0.5299 (Required < 0.10) | OLS Beta: 1.1356
Filter ON: Spread not stationary (p-value too high). Skipping optimization and OOS test.

--- Window 70 Boundary Check ---
IS Period RTH Bars: 228. Start: 2024-03-04 20:00:00+00:00 | End: 2024-04-26 18:00:00+00:00
OOS Start Bar Index: 6502 | Time: 2024-04-26 19:00:00+00:00
ADF Test Result: p-value=0.3588 (Required < 0.10) | OLS Beta: 0.9457
Filter ON: Spread not stationary (p-value too high). Skipping optimization and OOS test.

--- Window 71 Boundary Check ---
IS Period RTH Bars: 228. Start: 2024-03-25 19:00:00+00:00 | End: 2024-05-17 18:00:00+00:00
OOS Start Bar Index: 6592 | Time: 2024-05-17 19:00:00+00:00
ADF Test Result: p-value=0.5140 (Required < 0.10) | OLS Beta: 0.8464
Filter ON: Spread not stationary (p-value too high). Skipping optimization and OOS test.

--- Window 72 Boundary Check ---
IS Period RTH Bars: 228. Start: 2024-04-16 19:00:00+00:00 | End: 2024-06-10 18:00:00+00:00
OOS Start Bar Index: 6682 | Time: 2024-06-10 19:00:00+00:00
ADF Test Result: p-value=0.9277 (Required < 0.10) | OLS Beta: 0.4221
Filter ON: Spread not stationary (p-value too high). Skipping optimization and OOS test.

--- Window 73 Boundary Check ---
IS Period RTH Bars: 228. Start: 2024-05-07 19:00:00+00:00 | End: 2024-07-02 18:00:00+00:00
OOS Start Bar Index: 6772 | Time: 2024-07-02 19:00:00+00:00
ADF Test Result: p-value=0.7402 (Required < 0.10) | OLS Beta: -0.7400
Filter ON: Spread not stationary (p-value too high). Skipping optimization and OOS test.

--- Window 74 Boundary Check ---
IS Period RTH Bars: 228. Start: 2024-05-29 19:00:00+00:00 | End: 2024-07-24 18:00:00+00:00
OOS Start Bar Index: 6862 | Time: 2024-07-24 19:00:00+00:00
ADF Test Result: p-value=0.2456 (Required < 0.10) | OLS Beta: 0.2662
Filter ON: Spread not stationary (p-value too high). Skipping optimization and OOS test.

--- Window 75 Boundary Check ---
IS Period RTH Bars: 228. Start: 2024-06-20 19:00:00+00:00 | End: 2024-08-14 18:00:00+00:00
OOS Start Bar Index: 6952 | Time: 2024-08-14 19:00:00+00:00
ADF Test Result: p-value=0.0785 (Required < 0.10) | OLS Beta: 0.6992
Filter OFF: Spread is stationary. Proceeding with optimization.
IS Optimization Time: 0.02 seconds.
Optimal Params (Sharpe=2.7066, Calmar=52.0498): Z_E=2.5, Z_X=0.7, Z_SL=3.3
📊 Persistence: Saved 231 PnL points to wfa_outputs\oos_equity_curve_PEP_KO_1h_20251105_144120_0.1.csv
OOS Period (2024-08-14 19:00:00+00:00 to 2024-09-05 18:00:00+00:00): PnL: $129.42 | Sharpe: 3.0544 | Calmar: 24.0422 | Trades: 8

--- Window 76 Boundary Check ---
IS Period RTH Bars: 228. Start: 2024-07-12 19:00:00+00:00 | End: 2024-09-05 18:00:00+00:00
OOS Start Bar Index: 7042 | Time: 2024-09-05 19:00:00+00:00
ADF Test Result: p-value=0.2473 (Required < 0.10) | OLS Beta: 0.4519
Filter ON: Spread not stationary (p-value too high). Skipping optimization and OOS test.

--- Window 77 Boundary Check ---
IS Period RTH Bars: 228. Start: 2024-08-02 19:00:00+00:00 | End: 2024-09-26 18:00:00+00:00
OOS Start Bar Index: 7132 | Time: 2024-09-26 19:00:00+00:00
ADF Test Result: p-value=0.3954 (Required < 0.10) | OLS Beta: 0.3315
Filter ON: Spread not stationary (p-value too high). Skipping optimization and OOS test.

--- Window 78 Boundary Check ---
IS Period RTH Bars: 228. Start: 2024-08-23 19:00:00+00:00 | End: 2024-10-17 18:00:00+00:00
OOS Start Bar Index: 7222 | Time: 2024-10-17 19:00:00+00:00
ADF Test Result: p-value=0.5171 (Required < 0.10) | OLS Beta: 0.3791
Filter ON: Spread not stationary (p-value too high). Skipping optimization and OOS test.

--- Window 79 Boundary Check ---
IS Period RTH Bars: 228. Start: 2024-09-16 19:00:00+00:00 | End: 2024-11-07 19:00:00+00:00
OOS Start Bar Index: 7312 | Time: 2024-11-07 20:00:00+00:00
ADF Test Result: p-value=0.4066 (Required < 0.10) | OLS Beta: 0.3664
Filter ON: Spread not stationary (p-value too high). Skipping optimization and OOS test.

--- Window 80 Boundary Check ---
IS Period RTH Bars: 228. Start: 2024-10-07 19:00:00+00:00 | End: 2024-11-29 19:00:00+00:00
OOS Start Bar Index: 7402 | Time: 2024-11-29 20:00:00+00:00
ADF Test Result: p-value=0.1313 (Required < 0.10) | OLS Beta: 0.7352
Filter ON: Spread not stationary (p-value too high). Skipping optimization and OOS test.

--- Window 81 Boundary Check ---
IS Period RTH Bars: 228. Start: 2024-10-28 19:00:00+00:00 | End: 2024-12-20 19:00:00+00:00
OOS Start Bar Index: 7492 | Time: 2024-12-20 20:00:00+00:00
ADF Test Result: p-value=0.8676 (Required < 0.10) | OLS Beta: 0.8558
Filter ON: Spread not stationary (p-value too high). Skipping optimization and OOS test.

############################################################
📈 OVERALL SIMULATION PERFORMANCE (Walk-Forward Test)
############################################################
Timeframe Used: 1Hour, Value: 1
ADF Cointegration Filter Threshold: 0.1
Total OOS Windows Tested: 81
Total Trades Executed: 231
--- Final Performance Metrics ---
Total PnL: $906.51
Overall Sharpe Ratio (Annualized): 0.2305
Overall Calmar Ratio (Annualized): 0.1033
Maximum Dollar Drawdown (MDD): $350.99

--- Execution Time ---
Total Elapsed Time: 36.60 seconds
############################################################
[0m