--- Dynamic Timeframe Configuration ---
TimeFrame Selected: 1Hour, Value: 1
Bars per Trading Day: 6
Annualization Factor (Bars/Year): 1512
Statistical Lookback Bars: 33
Optimization Lookback Bars: 292
---------------------------------------
--- Diagnostic Check ---
API Key ID Length: 26
API Secret Key Length: 44
StockHistoricalDataClient initialized successfully. Starting data fetch...
--------------------------
Pre-compiling Numba function for first run optimization...
Numba pre-compilation complete.
Fetching data from 2020-01-01 to 2024-12-30...
Fetching 1Hour data for MET...
Fetching 1Hour data for PRU...
Data acquired successfully. Total 1Hour RTH bars: 7498
Skipping full pre-calculation. Metrics will be calculated inside the WFA loop.

============================================================
📈 Starting Rolling Backtest: IS Optimization Window=292 bars, Shift=15 days
   Data already processed with Statistical Rolling Window: 33 bars
   ADF Cointegration Filter: p-value < 0.05
============================================================

--- Window 1 Boundary Check ---
IS Period RTH Bars: 228. Start: 2020-01-16 19:00:00+00:00 | End: 2020-03-12 17:00:00+00:00
OOS Start Bar Index: 292 | Time: 2020-03-12 18:00:00+00:00
ADF Test Result: p-value=0.0150 (Required < 0.05) | OLS Beta: 0.9219
Filter OFF: Spread is stationary. Proceeding with optimization.
IS Optimization Time: 0.06 seconds.
Optimal Params (Sharpe=4.1622, Calmar=0.0000): Z_E=2.7, Z_X=1.5, Z_SL=3.3
📊 Persistence: Saved 11 PnL points to wfa_outputs\oos_equity_curve_MET_PRU_1h_20251108_111139_0.05.csv
OOS Period (2020-03-12 18:00:00+00:00 to 2020-04-02 17:00:00+00:00): PnL: $714.21 | Sharpe: 5.8405 | Calmar: 84.4985 | Trades: 11

--- Window 2 Boundary Check ---
IS Period RTH Bars: 228. Start: 2020-02-07 19:00:00+00:00 | End: 2020-04-02 17:00:00+00:00
OOS Start Bar Index: 382 | Time: 2020-04-02 18:00:00+00:00
ADF Test Result: p-value=0.0013 (Required < 0.05) | OLS Beta: 0.9051
Filter OFF: Spread is stationary. Proceeding with optimization.
IS Optimization Time: 0.02 seconds.
Optimal Params (Sharpe=3.5131, Calmar=0.0000): Z_E=2.7, Z_X=1.5, Z_SL=3.3
📊 Persistence: Saved 12 PnL points to wfa_outputs\oos_equity_curve_MET_PRU_1h_20251108_111139_0.05.csv
OOS Period (2020-04-02 18:00:00+00:00 to 2020-04-24 17:00:00+00:00): PnL: $206.43 | Sharpe: 4.1217 | Calmar: 0.0000 | Trades: 1

--- Window 3 Boundary Check ---
IS Period RTH Bars: 228. Start: 2020-03-02 19:00:00+00:00 | End: 2020-04-24 17:00:00+00:00
OOS Start Bar Index: 472 | Time: 2020-04-24 18:00:00+00:00
ADF Test Result: p-value=0.0108 (Required < 0.05) | OLS Beta: 0.8833
Filter OFF: Spread is stationary. Proceeding with optimization.
IS Optimization Time: 0.07 seconds.
Optimal Params (Sharpe=3.6352, Calmar=20.6190): Z_E=1.9, Z_X=0.3, Z_SL=3.3
📊 Persistence: Saved 13 PnL points to wfa_outputs\oos_equity_curve_MET_PRU_1h_20251108_111139_0.05.csv
OOS Period (2020-04-24 18:00:00+00:00 to 2020-05-15 17:00:00+00:00): PnL: $129.31 | Sharpe: 4.1217 | Calmar: 0.0000 | Trades: 1

--- Window 4 Boundary Check ---
IS Period RTH Bars: 228. Start: 2020-03-23 18:00:00+00:00 | End: 2020-05-15 17:00:00+00:00
OOS Start Bar Index: 562 | Time: 2020-05-15 18:00:00+00:00
ADF Test Result: p-value=0.0338 (Required < 0.05) | OLS Beta: 0.9475
Filter OFF: Spread is stationary. Proceeding with optimization.
IS Optimization Time: 0.06 seconds.
Optimal Params (Sharpe=3.3338, Calmar=27.3912): Z_E=1.9, Z_X=0.3, Z_SL=3.9
📊 Persistence: Saved 13 PnL points to wfa_outputs\oos_equity_curve_MET_PRU_1h_20251108_111139_0.05.csv
OOS Period (2020-05-15 18:00:00+00:00 to 2020-06-08 17:00:00+00:00): PnL: $0.00 | Sharpe: 0.0000 | Calmar: 0.0000 | Trades: 0

--- Window 5 Boundary Check ---
IS Period RTH Bars: 228. Start: 2020-04-14 18:00:00+00:00 | End: 2020-06-08 17:00:00+00:00
OOS Start Bar Index: 652 | Time: 2020-06-08 18:00:00+00:00
ADF Test Result: p-value=0.0166 (Required < 0.05) | OLS Beta: 0.8907
Filter OFF: Spread is stationary. Proceeding with optimization.
IS Optimization Time: 0.06 seconds.
Optimal Params (Sharpe=2.5752, Calmar=0.0000): Z_E=3.1, Z_X=0.7, Z_SL=3.3
📊 Persistence: Saved 13 PnL points to wfa_outputs\oos_equity_curve_MET_PRU_1h_20251108_111139_0.05.csv
OOS Period (2020-06-08 18:00:00+00:00 to 2020-06-29 17:00:00+00:00): PnL: $0.00 | Sharpe: 0.0000 | Calmar: 0.0000 | Trades: 0

--- Window 6 Boundary Check ---
IS Period RTH Bars: 228. Start: 2020-05-05 18:00:00+00:00 | End: 2020-06-29 17:00:00+00:00
OOS Start Bar Index: 742 | Time: 2020-06-29 18:00:00+00:00
ADF Test Result: p-value=0.0172 (Required < 0.05) | OLS Beta: 0.8606
Filter OFF: Spread is stationary. Proceeding with optimization.
IS Optimization Time: 0.06 seconds.
Optimal Params (Sharpe=2.5752, Calmar=0.0000): Z_E=3.1, Z_X=0.5, Z_SL=3.3
📊 Persistence: Saved 14 PnL points to wfa_outputs\oos_equity_curve_MET_PRU_1h_20251108_111139_0.05.csv
OOS Period (2020-06-29 18:00:00+00:00 to 2020-07-21 17:00:00+00:00): PnL: $170.16 | Sharpe: 4.1217 | Calmar: 0.0000 | Trades: 1

--- Window 7 Boundary Check ---
IS Period RTH Bars: 228. Start: 2020-05-27 18:00:00+00:00 | End: 2020-07-21 17:00:00+00:00
OOS Start Bar Index: 832 | Time: 2020-07-21 18:00:00+00:00
ADF Test Result: p-value=0.1066 (Required < 0.05) | OLS Beta: 0.8129
Filter ON: Spread not stationary (p-value too high). Skipping optimization and OOS test.

--- Window 8 Boundary Check ---
IS Period RTH Bars: 228. Start: 2020-06-17 18:00:00+00:00 | End: 2020-08-11 17:00:00+00:00
OOS Start Bar Index: 922 | Time: 2020-08-11 18:00:00+00:00
ADF Test Result: p-value=0.3020 (Required < 0.05) | OLS Beta: 0.7216
Filter ON: Spread not stationary (p-value too high). Skipping optimization and OOS test.

--- Window 9 Boundary Check ---
IS Period RTH Bars: 228. Start: 2020-07-09 18:00:00+00:00 | End: 2020-09-01 17:00:00+00:00
OOS Start Bar Index: 1012 | Time: 2020-09-01 18:00:00+00:00
ADF Test Result: p-value=0.1178 (Required < 0.05) | OLS Beta: 0.4796
Filter ON: Spread not stationary (p-value too high). Skipping optimization and OOS test.

--- Window 10 Boundary Check ---
IS Period RTH Bars: 228. Start: 2020-07-30 18:00:00+00:00 | End: 2020-09-23 17:00:00+00:00
OOS Start Bar Index: 1102 | Time: 2020-09-23 18:00:00+00:00
ADF Test Result: p-value=0.0568 (Required < 0.05) | OLS Beta: 0.5529
Filter ON: Spread not stationary (p-value too high). Skipping optimization and OOS test.

--- Window 11 Boundary Check ---
IS Period RTH Bars: 228. Start: 2020-08-20 18:00:00+00:00 | End: 2020-10-14 17:00:00+00:00
OOS Start Bar Index: 1192 | Time: 2020-10-14 18:00:00+00:00
ADF Test Result: p-value=0.3124 (Required < 0.05) | OLS Beta: 0.5968
Filter ON: Spread not stationary (p-value too high). Skipping optimization and OOS test.

--- Window 12 Boundary Check ---
IS Period RTH Bars: 228. Start: 2020-09-11 18:00:00+00:00 | End: 2020-11-04 18:00:00+00:00
OOS Start Bar Index: 1282 | Time: 2020-11-04 19:00:00+00:00
ADF Test Result: p-value=0.4981 (Required < 0.05) | OLS Beta: 0.7592
Filter ON: Spread not stationary (p-value too high). Skipping optimization and OOS test.

--- Window 13 Boundary Check ---
IS Period RTH Bars: 228. Start: 2020-10-02 18:00:00+00:00 | End: 2020-11-25 18:00:00+00:00
OOS Start Bar Index: 1372 | Time: 2020-11-25 19:00:00+00:00
ADF Test Result: p-value=0.1669 (Required < 0.05) | OLS Beta: 1.1686
Filter ON: Spread not stationary (p-value too high). Skipping optimization and OOS test.

--- Window 14 Boundary Check ---
IS Period RTH Bars: 228. Start: 2020-10-23 18:00:00+00:00 | End: 2020-12-17 19:00:00+00:00
OOS Start Bar Index: 1462 | Time: 2020-12-17 20:00:00+00:00
ADF Test Result: p-value=0.2526 (Required < 0.05) | OLS Beta: 0.9611
Filter ON: Spread not stationary (p-value too high). Skipping optimization and OOS test.

--- Window 15 Boundary Check ---
IS Period RTH Bars: 228. Start: 2020-11-13 19:00:00+00:00 | End: 2021-01-12 15:00:00+00:00
OOS Start Bar Index: 1552 | Time: 2021-01-12 16:00:00+00:00
ADF Test Result: p-value=0.4967 (Required < 0.05) | OLS Beta: 0.8308
Filter ON: Spread not stationary (p-value too high). Skipping optimization and OOS test.

--- Window 16 Boundary Check ---
IS Period RTH Bars: 228. Start: 2020-12-07 20:00:00+00:00 | End: 2021-02-03 15:00:00+00:00
OOS Start Bar Index: 1642 | Time: 2021-02-03 16:00:00+00:00
ADF Test Result: p-value=0.0519 (Required < 0.05) | OLS Beta: 1.2272
Filter ON: Spread not stationary (p-value too high). Skipping optimization and OOS test.

--- Window 17 Boundary Check ---
IS Period RTH Bars: 228. Start: 2020-12-30 16:00:00+00:00 | End: 2021-02-25 15:00:00+00:00
OOS Start Bar Index: 1732 | Time: 2021-02-25 16:00:00+00:00
ADF Test Result: p-value=0.5784 (Required < 0.05) | OLS Beta: 1.5236
Filter ON: Spread not stationary (p-value too high). Skipping optimization and OOS test.

--- Window 18 Boundary Check ---
IS Period RTH Bars: 228. Start: 2021-01-22 16:00:00+00:00 | End: 2021-03-18 14:00:00+00:00
OOS Start Bar Index: 1822 | Time: 2021-03-18 15:00:00+00:00
ADF Test Result: p-value=0.2870 (Required < 0.05) | OLS Beta: 1.1545
Filter ON: Spread not stationary (p-value too high). Skipping optimization and OOS test.

--- Window 19 Boundary Check ---
IS Period RTH Bars: 228. Start: 2021-02-12 16:00:00+00:00 | End: 2021-04-09 14:00:00+00:00
OOS Start Bar Index: 1912 | Time: 2021-04-09 15:00:00+00:00
ADF Test Result: p-value=0.0206 (Required < 0.05) | OLS Beta: 0.7818
Filter OFF: Spread is stationary. Proceeding with optimization.
IS Optimization Time: 0.06 seconds.
Optimal Params (Sharpe=3.6413, Calmar=0.0000): Z_E=2.9, Z_X=1.1, Z_SL=3.3
📊 Persistence: Saved 14 PnL points to wfa_outputs\oos_equity_curve_MET_PRU_1h_20251108_111139_0.05.csv
OOS Period (2021-04-09 15:00:00+00:00 to 2021-05-03 14:00:00+00:00): PnL: $0.00 | Sharpe: 0.0000 | Calmar: 0.0000 | Trades: 0

--- Window 20 Boundary Check ---
IS Period RTH Bars: 228. Start: 2021-03-08 16:00:00+00:00 | End: 2021-05-03 14:00:00+00:00
OOS Start Bar Index: 2002 | Time: 2021-05-03 15:00:00+00:00
ADF Test Result: p-value=0.0400 (Required < 0.05) | OLS Beta: 0.6054
Filter OFF: Spread is stationary. Proceeding with optimization.
IS Optimization Time: 0.06 seconds.
Optimal Params (Sharpe=4.0667, Calmar=35.2201): Z_E=1.9, Z_X=0.9, Z_SL=3.9
📊 Persistence: Saved 16 PnL points to wfa_outputs\oos_equity_curve_MET_PRU_1h_20251108_111139_0.05.csv
OOS Period (2021-05-03 15:00:00+00:00 to 2021-05-24 14:00:00+00:00): PnL: $193.79 | Sharpe: 4.9800 | Calmar: 0.0000 | Trades: 2

--- Window 21 Boundary Check ---
IS Period RTH Bars: 228. Start: 2021-03-29 15:00:00+00:00 | End: 2021-05-24 14:00:00+00:00
OOS Start Bar Index: 2092 | Time: 2021-05-24 15:00:00+00:00
ADF Test Result: p-value=0.0718 (Required < 0.05) | OLS Beta: 0.5454
Filter ON: Spread not stationary (p-value too high). Skipping optimization and OOS test.

--- Window 22 Boundary Check ---
IS Period RTH Bars: 228. Start: 2021-04-21 15:00:00+00:00 | End: 2021-06-15 14:00:00+00:00
OOS Start Bar Index: 2182 | Time: 2021-06-15 15:00:00+00:00
ADF Test Result: p-value=0.3538 (Required < 0.05) | OLS Beta: 0.5322
Filter ON: Spread not stationary (p-value too high). Skipping optimization and OOS test.

--- Window 23 Boundary Check ---
IS Period RTH Bars: 228. Start: 2021-05-12 15:00:00+00:00 | End: 2021-07-07 14:00:00+00:00
OOS Start Bar Index: 2272 | Time: 2021-07-07 15:00:00+00:00
ADF Test Result: p-value=0.1143 (Required < 0.05) | OLS Beta: 1.5662
Filter ON: Spread not stationary (p-value too high). Skipping optimization and OOS test.

--- Window 24 Boundary Check ---
IS Period RTH Bars: 228. Start: 2021-06-03 15:00:00+00:00 | End: 2021-07-28 14:00:00+00:00
OOS Start Bar Index: 2362 | Time: 2021-07-28 15:00:00+00:00
ADF Test Result: p-value=0.3449 (Required < 0.05) | OLS Beta: 1.4982
Filter ON: Spread not stationary (p-value too high). Skipping optimization and OOS test.

--- Window 25 Boundary Check ---
IS Period RTH Bars: 228. Start: 2021-06-24 15:00:00+00:00 | End: 2021-08-18 14:00:00+00:00
OOS Start Bar Index: 2452 | Time: 2021-08-18 15:00:00+00:00
ADF Test Result: p-value=0.3811 (Required < 0.05) | OLS Beta: 1.0582
Filter ON: Spread not stationary (p-value too high). Skipping optimization and OOS test.

--- Window 26 Boundary Check ---
IS Period RTH Bars: 228. Start: 2021-07-16 15:00:00+00:00 | End: 2021-09-09 14:00:00+00:00
OOS Start Bar Index: 2542 | Time: 2021-09-09 15:00:00+00:00
ADF Test Result: p-value=0.0177 (Required < 0.05) | OLS Beta: 1.1222
Filter OFF: Spread is stationary. Proceeding with optimization.
IS Optimization Time: 0.06 seconds.
Optimal Params (Sharpe=3.7559, Calmar=0.0000): Z_E=3.1, Z_X=1.5, Z_SL=3.3
📊 Persistence: Saved 31 PnL points to wfa_outputs\oos_equity_curve_MET_PRU_1h_20251108_111139_0.05.csv
OOS Period (2021-09-09 15:00:00+00:00 to 2021-09-30 14:00:00+00:00): PnL: $23.39 | Sharpe: 1.6992 | Calmar: 7.5422 | Trades: 15

--- Window 27 Boundary Check ---
IS Period RTH Bars: 228. Start: 2021-08-06 15:00:00+00:00 | End: 2021-09-30 14:00:00+00:00
OOS Start Bar Index: 2632 | Time: 2021-09-30 15:00:00+00:00
ADF Test Result: p-value=0.0892 (Required < 0.05) | OLS Beta: 0.7846
Filter ON: Spread not stationary (p-value too high). Skipping optimization and OOS test.

--- Window 28 Boundary Check ---
IS Period RTH Bars: 228. Start: 2021-08-27 15:00:00+00:00 | End: 2021-10-21 14:00:00+00:00
OOS Start Bar Index: 2722 | Time: 2021-10-21 15:00:00+00:00
ADF Test Result: p-value=0.5382 (Required < 0.05) | OLS Beta: 0.9429
Filter ON: Spread not stationary (p-value too high). Skipping optimization and OOS test.

--- Window 29 Boundary Check ---
IS Period RTH Bars: 228. Start: 2021-09-20 15:00:00+00:00 | End: 2021-11-12 15:00:00+00:00
OOS Start Bar Index: 2812 | Time: 2021-11-12 16:00:00+00:00
ADF Test Result: p-value=0.4874 (Required < 0.05) | OLS Beta: 0.7347
Filter ON: Spread not stationary (p-value too high). Skipping optimization and OOS test.

--- Window 30 Boundary Check ---
IS Period RTH Bars: 228. Start: 2021-10-11 15:00:00+00:00 | End: 2021-12-06 17:00:00+00:00
OOS Start Bar Index: 2902 | Time: 2021-12-06 18:00:00+00:00
ADF Test Result: p-value=0.3356 (Required < 0.05) | OLS Beta: 1.0986
Filter ON: Spread not stationary (p-value too high). Skipping optimization and OOS test.

--- Window 31 Boundary Check ---
IS Period RTH Bars: 228. Start: 2021-11-02 15:00:00+00:00 | End: 2021-12-28 17:00:00+00:00
OOS Start Bar Index: 2992 | Time: 2021-12-28 18:00:00+00:00
ADF Test Result: p-value=0.1560 (Required < 0.05) | OLS Beta: 1.1215
Filter ON: Spread not stationary (p-value too high). Skipping optimization and OOS test.

--- Window 32 Boundary Check ---
IS Period RTH Bars: 228. Start: 2021-11-23 16:00:00+00:00 | End: 2022-01-19 17:00:00+00:00
OOS Start Bar Index: 3082 | Time: 2022-01-19 18:00:00+00:00
ADF Test Result: p-value=0.0416 (Required < 0.05) | OLS Beta: 1.1931
Filter OFF: Spread is stationary. Proceeding with optimization.
IS Optimization Time: 0.06 seconds.
Optimal Params (Sharpe=4.2504, Calmar=0.0000): Z_E=2.1, Z_X=0.3, Z_SL=3.6
📊 Persistence: Saved 49 PnL points to wfa_outputs\oos_equity_curve_MET_PRU_1h_20251108_111139_0.05.csv
OOS Period (2022-01-19 18:00:00+00:00 to 2022-02-10 16:00:00+00:00): PnL: $61.11 | Sharpe: 1.6106 | Calmar: 9.5459 | Trades: 18

--- Window 33 Boundary Check ---
IS Period RTH Bars: 228. Start: 2021-12-15 18:00:00+00:00 | End: 2022-02-10 16:00:00+00:00
OOS Start Bar Index: 3172 | Time: 2022-02-10 17:00:00+00:00
ADF Test Result: p-value=0.3057 (Required < 0.05) | OLS Beta: 1.1650
Filter ON: Spread not stationary (p-value too high). Skipping optimization and OOS test.

--- Window 34 Boundary Check ---
IS Period RTH Bars: 228. Start: 2022-01-06 18:00:00+00:00 | End: 2022-03-04 16:00:00+00:00
OOS Start Bar Index: 3262 | Time: 2022-03-04 17:00:00+00:00
ADF Test Result: p-value=0.2775 (Required < 0.05) | OLS Beta: 0.8036
Filter ON: Spread not stationary (p-value too high). Skipping optimization and OOS test.

--- Window 35 Boundary Check ---
IS Period RTH Bars: 228. Start: 2022-01-31 17:00:00+00:00 | End: 2022-03-28 15:00:00+00:00
OOS Start Bar Index: 3352 | Time: 2022-03-28 16:00:00+00:00
ADF Test Result: p-value=0.2149 (Required < 0.05) | OLS Beta: 0.8138
Filter ON: Spread not stationary (p-value too high). Skipping optimization and OOS test.

--- Window 36 Boundary Check ---
IS Period RTH Bars: 228. Start: 2022-02-22 17:00:00+00:00 | End: 2022-04-19 15:00:00+00:00
OOS Start Bar Index: 3442 | Time: 2022-04-19 16:00:00+00:00
ADF Test Result: p-value=0.0694 (Required < 0.05) | OLS Beta: 0.8620
Filter ON: Spread not stationary (p-value too high). Skipping optimization and OOS test.

--- Window 37 Boundary Check ---
IS Period RTH Bars: 228. Start: 2022-03-16 16:00:00+00:00 | End: 2022-05-10 15:00:00+00:00
OOS Start Bar Index: 3532 | Time: 2022-05-10 16:00:00+00:00
ADF Test Result: p-value=0.1060 (Required < 0.05) | OLS Beta: 0.6552
Filter ON: Spread not stationary (p-value too high). Skipping optimization and OOS test.

--- Window 38 Boundary Check ---
IS Period RTH Bars: 228. Start: 2022-04-06 16:00:00+00:00 | End: 2022-06-01 15:00:00+00:00
OOS Start Bar Index: 3622 | Time: 2022-06-01 16:00:00+00:00
ADF Test Result: p-value=0.2338 (Required < 0.05) | OLS Beta: 0.6698
Filter ON: Spread not stationary (p-value too high). Skipping optimization and OOS test.

--- Window 39 Boundary Check ---
IS Period RTH Bars: 228. Start: 2022-04-28 16:00:00+00:00 | End: 2022-06-23 15:00:00+00:00
OOS Start Bar Index: 3712 | Time: 2022-06-23 16:00:00+00:00
ADF Test Result: p-value=0.1494 (Required < 0.05) | OLS Beta: 0.6140
Filter ON: Spread not stationary (p-value too high). Skipping optimization and OOS test.

--- Window 40 Boundary Check ---
IS Period RTH Bars: 228. Start: 2022-05-19 16:00:00+00:00 | End: 2022-07-15 15:00:00+00:00
OOS Start Bar Index: 3802 | Time: 2022-07-15 16:00:00+00:00
ADF Test Result: p-value=0.4944 (Required < 0.05) | OLS Beta: 0.7425
Filter ON: Spread not stationary (p-value too high). Skipping optimization and OOS test.

--- Window 41 Boundary Check ---
IS Period RTH Bars: 228. Start: 2022-06-10 16:00:00+00:00 | End: 2022-08-05 15:00:00+00:00
OOS Start Bar Index: 3892 | Time: 2022-08-05 16:00:00+00:00
ADF Test Result: p-value=0.5000 (Required < 0.05) | OLS Beta: 0.6746
Filter ON: Spread not stationary (p-value too high). Skipping optimization and OOS test.

--- Window 42 Boundary Check ---
IS Period RTH Bars: 228. Start: 2022-07-05 16:00:00+00:00 | End: 2022-08-26 15:00:00+00:00
OOS Start Bar Index: 3982 | Time: 2022-08-26 16:00:00+00:00
ADF Test Result: p-value=0.3173 (Required < 0.05) | OLS Beta: 1.1291
Filter ON: Spread not stationary (p-value too high). Skipping optimization and OOS test.

--- Window 43 Boundary Check ---
IS Period RTH Bars: 228. Start: 2022-07-26 16:00:00+00:00 | End: 2022-09-19 15:00:00+00:00
OOS Start Bar Index: 4072 | Time: 2022-09-19 16:00:00+00:00
ADF Test Result: p-value=0.4090 (Required < 0.05) | OLS Beta: 0.5221
Filter ON: Spread not stationary (p-value too high). Skipping optimization and OOS test.

--- Window 44 Boundary Check ---
IS Period RTH Bars: 228. Start: 2022-08-16 16:00:00+00:00 | End: 2022-10-10 15:00:00+00:00
OOS Start Bar Index: 4162 | Time: 2022-10-10 16:00:00+00:00
ADF Test Result: p-value=0.4806 (Required < 0.05) | OLS Beta: 0.5780
Filter ON: Spread not stationary (p-value too high). Skipping optimization and OOS test.

--- Window 45 Boundary Check ---
IS Period RTH Bars: 228. Start: 2022-09-07 16:00:00+00:00 | End: 2022-10-31 15:00:00+00:00
OOS Start Bar Index: 4252 | Time: 2022-10-31 16:00:00+00:00
ADF Test Result: p-value=0.2480 (Required < 0.05) | OLS Beta: 0.9251
Filter ON: Spread not stationary (p-value too high). Skipping optimization and OOS test.

--- Window 46 Boundary Check ---
IS Period RTH Bars: 228. Start: 2022-09-28 16:00:00+00:00 | End: 2022-11-21 16:00:00+00:00
OOS Start Bar Index: 4342 | Time: 2022-11-21 17:00:00+00:00
ADF Test Result: p-value=0.2105 (Required < 0.05) | OLS Beta: 1.0034
Filter ON: Spread not stationary (p-value too high). Skipping optimization and OOS test.

--- Window 47 Boundary Check ---
IS Period RTH Bars: 228. Start: 2022-10-19 16:00:00+00:00 | End: 2022-12-13 18:00:00+00:00
OOS Start Bar Index: 4432 | Time: 2022-12-13 19:00:00+00:00
ADF Test Result: p-value=0.3049 (Required < 0.05) | OLS Beta: 0.9833
Filter ON: Spread not stationary (p-value too high). Skipping optimization and OOS test.

--- Window 48 Boundary Check ---
IS Period RTH Bars: 228. Start: 2022-11-09 17:00:00+00:00 | End: 2023-01-05 18:00:00+00:00
OOS Start Bar Index: 4522 | Time: 2023-01-05 19:00:00+00:00
ADF Test Result: p-value=0.1449 (Required < 0.05) | OLS Beta: 0.6276
Filter ON: Spread not stationary (p-value too high). Skipping optimization and OOS test.

--- Window 49 Boundary Check ---
IS Period RTH Bars: 228. Start: 2022-12-01 19:00:00+00:00 | End: 2023-01-27 18:00:00+00:00
OOS Start Bar Index: 4612 | Time: 2023-01-27 19:00:00+00:00
ADF Test Result: p-value=0.8229 (Required < 0.05) | OLS Beta: 0.7919
Filter ON: Spread not stationary (p-value too high). Skipping optimization and OOS test.

--- Window 50 Boundary Check ---
IS Period RTH Bars: 228. Start: 2022-12-22 19:00:00+00:00 | End: 2023-02-17 18:00:00+00:00
OOS Start Bar Index: 4702 | Time: 2023-02-17 19:00:00+00:00
ADF Test Result: p-value=0.2753 (Required < 0.05) | OLS Beta: 0.2403
Filter ON: Spread not stationary (p-value too high). Skipping optimization and OOS test.

--- Window 51 Boundary Check ---
IS Period RTH Bars: 228. Start: 2023-01-17 19:00:00+00:00 | End: 2023-03-13 17:00:00+00:00
OOS Start Bar Index: 4792 | Time: 2023-03-13 18:00:00+00:00
ADF Test Result: p-value=0.2594 (Required < 0.05) | OLS Beta: 0.8551
Filter ON: Spread not stationary (p-value too high). Skipping optimization and OOS test.

--- Window 52 Boundary Check ---
IS Period RTH Bars: 228. Start: 2023-02-07 19:00:00+00:00 | End: 2023-04-03 17:00:00+00:00
OOS Start Bar Index: 4882 | Time: 2023-04-03 18:00:00+00:00
ADF Test Result: p-value=0.0285 (Required < 0.05) | OLS Beta: 1.0390
Filter OFF: Spread is stationary. Proceeding with optimization.
IS Optimization Time: 0.06 seconds.
Optimal Params (Sharpe=3.2376, Calmar=0.0000): Z_E=2.7, Z_X=0.7, Z_SL=3.3
📊 Persistence: Saved 49 PnL points to wfa_outputs\oos_equity_curve_MET_PRU_1h_20251108_111139_0.05.csv
OOS Period (2023-04-03 18:00:00+00:00 to 2023-04-25 17:00:00+00:00): PnL: $0.00 | Sharpe: 0.0000 | Calmar: 0.0000 | Trades: 0

--- Window 53 Boundary Check ---
IS Period RTH Bars: 228. Start: 2023-03-01 19:00:00+00:00 | End: 2023-04-25 17:00:00+00:00
OOS Start Bar Index: 4972 | Time: 2023-04-25 18:00:00+00:00
ADF Test Result: p-value=0.0196 (Required < 0.05) | OLS Beta: 1.0523
Filter OFF: Spread is stationary. Proceeding with optimization.
IS Optimization Time: 0.04 seconds.
Optimal Params (Sharpe=3.8736, Calmar=16.2179): Z_E=1.9, Z_X=0.7, Z_SL=3.3
📊 Persistence: Saved 76 PnL points to wfa_outputs\oos_equity_curve_MET_PRU_1h_20251108_111139_0.05.csv
OOS Period (2023-04-25 18:00:00+00:00 to 2023-05-16 17:00:00+00:00): PnL: $-29.71 | Sharpe: -0.6191 | Calmar: -2.8505 | Trades: 27

--- Window 54 Boundary Check ---
IS Period RTH Bars: 228. Start: 2023-03-22 18:00:00+00:00 | End: 2023-05-16 17:00:00+00:00
OOS Start Bar Index: 5062 | Time: 2023-05-16 18:00:00+00:00
ADF Test Result: p-value=0.5840 (Required < 0.05) | OLS Beta: 1.4730
Filter ON: Spread not stationary (p-value too high). Skipping optimization and OOS test.

--- Window 55 Boundary Check ---
IS Period RTH Bars: 228. Start: 2023-04-13 18:00:00+00:00 | End: 2023-06-07 17:00:00+00:00
OOS Start Bar Index: 5152 | Time: 2023-06-07 18:00:00+00:00
ADF Test Result: p-value=0.7235 (Required < 0.05) | OLS Beta: 1.8700
Filter ON: Spread not stationary (p-value too high). Skipping optimization and OOS test.

--- Window 56 Boundary Check ---
IS Period RTH Bars: 228. Start: 2023-05-04 18:00:00+00:00 | End: 2023-06-29 17:00:00+00:00
OOS Start Bar Index: 5242 | Time: 2023-06-29 18:00:00+00:00
ADF Test Result: p-value=0.0006 (Required < 0.05) | OLS Beta: 0.8003
Filter OFF: Spread is stationary. Proceeding with optimization.
IS Optimization Time: 0.06 seconds.
Optimal Params (Sharpe=3.6485, Calmar=0.0000): Z_E=3.1, Z_X=1.1, Z_SL=3.3
📊 Persistence: Saved 76 PnL points to wfa_outputs\oos_equity_curve_MET_PRU_1h_20251108_111139_0.05.csv
OOS Period (2023-06-29 18:00:00+00:00 to 2023-07-21 18:00:00+00:00): PnL: $0.00 | Sharpe: 0.0000 | Calmar: 0.0000 | Trades: 0

--- Window 57 Boundary Check ---
IS Period RTH Bars: 228. Start: 2023-05-25 18:00:00+00:00 | End: 2023-07-21 18:00:00+00:00
OOS Start Bar Index: 5332 | Time: 2023-07-21 19:00:00+00:00
ADF Test Result: p-value=0.0000 (Required < 0.05) | OLS Beta: 1.0251
Filter OFF: Spread is stationary. Proceeding with optimization.
IS Optimization Time: 0.05 seconds.
Optimal Params (Sharpe=3.7711, Calmar=138.4711): Z_E=2.1, Z_X=0.3, Z_SL=3.3
📊 Persistence: Saved 99 PnL points to wfa_outputs\oos_equity_curve_MET_PRU_1h_20251108_111139_0.05.csv
OOS Period (2023-07-21 19:00:00+00:00 to 2023-08-11 18:00:00+00:00): PnL: $-15.17 | Sharpe: -0.4119 | Calmar: -2.0427 | Trades: 23

--- Window 58 Boundary Check ---
IS Period RTH Bars: 228. Start: 2023-06-16 18:00:00+00:00 | End: 2023-08-11 18:00:00+00:00
OOS Start Bar Index: 5422 | Time: 2023-08-11 19:00:00+00:00
ADF Test Result: p-value=0.7761 (Required < 0.05) | OLS Beta: 1.2207
Filter ON: Spread not stationary (p-value too high). Skipping optimization and OOS test.

--- Window 59 Boundary Check ---
IS Period RTH Bars: 228. Start: 2023-07-11 19:00:00+00:00 | End: 2023-09-01 18:00:00+00:00
OOS Start Bar Index: 5512 | Time: 2023-09-01 19:00:00+00:00
ADF Test Result: p-value=0.6418 (Required < 0.05) | OLS Beta: 1.0153
Filter ON: Spread not stationary (p-value too high). Skipping optimization and OOS test.

--- Window 60 Boundary Check ---
IS Period RTH Bars: 228. Start: 2023-08-01 19:00:00+00:00 | End: 2023-09-25 18:00:00+00:00
OOS Start Bar Index: 5602 | Time: 2023-09-25 19:00:00+00:00
ADF Test Result: p-value=0.0305 (Required < 0.05) | OLS Beta: 0.8082
Filter OFF: Spread is stationary. Proceeding with optimization.
IS Optimization Time: 0.06 seconds.
Optimal Params (Sharpe=4.4091, Calmar=130.6788): Z_E=1.9, Z_X=0.7, Z_SL=3.6
📊 Persistence: Saved 110 PnL points to wfa_outputs\oos_equity_curve_MET_PRU_1h_20251108_111139_0.05.csv
OOS Period (2023-09-25 19:00:00+00:00 to 2023-10-16 18:00:00+00:00): PnL: $86.52 | Sharpe: 4.0747 | Calmar: 36.1923 | Trades: 11

--- Window 61 Boundary Check ---
IS Period RTH Bars: 228. Start: 2023-08-22 19:00:00+00:00 | End: 2023-10-16 18:00:00+00:00
OOS Start Bar Index: 5692 | Time: 2023-10-16 19:00:00+00:00
ADF Test Result: p-value=0.0011 (Required < 0.05) | OLS Beta: 1.0718
Filter OFF: Spread is stationary. Proceeding with optimization.
IS Optimization Time: 0.06 seconds.
Optimal Params (Sharpe=4.5322, Calmar=38.6309): Z_E=1.9, Z_X=0.7, Z_SL=3.6
📊 Persistence: Saved 113 PnL points to wfa_outputs\oos_equity_curve_MET_PRU_1h_20251108_111139_0.05.csv
OOS Period (2023-10-16 19:00:00+00:00 to 2023-11-06 19:00:00+00:00): PnL: $91.95 | Sharpe: 7.1300 | Calmar: 0.0000 | Trades: 3

--- Window 62 Boundary Check ---
IS Period RTH Bars: 228. Start: 2023-09-13 19:00:00+00:00 | End: 2023-11-06 19:00:00+00:00
OOS Start Bar Index: 5782 | Time: 2023-11-06 20:00:00+00:00
ADF Test Result: p-value=0.0000 (Required < 0.05) | OLS Beta: 1.1598
Filter OFF: Spread is stationary. Proceeding with optimization.
IS Optimization Time: 0.06 seconds.
Optimal Params (Sharpe=0.9314, Calmar=5.2009): Z_E=1.9, Z_X=0.7, Z_SL=3.3
📊 Persistence: Saved 117 PnL points to wfa_outputs\oos_equity_curve_MET_PRU_1h_20251108_111139_0.05.csv
OOS Period (2023-11-06 20:00:00+00:00 to 2023-11-29 15:00:00+00:00): PnL: $89.72 | Sharpe: 4.0923 | Calmar: 44.0076 | Trades: 4

--- Window 63 Boundary Check ---
IS Period RTH Bars: 228. Start: 2023-10-04 19:00:00+00:00 | End: 2023-11-29 15:00:00+00:00
OOS Start Bar Index: 5872 | Time: 2023-11-29 16:00:00+00:00
ADF Test Result: p-value=0.0101 (Required < 0.05) | OLS Beta: 1.0477
Filter OFF: Spread is stationary. Proceeding with optimization.
IS Optimization Time: 0.06 seconds.
Optimal Params (Sharpe=4.4663, Calmar=64.5482): Z_E=1.9, Z_X=0.3, Z_SL=3.3
📊 Persistence: Saved 155 PnL points to wfa_outputs\oos_equity_curve_MET_PRU_1h_20251108_111139_0.05.csv
OOS Period (2023-11-29 16:00:00+00:00 to 2023-12-20 15:00:00+00:00): PnL: $-95.97 | Sharpe: -5.1925 | Calmar: -11.3490 | Trades: 38

--- Window 64 Boundary Check ---
IS Period RTH Bars: 228. Start: 2023-10-25 19:00:00+00:00 | End: 2023-12-20 15:00:00+00:00
OOS Start Bar Index: 5962 | Time: 2023-12-20 16:00:00+00:00
ADF Test Result: p-value=0.1787 (Required < 0.05) | OLS Beta: 0.7278
Filter ON: Spread not stationary (p-value too high). Skipping optimization and OOS test.

--- Window 65 Boundary Check ---
IS Period RTH Bars: 228. Start: 2023-11-15 20:00:00+00:00 | End: 2024-01-12 15:00:00+00:00
OOS Start Bar Index: 6052 | Time: 2024-01-12 16:00:00+00:00
ADF Test Result: p-value=0.9614 (Required < 0.05) | OLS Beta: 0.7295
Filter ON: Spread not stationary (p-value too high). Skipping optimization and OOS test.

--- Window 66 Boundary Check ---
IS Period RTH Bars: 228. Start: 2023-12-08 16:00:00+00:00 | End: 2024-02-05 15:00:00+00:00
OOS Start Bar Index: 6142 | Time: 2024-02-05 16:00:00+00:00
ADF Test Result: p-value=0.7034 (Required < 0.05) | OLS Beta: 1.3116
Filter ON: Spread not stationary (p-value too high). Skipping optimization and OOS test.

--- Window 67 Boundary Check ---
IS Period RTH Bars: 228. Start: 2024-01-02 16:00:00+00:00 | End: 2024-02-27 15:00:00+00:00
OOS Start Bar Index: 6232 | Time: 2024-02-27 16:00:00+00:00
ADF Test Result: p-value=0.1860 (Required < 0.05) | OLS Beta: 0.4223
Filter ON: Spread not stationary (p-value too high). Skipping optimization and OOS test.

--- Window 68 Boundary Check ---
IS Period RTH Bars: 228. Start: 2024-01-24 16:00:00+00:00 | End: 2024-03-19 14:00:00+00:00
OOS Start Bar Index: 6322 | Time: 2024-03-19 15:00:00+00:00
ADF Test Result: p-value=0.1092 (Required < 0.05) | OLS Beta: 0.7884
Filter ON: Spread not stationary (p-value too high). Skipping optimization and OOS test.

--- Window 69 Boundary Check ---
IS Period RTH Bars: 228. Start: 2024-02-14 16:00:00+00:00 | End: 2024-04-10 14:00:00+00:00
OOS Start Bar Index: 6412 | Time: 2024-04-10 15:00:00+00:00
ADF Test Result: p-value=0.0729 (Required < 0.05) | OLS Beta: 0.7779
Filter ON: Spread not stationary (p-value too high). Skipping optimization and OOS test.

--- Window 70 Boundary Check ---
IS Period RTH Bars: 228. Start: 2024-03-07 16:00:00+00:00 | End: 2024-05-01 14:00:00+00:00
OOS Start Bar Index: 6502 | Time: 2024-05-01 15:00:00+00:00
ADF Test Result: p-value=0.0292 (Required < 0.05) | OLS Beta: 0.7440
Filter OFF: Spread is stationary. Proceeding with optimization.
IS Optimization Time: 0.05 seconds.
Optimal Params (Sharpe=4.1386, Calmar=229.6291): Z_E=2.1, Z_X=0.3, Z_SL=3.3
📊 Persistence: Saved 190 PnL points to wfa_outputs\oos_equity_curve_MET_PRU_1h_20251108_111139_0.05.csv
OOS Period (2024-05-01 15:00:00+00:00 to 2024-05-22 14:00:00+00:00): PnL: $-135.53 | Sharpe: -6.6275 | Calmar: -14.3349 | Trades: 35

--- Window 71 Boundary Check ---
IS Period RTH Bars: 228. Start: 2024-03-28 15:00:00+00:00 | End: 2024-05-22 14:00:00+00:00
OOS Start Bar Index: 6592 | Time: 2024-05-22 15:00:00+00:00
ADF Test Result: p-value=0.0516 (Required < 0.05) | OLS Beta: 0.5917
Filter ON: Spread not stationary (p-value too high). Skipping optimization and OOS test.

--- Window 72 Boundary Check ---
IS Period RTH Bars: 228. Start: 2024-04-19 15:00:00+00:00 | End: 2024-06-13 14:00:00+00:00
OOS Start Bar Index: 6682 | Time: 2024-06-13 15:00:00+00:00
ADF Test Result: p-value=0.6162 (Required < 0.05) | OLS Beta: 0.2614
Filter ON: Spread not stationary (p-value too high). Skipping optimization and OOS test.

--- Window 73 Boundary Check ---
IS Period RTH Bars: 228. Start: 2024-05-10 15:00:00+00:00 | End: 2024-07-08 15:00:00+00:00
OOS Start Bar Index: 6772 | Time: 2024-07-08 16:00:00+00:00
ADF Test Result: p-value=0.4747 (Required < 0.05) | OLS Beta: 1.1555
Filter ON: Spread not stationary (p-value too high). Skipping optimization and OOS test.

--- Window 74 Boundary Check ---
IS Period RTH Bars: 228. Start: 2024-06-03 15:00:00+00:00 | End: 2024-07-29 15:00:00+00:00
OOS Start Bar Index: 6862 | Time: 2024-07-29 16:00:00+00:00
ADF Test Result: p-value=0.4905 (Required < 0.05) | OLS Beta: 1.0068
Filter ON: Spread not stationary (p-value too high). Skipping optimization and OOS test.

--- Window 75 Boundary Check ---
IS Period RTH Bars: 228. Start: 2024-06-25 15:00:00+00:00 | End: 2024-08-19 15:00:00+00:00
OOS Start Bar Index: 6952 | Time: 2024-08-19 16:00:00+00:00
ADF Test Result: p-value=0.7417 (Required < 0.05) | OLS Beta: 0.5302
Filter ON: Spread not stationary (p-value too high). Skipping optimization and OOS test.

--- Window 76 Boundary Check ---
IS Period RTH Bars: 228. Start: 2024-07-17 16:00:00+00:00 | End: 2024-09-10 15:00:00+00:00
OOS Start Bar Index: 7042 | Time: 2024-09-10 16:00:00+00:00
ADF Test Result: p-value=0.7058 (Required < 0.05) | OLS Beta: 0.6008
Filter ON: Spread not stationary (p-value too high). Skipping optimization and OOS test.

--- Window 77 Boundary Check ---
IS Period RTH Bars: 228. Start: 2024-08-07 16:00:00+00:00 | End: 2024-10-01 15:00:00+00:00
OOS Start Bar Index: 7132 | Time: 2024-10-01 16:00:00+00:00
ADF Test Result: p-value=0.9052 (Required < 0.05) | OLS Beta: 1.1987
Filter ON: Spread not stationary (p-value too high). Skipping optimization and OOS test.

--- Window 78 Boundary Check ---
IS Period RTH Bars: 228. Start: 2024-08-28 16:00:00+00:00 | End: 2024-10-22 15:00:00+00:00
OOS Start Bar Index: 7222 | Time: 2024-10-22 16:00:00+00:00
ADF Test Result: p-value=0.3044 (Required < 0.05) | OLS Beta: 1.3916
Filter ON: Spread not stationary (p-value too high). Skipping optimization and OOS test.

--- Window 79 Boundary Check ---
IS Period RTH Bars: 228. Start: 2024-09-19 16:00:00+00:00 | End: 2024-11-12 16:00:00+00:00
OOS Start Bar Index: 7312 | Time: 2024-11-12 17:00:00+00:00
ADF Test Result: p-value=0.5341 (Required < 0.05) | OLS Beta: 0.7301
Filter ON: Spread not stationary (p-value too high). Skipping optimization and OOS test.

--- Window 80 Boundary Check ---
IS Period RTH Bars: 228. Start: 2024-10-10 16:00:00+00:00 | End: 2024-12-04 18:00:00+00:00
OOS Start Bar Index: 7402 | Time: 2024-12-04 19:00:00+00:00
ADF Test Result: p-value=0.0340 (Required < 0.05) | OLS Beta: 1.2934
Filter OFF: Spread is stationary. Proceeding with optimization.
IS Optimization Time: 0.06 seconds.
Optimal Params (Sharpe=2.6189, Calmar=61.4405): Z_E=2.9, Z_X=0.5, Z_SL=3.3
📊 Persistence: Saved 193 PnL points to wfa_outputs\oos_equity_curve_MET_PRU_1h_20251108_111139_0.05.csv
OOS Period (2024-12-04 19:00:00+00:00 to 2024-12-26 20:00:00+00:00): PnL: $21.06 | Sharpe: 1.5315 | Calmar: 11.7394 | Trades: 3

--- Window 81 Boundary Check ---
IS Period RTH Bars: 228. Start: 2024-10-31 16:00:00+00:00 | End: 2024-12-26 20:00:00+00:00
OOS Start Bar Index: 7492 | Time: 2024-12-27 15:00:00+00:00
ADF Test Result: p-value=0.0998 (Required < 0.05) | OLS Beta: 0.8579
Filter ON: Spread not stationary (p-value too high). Skipping optimization and OOS test.

############################################################
📈 OVERALL SIMULATION PERFORMANCE (Walk-Forward Test)
############################################################
Timeframe Used: 1Hour, Value: 1
ADF Cointegration Filter Threshold: 0.05
Total OOS Windows Tested: 81
Total Trades Executed: 193
--- Final Performance Metrics ---
Total PnL: $1,511.26
Overall Sharpe Ratio (Annualized): 0.4295
Overall Calmar Ratio (Annualized): 0.1842
Maximum Dollar Drawdown (MDD): $298.99

--- Execution Time ---
Total Elapsed Time: 35.82 seconds
############################################################
[0m