--- Dynamic Timeframe Configuration ---
TimeFrame Selected: 1Min, Value: 1
Bars per Trading Day: 390
Annualization Factor (Bars/Year): 98280
Statistical Lookback Bars: 2184
Optimization Lookback Bars: 19032
---------------------------------------
--- Diagnostic Check ---
API Key ID Length: 26
API Secret Key Length: 44
StockHistoricalDataClient initialized successfully. Starting data fetch...
--------------------------
Pre-compiling Numba function for first run optimization...
Numba pre-compilation complete.
Fetching data from 2020-01-08 to 2025-01-06...
Fetching 1Min data for FIS...
Fetching 1Min data for KEY...
Data acquired successfully. Total 1Min RTH bars: 485612
Skipping full pre-calculation. Metrics will be calculated inside the WFA loop.

============================================================
📈 Starting Rolling Backtest: IS Optimization Window=19032 bars, Shift=15 days
   Data already processed with Statistical Rolling Window: 2184 bars
   ADF Cointegration Filter: p-value < 0.05
============================================================

--- Window 1 Boundary Check ---
IS Period RTH Bars: 14666. Start: 2020-01-24 15:55:00+00:00 | End: 2020-03-19 13:53:00+00:00
OOS Start Bar Index: 19032 | Time: 2020-03-19 13:54:00+00:00
ADF Test Result: p-value=0.2587 (Required < 0.05) | OLS Beta: 0.4142
Filter ON: Spread not stationary (p-value too high). Skipping optimization and OOS test.

--- Window 2 Boundary Check ---
IS Period RTH Bars: 14666. Start: 2020-02-14 16:06:00+00:00 | End: 2020-04-09 13:59:00+00:00
OOS Start Bar Index: 24882 | Time: 2020-04-09 14:00:00+00:00
ADF Test Result: p-value=0.0994 (Required < 0.05) | OLS Beta: 0.4454
Filter ON: Spread not stationary (p-value too high). Skipping optimization and OOS test.

--- Window 3 Boundary Check ---
IS Period RTH Bars: 14666. Start: 2020-03-09 15:28:00+00:00 | End: 2020-05-01 14:03:00+00:00
OOS Start Bar Index: 30732 | Time: 2020-05-01 14:04:00+00:00
ADF Test Result: p-value=0.0440 (Required < 0.05) | OLS Beta: 0.6157
Filter OFF: Spread is stationary. Proceeding with optimization.
IS Optimization Time: 0.05 seconds.
Optimal Params (Sharpe=4.0416, Calmar=36.2769): Z_E=2.9, Z_X=0.7, Z_SL=3.6
📊 Persistence: Saved 727 PnL points to wfa_outputs\oos_equity_curve_FIS_KEY_1m_20251107_191223_0.05.csv
OOS Period (2020-05-01 14:04:00+00:00 to 2020-05-22 14:04:00+00:00): PnL: $14.96 | Sharpe: 0.0863 | Calmar: 0.4736 | Trades: 727

--- Window 4 Boundary Check ---
IS Period RTH Bars: 14666. Start: 2020-03-30 16:34:00+00:00 | End: 2020-05-22 14:04:00+00:00
OOS Start Bar Index: 36582 | Time: 2020-05-22 14:05:00+00:00
ADF Test Result: p-value=0.6915 (Required < 0.05) | OLS Beta: 0.2990
Filter ON: Spread not stationary (p-value too high). Skipping optimization and OOS test.

--- Window 5 Boundary Check ---
IS Period RTH Bars: 14666. Start: 2020-04-21 16:35:00+00:00 | End: 2020-06-15 14:06:00+00:00
OOS Start Bar Index: 42432 | Time: 2020-06-15 14:07:00+00:00
ADF Test Result: p-value=0.0326 (Required < 0.05) | OLS Beta: 0.2414
Filter OFF: Spread is stationary. Proceeding with optimization.
IS Optimization Time: 0.06 seconds.
Optimal Params (Sharpe=4.2101, Calmar=47.0715): Z_E=2.9, Z_X=1.1, Z_SL=4.8
📊 Persistence: Saved 727 PnL points to wfa_outputs\oos_equity_curve_FIS_KEY_1m_20251107_191223_0.05.csv
OOS Period (2020-06-15 14:07:00+00:00 to 2020-07-07 14:10:00+00:00): PnL: $0.00 | Sharpe: 0.0000 | Calmar: 0.0000 | Trades: 0

--- Window 6 Boundary Check ---
IS Period RTH Bars: 14666. Start: 2020-05-12 16:38:00+00:00 | End: 2020-07-07 14:10:00+00:00
OOS Start Bar Index: 48282 | Time: 2020-07-07 14:11:00+00:00
ADF Test Result: p-value=0.0810 (Required < 0.05) | OLS Beta: 0.1562
Filter ON: Spread not stationary (p-value too high). Skipping optimization and OOS test.

--- Window 7 Boundary Check ---
IS Period RTH Bars: 14666. Start: 2020-06-03 16:40:00+00:00 | End: 2020-07-28 14:18:00+00:00
OOS Start Bar Index: 54132 | Time: 2020-07-28 14:19:00+00:00
ADF Test Result: p-value=0.4616 (Required < 0.05) | OLS Beta: 0.0862
Filter ON: Spread not stationary (p-value too high). Skipping optimization and OOS test.

--- Window 8 Boundary Check ---
IS Period RTH Bars: 14666. Start: 2020-06-24 16:43:00+00:00 | End: 2020-08-18 14:39:00+00:00
OOS Start Bar Index: 59982 | Time: 2020-08-18 14:40:00+00:00
ADF Test Result: p-value=0.1808 (Required < 0.05) | OLS Beta: 0.4084
Filter ON: Spread not stationary (p-value too high). Skipping optimization and OOS test.

--- Window 9 Boundary Check ---
IS Period RTH Bars: 14666. Start: 2020-07-16 16:46:00+00:00 | End: 2020-09-09 14:47:00+00:00
OOS Start Bar Index: 65832 | Time: 2020-09-09 14:48:00+00:00
ADF Test Result: p-value=0.0551 (Required < 0.05) | OLS Beta: 0.4003
Filter ON: Spread not stationary (p-value too high). Skipping optimization and OOS test.

--- Window 10 Boundary Check ---
IS Period RTH Bars: 14666. Start: 2020-08-06 17:01:00+00:00 | End: 2020-09-30 15:07:00+00:00
OOS Start Bar Index: 71682 | Time: 2020-09-30 15:08:00+00:00
ADF Test Result: p-value=0.1941 (Required < 0.05) | OLS Beta: 0.3011
Filter ON: Spread not stationary (p-value too high). Skipping optimization and OOS test.

--- Window 11 Boundary Check ---
IS Period RTH Bars: 14666. Start: 2020-08-27 17:16:00+00:00 | End: 2020-10-21 15:22:00+00:00
OOS Start Bar Index: 77532 | Time: 2020-10-21 15:23:00+00:00
ADF Test Result: p-value=0.2120 (Required < 0.05) | OLS Beta: 0.0313
Filter ON: Spread not stationary (p-value too high). Skipping optimization and OOS test.

--- Window 12 Boundary Check ---
IS Period RTH Bars: 14666. Start: 2020-09-18 17:27:00+00:00 | End: 2020-11-11 16:26:00+00:00
OOS Start Bar Index: 83382 | Time: 2020-11-11 16:27:00+00:00
ADF Test Result: p-value=0.4973 (Required < 0.05) | OLS Beta: -0.1517
Filter ON: Spread not stationary (p-value too high). Skipping optimization and OOS test.

--- Window 13 Boundary Check ---
IS Period RTH Bars: 14666. Start: 2020-10-09 17:46:00+00:00 | End: 2020-12-03 19:47:00+00:00
OOS Start Bar Index: 89232 | Time: 2020-12-03 19:48:00+00:00
ADF Test Result: p-value=0.3511 (Required < 0.05) | OLS Beta: 0.3052
Filter ON: Spread not stationary (p-value too high). Skipping optimization and OOS test.

--- Window 14 Boundary Check ---
IS Period RTH Bars: 14666. Start: 2020-10-30 17:59:00+00:00 | End: 2020-12-28 16:35:00+00:00
OOS Start Bar Index: 95082 | Time: 2020-12-28 16:36:00+00:00
ADF Test Result: p-value=0.2932 (Required < 0.05) | OLS Beta: 0.5323
Filter ON: Spread not stationary (p-value too high). Skipping optimization and OOS test.

--- Window 15 Boundary Check ---
IS Period RTH Bars: 14666. Start: 2020-11-20 19:13:00+00:00 | End: 2021-01-20 16:47:00+00:00
OOS Start Bar Index: 100932 | Time: 2021-01-20 16:48:00+00:00
ADF Test Result: p-value=0.3338 (Required < 0.05) | OLS Beta: -0.5046
Filter ON: Spread not stationary (p-value too high). Skipping optimization and OOS test.

--- Window 16 Boundary Check ---
IS Period RTH Bars: 14666. Start: 2020-12-15 16:05:00+00:00 | End: 2021-02-10 16:58:00+00:00
OOS Start Bar Index: 106782 | Time: 2021-02-10 16:59:00+00:00
ADF Test Result: p-value=0.2733 (Required < 0.05) | OLS Beta: -0.3579
Filter ON: Spread not stationary (p-value too high). Skipping optimization and OOS test.

--- Window 17 Boundary Check ---
IS Period RTH Bars: 14666. Start: 2021-01-07 19:20:00+00:00 | End: 2021-03-04 17:12:00+00:00
OOS Start Bar Index: 112632 | Time: 2021-03-04 17:13:00+00:00
ADF Test Result: p-value=0.0211 (Required < 0.05) | OLS Beta: 0.3959
Filter OFF: Spread is stationary. Proceeding with optimization.
IS Optimization Time: 0.05 seconds.
Optimal Params (Sharpe=4.7756, Calmar=67.9101): Z_E=2.7, Z_X=0.9, Z_SL=4.5
📊 Persistence: Saved 728 PnL points to wfa_outputs\oos_equity_curve_FIS_KEY_1m_20251107_191223_0.05.csv
OOS Period (2021-03-04 17:13:00+00:00 to 2021-03-25 16:23:00+00:00): PnL: $9.50 | Sharpe: 4.0991 | Calmar: 0.0000 | Trades: 1

--- Window 18 Boundary Check ---
IS Period RTH Bars: 14666. Start: 2021-01-29 19:22:00+00:00 | End: 2021-03-25 16:23:00+00:00
OOS Start Bar Index: 118482 | Time: 2021-03-25 16:24:00+00:00
ADF Test Result: p-value=0.2221 (Required < 0.05) | OLS Beta: 0.5075
Filter ON: Spread not stationary (p-value too high). Skipping optimization and OOS test.

--- Window 19 Boundary Check ---
IS Period RTH Bars: 14666. Start: 2021-02-22 19:46:00+00:00 | End: 2021-04-16 16:38:00+00:00
OOS Start Bar Index: 124332 | Time: 2021-04-16 16:39:00+00:00
ADF Test Result: p-value=0.5153 (Required < 0.05) | OLS Beta: 0.1257
Filter ON: Spread not stationary (p-value too high). Skipping optimization and OOS test.

--- Window 20 Boundary Check ---
IS Period RTH Bars: 14666. Start: 2021-03-15 18:51:00+00:00 | End: 2021-05-10 17:02:00+00:00
OOS Start Bar Index: 130182 | Time: 2021-05-10 17:03:00+00:00
ADF Test Result: p-value=0.4676 (Required < 0.05) | OLS Beta: 0.3897
Filter ON: Spread not stationary (p-value too high). Skipping optimization and OOS test.

--- Window 21 Boundary Check ---
IS Period RTH Bars: 14666. Start: 2021-04-06 19:05:00+00:00 | End: 2021-06-01 17:25:00+00:00
OOS Start Bar Index: 136032 | Time: 2021-06-01 17:26:00+00:00
ADF Test Result: p-value=0.0135 (Required < 0.05) | OLS Beta: -0.0823
Filter OFF: Spread is stationary. Proceeding with optimization.
IS Optimization Time: 0.05 seconds.
Optimal Params (Sharpe=6.2033, Calmar=0.0000): Z_E=3.1, Z_X=0.7, Z_SL=3.9
📊 Persistence: Saved 729 PnL points to wfa_outputs\oos_equity_curve_FIS_KEY_1m_20251107_191223_0.05.csv
OOS Period (2021-06-01 17:26:00+00:00 to 2021-06-22 17:43:00+00:00): PnL: $226.42 | Sharpe: 4.0991 | Calmar: 0.0000 | Trades: 1

--- Window 22 Boundary Check ---
IS Period RTH Bars: 14666. Start: 2021-04-28 19:27:00+00:00 | End: 2021-06-22 17:43:00+00:00
OOS Start Bar Index: 141882 | Time: 2021-06-22 17:44:00+00:00
ADF Test Result: p-value=0.0397 (Required < 0.05) | OLS Beta: 0.1564
Filter OFF: Spread is stationary. Proceeding with optimization.
IS Optimization Time: 0.06 seconds.
Optimal Params (Sharpe=6.7320, Calmar=176.9827): Z_E=2.7, Z_X=1.1, Z_SL=4.5
📊 Persistence: Saved 729 PnL points to wfa_outputs\oos_equity_curve_FIS_KEY_1m_20251107_191223_0.05.csv
OOS Period (2021-06-22 17:44:00+00:00 to 2021-07-14 18:35:00+00:00): PnL: $0.00 | Sharpe: 0.0000 | Calmar: 0.0000 | Trades: 0

--- Window 23 Boundary Check ---
IS Period RTH Bars: 14666. Start: 2021-05-19 19:44:00+00:00 | End: 2021-07-14 18:35:00+00:00
OOS Start Bar Index: 147732 | Time: 2021-07-14 18:36:00+00:00
ADF Test Result: p-value=0.2546 (Required < 0.05) | OLS Beta: 0.1778
Filter ON: Spread not stationary (p-value too high). Skipping optimization and OOS test.

--- Window 24 Boundary Check ---
IS Period RTH Bars: 14666. Start: 2021-06-11 13:38:00+00:00 | End: 2021-08-04 19:15:00+00:00
OOS Start Bar Index: 153582 | Time: 2021-08-04 19:16:00+00:00
ADF Test Result: p-value=0.9537 (Required < 0.05) | OLS Beta: -0.0038
Filter ON: Spread not stationary (p-value too high). Skipping optimization and OOS test.

--- Window 25 Boundary Check ---
IS Period RTH Bars: 14666. Start: 2021-07-02 14:09:00+00:00 | End: 2021-08-25 19:24:00+00:00
OOS Start Bar Index: 159432 | Time: 2021-08-25 19:25:00+00:00
ADF Test Result: p-value=0.2347 (Required < 0.05) | OLS Beta: -0.9547
Filter ON: Spread not stationary (p-value too high). Skipping optimization and OOS test.

--- Window 26 Boundary Check ---
IS Period RTH Bars: 14666. Start: 2021-07-26 15:04:00+00:00 | End: 2021-09-16 19:39:00+00:00
OOS Start Bar Index: 165282 | Time: 2021-09-16 19:40:00+00:00
ADF Test Result: p-value=0.1287 (Required < 0.05) | OLS Beta: -1.4188
Filter ON: Spread not stationary (p-value too high). Skipping optimization and OOS test.

--- Window 27 Boundary Check ---
IS Period RTH Bars: 14666. Start: 2021-08-16 15:24:00+00:00 | End: 2021-10-07 19:59:00+00:00
OOS Start Bar Index: 171132 | Time: 2021-10-08 13:30:00+00:00
ADF Test Result: p-value=0.0430 (Required < 0.05) | OLS Beta: -0.4273
Filter OFF: Spread is stationary. Proceeding with optimization.
IS Optimization Time: 0.05 seconds.
Optimal Params (Sharpe=4.2201, Calmar=23.6189): Z_E=3.3, Z_X=1.3, Z_SL=3.6
📊 Persistence: Saved 734 PnL points to wfa_outputs\oos_equity_curve_FIS_KEY_1m_20251107_191223_0.05.csv
OOS Period (2021-10-08 13:30:00+00:00 to 2021-11-01 14:00:00+00:00): PnL: $148.31 | Sharpe: 3.3327 | Calmar: 77.9677 | Trades: 5

--- Window 28 Boundary Check ---
IS Period RTH Bars: 14666. Start: 2021-09-07 15:36:00+00:00 | End: 2021-11-01 14:00:00+00:00
OOS Start Bar Index: 176982 | Time: 2021-11-01 14:01:00+00:00
ADF Test Result: p-value=0.4577 (Required < 0.05) | OLS Beta: -0.2385
Filter ON: Spread not stationary (p-value too high). Skipping optimization and OOS test.

--- Window 29 Boundary Check ---
IS Period RTH Bars: 14666. Start: 2021-09-28 15:57:00+00:00 | End: 2021-11-22 15:08:00+00:00
OOS Start Bar Index: 182832 | Time: 2021-11-22 15:09:00+00:00
ADF Test Result: p-value=0.3030 (Required < 0.05) | OLS Beta: -0.5726
Filter ON: Spread not stationary (p-value too high). Skipping optimization and OOS test.

--- Window 30 Boundary Check ---
IS Period RTH Bars: 14666. Start: 2021-10-19 16:22:00+00:00 | End: 2021-12-14 18:10:00+00:00
OOS Start Bar Index: 188682 | Time: 2021-12-14 18:11:00+00:00
ADF Test Result: p-value=0.0022 (Required < 0.05) | OLS Beta: 1.9914
Filter OFF: Spread is stationary. Proceeding with optimization.
IS Optimization Time: 0.05 seconds.
Optimal Params (Sharpe=4.3625, Calmar=0.0000): Z_E=3.3, Z_X=0.7, Z_SL=4.8
📊 Persistence: Saved 734 PnL points to wfa_outputs\oos_equity_curve_FIS_KEY_1m_20251107_191223_0.05.csv
OOS Period (2021-12-14 18:11:00+00:00 to 2022-01-05 18:50:00+00:00): PnL: $0.00 | Sharpe: 0.0000 | Calmar: 0.0000 | Trades: 0

--- Window 31 Boundary Check ---
IS Period RTH Bars: 14666. Start: 2021-11-10 17:39:00+00:00 | End: 2022-01-05 18:50:00+00:00
OOS Start Bar Index: 194532 | Time: 2022-01-05 18:51:00+00:00
ADF Test Result: p-value=0.0241 (Required < 0.05) | OLS Beta: 1.0771
Filter OFF: Spread is stationary. Proceeding with optimization.
IS Optimization Time: 0.06 seconds.
Optimal Params (Sharpe=6.3936, Calmar=177.3660): Z_E=2.5, Z_X=0.9, Z_SL=4.8
📊 Persistence: Saved 735 PnL points to wfa_outputs\oos_equity_curve_FIS_KEY_1m_20251107_191223_0.05.csv
OOS Period (2022-01-05 18:51:00+00:00 to 2022-01-28 17:39:00+00:00): PnL: $166.99 | Sharpe: 4.0991 | Calmar: 0.0000 | Trades: 1

--- Window 32 Boundary Check ---
IS Period RTH Bars: 14666. Start: 2021-12-02 20:40:00+00:00 | End: 2022-01-28 17:39:00+00:00
OOS Start Bar Index: 200382 | Time: 2022-01-28 17:40:00+00:00
ADF Test Result: p-value=0.0124 (Required < 0.05) | OLS Beta: 0.5794
Filter OFF: Spread is stationary. Proceeding with optimization.
IS Optimization Time: 0.05 seconds.
Optimal Params (Sharpe=7.0873, Calmar=432.0274): Z_E=2.7, Z_X=0.9, Z_SL=3.3
📊 Persistence: Saved 1425 PnL points to wfa_outputs\oos_equity_curve_FIS_KEY_1m_20251107_191223_0.05.csv
OOS Period (2022-01-28 17:40:00+00:00 to 2022-02-18 17:54:00+00:00): PnL: $68.30 | Sharpe: 0.5441 | Calmar: 2.4358 | Trades: 690

--- Window 33 Boundary Check ---
IS Period RTH Bars: 14666. Start: 2021-12-23 20:53:00+00:00 | End: 2022-02-18 17:54:00+00:00
OOS Start Bar Index: 206232 | Time: 2022-02-18 17:55:00+00:00
ADF Test Result: p-value=0.9760 (Required < 0.05) | OLS Beta: 0.1693
Filter ON: Spread not stationary (p-value too high). Skipping optimization and OOS test.

--- Window 34 Boundary Check ---
IS Period RTH Bars: 14666. Start: 2022-01-18 14:58:00+00:00 | End: 2022-03-15 16:55:00+00:00
OOS Start Bar Index: 212082 | Time: 2022-03-15 16:56:00+00:00
ADF Test Result: p-value=0.4635 (Required < 0.05) | OLS Beta: 1.5377
Filter ON: Spread not stationary (p-value too high). Skipping optimization and OOS test.

--- Window 35 Boundary Check ---
IS Period RTH Bars: 14666. Start: 2022-02-08 20:20:00+00:00 | End: 2022-04-05 17:02:00+00:00
OOS Start Bar Index: 217932 | Time: 2022-04-05 17:03:00+00:00
ADF Test Result: p-value=0.8053 (Required < 0.05) | OLS Beta: 0.5304
Filter ON: Spread not stationary (p-value too high). Skipping optimization and OOS test.

--- Window 36 Boundary Check ---
IS Period RTH Bars: 14666. Start: 2022-03-02 20:29:00+00:00 | End: 2022-04-27 17:04:00+00:00
OOS Start Bar Index: 223782 | Time: 2022-04-27 17:05:00+00:00
ADF Test Result: p-value=0.2965 (Required < 0.05) | OLS Beta: -0.4928
Filter ON: Spread not stationary (p-value too high). Skipping optimization and OOS test.

--- Window 37 Boundary Check ---
IS Period RTH Bars: 14666. Start: 2022-03-24 19:33:00+00:00 | End: 2022-05-18 17:12:00+00:00
OOS Start Bar Index: 229632 | Time: 2022-05-18 17:13:00+00:00
ADF Test Result: p-value=0.0218 (Required < 0.05) | OLS Beta: 0.2385
Filter OFF: Spread is stationary. Proceeding with optimization.
IS Optimization Time: 0.05 seconds.
Optimal Params (Sharpe=3.5202, Calmar=31.9305): Z_E=3.3, Z_X=1.5, Z_SL=4.5
📊 Persistence: Saved 1425 PnL points to wfa_outputs\oos_equity_curve_FIS_KEY_1m_20251107_191223_0.05.csv
OOS Period (2022-05-18 17:13:00+00:00 to 2022-06-09 17:19:00+00:00): PnL: $0.00 | Sharpe: 0.0000 | Calmar: 0.0000 | Trades: 0

--- Window 38 Boundary Check ---
IS Period RTH Bars: 14666. Start: 2022-04-14 19:38:00+00:00 | End: 2022-06-09 17:19:00+00:00
OOS Start Bar Index: 235482 | Time: 2022-06-09 17:20:00+00:00
ADF Test Result: p-value=0.3032 (Required < 0.05) | OLS Beta: 0.5154
Filter ON: Spread not stationary (p-value too high). Skipping optimization and OOS test.

--- Window 39 Boundary Check ---
IS Period RTH Bars: 14666. Start: 2022-05-06 19:39:00+00:00 | End: 2022-07-01 17:24:00+00:00
OOS Start Bar Index: 241332 | Time: 2022-07-01 17:25:00+00:00
ADF Test Result: p-value=0.1394 (Required < 0.05) | OLS Beta: 0.7825
Filter ON: Spread not stationary (p-value too high). Skipping optimization and OOS test.

--- Window 40 Boundary Check ---
IS Period RTH Bars: 14666. Start: 2022-05-27 19:52:00+00:00 | End: 2022-07-25 17:43:00+00:00
OOS Start Bar Index: 247182 | Time: 2022-07-25 17:44:00+00:00
ADF Test Result: p-value=0.0011 (Required < 0.05) | OLS Beta: 0.8158
Filter OFF: Spread is stationary. Proceeding with optimization.
IS Optimization Time: 0.06 seconds.
Optimal Params (Sharpe=8.4044, Calmar=120.6805): Z_E=1.9, Z_X=0.5, Z_SL=4.2
📊 Persistence: Saved 1748 PnL points to wfa_outputs\oos_equity_curve_FIS_KEY_1m_20251107_191223_0.05.csv
OOS Period (2022-07-25 17:44:00+00:00 to 2022-08-15 17:47:00+00:00): PnL: $162.07 | Sharpe: 2.4475 | Calmar: 12.2267 | Trades: 323

--- Window 41 Boundary Check ---
IS Period RTH Bars: 14666. Start: 2022-06-21 19:56:00+00:00 | End: 2022-08-15 17:47:00+00:00
OOS Start Bar Index: 253032 | Time: 2022-08-15 17:48:00+00:00
ADF Test Result: p-value=0.0263 (Required < 0.05) | OLS Beta: 0.8856
Filter OFF: Spread is stationary. Proceeding with optimization.
IS Optimization Time: 0.05 seconds.
Optimal Params (Sharpe=7.1214, Calmar=132.2879): Z_E=1.9, Z_X=0.3, Z_SL=4.8
📊 Persistence: Saved 1749 PnL points to wfa_outputs\oos_equity_curve_FIS_KEY_1m_20251107_191223_0.05.csv
OOS Period (2022-08-15 17:48:00+00:00 to 2022-09-06 17:51:00+00:00): PnL: $-122.43 | Sharpe: -4.0991 | Calmar: -15.0966 | Trades: 1

--- Window 42 Boundary Check ---
IS Period RTH Bars: 14666. Start: 2022-07-14 13:38:00+00:00 | End: 2022-09-06 17:51:00+00:00
OOS Start Bar Index: 258882 | Time: 2022-09-06 17:52:00+00:00
ADF Test Result: p-value=0.7843 (Required < 0.05) | OLS Beta: 0.5980
Filter ON: Spread not stationary (p-value too high). Skipping optimization and OOS test.

--- Window 43 Boundary Check ---
IS Period RTH Bars: 14666. Start: 2022-08-04 13:51:00+00:00 | End: 2022-09-27 17:52:00+00:00
OOS Start Bar Index: 264732 | Time: 2022-09-27 17:53:00+00:00
ADF Test Result: p-value=0.1488 (Required < 0.05) | OLS Beta: 1.4201
Filter ON: Spread not stationary (p-value too high). Skipping optimization and OOS test.

--- Window 44 Boundary Check ---
IS Period RTH Bars: 14666. Start: 2022-08-25 13:54:00+00:00 | End: 2022-10-18 17:52:00+00:00
OOS Start Bar Index: 270582 | Time: 2022-10-18 17:53:00+00:00
ADF Test Result: p-value=0.4310 (Required < 0.05) | OLS Beta: 1.3486
Filter ON: Spread not stationary (p-value too high). Skipping optimization and OOS test.

--- Window 45 Boundary Check ---
IS Period RTH Bars: 14666. Start: 2022-09-16 13:57:00+00:00 | End: 2022-11-08 18:57:00+00:00
OOS Start Bar Index: 276432 | Time: 2022-11-08 18:58:00+00:00
ADF Test Result: p-value=0.7333 (Required < 0.05) | OLS Beta: -0.1611
Filter ON: Spread not stationary (p-value too high). Skipping optimization and OOS test.

--- Window 46 Boundary Check ---
IS Period RTH Bars: 14666. Start: 2022-10-07 13:57:00+00:00 | End: 2022-12-01 15:27:00+00:00
OOS Start Bar Index: 282282 | Time: 2022-12-01 15:28:00+00:00
ADF Test Result: p-value=0.3892 (Required < 0.05) | OLS Beta: -1.0028
Filter ON: Spread not stationary (p-value too high). Skipping optimization and OOS test.

--- Window 47 Boundary Check ---
IS Period RTH Bars: 14666. Start: 2022-10-28 13:57:00+00:00 | End: 2022-12-22 15:29:00+00:00
OOS Start Bar Index: 288132 | Time: 2022-12-22 15:30:00+00:00
ADF Test Result: p-value=0.1409 (Required < 0.05) | OLS Beta: -0.6512
Filter ON: Spread not stationary (p-value too high). Skipping optimization and OOS test.

--- Window 48 Boundary Check ---
IS Period RTH Bars: 14666. Start: 2022-11-18 15:02:00+00:00 | End: 2023-01-17 15:42:00+00:00
OOS Start Bar Index: 293982 | Time: 2023-01-17 15:43:00+00:00
ADF Test Result: p-value=0.1250 (Required < 0.05) | OLS Beta: -0.1944
Filter ON: Spread not stationary (p-value too high). Skipping optimization and OOS test.

--- Window 49 Boundary Check ---
IS Period RTH Bars: 14666. Start: 2022-12-12 18:03:00+00:00 | End: 2023-02-07 15:42:00+00:00
OOS Start Bar Index: 299832 | Time: 2023-02-07 15:43:00+00:00
ADF Test Result: p-value=0.4377 (Required < 0.05) | OLS Beta: 0.5841
Filter ON: Spread not stationary (p-value too high). Skipping optimization and OOS test.

--- Window 50 Boundary Check ---
IS Period RTH Bars: 14666. Start: 2023-01-04 18:16:00+00:00 | End: 2023-03-01 15:46:00+00:00
OOS Start Bar Index: 305682 | Time: 2023-03-01 15:47:00+00:00
ADF Test Result: p-value=0.6660 (Required < 0.05) | OLS Beta: 0.3642
Filter ON: Spread not stationary (p-value too high). Skipping optimization and OOS test.

--- Window 51 Boundary Check ---
IS Period RTH Bars: 14666. Start: 2023-01-26 18:17:00+00:00 | End: 2023-03-22 14:56:00+00:00
OOS Start Bar Index: 311532 | Time: 2023-03-22 14:57:00+00:00
ADF Test Result: p-value=0.0311 (Required < 0.05) | OLS Beta: 0.6265
Filter OFF: Spread is stationary. Proceeding with optimization.
IS Optimization Time: 0.05 seconds.
Optimal Params (Sharpe=3.8436, Calmar=36.9636): Z_E=2.5, Z_X=0.7, Z_SL=4.8
📊 Persistence: Saved 1749 PnL points to wfa_outputs\oos_equity_curve_FIS_KEY_1m_20251107_191223_0.05.csv
OOS Period (2023-03-22 14:57:00+00:00 to 2023-04-13 14:57:00+00:00): PnL: $0.00 | Sharpe: 0.0000 | Calmar: 0.0000 | Trades: 0

--- Window 52 Boundary Check ---
IS Period RTH Bars: 14666. Start: 2023-02-16 18:21:00+00:00 | End: 2023-04-13 14:57:00+00:00
OOS Start Bar Index: 317382 | Time: 2023-04-13 14:58:00+00:00
ADF Test Result: p-value=0.0870 (Required < 0.05) | OLS Beta: 0.4846
Filter ON: Spread not stationary (p-value too high). Skipping optimization and OOS test.

--- Window 53 Boundary Check ---
IS Period RTH Bars: 14666. Start: 2023-03-10 18:21:00+00:00 | End: 2023-05-04 14:59:00+00:00
OOS Start Bar Index: 323232 | Time: 2023-05-04 15:00:00+00:00
ADF Test Result: p-value=0.2116 (Required < 0.05) | OLS Beta: -0.0244
Filter ON: Spread not stationary (p-value too high). Skipping optimization and OOS test.

--- Window 54 Boundary Check ---
IS Period RTH Bars: 14666. Start: 2023-03-31 17:31:00+00:00 | End: 2023-05-25 15:09:00+00:00
OOS Start Bar Index: 329082 | Time: 2023-05-25 15:10:00+00:00
ADF Test Result: p-value=0.1397 (Required < 0.05) | OLS Beta: 0.0620
Filter ON: Spread not stationary (p-value too high). Skipping optimization and OOS test.

--- Window 55 Boundary Check ---
IS Period RTH Bars: 14666. Start: 2023-04-24 17:33:00+00:00 | End: 2023-06-16 15:18:00+00:00
OOS Start Bar Index: 334932 | Time: 2023-06-16 15:19:00+00:00
ADF Test Result: p-value=0.0847 (Required < 0.05) | OLS Beta: 0.1575
Filter ON: Spread not stationary (p-value too high). Skipping optimization and OOS test.

--- Window 56 Boundary Check ---
IS Period RTH Bars: 14666. Start: 2023-05-15 17:39:00+00:00 | End: 2023-07-11 18:21:00+00:00
OOS Start Bar Index: 340782 | Time: 2023-07-11 18:22:00+00:00
ADF Test Result: p-value=0.6812 (Required < 0.05) | OLS Beta: -0.0314
Filter ON: Spread not stationary (p-value too high). Skipping optimization and OOS test.

--- Window 57 Boundary Check ---
IS Period RTH Bars: 14666. Start: 2023-06-06 17:49:00+00:00 | End: 2023-08-01 18:25:00+00:00
OOS Start Bar Index: 346632 | Time: 2023-08-01 18:26:00+00:00
ADF Test Result: p-value=0.4856 (Required < 0.05) | OLS Beta: 0.3865
Filter ON: Spread not stationary (p-value too high). Skipping optimization and OOS test.

--- Window 58 Boundary Check ---
IS Period RTH Bars: 14666. Start: 2023-06-28 17:56:00+00:00 | End: 2023-08-22 18:41:00+00:00
OOS Start Bar Index: 352482 | Time: 2023-08-22 18:42:00+00:00
ADF Test Result: p-value=0.3324 (Required < 0.05) | OLS Beta: 0.2012
Filter ON: Spread not stationary (p-value too high). Skipping optimization and OOS test.

--- Window 59 Boundary Check ---
IS Period RTH Bars: 14666. Start: 2023-07-21 14:27:00+00:00 | End: 2023-09-13 18:57:00+00:00
OOS Start Bar Index: 358332 | Time: 2023-09-13 18:58:00+00:00
ADF Test Result: p-value=0.1388 (Required < 0.05) | OLS Beta: 0.5864
Filter ON: Spread not stationary (p-value too high). Skipping optimization and OOS test.

--- Window 60 Boundary Check ---
IS Period RTH Bars: 14666. Start: 2023-08-11 14:37:00+00:00 | End: 2023-10-04 19:05:00+00:00
OOS Start Bar Index: 364182 | Time: 2023-10-04 19:06:00+00:00
ADF Test Result: p-value=0.1868 (Required < 0.05) | OLS Beta: 0.2320
Filter ON: Spread not stationary (p-value too high). Skipping optimization and OOS test.

--- Window 61 Boundary Check ---
IS Period RTH Bars: 14666. Start: 2023-09-01 14:52:00+00:00 | End: 2023-10-25 19:10:00+00:00
OOS Start Bar Index: 370032 | Time: 2023-10-25 19:11:00+00:00
ADF Test Result: p-value=0.6058 (Required < 0.05) | OLS Beta: 0.5786
Filter ON: Spread not stationary (p-value too high). Skipping optimization and OOS test.

--- Window 62 Boundary Check ---
IS Period RTH Bars: 14666. Start: 2023-09-25 15:08:00+00:00 | End: 2023-11-15 20:14:00+00:00
OOS Start Bar Index: 375882 | Time: 2023-11-15 20:15:00+00:00
ADF Test Result: p-value=0.3368 (Required < 0.05) | OLS Beta: 0.3402
Filter ON: Spread not stationary (p-value too high). Skipping optimization and OOS test.

--- Window 63 Boundary Check ---
IS Period RTH Bars: 14666. Start: 2023-10-16 15:13:00+00:00 | End: 2023-12-08 16:45:00+00:00
OOS Start Bar Index: 381732 | Time: 2023-12-08 16:46:00+00:00
ADF Test Result: p-value=0.1071 (Required < 0.05) | OLS Beta: 0.6419
Filter ON: Spread not stationary (p-value too high). Skipping optimization and OOS test.

--- Window 64 Boundary Check ---
IS Period RTH Bars: 14666. Start: 2023-11-06 16:17:00+00:00 | End: 2024-01-02 17:05:00+00:00
OOS Start Bar Index: 387582 | Time: 2024-01-02 17:06:00+00:00
ADF Test Result: p-value=0.1507 (Required < 0.05) | OLS Beta: 0.5513
Filter ON: Spread not stationary (p-value too high). Skipping optimization and OOS test.

--- Window 65 Boundary Check ---
IS Period RTH Bars: 14666. Start: 2023-11-28 19:20:00+00:00 | End: 2024-01-24 17:07:00+00:00
OOS Start Bar Index: 393432 | Time: 2024-01-24 17:08:00+00:00
ADF Test Result: p-value=0.1175 (Required < 0.05) | OLS Beta: 0.3500
Filter ON: Spread not stationary (p-value too high). Skipping optimization and OOS test.

--- Window 66 Boundary Check ---
IS Period RTH Bars: 14666. Start: 2023-12-19 19:23:00+00:00 | End: 2024-02-14 17:16:00+00:00
OOS Start Bar Index: 399282 | Time: 2024-02-14 17:17:00+00:00
ADF Test Result: p-value=0.2230 (Required < 0.05) | OLS Beta: 0.2918
Filter ON: Spread not stationary (p-value too high). Skipping optimization and OOS test.

--- Window 67 Boundary Check ---
IS Period RTH Bars: 14666. Start: 2024-01-11 19:41:00+00:00 | End: 2024-03-07 17:29:00+00:00
OOS Start Bar Index: 405132 | Time: 2024-03-07 17:30:00+00:00
ADF Test Result: p-value=0.3556 (Required < 0.05) | OLS Beta: 0.9650
Filter ON: Spread not stationary (p-value too high). Skipping optimization and OOS test.

--- Window 68 Boundary Check ---
IS Period RTH Bars: 14666. Start: 2024-02-02 19:46:00+00:00 | End: 2024-03-28 16:34:00+00:00
OOS Start Bar Index: 410982 | Time: 2024-03-28 16:35:00+00:00
ADF Test Result: p-value=0.0133 (Required < 0.05) | OLS Beta: 1.3094
Filter OFF: Spread is stationary. Proceeding with optimization.
IS Optimization Time: 0.05 seconds.
Optimal Params (Sharpe=4.0378, Calmar=24.0479): Z_E=2.5, Z_X=1.3, Z_SL=4.2
📊 Persistence: Saved 1753 PnL points to wfa_outputs\oos_equity_curve_FIS_KEY_1m_20251107_191223_0.05.csv
OOS Period (2024-03-28 16:35:00+00:00 to 2024-04-19 16:37:00+00:00): PnL: $565.81 | Sharpe: 8.0815 | Calmar: 0.0000 | Trades: 4

--- Window 69 Boundary Check ---
IS Period RTH Bars: 14666. Start: 2024-02-26 20:02:00+00:00 | End: 2024-04-19 16:37:00+00:00
OOS Start Bar Index: 416832 | Time: 2024-04-19 16:38:00+00:00
ADF Test Result: p-value=0.1738 (Required < 0.05) | OLS Beta: 0.6774
Filter ON: Spread not stationary (p-value too high). Skipping optimization and OOS test.

--- Window 70 Boundary Check ---
IS Period RTH Bars: 14666. Start: 2024-03-18 19:06:00+00:00 | End: 2024-05-10 16:41:00+00:00
OOS Start Bar Index: 422682 | Time: 2024-05-10 16:42:00+00:00
ADF Test Result: p-value=0.1549 (Required < 0.05) | OLS Beta: 0.5781
Filter ON: Spread not stationary (p-value too high). Skipping optimization and OOS test.

--- Window 71 Boundary Check ---
IS Period RTH Bars: 14666. Start: 2024-04-09 19:11:00+00:00 | End: 2024-06-03 16:47:00+00:00
OOS Start Bar Index: 428532 | Time: 2024-06-03 16:48:00+00:00
ADF Test Result: p-value=0.7703 (Required < 0.05) | OLS Beta: 0.7654
Filter ON: Spread not stationary (p-value too high). Skipping optimization and OOS test.

--- Window 72 Boundary Check ---
IS Period RTH Bars: 14666. Start: 2024-04-30 19:12:00+00:00 | End: 2024-06-25 16:50:00+00:00
OOS Start Bar Index: 434382 | Time: 2024-06-25 16:51:00+00:00
ADF Test Result: p-value=0.0363 (Required < 0.05) | OLS Beta: -0.1266
Filter OFF: Spread is stationary. Proceeding with optimization.
IS Optimization Time: 0.06 seconds.
Optimal Params (Sharpe=1.8137, Calmar=8.7477): Z_E=2.7, Z_X=0.3, Z_SL=3.3
📊 Persistence: Saved 1753 PnL points to wfa_outputs\oos_equity_curve_FIS_KEY_1m_20251107_191223_0.05.csv
OOS Period (2024-06-25 16:51:00+00:00 to 2024-07-18 13:42:00+00:00): PnL: $0.00 | Sharpe: 0.0000 | Calmar: 0.0000 | Trades: 0

--- Window 73 Boundary Check ---
IS Period RTH Bars: 14666. Start: 2024-05-21 19:22:00+00:00 | End: 2024-07-18 13:42:00+00:00
OOS Start Bar Index: 440232 | Time: 2024-07-18 13:43:00+00:00
ADF Test Result: p-value=0.0291 (Required < 0.05) | OLS Beta: 0.0672
Filter OFF: Spread is stationary. Proceeding with optimization.
IS Optimization Time: 0.05 seconds.
Optimal Params (Sharpe=2.8237, Calmar=13.3147): Z_E=2.1, Z_X=0.9, Z_SL=3.3
📊 Persistence: Saved 1755 PnL points to wfa_outputs\oos_equity_curve_FIS_KEY_1m_20251107_191223_0.05.csv
OOS Period (2024-07-18 13:43:00+00:00 to 2024-08-08 13:54:00+00:00): PnL: $297.17 | Sharpe: 2.7810 | Calmar: 53.8564 | Trades: 2

--- Window 74 Boundary Check ---
IS Period RTH Bars: 14666. Start: 2024-06-12 19:24:00+00:00 | End: 2024-08-08 13:54:00+00:00
OOS Start Bar Index: 446082 | Time: 2024-08-08 13:55:00+00:00
ADF Test Result: p-value=0.0118 (Required < 0.05) | OLS Beta: 0.0518
Filter OFF: Spread is stationary. Proceeding with optimization.
IS Optimization Time: 0.05 seconds.
Optimal Params (Sharpe=5.0245, Calmar=30.3038): Z_E=1.9, Z_X=1.3, Z_SL=3.9
📊 Persistence: Saved 2240 PnL points to wfa_outputs\oos_equity_curve_FIS_KEY_1m_20251107_191223_0.05.csv
OOS Period (2024-08-08 13:55:00+00:00 to 2024-08-29 14:22:00+00:00): PnL: $-109.76 | Sharpe: -1.3328 | Calmar: -5.2217 | Trades: 485

--- Window 75 Boundary Check ---
IS Period RTH Bars: 14666. Start: 2024-07-08 16:01:00+00:00 | End: 2024-08-29 14:22:00+00:00
OOS Start Bar Index: 451932 | Time: 2024-08-29 14:23:00+00:00
ADF Test Result: p-value=0.1985 (Required < 0.05) | OLS Beta: 0.3196
Filter ON: Spread not stationary (p-value too high). Skipping optimization and OOS test.

--- Window 76 Boundary Check ---
IS Period RTH Bars: 14666. Start: 2024-07-29 16:20:00+00:00 | End: 2024-09-20 14:32:00+00:00
OOS Start Bar Index: 457782 | Time: 2024-09-20 14:33:00+00:00
ADF Test Result: p-value=0.1995 (Required < 0.05) | OLS Beta: 0.4892
Filter ON: Spread not stationary (p-value too high). Skipping optimization and OOS test.

--- Window 77 Boundary Check ---
IS Period RTH Bars: 14666. Start: 2024-08-19 16:35:00+00:00 | End: 2024-10-11 14:55:00+00:00
OOS Start Bar Index: 463632 | Time: 2024-10-11 14:56:00+00:00
ADF Test Result: p-value=0.7058 (Required < 0.05) | OLS Beta: 0.2385
Filter ON: Spread not stationary (p-value too high). Skipping optimization and OOS test.

--- Window 78 Boundary Check ---
IS Period RTH Bars: 14666. Start: 2024-09-10 17:02:00+00:00 | End: 2024-11-01 15:41:00+00:00
OOS Start Bar Index: 469482 | Time: 2024-11-01 15:42:00+00:00
ADF Test Result: p-value=0.1875 (Required < 0.05) | OLS Beta: 0.9105
Filter ON: Spread not stationary (p-value too high). Skipping optimization and OOS test.

--- Window 79 Boundary Check ---
IS Period RTH Bars: 14666. Start: 2024-10-01 17:20:00+00:00 | End: 2024-11-22 17:10:00+00:00
OOS Start Bar Index: 475332 | Time: 2024-11-22 17:11:00+00:00
ADF Test Result: p-value=0.3222 (Required < 0.05) | OLS Beta: 0.0428
Filter ON: Spread not stationary (p-value too high). Skipping optimization and OOS test.

--- Window 80 Boundary Check ---
IS Period RTH Bars: 14666. Start: 2024-10-22 17:59:00+00:00 | End: 2024-12-16 20:49:00+00:00
OOS Start Bar Index: 481182 | Time: 2024-12-16 20:50:00+00:00
ADF Test Result: p-value=0.2381 (Required < 0.05) | OLS Beta: -0.3384
Filter ON: Spread not stationary (p-value too high). Skipping optimization and OOS test.

############################################################
📈 OVERALL SIMULATION PERFORMANCE (Walk-Forward Test)
############################################################
Timeframe Used: 1Min, Value: 1
ADF Cointegration Filter Threshold: 0.05
Total OOS Windows Tested: 80
Total Trades Executed: 2240
--- Final Performance Metrics ---
Total PnL: $1,427.33
Overall Sharpe Ratio (Annualized): 0.2549
Overall Calmar Ratio (Annualized): 0.0792
Maximum Dollar Drawdown (MDD): $731.38

--- Execution Time ---
Total Elapsed Time: 88.57 seconds
############################################################
[0m