--- Dynamic Timeframe Configuration ---
TimeFrame Selected: 1Hour, Value: 1
Bars per Trading Day: 6
Annualization Factor (Bars/Year): 1512
Statistical Lookback Bars: 33
Optimization Lookback Bars: 292
---------------------------------------
--- Diagnostic Check ---
API Key ID Length: 26
API Secret Key Length: 44
StockHistoricalDataClient initialized successfully. Starting data fetch...
--------------------------
Pre-compiling Numba function for first run optimization...
Numba pre-compilation complete.
Fetching data from 2020-01-01 to 2024-12-30...
Fetching 1Hour data for FIS...
Fetching 1Hour data for KEY...
Data acquired successfully. Total 1Hour RTH bars: 7498
Skipping full pre-calculation. Metrics will be calculated inside the WFA loop.

============================================================
📈 Starting Rolling Backtest: IS Optimization Window=292 bars, Shift=15 days
   Data already processed with Statistical Rolling Window: 33 bars
   ADF Cointegration Filter: p-value < 0.1
============================================================

--- Window 1 Boundary Check ---
IS Period RTH Bars: 228. Start: 2020-01-16 19:00:00+00:00 | End: 2020-03-12 17:00:00+00:00
OOS Start Bar Index: 292 | Time: 2020-03-12 18:00:00+00:00
ADF Test Result: p-value=0.0515 (Required < 0.10) | OLS Beta: 0.2825
Filter OFF: Spread is stationary. Proceeding with optimization.
IS Optimization Time: 0.02 seconds.
Optimal Params (Sharpe=4.7702, Calmar=78.7390): Z_E=2.3, Z_X=0.9, Z_SL=3.3
📊 Persistence: Saved 21 PnL points to wfa_outputs\oos_equity_curve_FIS_KEY_1h_20251107_190728_0.1.csv
OOS Period (2020-03-12 18:00:00+00:00 to 2020-04-02 17:00:00+00:00): PnL: $1,240.89 | Sharpe: 3.8951 | Calmar: 70.8580 | Trades: 21

--- Window 2 Boundary Check ---
IS Period RTH Bars: 228. Start: 2020-02-07 19:00:00+00:00 | End: 2020-04-02 17:00:00+00:00
OOS Start Bar Index: 382 | Time: 2020-04-02 18:00:00+00:00
ADF Test Result: p-value=0.0197 (Required < 0.10) | OLS Beta: 0.4432
Filter OFF: Spread is stationary. Proceeding with optimization.
IS Optimization Time: 0.02 seconds.
Optimal Params (Sharpe=2.8549, Calmar=43.7199): Z_E=1.9, Z_X=0.3, Z_SL=3.6
📊 Persistence: Saved 23 PnL points to wfa_outputs\oos_equity_curve_FIS_KEY_1h_20251107_190728_0.1.csv
OOS Period (2020-04-02 18:00:00+00:00 to 2020-04-24 17:00:00+00:00): PnL: $783.90 | Sharpe: 5.6753 | Calmar: 0.0000 | Trades: 2

--- Window 3 Boundary Check ---
IS Period RTH Bars: 228. Start: 2020-03-02 19:00:00+00:00 | End: 2020-04-24 17:00:00+00:00
OOS Start Bar Index: 472 | Time: 2020-04-24 18:00:00+00:00
ADF Test Result: p-value=0.0229 (Required < 0.10) | OLS Beta: 0.4858
Filter OFF: Spread is stationary. Proceeding with optimization.
IS Optimization Time: 0.02 seconds.
Optimal Params (Sharpe=3.8875, Calmar=76.4427): Z_E=1.9, Z_X=0.3, Z_SL=3.6
📊 Persistence: Saved 25 PnL points to wfa_outputs\oos_equity_curve_FIS_KEY_1h_20251107_190728_0.1.csv
OOS Period (2020-04-24 18:00:00+00:00 to 2020-05-15 17:00:00+00:00): PnL: $-394.13 | Sharpe: -4.9507 | Calmar: -12.7764 | Trades: 2

--- Window 4 Boundary Check ---
IS Period RTH Bars: 228. Start: 2020-03-23 18:00:00+00:00 | End: 2020-05-15 17:00:00+00:00
OOS Start Bar Index: 562 | Time: 2020-05-15 18:00:00+00:00
ADF Test Result: p-value=0.0358 (Required < 0.10) | OLS Beta: 0.3621
Filter OFF: Spread is stationary. Proceeding with optimization.
IS Optimization Time: 0.02 seconds.
Optimal Params (Sharpe=3.3013, Calmar=6782.8890): Z_E=2.7, Z_X=0.5, Z_SL=3.3
📊 Persistence: Saved 26 PnL points to wfa_outputs\oos_equity_curve_FIS_KEY_1h_20251107_190728_0.1.csv
OOS Period (2020-05-15 18:00:00+00:00 to 2020-06-08 17:00:00+00:00): PnL: $747.74 | Sharpe: 4.1217 | Calmar: 0.0000 | Trades: 1

--- Window 5 Boundary Check ---
IS Period RTH Bars: 228. Start: 2020-04-14 18:00:00+00:00 | End: 2020-06-08 17:00:00+00:00
OOS Start Bar Index: 652 | Time: 2020-06-08 18:00:00+00:00
ADF Test Result: p-value=0.3150 (Required < 0.10) | OLS Beta: 0.2931
Filter ON: Spread not stationary (p-value too high). Skipping optimization and OOS test.

--- Window 6 Boundary Check ---
IS Period RTH Bars: 228. Start: 2020-05-05 18:00:00+00:00 | End: 2020-06-29 17:00:00+00:00
OOS Start Bar Index: 742 | Time: 2020-06-29 18:00:00+00:00
ADF Test Result: p-value=0.1169 (Required < 0.10) | OLS Beta: 0.1764
Filter ON: Spread not stationary (p-value too high). Skipping optimization and OOS test.

--- Window 7 Boundary Check ---
IS Period RTH Bars: 228. Start: 2020-05-27 18:00:00+00:00 | End: 2020-07-21 17:00:00+00:00
OOS Start Bar Index: 832 | Time: 2020-07-21 18:00:00+00:00
ADF Test Result: p-value=0.3785 (Required < 0.10) | OLS Beta: 0.1035
Filter ON: Spread not stationary (p-value too high). Skipping optimization and OOS test.

--- Window 8 Boundary Check ---
IS Period RTH Bars: 228. Start: 2020-06-17 18:00:00+00:00 | End: 2020-08-11 17:00:00+00:00
OOS Start Bar Index: 922 | Time: 2020-08-11 18:00:00+00:00
ADF Test Result: p-value=0.6949 (Required < 0.10) | OLS Beta: 0.1273
Filter ON: Spread not stationary (p-value too high). Skipping optimization and OOS test.

--- Window 9 Boundary Check ---
IS Period RTH Bars: 228. Start: 2020-07-09 18:00:00+00:00 | End: 2020-09-01 17:00:00+00:00
OOS Start Bar Index: 1012 | Time: 2020-09-01 18:00:00+00:00
ADF Test Result: p-value=0.2190 (Required < 0.10) | OLS Beta: 0.5236
Filter ON: Spread not stationary (p-value too high). Skipping optimization and OOS test.

--- Window 10 Boundary Check ---
IS Period RTH Bars: 228. Start: 2020-07-30 18:00:00+00:00 | End: 2020-09-23 17:00:00+00:00
OOS Start Bar Index: 1102 | Time: 2020-09-23 18:00:00+00:00
ADF Test Result: p-value=0.1468 (Required < 0.10) | OLS Beta: 0.3120
Filter ON: Spread not stationary (p-value too high). Skipping optimization and OOS test.

--- Window 11 Boundary Check ---
IS Period RTH Bars: 228. Start: 2020-08-20 18:00:00+00:00 | End: 2020-10-14 17:00:00+00:00
OOS Start Bar Index: 1192 | Time: 2020-10-14 18:00:00+00:00
ADF Test Result: p-value=0.1478 (Required < 0.10) | OLS Beta: 0.2039
Filter ON: Spread not stationary (p-value too high). Skipping optimization and OOS test.

--- Window 12 Boundary Check ---
IS Period RTH Bars: 228. Start: 2020-09-11 18:00:00+00:00 | End: 2020-11-04 18:00:00+00:00
OOS Start Bar Index: 1282 | Time: 2020-11-04 19:00:00+00:00
ADF Test Result: p-value=0.3797 (Required < 0.10) | OLS Beta: -0.3360
Filter ON: Spread not stationary (p-value too high). Skipping optimization and OOS test.

--- Window 13 Boundary Check ---
IS Period RTH Bars: 228. Start: 2020-10-02 18:00:00+00:00 | End: 2020-11-25 18:00:00+00:00
OOS Start Bar Index: 1372 | Time: 2020-11-25 19:00:00+00:00
ADF Test Result: p-value=0.5223 (Required < 0.10) | OLS Beta: 0.2288
Filter ON: Spread not stationary (p-value too high). Skipping optimization and OOS test.

--- Window 14 Boundary Check ---
IS Period RTH Bars: 228. Start: 2020-10-23 18:00:00+00:00 | End: 2020-12-17 20:00:00+00:00
OOS Start Bar Index: 1462 | Time: 2020-12-18 15:00:00+00:00
ADF Test Result: p-value=0.0335 (Required < 0.10) | OLS Beta: 0.5169
Filter OFF: Spread is stationary. Proceeding with optimization.
IS Optimization Time: 0.02 seconds.
Optimal Params (Sharpe=2.5337, Calmar=425.7895): Z_E=2.7, Z_X=0.3, Z_SL=3.3
📊 Persistence: Saved 45 PnL points to wfa_outputs\oos_equity_curve_FIS_KEY_1h_20251107_190728_0.1.csv
OOS Period (2020-12-18 15:00:00+00:00 to 2021-01-12 15:00:00+00:00): PnL: $-488.49 | Sharpe: -4.2076 | Calmar: -9.2420 | Trades: 19

--- Window 15 Boundary Check ---
IS Period RTH Bars: 228. Start: 2020-11-13 19:00:00+00:00 | End: 2021-01-12 15:00:00+00:00
OOS Start Bar Index: 1552 | Time: 2021-01-12 16:00:00+00:00
ADF Test Result: p-value=0.1221 (Required < 0.10) | OLS Beta: -0.3368
Filter ON: Spread not stationary (p-value too high). Skipping optimization and OOS test.

--- Window 16 Boundary Check ---
IS Period RTH Bars: 228. Start: 2020-12-08 15:00:00+00:00 | End: 2021-02-03 15:00:00+00:00
OOS Start Bar Index: 1642 | Time: 2021-02-03 16:00:00+00:00
ADF Test Result: p-value=0.1919 (Required < 0.10) | OLS Beta: -0.5084
Filter ON: Spread not stationary (p-value too high). Skipping optimization and OOS test.

--- Window 17 Boundary Check ---
IS Period RTH Bars: 228. Start: 2020-12-30 16:00:00+00:00 | End: 2021-02-25 15:00:00+00:00
OOS Start Bar Index: 1732 | Time: 2021-02-25 16:00:00+00:00
ADF Test Result: p-value=0.2941 (Required < 0.10) | OLS Beta: 0.0690
Filter ON: Spread not stationary (p-value too high). Skipping optimization and OOS test.

--- Window 18 Boundary Check ---
IS Period RTH Bars: 228. Start: 2021-01-22 16:00:00+00:00 | End: 2021-03-18 14:00:00+00:00
OOS Start Bar Index: 1822 | Time: 2021-03-18 15:00:00+00:00
ADF Test Result: p-value=0.1290 (Required < 0.10) | OLS Beta: 0.5513
Filter ON: Spread not stationary (p-value too high). Skipping optimization and OOS test.

--- Window 19 Boundary Check ---
IS Period RTH Bars: 228. Start: 2021-02-12 16:00:00+00:00 | End: 2021-04-09 14:00:00+00:00
OOS Start Bar Index: 1912 | Time: 2021-04-09 15:00:00+00:00
ADF Test Result: p-value=0.6926 (Required < 0.10) | OLS Beta: 0.4466
Filter ON: Spread not stationary (p-value too high). Skipping optimization and OOS test.

--- Window 20 Boundary Check ---
IS Period RTH Bars: 228. Start: 2021-03-08 16:00:00+00:00 | End: 2021-05-03 14:00:00+00:00
OOS Start Bar Index: 2002 | Time: 2021-05-03 15:00:00+00:00
ADF Test Result: p-value=0.2001 (Required < 0.10) | OLS Beta: 0.5144
Filter ON: Spread not stationary (p-value too high). Skipping optimization and OOS test.

--- Window 21 Boundary Check ---
IS Period RTH Bars: 228. Start: 2021-03-29 15:00:00+00:00 | End: 2021-05-24 14:00:00+00:00
OOS Start Bar Index: 2092 | Time: 2021-05-24 15:00:00+00:00
ADF Test Result: p-value=0.2613 (Required < 0.10) | OLS Beta: 0.0917
Filter ON: Spread not stationary (p-value too high). Skipping optimization and OOS test.

--- Window 22 Boundary Check ---
IS Period RTH Bars: 228. Start: 2021-04-21 15:00:00+00:00 | End: 2021-06-15 14:00:00+00:00
OOS Start Bar Index: 2182 | Time: 2021-06-15 15:00:00+00:00
ADF Test Result: p-value=0.2078 (Required < 0.10) | OLS Beta: -0.2244
Filter ON: Spread not stationary (p-value too high). Skipping optimization and OOS test.

--- Window 23 Boundary Check ---
IS Period RTH Bars: 228. Start: 2021-05-12 15:00:00+00:00 | End: 2021-07-07 14:00:00+00:00
OOS Start Bar Index: 2272 | Time: 2021-07-07 15:00:00+00:00
ADF Test Result: p-value=0.0799 (Required < 0.10) | OLS Beta: 0.2266
Filter OFF: Spread is stationary. Proceeding with optimization.
IS Optimization Time: 0.02 seconds.
Optimal Params (Sharpe=2.5752, Calmar=0.0000): Z_E=2.9, Z_X=0.3, Z_SL=3.3
📊 Persistence: Saved 57 PnL points to wfa_outputs\oos_equity_curve_FIS_KEY_1h_20251107_190728_0.1.csv
OOS Period (2021-07-07 15:00:00+00:00 to 2021-07-28 14:00:00+00:00): PnL: $-276.27 | Sharpe: -4.3759 | Calmar: -12.2255 | Trades: 12

--- Window 24 Boundary Check ---
IS Period RTH Bars: 228. Start: 2021-06-03 15:00:00+00:00 | End: 2021-07-28 14:00:00+00:00
OOS Start Bar Index: 2362 | Time: 2021-07-28 15:00:00+00:00
ADF Test Result: p-value=0.2004 (Required < 0.10) | OLS Beta: -0.0446
Filter ON: Spread not stationary (p-value too high). Skipping optimization and OOS test.

--- Window 25 Boundary Check ---
IS Period RTH Bars: 228. Start: 2021-06-24 15:00:00+00:00 | End: 2021-08-18 14:00:00+00:00
OOS Start Bar Index: 2452 | Time: 2021-08-18 15:00:00+00:00
ADF Test Result: p-value=0.4228 (Required < 0.10) | OLS Beta: -0.4899
Filter ON: Spread not stationary (p-value too high). Skipping optimization and OOS test.

--- Window 26 Boundary Check ---
IS Period RTH Bars: 228. Start: 2021-07-16 15:00:00+00:00 | End: 2021-09-09 14:00:00+00:00
OOS Start Bar Index: 2542 | Time: 2021-09-09 15:00:00+00:00
ADF Test Result: p-value=0.0562 (Required < 0.10) | OLS Beta: -1.4174
Filter OFF: Spread is stationary. Proceeding with optimization.
IS Optimization Time: 0.02 seconds.
Optimal Params (Sharpe=4.6996, Calmar=58.4729): Z_E=2.5, Z_X=0.3, Z_SL=3.3
📊 Persistence: Saved 57 PnL points to wfa_outputs\oos_equity_curve_FIS_KEY_1h_20251107_190728_0.1.csv
OOS Period (2021-09-09 15:00:00+00:00 to 2021-09-30 14:00:00+00:00): PnL: $0.00 | Sharpe: 0.0000 | Calmar: 0.0000 | Trades: 0

--- Window 27 Boundary Check ---
IS Period RTH Bars: 228. Start: 2021-08-06 15:00:00+00:00 | End: 2021-09-30 14:00:00+00:00
OOS Start Bar Index: 2632 | Time: 2021-09-30 15:00:00+00:00
ADF Test Result: p-value=0.2578 (Required < 0.10) | OLS Beta: -0.4475
Filter ON: Spread not stationary (p-value too high). Skipping optimization and OOS test.

--- Window 28 Boundary Check ---
IS Period RTH Bars: 228. Start: 2021-08-27 15:00:00+00:00 | End: 2021-10-21 14:00:00+00:00
OOS Start Bar Index: 2722 | Time: 2021-10-21 15:00:00+00:00
ADF Test Result: p-value=0.1342 (Required < 0.10) | OLS Beta: -0.2503
Filter ON: Spread not stationary (p-value too high). Skipping optimization and OOS test.

--- Window 29 Boundary Check ---
IS Period RTH Bars: 228. Start: 2021-09-20 15:00:00+00:00 | End: 2021-11-12 15:00:00+00:00
OOS Start Bar Index: 2812 | Time: 2021-11-12 16:00:00+00:00
ADF Test Result: p-value=0.3220 (Required < 0.10) | OLS Beta: -0.3064
Filter ON: Spread not stationary (p-value too high). Skipping optimization and OOS test.

--- Window 30 Boundary Check ---
IS Period RTH Bars: 228. Start: 2021-10-11 15:00:00+00:00 | End: 2021-12-06 16:00:00+00:00
OOS Start Bar Index: 2902 | Time: 2021-12-06 17:00:00+00:00
ADF Test Result: p-value=0.6976 (Required < 0.10) | OLS Beta: 0.8877
Filter ON: Spread not stationary (p-value too high). Skipping optimization and OOS test.

--- Window 31 Boundary Check ---
IS Period RTH Bars: 228. Start: 2021-11-02 15:00:00+00:00 | End: 2021-12-28 16:00:00+00:00
OOS Start Bar Index: 2992 | Time: 2021-12-28 17:00:00+00:00
ADF Test Result: p-value=0.0520 (Required < 0.10) | OLS Beta: 1.2133
Filter OFF: Spread is stationary. Proceeding with optimization.
IS Optimization Time: 0.02 seconds.
Optimal Params (Sharpe=5.1546, Calmar=29047.3484): Z_E=1.9, Z_X=1.1, Z_SL=3.3
📊 Persistence: Saved 68 PnL points to wfa_outputs\oos_equity_curve_FIS_KEY_1h_20251107_190728_0.1.csv
OOS Period (2021-12-28 17:00:00+00:00 to 2022-01-19 16:00:00+00:00): PnL: $-272.16 | Sharpe: -4.8226 | Calmar: -9.8628 | Trades: 11

--- Window 32 Boundary Check ---
IS Period RTH Bars: 228. Start: 2021-11-23 16:00:00+00:00 | End: 2022-01-19 16:00:00+00:00
OOS Start Bar Index: 3082 | Time: 2022-01-19 17:00:00+00:00
ADF Test Result: p-value=0.4019 (Required < 0.10) | OLS Beta: 0.6392
Filter ON: Spread not stationary (p-value too high). Skipping optimization and OOS test.

--- Window 33 Boundary Check ---
IS Period RTH Bars: 228. Start: 2021-12-15 17:00:00+00:00 | End: 2022-02-10 15:00:00+00:00
OOS Start Bar Index: 3172 | Time: 2022-02-10 16:00:00+00:00
ADF Test Result: p-value=0.0775 (Required < 0.10) | OLS Beta: 0.4411
Filter OFF: Spread is stationary. Proceeding with optimization.
IS Optimization Time: 0.02 seconds.
Optimal Params (Sharpe=2.3808, Calmar=16.8511): Z_E=2.5, Z_X=0.5, Z_SL=3.3
📊 Persistence: Saved 104 PnL points to wfa_outputs\oos_equity_curve_FIS_KEY_1h_20251107_190728_0.1.csv
OOS Period (2022-02-10 16:00:00+00:00 to 2022-03-04 15:00:00+00:00): PnL: $-430.93 | Sharpe: -4.3441 | Calmar: -11.7170 | Trades: 36

--- Window 34 Boundary Check ---
IS Period RTH Bars: 228. Start: 2022-01-06 17:00:00+00:00 | End: 2022-03-04 15:00:00+00:00
OOS Start Bar Index: 3262 | Time: 2022-03-04 16:00:00+00:00
ADF Test Result: p-value=0.4557 (Required < 0.10) | OLS Beta: 1.4241
Filter ON: Spread not stationary (p-value too high). Skipping optimization and OOS test.

--- Window 35 Boundary Check ---
IS Period RTH Bars: 228. Start: 2022-01-31 16:00:00+00:00 | End: 2022-03-28 14:00:00+00:00
OOS Start Bar Index: 3352 | Time: 2022-03-28 15:00:00+00:00
ADF Test Result: p-value=0.0832 (Required < 0.10) | OLS Beta: 1.4808
Filter OFF: Spread is stationary. Proceeding with optimization.
IS Optimization Time: 0.02 seconds.
Optimal Params (Sharpe=1.4690, Calmar=10.4235): Z_E=2.9, Z_X=1.1, Z_SL=3.3
📊 Persistence: Saved 136 PnL points to wfa_outputs\oos_equity_curve_FIS_KEY_1h_20251107_190728_0.1.csv
OOS Period (2022-03-28 15:00:00+00:00 to 2022-04-19 14:00:00+00:00): PnL: $-124.93 | Sharpe: -2.8640 | Calmar: -7.1624 | Trades: 32

--- Window 36 Boundary Check ---
IS Period RTH Bars: 228. Start: 2022-02-22 16:00:00+00:00 | End: 2022-04-19 14:00:00+00:00
OOS Start Bar Index: 3442 | Time: 2022-04-19 15:00:00+00:00
ADF Test Result: p-value=0.1308 (Required < 0.10) | OLS Beta: -0.4992
Filter ON: Spread not stationary (p-value too high). Skipping optimization and OOS test.

--- Window 37 Boundary Check ---
IS Period RTH Bars: 228. Start: 2022-03-16 15:00:00+00:00 | End: 2022-05-10 14:00:00+00:00
OOS Start Bar Index: 3532 | Time: 2022-05-10 15:00:00+00:00
ADF Test Result: p-value=0.4059 (Required < 0.10) | OLS Beta: -0.1298
Filter ON: Spread not stationary (p-value too high). Skipping optimization and OOS test.

--- Window 38 Boundary Check ---
IS Period RTH Bars: 228. Start: 2022-04-06 15:00:00+00:00 | End: 2022-06-01 14:00:00+00:00
OOS Start Bar Index: 3622 | Time: 2022-06-01 15:00:00+00:00
ADF Test Result: p-value=0.2657 (Required < 0.10) | OLS Beta: 0.4810
Filter ON: Spread not stationary (p-value too high). Skipping optimization and OOS test.

--- Window 39 Boundary Check ---
IS Period RTH Bars: 228. Start: 2022-04-28 15:00:00+00:00 | End: 2022-06-23 14:00:00+00:00
OOS Start Bar Index: 3712 | Time: 2022-06-23 15:00:00+00:00
ADF Test Result: p-value=0.1992 (Required < 0.10) | OLS Beta: 0.7739
Filter ON: Spread not stationary (p-value too high). Skipping optimization and OOS test.

--- Window 40 Boundary Check ---
IS Period RTH Bars: 228. Start: 2022-05-19 15:00:00+00:00 | End: 2022-07-15 14:00:00+00:00
OOS Start Bar Index: 3802 | Time: 2022-07-15 15:00:00+00:00
ADF Test Result: p-value=0.0017 (Required < 0.10) | OLS Beta: 0.8084
Filter OFF: Spread is stationary. Proceeding with optimization.
IS Optimization Time: 0.02 seconds.
Optimal Params (Sharpe=4.4995, Calmar=62.3260): Z_E=1.9, Z_X=0.7, Z_SL=3.6
📊 Persistence: Saved 146 PnL points to wfa_outputs\oos_equity_curve_FIS_KEY_1h_20251107_190728_0.1.csv
OOS Period (2022-07-15 15:00:00+00:00 to 2022-08-05 14:00:00+00:00): PnL: $96.73 | Sharpe: 1.1184 | Calmar: 7.8734 | Trades: 10

--- Window 41 Boundary Check ---
IS Period RTH Bars: 228. Start: 2022-06-10 15:00:00+00:00 | End: 2022-08-05 14:00:00+00:00
OOS Start Bar Index: 3892 | Time: 2022-08-05 15:00:00+00:00
ADF Test Result: p-value=0.0136 (Required < 0.10) | OLS Beta: 1.2304
Filter OFF: Spread is stationary. Proceeding with optimization.
IS Optimization Time: 0.02 seconds.
Optimal Params (Sharpe=3.1881, Calmar=0.0000): Z_E=3.1, Z_X=1.5, Z_SL=3.3
📊 Persistence: Saved 164 PnL points to wfa_outputs\oos_equity_curve_FIS_KEY_1h_20251107_190728_0.1.csv
OOS Period (2022-08-05 15:00:00+00:00 to 2022-08-26 14:00:00+00:00): PnL: $-257.41 | Sharpe: -5.1045 | Calmar: -14.1806 | Trades: 18

--- Window 42 Boundary Check ---
IS Period RTH Bars: 228. Start: 2022-07-05 15:00:00+00:00 | End: 2022-08-26 14:00:00+00:00
OOS Start Bar Index: 3982 | Time: 2022-08-26 15:00:00+00:00
ADF Test Result: p-value=0.4939 (Required < 0.10) | OLS Beta: 0.5500
Filter ON: Spread not stationary (p-value too high). Skipping optimization and OOS test.

--- Window 43 Boundary Check ---
IS Period RTH Bars: 228. Start: 2022-07-26 15:00:00+00:00 | End: 2022-09-19 14:00:00+00:00
OOS Start Bar Index: 4072 | Time: 2022-09-19 15:00:00+00:00
ADF Test Result: p-value=0.9650 (Required < 0.10) | OLS Beta: 0.8049
Filter ON: Spread not stationary (p-value too high). Skipping optimization and OOS test.

--- Window 44 Boundary Check ---
IS Period RTH Bars: 228. Start: 2022-08-16 15:00:00+00:00 | End: 2022-10-10 14:00:00+00:00
OOS Start Bar Index: 4162 | Time: 2022-10-10 15:00:00+00:00
ADF Test Result: p-value=0.2723 (Required < 0.10) | OLS Beta: 1.4550
Filter ON: Spread not stationary (p-value too high). Skipping optimization and OOS test.

--- Window 45 Boundary Check ---
IS Period RTH Bars: 228. Start: 2022-09-07 15:00:00+00:00 | End: 2022-10-31 14:00:00+00:00
OOS Start Bar Index: 4252 | Time: 2022-10-31 15:00:00+00:00
ADF Test Result: p-value=0.0519 (Required < 0.10) | OLS Beta: 1.0264
Filter OFF: Spread is stationary. Proceeding with optimization.
IS Optimization Time: 0.02 seconds.
Optimal Params (Sharpe=4.4419, Calmar=0.0000): Z_E=3.1, Z_X=1.5, Z_SL=3.3
📊 Persistence: Saved 200 PnL points to wfa_outputs\oos_equity_curve_FIS_KEY_1h_20251107_190728_0.1.csv
OOS Period (2022-10-31 15:00:00+00:00 to 2022-11-21 15:00:00+00:00): PnL: $-152.02 | Sharpe: -2.5092 | Calmar: -13.4162 | Trades: 36

--- Window 46 Boundary Check ---
IS Period RTH Bars: 228. Start: 2022-09-28 15:00:00+00:00 | End: 2022-11-21 15:00:00+00:00
OOS Start Bar Index: 4342 | Time: 2022-11-21 16:00:00+00:00
ADF Test Result: p-value=0.3435 (Required < 0.10) | OLS Beta: -0.9641
Filter ON: Spread not stationary (p-value too high). Skipping optimization and OOS test.

--- Window 47 Boundary Check ---
IS Period RTH Bars: 228. Start: 2022-10-19 15:00:00+00:00 | End: 2022-12-13 17:00:00+00:00
OOS Start Bar Index: 4432 | Time: 2022-12-13 18:00:00+00:00
ADF Test Result: p-value=0.2266 (Required < 0.10) | OLS Beta: -1.1675
Filter ON: Spread not stationary (p-value too high). Skipping optimization and OOS test.

--- Window 48 Boundary Check ---
IS Period RTH Bars: 228. Start: 2022-11-09 16:00:00+00:00 | End: 2023-01-05 17:00:00+00:00
OOS Start Bar Index: 4522 | Time: 2023-01-05 18:00:00+00:00
ADF Test Result: p-value=0.0678 (Required < 0.10) | OLS Beta: -0.5023
Filter OFF: Spread is stationary. Proceeding with optimization.
IS Optimization Time: 0.02 seconds.
Optimal Params (Sharpe=2.5752, Calmar=0.0000): Z_E=3.3, Z_X=0.9, Z_SL=3.6
📊 Persistence: Saved 200 PnL points to wfa_outputs\oos_equity_curve_FIS_KEY_1h_20251107_190728_0.1.csv
OOS Period (2023-01-05 18:00:00+00:00 to 2023-01-27 17:00:00+00:00): PnL: $0.00 | Sharpe: 0.0000 | Calmar: 0.0000 | Trades: 0

--- Window 49 Boundary Check ---
IS Period RTH Bars: 228. Start: 2022-12-01 18:00:00+00:00 | End: 2023-01-27 17:00:00+00:00
OOS Start Bar Index: 4612 | Time: 2023-01-27 18:00:00+00:00
ADF Test Result: p-value=0.4994 (Required < 0.10) | OLS Beta: 0.4411
Filter ON: Spread not stationary (p-value too high). Skipping optimization and OOS test.

--- Window 50 Boundary Check ---
IS Period RTH Bars: 228. Start: 2022-12-22 18:00:00+00:00 | End: 2023-02-17 17:00:00+00:00
OOS Start Bar Index: 4702 | Time: 2023-02-17 18:00:00+00:00
ADF Test Result: p-value=0.4889 (Required < 0.10) | OLS Beta: 0.4452
Filter ON: Spread not stationary (p-value too high). Skipping optimization and OOS test.

--- Window 51 Boundary Check ---
IS Period RTH Bars: 228. Start: 2023-01-17 18:00:00+00:00 | End: 2023-03-13 16:00:00+00:00
OOS Start Bar Index: 4792 | Time: 2023-03-13 17:00:00+00:00
ADF Test Result: p-value=0.6284 (Required < 0.10) | OLS Beta: 0.6438
Filter ON: Spread not stationary (p-value too high). Skipping optimization and OOS test.

--- Window 52 Boundary Check ---
IS Period RTH Bars: 228. Start: 2023-02-07 18:00:00+00:00 | End: 2023-04-03 16:00:00+00:00
OOS Start Bar Index: 4882 | Time: 2023-04-03 17:00:00+00:00
ADF Test Result: p-value=0.0924 (Required < 0.10) | OLS Beta: 0.5823
Filter OFF: Spread is stationary. Proceeding with optimization.
IS Optimization Time: 0.02 seconds.
Optimal Params (Sharpe=3.6276, Calmar=20.4269): Z_E=1.9, Z_X=0.7, Z_SL=3.3
📊 Persistence: Saved 205 PnL points to wfa_outputs\oos_equity_curve_FIS_KEY_1h_20251107_190728_0.1.csv
OOS Period (2023-04-03 17:00:00+00:00 to 2023-04-25 16:00:00+00:00): PnL: $-368.71 | Sharpe: -5.3846 | Calmar: -12.5967 | Trades: 5

--- Window 53 Boundary Check ---
IS Period RTH Bars: 228. Start: 2023-03-01 18:00:00+00:00 | End: 2023-04-25 16:00:00+00:00
OOS Start Bar Index: 4972 | Time: 2023-04-25 17:00:00+00:00
ADF Test Result: p-value=0.9055 (Required < 0.10) | OLS Beta: 0.3685
Filter ON: Spread not stationary (p-value too high). Skipping optimization and OOS test.

--- Window 54 Boundary Check ---
IS Period RTH Bars: 228. Start: 2023-03-22 17:00:00+00:00 | End: 2023-05-16 16:00:00+00:00
OOS Start Bar Index: 5062 | Time: 2023-05-16 17:00:00+00:00
ADF Test Result: p-value=0.3712 (Required < 0.10) | OLS Beta: -0.0424
Filter ON: Spread not stationary (p-value too high). Skipping optimization and OOS test.

--- Window 55 Boundary Check ---
IS Period RTH Bars: 228. Start: 2023-04-13 17:00:00+00:00 | End: 2023-06-07 16:00:00+00:00
OOS Start Bar Index: 5152 | Time: 2023-06-07 17:00:00+00:00
ADF Test Result: p-value=0.0191 (Required < 0.10) | OLS Beta: 0.1592
Filter OFF: Spread is stationary. Proceeding with optimization.
IS Optimization Time: 0.02 seconds.
Optimal Params (Sharpe=2.6199, Calmar=17.1331): Z_E=2.5, Z_X=0.9, Z_SL=3.3
📊 Persistence: Saved 205 PnL points to wfa_outputs\oos_equity_curve_FIS_KEY_1h_20251107_190728_0.1.csv
OOS Period (2023-06-07 17:00:00+00:00 to 2023-06-29 16:00:00+00:00): PnL: $0.00 | Sharpe: 0.0000 | Calmar: 0.0000 | Trades: 0

--- Window 56 Boundary Check ---
IS Period RTH Bars: 228. Start: 2023-05-04 17:00:00+00:00 | End: 2023-06-29 16:00:00+00:00
OOS Start Bar Index: 5242 | Time: 2023-06-29 17:00:00+00:00
ADF Test Result: p-value=0.1243 (Required < 0.10) | OLS Beta: 0.1032
Filter ON: Spread not stationary (p-value too high). Skipping optimization and OOS test.

--- Window 57 Boundary Check ---
IS Period RTH Bars: 228. Start: 2023-05-25 17:00:00+00:00 | End: 2023-07-21 17:00:00+00:00
OOS Start Bar Index: 5332 | Time: 2023-07-21 18:00:00+00:00
ADF Test Result: p-value=0.6327 (Required < 0.10) | OLS Beta: 0.3615
Filter ON: Spread not stationary (p-value too high). Skipping optimization and OOS test.

--- Window 58 Boundary Check ---
IS Period RTH Bars: 228. Start: 2023-06-16 17:00:00+00:00 | End: 2023-08-11 17:00:00+00:00
OOS Start Bar Index: 5422 | Time: 2023-08-11 18:00:00+00:00
ADF Test Result: p-value=0.5906 (Required < 0.10) | OLS Beta: 0.3199
Filter ON: Spread not stationary (p-value too high). Skipping optimization and OOS test.

--- Window 59 Boundary Check ---
IS Period RTH Bars: 228. Start: 2023-07-11 18:00:00+00:00 | End: 2023-09-01 17:00:00+00:00
OOS Start Bar Index: 5512 | Time: 2023-09-01 18:00:00+00:00
ADF Test Result: p-value=0.3950 (Required < 0.10) | OLS Beta: 0.3095
Filter ON: Spread not stationary (p-value too high). Skipping optimization and OOS test.

--- Window 60 Boundary Check ---
IS Period RTH Bars: 228. Start: 2023-08-01 18:00:00+00:00 | End: 2023-09-25 17:00:00+00:00
OOS Start Bar Index: 5602 | Time: 2023-09-25 18:00:00+00:00
ADF Test Result: p-value=0.5680 (Required < 0.10) | OLS Beta: 0.3387
Filter ON: Spread not stationary (p-value too high). Skipping optimization and OOS test.

--- Window 61 Boundary Check ---
IS Period RTH Bars: 228. Start: 2023-08-22 18:00:00+00:00 | End: 2023-10-16 17:00:00+00:00
OOS Start Bar Index: 5692 | Time: 2023-10-16 18:00:00+00:00
ADF Test Result: p-value=0.5419 (Required < 0.10) | OLS Beta: 0.4015
Filter ON: Spread not stationary (p-value too high). Skipping optimization and OOS test.

--- Window 62 Boundary Check ---
IS Period RTH Bars: 228. Start: 2023-09-13 18:00:00+00:00 | End: 2023-11-06 18:00:00+00:00
OOS Start Bar Index: 5782 | Time: 2023-11-06 19:00:00+00:00
ADF Test Result: p-value=0.8385 (Required < 0.10) | OLS Beta: 0.7489
Filter ON: Spread not stationary (p-value too high). Skipping optimization and OOS test.

--- Window 63 Boundary Check ---
IS Period RTH Bars: 228. Start: 2023-10-04 18:00:00+00:00 | End: 2023-11-28 20:00:00+00:00
OOS Start Bar Index: 5872 | Time: 2023-11-29 15:00:00+00:00
ADF Test Result: p-value=0.2541 (Required < 0.10) | OLS Beta: 0.4557
Filter ON: Spread not stationary (p-value too high). Skipping optimization and OOS test.

--- Window 64 Boundary Check ---
IS Period RTH Bars: 228. Start: 2023-10-25 18:00:00+00:00 | End: 2023-12-19 20:00:00+00:00
OOS Start Bar Index: 5962 | Time: 2023-12-20 15:00:00+00:00
ADF Test Result: p-value=0.2071 (Required < 0.10) | OLS Beta: 0.6502
Filter ON: Spread not stationary (p-value too high). Skipping optimization and OOS test.

--- Window 65 Boundary Check ---
IS Period RTH Bars: 228. Start: 2023-11-15 19:00:00+00:00 | End: 2024-01-11 20:00:00+00:00
OOS Start Bar Index: 6052 | Time: 2024-01-12 15:00:00+00:00
ADF Test Result: p-value=0.3755 (Required < 0.10) | OLS Beta: 0.5136
Filter ON: Spread not stationary (p-value too high). Skipping optimization and OOS test.

--- Window 66 Boundary Check ---
IS Period RTH Bars: 228. Start: 2023-12-08 15:00:00+00:00 | End: 2024-02-02 20:00:00+00:00
OOS Start Bar Index: 6142 | Time: 2024-02-05 15:00:00+00:00
ADF Test Result: p-value=0.1618 (Required < 0.10) | OLS Beta: 0.4689
Filter ON: Spread not stationary (p-value too high). Skipping optimization and OOS test.

--- Window 67 Boundary Check ---
IS Period RTH Bars: 228. Start: 2024-01-02 15:00:00+00:00 | End: 2024-02-26 20:00:00+00:00
OOS Start Bar Index: 6232 | Time: 2024-02-27 15:00:00+00:00
ADF Test Result: p-value=0.9357 (Required < 0.10) | OLS Beta: 0.3354
Filter ON: Spread not stationary (p-value too high). Skipping optimization and OOS test.

--- Window 68 Boundary Check ---
IS Period RTH Bars: 228. Start: 2024-01-24 15:00:00+00:00 | End: 2024-03-18 19:00:00+00:00
OOS Start Bar Index: 6322 | Time: 2024-03-19 14:00:00+00:00
ADF Test Result: p-value=0.0759 (Required < 0.10) | OLS Beta: 1.1522
Filter OFF: Spread is stationary. Proceeding with optimization.
IS Optimization Time: 0.02 seconds.
Optimal Params (Sharpe=2.5752, Calmar=0.0000): Z_E=2.9, Z_X=1.3, Z_SL=3.3
📊 Persistence: Saved 205 PnL points to wfa_outputs\oos_equity_curve_FIS_KEY_1h_20251107_190728_0.1.csv
OOS Period (2024-03-19 14:00:00+00:00 to 2024-04-09 19:00:00+00:00): PnL: $0.00 | Sharpe: 0.0000 | Calmar: 0.0000 | Trades: 0

--- Window 69 Boundary Check ---
IS Period RTH Bars: 228. Start: 2024-02-14 15:00:00+00:00 | End: 2024-04-09 19:00:00+00:00
OOS Start Bar Index: 6412 | Time: 2024-04-10 14:00:00+00:00
ADF Test Result: p-value=0.1050 (Required < 0.10) | OLS Beta: 1.1857
Filter ON: Spread not stationary (p-value too high). Skipping optimization and OOS test.

--- Window 70 Boundary Check ---
IS Period RTH Bars: 228. Start: 2024-03-07 15:00:00+00:00 | End: 2024-04-30 19:00:00+00:00
OOS Start Bar Index: 6502 | Time: 2024-05-01 14:00:00+00:00
ADF Test Result: p-value=0.3352 (Required < 0.10) | OLS Beta: 0.5668
Filter ON: Spread not stationary (p-value too high). Skipping optimization and OOS test.

--- Window 71 Boundary Check ---
IS Period RTH Bars: 228. Start: 2024-03-28 14:00:00+00:00 | End: 2024-05-21 19:00:00+00:00
OOS Start Bar Index: 6592 | Time: 2024-05-22 14:00:00+00:00
ADF Test Result: p-value=0.4423 (Required < 0.10) | OLS Beta: 0.9951
Filter ON: Spread not stationary (p-value too high). Skipping optimization and OOS test.

--- Window 72 Boundary Check ---
IS Period RTH Bars: 228. Start: 2024-04-19 14:00:00+00:00 | End: 2024-06-12 19:00:00+00:00
OOS Start Bar Index: 6682 | Time: 2024-06-13 14:00:00+00:00
ADF Test Result: p-value=0.6842 (Required < 0.10) | OLS Beta: -0.0649
Filter ON: Spread not stationary (p-value too high). Skipping optimization and OOS test.

--- Window 73 Boundary Check ---
IS Period RTH Bars: 228. Start: 2024-05-10 14:00:00+00:00 | End: 2024-07-08 15:00:00+00:00
OOS Start Bar Index: 6772 | Time: 2024-07-08 16:00:00+00:00
ADF Test Result: p-value=0.0118 (Required < 0.10) | OLS Beta: 0.1184
Filter OFF: Spread is stationary. Proceeding with optimization.
IS Optimization Time: 0.02 seconds.
Optimal Params (Sharpe=5.1521, Calmar=2589.7940): Z_E=2.1, Z_X=0.9, Z_SL=3.3
📊 Persistence: Saved 207 PnL points to wfa_outputs\oos_equity_curve_FIS_KEY_1h_20251107_190728_0.1.csv
OOS Period (2024-07-08 16:00:00+00:00 to 2024-07-29 15:00:00+00:00): PnL: $315.44 | Sharpe: 4.2621 | Calmar: 0.0000 | Trades: 2

--- Window 74 Boundary Check ---
IS Period RTH Bars: 228. Start: 2024-06-03 14:00:00+00:00 | End: 2024-07-29 15:00:00+00:00
OOS Start Bar Index: 6862 | Time: 2024-07-29 16:00:00+00:00
ADF Test Result: p-value=0.0222 (Required < 0.10) | OLS Beta: 0.0062
Filter OFF: Spread is stationary. Proceeding with optimization.
IS Optimization Time: 0.02 seconds.
Optimal Params (Sharpe=5.3200, Calmar=123.5568): Z_E=2.1, Z_X=1.1, Z_SL=3.3
📊 Persistence: Saved 209 PnL points to wfa_outputs\oos_equity_curve_FIS_KEY_1h_20251107_190728_0.1.csv
OOS Period (2024-07-29 16:00:00+00:00 to 2024-08-19 15:00:00+00:00): PnL: $264.12 | Sharpe: 2.2204 | Calmar: 30.7279 | Trades: 2

--- Window 75 Boundary Check ---
IS Period RTH Bars: 228. Start: 2024-06-25 14:00:00+00:00 | End: 2024-08-19 15:00:00+00:00
OOS Start Bar Index: 6952 | Time: 2024-08-19 16:00:00+00:00
ADF Test Result: p-value=0.0972 (Required < 0.10) | OLS Beta: 0.1662
Filter OFF: Spread is stationary. Proceeding with optimization.
IS Optimization Time: 0.02 seconds.
Optimal Params (Sharpe=5.0395, Calmar=175.9715): Z_E=2.1, Z_X=0.3, Z_SL=3.3
📊 Persistence: Saved 233 PnL points to wfa_outputs\oos_equity_curve_FIS_KEY_1h_20251107_190728_0.1.csv
OOS Period (2024-08-19 16:00:00+00:00 to 2024-09-10 15:00:00+00:00): PnL: $-223.79 | Sharpe: -5.0361 | Calmar: -12.6015 | Trades: 24

--- Window 76 Boundary Check ---
IS Period RTH Bars: 228. Start: 2024-07-17 16:00:00+00:00 | End: 2024-09-10 15:00:00+00:00
OOS Start Bar Index: 7042 | Time: 2024-09-10 16:00:00+00:00
ADF Test Result: p-value=0.8696 (Required < 0.10) | OLS Beta: 0.4101
Filter ON: Spread not stationary (p-value too high). Skipping optimization and OOS test.

--- Window 77 Boundary Check ---
IS Period RTH Bars: 228. Start: 2024-08-07 16:00:00+00:00 | End: 2024-10-01 15:00:00+00:00
OOS Start Bar Index: 7132 | Time: 2024-10-01 16:00:00+00:00
ADF Test Result: p-value=0.7516 (Required < 0.10) | OLS Beta: 0.4609
Filter ON: Spread not stationary (p-value too high). Skipping optimization and OOS test.

--- Window 78 Boundary Check ---
IS Period RTH Bars: 228. Start: 2024-08-28 16:00:00+00:00 | End: 2024-10-22 15:00:00+00:00
OOS Start Bar Index: 7222 | Time: 2024-10-22 16:00:00+00:00
ADF Test Result: p-value=0.5092 (Required < 0.10) | OLS Beta: 0.7173
Filter ON: Spread not stationary (p-value too high). Skipping optimization and OOS test.

--- Window 79 Boundary Check ---
IS Period RTH Bars: 228. Start: 2024-09-19 16:00:00+00:00 | End: 2024-11-12 16:00:00+00:00
OOS Start Bar Index: 7312 | Time: 2024-11-12 17:00:00+00:00
ADF Test Result: p-value=0.4942 (Required < 0.10) | OLS Beta: 0.3008
Filter ON: Spread not stationary (p-value too high). Skipping optimization and OOS test.

--- Window 80 Boundary Check ---
IS Period RTH Bars: 228. Start: 2024-10-10 16:00:00+00:00 | End: 2024-12-04 18:00:00+00:00
OOS Start Bar Index: 7402 | Time: 2024-12-04 19:00:00+00:00
ADF Test Result: p-value=0.0152 (Required < 0.10) | OLS Beta: -0.2845
Filter OFF: Spread is stationary. Proceeding with optimization.
IS Optimization Time: 0.02 seconds.
Optimal Params (Sharpe=2.8587, Calmar=220.1444): Z_E=2.5, Z_X=0.7, Z_SL=3.3
📊 Persistence: Saved 251 PnL points to wfa_outputs\oos_equity_curve_FIS_KEY_1h_20251107_190728_0.1.csv
OOS Period (2024-12-04 19:00:00+00:00 to 2024-12-26 20:00:00+00:00): PnL: $-59.91 | Sharpe: -1.7943 | Calmar: -5.4245 | Trades: 18

--- Window 81 Boundary Check ---
IS Period RTH Bars: 228. Start: 2024-10-31 16:00:00+00:00 | End: 2024-12-26 20:00:00+00:00
OOS Start Bar Index: 7492 | Time: 2024-12-27 15:00:00+00:00
ADF Test Result: p-value=0.1248 (Required < 0.10) | OLS Beta: 0.1647
Filter ON: Spread not stationary (p-value too high). Skipping optimization and OOS test.

############################################################
📈 OVERALL SIMULATION PERFORMANCE (Walk-Forward Test)
############################################################
Timeframe Used: 1Hour, Value: 1
ADF Cointegration Filter Threshold: 0.1
Total OOS Windows Tested: 81
Total Trades Executed: 251
--- Final Performance Metrics ---
Total PnL: $400.06
Overall Sharpe Ratio (Annualized): 0.0397
Overall Calmar Ratio (Annualized): 0.0065
Maximum Dollar Drawdown (MDD): $2,346.92

--- Execution Time ---
Total Elapsed Time: 35.60 seconds
############################################################
[0m