--- Dynamic Timeframe Configuration ---
TimeFrame Selected: 1Min, Value: 1
Bars per Trading Day: 390
Annualization Factor (Bars/Year): 98280
Statistical Lookback Bars: 2184
Optimization Lookback Bars: 19032
---------------------------------------
--- Diagnostic Check ---
API Key ID Length: 26
API Secret Key Length: 44
StockHistoricalDataClient initialized successfully. Starting data fetch...
--------------------------
Pre-compiling Numba function for first run optimization...
Numba pre-compilation complete.
Fetching data from 2020-01-08 to 2025-01-06...
Fetching 1Min data for ORCL...
Fetching 1Min data for IBM...
Data acquired successfully. Total 1Min RTH bars: 486378
Skipping full pre-calculation. Metrics will be calculated inside the WFA loop.

============================================================
📈 Starting Rolling Backtest: IS Optimization Window=19032 bars, Shift=15 days
   Data already processed with Statistical Rolling Window: 2184 bars
   ADF Cointegration Filter: p-value < 0.05
============================================================

--- Window 1 Boundary Check ---
IS Period RTH Bars: 14666. Start: 2020-01-24 15:47:00+00:00 | End: 2020-03-18 19:53:00+00:00
OOS Start Bar Index: 19032 | Time: 2020-03-18 19:54:00+00:00
ADF Test Result: p-value=0.0120 (Required < 0.05) | OLS Beta: 0.5765
Filter OFF: Spread is stationary. Proceeding with optimization.
IS Optimization Time: 0.14 seconds.
Optimal Params (Sharpe=0.2205, Calmar=0.5907): Z_E=2.5, Z_X=0.7, Z_SL=4.5
📊 Persistence: Saved 8 PnL points to wfa_outputs\oos_equity_curve_ORCL_IBM_1m_20251105_170759_0.05.csv
OOS Period (2020-03-18 19:54:00+00:00 to 2020-04-08 19:53:00+00:00): PnL: $-187.26 | Sharpe: -2.6002 | Calmar: -8.2989 | Trades: 8

--- Window 2 Boundary Check ---
IS Period RTH Bars: 14666. Start: 2020-02-14 15:49:00+00:00 | End: 2020-04-08 19:53:00+00:00
OOS Start Bar Index: 24882 | Time: 2020-04-08 19:54:00+00:00
ADF Test Result: p-value=0.1454 (Required < 0.05) | OLS Beta: 0.3944
Filter ON: Spread not stationary (p-value too high). Skipping optimization and OOS test.

--- Window 3 Boundary Check ---
IS Period RTH Bars: 14666. Start: 2020-03-09 15:07:00+00:00 | End: 2020-04-30 19:53:00+00:00
OOS Start Bar Index: 30732 | Time: 2020-04-30 19:54:00+00:00
ADF Test Result: p-value=0.0419 (Required < 0.05) | OLS Beta: 0.7126
Filter OFF: Spread is stationary. Proceeding with optimization.
IS Optimization Time: 0.21 seconds.
Optimal Params (Sharpe=2.6950, Calmar=21.7289): Z_E=2.7, Z_X=0.9, Z_SL=3.6
📊 Persistence: Saved 8 PnL points to wfa_outputs\oos_equity_curve_ORCL_IBM_1m_20251105_170759_0.05.csv
OOS Period (2020-04-30 19:54:00+00:00 to 2020-05-21 19:53:00+00:00): PnL: $0.00 | Sharpe: 0.0000 | Calmar: 0.0000 | Trades: 0

--- Window 4 Boundary Check ---
IS Period RTH Bars: 14666. Start: 2020-03-30 15:58:00+00:00 | End: 2020-05-21 19:53:00+00:00
OOS Start Bar Index: 36582 | Time: 2020-05-21 19:54:00+00:00
ADF Test Result: p-value=0.1697 (Required < 0.05) | OLS Beta: 0.5288
Filter ON: Spread not stationary (p-value too high). Skipping optimization and OOS test.

--- Window 5 Boundary Check ---
IS Period RTH Bars: 14666. Start: 2020-04-21 15:58:00+00:00 | End: 2020-06-12 19:54:00+00:00
OOS Start Bar Index: 42432 | Time: 2020-06-12 19:55:00+00:00
ADF Test Result: p-value=0.0121 (Required < 0.05) | OLS Beta: 0.3145
Filter OFF: Spread is stationary. Proceeding with optimization.
IS Optimization Time: 0.15 seconds.
Optimal Params (Sharpe=4.2108, Calmar=33.0016): Z_E=2.3, Z_X=0.9, Z_SL=3.6
📊 Persistence: Saved 1705 PnL points to wfa_outputs\oos_equity_curve_ORCL_IBM_1m_20251105_170759_0.05.csv
OOS Period (2020-06-12 19:55:00+00:00 to 2020-07-06 19:55:00+00:00): PnL: $353.19 | Sharpe: 4.6270 | Calmar: 40.3992 | Trades: 1697

--- Window 6 Boundary Check ---
IS Period RTH Bars: 14666. Start: 2020-05-12 15:58:00+00:00 | End: 2020-07-06 19:55:00+00:00
OOS Start Bar Index: 48282 | Time: 2020-07-06 19:56:00+00:00
ADF Test Result: p-value=0.5337 (Required < 0.05) | OLS Beta: 0.0584
Filter ON: Spread not stationary (p-value too high). Skipping optimization and OOS test.

--- Window 7 Boundary Check ---
IS Period RTH Bars: 14666. Start: 2020-06-03 15:59:00+00:00 | End: 2020-07-27 19:56:00+00:00
OOS Start Bar Index: 54132 | Time: 2020-07-27 19:57:00+00:00
ADF Test Result: p-value=0.2821 (Required < 0.05) | OLS Beta: -0.1455
Filter ON: Spread not stationary (p-value too high). Skipping optimization and OOS test.

--- Window 8 Boundary Check ---
IS Period RTH Bars: 14666. Start: 2020-06-24 15:59:00+00:00 | End: 2020-08-17 19:57:00+00:00
OOS Start Bar Index: 59982 | Time: 2020-08-17 19:58:00+00:00
ADF Test Result: p-value=0.2830 (Required < 0.05) | OLS Beta: -0.0955
Filter ON: Spread not stationary (p-value too high). Skipping optimization and OOS test.

--- Window 9 Boundary Check ---
IS Period RTH Bars: 14666. Start: 2020-07-16 16:00:00+00:00 | End: 2020-09-08 19:57:00+00:00
OOS Start Bar Index: 65832 | Time: 2020-09-08 19:58:00+00:00
ADF Test Result: p-value=0.1967 (Required < 0.05) | OLS Beta: 0.1443
Filter ON: Spread not stationary (p-value too high). Skipping optimization and OOS test.

--- Window 10 Boundary Check ---
IS Period RTH Bars: 14666. Start: 2020-08-06 16:01:00+00:00 | End: 2020-09-30 14:15:00+00:00
OOS Start Bar Index: 71682 | Time: 2020-09-30 14:16:00+00:00
ADF Test Result: p-value=0.0581 (Required < 0.05) | OLS Beta: -1.0409
Filter ON: Spread not stationary (p-value too high). Skipping optimization and OOS test.

--- Window 11 Boundary Check ---
IS Period RTH Bars: 14666. Start: 2020-08-27 16:02:00+00:00 | End: 2020-10-21 14:18:00+00:00
OOS Start Bar Index: 77532 | Time: 2020-10-21 14:19:00+00:00
ADF Test Result: p-value=0.1383 (Required < 0.05) | OLS Beta: 0.2690
Filter ON: Spread not stationary (p-value too high). Skipping optimization and OOS test.

--- Window 12 Boundary Check ---
IS Period RTH Bars: 14666. Start: 2020-09-18 16:49:00+00:00 | End: 2020-11-11 15:20:00+00:00
OOS Start Bar Index: 83382 | Time: 2020-11-11 15:21:00+00:00
ADF Test Result: p-value=0.0210 (Required < 0.05) | OLS Beta: 0.4979
Filter OFF: Spread is stationary. Proceeding with optimization.
IS Optimization Time: 0.14 seconds.
Optimal Params (Sharpe=5.9498, Calmar=36.8343): Z_E=1.9, Z_X=0.3, Z_SL=3.3
📊 Persistence: Saved 2661 PnL points to wfa_outputs\oos_equity_curve_ORCL_IBM_1m_20251105_170759_0.05.csv
OOS Period (2020-11-11 15:21:00+00:00 to 2020-12-03 18:19:00+00:00): PnL: $-32.62 | Sharpe: -0.5248 | Calmar: -1.9511 | Trades: 956

--- Window 13 Boundary Check ---
IS Period RTH Bars: 14666. Start: 2020-10-09 16:53:00+00:00 | End: 2020-12-03 18:19:00+00:00
OOS Start Bar Index: 89232 | Time: 2020-12-03 18:20:00+00:00
ADF Test Result: p-value=0.3314 (Required < 0.05) | OLS Beta: 0.3580
Filter ON: Spread not stationary (p-value too high). Skipping optimization and OOS test.

--- Window 14 Boundary Check ---
IS Period RTH Bars: 14666. Start: 2020-10-30 16:54:00+00:00 | End: 2020-12-28 14:49:00+00:00
OOS Start Bar Index: 95082 | Time: 2020-12-28 14:50:00+00:00
ADF Test Result: p-value=0.9591 (Required < 0.05) | OLS Beta: 0.7546
Filter ON: Spread not stationary (p-value too high). Skipping optimization and OOS test.

--- Window 15 Boundary Check ---
IS Period RTH Bars: 14666. Start: 2020-11-20 17:56:00+00:00 | End: 2021-01-20 14:49:00+00:00
OOS Start Bar Index: 100932 | Time: 2021-01-20 14:50:00+00:00
ADF Test Result: p-value=0.7252 (Required < 0.05) | OLS Beta: 0.8432
Filter ON: Spread not stationary (p-value too high). Skipping optimization and OOS test.

--- Window 16 Boundary Check ---
IS Period RTH Bars: 14666. Start: 2020-12-14 20:55:00+00:00 | End: 2021-02-10 14:49:00+00:00
OOS Start Bar Index: 106782 | Time: 2021-02-10 14:50:00+00:00
ADF Test Result: p-value=0.4122 (Required < 0.05) | OLS Beta: 0.0977
Filter ON: Spread not stationary (p-value too high). Skipping optimization and OOS test.

--- Window 17 Boundary Check ---
IS Period RTH Bars: 14666. Start: 2021-01-07 17:24:00+00:00 | End: 2021-03-04 14:53:00+00:00
OOS Start Bar Index: 112632 | Time: 2021-03-04 14:54:00+00:00
ADF Test Result: p-value=0.8693 (Required < 0.05) | OLS Beta: 0.0277
Filter ON: Spread not stationary (p-value too high). Skipping optimization and OOS test.

--- Window 18 Boundary Check ---
IS Period RTH Bars: 14666. Start: 2021-01-29 17:24:00+00:00 | End: 2021-03-25 13:53:00+00:00
OOS Start Bar Index: 118482 | Time: 2021-03-25 13:54:00+00:00
ADF Test Result: p-value=0.2207 (Required < 0.05) | OLS Beta: 0.8489
Filter ON: Spread not stationary (p-value too high). Skipping optimization and OOS test.

--- Window 19 Boundary Check ---
IS Period RTH Bars: 14666. Start: 2021-02-22 17:24:00+00:00 | End: 2021-04-16 13:53:00+00:00
OOS Start Bar Index: 124332 | Time: 2021-04-16 13:54:00+00:00
ADF Test Result: p-value=0.7723 (Required < 0.05) | OLS Beta: 0.9006
Filter ON: Spread not stationary (p-value too high). Skipping optimization and OOS test.

--- Window 20 Boundary Check ---
IS Period RTH Bars: 14666. Start: 2021-03-15 16:28:00+00:00 | End: 2021-05-10 13:57:00+00:00
OOS Start Bar Index: 130182 | Time: 2021-05-10 13:58:00+00:00
ADF Test Result: p-value=0.6748 (Required < 0.05) | OLS Beta: 1.0425
Filter ON: Spread not stationary (p-value too high). Skipping optimization and OOS test.

--- Window 21 Boundary Check ---
IS Period RTH Bars: 14666. Start: 2021-04-06 16:28:00+00:00 | End: 2021-06-01 13:59:00+00:00
OOS Start Bar Index: 136032 | Time: 2021-06-01 14:00:00+00:00
ADF Test Result: p-value=0.3489 (Required < 0.05) | OLS Beta: 0.3454
Filter ON: Spread not stationary (p-value too high). Skipping optimization and OOS test.

--- Window 22 Boundary Check ---
IS Period RTH Bars: 14666. Start: 2021-04-28 16:27:00+00:00 | End: 2021-06-22 13:59:00+00:00
OOS Start Bar Index: 141882 | Time: 2021-06-22 14:00:00+00:00
ADF Test Result: p-value=0.0528 (Required < 0.05) | OLS Beta: 1.2712
Filter ON: Spread not stationary (p-value too high). Skipping optimization and OOS test.

--- Window 23 Boundary Check ---
IS Period RTH Bars: 14666. Start: 2021-05-19 16:32:00+00:00 | End: 2021-07-14 14:01:00+00:00
OOS Start Bar Index: 147732 | Time: 2021-07-14 14:02:00+00:00
ADF Test Result: p-value=0.7322 (Required < 0.05) | OLS Beta: -0.4420
Filter ON: Spread not stationary (p-value too high). Skipping optimization and OOS test.

--- Window 24 Boundary Check ---
IS Period RTH Bars: 14666. Start: 2021-06-10 16:34:00+00:00 | End: 2021-08-04 14:03:00+00:00
OOS Start Bar Index: 153582 | Time: 2021-08-04 14:04:00+00:00
ADF Test Result: p-value=0.2338 (Required < 0.05) | OLS Beta: -1.5293
Filter ON: Spread not stationary (p-value too high). Skipping optimization and OOS test.

--- Window 25 Boundary Check ---
IS Period RTH Bars: 14666. Start: 2021-07-01 16:36:00+00:00 | End: 2021-08-25 14:08:00+00:00
OOS Start Bar Index: 159432 | Time: 2021-08-25 14:09:00+00:00
ADF Test Result: p-value=0.0000 (Required < 0.05) | OLS Beta: 0.6081
Filter OFF: Spread is stationary. Proceeding with optimization.
IS Optimization Time: 0.15 seconds.
Optimal Params (Sharpe=2.4498, Calmar=11.7638): Z_E=3.1, Z_X=0.9, Z_SL=3.3
📊 Persistence: Saved 2661 PnL points to wfa_outputs\oos_equity_curve_ORCL_IBM_1m_20251105_170759_0.05.csv
OOS Period (2021-08-25 14:09:00+00:00 to 2021-09-16 14:15:00+00:00): PnL: $0.00 | Sharpe: 0.0000 | Calmar: 0.0000 | Trades: 0

--- Window 26 Boundary Check ---
IS Period RTH Bars: 14666. Start: 2021-07-23 16:37:00+00:00 | End: 2021-09-16 14:15:00+00:00
OOS Start Bar Index: 165282 | Time: 2021-09-16 14:16:00+00:00
ADF Test Result: p-value=0.0508 (Required < 0.05) | OLS Beta: 0.4481
Filter ON: Spread not stationary (p-value too high). Skipping optimization and OOS test.

--- Window 27 Boundary Check ---
IS Period RTH Bars: 14666. Start: 2021-08-13 16:38:00+00:00 | End: 2021-10-07 14:15:00+00:00
OOS Start Bar Index: 171132 | Time: 2021-10-07 14:16:00+00:00
ADF Test Result: p-value=0.0636 (Required < 0.05) | OLS Beta: 0.5691
Filter ON: Spread not stationary (p-value too high). Skipping optimization and OOS test.

--- Window 28 Boundary Check ---
IS Period RTH Bars: 14666. Start: 2021-09-03 16:49:00+00:00 | End: 2021-10-29 14:15:00+00:00
OOS Start Bar Index: 176982 | Time: 2021-10-29 14:16:00+00:00
ADF Test Result: p-value=0.7847 (Required < 0.05) | OLS Beta: -0.1114
Filter ON: Spread not stationary (p-value too high). Skipping optimization and OOS test.

--- Window 29 Boundary Check ---
IS Period RTH Bars: 14666. Start: 2021-09-27 16:50:00+00:00 | End: 2021-11-19 15:15:00+00:00
OOS Start Bar Index: 182832 | Time: 2021-11-19 15:16:00+00:00
ADF Test Result: p-value=0.3342 (Required < 0.05) | OLS Beta: -0.1282
Filter ON: Spread not stationary (p-value too high). Skipping optimization and OOS test.

--- Window 30 Boundary Check ---
IS Period RTH Bars: 14666. Start: 2021-10-18 16:51:00+00:00 | End: 2021-12-13 18:12:00+00:00
OOS Start Bar Index: 188682 | Time: 2021-12-13 18:13:00+00:00
ADF Test Result: p-value=0.2039 (Required < 0.05) | OLS Beta: 0.2853
Filter ON: Spread not stationary (p-value too high). Skipping optimization and OOS test.

--- Window 31 Boundary Check ---
IS Period RTH Bars: 14666. Start: 2021-11-09 17:50:00+00:00 | End: 2022-01-04 18:12:00+00:00
OOS Start Bar Index: 194532 | Time: 2022-01-04 18:13:00+00:00
ADF Test Result: p-value=0.2282 (Required < 0.05) | OLS Beta: -0.3208
Filter ON: Spread not stationary (p-value too high). Skipping optimization and OOS test.

--- Window 32 Boundary Check ---
IS Period RTH Bars: 14666. Start: 2021-12-01 20:47:00+00:00 | End: 2022-01-27 16:57:00+00:00
OOS Start Bar Index: 200382 | Time: 2022-01-27 16:58:00+00:00
ADF Test Result: p-value=0.3085 (Required < 0.05) | OLS Beta: -0.6771
Filter ON: Spread not stationary (p-value too high). Skipping optimization and OOS test.

--- Window 33 Boundary Check ---
IS Period RTH Bars: 14666. Start: 2021-12-22 20:47:00+00:00 | End: 2022-02-17 16:57:00+00:00
OOS Start Bar Index: 206232 | Time: 2022-02-17 16:58:00+00:00
ADF Test Result: p-value=0.8296 (Required < 0.05) | OLS Beta: 0.1575
Filter ON: Spread not stationary (p-value too high). Skipping optimization and OOS test.

--- Window 34 Boundary Check ---
IS Period RTH Bars: 14666. Start: 2022-01-13 20:47:00+00:00 | End: 2022-03-14 15:57:00+00:00
OOS Start Bar Index: 212082 | Time: 2022-03-14 15:58:00+00:00
ADF Test Result: p-value=0.0415 (Required < 0.05) | OLS Beta: 0.9653
Filter OFF: Spread is stationary. Proceeding with optimization.
IS Optimization Time: 0.16 seconds.
Optimal Params (Sharpe=5.3427, Calmar=50.1117): Z_E=2.9, Z_X=1.3, Z_SL=4.5
📊 Persistence: Saved 2661 PnL points to wfa_outputs\oos_equity_curve_ORCL_IBM_1m_20251105_170759_0.05.csv
OOS Period (2022-03-14 15:58:00+00:00 to 2022-04-04 15:59:00+00:00): PnL: $0.00 | Sharpe: 0.0000 | Calmar: 0.0000 | Trades: 0

--- Window 35 Boundary Check ---
IS Period RTH Bars: 14666. Start: 2022-02-07 19:32:00+00:00 | End: 2022-04-04 15:59:00+00:00
OOS Start Bar Index: 217932 | Time: 2022-04-04 16:00:00+00:00
ADF Test Result: p-value=0.2210 (Required < 0.05) | OLS Beta: 1.0089
Filter ON: Spread not stationary (p-value too high). Skipping optimization and OOS test.

--- Window 36 Boundary Check ---
IS Period RTH Bars: 14666. Start: 2022-03-01 19:32:00+00:00 | End: 2022-04-26 15:59:00+00:00
OOS Start Bar Index: 223782 | Time: 2022-04-26 16:00:00+00:00
ADF Test Result: p-value=0.6552 (Required < 0.05) | OLS Beta: 0.2343
Filter ON: Spread not stationary (p-value too high). Skipping optimization and OOS test.

--- Window 37 Boundary Check ---
IS Period RTH Bars: 14666. Start: 2022-03-23 18:33:00+00:00 | End: 2022-05-17 16:00:00+00:00
OOS Start Bar Index: 229632 | Time: 2022-05-17 16:01:00+00:00
ADF Test Result: p-value=0.4542 (Required < 0.05) | OLS Beta: -0.9573
Filter ON: Spread not stationary (p-value too high). Skipping optimization and OOS test.

--- Window 38 Boundary Check ---
IS Period RTH Bars: 14666. Start: 2022-04-13 18:34:00+00:00 | End: 2022-06-08 16:04:00+00:00
OOS Start Bar Index: 235482 | Time: 2022-06-08 16:05:00+00:00
ADF Test Result: p-value=0.3524 (Required < 0.05) | OLS Beta: -0.1010
Filter ON: Spread not stationary (p-value too high). Skipping optimization and OOS test.

--- Window 39 Boundary Check ---
IS Period RTH Bars: 14666. Start: 2022-05-05 18:34:00+00:00 | End: 2022-06-30 16:04:00+00:00
OOS Start Bar Index: 241332 | Time: 2022-06-30 16:05:00+00:00
ADF Test Result: p-value=0.0641 (Required < 0.05) | OLS Beta: 0.2882
Filter ON: Spread not stationary (p-value too high). Skipping optimization and OOS test.

--- Window 40 Boundary Check ---
IS Period RTH Bars: 14666. Start: 2022-05-26 18:36:00+00:00 | End: 2022-07-22 16:05:00+00:00
OOS Start Bar Index: 247182 | Time: 2022-07-22 16:06:00+00:00
ADF Test Result: p-value=0.1972 (Required < 0.05) | OLS Beta: -0.0685
Filter ON: Spread not stationary (p-value too high). Skipping optimization and OOS test.

--- Window 41 Boundary Check ---
IS Period RTH Bars: 14666. Start: 2022-06-17 18:39:00+00:00 | End: 2022-08-12 16:07:00+00:00
OOS Start Bar Index: 253032 | Time: 2022-08-12 16:08:00+00:00
ADF Test Result: p-value=0.3789 (Required < 0.05) | OLS Beta: -0.8813
Filter ON: Spread not stationary (p-value too high). Skipping optimization and OOS test.

--- Window 42 Boundary Check ---
IS Period RTH Bars: 14666. Start: 2022-07-12 18:39:00+00:00 | End: 2022-09-02 16:09:00+00:00
OOS Start Bar Index: 258882 | Time: 2022-09-02 16:10:00+00:00
ADF Test Result: p-value=0.3121 (Required < 0.05) | OLS Beta: 0.1175
Filter ON: Spread not stationary (p-value too high). Skipping optimization and OOS test.

--- Window 43 Boundary Check ---
IS Period RTH Bars: 14666. Start: 2022-08-02 18:42:00+00:00 | End: 2022-09-26 16:09:00+00:00
OOS Start Bar Index: 264732 | Time: 2022-09-26 16:10:00+00:00
ADF Test Result: p-value=0.7280 (Required < 0.05) | OLS Beta: 1.5224
Filter ON: Spread not stationary (p-value too high). Skipping optimization and OOS test.

--- Window 44 Boundary Check ---
IS Period RTH Bars: 14666. Start: 2022-08-23 18:44:00+00:00 | End: 2022-10-17 16:10:00+00:00
OOS Start Bar Index: 270582 | Time: 2022-10-17 16:11:00+00:00
ADF Test Result: p-value=0.3117 (Required < 0.05) | OLS Beta: 2.0171
Filter ON: Spread not stationary (p-value too high). Skipping optimization and OOS test.

--- Window 45 Boundary Check ---
IS Period RTH Bars: 14666. Start: 2022-09-14 18:44:00+00:00 | End: 2022-11-07 17:11:00+00:00
OOS Start Bar Index: 276432 | Time: 2022-11-07 17:12:00+00:00
ADF Test Result: p-value=0.0941 (Required < 0.05) | OLS Beta: 1.4374
Filter ON: Spread not stationary (p-value too high). Skipping optimization and OOS test.

--- Window 46 Boundary Check ---
IS Period RTH Bars: 14666. Start: 2022-10-05 18:45:00+00:00 | End: 2022-11-29 20:09:00+00:00
OOS Start Bar Index: 282282 | Time: 2022-11-29 20:10:00+00:00
ADF Test Result: p-value=0.0444 (Required < 0.05) | OLS Beta: 1.0599
Filter OFF: Spread is stationary. Proceeding with optimization.
IS Optimization Time: 0.13 seconds.
Optimal Params (Sharpe=7.2271, Calmar=153.9579): Z_E=2.3, Z_X=1.5, Z_SL=3.6
📊 Persistence: Saved 2664 PnL points to wfa_outputs\oos_equity_curve_ORCL_IBM_1m_20251105_170759_0.05.csv
OOS Period (2022-11-29 20:10:00+00:00 to 2022-12-20 20:11:00+00:00): PnL: $148.08 | Sharpe: 5.5283 | Calmar: 497.9728 | Trades: 3

--- Window 47 Boundary Check ---
IS Period RTH Bars: 14666. Start: 2022-10-26 18:45:00+00:00 | End: 2022-12-20 20:11:00+00:00
OOS Start Bar Index: 288132 | Time: 2022-12-20 20:12:00+00:00
ADF Test Result: p-value=0.2245 (Required < 0.05) | OLS Beta: 0.6622
Filter ON: Spread not stationary (p-value too high). Skipping optimization and OOS test.

--- Window 48 Boundary Check ---
IS Period RTH Bars: 14666. Start: 2022-11-16 19:46:00+00:00 | End: 2023-01-12 20:16:00+00:00
OOS Start Bar Index: 293982 | Time: 2023-01-12 20:17:00+00:00
ADF Test Result: p-value=0.8419 (Required < 0.05) | OLS Beta: -0.0148
Filter ON: Spread not stationary (p-value too high). Skipping optimization and OOS test.

--- Window 49 Boundary Check ---
IS Period RTH Bars: 14666. Start: 2022-12-09 16:15:00+00:00 | End: 2023-02-03 20:18:00+00:00
OOS Start Bar Index: 299832 | Time: 2023-02-03 20:19:00+00:00
ADF Test Result: p-value=0.5514 (Required < 0.05) | OLS Beta: -0.5053
Filter ON: Spread not stationary (p-value too high). Skipping optimization and OOS test.

--- Window 50 Boundary Check ---
IS Period RTH Bars: 14666. Start: 2023-01-03 16:21:00+00:00 | End: 2023-02-27 20:20:00+00:00
OOS Start Bar Index: 305682 | Time: 2023-02-27 20:21:00+00:00
ADF Test Result: p-value=0.0075 (Required < 0.05) | OLS Beta: -0.1253
Filter OFF: Spread is stationary. Proceeding with optimization.
IS Optimization Time: 0.14 seconds.
Optimal Params (Sharpe=3.4225, Calmar=24.3988): Z_E=2.7, Z_X=0.3, Z_SL=4.8
📊 Persistence: Saved 2665 PnL points to wfa_outputs\oos_equity_curve_ORCL_IBM_1m_20251105_170759_0.05.csv
OOS Period (2023-02-27 20:21:00+00:00 to 2023-03-20 19:21:00+00:00): PnL: $344.29 | Sharpe: 4.0991 | Calmar: 0.0000 | Trades: 1

--- Window 51 Boundary Check ---
IS Period RTH Bars: 14666. Start: 2023-01-25 16:22:00+00:00 | End: 2023-03-20 19:21:00+00:00
OOS Start Bar Index: 311532 | Time: 2023-03-20 19:22:00+00:00
ADF Test Result: p-value=0.0599 (Required < 0.05) | OLS Beta: 0.4557
Filter ON: Spread not stationary (p-value too high). Skipping optimization and OOS test.

--- Window 52 Boundary Check ---
IS Period RTH Bars: 14666. Start: 2023-02-15 16:25:00+00:00 | End: 2023-04-11 19:22:00+00:00
OOS Start Bar Index: 317382 | Time: 2023-04-11 19:23:00+00:00
ADF Test Result: p-value=0.7216 (Required < 0.05) | OLS Beta: 0.7484
Filter ON: Spread not stationary (p-value too high). Skipping optimization and OOS test.

--- Window 53 Boundary Check ---
IS Period RTH Bars: 14666. Start: 2023-03-09 16:26:00+00:00 | End: 2023-05-02 19:24:00+00:00
OOS Start Bar Index: 323232 | Time: 2023-05-02 19:25:00+00:00
ADF Test Result: p-value=0.8083 (Required < 0.05) | OLS Beta: 1.0415
Filter ON: Spread not stationary (p-value too high). Skipping optimization and OOS test.

--- Window 54 Boundary Check ---
IS Period RTH Bars: 14666. Start: 2023-03-30 15:26:00+00:00 | End: 2023-05-23 19:25:00+00:00
OOS Start Bar Index: 329082 | Time: 2023-05-23 19:26:00+00:00
ADF Test Result: p-value=0.3446 (Required < 0.05) | OLS Beta: -0.2407
Filter ON: Spread not stationary (p-value too high). Skipping optimization and OOS test.

--- Window 55 Boundary Check ---
IS Period RTH Bars: 14666. Start: 2023-04-21 15:28:00+00:00 | End: 2023-06-14 19:29:00+00:00
OOS Start Bar Index: 334932 | Time: 2023-06-14 19:30:00+00:00
ADF Test Result: p-value=0.3723 (Required < 0.05) | OLS Beta: 1.5443
Filter ON: Spread not stationary (p-value too high). Skipping optimization and OOS test.

--- Window 56 Boundary Check ---
IS Period RTH Bars: 14666. Start: 2023-05-12 15:29:00+00:00 | End: 2023-07-10 15:58:00+00:00
OOS Start Bar Index: 340782 | Time: 2023-07-10 15:59:00+00:00
ADF Test Result: p-value=0.5182 (Required < 0.05) | OLS Beta: 1.9855
Filter ON: Spread not stationary (p-value too high). Skipping optimization and OOS test.

--- Window 57 Boundary Check ---
IS Period RTH Bars: 14666. Start: 2023-06-05 15:34:00+00:00 | End: 2023-07-31 15:59:00+00:00
OOS Start Bar Index: 346632 | Time: 2023-07-31 16:00:00+00:00
ADF Test Result: p-value=0.1886 (Required < 0.05) | OLS Beta: 0.3435
Filter ON: Spread not stationary (p-value too high). Skipping optimization and OOS test.

--- Window 58 Boundary Check ---
IS Period RTH Bars: 14666. Start: 2023-06-27 15:34:00+00:00 | End: 2023-08-21 16:00:00+00:00
OOS Start Bar Index: 352482 | Time: 2023-08-21 16:01:00+00:00
ADF Test Result: p-value=0.0368 (Required < 0.05) | OLS Beta: -0.1565
Filter OFF: Spread is stationary. Proceeding with optimization.
IS Optimization Time: 0.19 seconds.
Optimal Params (Sharpe=-0.7374, Calmar=-1.7886): Z_E=2.7, Z_X=0.3, Z_SL=3.3
📊 Persistence: Saved 3901 PnL points to wfa_outputs\oos_equity_curve_ORCL_IBM_1m_20251105_170759_0.05.csv
OOS Period (2023-08-21 16:01:00+00:00 to 2023-09-12 16:06:00+00:00): PnL: $316.68 | Sharpe: 2.2753 | Calmar: 14.6407 | Trades: 1236

--- Window 59 Boundary Check ---
IS Period RTH Bars: 14666. Start: 2023-07-19 18:33:00+00:00 | End: 2023-09-12 16:06:00+00:00
OOS Start Bar Index: 358332 | Time: 2023-09-12 16:07:00+00:00
ADF Test Result: p-value=0.0520 (Required < 0.05) | OLS Beta: 0.6993
Filter ON: Spread not stationary (p-value too high). Skipping optimization and OOS test.

--- Window 60 Boundary Check ---
IS Period RTH Bars: 14666. Start: 2023-08-09 18:34:00+00:00 | End: 2023-10-03 16:10:00+00:00
OOS Start Bar Index: 364182 | Time: 2023-10-03 16:11:00+00:00
ADF Test Result: p-value=0.5705 (Required < 0.05) | OLS Beta: 1.1705
Filter ON: Spread not stationary (p-value too high). Skipping optimization and OOS test.

--- Window 61 Boundary Check ---
IS Period RTH Bars: 14666. Start: 2023-08-30 18:38:00+00:00 | End: 2023-10-24 16:11:00+00:00
OOS Start Bar Index: 370032 | Time: 2023-10-24 16:12:00+00:00
ADF Test Result: p-value=0.2117 (Required < 0.05) | OLS Beta: 1.5706
Filter ON: Spread not stationary (p-value too high). Skipping optimization and OOS test.

--- Window 62 Boundary Check ---
IS Period RTH Bars: 14666. Start: 2023-09-21 18:45:00+00:00 | End: 2023-11-14 17:13:00+00:00
OOS Start Bar Index: 375882 | Time: 2023-11-14 17:14:00+00:00
ADF Test Result: p-value=0.6104 (Required < 0.05) | OLS Beta: 0.6052
Filter ON: Spread not stationary (p-value too high). Skipping optimization and OOS test.

--- Window 63 Boundary Check ---
IS Period RTH Bars: 14666. Start: 2023-10-12 18:46:00+00:00 | End: 2023-12-06 20:11:00+00:00
OOS Start Bar Index: 381732 | Time: 2023-12-06 20:12:00+00:00
ADF Test Result: p-value=0.5880 (Required < 0.05) | OLS Beta: 0.7296
Filter ON: Spread not stationary (p-value too high). Skipping optimization and OOS test.

--- Window 64 Boundary Check ---
IS Period RTH Bars: 14666. Start: 2023-11-02 18:47:00+00:00 | End: 2023-12-28 20:13:00+00:00
OOS Start Bar Index: 387582 | Time: 2023-12-28 20:14:00+00:00
ADF Test Result: p-value=0.2686 (Required < 0.05) | OLS Beta: -0.4875
Filter ON: Spread not stationary (p-value too high). Skipping optimization and OOS test.

--- Window 65 Boundary Check ---
IS Period RTH Bars: 14666. Start: 2023-11-27 16:15:00+00:00 | End: 2024-01-22 20:13:00+00:00
OOS Start Bar Index: 393432 | Time: 2024-01-22 20:14:00+00:00
ADF Test Result: p-value=0.6168 (Required < 0.05) | OLS Beta: -0.6047
Filter ON: Spread not stationary (p-value too high). Skipping optimization and OOS test.

--- Window 66 Boundary Check ---
IS Period RTH Bars: 14666. Start: 2023-12-18 16:16:00+00:00 | End: 2024-02-12 20:15:00+00:00
OOS Start Bar Index: 399282 | Time: 2024-02-12 20:16:00+00:00
ADF Test Result: p-value=0.0059 (Required < 0.05) | OLS Beta: 0.6954
Filter OFF: Spread is stationary. Proceeding with optimization.
IS Optimization Time: 0.15 seconds.
Optimal Params (Sharpe=4.4728, Calmar=70.6341): Z_E=2.1, Z_X=0.3, Z_SL=4.5
📊 Persistence: Saved 4225 PnL points to wfa_outputs\oos_equity_curve_ORCL_IBM_1m_20251105_170759_0.05.csv
OOS Period (2024-02-12 20:16:00+00:00 to 2024-03-05 20:16:00+00:00): PnL: $-166.16 | Sharpe: -2.9942 | Calmar: -10.3027 | Trades: 324

--- Window 67 Boundary Check ---
IS Period RTH Bars: 14666. Start: 2024-01-10 16:18:00+00:00 | End: 2024-03-05 20:16:00+00:00
OOS Start Bar Index: 405132 | Time: 2024-03-05 20:17:00+00:00
ADF Test Result: p-value=0.5032 (Required < 0.05) | OLS Beta: 0.4581
Filter ON: Spread not stationary (p-value too high). Skipping optimization and OOS test.

--- Window 68 Boundary Check ---
IS Period RTH Bars: 14666. Start: 2024-02-01 16:19:00+00:00 | End: 2024-03-26 19:16:00+00:00
OOS Start Bar Index: 410982 | Time: 2024-03-26 19:17:00+00:00
ADF Test Result: p-value=0.8097 (Required < 0.05) | OLS Beta: 1.1205
Filter ON: Spread not stationary (p-value too high). Skipping optimization and OOS test.

--- Window 69 Boundary Check ---
IS Period RTH Bars: 14666. Start: 2024-02-23 16:20:00+00:00 | End: 2024-04-17 19:24:00+00:00
OOS Start Bar Index: 416832 | Time: 2024-04-17 19:25:00+00:00
ADF Test Result: p-value=0.5433 (Required < 0.05) | OLS Beta: 0.5204
Filter ON: Spread not stationary (p-value too high). Skipping optimization and OOS test.

--- Window 70 Boundary Check ---
IS Period RTH Bars: 14666. Start: 2024-03-15 15:21:00+00:00 | End: 2024-05-08 19:29:00+00:00
OOS Start Bar Index: 422682 | Time: 2024-05-08 19:30:00+00:00
ADF Test Result: p-value=0.3842 (Required < 0.05) | OLS Beta: 0.5982
Filter ON: Spread not stationary (p-value too high). Skipping optimization and OOS test.

--- Window 71 Boundary Check ---
IS Period RTH Bars: 14666. Start: 2024-04-08 15:26:00+00:00 | End: 2024-05-30 19:38:00+00:00
OOS Start Bar Index: 428532 | Time: 2024-05-30 19:39:00+00:00
ADF Test Result: p-value=0.4879 (Required < 0.05) | OLS Beta: 0.2037
Filter ON: Spread not stationary (p-value too high). Skipping optimization and OOS test.

--- Window 72 Boundary Check ---
IS Period RTH Bars: 14666. Start: 2024-04-29 15:32:00+00:00 | End: 2024-06-21 19:46:00+00:00
OOS Start Bar Index: 434382 | Time: 2024-06-21 19:47:00+00:00
ADF Test Result: p-value=0.6045 (Required < 0.05) | OLS Beta: 2.5447
Filter ON: Spread not stationary (p-value too high). Skipping optimization and OOS test.

--- Window 73 Boundary Check ---
IS Period RTH Bars: 14666. Start: 2024-05-20 15:41:00+00:00 | End: 2024-07-16 16:30:00+00:00
OOS Start Bar Index: 440232 | Time: 2024-07-16 16:31:00+00:00
ADF Test Result: p-value=0.5040 (Required < 0.05) | OLS Beta: 1.9040
Filter ON: Spread not stationary (p-value too high). Skipping optimization and OOS test.

--- Window 74 Boundary Check ---
IS Period RTH Bars: 14666. Start: 2024-06-11 15:48:00+00:00 | End: 2024-08-06 16:35:00+00:00
OOS Start Bar Index: 446082 | Time: 2024-08-06 16:36:00+00:00
ADF Test Result: p-value=0.0018 (Required < 0.05) | OLS Beta: -0.0812
Filter OFF: Spread is stationary. Proceeding with optimization.
IS Optimization Time: 0.15 seconds.
Optimal Params (Sharpe=3.3946, Calmar=18.6194): Z_E=3.1, Z_X=1.3, Z_SL=3.3
📊 Persistence: Saved 4275 PnL points to wfa_outputs\oos_equity_curve_ORCL_IBM_1m_20251105_170759_0.05.csv
OOS Period (2024-08-06 16:36:00+00:00 to 2024-08-27 17:18:00+00:00): PnL: $279.01 | Sharpe: 3.0496 | Calmar: 63.4040 | Trades: 50

--- Window 75 Boundary Check ---
IS Period RTH Bars: 14666. Start: 2024-07-03 15:57:00+00:00 | End: 2024-08-27 17:18:00+00:00
OOS Start Bar Index: 451932 | Time: 2024-08-27 17:19:00+00:00
ADF Test Result: p-value=0.4009 (Required < 0.05) | OLS Beta: -0.3002
Filter ON: Spread not stationary (p-value too high). Skipping optimization and OOS test.

--- Window 76 Boundary Check ---
IS Period RTH Bars: 14666. Start: 2024-07-25 19:09:00+00:00 | End: 2024-09-18 17:22:00+00:00
OOS Start Bar Index: 457782 | Time: 2024-09-18 17:23:00+00:00
ADF Test Result: p-value=0.1108 (Required < 0.05) | OLS Beta: 1.5170
Filter ON: Spread not stationary (p-value too high). Skipping optimization and OOS test.

--- Window 77 Boundary Check ---
IS Period RTH Bars: 14666. Start: 2024-08-15 19:30:00+00:00 | End: 2024-10-09 17:31:00+00:00
OOS Start Bar Index: 463632 | Time: 2024-10-09 17:32:00+00:00
ADF Test Result: p-value=0.0753 (Required < 0.05) | OLS Beta: 1.6336
Filter ON: Spread not stationary (p-value too high). Skipping optimization and OOS test.

--- Window 78 Boundary Check ---
IS Period RTH Bars: 14666. Start: 2024-09-06 19:56:00+00:00 | End: 2024-10-30 17:40:00+00:00
OOS Start Bar Index: 469482 | Time: 2024-10-30 17:41:00+00:00
ADF Test Result: p-value=0.0497 (Required < 0.05) | OLS Beta: 0.7697
Filter OFF: Spread is stationary. Proceeding with optimization.
IS Optimization Time: 0.16 seconds.
Optimal Params (Sharpe=5.8440, Calmar=36.3404): Z_E=2.3, Z_X=0.5, Z_SL=3.9
📊 Persistence: Saved 6014 PnL points to wfa_outputs\oos_equity_curve_ORCL_IBM_1m_20251105_170759_0.05.csv
OOS Period (2024-10-30 17:41:00+00:00 to 2024-11-20 18:47:00+00:00): PnL: $-61.27 | Sharpe: -1.1947 | Calmar: -3.6393 | Trades: 1739

--- Window 79 Boundary Check ---
IS Period RTH Bars: 14666. Start: 2024-09-30 13:32:00+00:00 | End: 2024-11-20 18:47:00+00:00
OOS Start Bar Index: 475332 | Time: 2024-11-20 18:48:00+00:00
ADF Test Result: p-value=0.7358 (Required < 0.05) | OLS Beta: -0.2393
Filter ON: Spread not stationary (p-value too high). Skipping optimization and OOS test.

--- Window 80 Boundary Check ---
IS Period RTH Bars: 14666. Start: 2024-10-21 13:40:00+00:00 | End: 2024-12-13 15:35:00+00:00
OOS Start Bar Index: 481182 | Time: 2024-12-13 15:36:00+00:00
ADF Test Result: p-value=0.5654 (Required < 0.05) | OLS Beta: 0.2075
Filter ON: Spread not stationary (p-value too high). Skipping optimization and OOS test.

############################################################
📈 OVERALL SIMULATION PERFORMANCE (Walk-Forward Test)
############################################################
Timeframe Used: 1Min, Value: 1
ADF Cointegration Filter Threshold: 0.05
Total OOS Windows Tested: 80
Total Trades Executed: 6014
--- Final Performance Metrics ---
Total PnL: $993.95
Overall Sharpe Ratio (Annualized): 0.2050
Overall Calmar Ratio (Annualized): 0.0822
Maximum Dollar Drawdown (MDD): $462.60

--- Execution Time ---
Total Elapsed Time: 156.47 seconds
############################################################
[0m