--- Dynamic Timeframe Configuration ---
TimeFrame Selected: 1Min, Value: 1
Bars per Trading Day: 390
Annualization Factor (Bars/Year): 98280
Statistical Lookback Bars: 2184
Optimization Lookback Bars: 19032
---------------------------------------
--- Diagnostic Check ---
API Key ID Length: 26
API Secret Key Length: 44
StockHistoricalDataClient initialized successfully. Starting data fetch...
--------------------------
Pre-compiling Numba function for first run optimization...
Numba pre-compilation complete.
Fetching data from 2020-01-01 to 2024-12-30...
Fetching 1Min data for MCD...
Fetching 1Min data for YUM...
Data acquired successfully. Total 1Min RTH bars: 474031
Skipping full pre-calculation. Metrics will be calculated inside the WFA loop.

============================================================
📈 Starting Rolling Backtest: IS Optimization Window=19032 bars, Shift=15 days
   Data already processed with Statistical Rolling Window: 2184 bars
   ADF Cointegration Filter: p-value < 0.05
============================================================

--- Window 1 Boundary Check ---
IS Period RTH Bars: 14666. Start: 2020-01-17 17:13:00+00:00 | End: 2020-03-13 15:53:00+00:00
OOS Start Bar Index: 19032 | Time: 2020-03-13 15:54:00+00:00
ADF Test Result: p-value=0.2942 (Required < 0.05) | OLS Beta: 0.5824
Filter ON: Spread not stationary (p-value too high). Skipping optimization and OOS test.

--- Window 2 Boundary Check ---
IS Period RTH Bars: 14666. Start: 2020-02-10 17:50:00+00:00 | End: 2020-04-03 16:28:00+00:00
OOS Start Bar Index: 24882 | Time: 2020-04-03 16:29:00+00:00
ADF Test Result: p-value=0.0145 (Required < 0.05) | OLS Beta: 0.7283
Filter OFF: Spread is stationary. Proceeding with optimization.
IS Optimization Time: 0.13 seconds.
Optimal Params (Sharpe=5.0468, Calmar=36.1550): Z_E=2.7, Z_X=1.5, Z_SL=4.2
📊 Persistence: Saved 1 PnL points to wfa_outputs\oos_equity_curve_MCD_YUM_1m_20251105_160850_0.05.csv
OOS Period (2020-04-03 16:29:00+00:00 to 2020-04-27 16:36:00+00:00): PnL: $246.59 | Sharpe: 4.0991 | Calmar: 0.0000 | Trades: 1

--- Window 3 Boundary Check ---
IS Period RTH Bars: 14666. Start: 2020-03-03 18:46:00+00:00 | End: 2020-04-27 16:36:00+00:00
OOS Start Bar Index: 30732 | Time: 2020-04-27 16:37:00+00:00
ADF Test Result: p-value=0.0480 (Required < 0.05) | OLS Beta: 0.7267
Filter OFF: Spread is stationary. Proceeding with optimization.
IS Optimization Time: 0.13 seconds.
Optimal Params (Sharpe=6.4460, Calmar=66.7360): Z_E=2.7, Z_X=1.3, Z_SL=4.2
📊 Persistence: Saved 1 PnL points to wfa_outputs\oos_equity_curve_MCD_YUM_1m_20251105_160850_0.05.csv
OOS Period (2020-04-27 16:37:00+00:00 to 2020-05-18 16:45:00+00:00): PnL: $0.00 | Sharpe: 0.0000 | Calmar: 0.0000 | Trades: 0

--- Window 4 Boundary Check ---
IS Period RTH Bars: 14666. Start: 2020-03-24 19:02:00+00:00 | End: 2020-05-18 16:45:00+00:00
OOS Start Bar Index: 36582 | Time: 2020-05-18 16:46:00+00:00
ADF Test Result: p-value=0.0734 (Required < 0.05) | OLS Beta: 0.4553
Filter ON: Spread not stationary (p-value too high). Skipping optimization and OOS test.

--- Window 5 Boundary Check ---
IS Period RTH Bars: 14666. Start: 2020-04-15 19:05:00+00:00 | End: 2020-06-09 16:46:00+00:00
OOS Start Bar Index: 42432 | Time: 2020-06-09 16:47:00+00:00
ADF Test Result: p-value=0.0443 (Required < 0.05) | OLS Beta: 0.6250
Filter OFF: Spread is stationary. Proceeding with optimization.
IS Optimization Time: 0.16 seconds.
Optimal Params (Sharpe=4.6343, Calmar=107.8545): Z_E=3.3, Z_X=1.5, Z_SL=3.6
📊 Persistence: Saved 1 PnL points to wfa_outputs\oos_equity_curve_MCD_YUM_1m_20251105_160850_0.05.csv
OOS Period (2020-06-09 16:47:00+00:00 to 2020-06-30 17:10:00+00:00): PnL: $0.00 | Sharpe: 0.0000 | Calmar: 0.0000 | Trades: 0

--- Window 6 Boundary Check ---
IS Period RTH Bars: 14666. Start: 2020-05-06 19:13:00+00:00 | End: 2020-06-30 17:10:00+00:00
OOS Start Bar Index: 48282 | Time: 2020-06-30 17:11:00+00:00
ADF Test Result: p-value=0.0281 (Required < 0.05) | OLS Beta: 0.8165
Filter OFF: Spread is stationary. Proceeding with optimization.
IS Optimization Time: 0.17 seconds.
Optimal Params (Sharpe=5.2341, Calmar=0.0000): Z_E=3.3, Z_X=1.5, Z_SL=3.6
📊 Persistence: Saved 1 PnL points to wfa_outputs\oos_equity_curve_MCD_YUM_1m_20251105_160850_0.05.csv
OOS Period (2020-06-30 17:11:00+00:00 to 2020-07-22 18:24:00+00:00): PnL: $0.00 | Sharpe: 0.0000 | Calmar: 0.0000 | Trades: 0

--- Window 7 Boundary Check ---
IS Period RTH Bars: 14666. Start: 2020-05-28 19:21:00+00:00 | End: 2020-07-22 18:24:00+00:00
OOS Start Bar Index: 54132 | Time: 2020-07-22 18:25:00+00:00
ADF Test Result: p-value=0.1560 (Required < 0.05) | OLS Beta: 0.6837
Filter ON: Spread not stationary (p-value too high). Skipping optimization and OOS test.

--- Window 8 Boundary Check ---
IS Period RTH Bars: 14666. Start: 2020-06-18 19:29:00+00:00 | End: 2020-08-12 18:57:00+00:00
OOS Start Bar Index: 59982 | Time: 2020-08-12 18:58:00+00:00
ADF Test Result: p-value=0.2887 (Required < 0.05) | OLS Beta: 1.1158
Filter ON: Spread not stationary (p-value too high). Skipping optimization and OOS test.

--- Window 9 Boundary Check ---
IS Period RTH Bars: 14666. Start: 2020-07-13 13:49:00+00:00 | End: 2020-09-03 14:39:00+00:00
OOS Start Bar Index: 65832 | Time: 2020-09-03 14:40:00+00:00
ADF Test Result: p-value=0.2585 (Required < 0.05) | OLS Beta: 1.3557
Filter ON: Spread not stationary (p-value too high). Skipping optimization and OOS test.

--- Window 10 Boundary Check ---
IS Period RTH Bars: 14666. Start: 2020-08-03 14:38:00+00:00 | End: 2020-09-25 15:29:00+00:00
OOS Start Bar Index: 71682 | Time: 2020-09-25 15:30:00+00:00
ADF Test Result: p-value=0.3805 (Required < 0.05) | OLS Beta: 0.5162
Filter ON: Spread not stationary (p-value too high). Skipping optimization and OOS test.

--- Window 11 Boundary Check ---
IS Period RTH Bars: 14666. Start: 2020-08-24 16:06:00+00:00 | End: 2020-10-16 17:39:00+00:00
OOS Start Bar Index: 77532 | Time: 2020-10-16 17:40:00+00:00
ADF Test Result: p-value=0.6519 (Required < 0.05) | OLS Beta: 0.1389
Filter ON: Spread not stationary (p-value too high). Skipping optimization and OOS test.

--- Window 12 Boundary Check ---
IS Period RTH Bars: 14666. Start: 2020-09-15 17:33:00+00:00 | End: 2020-11-09 14:34:00+00:00
OOS Start Bar Index: 83382 | Time: 2020-11-09 14:35:00+00:00
ADF Test Result: p-value=0.6444 (Required < 0.05) | OLS Beta: 0.3192
Filter ON: Spread not stationary (p-value too high). Skipping optimization and OOS test.

--- Window 13 Boundary Check ---
IS Period RTH Bars: 14666. Start: 2020-10-06 18:52:00+00:00 | End: 2020-12-01 20:55:00+00:00
OOS Start Bar Index: 89232 | Time: 2020-12-01 20:56:00+00:00
ADF Test Result: p-value=0.2811 (Required < 0.05) | OLS Beta: -0.2323
Filter ON: Spread not stationary (p-value too high). Skipping optimization and OOS test.

--- Window 14 Boundary Check ---
IS Period RTH Bars: 14666. Start: 2020-10-28 15:37:00+00:00 | End: 2020-12-23 17:12:00+00:00
OOS Start Bar Index: 95082 | Time: 2020-12-23 17:13:00+00:00
ADF Test Result: p-value=0.0181 (Required < 0.05) | OLS Beta: -0.0115
Filter OFF: Spread is stationary. Proceeding with optimization.
IS Optimization Time: 0.15 seconds.
Optimal Params (Sharpe=3.5236, Calmar=18.4189): Z_E=3.3, Z_X=0.3, Z_SL=3.6
📊 Persistence: Saved 1 PnL points to wfa_outputs\oos_equity_curve_MCD_YUM_1m_20251105_160850_0.05.csv
OOS Period (2020-12-23 17:13:00+00:00 to 2021-01-19 16:51:00+00:00): PnL: $0.00 | Sharpe: 0.0000 | Calmar: 0.0000 | Trades: 0

--- Window 15 Boundary Check ---
IS Period RTH Bars: 14666. Start: 2020-11-18 18:41:00+00:00 | End: 2021-01-19 16:51:00+00:00
OOS Start Bar Index: 100932 | Time: 2021-01-19 16:52:00+00:00
ADF Test Result: p-value=0.1307 (Required < 0.05) | OLS Beta: 0.1636
Filter ON: Spread not stationary (p-value too high). Skipping optimization and OOS test.

--- Window 16 Boundary Check ---
IS Period RTH Bars: 14666. Start: 2020-12-11 18:50:00+00:00 | End: 2021-02-09 18:02:00+00:00
OOS Start Bar Index: 106782 | Time: 2021-02-09 18:03:00+00:00
ADF Test Result: p-value=0.0095 (Required < 0.05) | OLS Beta: 0.3238
Filter OFF: Spread is stationary. Proceeding with optimization.
IS Optimization Time: 0.16 seconds.
Optimal Params (Sharpe=1.6925, Calmar=6.3996): Z_E=3.3, Z_X=0.7, Z_SL=3.9
📊 Persistence: Saved 2 PnL points to wfa_outputs\oos_equity_curve_MCD_YUM_1m_20251105_160850_0.05.csv
OOS Period (2021-02-09 18:03:00+00:00 to 2021-03-03 18:50:00+00:00): PnL: $185.50 | Sharpe: 4.0991 | Calmar: 0.0000 | Trades: 1

--- Window 17 Boundary Check ---
IS Period RTH Bars: 14666. Start: 2021-01-06 17:59:00+00:00 | End: 2021-03-03 18:50:00+00:00
OOS Start Bar Index: 112632 | Time: 2021-03-03 18:51:00+00:00
ADF Test Result: p-value=0.0800 (Required < 0.05) | OLS Beta: 0.2896
Filter ON: Spread not stationary (p-value too high). Skipping optimization and OOS test.

--- Window 18 Boundary Check ---
IS Period RTH Bars: 14666. Start: 2021-01-28 20:17:00+00:00 | End: 2021-03-24 18:35:00+00:00
OOS Start Bar Index: 118482 | Time: 2021-03-24 18:36:00+00:00
ADF Test Result: p-value=0.0533 (Required < 0.05) | OLS Beta: 1.2576
Filter ON: Spread not stationary (p-value too high). Skipping optimization and OOS test.

--- Window 19 Boundary Check ---
IS Period RTH Bars: 14666. Start: 2021-02-22 14:37:00+00:00 | End: 2021-04-16 14:02:00+00:00
OOS Start Bar Index: 124332 | Time: 2021-04-16 14:03:00+00:00
ADF Test Result: p-value=0.5152 (Required < 0.05) | OLS Beta: 0.9092
Filter ON: Spread not stationary (p-value too high). Skipping optimization and OOS test.

--- Window 20 Boundary Check ---
IS Period RTH Bars: 14666. Start: 2021-03-15 14:09:00+00:00 | End: 2021-05-10 16:57:00+00:00
OOS Start Bar Index: 130182 | Time: 2021-05-10 16:58:00+00:00
ADF Test Result: p-value=0.0027 (Required < 0.05) | OLS Beta: 0.4624
Filter OFF: Spread is stationary. Proceeding with optimization.
IS Optimization Time: 0.13 seconds.
Optimal Params (Sharpe=7.9197, Calmar=98.5536): Z_E=1.9, Z_X=0.7, Z_SL=4.2
📊 Persistence: Saved 5 PnL points to wfa_outputs\oos_equity_curve_MCD_YUM_1m_20251105_160850_0.05.csv
OOS Period (2021-05-10 16:58:00+00:00 to 2021-06-01 17:55:00+00:00): PnL: $231.56 | Sharpe: 7.0949 | Calmar: 0.0000 | Trades: 3

--- Window 21 Boundary Check ---
IS Period RTH Bars: 14666. Start: 2021-04-06 15:43:00+00:00 | End: 2021-06-01 17:55:00+00:00
OOS Start Bar Index: 136032 | Time: 2021-06-01 17:56:00+00:00
ADF Test Result: p-value=0.0385 (Required < 0.05) | OLS Beta: 0.2324
Filter OFF: Spread is stationary. Proceeding with optimization.
IS Optimization Time: 0.14 seconds.
Optimal Params (Sharpe=8.0296, Calmar=88.4754): Z_E=1.9, Z_X=0.7, Z_SL=4.2
📊 Persistence: Saved 7 PnL points to wfa_outputs\oos_equity_curve_MCD_YUM_1m_20251105_160850_0.05.csv
OOS Period (2021-06-01 17:56:00+00:00 to 2021-06-22 19:08:00+00:00): PnL: $98.45 | Sharpe: 5.1453 | Calmar: 0.0000 | Trades: 2

--- Window 22 Boundary Check ---
IS Period RTH Bars: 14666. Start: 2021-04-28 18:30:00+00:00 | End: 2021-06-22 19:08:00+00:00
OOS Start Bar Index: 141882 | Time: 2021-06-22 19:09:00+00:00
ADF Test Result: p-value=0.1470 (Required < 0.05) | OLS Beta: 0.2133
Filter ON: Spread not stationary (p-value too high). Skipping optimization and OOS test.

--- Window 23 Boundary Check ---
IS Period RTH Bars: 14666. Start: 2021-05-20 13:32:00+00:00 | End: 2021-07-15 14:49:00+00:00
OOS Start Bar Index: 147732 | Time: 2021-07-15 14:50:00+00:00
ADF Test Result: p-value=0.0665 (Required < 0.05) | OLS Beta: 0.0630
Filter ON: Spread not stationary (p-value too high). Skipping optimization and OOS test.

--- Window 24 Boundary Check ---
IS Period RTH Bars: 14666. Start: 2021-06-11 14:33:00+00:00 | End: 2021-08-05 16:13:00+00:00
OOS Start Bar Index: 153582 | Time: 2021-08-05 16:14:00+00:00
ADF Test Result: p-value=0.6512 (Required < 0.05) | OLS Beta: 0.2648
Filter ON: Spread not stationary (p-value too high). Skipping optimization and OOS test.

--- Window 25 Boundary Check ---
IS Period RTH Bars: 14666. Start: 2021-07-02 16:05:00+00:00 | End: 2021-08-27 15:55:00+00:00
OOS Start Bar Index: 159432 | Time: 2021-08-27 15:56:00+00:00
ADF Test Result: p-value=0.3371 (Required < 0.05) | OLS Beta: 0.0851
Filter ON: Spread not stationary (p-value too high). Skipping optimization and OOS test.

--- Window 26 Boundary Check ---
IS Period RTH Bars: 14666. Start: 2021-07-26 18:21:00+00:00 | End: 2021-09-20 18:10:00+00:00
OOS Start Bar Index: 165282 | Time: 2021-09-20 18:11:00+00:00
ADF Test Result: p-value=0.0108 (Required < 0.05) | OLS Beta: -0.3389
Filter OFF: Spread is stationary. Proceeding with optimization.
IS Optimization Time: 0.13 seconds.
Optimal Params (Sharpe=2.5801, Calmar=8.8577): Z_E=3.3, Z_X=1.5, Z_SL=4.5
📊 Persistence: Saved 9 PnL points to wfa_outputs\oos_equity_curve_MCD_YUM_1m_20251105_160850_0.05.csv
OOS Period (2021-09-20 18:11:00+00:00 to 2021-10-11 19:30:00+00:00): PnL: $58.33 | Sharpe: 4.2297 | Calmar: 0.0000 | Trades: 2

--- Window 27 Boundary Check ---
IS Period RTH Bars: 14666. Start: 2021-08-17 14:48:00+00:00 | End: 2021-10-11 19:30:00+00:00
OOS Start Bar Index: 171132 | Time: 2021-10-11 19:31:00+00:00
ADF Test Result: p-value=0.0023 (Required < 0.05) | OLS Beta: -0.4162
Filter OFF: Spread is stationary. Proceeding with optimization.
IS Optimization Time: 0.13 seconds.
Optimal Params (Sharpe=5.5841, Calmar=36.9236): Z_E=1.9, Z_X=0.7, Z_SL=4.5
📊 Persistence: Saved 12 PnL points to wfa_outputs\oos_equity_curve_MCD_YUM_1m_20251105_160850_0.05.csv
OOS Period (2021-10-11 19:31:00+00:00 to 2021-11-03 15:43:00+00:00): PnL: $-2.05 | Sharpe: -0.0627 | Calmar: -0.3933 | Trades: 3

--- Window 28 Boundary Check ---
IS Period RTH Bars: 14666. Start: 2021-09-09 13:37:00+00:00 | End: 2021-11-03 15:43:00+00:00
OOS Start Bar Index: 176982 | Time: 2021-11-03 15:44:00+00:00
ADF Test Result: p-value=0.0156 (Required < 0.05) | OLS Beta: -0.3028
Filter OFF: Spread is stationary. Proceeding with optimization.
IS Optimization Time: 0.13 seconds.
Optimal Params (Sharpe=2.9331, Calmar=17.9945): Z_E=1.9, Z_X=0.9, Z_SL=3.3
📊 Persistence: Saved 1418 PnL points to wfa_outputs\oos_equity_curve_MCD_YUM_1m_20251105_160850_0.05.csv
OOS Period (2021-11-03 15:44:00+00:00 to 2021-11-26 15:12:00+00:00): PnL: $-144.78 | Sharpe: -2.7572 | Calmar: -6.2980 | Trades: 1406

--- Window 29 Boundary Check ---
IS Period RTH Bars: 14666. Start: 2021-09-30 14:36:00+00:00 | End: 2021-11-26 15:12:00+00:00
OOS Start Bar Index: 182832 | Time: 2021-11-26 15:13:00+00:00
ADF Test Result: p-value=0.6715 (Required < 0.05) | OLS Beta: 0.6144
Filter ON: Spread not stationary (p-value too high). Skipping optimization and OOS test.

--- Window 30 Boundary Check ---
IS Period RTH Bars: 14666. Start: 2021-10-21 17:36:00+00:00 | End: 2021-12-20 16:30:00+00:00
OOS Start Bar Index: 188682 | Time: 2021-12-20 16:31:00+00:00
ADF Test Result: p-value=0.1013 (Required < 0.05) | OLS Beta: 0.9554
Filter ON: Spread not stationary (p-value too high). Skipping optimization and OOS test.

--- Window 31 Boundary Check ---
IS Period RTH Bars: 14666. Start: 2021-11-15 15:38:00+00:00 | End: 2022-01-13 15:14:00+00:00
OOS Start Bar Index: 194532 | Time: 2022-01-13 15:15:00+00:00
ADF Test Result: p-value=0.3267 (Required < 0.05) | OLS Beta: 0.7904
Filter ON: Spread not stationary (p-value too high). Skipping optimization and OOS test.

--- Window 32 Boundary Check ---
IS Period RTH Bars: 14666. Start: 2021-12-08 15:34:00+00:00 | End: 2022-02-07 17:57:00+00:00
OOS Start Bar Index: 200382 | Time: 2022-02-07 17:58:00+00:00
ADF Test Result: p-value=0.0191 (Required < 0.05) | OLS Beta: 0.4484
Filter OFF: Spread is stationary. Proceeding with optimization.
IS Optimization Time: 0.16 seconds.
Optimal Params (Sharpe=4.8653, Calmar=24.6141): Z_E=1.9, Z_X=0.5, Z_SL=4.8
📊 Persistence: Saved 1878 PnL points to wfa_outputs\oos_equity_curve_MCD_YUM_1m_20251105_160850_0.05.csv
OOS Period (2022-02-07 17:58:00+00:00 to 2022-03-01 18:55:00+00:00): PnL: $-85.87 | Sharpe: -1.5441 | Calmar: -4.8383 | Trades: 460

--- Window 33 Boundary Check ---
IS Period RTH Bars: 14666. Start: 2021-12-31 20:44:00+00:00 | End: 2022-03-01 18:55:00+00:00
OOS Start Bar Index: 206232 | Time: 2022-03-01 18:56:00+00:00
ADF Test Result: p-value=0.6040 (Required < 0.05) | OLS Beta: 0.6090
Filter ON: Spread not stationary (p-value too high). Skipping optimization and OOS test.

--- Window 34 Boundary Check ---
IS Period RTH Bars: 14666. Start: 2022-01-26 18:04:00+00:00 | End: 2022-03-23 19:59:00+00:00
OOS Start Bar Index: 212082 | Time: 2022-03-24 13:30:00+00:00
ADF Test Result: p-value=0.0356 (Required < 0.05) | OLS Beta: 1.4147
Filter OFF: Spread is stationary. Proceeding with optimization.
IS Optimization Time: 0.15 seconds.
Optimal Params (Sharpe=4.7063, Calmar=45.1238): Z_E=2.7, Z_X=0.3, Z_SL=4.8
📊 Persistence: Saved 1879 PnL points to wfa_outputs\oos_equity_curve_MCD_YUM_1m_20251105_160850_0.05.csv
OOS Period (2022-03-24 13:30:00+00:00 to 2022-04-14 15:04:00+00:00): PnL: $192.42 | Sharpe: 4.0991 | Calmar: 0.0000 | Trades: 1

--- Window 35 Boundary Check ---
IS Period RTH Bars: 14666. Start: 2022-02-17 14:30:00+00:00 | End: 2022-04-14 15:04:00+00:00
OOS Start Bar Index: 217932 | Time: 2022-04-14 15:05:00+00:00
ADF Test Result: p-value=0.5237 (Required < 0.05) | OLS Beta: 1.0927
Filter ON: Spread not stationary (p-value too high). Skipping optimization and OOS test.

--- Window 36 Boundary Check ---
IS Period RTH Bars: 14666. Start: 2022-03-14 14:59:00+00:00 | End: 2022-05-06 16:23:00+00:00
OOS Start Bar Index: 223782 | Time: 2022-05-06 16:24:00+00:00
ADF Test Result: p-value=0.5247 (Required < 0.05) | OLS Beta: 0.6543
Filter ON: Spread not stationary (p-value too high). Skipping optimization and OOS test.

--- Window 37 Boundary Check ---
IS Period RTH Bars: 14666. Start: 2022-04-04 17:17:00+00:00 | End: 2022-05-27 17:14:00+00:00
OOS Start Bar Index: 229632 | Time: 2022-05-27 17:15:00+00:00
ADF Test Result: p-value=0.2703 (Required < 0.05) | OLS Beta: 0.5397
Filter ON: Spread not stationary (p-value too high). Skipping optimization and OOS test.

--- Window 38 Boundary Check ---
IS Period RTH Bars: 14666. Start: 2022-04-26 18:14:00+00:00 | End: 2022-06-22 14:06:00+00:00
OOS Start Bar Index: 235482 | Time: 2022-06-22 14:07:00+00:00
ADF Test Result: p-value=0.2708 (Required < 0.05) | OLS Beta: 0.5667
Filter ON: Spread not stationary (p-value too high). Skipping optimization and OOS test.

--- Window 39 Boundary Check ---
IS Period RTH Bars: 14666. Start: 2022-05-17 19:23:00+00:00 | End: 2022-07-14 19:56:00+00:00
OOS Start Bar Index: 241332 | Time: 2022-07-14 19:57:00+00:00
ADF Test Result: p-value=0.5603 (Required < 0.05) | OLS Beta: 0.7354
Filter ON: Spread not stationary (p-value too high). Skipping optimization and OOS test.

--- Window 40 Boundary Check ---
IS Period RTH Bars: 14666. Start: 2022-06-09 15:02:00+00:00 | End: 2022-08-05 15:02:00+00:00
OOS Start Bar Index: 247182 | Time: 2022-08-05 15:03:00+00:00
ADF Test Result: p-value=0.0067 (Required < 0.05) | OLS Beta: 0.9240
Filter OFF: Spread is stationary. Proceeding with optimization.
IS Optimization Time: 0.16 seconds.
Optimal Params (Sharpe=2.9924, Calmar=11.4397): Z_E=2.1, Z_X=1.3, Z_SL=3.3
📊 Persistence: Saved 3664 PnL points to wfa_outputs\oos_equity_curve_MCD_YUM_1m_20251105_160850_0.05.csv
OOS Period (2022-08-05 15:03:00+00:00 to 2022-08-26 17:05:00+00:00): PnL: $-1.28 | Sharpe: -0.0408 | Calmar: -0.1789 | Trades: 1785

--- Window 41 Boundary Check ---
IS Period RTH Bars: 14666. Start: 2022-07-01 19:06:00+00:00 | End: 2022-08-26 17:05:00+00:00
OOS Start Bar Index: 253032 | Time: 2022-08-26 17:06:00+00:00
ADF Test Result: p-value=0.5535 (Required < 0.05) | OLS Beta: 0.2451
Filter ON: Spread not stationary (p-value too high). Skipping optimization and OOS test.

--- Window 42 Boundary Check ---
IS Period RTH Bars: 14666. Start: 2022-07-26 17:13:00+00:00 | End: 2022-09-19 18:27:00+00:00
OOS Start Bar Index: 258882 | Time: 2022-09-19 18:28:00+00:00
ADF Test Result: p-value=0.2739 (Required < 0.05) | OLS Beta: 0.3242
Filter ON: Spread not stationary (p-value too high). Skipping optimization and OOS test.

--- Window 43 Boundary Check ---
IS Period RTH Bars: 14666. Start: 2022-08-16 18:25:00+00:00 | End: 2022-10-11 13:48:00+00:00
OOS Start Bar Index: 264732 | Time: 2022-10-11 13:49:00+00:00
ADF Test Result: p-value=0.2873 (Required < 0.05) | OLS Beta: 1.3318
Filter ON: Spread not stationary (p-value too high). Skipping optimization and OOS test.

--- Window 44 Boundary Check ---
IS Period RTH Bars: 14666. Start: 2022-09-08 13:51:00+00:00 | End: 2022-11-01 14:15:00+00:00
OOS Start Bar Index: 270582 | Time: 2022-11-01 14:16:00+00:00
ADF Test Result: p-value=0.5289 (Required < 0.05) | OLS Beta: 1.1354
Filter ON: Spread not stationary (p-value too high). Skipping optimization and OOS test.

--- Window 45 Boundary Check ---
IS Period RTH Bars: 14666. Start: 2022-09-29 15:13:00+00:00 | End: 2022-11-22 16:17:00+00:00
OOS Start Bar Index: 276432 | Time: 2022-11-22 16:18:00+00:00
ADF Test Result: p-value=0.4963 (Required < 0.05) | OLS Beta: 1.0220
Filter ON: Spread not stationary (p-value too high). Skipping optimization and OOS test.

--- Window 46 Boundary Check ---
IS Period RTH Bars: 14666. Start: 2022-10-20 16:37:00+00:00 | End: 2022-12-14 20:35:00+00:00
OOS Start Bar Index: 282282 | Time: 2022-12-14 20:36:00+00:00
ADF Test Result: p-value=0.0568 (Required < 0.05) | OLS Beta: 0.3701
Filter ON: Spread not stationary (p-value too high). Skipping optimization and OOS test.

--- Window 47 Boundary Check ---
IS Period RTH Bars: 14666. Start: 2022-11-10 18:06:00+00:00 | End: 2023-01-09 16:45:00+00:00
OOS Start Bar Index: 288132 | Time: 2023-01-09 16:46:00+00:00
ADF Test Result: p-value=0.1605 (Required < 0.05) | OLS Beta: -0.0369
Filter ON: Spread not stationary (p-value too high). Skipping optimization and OOS test.

--- Window 48 Boundary Check ---
IS Period RTH Bars: 14666. Start: 2022-12-05 16:00:00+00:00 | End: 2023-01-31 19:20:00+00:00
OOS Start Bar Index: 293982 | Time: 2023-01-31 19:21:00+00:00
ADF Test Result: p-value=0.2311 (Required < 0.05) | OLS Beta: 0.7164
Filter ON: Spread not stationary (p-value too high). Skipping optimization and OOS test.

--- Window 49 Boundary Check ---
IS Period RTH Bars: 14666. Start: 2022-12-27 18:00:00+00:00 | End: 2023-02-22 20:14:00+00:00
OOS Start Bar Index: 299832 | Time: 2023-02-22 20:15:00+00:00
ADF Test Result: p-value=0.1071 (Required < 0.05) | OLS Beta: 0.0581
Filter ON: Spread not stationary (p-value too high). Skipping optimization and OOS test.

--- Window 50 Boundary Check ---
IS Period RTH Bars: 14666. Start: 2023-01-19 20:53:00+00:00 | End: 2023-03-16 14:07:00+00:00
OOS Start Bar Index: 305682 | Time: 2023-03-16 14:08:00+00:00
ADF Test Result: p-value=0.0213 (Required < 0.05) | OLS Beta: 0.0091
Filter OFF: Spread is stationary. Proceeding with optimization.
IS Optimization Time: 0.14 seconds.
Optimal Params (Sharpe=4.4834, Calmar=35.0948): Z_E=2.7, Z_X=1.3, Z_SL=4.8
📊 Persistence: Saved 4457 PnL points to wfa_outputs\oos_equity_curve_MCD_YUM_1m_20251105_160850_0.05.csv
OOS Period (2023-03-16 14:08:00+00:00 to 2023-04-06 17:53:00+00:00): PnL: $-332.28 | Sharpe: -5.4637 | Calmar: -12.1816 | Trades: 793

--- Window 51 Boundary Check ---
IS Period RTH Bars: 14666. Start: 2023-02-10 15:43:00+00:00 | End: 2023-04-06 17:53:00+00:00
OOS Start Bar Index: 311532 | Time: 2023-04-06 17:55:00+00:00
ADF Test Result: p-value=0.3595 (Required < 0.05) | OLS Beta: 0.7555
Filter ON: Spread not stationary (p-value too high). Skipping optimization and OOS test.

--- Window 52 Boundary Check ---
IS Period RTH Bars: 14666. Start: 2023-03-06 17:12:00+00:00 | End: 2023-05-01 13:33:00+00:00
OOS Start Bar Index: 317382 | Time: 2023-05-01 13:34:00+00:00
ADF Test Result: p-value=0.1874 (Required < 0.05) | OLS Beta: 1.0542
Filter ON: Spread not stationary (p-value too high). Skipping optimization and OOS test.

--- Window 53 Boundary Check ---
IS Period RTH Bars: 14666. Start: 2023-03-27 18:41:00+00:00 | End: 2023-05-22 16:47:00+00:00
OOS Start Bar Index: 323232 | Time: 2023-05-22 16:48:00+00:00
ADF Test Result: p-value=0.1158 (Required < 0.05) | OLS Beta: 0.7910
Filter ON: Spread not stationary (p-value too high). Skipping optimization and OOS test.

--- Window 54 Boundary Check ---
IS Period RTH Bars: 14666. Start: 2023-04-19 14:53:00+00:00 | End: 2023-06-13 18:37:00+00:00
OOS Start Bar Index: 329082 | Time: 2023-06-13 18:38:00+00:00
ADF Test Result: p-value=0.1629 (Required < 0.05) | OLS Beta: 0.4964
Filter ON: Spread not stationary (p-value too high). Skipping optimization and OOS test.

--- Window 55 Boundary Check ---
IS Period RTH Bars: 14666. Start: 2023-05-10 17:19:00+00:00 | End: 2023-07-07 17:34:00+00:00
OOS Start Bar Index: 334932 | Time: 2023-07-07 17:35:00+00:00
ADF Test Result: p-value=0.2238 (Required < 0.05) | OLS Beta: 0.5640
Filter ON: Spread not stationary (p-value too high). Skipping optimization and OOS test.

--- Window 56 Boundary Check ---
IS Period RTH Bars: 14666. Start: 2023-06-02 13:40:00+00:00 | End: 2023-07-31 16:14:00+00:00
OOS Start Bar Index: 340782 | Time: 2023-07-31 16:15:00+00:00
ADF Test Result: p-value=0.2485 (Required < 0.05) | OLS Beta: 0.7210
Filter ON: Spread not stationary (p-value too high). Skipping optimization and OOS test.

--- Window 57 Boundary Check ---
IS Period RTH Bars: 14666. Start: 2023-06-26 15:54:00+00:00 | End: 2023-08-22 15:35:00+00:00
OOS Start Bar Index: 346632 | Time: 2023-08-22 15:37:00+00:00
ADF Test Result: p-value=0.0855 (Required < 0.05) | OLS Beta: 0.7292
Filter ON: Spread not stationary (p-value too high). Skipping optimization and OOS test.

--- Window 58 Boundary Check ---
IS Period RTH Bars: 14666. Start: 2023-07-19 16:36:00+00:00 | End: 2023-09-14 16:32:00+00:00
OOS Start Bar Index: 352482 | Time: 2023-09-14 16:33:00+00:00
ADF Test Result: p-value=0.0036 (Required < 0.05) | OLS Beta: 0.6838
Filter OFF: Spread is stationary. Proceeding with optimization.
IS Optimization Time: 0.13 seconds.
Optimal Params (Sharpe=7.2377, Calmar=45.8197): Z_E=2.7, Z_X=1.5, Z_SL=3.3
📊 Persistence: Saved 5926 PnL points to wfa_outputs\oos_equity_curve_MCD_YUM_1m_20251105_160850_0.05.csv
OOS Period (2023-09-14 16:33:00+00:00 to 2023-10-05 19:05:00+00:00): PnL: $-158.18 | Sharpe: -6.3353 | Calmar: -14.0462 | Trades: 1469

--- Window 59 Boundary Check ---
IS Period RTH Bars: 14666. Start: 2023-08-10 14:59:00+00:00 | End: 2023-10-05 19:05:00+00:00
OOS Start Bar Index: 358332 | Time: 2023-10-05 19:06:00+00:00
ADF Test Result: p-value=0.7134 (Required < 0.05) | OLS Beta: 1.2425
Filter ON: Spread not stationary (p-value too high). Skipping optimization and OOS test.

--- Window 60 Boundary Check ---
IS Period RTH Bars: 14666. Start: 2023-09-01 14:27:00+00:00 | End: 2023-10-27 14:46:00+00:00
OOS Start Bar Index: 364182 | Time: 2023-10-27 14:47:00+00:00
ADF Test Result: p-value=0.2975 (Required < 0.05) | OLS Beta: 1.3169
Filter ON: Spread not stationary (p-value too high). Skipping optimization and OOS test.

--- Window 61 Boundary Check ---
IS Period RTH Bars: 14666. Start: 2023-09-26 14:15:00+00:00 | End: 2023-11-17 18:31:00+00:00
OOS Start Bar Index: 370032 | Time: 2023-11-17 18:32:00+00:00
ADF Test Result: p-value=0.2568 (Required < 0.05) | OLS Beta: 1.0150
Filter ON: Spread not stationary (p-value too high). Skipping optimization and OOS test.

--- Window 62 Boundary Check ---
IS Period RTH Bars: 14666. Start: 2023-10-17 15:51:00+00:00 | End: 2023-12-12 19:20:00+00:00
OOS Start Bar Index: 375882 | Time: 2023-12-12 19:21:00+00:00
ADF Test Result: p-value=0.6190 (Required < 0.05) | OLS Beta: 1.3454
Filter ON: Spread not stationary (p-value too high). Skipping optimization and OOS test.

--- Window 63 Boundary Check ---
IS Period RTH Bars: 14666. Start: 2023-11-07 19:05:00+00:00 | End: 2024-01-05 17:59:00+00:00
OOS Start Bar Index: 381732 | Time: 2024-01-05 18:00:00+00:00
ADF Test Result: p-value=0.5950 (Required < 0.05) | OLS Beta: 1.2794
Filter ON: Spread not stationary (p-value too high). Skipping optimization and OOS test.

--- Window 64 Boundary Check ---
IS Period RTH Bars: 14666. Start: 2023-11-30 20:26:00+00:00 | End: 2024-01-30 15:07:00+00:00
OOS Start Bar Index: 387582 | Time: 2024-01-30 15:08:00+00:00
ADF Test Result: p-value=0.0478 (Required < 0.05) | OLS Beta: 0.6564
Filter OFF: Spread is stationary. Proceeding with optimization.
IS Optimization Time: 0.14 seconds.
Optimal Params (Sharpe=-0.1242, Calmar=-0.4102): Z_E=2.7, Z_X=1.1, Z_SL=4.2
📊 Persistence: Saved 5978 PnL points to wfa_outputs\oos_equity_curve_MCD_YUM_1m_20251105_160850_0.05.csv
OOS Period (2024-01-30 15:08:00+00:00 to 2024-02-21 16:02:00+00:00): PnL: $123.85 | Sharpe: 2.9751 | Calmar: 21.7952 | Trades: 52

--- Window 65 Boundary Check ---
IS Period RTH Bars: 14666. Start: 2023-12-22 17:15:00+00:00 | End: 2024-02-21 16:02:00+00:00
OOS Start Bar Index: 393432 | Time: 2024-02-21 16:03:00+00:00
ADF Test Result: p-value=0.2384 (Required < 0.05) | OLS Beta: 0.2308
Filter ON: Spread not stationary (p-value too high). Skipping optimization and OOS test.

--- Window 66 Boundary Check ---
IS Period RTH Bars: 14666. Start: 2024-01-18 16:36:00+00:00 | End: 2024-03-13 16:47:00+00:00
OOS Start Bar Index: 399282 | Time: 2024-03-13 16:48:00+00:00
ADF Test Result: p-value=0.4223 (Required < 0.05) | OLS Beta: 0.1289
Filter ON: Spread not stationary (p-value too high). Skipping optimization and OOS test.

--- Window 67 Boundary Check ---
IS Period RTH Bars: 14666. Start: 2024-02-08 18:04:00+00:00 | End: 2024-04-04 19:55:00+00:00
OOS Start Bar Index: 405132 | Time: 2024-04-04 19:56:00+00:00
ADF Test Result: p-value=0.9691 (Required < 0.05) | OLS Beta: 0.0602
Filter ON: Spread not stationary (p-value too high). Skipping optimization and OOS test.

--- Window 68 Boundary Check ---
IS Period RTH Bars: 14666. Start: 2024-03-01 19:41:00+00:00 | End: 2024-04-26 15:28:00+00:00
OOS Start Bar Index: 410982 | Time: 2024-04-26 15:29:00+00:00
ADF Test Result: p-value=0.7091 (Required < 0.05) | OLS Beta: 0.9017
Filter ON: Spread not stationary (p-value too high). Skipping optimization and OOS test.

--- Window 69 Boundary Check ---
IS Period RTH Bars: 14666. Start: 2024-03-25 14:58:00+00:00 | End: 2024-05-17 16:58:00+00:00
OOS Start Bar Index: 416832 | Time: 2024-05-17 16:59:00+00:00
ADF Test Result: p-value=0.2373 (Required < 0.05) | OLS Beta: 0.3379
Filter ON: Spread not stationary (p-value too high). Skipping optimization and OOS test.

--- Window 70 Boundary Check ---
IS Period RTH Bars: 14666. Start: 2024-04-16 16:36:00+00:00 | End: 2024-06-10 19:57:00+00:00
OOS Start Bar Index: 422682 | Time: 2024-06-10 19:58:00+00:00
ADF Test Result: p-value=0.9129 (Required < 0.05) | OLS Beta: 0.4803
Filter ON: Spread not stationary (p-value too high). Skipping optimization and OOS test.

--- Window 71 Boundary Check ---
IS Period RTH Bars: 14666. Start: 2024-05-07 18:31:00+00:00 | End: 2024-07-03 16:02:00+00:00
OOS Start Bar Index: 428532 | Time: 2024-07-03 16:03:00+00:00
ADF Test Result: p-value=0.4695 (Required < 0.05) | OLS Beta: 0.6200
Filter ON: Spread not stationary (p-value too high). Skipping optimization and OOS test.

--- Window 72 Boundary Check ---
IS Period RTH Bars: 14666. Start: 2024-05-30 14:53:00+00:00 | End: 2024-07-26 14:14:00+00:00
OOS Start Bar Index: 434382 | Time: 2024-07-26 14:15:00+00:00
ADF Test Result: p-value=0.0802 (Required < 0.05) | OLS Beta: 0.1743
Filter ON: Spread not stationary (p-value too high). Skipping optimization and OOS test.

--- Window 73 Boundary Check ---
IS Period RTH Bars: 14666. Start: 2024-06-21 17:29:00+00:00 | End: 2024-08-16 16:24:00+00:00
OOS Start Bar Index: 440232 | Time: 2024-08-16 16:25:00+00:00
ADF Test Result: p-value=0.2711 (Required < 0.05) | OLS Beta: 0.9953
Filter ON: Spread not stationary (p-value too high). Skipping optimization and OOS test.

--- Window 74 Boundary Check ---
IS Period RTH Bars: 14666. Start: 2024-07-16 15:44:00+00:00 | End: 2024-09-10 14:23:00+00:00
OOS Start Bar Index: 446082 | Time: 2024-09-10 14:25:00+00:00
ADF Test Result: p-value=0.8989 (Required < 0.05) | OLS Beta: 1.2792
Filter ON: Spread not stationary (p-value too high). Skipping optimization and OOS test.

--- Window 75 Boundary Check ---
IS Period RTH Bars: 14666. Start: 2024-08-06 17:20:00+00:00 | End: 2024-10-01 18:20:00+00:00
OOS Start Bar Index: 451932 | Time: 2024-10-01 18:21:00+00:00
ADF Test Result: p-value=0.8488 (Required < 0.05) | OLS Beta: -0.4829
Filter ON: Spread not stationary (p-value too high). Skipping optimization and OOS test.

--- Window 76 Boundary Check ---
IS Period RTH Bars: 14666. Start: 2024-08-28 15:13:00+00:00 | End: 2024-10-23 18:49:00+00:00
OOS Start Bar Index: 457782 | Time: 2024-10-23 18:50:00+00:00
ADF Test Result: p-value=0.4045 (Required < 0.05) | OLS Beta: 0.3021
Filter ON: Spread not stationary (p-value too high). Skipping optimization and OOS test.

--- Window 77 Boundary Check ---
IS Period RTH Bars: 14666. Start: 2024-09-19 19:09:00+00:00 | End: 2024-11-14 16:32:00+00:00
OOS Start Bar Index: 463632 | Time: 2024-11-14 16:33:00+00:00
ADF Test Result: p-value=0.2718 (Required < 0.05) | OLS Beta: 0.1442
Filter ON: Spread not stationary (p-value too high). Skipping optimization and OOS test.

--- Window 78 Boundary Check ---
IS Period RTH Bars: 14666. Start: 2024-10-11 17:33:00+00:00 | End: 2024-12-09 20:37:00+00:00
OOS Start Bar Index: 469482 | Time: 2024-12-09 20:38:00+00:00
ADF Test Result: p-value=0.3528 (Required < 0.05) | OLS Beta: -0.0839
Filter ON: Spread not stationary (p-value too high). Skipping optimization and OOS test.

############################################################
📈 OVERALL SIMULATION PERFORMANCE (Walk-Forward Test)
############################################################
Timeframe Used: 1Min, Value: 1
ADF Cointegration Filter Threshold: 0.05
Total OOS Windows Tested: 78
Total Trades Executed: 5978
--- Final Performance Metrics ---
Total PnL: $412.26
Overall Sharpe Ratio (Annualized): 0.1443
Overall Calmar Ratio (Annualized): 0.0311
Maximum Dollar Drawdown (MDD): $626.64

--- Execution Time ---
Total Elapsed Time: 142.95 seconds
############################################################
[0m