--- Dynamic Timeframe Configuration ---
TimeFrame Selected: 1Min, Value: 1
Bars per Trading Day: 390
Annualization Factor (Bars/Year): 98280
Statistical Lookback Bars: 2184
Optimization Lookback Bars: 19032
---------------------------------------
--- Diagnostic Check ---
API Key ID Length: 26
API Secret Key Length: 44
StockHistoricalDataClient initialized successfully. Starting data fetch...
--------------------------
Pre-compiling Numba function for first run optimization...
Numba pre-compilation complete.
Fetching data from 2020-01-15 to 2025-01-13...
Fetching 1Min data for MCD...
Fetching 1Min data for YUM...
Data acquired successfully. Total 1Min RTH bars: 473576
Skipping full pre-calculation. Metrics will be calculated inside the WFA loop.

============================================================
📈 Starting Rolling Backtest: IS Optimization Window=19032 bars, Shift=15 days
   Data already processed with Statistical Rolling Window: 2184 bars
   ADF Cointegration Filter: p-value < 0.05
============================================================

--- Window 1 Boundary Check ---
IS Period RTH Bars: 14666. Start: 2020-01-31 16:29:00+00:00 | End: 2020-03-26 15:18:00+00:00
OOS Start Bar Index: 19032 | Time: 2020-03-26 15:19:00+00:00
ADF Test Result: p-value=0.0124 (Required < 0.05) | OLS Beta: 0.7359
Filter OFF: Spread is stationary. Proceeding with optimization.
IS Optimization Time: 0.13 seconds.
Optimal Params (Sharpe=4.6091, Calmar=29.1311): Z_E=2.7, Z_X=1.5, Z_SL=4.2
📊 Persistence: Saved 1 PnL points to wfa_outputs\oos_equity_curve_MCD_YUM_1m_20251105_161625_0.05.csv
OOS Period (2020-03-26 15:19:00+00:00 to 2020-04-17 15:21:00+00:00): PnL: $224.35 | Sharpe: 4.0991 | Calmar: 0.0000 | Trades: 1

--- Window 2 Boundary Check ---
IS Period RTH Bars: 14666. Start: 2020-02-24 17:35:00+00:00 | End: 2020-04-17 15:21:00+00:00
OOS Start Bar Index: 24882 | Time: 2020-04-17 15:22:00+00:00
ADF Test Result: p-value=0.0276 (Required < 0.05) | OLS Beta: 0.7441
Filter OFF: Spread is stationary. Proceeding with optimization.
IS Optimization Time: 0.14 seconds.
Optimal Params (Sharpe=5.0334, Calmar=36.0662): Z_E=2.7, Z_X=1.5, Z_SL=4.2
📊 Persistence: Saved 1 PnL points to wfa_outputs\oos_equity_curve_MCD_YUM_1m_20251105_161625_0.05.csv
OOS Period (2020-04-17 15:22:00+00:00 to 2020-05-08 15:32:00+00:00): PnL: $0.00 | Sharpe: 0.0000 | Calmar: 0.0000 | Trades: 0

--- Window 3 Boundary Check ---
IS Period RTH Bars: 14666. Start: 2020-03-16 17:37:00+00:00 | End: 2020-05-08 15:32:00+00:00
OOS Start Bar Index: 30732 | Time: 2020-05-08 15:33:00+00:00
ADF Test Result: p-value=0.0369 (Required < 0.05) | OLS Beta: 0.6517
Filter OFF: Spread is stationary. Proceeding with optimization.
IS Optimization Time: 0.14 seconds.
Optimal Params (Sharpe=5.4148, Calmar=0.0000): Z_E=2.7, Z_X=1.3, Z_SL=3.9
📊 Persistence: Saved 1 PnL points to wfa_outputs\oos_equity_curve_MCD_YUM_1m_20251105_161625_0.05.csv
OOS Period (2020-05-08 15:33:00+00:00 to 2020-06-01 15:37:00+00:00): PnL: $0.00 | Sharpe: 0.0000 | Calmar: 0.0000 | Trades: 0

--- Window 4 Boundary Check ---
IS Period RTH Bars: 14666. Start: 2020-04-06 17:54:00+00:00 | End: 2020-06-01 15:37:00+00:00
OOS Start Bar Index: 36582 | Time: 2020-06-01 15:38:00+00:00
ADF Test Result: p-value=0.0616 (Required < 0.05) | OLS Beta: 0.2871
Filter ON: Spread not stationary (p-value too high). Skipping optimization and OOS test.

--- Window 5 Boundary Check ---
IS Period RTH Bars: 14666. Start: 2020-04-28 18:02:00+00:00 | End: 2020-06-22 15:48:00+00:00
OOS Start Bar Index: 42432 | Time: 2020-06-22 15:49:00+00:00
ADF Test Result: p-value=0.0458 (Required < 0.05) | OLS Beta: 0.7483
Filter OFF: Spread is stationary. Proceeding with optimization.
IS Optimization Time: 0.14 seconds.
Optimal Params (Sharpe=4.6343, Calmar=107.8475): Z_E=3.3, Z_X=1.5, Z_SL=3.6
📊 Persistence: Saved 1 PnL points to wfa_outputs\oos_equity_curve_MCD_YUM_1m_20251105_161625_0.05.csv
OOS Period (2020-06-22 15:49:00+00:00 to 2020-07-14 16:37:00+00:00): PnL: $0.00 | Sharpe: 0.0000 | Calmar: 0.0000 | Trades: 0

--- Window 6 Boundary Check ---
IS Period RTH Bars: 14666. Start: 2020-05-19 18:11:00+00:00 | End: 2020-07-14 16:37:00+00:00
OOS Start Bar Index: 48282 | Time: 2020-07-14 16:38:00+00:00
ADF Test Result: p-value=0.0232 (Required < 0.05) | OLS Beta: 0.6854
Filter OFF: Spread is stationary. Proceeding with optimization.
IS Optimization Time: 0.15 seconds.
Optimal Params (Sharpe=5.1579, Calmar=36.1145): Z_E=2.5, Z_X=1.3, Z_SL=3.9
📊 Persistence: Saved 164 PnL points to wfa_outputs\oos_equity_curve_MCD_YUM_1m_20251105_161625_0.05.csv
OOS Period (2020-07-14 16:38:00+00:00 to 2020-08-04 17:29:00+00:00): PnL: $35.22 | Sharpe: 0.7314 | Calmar: 5.9749 | Trades: 163

--- Window 7 Boundary Check ---
IS Period RTH Bars: 14666. Start: 2020-06-10 18:13:00+00:00 | End: 2020-08-04 17:29:00+00:00
OOS Start Bar Index: 54132 | Time: 2020-08-04 17:30:00+00:00
ADF Test Result: p-value=0.0583 (Required < 0.05) | OLS Beta: 0.8733
Filter ON: Spread not stationary (p-value too high). Skipping optimization and OOS test.

--- Window 8 Boundary Check ---
IS Period RTH Bars: 14666. Start: 2020-07-01 18:37:00+00:00 | End: 2020-08-25 19:17:00+00:00
OOS Start Bar Index: 59982 | Time: 2020-08-25 19:18:00+00:00
ADF Test Result: p-value=0.2904 (Required < 0.05) | OLS Beta: 1.2809
Filter ON: Spread not stationary (p-value too high). Skipping optimization and OOS test.

--- Window 9 Boundary Check ---
IS Period RTH Bars: 14666. Start: 2020-07-23 19:50:00+00:00 | End: 2020-09-17 13:52:00+00:00
OOS Start Bar Index: 65832 | Time: 2020-09-17 13:53:00+00:00
ADF Test Result: p-value=0.8493 (Required < 0.05) | OLS Beta: 1.2326
Filter ON: Spread not stationary (p-value too high). Skipping optimization and OOS test.

--- Window 10 Boundary Check ---
IS Period RTH Bars: 14666. Start: 2020-08-14 14:02:00+00:00 | End: 2020-10-08 15:27:00+00:00
OOS Start Bar Index: 71682 | Time: 2020-10-08 15:28:00+00:00
ADF Test Result: p-value=0.2587 (Required < 0.05) | OLS Beta: -0.2066
Filter ON: Spread not stationary (p-value too high). Skipping optimization and OOS test.

--- Window 11 Boundary Check ---
IS Period RTH Bars: 14666. Start: 2020-09-04 16:08:00+00:00 | End: 2020-10-29 18:35:00+00:00
OOS Start Bar Index: 77532 | Time: 2020-10-29 18:36:00+00:00
ADF Test Result: p-value=0.0748 (Required < 0.05) | OLS Beta: 0.5077
Filter ON: Spread not stationary (p-value too high). Skipping optimization and OOS test.

--- Window 12 Boundary Check ---
IS Period RTH Bars: 14666. Start: 2020-09-28 17:02:00+00:00 | End: 2020-11-20 15:19:00+00:00
OOS Start Bar Index: 83382 | Time: 2020-11-20 15:20:00+00:00
ADF Test Result: p-value=0.3705 (Required < 0.05) | OLS Beta: -0.1912
Filter ON: Spread not stationary (p-value too high). Skipping optimization and OOS test.

--- Window 13 Boundary Check ---
IS Period RTH Bars: 14666. Start: 2020-10-19 19:17:00+00:00 | End: 2020-12-15 15:07:00+00:00
OOS Start Bar Index: 89232 | Time: 2020-12-15 15:08:00+00:00
ADF Test Result: p-value=0.1530 (Required < 0.05) | OLS Beta: -0.2161
Filter ON: Spread not stationary (p-value too high). Skipping optimization and OOS test.

--- Window 14 Boundary Check ---
IS Period RTH Bars: 14666. Start: 2020-11-10 16:03:00+00:00 | End: 2021-01-07 20:53:00+00:00
OOS Start Bar Index: 95082 | Time: 2021-01-07 20:54:00+00:00
ADF Test Result: p-value=0.0561 (Required < 0.05) | OLS Beta: 0.0512
Filter ON: Spread not stationary (p-value too high). Skipping optimization and OOS test.

--- Window 15 Boundary Check ---
IS Period RTH Bars: 14666. Start: 2020-12-03 16:02:00+00:00 | End: 2021-02-01 16:36:00+00:00
OOS Start Bar Index: 100932 | Time: 2021-02-01 16:37:00+00:00
ADF Test Result: p-value=0.0246 (Required < 0.05) | OLS Beta: 0.3984
Filter OFF: Spread is stationary. Proceeding with optimization.
IS Optimization Time: 0.14 seconds.
Optimal Params (Sharpe=1.6925, Calmar=6.3934): Z_E=3.3, Z_X=0.7, Z_SL=3.9
📊 Persistence: Saved 166 PnL points to wfa_outputs\oos_equity_curve_MCD_YUM_1m_20251105_161625_0.05.csv
OOS Period (2021-02-01 16:37:00+00:00 to 2021-02-23 17:23:00+00:00): PnL: $199.26 | Sharpe: 3.3338 | Calmar: 91.8482 | Trades: 2

--- Window 16 Boundary Check ---
IS Period RTH Bars: 14666. Start: 2020-12-28 15:59:00+00:00 | End: 2021-02-23 17:23:00+00:00
OOS Start Bar Index: 106782 | Time: 2021-02-23 17:24:00+00:00
ADF Test Result: p-value=0.0607 (Required < 0.05) | OLS Beta: 0.2338
Filter ON: Spread not stationary (p-value too high). Skipping optimization and OOS test.

--- Window 17 Boundary Check ---
IS Period RTH Bars: 14666. Start: 2021-01-20 18:24:00+00:00 | End: 2021-03-16 16:59:00+00:00
OOS Start Bar Index: 112632 | Time: 2021-03-16 17:00:00+00:00
ADF Test Result: p-value=0.0189 (Required < 0.05) | OLS Beta: 0.6944
Filter OFF: Spread is stationary. Proceeding with optimization.
IS Optimization Time: 0.13 seconds.
Optimal Params (Sharpe=5.1362, Calmar=0.0000): Z_E=3.3, Z_X=0.7, Z_SL=4.5
📊 Persistence: Saved 852 PnL points to wfa_outputs\oos_equity_curve_MCD_YUM_1m_20251105_161625_0.05.csv
OOS Period (2021-03-16 17:00:00+00:00 to 2021-04-07 18:30:00+00:00): PnL: $-129.03 | Sharpe: -4.4862 | Calmar: -9.0173 | Trades: 686

--- Window 18 Boundary Check ---
IS Period RTH Bars: 14666. Start: 2021-02-10 19:31:00+00:00 | End: 2021-04-07 18:30:00+00:00
OOS Start Bar Index: 118482 | Time: 2021-04-07 18:31:00+00:00
ADF Test Result: p-value=0.0927 (Required < 0.05) | OLS Beta: 1.3137
Filter ON: Spread not stationary (p-value too high). Skipping optimization and OOS test.

--- Window 19 Boundary Check ---
IS Period RTH Bars: 14666. Start: 2021-03-04 20:16:00+00:00 | End: 2021-04-30 14:47:00+00:00
OOS Start Bar Index: 124332 | Time: 2021-04-30 14:48:00+00:00
ADF Test Result: p-value=0.0635 (Required < 0.05) | OLS Beta: 0.7225
Filter ON: Spread not stationary (p-value too high). Skipping optimization and OOS test.

--- Window 20 Boundary Check ---
IS Period RTH Bars: 14666. Start: 2021-03-26 13:35:00+00:00 | End: 2021-05-21 16:23:00+00:00
OOS Start Bar Index: 130182 | Time: 2021-05-21 16:24:00+00:00
ADF Test Result: p-value=0.0572 (Required < 0.05) | OLS Beta: 0.3554
Filter ON: Spread not stationary (p-value too high). Skipping optimization and OOS test.

--- Window 21 Boundary Check ---
IS Period RTH Bars: 14666. Start: 2021-04-20 16:10:00+00:00 | End: 2021-06-14 17:28:00+00:00
OOS Start Bar Index: 136032 | Time: 2021-06-14 17:29:00+00:00
ADF Test Result: p-value=0.1420 (Required < 0.05) | OLS Beta: 0.2158
Filter ON: Spread not stationary (p-value too high). Skipping optimization and OOS test.

--- Window 22 Boundary Check ---
IS Period RTH Bars: 14666. Start: 2021-05-11 18:30:00+00:00 | End: 2021-07-06 19:13:00+00:00
OOS Start Bar Index: 141882 | Time: 2021-07-06 19:14:00+00:00
ADF Test Result: p-value=0.1280 (Required < 0.05) | OLS Beta: 0.1215
Filter ON: Spread not stationary (p-value too high). Skipping optimization and OOS test.

--- Window 23 Boundary Check ---
IS Period RTH Bars: 14666. Start: 2021-06-02 19:22:00+00:00 | End: 2021-07-28 14:38:00+00:00
OOS Start Bar Index: 147732 | Time: 2021-07-28 14:39:00+00:00
ADF Test Result: p-value=0.1082 (Required < 0.05) | OLS Beta: 0.7199
Filter ON: Spread not stationary (p-value too high). Skipping optimization and OOS test.

--- Window 24 Boundary Check ---
IS Period RTH Bars: 14666. Start: 2021-06-24 14:21:00+00:00 | End: 2021-08-18 18:29:00+00:00
OOS Start Bar Index: 153582 | Time: 2021-08-18 18:30:00+00:00
ADF Test Result: p-value=0.4709 (Required < 0.05) | OLS Beta: 0.1310
Filter ON: Spread not stationary (p-value too high). Skipping optimization and OOS test.

--- Window 25 Boundary Check ---
IS Period RTH Bars: 14666. Start: 2021-07-16 16:37:00+00:00 | End: 2021-09-10 16:37:00+00:00
OOS Start Bar Index: 159432 | Time: 2021-09-10 16:38:00+00:00
ADF Test Result: p-value=0.3103 (Required < 0.05) | OLS Beta: 0.0478
Filter ON: Spread not stationary (p-value too high). Skipping optimization and OOS test.

--- Window 26 Boundary Check ---
IS Period RTH Bars: 14666. Start: 2021-08-06 17:48:00+00:00 | End: 2021-10-01 17:24:00+00:00
OOS Start Bar Index: 165282 | Time: 2021-10-01 17:25:00+00:00
ADF Test Result: p-value=0.0100 (Required < 0.05) | OLS Beta: -0.4112
Filter OFF: Spread is stationary. Proceeding with optimization.
IS Optimization Time: 0.14 seconds.
Optimal Params (Sharpe=4.8642, Calmar=125.8270): Z_E=3.3, Z_X=1.5, Z_SL=4.5
📊 Persistence: Saved 852 PnL points to wfa_outputs\oos_equity_curve_MCD_YUM_1m_20251105_161625_0.05.csv
OOS Period (2021-10-01 17:25:00+00:00 to 2021-10-26 14:10:00+00:00): PnL: $0.00 | Sharpe: 0.0000 | Calmar: 0.0000 | Trades: 0

--- Window 27 Boundary Check ---
IS Period RTH Bars: 14666. Start: 2021-08-30 17:43:00+00:00 | End: 2021-10-26 14:10:00+00:00
OOS Start Bar Index: 171132 | Time: 2021-10-26 14:11:00+00:00
ADF Test Result: p-value=0.0124 (Required < 0.05) | OLS Beta: -0.3960
Filter OFF: Spread is stationary. Proceeding with optimization.
IS Optimization Time: 0.16 seconds.
Optimal Params (Sharpe=2.7442, Calmar=10.1690): Z_E=1.9, Z_X=1.5, Z_SL=3.3
📊 Persistence: Saved 2144 PnL points to wfa_outputs\oos_equity_curve_MCD_YUM_1m_20251105_161625_0.05.csv
OOS Period (2021-10-26 14:11:00+00:00 to 2021-11-16 19:05:00+00:00): PnL: $5.17 | Sharpe: 0.1196 | Calmar: 0.4397 | Trades: 1292

--- Window 28 Boundary Check ---
IS Period RTH Bars: 14666. Start: 2021-09-21 19:38:00+00:00 | End: 2021-11-16 19:05:00+00:00
OOS Start Bar Index: 176982 | Time: 2021-11-16 19:06:00+00:00
ADF Test Result: p-value=0.5760 (Required < 0.05) | OLS Beta: 0.2755
Filter ON: Spread not stationary (p-value too high). Skipping optimization and OOS test.

--- Window 29 Boundary Check ---
IS Period RTH Bars: 14666. Start: 2021-10-13 14:44:00+00:00 | End: 2021-12-09 19:08:00+00:00
OOS Start Bar Index: 182832 | Time: 2021-12-09 19:09:00+00:00
ADF Test Result: p-value=0.6104 (Required < 0.05) | OLS Beta: 0.8797
Filter ON: Spread not stationary (p-value too high). Skipping optimization and OOS test.

--- Window 30 Boundary Check ---
IS Period RTH Bars: 14666. Start: 2021-11-04 17:26:00+00:00 | End: 2022-01-04 17:45:00+00:00
OOS Start Bar Index: 188682 | Time: 2022-01-04 17:46:00+00:00
ADF Test Result: p-value=0.0244 (Required < 0.05) | OLS Beta: 0.7626
Filter OFF: Spread is stationary. Proceeding with optimization.
IS Optimization Time: 0.13 seconds.
Optimal Params (Sharpe=6.4330, Calmar=57.9759): Z_E=1.9, Z_X=0.5, Z_SL=4.8
📊 Persistence: Saved 2162 PnL points to wfa_outputs\oos_equity_curve_MCD_YUM_1m_20251105_161625_0.05.csv
OOS Period (2022-01-04 17:46:00+00:00 to 2022-01-28 15:31:00+00:00): PnL: $-63.56 | Sharpe: -1.1236 | Calmar: -7.9094 | Trades: 18

--- Window 31 Boundary Check ---
IS Period RTH Bars: 14666. Start: 2021-11-29 19:44:00+00:00 | End: 2022-01-28 15:31:00+00:00
OOS Start Bar Index: 194532 | Time: 2022-01-28 15:32:00+00:00
ADF Test Result: p-value=0.1331 (Required < 0.05) | OLS Beta: 0.6051
Filter ON: Spread not stationary (p-value too high). Skipping optimization and OOS test.

--- Window 32 Boundary Check ---
IS Period RTH Bars: 14666. Start: 2021-12-21 18:50:00+00:00 | End: 2022-02-18 17:22:00+00:00
OOS Start Bar Index: 200382 | Time: 2022-02-18 17:23:00+00:00
ADF Test Result: p-value=0.3203 (Required < 0.05) | OLS Beta: 0.4641
Filter ON: Spread not stationary (p-value too high). Skipping optimization and OOS test.

--- Window 33 Boundary Check ---
IS Period RTH Bars: 14666. Start: 2022-01-14 17:04:00+00:00 | End: 2022-03-15 17:53:00+00:00
OOS Start Bar Index: 206232 | Time: 2022-03-15 17:54:00+00:00
ADF Test Result: p-value=0.0302 (Required < 0.05) | OLS Beta: 1.4067
Filter OFF: Spread is stationary. Proceeding with optimization.
IS Optimization Time: 0.15 seconds.
Optimal Params (Sharpe=3.4050, Calmar=24.4649): Z_E=2.7, Z_X=0.3, Z_SL=4.8
📊 Persistence: Saved 2163 PnL points to wfa_outputs\oos_equity_curve_MCD_YUM_1m_20251105_161625_0.05.csv
OOS Period (2022-03-15 17:54:00+00:00 to 2022-04-06 13:37:00+00:00): PnL: $-18.11 | Sharpe: -4.0991 | Calmar: -16.4905 | Trades: 1

--- Window 34 Boundary Check ---
IS Period RTH Bars: 14666. Start: 2022-02-08 19:28:00+00:00 | End: 2022-04-06 13:37:00+00:00
OOS Start Bar Index: 212082 | Time: 2022-04-06 13:38:00+00:00
ADF Test Result: p-value=0.4123 (Required < 0.05) | OLS Beta: 1.2017
Filter ON: Spread not stationary (p-value too high). Skipping optimization and OOS test.

--- Window 35 Boundary Check ---
IS Period RTH Bars: 14666. Start: 2022-03-02 20:29:00+00:00 | End: 2022-04-28 14:35:00+00:00
OOS Start Bar Index: 217932 | Time: 2022-04-28 14:36:00+00:00
ADF Test Result: p-value=0.5777 (Required < 0.05) | OLS Beta: 1.2604
Filter ON: Spread not stationary (p-value too high). Skipping optimization and OOS test.

--- Window 36 Boundary Check ---
IS Period RTH Bars: 14666. Start: 2022-03-25 15:09:00+00:00 | End: 2022-05-19 15:41:00+00:00
OOS Start Bar Index: 223782 | Time: 2022-05-19 15:42:00+00:00
ADF Test Result: p-value=0.4836 (Required < 0.05) | OLS Beta: 0.3832
Filter ON: Spread not stationary (p-value too high). Skipping optimization and OOS test.

--- Window 37 Boundary Check ---
IS Period RTH Bars: 14666. Start: 2022-04-18 16:35:00+00:00 | End: 2022-06-10 18:11:00+00:00
OOS Start Bar Index: 229632 | Time: 2022-06-10 18:12:00+00:00
ADF Test Result: p-value=0.3858 (Required < 0.05) | OLS Beta: 0.5181
Filter ON: Spread not stationary (p-value too high). Skipping optimization and OOS test.

--- Window 38 Boundary Check ---
IS Period RTH Bars: 14666. Start: 2022-05-09 17:52:00+00:00 | End: 2022-07-06 15:45:00+00:00
OOS Start Bar Index: 235482 | Time: 2022-07-06 15:46:00+00:00
ADF Test Result: p-value=0.2204 (Required < 0.05) | OLS Beta: 0.5439
Filter ON: Spread not stationary (p-value too high). Skipping optimization and OOS test.

--- Window 39 Boundary Check ---
IS Period RTH Bars: 14666. Start: 2022-05-31 18:46:00+00:00 | End: 2022-07-28 13:36:00+00:00
OOS Start Bar Index: 241332 | Time: 2022-07-28 13:37:00+00:00
ADF Test Result: p-value=0.4350 (Required < 0.05) | OLS Beta: 0.6755
Filter ON: Spread not stationary (p-value too high). Skipping optimization and OOS test.

--- Window 40 Boundary Check ---
IS Period RTH Bars: 14666. Start: 2022-06-23 16:09:00+00:00 | End: 2022-08-18 14:43:00+00:00
OOS Start Bar Index: 247182 | Time: 2022-08-18 14:44:00+00:00
ADF Test Result: p-value=0.8251 (Required < 0.05) | OLS Beta: 0.8653
Filter ON: Spread not stationary (p-value too high). Skipping optimization and OOS test.

--- Window 41 Boundary Check ---
IS Period RTH Bars: 14666. Start: 2022-07-18 15:18:00+00:00 | End: 2022-09-09 16:41:00+00:00
OOS Start Bar Index: 253032 | Time: 2022-09-09 16:42:00+00:00
ADF Test Result: p-value=0.2968 (Required < 0.05) | OLS Beta: 0.1822
Filter ON: Spread not stationary (p-value too high). Skipping optimization and OOS test.

--- Window 42 Boundary Check ---
IS Period RTH Bars: 14666. Start: 2022-08-08 16:37:00+00:00 | End: 2022-09-30 18:17:00+00:00
OOS Start Bar Index: 258882 | Time: 2022-09-30 18:18:00+00:00
ADF Test Result: p-value=0.3100 (Required < 0.05) | OLS Beta: 1.0319
Filter ON: Spread not stationary (p-value too high). Skipping optimization and OOS test.

--- Window 43 Boundary Check ---
IS Period RTH Bars: 14666. Start: 2022-08-29 18:43:00+00:00 | End: 2022-10-21 19:25:00+00:00
OOS Start Bar Index: 264732 | Time: 2022-10-21 19:26:00+00:00
ADF Test Result: p-value=0.5598 (Required < 0.05) | OLS Beta: 1.0513
Filter ON: Spread not stationary (p-value too high). Skipping optimization and OOS test.

--- Window 44 Boundary Check ---
IS Period RTH Bars: 14666. Start: 2022-09-20 19:54:00+00:00 | End: 2022-11-11 20:55:00+00:00
OOS Start Bar Index: 270582 | Time: 2022-11-11 20:56:00+00:00
ADF Test Result: p-value=0.4517 (Required < 0.05) | OLS Beta: 1.1455
Filter ON: Spread not stationary (p-value too high). Skipping optimization and OOS test.

--- Window 45 Boundary Check ---
IS Period RTH Bars: 14666. Start: 2022-10-12 15:14:00+00:00 | End: 2022-12-06 18:47:00+00:00
OOS Start Bar Index: 276432 | Time: 2022-12-06 18:48:00+00:00
ADF Test Result: p-value=0.4413 (Required < 0.05) | OLS Beta: 0.6164
Filter ON: Spread not stationary (p-value too high). Skipping optimization and OOS test.

--- Window 46 Boundary Check ---
IS Period RTH Bars: 14666. Start: 2022-11-02 15:42:00+00:00 | End: 2022-12-29 14:31:00+00:00
OOS Start Bar Index: 282282 | Time: 2022-12-29 14:33:00+00:00
ADF Test Result: p-value=0.0602 (Required < 0.05) | OLS Beta: -0.0914
Filter ON: Spread not stationary (p-value too high). Skipping optimization and OOS test.

--- Window 47 Boundary Check ---
IS Period RTH Bars: 14666. Start: 2022-11-23 17:55:00+00:00 | End: 2023-01-23 17:18:00+00:00
OOS Start Bar Index: 288132 | Time: 2023-01-23 17:19:00+00:00
ADF Test Result: p-value=0.2278 (Required < 0.05) | OLS Beta: 0.4564
Filter ON: Spread not stationary (p-value too high). Skipping optimization and OOS test.

--- Window 48 Boundary Check ---
IS Period RTH Bars: 14666. Start: 2022-12-16 15:38:00+00:00 | End: 2023-02-13 18:33:00+00:00
OOS Start Bar Index: 293982 | Time: 2023-02-13 18:34:00+00:00
ADF Test Result: p-value=0.0904 (Required < 0.05) | OLS Beta: 0.0475
Filter ON: Spread not stationary (p-value too high). Skipping optimization and OOS test.

--- Window 49 Boundary Check ---
IS Period RTH Bars: 14666. Start: 2023-01-10 18:26:00+00:00 | End: 2023-03-07 20:04:00+00:00
OOS Start Bar Index: 299832 | Time: 2023-03-07 20:05:00+00:00
ADF Test Result: p-value=0.0791 (Required < 0.05) | OLS Beta: 0.0055
Filter ON: Spread not stationary (p-value too high). Skipping optimization and OOS test.

--- Window 50 Boundary Check ---
IS Period RTH Bars: 14666. Start: 2023-02-01 20:52:00+00:00 | End: 2023-03-29 15:15:00+00:00
OOS Start Bar Index: 305682 | Time: 2023-03-29 15:16:00+00:00
ADF Test Result: p-value=0.4595 (Required < 0.05) | OLS Beta: 0.0512
Filter ON: Spread not stationary (p-value too high). Skipping optimization and OOS test.

--- Window 51 Boundary Check ---
IS Period RTH Bars: 14666. Start: 2023-02-24 15:17:00+00:00 | End: 2023-04-20 17:56:00+00:00
OOS Start Bar Index: 311532 | Time: 2023-04-20 17:57:00+00:00
ADF Test Result: p-value=0.0673 (Required < 0.05) | OLS Beta: 1.2619
Filter ON: Spread not stationary (p-value too high). Skipping optimization and OOS test.

--- Window 52 Boundary Check ---
IS Period RTH Bars: 14666. Start: 2023-03-17 15:42:00+00:00 | End: 2023-05-12 14:02:00+00:00
OOS Start Bar Index: 317382 | Time: 2023-05-12 14:03:00+00:00
ADF Test Result: p-value=0.2391 (Required < 0.05) | OLS Beta: 0.9526
Filter ON: Spread not stationary (p-value too high). Skipping optimization and OOS test.

--- Window 53 Boundary Check ---
IS Period RTH Bars: 14666. Start: 2023-04-10 19:34:00+00:00 | End: 2023-06-05 16:34:00+00:00
OOS Start Bar Index: 323232 | Time: 2023-06-05 16:35:00+00:00
ADF Test Result: p-value=0.1180 (Required < 0.05) | OLS Beta: 0.4824
Filter ON: Spread not stationary (p-value too high). Skipping optimization and OOS test.

--- Window 54 Boundary Check ---
IS Period RTH Bars: 14666. Start: 2023-05-02 15:05:00+00:00 | End: 2023-06-27 18:58:00+00:00
OOS Start Bar Index: 329082 | Time: 2023-06-27 18:59:00+00:00
ADF Test Result: p-value=0.0730 (Required < 0.05) | OLS Beta: 0.5535
Filter ON: Spread not stationary (p-value too high). Skipping optimization and OOS test.

--- Window 55 Boundary Check ---
IS Period RTH Bars: 14666. Start: 2023-05-23 18:17:00+00:00 | End: 2023-07-20 19:49:00+00:00
OOS Start Bar Index: 334932 | Time: 2023-07-20 19:50:00+00:00
ADF Test Result: p-value=0.3794 (Required < 0.05) | OLS Beta: 0.6266
Filter ON: Spread not stationary (p-value too high). Skipping optimization and OOS test.

--- Window 56 Boundary Check ---
IS Period RTH Bars: 14666. Start: 2023-06-15 13:47:00+00:00 | End: 2023-08-11 18:42:00+00:00
OOS Start Bar Index: 340782 | Time: 2023-08-11 18:43:00+00:00
ADF Test Result: p-value=0.0935 (Required < 0.05) | OLS Beta: 0.4331
Filter ON: Spread not stationary (p-value too high). Skipping optimization and OOS test.

--- Window 57 Boundary Check ---
IS Period RTH Bars: 14666. Start: 2023-07-10 19:17:00+00:00 | End: 2023-09-05 18:39:00+00:00
OOS Start Bar Index: 346632 | Time: 2023-09-05 18:40:00+00:00
ADF Test Result: p-value=0.0338 (Required < 0.05) | OLS Beta: 0.7611
Filter OFF: Spread is stationary. Proceeding with optimization.
IS Optimization Time: 0.13 seconds.
Optimal Params (Sharpe=8.6332, Calmar=148.9723): Z_E=2.5, Z_X=1.5, Z_SL=4.2
📊 Persistence: Saved 2164 PnL points to wfa_outputs\oos_equity_curve_MCD_YUM_1m_20251105_161625_0.05.csv
OOS Period (2023-09-05 18:40:00+00:00 to 2023-09-27 17:18:00+00:00): PnL: $-5.53 | Sharpe: -4.0991 | Calmar: -16.5623 | Trades: 1

--- Window 58 Boundary Check ---
IS Period RTH Bars: 14666. Start: 2023-08-01 17:50:00+00:00 | End: 2023-09-27 17:18:00+00:00
OOS Start Bar Index: 352482 | Time: 2023-09-27 17:19:00+00:00
ADF Test Result: p-value=0.1427 (Required < 0.05) | OLS Beta: 0.7643
Filter ON: Spread not stationary (p-value too high). Skipping optimization and OOS test.

--- Window 59 Boundary Check ---
IS Period RTH Bars: 14666. Start: 2023-08-23 17:32:00+00:00 | End: 2023-10-18 18:41:00+00:00
OOS Start Bar Index: 358332 | Time: 2023-10-18 18:42:00+00:00
ADF Test Result: p-value=0.2470 (Required < 0.05) | OLS Beta: 1.3816
Filter ON: Spread not stationary (p-value too high). Skipping optimization and OOS test.

--- Window 60 Boundary Check ---
IS Period RTH Bars: 14666. Start: 2023-09-15 18:31:00+00:00 | End: 2023-11-09 16:17:00+00:00
OOS Start Bar Index: 364182 | Time: 2023-11-09 16:18:00+00:00
ADF Test Result: p-value=0.2841 (Required < 0.05) | OLS Beta: 1.1667
Filter ON: Spread not stationary (p-value too high). Skipping optimization and OOS test.

--- Window 61 Boundary Check ---
IS Period RTH Bars: 14666. Start: 2023-10-09 14:02:00+00:00 | End: 2023-12-04 16:52:00+00:00
OOS Start Bar Index: 370032 | Time: 2023-12-04 16:53:00+00:00
ADF Test Result: p-value=0.8556 (Required < 0.05) | OLS Beta: 1.2804
Filter ON: Spread not stationary (p-value too high). Skipping optimization and OOS test.

--- Window 62 Boundary Check ---
IS Period RTH Bars: 14666. Start: 2023-10-30 16:17:00+00:00 | End: 2023-12-27 14:42:00+00:00
OOS Start Bar Index: 375882 | Time: 2023-12-27 14:44:00+00:00
ADF Test Result: p-value=0.6768 (Required < 0.05) | OLS Beta: 1.2986
Filter ON: Spread not stationary (p-value too high). Skipping optimization and OOS test.

--- Window 63 Boundary Check ---
IS Period RTH Bars: 14666. Start: 2023-11-20 20:20:00+00:00 | End: 2024-01-19 19:31:00+00:00
OOS Start Bar Index: 381732 | Time: 2024-01-19 19:32:00+00:00
ADF Test Result: p-value=0.1264 (Required < 0.05) | OLS Beta: 0.7433
Filter ON: Spread not stationary (p-value too high). Skipping optimization and OOS test.

--- Window 64 Boundary Check ---
IS Period RTH Bars: 14666. Start: 2023-12-13 20:53:00+00:00 | End: 2024-02-09 20:52:00+00:00
OOS Start Bar Index: 387582 | Time: 2024-02-09 20:53:00+00:00
ADF Test Result: p-value=0.1945 (Required < 0.05) | OLS Beta: 0.8355
Filter ON: Spread not stationary (p-value too high). Skipping optimization and OOS test.

--- Window 65 Boundary Check ---
IS Period RTH Bars: 14666. Start: 2024-01-08 19:36:00+00:00 | End: 2024-03-05 16:01:00+00:00
OOS Start Bar Index: 393432 | Time: 2024-03-05 16:02:00+00:00
ADF Test Result: p-value=0.1798 (Required < 0.05) | OLS Beta: 0.1596
Filter ON: Spread not stationary (p-value too high). Skipping optimization and OOS test.

--- Window 66 Boundary Check ---
IS Period RTH Bars: 14666. Start: 2024-01-31 16:42:00+00:00 | End: 2024-03-26 17:57:00+00:00
OOS Start Bar Index: 399282 | Time: 2024-03-26 17:58:00+00:00
ADF Test Result: p-value=0.5573 (Required < 0.05) | OLS Beta: 0.1410
Filter ON: Spread not stationary (p-value too high). Skipping optimization and OOS test.

--- Window 67 Boundary Check ---
IS Period RTH Bars: 14666. Start: 2024-02-22 17:33:00+00:00 | End: 2024-04-17 19:35:00+00:00
OOS Start Bar Index: 405132 | Time: 2024-04-17 19:36:00+00:00
ADF Test Result: p-value=0.6373 (Required < 0.05) | OLS Beta: 1.4197
Filter ON: Spread not stationary (p-value too high). Skipping optimization and OOS test.

--- Window 68 Boundary Check ---
IS Period RTH Bars: 14666. Start: 2024-03-14 18:19:00+00:00 | End: 2024-05-09 14:57:00+00:00
OOS Start Bar Index: 410982 | Time: 2024-05-09 14:58:00+00:00
ADF Test Result: p-value=0.5965 (Required < 0.05) | OLS Beta: 0.1569
Filter ON: Spread not stationary (p-value too high). Skipping optimization and OOS test.

--- Window 69 Boundary Check ---
IS Period RTH Bars: 14666. Start: 2024-04-08 14:57:00+00:00 | End: 2024-05-31 17:43:00+00:00
OOS Start Bar Index: 416832 | Time: 2024-05-31 17:44:00+00:00
ADF Test Result: p-value=0.7796 (Required < 0.05) | OLS Beta: 0.8148
Filter ON: Spread not stationary (p-value too high). Skipping optimization and OOS test.

--- Window 70 Boundary Check ---
IS Period RTH Bars: 14666. Start: 2024-04-29 17:00:00+00:00 | End: 2024-06-25 14:08:00+00:00
OOS Start Bar Index: 422682 | Time: 2024-06-25 14:09:00+00:00
ADF Test Result: p-value=0.6630 (Required < 0.05) | OLS Beta: 0.4452
Filter ON: Spread not stationary (p-value too high). Skipping optimization and OOS test.

--- Window 71 Boundary Check ---
IS Period RTH Bars: 14666. Start: 2024-05-20 18:42:00+00:00 | End: 2024-07-17 18:33:00+00:00
OOS Start Bar Index: 428532 | Time: 2024-07-17 18:34:00+00:00
ADF Test Result: p-value=0.2721 (Required < 0.05) | OLS Beta: 0.3399
Filter ON: Spread not stationary (p-value too high). Skipping optimization and OOS test.

--- Window 72 Boundary Check ---
IS Period RTH Bars: 14666. Start: 2024-06-12 15:03:00+00:00 | End: 2024-08-08 13:39:00+00:00
OOS Start Bar Index: 434382 | Time: 2024-08-08 13:40:00+00:00
ADF Test Result: p-value=0.6126 (Required < 0.05) | OLS Beta: 0.4452
Filter ON: Spread not stationary (p-value too high). Skipping optimization and OOS test.

--- Window 73 Boundary Check ---
IS Period RTH Bars: 14666. Start: 2024-07-08 14:09:00+00:00 | End: 2024-08-29 18:11:00+00:00
OOS Start Bar Index: 440232 | Time: 2024-08-29 18:12:00+00:00
ADF Test Result: p-value=0.4719 (Required < 0.05) | OLS Beta: 1.3678
Filter ON: Spread not stationary (p-value too high). Skipping optimization and OOS test.

--- Window 74 Boundary Check ---
IS Period RTH Bars: 14666. Start: 2024-07-29 15:42:00+00:00 | End: 2024-09-23 15:39:00+00:00
OOS Start Bar Index: 446082 | Time: 2024-09-23 15:40:00+00:00
ADF Test Result: p-value=0.2672 (Required < 0.05) | OLS Beta: -0.3946
Filter ON: Spread not stationary (p-value too high). Skipping optimization and OOS test.

--- Window 75 Boundary Check ---
IS Period RTH Bars: 14666. Start: 2024-08-19 18:16:00+00:00 | End: 2024-10-15 14:46:00+00:00
OOS Start Bar Index: 451932 | Time: 2024-10-15 14:47:00+00:00
ADF Test Result: p-value=0.9661 (Required < 0.05) | OLS Beta: 0.3277
Filter ON: Spread not stationary (p-value too high). Skipping optimization and OOS test.

--- Window 76 Boundary Check ---
IS Period RTH Bars: 14666. Start: 2024-09-11 16:10:00+00:00 | End: 2024-11-05 20:33:00+00:00
OOS Start Bar Index: 457782 | Time: 2024-11-05 20:34:00+00:00
ADF Test Result: p-value=0.2320 (Required < 0.05) | OLS Beta: 0.3842
Filter ON: Spread not stationary (p-value too high). Skipping optimization and OOS test.

--- Window 77 Boundary Check ---
IS Period RTH Bars: 14666. Start: 2024-10-03 13:48:00+00:00 | End: 2024-11-27 19:11:00+00:00
OOS Start Bar Index: 463632 | Time: 2024-11-27 19:12:00+00:00
ADF Test Result: p-value=0.4263 (Required < 0.05) | OLS Beta: -0.0024
Filter ON: Spread not stationary (p-value too high). Skipping optimization and OOS test.

--- Window 78 Boundary Check ---
IS Period RTH Bars: 14666. Start: 2024-10-25 14:08:00+00:00 | End: 2024-12-23 17:00:00+00:00
OOS Start Bar Index: 469482 | Time: 2024-12-23 17:01:00+00:00
ADF Test Result: p-value=0.0253 (Required < 0.05) | OLS Beta: 0.4423
Filter OFF: Spread is stationary. Proceeding with optimization.
IS Optimization Time: 0.16 seconds.
Optimal Params (Sharpe=5.6152, Calmar=0.0000): Z_E=3.1, Z_X=0.9, Z_SL=4.5
📊 Persistence: Saved 2164 PnL points to wfa_outputs\oos_equity_curve_MCD_YUM_1m_20251105_161625_0.05.csv
OOS Period (2024-12-23 17:01:00+00:00 to 2025-01-10 20:59:00+00:00): PnL: $0.00 | Sharpe: 0.0000 | Calmar: 0.0000 | Trades: 0

############################################################
📈 OVERALL SIMULATION PERFORMANCE (Walk-Forward Test)
############################################################
Timeframe Used: 1Min, Value: 1
ADF Cointegration Filter Threshold: 0.05
Total OOS Windows Tested: 78
Total Trades Executed: 2164
--- Final Performance Metrics ---
Total PnL: $247.77
Overall Sharpe Ratio (Annualized): 0.1153
Overall Calmar Ratio (Annualized): 0.0547
Maximum Dollar Drawdown (MDD): $241.15

--- Execution Time ---
Total Elapsed Time: 147.54 seconds
############################################################
[0m