--- Dynamic Timeframe Configuration ---
TimeFrame Selected: 1Min, Value: 1
Bars per Trading Day: 390
Annualization Factor (Bars/Year): 98280
Statistical Lookback Bars: 2184
Optimization Lookback Bars: 19032
---------------------------------------
--- Diagnostic Check ---
API Key ID Length: 26
API Secret Key Length: 44
StockHistoricalDataClient initialized successfully. Starting data fetch...
--------------------------
Pre-compiling Numba function for first run optimization...
Numba pre-compilation complete.
Fetching data from 2020-01-08 to 2025-01-06...
Fetching 1Min data for MCD...
Fetching 1Min data for YUM...
Data acquired successfully. Total 1Min RTH bars: 473997
Skipping full pre-calculation. Metrics will be calculated inside the WFA loop.

============================================================
📈 Starting Rolling Backtest: IS Optimization Window=19032 bars, Shift=15 days
   Data already processed with Statistical Rolling Window: 2184 bars
   ADF Cointegration Filter: p-value < 0.05
============================================================

--- Window 1 Boundary Check ---
IS Period RTH Bars: 14666. Start: 2020-01-24 16:31:00+00:00 | End: 2020-03-19 15:32:00+00:00
OOS Start Bar Index: 19032 | Time: 2020-03-19 15:33:00+00:00
ADF Test Result: p-value=0.0674 (Required < 0.05) | OLS Beta: 0.7766
Filter ON: Spread not stationary (p-value too high). Skipping optimization and OOS test.

--- Window 2 Boundary Check ---
IS Period RTH Bars: 14666. Start: 2020-02-14 17:08:00+00:00 | End: 2020-04-09 15:33:00+00:00
OOS Start Bar Index: 24882 | Time: 2020-04-09 15:34:00+00:00
ADF Test Result: p-value=0.0292 (Required < 0.05) | OLS Beta: 0.7167
Filter OFF: Spread is stationary. Proceeding with optimization.
IS Optimization Time: 0.14 seconds.
Optimal Params (Sharpe=5.0581, Calmar=34.6059): Z_E=2.7, Z_X=1.5, Z_SL=4.2
📊 Persistence: Saved 0 PnL points to wfa_outputs\oos_equity_curve_MCD_YUM_1m_20251105_161352_0.05.csv
OOS Period (2020-04-09 15:34:00+00:00 to 2020-05-01 15:43:00+00:00): PnL: $0.00 | Sharpe: 0.0000 | Calmar: 0.0000 | Trades: 0

--- Window 3 Boundary Check ---
IS Period RTH Bars: 14666. Start: 2020-03-09 17:13:00+00:00 | End: 2020-05-01 15:43:00+00:00
OOS Start Bar Index: 30732 | Time: 2020-05-01 15:44:00+00:00
ADF Test Result: p-value=0.0387 (Required < 0.05) | OLS Beta: 0.6842
Filter OFF: Spread is stationary. Proceeding with optimization.
IS Optimization Time: 0.14 seconds.
Optimal Params (Sharpe=6.2976, Calmar=67.2268): Z_E=2.7, Z_X=1.3, Z_SL=4.2
📊 Persistence: Saved 0 PnL points to wfa_outputs\oos_equity_curve_MCD_YUM_1m_20251105_161352_0.05.csv
OOS Period (2020-05-01 15:44:00+00:00 to 2020-05-22 15:51:00+00:00): PnL: $0.00 | Sharpe: 0.0000 | Calmar: 0.0000 | Trades: 0

--- Window 4 Boundary Check ---
IS Period RTH Bars: 14666. Start: 2020-03-30 18:07:00+00:00 | End: 2020-05-22 15:51:00+00:00
OOS Start Bar Index: 36582 | Time: 2020-05-22 15:52:00+00:00
ADF Test Result: p-value=0.1492 (Required < 0.05) | OLS Beta: 0.4220
Filter ON: Spread not stationary (p-value too high). Skipping optimization and OOS test.

--- Window 5 Boundary Check ---
IS Period RTH Bars: 14666. Start: 2020-04-21 18:12:00+00:00 | End: 2020-06-15 15:53:00+00:00
OOS Start Bar Index: 42432 | Time: 2020-06-15 15:54:00+00:00
ADF Test Result: p-value=0.0325 (Required < 0.05) | OLS Beta: 0.7199
Filter OFF: Spread is stationary. Proceeding with optimization.
IS Optimization Time: 0.16 seconds.
Optimal Params (Sharpe=4.6343, Calmar=107.8545): Z_E=3.3, Z_X=1.5, Z_SL=3.6
📊 Persistence: Saved 0 PnL points to wfa_outputs\oos_equity_curve_MCD_YUM_1m_20251105_161352_0.05.csv
OOS Period (2020-06-15 15:54:00+00:00 to 2020-07-07 16:27:00+00:00): PnL: $0.00 | Sharpe: 0.0000 | Calmar: 0.0000 | Trades: 0

--- Window 6 Boundary Check ---
IS Period RTH Bars: 14666. Start: 2020-05-12 18:25:00+00:00 | End: 2020-07-07 16:27:00+00:00
OOS Start Bar Index: 48282 | Time: 2020-07-07 16:28:00+00:00
ADF Test Result: p-value=0.0526 (Required < 0.05) | OLS Beta: 0.8061
Filter ON: Spread not stationary (p-value too high). Skipping optimization and OOS test.

--- Window 7 Boundary Check ---
IS Period RTH Bars: 14666. Start: 2020-06-03 18:26:00+00:00 | End: 2020-07-28 17:37:00+00:00
OOS Start Bar Index: 54132 | Time: 2020-07-28 17:38:00+00:00
ADF Test Result: p-value=0.0381 (Required < 0.05) | OLS Beta: 0.7879
Filter OFF: Spread is stationary. Proceeding with optimization.
IS Optimization Time: 0.13 seconds.
Optimal Params (Sharpe=7.2853, Calmar=96.9173): Z_E=2.3, Z_X=1.1, Z_SL=4.5
📊 Persistence: Saved 1655 PnL points to wfa_outputs\oos_equity_curve_MCD_YUM_1m_20251105_161352_0.05.csv
OOS Period (2020-07-28 17:38:00+00:00 to 2020-08-18 18:45:00+00:00): PnL: $-252.55 | Sharpe: -5.6119 | Calmar: -13.6552 | Trades: 1655

--- Window 8 Boundary Check ---
IS Period RTH Bars: 14666. Start: 2020-06-24 18:38:00+00:00 | End: 2020-08-18 18:45:00+00:00
OOS Start Bar Index: 59982 | Time: 2020-08-18 18:46:00+00:00
ADF Test Result: p-value=0.3212 (Required < 0.05) | OLS Beta: 1.2268
Filter ON: Spread not stationary (p-value too high). Skipping optimization and OOS test.

--- Window 9 Boundary Check ---
IS Period RTH Bars: 14666. Start: 2020-07-16 19:36:00+00:00 | End: 2020-09-10 13:52:00+00:00
OOS Start Bar Index: 65832 | Time: 2020-09-10 13:53:00+00:00
ADF Test Result: p-value=0.5998 (Required < 0.05) | OLS Beta: 1.3980
Filter ON: Spread not stationary (p-value too high). Skipping optimization and OOS test.

--- Window 10 Boundary Check ---
IS Period RTH Bars: 14666. Start: 2020-08-07 13:53:00+00:00 | End: 2020-10-01 14:48:00+00:00
OOS Start Bar Index: 71682 | Time: 2020-10-01 14:49:00+00:00
ADF Test Result: p-value=0.4970 (Required < 0.05) | OLS Beta: 0.0403
Filter ON: Spread not stationary (p-value too high). Skipping optimization and OOS test.

--- Window 11 Boundary Check ---
IS Period RTH Bars: 14666. Start: 2020-08-28 16:02:00+00:00 | End: 2020-10-22 17:48:00+00:00
OOS Start Bar Index: 77532 | Time: 2020-10-22 17:49:00+00:00
ADF Test Result: p-value=0.2281 (Required < 0.05) | OLS Beta: 0.4018
Filter ON: Spread not stationary (p-value too high). Skipping optimization and OOS test.

--- Window 12 Boundary Check ---
IS Period RTH Bars: 14666. Start: 2020-09-21 16:47:00+00:00 | End: 2020-11-12 20:54:00+00:00
OOS Start Bar Index: 83382 | Time: 2020-11-12 20:55:00+00:00
ADF Test Result: p-value=0.7119 (Required < 0.05) | OLS Beta: 0.0786
Filter ON: Spread not stationary (p-value too high). Skipping optimization and OOS test.

--- Window 13 Boundary Check ---
IS Period RTH Bars: 14666. Start: 2020-10-12 18:48:00+00:00 | End: 2020-12-08 15:00:00+00:00
OOS Start Bar Index: 89232 | Time: 2020-12-08 15:01:00+00:00
ADF Test Result: p-value=0.3903 (Required < 0.05) | OLS Beta: -0.2555
Filter ON: Spread not stationary (p-value too high). Skipping optimization and OOS test.

--- Window 14 Boundary Check ---
IS Period RTH Bars: 14666. Start: 2020-11-03 15:57:00+00:00 | End: 2020-12-30 20:27:00+00:00
OOS Start Bar Index: 95082 | Time: 2020-12-30 20:28:00+00:00
ADF Test Result: p-value=0.0280 (Required < 0.05) | OLS Beta: -0.0578
Filter OFF: Spread is stationary. Proceeding with optimization.
IS Optimization Time: 0.13 seconds.
Optimal Params (Sharpe=3.7919, Calmar=17.1927): Z_E=3.3, Z_X=0.3, Z_SL=3.6
📊 Persistence: Saved 1655 PnL points to wfa_outputs\oos_equity_curve_MCD_YUM_1m_20251105_161352_0.05.csv
OOS Period (2020-12-30 20:28:00+00:00 to 2021-01-25 16:33:00+00:00): PnL: $0.00 | Sharpe: 0.0000 | Calmar: 0.0000 | Trades: 0

--- Window 15 Boundary Check ---
IS Period RTH Bars: 14666. Start: 2020-11-24 19:10:00+00:00 | End: 2021-01-25 16:33:00+00:00
OOS Start Bar Index: 100932 | Time: 2021-01-25 16:34:00+00:00
ADF Test Result: p-value=0.0293 (Required < 0.05) | OLS Beta: 0.3008
Filter OFF: Spread is stationary. Proceeding with optimization.
IS Optimization Time: 0.14 seconds.
Optimal Params (Sharpe=0.9725, Calmar=3.8875): Z_E=2.3, Z_X=0.5, Z_SL=3.9
📊 Persistence: Saved 1656 PnL points to wfa_outputs\oos_equity_curve_MCD_YUM_1m_20251105_161352_0.05.csv
OOS Period (2021-01-25 16:34:00+00:00 to 2021-02-16 17:23:00+00:00): PnL: $94.26 | Sharpe: 4.0991 | Calmar: 0.0000 | Trades: 1

--- Window 16 Boundary Check ---
IS Period RTH Bars: 14666. Start: 2020-12-17 18:14:00+00:00 | End: 2021-02-16 17:23:00+00:00
OOS Start Bar Index: 106782 | Time: 2021-02-16 17:24:00+00:00
ADF Test Result: p-value=0.0524 (Required < 0.05) | OLS Beta: 0.2481
Filter ON: Spread not stationary (p-value too high). Skipping optimization and OOS test.

--- Window 17 Boundary Check ---
IS Period RTH Bars: 14666. Start: 2021-01-12 17:34:00+00:00 | End: 2021-03-09 17:59:00+00:00
OOS Start Bar Index: 112632 | Time: 2021-03-09 18:00:00+00:00
ADF Test Result: p-value=0.0973 (Required < 0.05) | OLS Beta: 0.3274
Filter ON: Spread not stationary (p-value too high). Skipping optimization and OOS test.

--- Window 18 Boundary Check ---
IS Period RTH Bars: 14666. Start: 2021-02-03 19:29:00+00:00 | End: 2021-03-30 18:01:00+00:00
OOS Start Bar Index: 118482 | Time: 2021-03-30 18:02:00+00:00
ADF Test Result: p-value=0.0116 (Required < 0.05) | OLS Beta: 1.4006
Filter OFF: Spread is stationary. Proceeding with optimization.
IS Optimization Time: 0.13 seconds.
Optimal Params (Sharpe=5.7403, Calmar=47.2285): Z_E=1.9, Z_X=1.3, Z_SL=4.5
📊 Persistence: Saved 3002 PnL points to wfa_outputs\oos_equity_curve_MCD_YUM_1m_20251105_161352_0.05.csv
OOS Period (2021-03-30 18:02:00+00:00 to 2021-04-23 14:33:00+00:00): PnL: $-93.25 | Sharpe: -2.1143 | Calmar: -5.7237 | Trades: 1346

--- Window 19 Boundary Check ---
IS Period RTH Bars: 14666. Start: 2021-02-25 20:20:00+00:00 | End: 2021-04-23 14:33:00+00:00
OOS Start Bar Index: 124332 | Time: 2021-04-23 14:34:00+00:00
ADF Test Result: p-value=0.4546 (Required < 0.05) | OLS Beta: 0.8259
Filter ON: Spread not stationary (p-value too high). Skipping optimization and OOS test.

--- Window 20 Boundary Check ---
IS Period RTH Bars: 14666. Start: 2021-03-18 19:52:00+00:00 | End: 2021-05-14 16:13:00+00:00
OOS Start Bar Index: 130182 | Time: 2021-05-14 16:14:00+00:00
ADF Test Result: p-value=0.0092 (Required < 0.05) | OLS Beta: 0.3856
Filter OFF: Spread is stationary. Proceeding with optimization.
IS Optimization Time: 0.15 seconds.
Optimal Params (Sharpe=8.2035, Calmar=179.1961): Z_E=1.9, Z_X=0.7, Z_SL=4.2
📊 Persistence: Saved 3004 PnL points to wfa_outputs\oos_equity_curve_MCD_YUM_1m_20251105_161352_0.05.csv
OOS Period (2021-05-14 16:14:00+00:00 to 2021-06-07 17:16:00+00:00): PnL: $123.78 | Sharpe: 5.7963 | Calmar: 0.0000 | Trades: 2

--- Window 21 Boundary Check ---
IS Period RTH Bars: 14666. Start: 2021-04-12 15:15:00+00:00 | End: 2021-06-07 17:16:00+00:00
OOS Start Bar Index: 136032 | Time: 2021-06-07 17:17:00+00:00
ADF Test Result: p-value=0.0380 (Required < 0.05) | OLS Beta: 0.2630
Filter OFF: Spread is stationary. Proceeding with optimization.
IS Optimization Time: 0.14 seconds.
Optimal Params (Sharpe=8.1656, Calmar=68.2601): Z_E=1.9, Z_X=0.7, Z_SL=4.2
📊 Persistence: Saved 3006 PnL points to wfa_outputs\oos_equity_curve_MCD_YUM_1m_20251105_161352_0.05.csv
OOS Period (2021-06-07 17:17:00+00:00 to 2021-06-28 18:51:00+00:00): PnL: $164.08 | Sharpe: 5.7946 | Calmar: 0.0000 | Trades: 2

--- Window 22 Boundary Check ---
IS Period RTH Bars: 14666. Start: 2021-05-04 17:48:00+00:00 | End: 2021-06-28 18:51:00+00:00
OOS Start Bar Index: 141882 | Time: 2021-06-28 18:52:00+00:00
ADF Test Result: p-value=0.1152 (Required < 0.05) | OLS Beta: 0.1655
Filter ON: Spread not stationary (p-value too high). Skipping optimization and OOS test.

--- Window 23 Boundary Check ---
IS Period RTH Bars: 14666. Start: 2021-05-25 19:25:00+00:00 | End: 2021-07-21 14:41:00+00:00
OOS Start Bar Index: 147732 | Time: 2021-07-21 14:42:00+00:00
ADF Test Result: p-value=0.0378 (Required < 0.05) | OLS Beta: 0.2694
Filter OFF: Spread is stationary. Proceeding with optimization.
IS Optimization Time: 0.16 seconds.
Optimal Params (Sharpe=0.2644, Calmar=0.7718): Z_E=3.3, Z_X=0.3, Z_SL=3.6
📊 Persistence: Saved 3827 PnL points to wfa_outputs\oos_equity_curve_MCD_YUM_1m_20251105_161352_0.05.csv
OOS Period (2021-07-21 14:42:00+00:00 to 2021-08-11 16:18:00+00:00): PnL: $184.21 | Sharpe: 3.1930 | Calmar: 44.9170 | Trades: 821

--- Window 24 Boundary Check ---
IS Period RTH Bars: 14666. Start: 2021-06-17 13:59:00+00:00 | End: 2021-08-11 16:18:00+00:00
OOS Start Bar Index: 153582 | Time: 2021-08-11 16:19:00+00:00
ADF Test Result: p-value=0.4753 (Required < 0.05) | OLS Beta: 0.1598
Filter ON: Spread not stationary (p-value too high). Skipping optimization and OOS test.

--- Window 25 Boundary Check ---
IS Period RTH Bars: 14666. Start: 2021-07-09 15:49:00+00:00 | End: 2021-09-02 15:39:00+00:00
OOS Start Bar Index: 159432 | Time: 2021-09-02 15:40:00+00:00
ADF Test Result: p-value=0.3338 (Required < 0.05) | OLS Beta: 0.0556
Filter ON: Spread not stationary (p-value too high). Skipping optimization and OOS test.

--- Window 26 Boundary Check ---
IS Period RTH Bars: 14666. Start: 2021-07-30 17:33:00+00:00 | End: 2021-09-24 17:24:00+00:00
OOS Start Bar Index: 165282 | Time: 2021-09-24 17:25:00+00:00
ADF Test Result: p-value=0.0026 (Required < 0.05) | OLS Beta: -0.4380
Filter OFF: Spread is stationary. Proceeding with optimization.
IS Optimization Time: 0.13 seconds.
Optimal Params (Sharpe=4.3005, Calmar=24.2441): Z_E=1.9, Z_X=0.7, Z_SL=4.5
📊 Persistence: Saved 3832 PnL points to wfa_outputs\oos_equity_curve_MCD_YUM_1m_20251105_161352_0.05.csv
OOS Period (2021-09-24 17:25:00+00:00 to 2021-10-15 19:01:00+00:00): PnL: $65.35 | Sharpe: 3.7076 | Calmar: 38.5690 | Trades: 5

--- Window 27 Boundary Check ---
IS Period RTH Bars: 14666. Start: 2021-08-23 16:09:00+00:00 | End: 2021-10-15 19:01:00+00:00
OOS Start Bar Index: 171132 | Time: 2021-10-15 19:02:00+00:00
ADF Test Result: p-value=0.0012 (Required < 0.05) | OLS Beta: -0.4160
Filter OFF: Spread is stationary. Proceeding with optimization.
IS Optimization Time: 0.16 seconds.
Optimal Params (Sharpe=3.0402, Calmar=10.5716): Z_E=1.9, Z_X=0.7, Z_SL=3.3
📊 Persistence: Saved 4514 PnL points to wfa_outputs\oos_equity_curve_MCD_YUM_1m_20251105_161352_0.05.csv
OOS Period (2021-10-15 19:02:00+00:00 to 2021-11-09 16:58:00+00:00): PnL: $8.48 | Sharpe: 0.2194 | Calmar: 0.6506 | Trades: 682

--- Window 28 Boundary Check ---
IS Period RTH Bars: 14666. Start: 2021-09-14 19:42:00+00:00 | End: 2021-11-09 16:58:00+00:00
OOS Start Bar Index: 176982 | Time: 2021-11-09 16:59:00+00:00
ADF Test Result: p-value=0.2356 (Required < 0.05) | OLS Beta: -0.0722
Filter ON: Spread not stationary (p-value too high). Skipping optimization and OOS test.

--- Window 29 Boundary Check ---
IS Period RTH Bars: 14666. Start: 2021-10-06 13:54:00+00:00 | End: 2021-12-02 17:34:00+00:00
OOS Start Bar Index: 182832 | Time: 2021-12-02 17:35:00+00:00
ADF Test Result: p-value=0.6219 (Required < 0.05) | OLS Beta: 0.5029
Filter ON: Spread not stationary (p-value too high). Skipping optimization and OOS test.

--- Window 30 Boundary Check ---
IS Period RTH Bars: 14666. Start: 2021-10-28 17:09:00+00:00 | End: 2021-12-27 18:58:00+00:00
OOS Start Bar Index: 188682 | Time: 2021-12-27 18:59:00+00:00
ADF Test Result: p-value=0.0055 (Required < 0.05) | OLS Beta: 0.8510
Filter OFF: Spread is stationary. Proceeding with optimization.
IS Optimization Time: 0.13 seconds.
Optimal Params (Sharpe=4.5214, Calmar=22.4286): Z_E=1.9, Z_X=0.3, Z_SL=4.2
📊 Persistence: Saved 4537 PnL points to wfa_outputs\oos_equity_curve_MCD_YUM_1m_20251105_161352_0.05.csv
OOS Period (2021-12-27 18:59:00+00:00 to 2022-01-20 15:25:00+00:00): PnL: $-29.14 | Sharpe: -1.1942 | Calmar: -4.8093 | Trades: 23

--- Window 31 Boundary Check ---
IS Period RTH Bars: 14666. Start: 2021-11-19 16:00:00+00:00 | End: 2022-01-20 15:25:00+00:00
OOS Start Bar Index: 194532 | Time: 2022-01-20 15:26:00+00:00
ADF Test Result: p-value=0.4617 (Required < 0.05) | OLS Beta: 0.7109
Filter ON: Spread not stationary (p-value too high). Skipping optimization and OOS test.

--- Window 32 Boundary Check ---
IS Period RTH Bars: 14666. Start: 2021-12-14 16:37:00+00:00 | End: 2022-02-11 17:20:00+00:00
OOS Start Bar Index: 200382 | Time: 2022-02-11 17:21:00+00:00
ADF Test Result: p-value=0.0174 (Required < 0.05) | OLS Beta: 0.4435
Filter OFF: Spread is stationary. Proceeding with optimization.
IS Optimization Time: 0.13 seconds.
Optimal Params (Sharpe=5.3182, Calmar=29.0790): Z_E=1.9, Z_X=0.5, Z_SL=4.8
📊 Persistence: Saved 5802 PnL points to wfa_outputs\oos_equity_curve_MCD_YUM_1m_20251105_161352_0.05.csv
OOS Period (2022-02-11 17:21:00+00:00 to 2022-03-07 18:28:00+00:00): PnL: $-496.32 | Sharpe: -9.1758 | Calmar: -10.7546 | Trades: 1265

--- Window 33 Boundary Check ---
IS Period RTH Bars: 14666. Start: 2022-01-07 15:49:00+00:00 | End: 2022-03-07 18:28:00+00:00
OOS Start Bar Index: 206232 | Time: 2022-03-07 18:29:00+00:00
ADF Test Result: p-value=0.6458 (Required < 0.05) | OLS Beta: 0.8799
Filter ON: Spread not stationary (p-value too high). Skipping optimization and OOS test.

--- Window 34 Boundary Check ---
IS Period RTH Bars: 14666. Start: 2022-02-01 18:30:00+00:00 | End: 2022-03-30 13:31:00+00:00
OOS Start Bar Index: 212082 | Time: 2022-03-30 13:32:00+00:00
ADF Test Result: p-value=0.0096 (Required < 0.05) | OLS Beta: 1.4094
Filter OFF: Spread is stationary. Proceeding with optimization.
IS Optimization Time: 0.13 seconds.
Optimal Params (Sharpe=4.7063, Calmar=44.4974): Z_E=2.7, Z_X=0.3, Z_SL=4.8
📊 Persistence: Saved 5803 PnL points to wfa_outputs\oos_equity_curve_MCD_YUM_1m_20251105_161352_0.05.csv
OOS Period (2022-03-30 13:32:00+00:00 to 2022-04-21 14:35:00+00:00): PnL: $184.41 | Sharpe: 4.0991 | Calmar: 0.0000 | Trades: 1

--- Window 35 Boundary Check ---
IS Period RTH Bars: 14666. Start: 2022-02-23 20:20:00+00:00 | End: 2022-04-21 14:35:00+00:00
OOS Start Bar Index: 217932 | Time: 2022-04-21 14:36:00+00:00
ADF Test Result: p-value=0.4759 (Required < 0.05) | OLS Beta: 1.2252
Filter ON: Spread not stationary (p-value too high). Skipping optimization and OOS test.

--- Window 36 Boundary Check ---
IS Period RTH Bars: 14666. Start: 2022-03-18 14:31:00+00:00 | End: 2022-05-12 15:36:00+00:00
OOS Start Bar Index: 223782 | Time: 2022-05-12 15:37:00+00:00
ADF Test Result: p-value=0.1530 (Required < 0.05) | OLS Beta: 0.2524
Filter ON: Spread not stationary (p-value too high). Skipping optimization and OOS test.

--- Window 37 Boundary Check ---
IS Period RTH Bars: 14666. Start: 2022-04-08 16:29:00+00:00 | End: 2022-06-03 17:12:00+00:00
OOS Start Bar Index: 229632 | Time: 2022-06-03 17:13:00+00:00
ADF Test Result: p-value=0.2878 (Required < 0.05) | OLS Beta: 0.5241
Filter ON: Spread not stationary (p-value too high). Skipping optimization and OOS test.

--- Window 38 Boundary Check ---
IS Period RTH Bars: 14666. Start: 2022-05-02 17:56:00+00:00 | End: 2022-06-28 14:24:00+00:00
OOS Start Bar Index: 235482 | Time: 2022-06-28 14:25:00+00:00
ADF Test Result: p-value=0.3051 (Required < 0.05) | OLS Beta: 0.5283
Filter ON: Spread not stationary (p-value too high). Skipping optimization and OOS test.

--- Window 39 Boundary Check ---
IS Period RTH Bars: 14666. Start: 2022-05-23 18:30:00+00:00 | End: 2022-07-20 19:49:00+00:00
OOS Start Bar Index: 241332 | Time: 2022-07-20 19:50:00+00:00
ADF Test Result: p-value=0.1770 (Required < 0.05) | OLS Beta: 0.6298
Filter ON: Spread not stationary (p-value too high). Skipping optimization and OOS test.

--- Window 40 Boundary Check ---
IS Period RTH Bars: 14666. Start: 2022-06-15 15:03:00+00:00 | End: 2022-08-11 14:23:00+00:00
OOS Start Bar Index: 247182 | Time: 2022-08-11 14:24:00+00:00
ADF Test Result: p-value=0.0915 (Required < 0.05) | OLS Beta: 0.9381
Filter ON: Spread not stationary (p-value too high). Skipping optimization and OOS test.

--- Window 41 Boundary Check ---
IS Period RTH Bars: 14666. Start: 2022-07-08 19:56:00+00:00 | End: 2022-09-01 16:39:00+00:00
OOS Start Bar Index: 253032 | Time: 2022-09-01 16:40:00+00:00
ADF Test Result: p-value=0.4332 (Required < 0.05) | OLS Beta: 0.2039
Filter ON: Spread not stationary (p-value too high). Skipping optimization and OOS test.

--- Window 42 Boundary Check ---
IS Period RTH Bars: 14666. Start: 2022-08-01 16:34:00+00:00 | End: 2022-09-23 17:46:00+00:00
OOS Start Bar Index: 258882 | Time: 2022-09-23 17:47:00+00:00
ADF Test Result: p-value=0.6342 (Required < 0.05) | OLS Beta: 0.4889
Filter ON: Spread not stationary (p-value too high). Skipping optimization and OOS test.

--- Window 43 Boundary Check ---
IS Period RTH Bars: 14666. Start: 2022-08-22 18:04:00+00:00 | End: 2022-10-14 19:28:00+00:00
OOS Start Bar Index: 264732 | Time: 2022-10-14 19:29:00+00:00
ADF Test Result: p-value=0.3757 (Required < 0.05) | OLS Beta: 1.1458
Filter ON: Spread not stationary (p-value too high). Skipping optimization and OOS test.

--- Window 44 Boundary Check ---
IS Period RTH Bars: 14666. Start: 2022-09-13 19:44:00+00:00 | End: 2022-11-04 19:53:00+00:00
OOS Start Bar Index: 270582 | Time: 2022-11-04 19:54:00+00:00
ADF Test Result: p-value=0.3627 (Required < 0.05) | OLS Beta: 1.2287
Filter ON: Spread not stationary (p-value too high). Skipping optimization and OOS test.

--- Window 45 Boundary Check ---
IS Period RTH Bars: 14666. Start: 2022-10-05 14:52:00+00:00 | End: 2022-11-29 18:42:00+00:00
OOS Start Bar Index: 276432 | Time: 2022-11-29 18:43:00+00:00
ADF Test Result: p-value=0.2857 (Required < 0.05) | OLS Beta: 0.8730
Filter ON: Spread not stationary (p-value too high). Skipping optimization and OOS test.

--- Window 46 Boundary Check ---
IS Period RTH Bars: 14666. Start: 2022-10-26 15:52:00+00:00 | End: 2022-12-20 19:59:00+00:00
OOS Start Bar Index: 282282 | Time: 2022-12-20 20:00:00+00:00
ADF Test Result: p-value=0.0053 (Required < 0.05) | OLS Beta: 0.1099
Filter OFF: Spread is stationary. Proceeding with optimization.
IS Optimization Time: 0.15 seconds.
Optimal Params (Sharpe=6.0017, Calmar=0.0000): Z_E=3.3, Z_X=0.9, Z_SL=3.6
📊 Persistence: Saved 5837 PnL points to wfa_outputs\oos_equity_curve_MCD_YUM_1m_20251105_161352_0.05.csv
OOS Period (2022-12-20 20:00:00+00:00 to 2023-01-13 16:26:00+00:00): PnL: $233.97 | Sharpe: 3.3171 | Calmar: 69.4683 | Trades: 34

--- Window 47 Boundary Check ---
IS Period RTH Bars: 14666. Start: 2022-11-16 17:39:00+00:00 | End: 2023-01-13 16:26:00+00:00
OOS Start Bar Index: 288132 | Time: 2023-01-13 16:27:00+00:00
ADF Test Result: p-value=0.2348 (Required < 0.05) | OLS Beta: -0.0510
Filter ON: Spread not stationary (p-value too high). Skipping optimization and OOS test.

--- Window 48 Boundary Check ---
IS Period RTH Bars: 14666. Start: 2022-12-09 15:18:00+00:00 | End: 2023-02-06 18:36:00+00:00
OOS Start Bar Index: 293982 | Time: 2023-02-06 18:37:00+00:00
ADF Test Result: p-value=0.1794 (Required < 0.05) | OLS Beta: 0.6984
Filter ON: Spread not stationary (p-value too high). Skipping optimization and OOS test.

--- Window 49 Boundary Check ---
IS Period RTH Bars: 14666. Start: 2023-01-03 17:40:00+00:00 | End: 2023-02-28 19:45:00+00:00
OOS Start Bar Index: 299832 | Time: 2023-02-28 19:46:00+00:00
ADF Test Result: p-value=0.0289 (Required < 0.05) | OLS Beta: 0.0479
Filter OFF: Spread is stationary. Proceeding with optimization.
IS Optimization Time: 0.15 seconds.
Optimal Params (Sharpe=3.3535, Calmar=20.2732): Z_E=3.3, Z_X=1.1, Z_SL=4.8
📊 Persistence: Saved 5837 PnL points to wfa_outputs\oos_equity_curve_MCD_YUM_1m_20251105_161352_0.05.csv
OOS Period (2023-02-28 19:46:00+00:00 to 2023-03-22 14:06:00+00:00): PnL: $0.00 | Sharpe: 0.0000 | Calmar: 0.0000 | Trades: 0

--- Window 50 Boundary Check ---
IS Period RTH Bars: 14666. Start: 2023-01-25 20:38:00+00:00 | End: 2023-03-22 14:06:00+00:00
OOS Start Bar Index: 305682 | Time: 2023-03-22 14:07:00+00:00
ADF Test Result: p-value=0.0273 (Required < 0.05) | OLS Beta: 0.0310
Filter OFF: Spread is stationary. Proceeding with optimization.
IS Optimization Time: 0.14 seconds.
Optimal Params (Sharpe=4.9237, Calmar=67.6040): Z_E=2.7, Z_X=0.3, Z_SL=4.8
📊 Persistence: Saved 7267 PnL points to wfa_outputs\oos_equity_curve_MCD_YUM_1m_20251105_161352_0.05.csv
OOS Period (2023-03-22 14:07:00+00:00 to 2023-04-13 17:42:00+00:00): PnL: $-350.07 | Sharpe: -5.5480 | Calmar: -12.1705 | Trades: 1430

--- Window 51 Boundary Check ---
IS Period RTH Bars: 14666. Start: 2023-02-16 15:03:00+00:00 | End: 2023-04-13 17:42:00+00:00
OOS Start Bar Index: 311532 | Time: 2023-04-13 17:43:00+00:00
ADF Test Result: p-value=0.1069 (Required < 0.05) | OLS Beta: 1.2970
Filter ON: Spread not stationary (p-value too high). Skipping optimization and OOS test.

--- Window 52 Boundary Check ---
IS Period RTH Bars: 14666. Start: 2023-03-10 16:37:00+00:00 | End: 2023-05-04 19:27:00+00:00
OOS Start Bar Index: 317382 | Time: 2023-05-04 19:28:00+00:00
ADF Test Result: p-value=0.3189 (Required < 0.05) | OLS Beta: 0.9900
Filter ON: Spread not stationary (p-value too high). Skipping optimization and OOS test.

--- Window 53 Boundary Check ---
IS Period RTH Bars: 14666. Start: 2023-03-31 18:56:00+00:00 | End: 2023-05-26 16:13:00+00:00
OOS Start Bar Index: 323232 | Time: 2023-05-26 16:14:00+00:00
ADF Test Result: p-value=0.1100 (Required < 0.05) | OLS Beta: 0.6358
Filter ON: Spread not stationary (p-value too high). Skipping optimization and OOS test.

--- Window 54 Boundary Check ---
IS Period RTH Bars: 14666. Start: 2023-04-25 14:30:00+00:00 | End: 2023-06-20 18:08:00+00:00
OOS Start Bar Index: 329082 | Time: 2023-06-20 18:09:00+00:00
ADF Test Result: p-value=0.0903 (Required < 0.05) | OLS Beta: 0.5125
Filter ON: Spread not stationary (p-value too high). Skipping optimization and OOS test.

--- Window 55 Boundary Check ---
IS Period RTH Bars: 14666. Start: 2023-05-16 17:57:00+00:00 | End: 2023-07-13 18:05:00+00:00
OOS Start Bar Index: 334932 | Time: 2023-07-13 18:06:00+00:00
ADF Test Result: p-value=0.3422 (Required < 0.05) | OLS Beta: 0.5692
Filter ON: Spread not stationary (p-value too high). Skipping optimization and OOS test.

--- Window 56 Boundary Check ---
IS Period RTH Bars: 14666. Start: 2023-06-07 19:36:00+00:00 | End: 2023-08-04 15:43:00+00:00
OOS Start Bar Index: 340782 | Time: 2023-08-04 15:44:00+00:00
ADF Test Result: p-value=0.0329 (Required < 0.05) | OLS Beta: 0.5232
Filter OFF: Spread is stationary. Proceeding with optimization.
IS Optimization Time: 0.14 seconds.
Optimal Params (Sharpe=7.0224, Calmar=81.5474): Z_E=2.5, Z_X=0.9, Z_SL=3.6
📊 Persistence: Saved 7267 PnL points to wfa_outputs\oos_equity_curve_MCD_YUM_1m_20251105_161352_0.05.csv
OOS Period (2023-08-04 15:44:00+00:00 to 2023-08-28 16:15:00+00:00): PnL: $0.00 | Sharpe: 0.0000 | Calmar: 0.0000 | Trades: 0

--- Window 57 Boundary Check ---
IS Period RTH Bars: 14666. Start: 2023-06-30 15:46:00+00:00 | End: 2023-08-28 16:15:00+00:00
OOS Start Bar Index: 346632 | Time: 2023-08-28 16:16:00+00:00
ADF Test Result: p-value=0.0902 (Required < 0.05) | OLS Beta: 0.7580
Filter ON: Spread not stationary (p-value too high). Skipping optimization and OOS test.

--- Window 58 Boundary Check ---
IS Period RTH Bars: 14666. Start: 2023-07-25 17:12:00+00:00 | End: 2023-09-20 16:21:00+00:00
OOS Start Bar Index: 352482 | Time: 2023-09-20 16:22:00+00:00
ADF Test Result: p-value=0.0013 (Required < 0.05) | OLS Beta: 0.6476
Filter OFF: Spread is stationary. Proceeding with optimization.
IS Optimization Time: 0.13 seconds.
Optimal Params (Sharpe=6.2141, Calmar=62.3473): Z_E=2.3, Z_X=1.1, Z_SL=4.5
📊 Persistence: Saved 9460 PnL points to wfa_outputs\oos_equity_curve_MCD_YUM_1m_20251105_161352_0.05.csv
OOS Period (2023-09-20 16:22:00+00:00 to 2023-10-11 18:27:00+00:00): PnL: $-109.05 | Sharpe: -3.1014 | Calmar: -6.6781 | Trades: 2193

--- Window 59 Boundary Check ---
IS Period RTH Bars: 14666. Start: 2023-08-16 16:13:00+00:00 | End: 2023-10-11 18:27:00+00:00
OOS Start Bar Index: 358332 | Time: 2023-10-11 18:28:00+00:00
ADF Test Result: p-value=0.2245 (Required < 0.05) | OLS Beta: 1.4617
Filter ON: Spread not stationary (p-value too high). Skipping optimization and OOS test.

--- Window 60 Boundary Check ---
IS Period RTH Bars: 14666. Start: 2023-09-08 15:51:00+00:00 | End: 2023-11-02 14:06:00+00:00
OOS Start Bar Index: 364182 | Time: 2023-11-02 14:07:00+00:00
ADF Test Result: p-value=0.2197 (Required < 0.05) | OLS Beta: 1.2731
Filter ON: Spread not stationary (p-value too high). Skipping optimization and OOS test.

--- Window 61 Boundary Check ---
IS Period RTH Bars: 14666. Start: 2023-10-02 13:53:00+00:00 | End: 2023-11-27 15:51:00+00:00
OOS Start Bar Index: 370032 | Time: 2023-11-27 15:52:00+00:00
ADF Test Result: p-value=0.2341 (Required < 0.05) | OLS Beta: 1.1434
Filter ON: Spread not stationary (p-value too high). Skipping optimization and OOS test.

--- Window 62 Boundary Check ---
IS Period RTH Bars: 14666. Start: 2023-10-23 15:19:00+00:00 | End: 2023-12-18 18:45:00+00:00
OOS Start Bar Index: 375882 | Time: 2023-12-18 18:46:00+00:00
ADF Test Result: p-value=0.6183 (Required < 0.05) | OLS Beta: 1.3325
Filter ON: Spread not stationary (p-value too high). Skipping optimization and OOS test.

--- Window 63 Boundary Check ---
IS Period RTH Bars: 14666. Start: 2023-11-13 19:34:00+00:00 | End: 2024-01-11 18:30:00+00:00
OOS Start Bar Index: 381732 | Time: 2024-01-11 18:31:00+00:00
ADF Test Result: p-value=0.3621 (Required < 0.05) | OLS Beta: 0.9272
Filter ON: Spread not stationary (p-value too high). Skipping optimization and OOS test.

--- Window 64 Boundary Check ---
IS Period RTH Bars: 14666. Start: 2023-12-06 20:05:00+00:00 | End: 2024-02-02 20:58:00+00:00
OOS Start Bar Index: 387582 | Time: 2024-02-02 20:59:00+00:00
ADF Test Result: p-value=0.3476 (Required < 0.05) | OLS Beta: 0.6176
Filter ON: Spread not stationary (p-value too high). Skipping optimization and OOS test.

--- Window 65 Boundary Check ---
IS Period RTH Bars: 14666. Start: 2023-12-29 18:43:00+00:00 | End: 2024-02-27 15:41:00+00:00
OOS Start Bar Index: 393432 | Time: 2024-02-27 15:42:00+00:00
ADF Test Result: p-value=0.1943 (Required < 0.05) | OLS Beta: 0.2317
Filter ON: Spread not stationary (p-value too high). Skipping optimization and OOS test.

--- Window 66 Boundary Check ---
IS Period RTH Bars: 14666. Start: 2024-01-24 16:23:00+00:00 | End: 2024-03-19 16:52:00+00:00
OOS Start Bar Index: 399282 | Time: 2024-03-19 16:53:00+00:00
ADF Test Result: p-value=0.1930 (Required < 0.05) | OLS Beta: 0.0864
Filter ON: Spread not stationary (p-value too high). Skipping optimization and OOS test.

--- Window 67 Boundary Check ---
IS Period RTH Bars: 14666. Start: 2024-02-14 17:24:00+00:00 | End: 2024-04-10 19:28:00+00:00
OOS Start Bar Index: 405132 | Time: 2024-04-10 19:29:00+00:00
ADF Test Result: p-value=0.9730 (Required < 0.05) | OLS Beta: 0.5997
Filter ON: Spread not stationary (p-value too high). Skipping optimization and OOS test.

--- Window 68 Boundary Check ---
IS Period RTH Bars: 14666. Start: 2024-03-07 18:58:00+00:00 | End: 2024-05-02 14:43:00+00:00
OOS Start Bar Index: 410982 | Time: 2024-05-02 14:44:00+00:00
ADF Test Result: p-value=0.3571 (Required < 0.05) | OLS Beta: 0.4264
Filter ON: Spread not stationary (p-value too high). Skipping optimization and OOS test.

--- Window 69 Boundary Check ---
IS Period RTH Bars: 14666. Start: 2024-04-01 14:46:00+00:00 | End: 2024-05-23 17:21:00+00:00
OOS Start Bar Index: 416832 | Time: 2024-05-23 17:22:00+00:00
ADF Test Result: p-value=0.3159 (Required < 0.05) | OLS Beta: 0.5009
Filter ON: Spread not stationary (p-value too high). Skipping optimization and OOS test.

--- Window 70 Boundary Check ---
IS Period RTH Bars: 14666. Start: 2024-04-22 16:32:00+00:00 | End: 2024-06-14 19:55:00+00:00
OOS Start Bar Index: 422682 | Time: 2024-06-14 19:56:00+00:00
ADF Test Result: p-value=0.7734 (Required < 0.05) | OLS Beta: 0.6042
Filter ON: Spread not stationary (p-value too high). Skipping optimization and OOS test.

--- Window 71 Boundary Check ---
IS Period RTH Bars: 14666. Start: 2024-05-13 18:15:00+00:00 | End: 2024-07-10 18:35:00+00:00
OOS Start Bar Index: 428532 | Time: 2024-07-10 18:36:00+00:00
ADF Test Result: p-value=0.1284 (Required < 0.05) | OLS Beta: 0.6158
Filter ON: Spread not stationary (p-value too high). Skipping optimization and OOS test.

--- Window 72 Boundary Check ---
IS Period RTH Bars: 14666. Start: 2024-06-05 14:24:00+00:00 | End: 2024-08-01 13:38:00+00:00
OOS Start Bar Index: 434382 | Time: 2024-08-01 13:39:00+00:00
ADF Test Result: p-value=0.4978 (Required < 0.05) | OLS Beta: 0.1477
Filter ON: Spread not stationary (p-value too high). Skipping optimization and OOS test.

--- Window 73 Boundary Check ---
IS Period RTH Bars: 14666. Start: 2024-06-27 17:29:00+00:00 | End: 2024-08-22 16:45:00+00:00
OOS Start Bar Index: 440232 | Time: 2024-08-22 16:46:00+00:00
ADF Test Result: p-value=0.5184 (Required < 0.05) | OLS Beta: 1.2528
Filter ON: Spread not stationary (p-value too high). Skipping optimization and OOS test.

--- Window 74 Boundary Check ---
IS Period RTH Bars: 14666. Start: 2024-07-22 15:25:00+00:00 | End: 2024-09-16 14:37:00+00:00
OOS Start Bar Index: 446082 | Time: 2024-09-16 14:38:00+00:00
ADF Test Result: p-value=0.9186 (Required < 0.05) | OLS Beta: 1.2043
Filter ON: Spread not stationary (p-value too high). Skipping optimization and OOS test.

--- Window 75 Boundary Check ---
IS Period RTH Bars: 14666. Start: 2024-08-12 17:05:00+00:00 | End: 2024-10-07 18:52:00+00:00
OOS Start Bar Index: 451932 | Time: 2024-10-07 18:53:00+00:00
ADF Test Result: p-value=0.1187 (Required < 0.05) | OLS Beta: 0.0256
Filter ON: Spread not stationary (p-value too high). Skipping optimization and OOS test.

--- Window 76 Boundary Check ---
IS Period RTH Bars: 14666. Start: 2024-09-04 15:11:00+00:00 | End: 2024-10-29 19:15:00+00:00
OOS Start Bar Index: 457782 | Time: 2024-10-29 19:16:00+00:00
ADF Test Result: p-value=0.2829 (Required < 0.05) | OLS Beta: 0.3903
Filter ON: Spread not stationary (p-value too high). Skipping optimization and OOS test.

--- Window 77 Boundary Check ---
IS Period RTH Bars: 14666. Start: 2024-09-25 19:14:00+00:00 | End: 2024-11-20 17:01:00+00:00
OOS Start Bar Index: 463632 | Time: 2024-11-20 17:03:00+00:00
ADF Test Result: p-value=0.5367 (Required < 0.05) | OLS Beta: 0.1625
Filter ON: Spread not stationary (p-value too high). Skipping optimization and OOS test.

--- Window 78 Boundary Check ---
IS Period RTH Bars: 14666. Start: 2024-10-17 18:37:00+00:00 | End: 2024-12-16 15:39:00+00:00
OOS Start Bar Index: 469482 | Time: 2024-12-16 15:43:00+00:00
ADF Test Result: p-value=0.0342 (Required < 0.05) | OLS Beta: 0.1732
Filter OFF: Spread is stationary. Proceeding with optimization.
IS Optimization Time: 0.13 seconds.
Optimal Params (Sharpe=4.9589, Calmar=32.5943): Z_E=2.7, Z_X=1.3, Z_SL=4.8
📊 Persistence: Saved 9460 PnL points to wfa_outputs\oos_equity_curve_MCD_YUM_1m_20251105_161352_0.05.csv
OOS Period (2024-12-16 15:43:00+00:00 to 2025-01-03 20:59:00+00:00): PnL: $0.00 | Sharpe: 0.0000 | Calmar: 0.0000 | Trades: 0

############################################################
📈 OVERALL SIMULATION PERFORMANCE (Walk-Forward Test)
############################################################
Timeframe Used: 1Min, Value: 1
ADF Cointegration Filter Threshold: 0.05
Total OOS Windows Tested: 78
Total Trades Executed: 9460
--- Final Performance Metrics ---
Total PnL: $-271.83
Overall Sharpe Ratio (Annualized): -0.0985
Overall Calmar Ratio (Annualized): -0.0200
Maximum Dollar Drawdown (MDD): $810.57

--- Execution Time ---
Total Elapsed Time: 146.77 seconds
############################################################
[0m