--- Dynamic Timeframe Configuration ---
TimeFrame Selected: 1Min, Value: 1
Bars per Trading Day: 390
Annualization Factor (Bars/Year): 98280
Statistical Lookback Bars: 2184
Optimization Lookback Bars: 19032
---------------------------------------
--- Diagnostic Check ---
API Key ID Length: 26
API Secret Key Length: 44
StockHistoricalDataClient initialized successfully. Starting data fetch...
--------------------------
Pre-compiling Numba function for first run optimization...
Numba pre-compilation complete.
Fetching data from 2020-01-22 to 2025-01-20...
Fetching 1Min data for MCD...
Fetching 1Min data for YUM...
Data acquired successfully. Total 1Min RTH bars: 473963
Skipping full pre-calculation. Metrics will be calculated inside the WFA loop.

============================================================
📈 Starting Rolling Backtest: IS Optimization Window=19032 bars, Shift=15 days
   Data already processed with Statistical Rolling Window: 2184 bars
   ADF Cointegration Filter: p-value < 0.05
============================================================

--- Window 1 Boundary Check ---
IS Period RTH Bars: 14666. Start: 2020-02-06 16:08:00+00:00 | End: 2020-04-01 14:54:00+00:00
OOS Start Bar Index: 19032 | Time: 2020-04-01 14:55:00+00:00
ADF Test Result: p-value=0.0107 (Required < 0.05) | OLS Beta: 0.7326
Filter OFF: Spread is stationary. Proceeding with optimization.
IS Optimization Time: 0.14 seconds.
Optimal Params (Sharpe=4.4569, Calmar=27.9384): Z_E=2.7, Z_X=1.5, Z_SL=4.2
📊 Persistence: Saved 1 PnL points to wfa_outputs\oos_equity_curve_MCD_YUM_1m_20251105_161910_0.05.csv
OOS Period (2020-04-01 14:55:00+00:00 to 2020-04-23 14:59:00+00:00): PnL: $263.90 | Sharpe: 4.0991 | Calmar: 0.0000 | Trades: 1

--- Window 2 Boundary Check ---
IS Period RTH Bars: 14666. Start: 2020-02-28 17:13:00+00:00 | End: 2020-04-23 14:59:00+00:00
OOS Start Bar Index: 24882 | Time: 2020-04-23 15:00:00+00:00
ADF Test Result: p-value=0.0322 (Required < 0.05) | OLS Beta: 0.7386
Filter OFF: Spread is stationary. Proceeding with optimization.
IS Optimization Time: 0.14 seconds.
Optimal Params (Sharpe=6.4460, Calmar=66.7404): Z_E=2.7, Z_X=1.3, Z_SL=4.2
📊 Persistence: Saved 1 PnL points to wfa_outputs\oos_equity_curve_MCD_YUM_1m_20251105_161910_0.05.csv
OOS Period (2020-04-23 15:00:00+00:00 to 2020-05-14 15:12:00+00:00): PnL: $0.00 | Sharpe: 0.0000 | Calmar: 0.0000 | Trades: 0

--- Window 3 Boundary Check ---
IS Period RTH Bars: 14666. Start: 2020-03-20 17:29:00+00:00 | End: 2020-05-14 15:12:00+00:00
OOS Start Bar Index: 30732 | Time: 2020-05-14 15:13:00+00:00
ADF Test Result: p-value=0.0843 (Required < 0.05) | OLS Beta: 0.5289
Filter ON: Spread not stationary (p-value too high). Skipping optimization and OOS test.

--- Window 4 Boundary Check ---
IS Period RTH Bars: 14666. Start: 2020-04-13 17:30:00+00:00 | End: 2020-06-05 15:13:00+00:00
OOS Start Bar Index: 36582 | Time: 2020-06-05 15:14:00+00:00
ADF Test Result: p-value=0.1328 (Required < 0.05) | OLS Beta: 0.4559
Filter ON: Spread not stationary (p-value too high). Skipping optimization and OOS test.

--- Window 5 Boundary Check ---
IS Period RTH Bars: 14666. Start: 2020-05-04 17:40:00+00:00 | End: 2020-06-26 15:29:00+00:00
OOS Start Bar Index: 42432 | Time: 2020-06-26 15:30:00+00:00
ADF Test Result: p-value=0.0185 (Required < 0.05) | OLS Beta: 0.7830
Filter OFF: Spread is stationary. Proceeding with optimization.
IS Optimization Time: 0.15 seconds.
Optimal Params (Sharpe=5.2341, Calmar=0.0000): Z_E=3.3, Z_X=1.5, Z_SL=3.6
📊 Persistence: Saved 1 PnL points to wfa_outputs\oos_equity_curve_MCD_YUM_1m_20251105_161910_0.05.csv
OOS Period (2020-06-26 15:30:00+00:00 to 2020-07-20 16:36:00+00:00): PnL: $0.00 | Sharpe: 0.0000 | Calmar: 0.0000 | Trades: 0

--- Window 6 Boundary Check ---
IS Period RTH Bars: 14666. Start: 2020-05-26 17:48:00+00:00 | End: 2020-07-20 16:36:00+00:00
OOS Start Bar Index: 48282 | Time: 2020-07-20 16:37:00+00:00
ADF Test Result: p-value=0.0744 (Required < 0.05) | OLS Beta: 0.6631
Filter ON: Spread not stationary (p-value too high). Skipping optimization and OOS test.

--- Window 7 Boundary Check ---
IS Period RTH Bars: 14666. Start: 2020-06-16 17:50:00+00:00 | End: 2020-08-10 17:16:00+00:00
OOS Start Bar Index: 54132 | Time: 2020-08-10 17:17:00+00:00
ADF Test Result: p-value=0.4046 (Required < 0.05) | OLS Beta: 1.0100
Filter ON: Spread not stationary (p-value too high). Skipping optimization and OOS test.

--- Window 8 Boundary Check ---
IS Period RTH Bars: 14666. Start: 2020-07-08 18:37:00+00:00 | End: 2020-08-31 19:24:00+00:00
OOS Start Bar Index: 59982 | Time: 2020-08-31 19:25:00+00:00
ADF Test Result: p-value=0.2820 (Required < 0.05) | OLS Beta: 1.3262
Filter ON: Spread not stationary (p-value too high). Skipping optimization and OOS test.

--- Window 9 Boundary Check ---
IS Period RTH Bars: 14666. Start: 2020-07-29 19:35:00+00:00 | End: 2020-09-23 13:43:00+00:00
OOS Start Bar Index: 65832 | Time: 2020-09-23 13:44:00+00:00
ADF Test Result: p-value=0.4452 (Required < 0.05) | OLS Beta: 0.8594
Filter ON: Spread not stationary (p-value too high). Skipping optimization and OOS test.

--- Window 10 Boundary Check ---
IS Period RTH Bars: 14666. Start: 2020-08-20 14:18:00+00:00 | End: 2020-10-14 15:57:00+00:00
OOS Start Bar Index: 71682 | Time: 2020-10-14 15:58:00+00:00
ADF Test Result: p-value=0.4915 (Required < 0.05) | OLS Beta: -0.1050
Filter ON: Spread not stationary (p-value too high). Skipping optimization and OOS test.

--- Window 11 Boundary Check ---
IS Period RTH Bars: 14666. Start: 2020-09-11 15:51:00+00:00 | End: 2020-11-04 19:20:00+00:00
OOS Start Bar Index: 77532 | Time: 2020-11-04 19:21:00+00:00
ADF Test Result: p-value=0.8890 (Required < 0.05) | OLS Beta: 0.4581
Filter ON: Spread not stationary (p-value too high). Skipping optimization and OOS test.

--- Window 12 Boundary Check ---
IS Period RTH Bars: 14666. Start: 2020-10-02 16:52:00+00:00 | End: 2020-11-27 16:12:00+00:00
OOS Start Bar Index: 83382 | Time: 2020-11-27 16:13:00+00:00
ADF Test Result: p-value=0.2938 (Required < 0.05) | OLS Beta: -0.2555
Filter ON: Spread not stationary (p-value too high). Skipping optimization and OOS test.

--- Window 13 Boundary Check ---
IS Period RTH Bars: 14666. Start: 2020-10-26 13:48:00+00:00 | End: 2020-12-21 15:09:00+00:00
OOS Start Bar Index: 89232 | Time: 2020-12-21 15:10:00+00:00
ADF Test Result: p-value=0.0091 (Required < 0.05) | OLS Beta: -0.0638
Filter OFF: Spread is stationary. Proceeding with optimization.
IS Optimization Time: 0.14 seconds.
Optimal Params (Sharpe=3.1210, Calmar=17.3455): Z_E=3.3, Z_X=0.3, Z_SL=3.6
📊 Persistence: Saved 1 PnL points to wfa_outputs\oos_equity_curve_MCD_YUM_1m_20251105_161910_0.05.csv
OOS Period (2020-12-21 15:10:00+00:00 to 2021-01-14 14:42:00+00:00): PnL: $0.00 | Sharpe: 0.0000 | Calmar: 0.0000 | Trades: 0

--- Window 14 Boundary Check ---
IS Period RTH Bars: 14666. Start: 2020-11-16 16:36:00+00:00 | End: 2021-01-14 14:42:00+00:00
OOS Start Bar Index: 95082 | Time: 2021-01-14 14:43:00+00:00
ADF Test Result: p-value=0.0997 (Required < 0.05) | OLS Beta: 0.1098
Filter ON: Spread not stationary (p-value too high). Skipping optimization and OOS test.

--- Window 15 Boundary Check ---
IS Period RTH Bars: 14666. Start: 2020-12-09 17:05:00+00:00 | End: 2021-02-05 16:19:00+00:00
OOS Start Bar Index: 100932 | Time: 2021-02-05 16:20:00+00:00
ADF Test Result: p-value=0.0266 (Required < 0.05) | OLS Beta: 0.3791
Filter OFF: Spread is stationary. Proceeding with optimization.
IS Optimization Time: 0.14 seconds.
Optimal Params (Sharpe=1.6925, Calmar=6.6253): Z_E=3.3, Z_X=0.7, Z_SL=3.9
📊 Persistence: Saved 3 PnL points to wfa_outputs\oos_equity_curve_MCD_YUM_1m_20251105_161910_0.05.csv
OOS Period (2021-02-05 16:20:00+00:00 to 2021-03-01 17:09:00+00:00): PnL: $203.47 | Sharpe: 3.3966 | Calmar: 91.8402 | Trades: 2

--- Window 16 Boundary Check ---
IS Period RTH Bars: 14666. Start: 2021-01-04 16:02:00+00:00 | End: 2021-03-01 17:09:00+00:00
OOS Start Bar Index: 106782 | Time: 2021-03-01 17:10:00+00:00
ADF Test Result: p-value=0.0274 (Required < 0.05) | OLS Beta: 0.2769
Filter OFF: Spread is stationary. Proceeding with optimization.
IS Optimization Time: 0.14 seconds.
Optimal Params (Sharpe=5.4960, Calmar=46.2465): Z_E=2.7, Z_X=1.3, Z_SL=4.2
📊 Persistence: Saved 640 PnL points to wfa_outputs\oos_equity_curve_MCD_YUM_1m_20251105_161910_0.05.csv
OOS Period (2021-03-01 17:10:00+00:00 to 2021-03-22 16:40:00+00:00): PnL: $-109.12 | Sharpe: -1.8526 | Calmar: -7.5381 | Trades: 637

--- Window 17 Boundary Check ---
IS Period RTH Bars: 14666. Start: 2021-01-26 18:42:00+00:00 | End: 2021-03-22 16:40:00+00:00
OOS Start Bar Index: 112632 | Time: 2021-03-22 16:41:00+00:00
ADF Test Result: p-value=0.0493 (Required < 0.05) | OLS Beta: 1.1045
Filter OFF: Spread is stationary. Proceeding with optimization.
IS Optimization Time: 0.14 seconds.
Optimal Params (Sharpe=5.3567, Calmar=0.0000): Z_E=3.1, Z_X=0.7, Z_SL=4.5
📊 Persistence: Saved 642 PnL points to wfa_outputs\oos_equity_curve_MCD_YUM_1m_20251105_161910_0.05.csv
OOS Period (2021-03-22 16:41:00+00:00 to 2021-04-13 18:45:00+00:00): PnL: $96.69 | Sharpe: 2.9919 | Calmar: 54.0635 | Trades: 2

--- Window 18 Boundary Check ---
IS Period RTH Bars: 14666. Start: 2021-02-17 19:24:00+00:00 | End: 2021-04-13 18:45:00+00:00
OOS Start Bar Index: 118482 | Time: 2021-04-13 18:46:00+00:00
ADF Test Result: p-value=0.6846 (Required < 0.05) | OLS Beta: 1.0545
Filter ON: Spread not stationary (p-value too high). Skipping optimization and OOS test.

--- Window 19 Boundary Check ---
IS Period RTH Bars: 14666. Start: 2021-03-10 20:01:00+00:00 | End: 2021-05-06 14:50:00+00:00
OOS Start Bar Index: 124332 | Time: 2021-05-06 14:51:00+00:00
ADF Test Result: p-value=0.0905 (Required < 0.05) | OLS Beta: 0.5574
Filter ON: Spread not stationary (p-value too high). Skipping optimization and OOS test.

--- Window 20 Boundary Check ---
IS Period RTH Bars: 14666. Start: 2021-04-01 13:41:00+00:00 | End: 2021-05-27 16:17:00+00:00
OOS Start Bar Index: 130182 | Time: 2021-05-27 16:18:00+00:00
ADF Test Result: p-value=0.0122 (Required < 0.05) | OLS Beta: 0.2743
Filter OFF: Spread is stationary. Proceeding with optimization.
IS Optimization Time: 0.14 seconds.
Optimal Params (Sharpe=9.2567, Calmar=132.6375): Z_E=1.9, Z_X=1.5, Z_SL=3.9
📊 Persistence: Saved 645 PnL points to wfa_outputs\oos_equity_curve_MCD_YUM_1m_20251105_161910_0.05.csv
OOS Period (2021-05-27 16:18:00+00:00 to 2021-06-18 17:20:00+00:00): PnL: $117.93 | Sharpe: 6.7341 | Calmar: 0.0000 | Trades: 3

--- Window 21 Boundary Check ---
IS Period RTH Bars: 14666. Start: 2021-04-26 16:44:00+00:00 | End: 2021-06-18 17:20:00+00:00
OOS Start Bar Index: 136032 | Time: 2021-06-18 17:22:00+00:00
ADF Test Result: p-value=0.1128 (Required < 0.05) | OLS Beta: 0.1682
Filter ON: Spread not stationary (p-value too high). Skipping optimization and OOS test.

--- Window 22 Boundary Check ---
IS Period RTH Bars: 14666. Start: 2021-05-17 18:20:00+00:00 | End: 2021-07-12 19:34:00+00:00
OOS Start Bar Index: 141882 | Time: 2021-07-12 19:35:00+00:00
ADF Test Result: p-value=0.0806 (Required < 0.05) | OLS Beta: 0.0916
Filter ON: Spread not stationary (p-value too high). Skipping optimization and OOS test.

--- Window 23 Boundary Check ---
IS Period RTH Bars: 14666. Start: 2021-06-08 19:15:00+00:00 | End: 2021-08-03 14:23:00+00:00
OOS Start Bar Index: 147732 | Time: 2021-08-03 14:24:00+00:00
ADF Test Result: p-value=0.8240 (Required < 0.05) | OLS Beta: 0.4283
Filter ON: Spread not stationary (p-value too high). Skipping optimization and OOS test.

--- Window 24 Boundary Check ---
IS Period RTH Bars: 14666. Start: 2021-06-30 14:23:00+00:00 | End: 2021-08-24 19:53:00+00:00
OOS Start Bar Index: 153582 | Time: 2021-08-24 19:54:00+00:00
ADF Test Result: p-value=0.3517 (Required < 0.05) | OLS Beta: 0.1065
Filter ON: Spread not stationary (p-value too high). Skipping optimization and OOS test.

--- Window 25 Boundary Check ---
IS Period RTH Bars: 14666. Start: 2021-07-22 16:45:00+00:00 | End: 2021-09-16 16:36:00+00:00
OOS Start Bar Index: 159432 | Time: 2021-09-16 16:37:00+00:00
ADF Test Result: p-value=0.0038 (Required < 0.05) | OLS Beta: -0.2582
Filter OFF: Spread is stationary. Proceeding with optimization.
IS Optimization Time: 0.14 seconds.
Optimal Params (Sharpe=2.5732, Calmar=11.6085): Z_E=3.3, Z_X=1.3, Z_SL=3.6
📊 Persistence: Saved 698 PnL points to wfa_outputs\oos_equity_curve_MCD_YUM_1m_20251105_161910_0.05.csv
OOS Period (2021-09-16 16:37:00+00:00 to 2021-10-07 17:18:00+00:00): PnL: $23.26 | Sharpe: 1.0523 | Calmar: 9.8870 | Trades: 53

--- Window 26 Boundary Check ---
IS Period RTH Bars: 14666. Start: 2021-08-12 18:51:00+00:00 | End: 2021-10-07 17:18:00+00:00
OOS Start Bar Index: 165282 | Time: 2021-10-07 17:19:00+00:00
ADF Test Result: p-value=0.0027 (Required < 0.05) | OLS Beta: -0.3711
Filter OFF: Spread is stationary. Proceeding with optimization.
IS Optimization Time: 0.13 seconds.
Optimal Params (Sharpe=5.6053, Calmar=37.0821): Z_E=1.9, Z_X=0.7, Z_SL=4.5
📊 Persistence: Saved 703 PnL points to wfa_outputs\oos_equity_curve_MCD_YUM_1m_20251105_161910_0.05.csv
OOS Period (2021-10-07 17:19:00+00:00 to 2021-11-01 13:59:00+00:00): PnL: $146.29 | Sharpe: 4.6458 | Calmar: 63.2246 | Trades: 5

--- Window 27 Boundary Check ---
IS Period RTH Bars: 14666. Start: 2021-09-03 18:08:00+00:00 | End: 2021-11-01 13:59:00+00:00
OOS Start Bar Index: 171132 | Time: 2021-11-01 14:00:00+00:00
ADF Test Result: p-value=0.0135 (Required < 0.05) | OLS Beta: -0.3683
Filter OFF: Spread is stationary. Proceeding with optimization.
IS Optimization Time: 0.15 seconds.
Optimal Params (Sharpe=4.0927, Calmar=27.2566): Z_E=1.9, Z_X=0.7, Z_SL=3.3
📊 Persistence: Saved 2619 PnL points to wfa_outputs\oos_equity_curve_MCD_YUM_1m_20251105_161910_0.05.csv
OOS Period (2021-11-01 14:00:00+00:00 to 2021-11-22 19:43:00+00:00): PnL: $-184.16 | Sharpe: -4.8875 | Calmar: -11.9733 | Trades: 1916

--- Window 28 Boundary Check ---
IS Period RTH Bars: 14666. Start: 2021-09-27 19:30:00+00:00 | End: 2021-11-22 19:43:00+00:00
OOS Start Bar Index: 176982 | Time: 2021-11-22 19:44:00+00:00
ADF Test Result: p-value=0.7382 (Required < 0.05) | OLS Beta: 0.5048
Filter ON: Spread not stationary (p-value too high). Skipping optimization and OOS test.

--- Window 29 Boundary Check ---
IS Period RTH Bars: 14666. Start: 2021-10-19 14:46:00+00:00 | End: 2021-12-15 20:23:00+00:00
OOS Start Bar Index: 182832 | Time: 2021-12-15 20:24:00+00:00
ADF Test Result: p-value=0.2980 (Required < 0.05) | OLS Beta: 0.9587
Filter ON: Spread not stationary (p-value too high). Skipping optimization and OOS test.

--- Window 30 Boundary Check ---
IS Period RTH Bars: 14666. Start: 2021-11-10 19:27:00+00:00 | End: 2022-01-10 19:51:00+00:00
OOS Start Bar Index: 188682 | Time: 2022-01-10 19:53:00+00:00
ADF Test Result: p-value=0.0237 (Required < 0.05) | OLS Beta: 0.7885
Filter OFF: Spread is stationary. Proceeding with optimization.
IS Optimization Time: 0.14 seconds.
Optimal Params (Sharpe=5.4440, Calmar=34.0349): Z_E=1.9, Z_X=0.5, Z_SL=4.8
📊 Persistence: Saved 3519 PnL points to wfa_outputs\oos_equity_curve_MCD_YUM_1m_20251105_161910_0.05.csv
OOS Period (2022-01-10 19:53:00+00:00 to 2022-02-03 15:35:00+00:00): PnL: $-157.21 | Sharpe: -2.6535 | Calmar: -8.1244 | Trades: 900

--- Window 31 Boundary Check ---
IS Period RTH Bars: 14666. Start: 2021-12-03 19:52:00+00:00 | End: 2022-02-03 15:35:00+00:00
OOS Start Bar Index: 194532 | Time: 2022-02-03 15:36:00+00:00
ADF Test Result: p-value=0.0030 (Required < 0.05) | OLS Beta: 0.4704
Filter OFF: Spread is stationary. Proceeding with optimization.
IS Optimization Time: 0.14 seconds.
Optimal Params (Sharpe=3.9709, Calmar=20.6408): Z_E=3.3, Z_X=0.5, Z_SL=4.8
📊 Persistence: Saved 3657 PnL points to wfa_outputs\oos_equity_curve_MCD_YUM_1m_20251105_161910_0.05.csv
OOS Period (2022-02-03 15:36:00+00:00 to 2022-02-25 17:10:00+00:00): PnL: $28.89 | Sharpe: 0.9398 | Calmar: 4.0595 | Trades: 138

--- Window 32 Boundary Check ---
IS Period RTH Bars: 14666. Start: 2021-12-29 16:16:00+00:00 | End: 2022-02-25 17:10:00+00:00
OOS Start Bar Index: 200382 | Time: 2022-02-25 17:11:00+00:00
ADF Test Result: p-value=0.3737 (Required < 0.05) | OLS Beta: 0.5302
Filter ON: Spread not stationary (p-value too high). Skipping optimization and OOS test.

--- Window 33 Boundary Check ---
IS Period RTH Bars: 14666. Start: 2022-01-21 17:30:00+00:00 | End: 2022-03-21 17:54:00+00:00
OOS Start Bar Index: 206232 | Time: 2022-03-21 17:55:00+00:00
ADF Test Result: p-value=0.0273 (Required < 0.05) | OLS Beta: 1.4342
Filter OFF: Spread is stationary. Proceeding with optimization.
IS Optimization Time: 0.14 seconds.
Optimal Params (Sharpe=4.3015, Calmar=36.3232): Z_E=2.7, Z_X=0.3, Z_SL=4.8
📊 Persistence: Saved 3658 PnL points to wfa_outputs\oos_equity_curve_MCD_YUM_1m_20251105_161910_0.05.csv
OOS Period (2022-03-21 17:55:00+00:00 to 2022-04-11 19:53:00+00:00): PnL: $-3.22 | Sharpe: -4.0991 | Calmar: -17.2680 | Trades: 1

--- Window 34 Boundary Check ---
IS Period RTH Bars: 14666. Start: 2022-02-14 19:23:00+00:00 | End: 2022-04-11 19:53:00+00:00
OOS Start Bar Index: 212082 | Time: 2022-04-11 19:54:00+00:00
ADF Test Result: p-value=0.6482 (Required < 0.05) | OLS Beta: 1.1100
Filter ON: Spread not stationary (p-value too high). Skipping optimization and OOS test.

--- Window 35 Boundary Check ---
IS Period RTH Bars: 14666. Start: 2022-03-09 20:32:00+00:00 | End: 2022-05-04 14:45:00+00:00
OOS Start Bar Index: 217932 | Time: 2022-05-04 14:46:00+00:00
ADF Test Result: p-value=0.4644 (Required < 0.05) | OLS Beta: 0.9756
Filter ON: Spread not stationary (p-value too high). Skipping optimization and OOS test.

--- Window 36 Boundary Check ---
IS Period RTH Bars: 14666. Start: 2022-03-31 15:40:00+00:00 | End: 2022-05-25 15:25:00+00:00
OOS Start Bar Index: 223782 | Time: 2022-05-25 15:26:00+00:00
ADF Test Result: p-value=0.3262 (Required < 0.05) | OLS Beta: 0.5365
Filter ON: Spread not stationary (p-value too high). Skipping optimization and OOS test.

--- Window 37 Boundary Check ---
IS Period RTH Bars: 14666. Start: 2022-04-22 16:40:00+00:00 | End: 2022-06-16 18:41:00+00:00
OOS Start Bar Index: 229632 | Time: 2022-06-16 18:42:00+00:00
ADF Test Result: p-value=0.2860 (Required < 0.05) | OLS Beta: 0.5394
Filter ON: Spread not stationary (p-value too high). Skipping optimization and OOS test.

--- Window 38 Boundary Check ---
IS Period RTH Bars: 14666. Start: 2022-05-13 17:40:00+00:00 | End: 2022-07-12 17:35:00+00:00
OOS Start Bar Index: 235482 | Time: 2022-07-12 17:36:00+00:00
ADF Test Result: p-value=0.5723 (Required < 0.05) | OLS Beta: 0.6985
Filter ON: Spread not stationary (p-value too high). Skipping optimization and OOS test.

--- Window 39 Boundary Check ---
IS Period RTH Bars: 14666. Start: 2022-06-06 19:29:00+00:00 | End: 2022-08-02 19:53:00+00:00
OOS Start Bar Index: 241332 | Time: 2022-08-02 19:54:00+00:00
ADF Test Result: p-value=0.1737 (Required < 0.05) | OLS Beta: 0.8411
Filter ON: Spread not stationary (p-value too high). Skipping optimization and OOS test.

--- Window 40 Boundary Check ---
IS Period RTH Bars: 14666. Start: 2022-06-29 16:50:00+00:00 | End: 2022-08-24 15:07:00+00:00
OOS Start Bar Index: 247182 | Time: 2022-08-24 15:08:00+00:00
ADF Test Result: p-value=0.7640 (Required < 0.05) | OLS Beta: 0.4963
Filter ON: Spread not stationary (p-value too high). Skipping optimization and OOS test.

--- Window 41 Boundary Check ---
IS Period RTH Bars: 14666. Start: 2022-07-22 15:35:00+00:00 | End: 2022-09-15 16:32:00+00:00
OOS Start Bar Index: 253032 | Time: 2022-09-15 16:33:00+00:00
ADF Test Result: p-value=0.1528 (Required < 0.05) | OLS Beta: 0.2942
Filter ON: Spread not stationary (p-value too high). Skipping optimization and OOS test.

--- Window 42 Boundary Check ---
IS Period RTH Bars: 14666. Start: 2022-08-12 16:35:00+00:00 | End: 2022-10-06 18:21:00+00:00
OOS Start Bar Index: 258882 | Time: 2022-10-06 18:22:00+00:00
ADF Test Result: p-value=0.6183 (Required < 0.05) | OLS Beta: 1.2520
Filter ON: Spread not stationary (p-value too high). Skipping optimization and OOS test.

--- Window 43 Boundary Check ---
IS Period RTH Bars: 14666. Start: 2022-09-02 18:44:00+00:00 | End: 2022-10-27 19:10:00+00:00
OOS Start Bar Index: 264732 | Time: 2022-10-27 19:11:00+00:00
ADF Test Result: p-value=0.7563 (Required < 0.05) | OLS Beta: 1.0336
Filter ON: Spread not stationary (p-value too high). Skipping optimization and OOS test.

--- Window 44 Boundary Check ---
IS Period RTH Bars: 14666. Start: 2022-09-26 19:52:00+00:00 | End: 2022-11-18 14:37:00+00:00
OOS Start Bar Index: 270582 | Time: 2022-11-18 14:38:00+00:00
ADF Test Result: p-value=0.5166 (Required < 0.05) | OLS Beta: 1.0590
Filter ON: Spread not stationary (p-value too high). Skipping optimization and OOS test.

--- Window 45 Boundary Check ---
IS Period RTH Bars: 14666. Start: 2022-10-18 14:57:00+00:00 | End: 2022-12-12 18:50:00+00:00
OOS Start Bar Index: 276432 | Time: 2022-12-12 18:51:00+00:00
ADF Test Result: p-value=0.1157 (Required < 0.05) | OLS Beta: 0.4531
Filter ON: Spread not stationary (p-value too high). Skipping optimization and OOS test.

--- Window 46 Boundary Check ---
IS Period RTH Bars: 14666. Start: 2022-11-08 16:24:00+00:00 | End: 2023-01-05 14:50:00+00:00
OOS Start Bar Index: 282282 | Time: 2023-01-05 14:51:00+00:00
ADF Test Result: p-value=0.1460 (Required < 0.05) | OLS Beta: -0.1284
Filter ON: Spread not stationary (p-value too high). Skipping optimization and OOS test.

--- Window 47 Boundary Check ---
IS Period RTH Bars: 14666. Start: 2022-11-30 20:43:00+00:00 | End: 2023-01-27 17:39:00+00:00
OOS Start Bar Index: 288132 | Time: 2023-01-27 17:40:00+00:00
ADF Test Result: p-value=0.3195 (Required < 0.05) | OLS Beta: 0.7792
Filter ON: Spread not stationary (p-value too high). Skipping optimization and OOS test.

--- Window 48 Boundary Check ---
IS Period RTH Bars: 14666. Start: 2022-12-22 15:33:00+00:00 | End: 2023-02-17 18:29:00+00:00
OOS Start Bar Index: 293982 | Time: 2023-02-17 18:30:00+00:00
ADF Test Result: p-value=0.0898 (Required < 0.05) | OLS Beta: 0.0205
Filter ON: Spread not stationary (p-value too high). Skipping optimization and OOS test.

--- Window 49 Boundary Check ---
IS Period RTH Bars: 14666. Start: 2023-01-17 18:43:00+00:00 | End: 2023-03-13 18:59:00+00:00
OOS Start Bar Index: 299832 | Time: 2023-03-13 19:00:00+00:00
ADF Test Result: p-value=0.0073 (Required < 0.05) | OLS Beta: 0.0216
Filter OFF: Spread is stationary. Proceeding with optimization.
IS Optimization Time: 0.13 seconds.
Optimal Params (Sharpe=5.1737, Calmar=76.8911): Z_E=2.7, Z_X=0.3, Z_SL=4.8
📊 Persistence: Saved 3912 PnL points to wfa_outputs\oos_equity_curve_MCD_YUM_1m_20251105_161910_0.05.csv
OOS Period (2023-03-13 19:00:00+00:00 to 2023-04-04 15:52:00+00:00): PnL: $-310.20 | Sharpe: -5.4648 | Calmar: -12.5486 | Trades: 254

--- Window 50 Boundary Check ---
IS Period RTH Bars: 14666. Start: 2023-02-07 20:35:00+00:00 | End: 2023-04-04 15:52:00+00:00
OOS Start Bar Index: 305682 | Time: 2023-04-04 15:53:00+00:00
ADF Test Result: p-value=0.9287 (Required < 0.05) | OLS Beta: 0.3860
Filter ON: Spread not stationary (p-value too high). Skipping optimization and OOS test.

--- Window 51 Boundary Check ---
IS Period RTH Bars: 14666. Start: 2023-03-02 15:13:00+00:00 | End: 2023-04-26 17:54:00+00:00
OOS Start Bar Index: 311532 | Time: 2023-04-26 17:55:00+00:00
ADF Test Result: p-value=0.2594 (Required < 0.05) | OLS Beta: 1.1035
Filter ON: Spread not stationary (p-value too high). Skipping optimization and OOS test.

--- Window 52 Boundary Check ---
IS Period RTH Bars: 14666. Start: 2023-03-23 16:48:00+00:00 | End: 2023-05-18 14:50:00+00:00
OOS Start Bar Index: 317382 | Time: 2023-05-18 14:51:00+00:00
ADF Test Result: p-value=0.0671 (Required < 0.05) | OLS Beta: 0.8622
Filter ON: Spread not stationary (p-value too high). Skipping optimization and OOS test.

--- Window 53 Boundary Check ---
IS Period RTH Bars: 14666. Start: 2023-04-14 19:47:00+00:00 | End: 2023-06-09 16:32:00+00:00
OOS Start Bar Index: 323232 | Time: 2023-06-09 16:33:00+00:00
ADF Test Result: p-value=0.1745 (Required < 0.05) | OLS Beta: 0.4885
Filter ON: Spread not stationary (p-value too high). Skipping optimization and OOS test.

--- Window 54 Boundary Check ---
IS Period RTH Bars: 14666. Start: 2023-05-08 15:02:00+00:00 | End: 2023-07-05 15:40:00+00:00
OOS Start Bar Index: 329082 | Time: 2023-07-05 15:41:00+00:00
ADF Test Result: p-value=0.0715 (Required < 0.05) | OLS Beta: 0.5797
Filter ON: Spread not stationary (p-value too high). Skipping optimization and OOS test.

--- Window 55 Boundary Check ---
IS Period RTH Bars: 14666. Start: 2023-05-30 18:23:00+00:00 | End: 2023-07-27 14:16:00+00:00
OOS Start Bar Index: 334932 | Time: 2023-07-27 14:17:00+00:00
ADF Test Result: p-value=0.2812 (Required < 0.05) | OLS Beta: 0.6342
Filter ON: Spread not stationary (p-value too high). Skipping optimization and OOS test.

--- Window 56 Boundary Check ---
IS Period RTH Bars: 14666. Start: 2023-06-22 13:51:00+00:00 | End: 2023-08-17 19:59:00+00:00
OOS Start Bar Index: 340782 | Time: 2023-08-18 13:30:00+00:00
ADF Test Result: p-value=0.1369 (Required < 0.05) | OLS Beta: 0.6317
Filter ON: Spread not stationary (p-value too high). Skipping optimization and OOS test.

--- Window 57 Boundary Check ---
IS Period RTH Bars: 14666. Start: 2023-07-17 14:11:00+00:00 | End: 2023-09-12 13:56:00+00:00
OOS Start Bar Index: 346632 | Time: 2023-09-12 13:57:00+00:00
ADF Test Result: p-value=0.0106 (Required < 0.05) | OLS Beta: 0.7157
Filter OFF: Spread is stationary. Proceeding with optimization.
IS Optimization Time: 0.13 seconds.
Optimal Params (Sharpe=7.7797, Calmar=73.1959): Z_E=2.3, Z_X=1.5, Z_SL=4.5
📊 Persistence: Saved 4410 PnL points to wfa_outputs\oos_equity_curve_MCD_YUM_1m_20251105_161910_0.05.csv
OOS Period (2023-09-12 13:57:00+00:00 to 2023-10-03 17:15:00+00:00): PnL: $-235.69 | Sharpe: -8.9481 | Calmar: -13.9439 | Trades: 498

--- Window 58 Boundary Check ---
IS Period RTH Bars: 14666. Start: 2023-08-07 18:19:00+00:00 | End: 2023-10-03 17:15:00+00:00
OOS Start Bar Index: 352482 | Time: 2023-10-03 17:16:00+00:00
ADF Test Result: p-value=0.9466 (Required < 0.05) | OLS Beta: 1.0465
Filter ON: Spread not stationary (p-value too high). Skipping optimization and OOS test.

--- Window 59 Boundary Check ---
IS Period RTH Bars: 14666. Start: 2023-08-29 18:30:00+00:00 | End: 2023-10-24 19:08:00+00:00
OOS Start Bar Index: 358332 | Time: 2023-10-24 19:09:00+00:00
ADF Test Result: p-value=0.2472 (Required < 0.05) | OLS Beta: 1.3289
Filter ON: Spread not stationary (p-value too high). Skipping optimization and OOS test.

--- Window 60 Boundary Check ---
IS Period RTH Bars: 14666. Start: 2023-09-21 18:52:00+00:00 | End: 2023-11-15 16:28:00+00:00
OOS Start Bar Index: 364182 | Time: 2023-11-15 16:29:00+00:00
ADF Test Result: p-value=0.1467 (Required < 0.05) | OLS Beta: 1.0225
Filter ON: Spread not stationary (p-value too high). Skipping optimization and OOS test.

--- Window 61 Boundary Check ---
IS Period RTH Bars: 14666. Start: 2023-10-13 14:03:00+00:00 | End: 2023-12-08 17:01:00+00:00
OOS Start Bar Index: 370032 | Time: 2023-12-08 17:02:00+00:00
ADF Test Result: p-value=0.8651 (Required < 0.05) | OLS Beta: 1.3288
Filter ON: Spread not stationary (p-value too high). Skipping optimization and OOS test.

--- Window 62 Boundary Check ---
IS Period RTH Bars: 14666. Start: 2023-11-03 16:09:00+00:00 | End: 2024-01-03 15:55:00+00:00
OOS Start Bar Index: 375882 | Time: 2024-01-03 15:56:00+00:00
ADF Test Result: p-value=0.6443 (Required < 0.05) | OLS Beta: 1.3369
Filter ON: Spread not stationary (p-value too high). Skipping optimization and OOS test.

--- Window 63 Boundary Check ---
IS Period RTH Bars: 14666. Start: 2023-11-28 18:40:00+00:00 | End: 2024-01-25 19:49:00+00:00
OOS Start Bar Index: 381732 | Time: 2024-01-25 19:50:00+00:00
ADF Test Result: p-value=0.1521 (Required < 0.05) | OLS Beta: 0.7871
Filter ON: Spread not stationary (p-value too high). Skipping optimization and OOS test.

--- Window 64 Boundary Check ---
IS Period RTH Bars: 14666. Start: 2023-12-20 14:50:00+00:00 | End: 2024-02-15 20:45:00+00:00
OOS Start Bar Index: 387582 | Time: 2024-02-15 20:46:00+00:00
ADF Test Result: p-value=0.3891 (Required < 0.05) | OLS Beta: 0.3429
Filter ON: Spread not stationary (p-value too high). Skipping optimization and OOS test.

--- Window 65 Boundary Check ---
IS Period RTH Bars: 14666. Start: 2024-01-16 14:45:00+00:00 | End: 2024-03-11 14:58:00+00:00
OOS Start Bar Index: 393432 | Time: 2024-03-11 14:59:00+00:00
ADF Test Result: p-value=0.1792 (Required < 0.05) | OLS Beta: 0.1363
Filter ON: Spread not stationary (p-value too high). Skipping optimization and OOS test.

--- Window 66 Boundary Check ---
IS Period RTH Bars: 14666. Start: 2024-02-06 16:26:00+00:00 | End: 2024-04-02 18:04:00+00:00
OOS Start Bar Index: 399282 | Time: 2024-04-02 18:05:00+00:00
ADF Test Result: p-value=0.8309 (Required < 0.05) | OLS Beta: 0.1603
Filter ON: Spread not stationary (p-value too high). Skipping optimization and OOS test.

--- Window 67 Boundary Check ---
IS Period RTH Bars: 14666. Start: 2024-02-28 17:50:00+00:00 | End: 2024-04-24 13:36:00+00:00
OOS Start Bar Index: 405132 | Time: 2024-04-24 13:37:00+00:00
ADF Test Result: p-value=0.6903 (Required < 0.05) | OLS Beta: 1.2090
Filter ON: Spread not stationary (p-value too high). Skipping optimization and OOS test.

--- Window 68 Boundary Check ---
IS Period RTH Bars: 14666. Start: 2024-03-20 19:11:00+00:00 | End: 2024-05-15 15:15:00+00:00
OOS Start Bar Index: 410982 | Time: 2024-05-15 15:16:00+00:00
ADF Test Result: p-value=0.1511 (Required < 0.05) | OLS Beta: 0.2381
Filter ON: Spread not stationary (p-value too high). Skipping optimization and OOS test.

--- Window 69 Boundary Check ---
IS Period RTH Bars: 14666. Start: 2024-04-12 14:57:00+00:00 | End: 2024-06-06 17:55:00+00:00
OOS Start Bar Index: 416832 | Time: 2024-06-06 17:56:00+00:00
ADF Test Result: p-value=0.8269 (Required < 0.05) | OLS Beta: 0.5947
Filter ON: Spread not stationary (p-value too high). Skipping optimization and OOS test.

--- Window 70 Boundary Check ---
IS Period RTH Bars: 14666. Start: 2024-05-03 16:47:00+00:00 | End: 2024-07-01 14:20:00+00:00
OOS Start Bar Index: 422682 | Time: 2024-07-01 14:21:00+00:00
ADF Test Result: p-value=0.4000 (Required < 0.05) | OLS Beta: 0.4915
Filter ON: Spread not stationary (p-value too high). Skipping optimization and OOS test.

--- Window 71 Boundary Check ---
IS Period RTH Bars: 14666. Start: 2024-05-24 19:25:00+00:00 | End: 2024-07-23 19:02:00+00:00
OOS Start Bar Index: 428532 | Time: 2024-07-23 19:03:00+00:00
ADF Test Result: p-value=0.2297 (Required < 0.05) | OLS Beta: 0.1558
Filter ON: Spread not stationary (p-value too high). Skipping optimization and OOS test.

--- Window 72 Boundary Check ---
IS Period RTH Bars: 14666. Start: 2024-06-18 15:39:00+00:00 | End: 2024-08-14 14:04:00+00:00
OOS Start Bar Index: 434382 | Time: 2024-08-14 14:05:00+00:00
ADF Test Result: p-value=0.0494 (Required < 0.05) | OLS Beta: 0.8616
Filter OFF: Spread is stationary. Proceeding with optimization.
IS Optimization Time: 0.13 seconds.
Optimal Params (Sharpe=6.3143, Calmar=33.4444): Z_E=1.9, Z_X=1.5, Z_SL=4.8
📊 Persistence: Saved 4411 PnL points to wfa_outputs\oos_equity_curve_MCD_YUM_1m_20251105_161910_0.05.csv
OOS Period (2024-08-14 14:05:00+00:00 to 2024-09-05 18:56:00+00:00): PnL: $-203.54 | Sharpe: -4.0991 | Calmar: -14.0933 | Trades: 1

--- Window 73 Boundary Check ---
IS Period RTH Bars: 14666. Start: 2024-07-12 14:08:00+00:00 | End: 2024-09-05 18:56:00+00:00
OOS Start Bar Index: 440232 | Time: 2024-09-05 18:57:00+00:00
ADF Test Result: p-value=0.5688 (Required < 0.05) | OLS Beta: 1.3179
Filter ON: Spread not stationary (p-value too high). Skipping optimization and OOS test.

--- Window 74 Boundary Check ---
IS Period RTH Bars: 14666. Start: 2024-08-02 15:45:00+00:00 | End: 2024-09-27 16:09:00+00:00
OOS Start Bar Index: 446082 | Time: 2024-09-27 16:10:00+00:00
ADF Test Result: p-value=0.6718 (Required < 0.05) | OLS Beta: -1.0220
Filter ON: Spread not stationary (p-value too high). Skipping optimization and OOS test.

--- Window 75 Boundary Check ---
IS Period RTH Bars: 14666. Start: 2024-08-23 19:14:00+00:00 | End: 2024-10-21 16:06:00+00:00
OOS Start Bar Index: 451932 | Time: 2024-10-21 16:07:00+00:00
ADF Test Result: p-value=0.9455 (Required < 0.05) | OLS Beta: 0.3404
Filter ON: Spread not stationary (p-value too high). Skipping optimization and OOS test.

--- Window 76 Boundary Check ---
IS Period RTH Bars: 14666. Start: 2024-09-17 17:03:00+00:00 | End: 2024-11-12 14:30:00+00:00
OOS Start Bar Index: 457782 | Time: 2024-11-12 14:31:00+00:00
ADF Test Result: p-value=0.2753 (Required < 0.05) | OLS Beta: 0.2665
Filter ON: Spread not stationary (p-value too high). Skipping optimization and OOS test.

--- Window 77 Boundary Check ---
IS Period RTH Bars: 14666. Start: 2024-10-09 14:47:00+00:00 | End: 2024-12-05 17:28:00+00:00
OOS Start Bar Index: 463632 | Time: 2024-12-05 17:29:00+00:00
ADF Test Result: p-value=0.3359 (Required < 0.05) | OLS Beta: -0.2048
Filter ON: Spread not stationary (p-value too high). Skipping optimization and OOS test.

--- Window 78 Boundary Check ---
IS Period RTH Bars: 14666. Start: 2024-10-31 14:58:00+00:00 | End: 2024-12-31 15:36:00+00:00
OOS Start Bar Index: 469482 | Time: 2024-12-31 15:37:00+00:00
ADF Test Result: p-value=0.0589 (Required < 0.05) | OLS Beta: 0.4613
Filter ON: Spread not stationary (p-value too high). Skipping optimization and OOS test.

############################################################
📈 OVERALL SIMULATION PERFORMANCE (Walk-Forward Test)
############################################################
Timeframe Used: 1Min, Value: 1
ADF Cointegration Filter Threshold: 0.05
Total OOS Windows Tested: 78
Total Trades Executed: 4411
--- Final Performance Metrics ---
Total PnL: $-322.70
Overall Sharpe Ratio (Annualized): -0.0999
Overall Calmar Ratio (Annualized): -0.0126
Maximum Dollar Drawdown (MDD): $1,102.71

--- Execution Time ---
Total Elapsed Time: 145.39 seconds
############################################################
[0m