--- Dynamic Timeframe Configuration ---
TimeFrame Selected: 1Min, Value: 1
Bars per Trading Day: 390
Annualization Factor (Bars/Year): 98280
Statistical Lookback Bars: 2184
Optimization Lookback Bars: 19032
---------------------------------------
--- Diagnostic Check ---
API Key ID Length: 26
API Secret Key Length: 44
StockHistoricalDataClient initialized successfully. Starting data fetch...
--------------------------
Pre-compiling Numba function for first run optimization...
Numba pre-compilation complete.
Fetching data from 2020-01-15 to 2025-01-13...
Fetching 1Min data for MOS...
Fetching 1Min data for NTR...
Data acquired successfully. Total 1Min RTH bars: 480956
Skipping full pre-calculation. Metrics will be calculated inside the WFA loop.

============================================================
📈 Starting Rolling Backtest: IS Optimization Window=19032 bars, Shift=15 days
   Data already processed with Statistical Rolling Window: 2184 bars
   ADF Cointegration Filter: p-value < 0.05
============================================================

--- Window 1 Boundary Check ---
IS Period RTH Bars: 14666. Start: 2020-01-31 16:12:00+00:00 | End: 2020-03-26 14:06:00+00:00
OOS Start Bar Index: 19032 | Time: 2020-03-26 14:07:00+00:00
ADF Test Result: p-value=0.0980 (Required < 0.05) | OLS Beta: 1.6495
Filter ON: Spread not stationary (p-value too high). Skipping optimization and OOS test.

--- Window 2 Boundary Check ---
IS Period RTH Bars: 14666. Start: 2020-02-24 16:35:00+00:00 | End: 2020-04-17 14:09:00+00:00
OOS Start Bar Index: 24882 | Time: 2020-04-17 14:10:00+00:00
ADF Test Result: p-value=0.5098 (Required < 0.05) | OLS Beta: 1.4916
Filter ON: Spread not stationary (p-value too high). Skipping optimization and OOS test.

--- Window 3 Boundary Check ---
IS Period RTH Bars: 14666. Start: 2020-03-16 16:26:00+00:00 | End: 2020-05-08 14:46:00+00:00
OOS Start Bar Index: 30732 | Time: 2020-05-08 14:47:00+00:00
ADF Test Result: p-value=0.0102 (Required < 0.05) | OLS Beta: 0.8386
Filter OFF: Spread is stationary. Proceeding with optimization.
IS Optimization Time: 0.13 seconds.
Optimal Params (Sharpe=2.9129, Calmar=12.4714): Z_E=2.1, Z_X=0.7, Z_SL=3.3
📊 Persistence: Saved 1 PnL points to wfa_outputs\oos_equity_curve_MOS_NTR_1m_20251118_084756_0.05.csv
OOS Period (2020-05-08 14:47:00+00:00 to 2020-06-01 15:44:00+00:00): PnL: $113.58 | Sharpe: 4.0991 | Calmar: 0.0000 | Trades: 1

--- Window 4 Boundary Check ---
IS Period RTH Bars: 14666. Start: 2020-04-06 16:41:00+00:00 | End: 2020-06-01 15:44:00+00:00
OOS Start Bar Index: 36582 | Time: 2020-06-01 15:45:00+00:00
ADF Test Result: p-value=0.1602 (Required < 0.05) | OLS Beta: 0.8108
Filter ON: Spread not stationary (p-value too high). Skipping optimization and OOS test.

--- Window 5 Boundary Check ---
IS Period RTH Bars: 14666. Start: 2020-04-28 17:04:00+00:00 | End: 2020-06-22 16:52:00+00:00
OOS Start Bar Index: 42432 | Time: 2020-06-22 16:53:00+00:00
ADF Test Result: p-value=0.3627 (Required < 0.05) | OLS Beta: 1.5315
Filter ON: Spread not stationary (p-value too high). Skipping optimization and OOS test.

--- Window 6 Boundary Check ---
IS Period RTH Bars: 14666. Start: 2020-05-19 17:37:00+00:00 | End: 2020-07-14 18:19:00+00:00
OOS Start Bar Index: 48282 | Time: 2020-07-14 18:20:00+00:00
ADF Test Result: p-value=0.0310 (Required < 0.05) | OLS Beta: 0.9888
Filter OFF: Spread is stationary. Proceeding with optimization.
IS Optimization Time: 0.10 seconds.
Optimal Params (Sharpe=3.8466, Calmar=20.9123): Z_E=2.3, Z_X=1.1, Z_SL=3.3
📊 Persistence: Saved 561 PnL points to wfa_outputs\oos_equity_curve_MOS_NTR_1m_20251118_084756_0.05.csv
OOS Period (2020-07-14 18:20:00+00:00 to 2020-08-05 14:13:00+00:00): PnL: $-363.63 | Sharpe: -3.2777 | Calmar: -8.5962 | Trades: 560

--- Window 7 Boundary Check ---
IS Period RTH Bars: 14666. Start: 2020-06-10 18:31:00+00:00 | End: 2020-08-05 14:13:00+00:00
OOS Start Bar Index: 54132 | Time: 2020-08-05 14:14:00+00:00
ADF Test Result: p-value=0.9144 (Required < 0.05) | OLS Beta: 0.5610
Filter ON: Spread not stationary (p-value too high). Skipping optimization and OOS test.

--- Window 8 Boundary Check ---
IS Period RTH Bars: 14666. Start: 2020-07-02 13:40:00+00:00 | End: 2020-08-26 15:16:00+00:00
OOS Start Bar Index: 59982 | Time: 2020-08-26 15:17:00+00:00
ADF Test Result: p-value=0.2933 (Required < 0.05) | OLS Beta: 1.9518
Filter ON: Spread not stationary (p-value too high). Skipping optimization and OOS test.

--- Window 9 Boundary Check ---
IS Period RTH Bars: 14666. Start: 2020-07-24 15:45:00+00:00 | End: 2020-09-17 16:35:00+00:00
OOS Start Bar Index: 65832 | Time: 2020-09-17 16:36:00+00:00
ADF Test Result: p-value=0.3426 (Required < 0.05) | OLS Beta: 1.5492
Filter ON: Spread not stationary (p-value too high). Skipping optimization and OOS test.

--- Window 10 Boundary Check ---
IS Period RTH Bars: 14666. Start: 2020-08-14 17:03:00+00:00 | End: 2020-10-08 18:09:00+00:00
OOS Start Bar Index: 71682 | Time: 2020-10-08 18:10:00+00:00
ADF Test Result: p-value=0.0820 (Required < 0.05) | OLS Beta: 0.4688
Filter ON: Spread not stationary (p-value too high). Skipping optimization and OOS test.

--- Window 11 Boundary Check ---
IS Period RTH Bars: 14666. Start: 2020-09-04 18:37:00+00:00 | End: 2020-10-30 15:20:00+00:00
OOS Start Bar Index: 77532 | Time: 2020-10-30 15:21:00+00:00
ADF Test Result: p-value=0.0851 (Required < 0.05) | OLS Beta: 0.7482
Filter ON: Spread not stationary (p-value too high). Skipping optimization and OOS test.

--- Window 12 Boundary Check ---
IS Period RTH Bars: 14666. Start: 2020-09-28 19:32:00+00:00 | End: 2020-11-20 17:35:00+00:00
OOS Start Bar Index: 83382 | Time: 2020-11-20 17:36:00+00:00
ADF Test Result: p-value=0.2569 (Required < 0.05) | OLS Beta: 0.4387
Filter ON: Spread not stationary (p-value too high). Skipping optimization and OOS test.

--- Window 13 Boundary Check ---
IS Period RTH Bars: 14666. Start: 2020-10-20 16:20:00+00:00 | End: 2020-12-15 16:46:00+00:00
OOS Start Bar Index: 89232 | Time: 2020-12-15 16:47:00+00:00
ADF Test Result: p-value=0.0449 (Required < 0.05) | OLS Beta: 1.0994
Filter OFF: Spread is stationary. Proceeding with optimization.
IS Optimization Time: 0.14 seconds.
Optimal Params (Sharpe=5.9975, Calmar=104.3332): Z_E=2.9, Z_X=1.1, Z_SL=4.8
📊 Persistence: Saved 650 PnL points to wfa_outputs\oos_equity_curve_MOS_NTR_1m_20251118_084756_0.05.csv
OOS Period (2020-12-15 16:47:00+00:00 to 2021-01-08 16:31:00+00:00): PnL: $-86.20 | Sharpe: -0.9227 | Calmar: -3.3755 | Trades: 89

--- Window 14 Boundary Check ---
IS Period RTH Bars: 14666. Start: 2020-11-10 19:21:00+00:00 | End: 2021-01-08 16:31:00+00:00
OOS Start Bar Index: 95082 | Time: 2021-01-08 16:32:00+00:00
ADF Test Result: p-value=0.7361 (Required < 0.05) | OLS Beta: 1.5613
Filter ON: Spread not stationary (p-value too high). Skipping optimization and OOS test.

--- Window 15 Boundary Check ---
IS Period RTH Bars: 14666. Start: 2020-12-03 17:19:00+00:00 | End: 2021-02-01 17:47:00+00:00
OOS Start Bar Index: 100932 | Time: 2021-02-01 17:48:00+00:00
ADF Test Result: p-value=0.3846 (Required < 0.05) | OLS Beta: 1.9756
Filter ON: Spread not stationary (p-value too high). Skipping optimization and OOS test.

--- Window 16 Boundary Check ---
IS Period RTH Bars: 14666. Start: 2020-12-28 17:59:00+00:00 | End: 2021-02-23 18:22:00+00:00
OOS Start Bar Index: 106782 | Time: 2021-02-23 18:23:00+00:00
ADF Test Result: p-value=0.1375 (Required < 0.05) | OLS Beta: 1.4775
Filter ON: Spread not stationary (p-value too high). Skipping optimization and OOS test.

--- Window 17 Boundary Check ---
IS Period RTH Bars: 14666. Start: 2021-01-20 19:35:00+00:00 | End: 2021-03-16 18:10:00+00:00
OOS Start Bar Index: 112632 | Time: 2021-03-16 18:11:00+00:00
ADF Test Result: p-value=0.1784 (Required < 0.05) | OLS Beta: 1.3675
Filter ON: Spread not stationary (p-value too high). Skipping optimization and OOS test.

--- Window 18 Boundary Check ---
IS Period RTH Bars: 14666. Start: 2021-02-10 20:42:00+00:00 | End: 2021-04-07 19:02:00+00:00
OOS Start Bar Index: 118482 | Time: 2021-04-07 19:03:00+00:00
ADF Test Result: p-value=0.0617 (Required < 0.05) | OLS Beta: 1.5042
Filter ON: Spread not stationary (p-value too high). Skipping optimization and OOS test.

--- Window 19 Boundary Check ---
IS Period RTH Bars: 14666. Start: 2021-03-05 14:42:00+00:00 | End: 2021-04-29 19:48:00+00:00
OOS Start Bar Index: 124332 | Time: 2021-04-29 19:49:00+00:00
ADF Test Result: p-value=0.8530 (Required < 0.05) | OLS Beta: 0.9713
Filter ON: Spread not stationary (p-value too high). Skipping optimization and OOS test.

--- Window 20 Boundary Check ---
IS Period RTH Bars: 14666. Start: 2021-03-26 14:34:00+00:00 | End: 2021-05-21 13:43:00+00:00
OOS Start Bar Index: 130182 | Time: 2021-05-21 13:44:00+00:00
ADF Test Result: p-value=0.3124 (Required < 0.05) | OLS Beta: 0.9169
Filter ON: Spread not stationary (p-value too high). Skipping optimization and OOS test.

--- Window 21 Boundary Check ---
IS Period RTH Bars: 14666. Start: 2021-04-20 15:34:00+00:00 | End: 2021-06-14 14:48:00+00:00
OOS Start Bar Index: 136032 | Time: 2021-06-14 14:49:00+00:00
ADF Test Result: p-value=0.0499 (Required < 0.05) | OLS Beta: 0.3241
Filter OFF: Spread is stationary. Proceeding with optimization.
IS Optimization Time: 0.13 seconds.
Optimal Params (Sharpe=3.8266, Calmar=33.2783): Z_E=2.1, Z_X=0.3, Z_SL=3.9
📊 Persistence: Saved 2780 PnL points to wfa_outputs\oos_equity_curve_MOS_NTR_1m_20251118_084756_0.05.csv
OOS Period (2021-06-14 14:49:00+00:00 to 2021-07-06 15:38:00+00:00): PnL: $-653.03 | Sharpe: -5.2265 | Calmar: -8.5187 | Trades: 2130

--- Window 22 Boundary Check ---
IS Period RTH Bars: 14666. Start: 2021-05-11 16:03:00+00:00 | End: 2021-07-06 15:38:00+00:00
OOS Start Bar Index: 141882 | Time: 2021-07-06 15:39:00+00:00
ADF Test Result: p-value=0.9003 (Required < 0.05) | OLS Beta: 1.0059
Filter ON: Spread not stationary (p-value too high). Skipping optimization and OOS test.

--- Window 23 Boundary Check ---
IS Period RTH Bars: 14666. Start: 2021-06-02 16:49:00+00:00 | End: 2021-07-27 17:31:00+00:00
OOS Start Bar Index: 147732 | Time: 2021-07-27 17:32:00+00:00
ADF Test Result: p-value=0.0025 (Required < 0.05) | OLS Beta: 1.8442
Filter OFF: Spread is stationary. Proceeding with optimization.
IS Optimization Time: 0.14 seconds.
Optimal Params (Sharpe=1.8766, Calmar=8.4761): Z_E=3.3, Z_X=0.9, Z_SL=3.9
📊 Persistence: Saved 2780 PnL points to wfa_outputs\oos_equity_curve_MOS_NTR_1m_20251118_084756_0.05.csv
OOS Period (2021-07-27 17:32:00+00:00 to 2021-08-17 18:47:00+00:00): PnL: $0.00 | Sharpe: 0.0000 | Calmar: 0.0000 | Trades: 0

--- Window 24 Boundary Check ---
IS Period RTH Bars: 14666. Start: 2021-06-23 17:35:00+00:00 | End: 2021-08-17 18:47:00+00:00
OOS Start Bar Index: 153582 | Time: 2021-08-17 18:48:00+00:00
ADF Test Result: p-value=0.1604 (Required < 0.05) | OLS Beta: 1.2545
Filter ON: Spread not stationary (p-value too high). Skipping optimization and OOS test.

--- Window 25 Boundary Check ---
IS Period RTH Bars: 14666. Start: 2021-07-15 19:18:00+00:00 | End: 2021-09-09 16:05:00+00:00
OOS Start Bar Index: 159432 | Time: 2021-09-09 16:06:00+00:00
ADF Test Result: p-value=0.0790 (Required < 0.05) | OLS Beta: 1.3584
Filter ON: Spread not stationary (p-value too high). Skipping optimization and OOS test.

--- Window 26 Boundary Check ---
IS Period RTH Bars: 14666. Start: 2021-08-06 14:25:00+00:00 | End: 2021-09-30 17:46:00+00:00
OOS Start Bar Index: 165282 | Time: 2021-09-30 17:47:00+00:00
ADF Test Result: p-value=0.0168 (Required < 0.05) | OLS Beta: 1.5343
Filter OFF: Spread is stationary. Proceeding with optimization.
IS Optimization Time: 0.12 seconds.
Optimal Params (Sharpe=7.0508, Calmar=39.8504): Z_E=1.9, Z_X=1.5, Z_SL=4.5
📊 Persistence: Saved 2783 PnL points to wfa_outputs\oos_equity_curve_MOS_NTR_1m_20251118_084756_0.05.csv
OOS Period (2021-09-30 17:47:00+00:00 to 2021-10-21 18:26:00+00:00): PnL: $-18.19 | Sharpe: -0.9716 | Calmar: -4.5728 | Trades: 3

--- Window 27 Boundary Check ---
IS Period RTH Bars: 14666. Start: 2021-08-27 16:49:00+00:00 | End: 2021-10-21 18:26:00+00:00
OOS Start Bar Index: 171132 | Time: 2021-10-21 18:27:00+00:00
ADF Test Result: p-value=0.0595 (Required < 0.05) | OLS Beta: 1.6703
Filter ON: Spread not stationary (p-value too high). Skipping optimization and OOS test.

--- Window 28 Boundary Check ---
IS Period RTH Bars: 14666. Start: 2021-09-20 19:48:00+00:00 | End: 2021-11-15 14:52:00+00:00
OOS Start Bar Index: 176982 | Time: 2021-11-15 14:53:00+00:00
ADF Test Result: p-value=0.0462 (Required < 0.05) | OLS Beta: 1.7102
Filter OFF: Spread is stationary. Proceeding with optimization.
IS Optimization Time: 0.14 seconds.
Optimal Params (Sharpe=2.4093, Calmar=4.8260): Z_E=2.1, Z_X=0.5, Z_SL=4.8
📊 Persistence: Saved 3091 PnL points to wfa_outputs\oos_equity_curve_MOS_NTR_1m_20251118_084756_0.05.csv
OOS Period (2021-11-15 14:53:00+00:00 to 2021-12-07 19:09:00+00:00): PnL: $-274.68 | Sharpe: -4.6299 | Calmar: -11.7258 | Trades: 308

--- Window 29 Boundary Check ---
IS Period RTH Bars: 14666. Start: 2021-10-12 13:59:00+00:00 | End: 2021-12-07 19:09:00+00:00
OOS Start Bar Index: 182832 | Time: 2021-12-07 19:10:00+00:00
ADF Test Result: p-value=0.3890 (Required < 0.05) | OLS Beta: 2.5708
Filter ON: Spread not stationary (p-value too high). Skipping optimization and OOS test.

--- Window 30 Boundary Check ---
IS Period RTH Bars: 14666. Start: 2021-11-03 15:20:00+00:00 | End: 2021-12-29 20:37:00+00:00
OOS Start Bar Index: 188682 | Time: 2021-12-29 20:38:00+00:00
ADF Test Result: p-value=0.1162 (Required < 0.05) | OLS Beta: 0.7156
Filter ON: Spread not stationary (p-value too high). Skipping optimization and OOS test.

--- Window 31 Boundary Check ---
IS Period RTH Bars: 14666. Start: 2021-11-24 18:20:00+00:00 | End: 2022-01-21 14:46:00+00:00
OOS Start Bar Index: 194532 | Time: 2022-01-21 14:47:00+00:00
ADF Test Result: p-value=0.7854 (Required < 0.05) | OLS Beta: 1.2171
Filter ON: Spread not stationary (p-value too high). Skipping optimization and OOS test.

--- Window 32 Boundary Check ---
IS Period RTH Bars: 14666. Start: 2021-12-17 15:43:00+00:00 | End: 2022-02-11 20:20:00+00:00
OOS Start Bar Index: 200382 | Time: 2022-02-11 20:21:00+00:00
ADF Test Result: p-value=0.5747 (Required < 0.05) | OLS Beta: 0.8214
Filter ON: Spread not stationary (p-value too high). Skipping optimization and OOS test.

--- Window 33 Boundary Check ---
IS Period RTH Bars: 14666. Start: 2022-01-10 17:20:00+00:00 | End: 2022-03-07 20:22:00+00:00
OOS Start Bar Index: 206232 | Time: 2022-03-07 20:23:00+00:00
ADF Test Result: p-value=0.0524 (Required < 0.05) | OLS Beta: 1.2554
Filter ON: Spread not stationary (p-value too high). Skipping optimization and OOS test.

--- Window 34 Boundary Check ---
IS Period RTH Bars: 14666. Start: 2022-02-02 16:10:00+00:00 | End: 2022-03-29 19:28:00+00:00
OOS Start Bar Index: 212082 | Time: 2022-03-29 19:29:00+00:00
ADF Test Result: p-value=0.0045 (Required < 0.05) | OLS Beta: 1.1311
Filter OFF: Spread is stationary. Proceeding with optimization.
IS Optimization Time: 0.13 seconds.
Optimal Params (Sharpe=9.3600, Calmar=124.5092): Z_E=1.9, Z_X=1.5, Z_SL=4.5
📊 Persistence: Saved 3097 PnL points to wfa_outputs\oos_equity_curve_MOS_NTR_1m_20251118_084756_0.05.csv
OOS Period (2022-03-29 19:29:00+00:00 to 2022-04-20 19:32:00+00:00): PnL: $-74.05 | Sharpe: -0.9063 | Calmar: -3.9337 | Trades: 6

--- Window 35 Boundary Check ---
IS Period RTH Bars: 14666. Start: 2022-02-24 16:26:00+00:00 | End: 2022-04-20 19:32:00+00:00
OOS Start Bar Index: 217932 | Time: 2022-04-20 19:33:00+00:00
ADF Test Result: p-value=0.0641 (Required < 0.05) | OLS Beta: 1.3807
Filter ON: Spread not stationary (p-value too high). Skipping optimization and OOS test.

--- Window 36 Boundary Check ---
IS Period RTH Bars: 14666. Start: 2022-03-18 15:28:00+00:00 | End: 2022-05-11 19:35:00+00:00
OOS Start Bar Index: 223782 | Time: 2022-05-11 19:36:00+00:00
ADF Test Result: p-value=0.0431 (Required < 0.05) | OLS Beta: 1.5859
Filter OFF: Spread is stationary. Proceeding with optimization.
IS Optimization Time: 0.13 seconds.
Optimal Params (Sharpe=5.5043, Calmar=40.9494): Z_E=2.9, Z_X=1.1, Z_SL=4.5
📊 Persistence: Saved 3098 PnL points to wfa_outputs\oos_equity_curve_MOS_NTR_1m_20251118_084756_0.05.csv
OOS Period (2022-05-11 19:36:00+00:00 to 2022-06-02 19:39:00+00:00): PnL: $199.26 | Sharpe: 4.0991 | Calmar: 0.0000 | Trades: 1

--- Window 37 Boundary Check ---
IS Period RTH Bars: 14666. Start: 2022-04-08 15:33:00+00:00 | End: 2022-06-02 19:39:00+00:00
OOS Start Bar Index: 229632 | Time: 2022-06-02 19:40:00+00:00
ADF Test Result: p-value=0.0397 (Required < 0.05) | OLS Beta: 1.6220
Filter OFF: Spread is stationary. Proceeding with optimization.
IS Optimization Time: 0.14 seconds.
Optimal Params (Sharpe=3.9735, Calmar=24.0601): Z_E=3.1, Z_X=0.9, Z_SL=4.5
📊 Persistence: Saved 3099 PnL points to wfa_outputs\oos_equity_curve_MOS_NTR_1m_20251118_084756_0.05.csv
OOS Period (2022-06-02 19:40:00+00:00 to 2022-06-24 19:42:00+00:00): PnL: $263.49 | Sharpe: 4.0991 | Calmar: 0.0000 | Trades: 1

--- Window 38 Boundary Check ---
IS Period RTH Bars: 14666. Start: 2022-05-02 15:37:00+00:00 | End: 2022-06-24 19:42:00+00:00
OOS Start Bar Index: 235482 | Time: 2022-06-24 19:43:00+00:00
ADF Test Result: p-value=0.0720 (Required < 0.05) | OLS Beta: 1.1732
Filter ON: Spread not stationary (p-value too high). Skipping optimization and OOS test.

--- Window 39 Boundary Check ---
IS Period RTH Bars: 14666. Start: 2022-05-23 15:42:00+00:00 | End: 2022-07-18 19:49:00+00:00
OOS Start Bar Index: 241332 | Time: 2022-07-18 19:50:00+00:00
ADF Test Result: p-value=0.1172 (Required < 0.05) | OLS Beta: 1.1554
Filter ON: Spread not stationary (p-value too high). Skipping optimization and OOS test.

--- Window 40 Boundary Check ---
IS Period RTH Bars: 14666. Start: 2022-06-14 15:44:00+00:00 | End: 2022-08-09 13:35:00+00:00
OOS Start Bar Index: 247182 | Time: 2022-08-09 13:36:00+00:00
ADF Test Result: p-value=0.2159 (Required < 0.05) | OLS Beta: 1.0567
Filter ON: Spread not stationary (p-value too high). Skipping optimization and OOS test.

--- Window 41 Boundary Check ---
IS Period RTH Bars: 14666. Start: 2022-07-07 15:49:00+00:00 | End: 2022-08-30 13:55:00+00:00
OOS Start Bar Index: 253032 | Time: 2022-08-30 13:56:00+00:00
ADF Test Result: p-value=0.0919 (Required < 0.05) | OLS Beta: 0.9686
Filter ON: Spread not stationary (p-value too high). Skipping optimization and OOS test.

--- Window 42 Boundary Check ---
IS Period RTH Bars: 14666. Start: 2022-07-28 16:02:00+00:00 | End: 2022-09-21 14:01:00+00:00
OOS Start Bar Index: 258882 | Time: 2022-09-21 14:02:00+00:00
ADF Test Result: p-value=0.1151 (Required < 0.05) | OLS Beta: 0.7804
Filter ON: Spread not stationary (p-value too high). Skipping optimization and OOS test.

--- Window 43 Boundary Check ---
IS Period RTH Bars: 14666. Start: 2022-08-18 16:22:00+00:00 | End: 2022-10-12 14:14:00+00:00
OOS Start Bar Index: 264732 | Time: 2022-10-12 14:15:00+00:00
ADF Test Result: p-value=0.1212 (Required < 0.05) | OLS Beta: 1.1756
Filter ON: Spread not stationary (p-value too high). Skipping optimization and OOS test.

--- Window 44 Boundary Check ---
IS Period RTH Bars: 14666. Start: 2022-09-09 16:34:00+00:00 | End: 2022-11-02 14:33:00+00:00
OOS Start Bar Index: 270582 | Time: 2022-11-02 14:34:00+00:00
ADF Test Result: p-value=0.5440 (Required < 0.05) | OLS Beta: 0.6216
Filter ON: Spread not stationary (p-value too high). Skipping optimization and OOS test.

--- Window 45 Boundary Check ---
IS Period RTH Bars: 14666. Start: 2022-09-30 16:40:00+00:00 | End: 2022-11-23 15:52:00+00:00
OOS Start Bar Index: 276432 | Time: 2022-11-23 15:53:00+00:00
ADF Test Result: p-value=0.0321 (Required < 0.05) | OLS Beta: 0.3196
Filter OFF: Spread is stationary. Proceeding with optimization.
IS Optimization Time: 0.13 seconds.
Optimal Params (Sharpe=0.5857, Calmar=2.5853): Z_E=3.3, Z_X=1.3, Z_SL=4.8
📊 Persistence: Saved 3100 PnL points to wfa_outputs\oos_equity_curve_MOS_NTR_1m_20251118_084756_0.05.csv
OOS Period (2022-11-23 15:53:00+00:00 to 2022-12-15 19:40:00+00:00): PnL: $97.67 | Sharpe: 4.0991 | Calmar: 0.0000 | Trades: 1

--- Window 46 Boundary Check ---
IS Period RTH Bars: 14666. Start: 2022-10-21 16:57:00+00:00 | End: 2022-12-15 19:40:00+00:00
OOS Start Bar Index: 282282 | Time: 2022-12-15 19:41:00+00:00
ADF Test Result: p-value=0.6417 (Required < 0.05) | OLS Beta: 0.8144
Filter ON: Spread not stationary (p-value too high). Skipping optimization and OOS test.

--- Window 47 Boundary Check ---
IS Period RTH Bars: 14666. Start: 2022-11-11 18:13:00+00:00 | End: 2023-01-09 20:28:00+00:00
OOS Start Bar Index: 288132 | Time: 2023-01-09 20:29:00+00:00
ADF Test Result: p-value=0.0009 (Required < 0.05) | OLS Beta: 1.4348
Filter OFF: Spread is stationary. Proceeding with optimization.
IS Optimization Time: 0.14 seconds.
Optimal Params (Sharpe=5.0040, Calmar=20.8706): Z_E=1.9, Z_X=1.5, Z_SL=3.9
📊 Persistence: Saved 3106 PnL points to wfa_outputs\oos_equity_curve_MOS_NTR_1m_20251118_084756_0.05.csv
OOS Period (2023-01-09 20:29:00+00:00 to 2023-02-01 14:36:00+00:00): PnL: $-12.97 | Sharpe: -0.2960 | Calmar: -1.4282 | Trades: 6

--- Window 48 Boundary Check ---
IS Period RTH Bars: 14666. Start: 2022-12-06 15:16:00+00:00 | End: 2023-02-01 14:36:00+00:00
OOS Start Bar Index: 293982 | Time: 2023-02-01 14:37:00+00:00
ADF Test Result: p-value=0.0100 (Required < 0.05) | OLS Beta: 1.0253
Filter OFF: Spread is stationary. Proceeding with optimization.
IS Optimization Time: 0.14 seconds.
Optimal Params (Sharpe=6.5572, Calmar=66.1694): Z_E=1.9, Z_X=0.3, Z_SL=3.9
📊 Persistence: Saved 4274 PnL points to wfa_outputs\oos_equity_curve_MOS_NTR_1m_20251118_084756_0.05.csv
OOS Period (2023-02-01 14:37:00+00:00 to 2023-02-23 14:47:00+00:00): PnL: $-30.85 | Sharpe: -0.4147 | Calmar: -1.8777 | Trades: 1168

--- Window 49 Boundary Check ---
IS Period RTH Bars: 14666. Start: 2022-12-28 16:14:00+00:00 | End: 2023-02-23 14:47:00+00:00
OOS Start Bar Index: 299832 | Time: 2023-02-23 14:48:00+00:00
ADF Test Result: p-value=0.7755 (Required < 0.05) | OLS Beta: 0.9931
Filter ON: Spread not stationary (p-value too high). Skipping optimization and OOS test.

--- Window 50 Boundary Check ---
IS Period RTH Bars: 14666. Start: 2023-01-20 16:41:00+00:00 | End: 2023-03-16 14:12:00+00:00
OOS Start Bar Index: 305682 | Time: 2023-03-16 14:13:00+00:00
ADF Test Result: p-value=0.7666 (Required < 0.05) | OLS Beta: 0.7003
Filter ON: Spread not stationary (p-value too high). Skipping optimization and OOS test.

--- Window 51 Boundary Check ---
IS Period RTH Bars: 14666. Start: 2023-02-10 17:14:00+00:00 | End: 2023-04-06 14:31:00+00:00
OOS Start Bar Index: 311532 | Time: 2023-04-06 14:32:00+00:00
ADF Test Result: p-value=0.0760 (Required < 0.05) | OLS Beta: 1.9647
Filter ON: Spread not stationary (p-value too high). Skipping optimization and OOS test.

--- Window 52 Boundary Check ---
IS Period RTH Bars: 14666. Start: 2023-03-06 17:42:00+00:00 | End: 2023-04-28 15:42:00+00:00
OOS Start Bar Index: 317382 | Time: 2023-04-28 15:43:00+00:00
ADF Test Result: p-value=0.1564 (Required < 0.05) | OLS Beta: 1.5897
Filter ON: Spread not stationary (p-value too high). Skipping optimization and OOS test.

--- Window 53 Boundary Check ---
IS Period RTH Bars: 14666. Start: 2023-03-27 16:53:00+00:00 | End: 2023-05-19 16:05:00+00:00
OOS Start Bar Index: 323232 | Time: 2023-05-19 16:06:00+00:00
ADF Test Result: p-value=0.0082 (Required < 0.05) | OLS Beta: 1.4325
Filter OFF: Spread is stationary. Proceeding with optimization.
IS Optimization Time: 0.14 seconds.
Optimal Params (Sharpe=1.1073, Calmar=3.6463): Z_E=3.1, Z_X=1.1, Z_SL=3.6
📊 Persistence: Saved 5798 PnL points to wfa_outputs\oos_equity_curve_MOS_NTR_1m_20251118_084756_0.05.csv
OOS Period (2023-05-19 16:06:00+00:00 to 2023-06-12 16:27:00+00:00): PnL: $304.20 | Sharpe: 6.3145 | Calmar: 52.3021 | Trades: 1524

--- Window 54 Boundary Check ---
IS Period RTH Bars: 14666. Start: 2023-04-18 17:31:00+00:00 | End: 2023-06-12 16:27:00+00:00
OOS Start Bar Index: 329082 | Time: 2023-06-12 16:28:00+00:00
ADF Test Result: p-value=0.1639 (Required < 0.05) | OLS Beta: 1.0950
Filter ON: Spread not stationary (p-value too high). Skipping optimization and OOS test.

--- Window 55 Boundary Check ---
IS Period RTH Bars: 14666. Start: 2023-05-09 18:39:00+00:00 | End: 2023-07-06 14:16:00+00:00
OOS Start Bar Index: 334932 | Time: 2023-07-06 14:17:00+00:00
ADF Test Result: p-value=0.0104 (Required < 0.05) | OLS Beta: 0.6842
Filter OFF: Spread is stationary. Proceeding with optimization.
IS Optimization Time: 0.13 seconds.
Optimal Params (Sharpe=7.5107, Calmar=76.2715): Z_E=2.1, Z_X=0.5, Z_SL=4.8
📊 Persistence: Saved 5800 PnL points to wfa_outputs\oos_equity_curve_MOS_NTR_1m_20251118_084756_0.05.csv
OOS Period (2023-07-06 14:17:00+00:00 to 2023-07-27 14:42:00+00:00): PnL: $-60.38 | Sharpe: -1.1173 | Calmar: -5.4295 | Trades: 2

--- Window 56 Boundary Check ---
IS Period RTH Bars: 14666. Start: 2023-05-31 18:52:00+00:00 | End: 2023-07-27 14:42:00+00:00
OOS Start Bar Index: 340782 | Time: 2023-07-27 14:43:00+00:00
ADF Test Result: p-value=0.0158 (Required < 0.05) | OLS Beta: 0.9392
Filter OFF: Spread is stationary. Proceeding with optimization.
IS Optimization Time: 0.13 seconds.
Optimal Params (Sharpe=6.2063, Calmar=159.1341): Z_E=2.9, Z_X=1.5, Z_SL=4.8
📊 Persistence: Saved 6194 PnL points to wfa_outputs\oos_equity_curve_MOS_NTR_1m_20251118_084756_0.05.csv
OOS Period (2023-07-27 14:43:00+00:00 to 2023-08-17 15:37:00+00:00): PnL: $-39.41 | Sharpe: -0.7049 | Calmar: -2.9307 | Trades: 394

--- Window 57 Boundary Check ---
IS Period RTH Bars: 14666. Start: 2023-06-22 19:28:00+00:00 | End: 2023-08-17 15:37:00+00:00
OOS Start Bar Index: 346632 | Time: 2023-08-17 15:38:00+00:00
ADF Test Result: p-value=0.7769 (Required < 0.05) | OLS Beta: 1.1957
Filter ON: Spread not stationary (p-value too high). Skipping optimization and OOS test.

--- Window 58 Boundary Check ---
IS Period RTH Bars: 14666. Start: 2023-07-17 17:02:00+00:00 | End: 2023-09-08 18:50:00+00:00
OOS Start Bar Index: 352482 | Time: 2023-09-08 18:52:00+00:00
ADF Test Result: p-value=0.1954 (Required < 0.05) | OLS Beta: 0.6208
Filter ON: Spread not stationary (p-value too high). Skipping optimization and OOS test.

--- Window 59 Boundary Check ---
IS Period RTH Bars: 14666. Start: 2023-08-07 17:35:00+00:00 | End: 2023-10-02 14:55:00+00:00
OOS Start Bar Index: 358332 | Time: 2023-10-02 14:56:00+00:00
ADF Test Result: p-value=0.7431 (Required < 0.05) | OLS Beta: 0.9245
Filter ON: Spread not stationary (p-value too high). Skipping optimization and OOS test.

--- Window 60 Boundary Check ---
IS Period RTH Bars: 14666. Start: 2023-08-28 19:08:00+00:00 | End: 2023-10-23 16:39:00+00:00
OOS Start Bar Index: 364182 | Time: 2023-10-23 16:40:00+00:00
ADF Test Result: p-value=0.0837 (Required < 0.05) | OLS Beta: 1.4678
Filter ON: Spread not stationary (p-value too high). Skipping optimization and OOS test.

--- Window 61 Boundary Check ---
IS Period RTH Bars: 14666. Start: 2023-09-20 16:27:00+00:00 | End: 2023-11-13 18:08:00+00:00
OOS Start Bar Index: 370032 | Time: 2023-11-13 18:09:00+00:00
ADF Test Result: p-value=0.0067 (Required < 0.05) | OLS Beta: 0.7428
Filter OFF: Spread is stationary. Proceeding with optimization.
IS Optimization Time: 0.13 seconds.
Optimal Params (Sharpe=4.3785, Calmar=29.3513): Z_E=2.9, Z_X=1.5, Z_SL=4.8
📊 Persistence: Saved 6468 PnL points to wfa_outputs\oos_equity_curve_MOS_NTR_1m_20251118_084756_0.05.csv
OOS Period (2023-11-13 18:09:00+00:00 to 2023-12-06 16:29:00+00:00): PnL: $-112.45 | Sharpe: -2.1733 | Calmar: -7.0153 | Trades: 274

--- Window 62 Boundary Check ---
IS Period RTH Bars: 14666. Start: 2023-10-11 18:01:00+00:00 | End: 2023-12-06 16:29:00+00:00
OOS Start Bar Index: 375882 | Time: 2023-12-06 16:30:00+00:00
ADF Test Result: p-value=0.7738 (Required < 0.05) | OLS Beta: 0.6062
Filter ON: Spread not stationary (p-value too high). Skipping optimization and OOS test.

--- Window 63 Boundary Check ---
IS Period RTH Bars: 14666. Start: 2023-11-01 19:31:00+00:00 | End: 2023-12-28 18:46:00+00:00
OOS Start Bar Index: 381732 | Time: 2023-12-28 18:47:00+00:00
ADF Test Result: p-value=0.2049 (Required < 0.05) | OLS Beta: 0.9382
Filter ON: Spread not stationary (p-value too high). Skipping optimization and OOS test.

--- Window 64 Boundary Check ---
IS Period RTH Bars: 14666. Start: 2023-11-24 14:58:00+00:00 | End: 2024-01-22 19:30:00+00:00
OOS Start Bar Index: 387582 | Time: 2024-01-22 19:31:00+00:00
ADF Test Result: p-value=0.6180 (Required < 0.05) | OLS Beta: 1.0340
Filter ON: Spread not stationary (p-value too high). Skipping optimization and OOS test.

--- Window 65 Boundary Check ---
IS Period RTH Bars: 14666. Start: 2023-12-15 19:39:00+00:00 | End: 2024-02-12 19:54:00+00:00
OOS Start Bar Index: 393432 | Time: 2024-02-12 19:55:00+00:00
ADF Test Result: p-value=0.1841 (Required < 0.05) | OLS Beta: 1.2808
Filter ON: Spread not stationary (p-value too high). Skipping optimization and OOS test.

--- Window 66 Boundary Check ---
IS Period RTH Bars: 14666. Start: 2024-01-10 15:25:00+00:00 | End: 2024-03-05 20:24:00+00:00
OOS Start Bar Index: 399282 | Time: 2024-03-05 20:25:00+00:00
ADF Test Result: p-value=0.2653 (Required < 0.05) | OLS Beta: 0.6347
Filter ON: Spread not stationary (p-value too high). Skipping optimization and OOS test.

--- Window 67 Boundary Check ---
IS Period RTH Bars: 14666. Start: 2024-02-01 15:50:00+00:00 | End: 2024-03-27 14:19:00+00:00
OOS Start Bar Index: 405132 | Time: 2024-03-27 14:20:00+00:00
ADF Test Result: p-value=0.0165 (Required < 0.05) | OLS Beta: 0.7848
Filter OFF: Spread is stationary. Proceeding with optimization.
IS Optimization Time: 0.13 seconds.
Optimal Params (Sharpe=5.6203, Calmar=49.1085): Z_E=2.9, Z_X=1.3, Z_SL=3.9
📊 Persistence: Saved 6468 PnL points to wfa_outputs\oos_equity_curve_MOS_NTR_1m_20251118_084756_0.05.csv
OOS Period (2024-03-27 14:20:00+00:00 to 2024-04-18 14:41:00+00:00): PnL: $0.00 | Sharpe: 0.0000 | Calmar: 0.0000 | Trades: 0

--- Window 68 Boundary Check ---
IS Period RTH Bars: 14666. Start: 2024-02-23 16:06:00+00:00 | End: 2024-04-18 14:41:00+00:00
OOS Start Bar Index: 410982 | Time: 2024-04-18 14:42:00+00:00
ADF Test Result: p-value=0.0550 (Required < 0.05) | OLS Beta: 0.6149
Filter ON: Spread not stationary (p-value too high). Skipping optimization and OOS test.

--- Window 69 Boundary Check ---
IS Period RTH Bars: 14666. Start: 2024-03-15 15:57:00+00:00 | End: 2024-05-09 15:47:00+00:00
OOS Start Bar Index: 416832 | Time: 2024-05-09 15:48:00+00:00
ADF Test Result: p-value=0.9742 (Required < 0.05) | OLS Beta: 0.7060
Filter ON: Spread not stationary (p-value too high). Skipping optimization and OOS test.

--- Window 70 Boundary Check ---
IS Period RTH Bars: 14666. Start: 2024-04-08 17:05:00+00:00 | End: 2024-05-31 18:08:00+00:00
OOS Start Bar Index: 422682 | Time: 2024-05-31 18:09:00+00:00
ADF Test Result: p-value=0.1036 (Required < 0.05) | OLS Beta: 0.1005
Filter ON: Spread not stationary (p-value too high). Skipping optimization and OOS test.

--- Window 71 Boundary Check ---
IS Period RTH Bars: 14666. Start: 2024-04-29 17:49:00+00:00 | End: 2024-06-24 19:53:00+00:00
OOS Start Bar Index: 428532 | Time: 2024-06-24 19:54:00+00:00
ADF Test Result: p-value=0.0733 (Required < 0.05) | OLS Beta: 0.6267
Filter ON: Spread not stationary (p-value too high). Skipping optimization and OOS test.

--- Window 72 Boundary Check ---
IS Period RTH Bars: 14666. Start: 2024-05-20 19:39:00+00:00 | End: 2024-07-17 17:17:00+00:00
OOS Start Bar Index: 434382 | Time: 2024-07-17 17:18:00+00:00
ADF Test Result: p-value=0.9095 (Required < 0.05) | OLS Beta: 0.5938
Filter ON: Spread not stationary (p-value too high). Skipping optimization and OOS test.

--- Window 73 Boundary Check ---
IS Period RTH Bars: 14666. Start: 2024-06-12 15:27:00+00:00 | End: 2024-08-07 18:48:00+00:00
OOS Start Bar Index: 440232 | Time: 2024-08-07 18:49:00+00:00
ADF Test Result: p-value=0.2022 (Required < 0.05) | OLS Beta: 0.9593
Filter ON: Spread not stationary (p-value too high). Skipping optimization and OOS test.

--- Window 74 Boundary Check ---
IS Period RTH Bars: 14666. Start: 2024-07-05 19:38:00+00:00 | End: 2024-08-29 14:04:00+00:00
OOS Start Bar Index: 446082 | Time: 2024-08-29 14:05:00+00:00
ADF Test Result: p-value=0.0917 (Required < 0.05) | OLS Beta: 0.8125
Filter ON: Spread not stationary (p-value too high). Skipping optimization and OOS test.

--- Window 75 Boundary Check ---
IS Period RTH Bars: 14666. Start: 2024-07-29 14:01:00+00:00 | End: 2024-09-20 15:19:00+00:00
OOS Start Bar Index: 451932 | Time: 2024-09-20 15:20:00+00:00
ADF Test Result: p-value=0.4773 (Required < 0.05) | OLS Beta: 1.2707
Filter ON: Spread not stationary (p-value too high). Skipping optimization and OOS test.

--- Window 76 Boundary Check ---
IS Period RTH Bars: 14666. Start: 2024-08-19 15:15:00+00:00 | End: 2024-10-11 16:25:00+00:00
OOS Start Bar Index: 457782 | Time: 2024-10-11 16:26:00+00:00
ADF Test Result: p-value=0.4612 (Required < 0.05) | OLS Beta: 0.5997
Filter ON: Spread not stationary (p-value too high). Skipping optimization and OOS test.

--- Window 77 Boundary Check ---
IS Period RTH Bars: 14666. Start: 2024-09-10 17:20:00+00:00 | End: 2024-11-01 18:53:00+00:00
OOS Start Bar Index: 463632 | Time: 2024-11-01 18:54:00+00:00
ADF Test Result: p-value=0.0608 (Required < 0.05) | OLS Beta: 0.6639
Filter ON: Spread not stationary (p-value too high). Skipping optimization and OOS test.

--- Window 78 Boundary Check ---
IS Period RTH Bars: 14666. Start: 2024-10-01 18:09:00+00:00 | End: 2024-11-25 14:46:00+00:00
OOS Start Bar Index: 469482 | Time: 2024-11-25 14:47:00+00:00
ADF Test Result: p-value=0.1278 (Required < 0.05) | OLS Beta: 0.6587
Filter ON: Spread not stationary (p-value too high). Skipping optimization and OOS test.

--- Window 79 Boundary Check ---
IS Period RTH Bars: 14666. Start: 2024-10-23 13:40:00+00:00 | End: 2024-12-17 19:48:00+00:00
OOS Start Bar Index: 475332 | Time: 2024-12-17 19:49:00+00:00
ADF Test Result: p-value=0.0318 (Required < 0.05) | OLS Beta: 0.9555
Filter OFF: Spread is stationary. Proceeding with optimization.
IS Optimization Time: 0.13 seconds.
Optimal Params (Sharpe=2.6079, Calmar=16.9971): Z_E=2.9, Z_X=0.5, Z_SL=3.3
📊 Persistence: Saved 7116 PnL points to wfa_outputs\oos_equity_curve_MOS_NTR_1m_20251118_084756_0.05.csv
OOS Period (2024-12-17 19:49:00+00:00 to 2025-01-10 20:59:00+00:00): PnL: $-135.10 | Sharpe: -4.4623 | Calmar: -12.4578 | Trades: 648

############################################################
📈 OVERALL SIMULATION PERFORMANCE (Walk-Forward Test)
############################################################
Timeframe Used: 1Min, Value: 1
ADF Cointegration Filter Threshold: 0.05
Total OOS Windows Tested: 79
Total Trades Executed: 7116
--- Final Performance Metrics ---
Total PnL: $-882.74
Overall Sharpe Ratio (Annualized): -0.1589
Overall Calmar Ratio (Annualized): -0.0219
Maximum Dollar Drawdown (MDD): $1,709.02

--- Execution Time ---
Total Elapsed Time: 137.26 seconds
############################################################
[0m