--- Dynamic Timeframe Configuration ---
TimeFrame Selected: 1Min, Value: 15
Bars per Trading Day: 26
Annualization Factor (Bars/Year): 6552
Statistical Lookback Bars: 145
Optimization Lookback Bars: 1268
---------------------------------------
--- Diagnostic Check ---
API Key ID Length: 26
API Secret Key Length: 44
StockHistoricalDataClient initialized successfully. Starting data fetch...
--------------------------
Pre-compiling Numba function for first run optimization...
Numba pre-compilation complete.
Fetching data from 2020-01-01 to 2024-12-30...
Fetching 15Min data for SLB...
Fetching 15Min data for HAL...
Data acquired successfully. Total 1Min RTH bars: 32478
Skipping full pre-calculation. Metrics will be calculated inside the WFA loop.

============================================================
📈 Starting Rolling Backtest: IS Optimization Window=1268 bars, Shift=15 days
   Data already processed with Statistical Rolling Window: 145 bars
   ADF Cointegration Filter: p-value < 0.05
============================================================

--- Window 1 Boundary Check ---
IS Period RTH Bars: 980. Start: 2020-01-17 15:00:00+00:00 | End: 2020-03-12 18:15:00+00:00
OOS Start Bar Index: 1268 | Time: 2020-03-12 18:30:00+00:00
ADF Test Result: p-value=0.0469 (Required < 0.05) | OLS Beta: 0.6922
Filter OFF: Spread is stationary. Proceeding with optimization.
IS Optimization Time: 0.08 seconds.
Optimal Params (Sharpe=3.1561, Calmar=131.6975): Z_E=3.1, Z_X=1.5, Z_SL=3.3
📊 Persistence: Saved 65 PnL points to wfa_outputs\oos_equity_curve_SLB_HAL_15m_20251105_152402_0.05.csv
OOS Period (2020-03-12 18:30:00+00:00 to 2020-04-02 18:15:00+00:00): PnL: $470.18 | Sharpe: 2.1816 | Calmar: 26.0912 | Trades: 65

--- Window 2 Boundary Check ---
IS Period RTH Bars: 980. Start: 2020-02-10 15:00:00+00:00 | End: 2020-04-02 18:15:00+00:00
OOS Start Bar Index: 1658 | Time: 2020-04-02 18:30:00+00:00
ADF Test Result: p-value=0.6579 (Required < 0.05) | OLS Beta: 0.6844
Filter ON: Spread not stationary (p-value too high). Skipping optimization and OOS test.

--- Window 3 Boundary Check ---
IS Period RTH Bars: 980. Start: 2020-03-03 15:00:00+00:00 | End: 2020-04-24 18:15:00+00:00
OOS Start Bar Index: 2048 | Time: 2020-04-24 18:30:00+00:00
ADF Test Result: p-value=0.3144 (Required < 0.05) | OLS Beta: 0.6430
Filter ON: Spread not stationary (p-value too high). Skipping optimization and OOS test.

--- Window 4 Boundary Check ---
IS Period RTH Bars: 980. Start: 2020-03-24 14:00:00+00:00 | End: 2020-05-15 18:15:00+00:00
OOS Start Bar Index: 2438 | Time: 2020-05-15 18:30:00+00:00
ADF Test Result: p-value=0.1047 (Required < 0.05) | OLS Beta: 0.4436
Filter ON: Spread not stationary (p-value too high). Skipping optimization and OOS test.

--- Window 5 Boundary Check ---
IS Period RTH Bars: 980. Start: 2020-04-15 14:00:00+00:00 | End: 2020-06-08 18:15:00+00:00
OOS Start Bar Index: 2828 | Time: 2020-06-08 18:30:00+00:00
ADF Test Result: p-value=0.3352 (Required < 0.05) | OLS Beta: 0.5110
Filter ON: Spread not stationary (p-value too high). Skipping optimization and OOS test.

--- Window 6 Boundary Check ---
IS Period RTH Bars: 980. Start: 2020-05-06 14:00:00+00:00 | End: 2020-06-29 18:15:00+00:00
OOS Start Bar Index: 3218 | Time: 2020-06-29 18:30:00+00:00
ADF Test Result: p-value=0.2318 (Required < 0.05) | OLS Beta: 0.7173
Filter ON: Spread not stationary (p-value too high). Skipping optimization and OOS test.

--- Window 7 Boundary Check ---
IS Period RTH Bars: 980. Start: 2020-05-28 14:00:00+00:00 | End: 2020-07-21 18:15:00+00:00
OOS Start Bar Index: 3608 | Time: 2020-07-21 18:30:00+00:00
ADF Test Result: p-value=0.5775 (Required < 0.05) | OLS Beta: 0.8528
Filter ON: Spread not stationary (p-value too high). Skipping optimization and OOS test.

--- Window 8 Boundary Check ---
IS Period RTH Bars: 980. Start: 2020-06-18 14:00:00+00:00 | End: 2020-08-11 18:15:00+00:00
OOS Start Bar Index: 3998 | Time: 2020-08-11 18:30:00+00:00
ADF Test Result: p-value=0.0772 (Required < 0.05) | OLS Beta: 0.3583
Filter ON: Spread not stationary (p-value too high). Skipping optimization and OOS test.

--- Window 9 Boundary Check ---
IS Period RTH Bars: 980. Start: 2020-07-10 14:00:00+00:00 | End: 2020-09-01 18:15:00+00:00
OOS Start Bar Index: 4388 | Time: 2020-09-01 18:30:00+00:00
ADF Test Result: p-value=0.1446 (Required < 0.05) | OLS Beta: 0.2830
Filter ON: Spread not stationary (p-value too high). Skipping optimization and OOS test.

--- Window 10 Boundary Check ---
IS Period RTH Bars: 980. Start: 2020-07-31 14:00:00+00:00 | End: 2020-09-23 18:15:00+00:00
OOS Start Bar Index: 4778 | Time: 2020-09-23 18:30:00+00:00
ADF Test Result: p-value=0.3428 (Required < 0.05) | OLS Beta: 0.5199
Filter ON: Spread not stationary (p-value too high). Skipping optimization and OOS test.

--- Window 11 Boundary Check ---
IS Period RTH Bars: 980. Start: 2020-08-21 14:00:00+00:00 | End: 2020-10-14 18:15:00+00:00
OOS Start Bar Index: 5168 | Time: 2020-10-14 18:30:00+00:00
ADF Test Result: p-value=0.1795 (Required < 0.05) | OLS Beta: 0.6292
Filter ON: Spread not stationary (p-value too high). Skipping optimization and OOS test.

--- Window 12 Boundary Check ---
IS Period RTH Bars: 980. Start: 2020-09-14 14:00:00+00:00 | End: 2020-11-04 19:15:00+00:00
OOS Start Bar Index: 5558 | Time: 2020-11-04 19:30:00+00:00
ADF Test Result: p-value=0.5618 (Required < 0.05) | OLS Beta: 0.8462
Filter ON: Spread not stationary (p-value too high). Skipping optimization and OOS test.

--- Window 13 Boundary Check ---
IS Period RTH Bars: 980. Start: 2020-10-05 14:00:00+00:00 | End: 2020-11-25 19:15:00+00:00
OOS Start Bar Index: 5948 | Time: 2020-11-25 19:30:00+00:00
ADF Test Result: p-value=0.0718 (Required < 0.05) | OLS Beta: 1.0042
Filter ON: Spread not stationary (p-value too high). Skipping optimization and OOS test.

--- Window 14 Boundary Check ---
IS Period RTH Bars: 980. Start: 2020-10-26 14:00:00+00:00 | End: 2020-12-18 14:45:00+00:00
OOS Start Bar Index: 6338 | Time: 2020-12-18 15:00:00+00:00
ADF Test Result: p-value=0.1812 (Required < 0.05) | OLS Beta: 0.9089
Filter ON: Spread not stationary (p-value too high). Skipping optimization and OOS test.

--- Window 15 Boundary Check ---
IS Period RTH Bars: 980. Start: 2020-11-16 15:00:00+00:00 | End: 2021-01-12 17:30:00+00:00
OOS Start Bar Index: 6728 | Time: 2021-01-12 17:45:00+00:00
ADF Test Result: p-value=0.7021 (Required < 0.05) | OLS Beta: 0.6525
Filter ON: Spread not stationary (p-value too high). Skipping optimization and OOS test.

--- Window 16 Boundary Check ---
IS Period RTH Bars: 980. Start: 2020-12-08 17:00:00+00:00 | End: 2021-02-03 17:30:00+00:00
OOS Start Bar Index: 7118 | Time: 2021-02-03 17:45:00+00:00
ADF Test Result: p-value=0.8355 (Required < 0.05) | OLS Beta: 0.7849
Filter ON: Spread not stationary (p-value too high). Skipping optimization and OOS test.

--- Window 17 Boundary Check ---
IS Period RTH Bars: 980. Start: 2020-12-30 19:45:00+00:00 | End: 2021-02-25 17:30:00+00:00
OOS Start Bar Index: 7508 | Time: 2021-02-25 17:45:00+00:00
ADF Test Result: p-value=0.3403 (Required < 0.05) | OLS Beta: 0.9713
Filter ON: Spread not stationary (p-value too high). Skipping optimization and OOS test.

--- Window 18 Boundary Check ---
IS Period RTH Bars: 980. Start: 2021-01-22 19:45:00+00:00 | End: 2021-03-18 16:30:00+00:00
OOS Start Bar Index: 7898 | Time: 2021-03-18 16:45:00+00:00
ADF Test Result: p-value=0.4864 (Required < 0.05) | OLS Beta: 0.8985
Filter ON: Spread not stationary (p-value too high). Skipping optimization and OOS test.

--- Window 19 Boundary Check ---
IS Period RTH Bars: 980. Start: 2021-02-12 19:45:00+00:00 | End: 2021-04-09 16:30:00+00:00
OOS Start Bar Index: 8288 | Time: 2021-04-09 16:45:00+00:00
ADF Test Result: p-value=0.0852 (Required < 0.05) | OLS Beta: 0.5788
Filter ON: Spread not stationary (p-value too high). Skipping optimization and OOS test.

--- Window 20 Boundary Check ---
IS Period RTH Bars: 980. Start: 2021-03-08 19:45:00+00:00 | End: 2021-05-03 16:15:00+00:00
OOS Start Bar Index: 8678 | Time: 2021-05-03 16:30:00+00:00
ADF Test Result: p-value=0.4795 (Required < 0.05) | OLS Beta: 0.5395
Filter ON: Spread not stationary (p-value too high). Skipping optimization and OOS test.

--- Window 21 Boundary Check ---
IS Period RTH Bars: 980. Start: 2021-03-29 18:45:00+00:00 | End: 2021-05-24 16:15:00+00:00
OOS Start Bar Index: 9068 | Time: 2021-05-24 16:30:00+00:00
ADF Test Result: p-value=0.6284 (Required < 0.05) | OLS Beta: 1.2831
Filter ON: Spread not stationary (p-value too high). Skipping optimization and OOS test.

--- Window 22 Boundary Check ---
IS Period RTH Bars: 980. Start: 2021-04-21 18:30:00+00:00 | End: 2021-06-15 16:15:00+00:00
OOS Start Bar Index: 9458 | Time: 2021-06-15 16:30:00+00:00
ADF Test Result: p-value=0.0037 (Required < 0.05) | OLS Beta: 1.3280
Filter OFF: Spread is stationary. Proceeding with optimization.
IS Optimization Time: 0.09 seconds.
Optimal Params (Sharpe=5.7498, Calmar=8969.4884): Z_E=1.9, Z_X=0.3, Z_SL=3.6
📊 Persistence: Saved 67 PnL points to wfa_outputs\oos_equity_curve_SLB_HAL_15m_20251105_152402_0.05.csv
OOS Period (2021-06-15 16:30:00+00:00 to 2021-07-07 16:15:00+00:00): PnL: $219.11 | Sharpe: 5.7602 | Calmar: 0.0000 | Trades: 2

--- Window 23 Boundary Check ---
IS Period RTH Bars: 980. Start: 2021-05-12 18:30:00+00:00 | End: 2021-07-07 16:15:00+00:00
OOS Start Bar Index: 9848 | Time: 2021-07-07 16:30:00+00:00
ADF Test Result: p-value=0.1372 (Required < 0.05) | OLS Beta: 1.2405
Filter ON: Spread not stationary (p-value too high). Skipping optimization and OOS test.

--- Window 24 Boundary Check ---
IS Period RTH Bars: 980. Start: 2021-06-03 18:30:00+00:00 | End: 2021-07-28 16:15:00+00:00
OOS Start Bar Index: 10238 | Time: 2021-07-28 16:30:00+00:00
ADF Test Result: p-value=0.1051 (Required < 0.05) | OLS Beta: 1.1973
Filter ON: Spread not stationary (p-value too high). Skipping optimization and OOS test.

--- Window 25 Boundary Check ---
IS Period RTH Bars: 980. Start: 2021-06-24 18:30:00+00:00 | End: 2021-08-18 16:15:00+00:00
OOS Start Bar Index: 10628 | Time: 2021-08-18 16:30:00+00:00
ADF Test Result: p-value=0.1198 (Required < 0.05) | OLS Beta: 0.9286
Filter ON: Spread not stationary (p-value too high). Skipping optimization and OOS test.

--- Window 26 Boundary Check ---
IS Period RTH Bars: 980. Start: 2021-07-16 18:30:00+00:00 | End: 2021-09-09 16:15:00+00:00
OOS Start Bar Index: 11018 | Time: 2021-09-09 16:30:00+00:00
ADF Test Result: p-value=0.1682 (Required < 0.05) | OLS Beta: 0.7558
Filter ON: Spread not stationary (p-value too high). Skipping optimization and OOS test.

--- Window 27 Boundary Check ---
IS Period RTH Bars: 980. Start: 2021-08-06 18:30:00+00:00 | End: 2021-09-30 16:15:00+00:00
OOS Start Bar Index: 11408 | Time: 2021-09-30 16:30:00+00:00
ADF Test Result: p-value=0.0890 (Required < 0.05) | OLS Beta: 0.8017
Filter ON: Spread not stationary (p-value too high). Skipping optimization and OOS test.

--- Window 28 Boundary Check ---
IS Period RTH Bars: 980. Start: 2021-08-27 18:30:00+00:00 | End: 2021-10-21 16:15:00+00:00
OOS Start Bar Index: 11798 | Time: 2021-10-21 16:30:00+00:00
ADF Test Result: p-value=0.0439 (Required < 0.05) | OLS Beta: 0.7871
Filter OFF: Spread is stationary. Proceeding with optimization.
IS Optimization Time: 0.07 seconds.
Optimal Params (Sharpe=3.6541, Calmar=45.6552): Z_E=2.3, Z_X=0.3, Z_SL=3.3
📊 Persistence: Saved 68 PnL points to wfa_outputs\oos_equity_curve_SLB_HAL_15m_20251105_152402_0.05.csv
OOS Period (2021-10-21 16:30:00+00:00 to 2021-11-12 17:00:00+00:00): PnL: $-14.81 | Sharpe: -4.1040 | Calmar: -16.3854 | Trades: 1

--- Window 29 Boundary Check ---
IS Period RTH Bars: 980. Start: 2021-09-20 18:30:00+00:00 | End: 2021-11-12 17:00:00+00:00
OOS Start Bar Index: 12188 | Time: 2021-11-12 17:15:00+00:00
ADF Test Result: p-value=0.3180 (Required < 0.05) | OLS Beta: 0.8055
Filter ON: Spread not stationary (p-value too high). Skipping optimization and OOS test.

--- Window 30 Boundary Check ---
IS Period RTH Bars: 980. Start: 2021-10-11 18:30:00+00:00 | End: 2021-12-06 18:30:00+00:00
OOS Start Bar Index: 12578 | Time: 2021-12-06 18:45:00+00:00
ADF Test Result: p-value=0.2504 (Required < 0.05) | OLS Beta: 0.8047
Filter ON: Spread not stationary (p-value too high). Skipping optimization and OOS test.

--- Window 31 Boundary Check ---
IS Period RTH Bars: 980. Start: 2021-11-02 18:15:00+00:00 | End: 2021-12-28 18:30:00+00:00
OOS Start Bar Index: 12968 | Time: 2021-12-28 18:45:00+00:00
ADF Test Result: p-value=0.6304 (Required < 0.05) | OLS Beta: 1.0798
Filter ON: Spread not stationary (p-value too high). Skipping optimization and OOS test.

--- Window 32 Boundary Check ---
IS Period RTH Bars: 980. Start: 2021-11-23 19:15:00+00:00 | End: 2022-01-19 18:30:00+00:00
OOS Start Bar Index: 13358 | Time: 2022-01-19 18:45:00+00:00
ADF Test Result: p-value=0.1175 (Required < 0.05) | OLS Beta: 0.9880
Filter ON: Spread not stationary (p-value too high). Skipping optimization and OOS test.

--- Window 33 Boundary Check ---
IS Period RTH Bars: 980. Start: 2021-12-15 20:45:00+00:00 | End: 2022-02-10 18:15:00+00:00
OOS Start Bar Index: 13748 | Time: 2022-02-10 18:30:00+00:00
ADF Test Result: p-value=0.6729 (Required < 0.05) | OLS Beta: 0.8623
Filter ON: Spread not stationary (p-value too high). Skipping optimization and OOS test.

--- Window 34 Boundary Check ---
IS Period RTH Bars: 980. Start: 2022-01-06 20:45:00+00:00 | End: 2022-03-04 18:15:00+00:00
OOS Start Bar Index: 14138 | Time: 2022-03-04 18:30:00+00:00
ADF Test Result: p-value=0.1950 (Required < 0.05) | OLS Beta: 0.5197
Filter ON: Spread not stationary (p-value too high). Skipping optimization and OOS test.

--- Window 35 Boundary Check ---
IS Period RTH Bars: 980. Start: 2022-01-31 20:30:00+00:00 | End: 2022-03-28 17:00:00+00:00
OOS Start Bar Index: 14528 | Time: 2022-03-28 17:15:00+00:00
ADF Test Result: p-value=0.0661 (Required < 0.05) | OLS Beta: 0.4524
Filter ON: Spread not stationary (p-value too high). Skipping optimization and OOS test.

--- Window 36 Boundary Check ---
IS Period RTH Bars: 980. Start: 2022-02-22 20:30:00+00:00 | End: 2022-04-19 17:00:00+00:00
OOS Start Bar Index: 14918 | Time: 2022-04-19 17:15:00+00:00
ADF Test Result: p-value=0.0218 (Required < 0.05) | OLS Beta: 0.4640
Filter OFF: Spread is stationary. Proceeding with optimization.
IS Optimization Time: 0.08 seconds.
Optimal Params (Sharpe=2.9505, Calmar=308.1954): Z_E=3.3, Z_X=1.3, Z_SL=3.6
📊 Persistence: Saved 68 PnL points to wfa_outputs\oos_equity_curve_SLB_HAL_15m_20251105_152402_0.05.csv
OOS Period (2022-04-19 17:15:00+00:00 to 2022-05-10 17:00:00+00:00): PnL: $0.00 | Sharpe: 0.0000 | Calmar: 0.0000 | Trades: 0

--- Window 37 Boundary Check ---
IS Period RTH Bars: 980. Start: 2022-03-16 19:15:00+00:00 | End: 2022-05-10 17:00:00+00:00
OOS Start Bar Index: 15308 | Time: 2022-05-10 17:15:00+00:00
ADF Test Result: p-value=0.0410 (Required < 0.05) | OLS Beta: 0.6394
Filter OFF: Spread is stationary. Proceeding with optimization.
IS Optimization Time: 0.08 seconds.
Optimal Params (Sharpe=3.9228, Calmar=24.2362): Z_E=3.1, Z_X=1.3, Z_SL=3.3
📊 Persistence: Saved 123 PnL points to wfa_outputs\oos_equity_curve_SLB_HAL_15m_20251105_152402_0.05.csv
OOS Period (2022-05-10 17:15:00+00:00 to 2022-06-01 17:00:00+00:00): PnL: $63.45 | Sharpe: 2.4731 | Calmar: 13.5848 | Trades: 55

--- Window 38 Boundary Check ---
IS Period RTH Bars: 980. Start: 2022-04-06 19:15:00+00:00 | End: 2022-06-01 17:00:00+00:00
OOS Start Bar Index: 15698 | Time: 2022-06-01 17:15:00+00:00
ADF Test Result: p-value=0.5314 (Required < 0.05) | OLS Beta: 0.8412
Filter ON: Spread not stationary (p-value too high). Skipping optimization and OOS test.

--- Window 39 Boundary Check ---
IS Period RTH Bars: 980. Start: 2022-04-28 19:15:00+00:00 | End: 2022-06-23 17:00:00+00:00
OOS Start Bar Index: 16088 | Time: 2022-06-23 17:15:00+00:00
ADF Test Result: p-value=0.0997 (Required < 0.05) | OLS Beta: 1.0081
Filter ON: Spread not stationary (p-value too high). Skipping optimization and OOS test.

--- Window 40 Boundary Check ---
IS Period RTH Bars: 980. Start: 2022-05-19 19:15:00+00:00 | End: 2022-07-15 17:00:00+00:00
OOS Start Bar Index: 16478 | Time: 2022-07-15 17:15:00+00:00
ADF Test Result: p-value=0.0325 (Required < 0.05) | OLS Beta: 0.9989
Filter OFF: Spread is stationary. Proceeding with optimization.
IS Optimization Time: 0.07 seconds.
Optimal Params (Sharpe=5.0312, Calmar=53.6925): Z_E=2.1, Z_X=1.3, Z_SL=4.2
📊 Persistence: Saved 258 PnL points to wfa_outputs\oos_equity_curve_SLB_HAL_15m_20251105_152402_0.05.csv
OOS Period (2022-07-15 17:15:00+00:00 to 2022-08-05 17:00:00+00:00): PnL: $-316.02 | Sharpe: -3.8406 | Calmar: -10.8537 | Trades: 135

--- Window 41 Boundary Check ---
IS Period RTH Bars: 980. Start: 2022-06-10 19:15:00+00:00 | End: 2022-08-05 17:00:00+00:00
OOS Start Bar Index: 16868 | Time: 2022-08-05 17:15:00+00:00
ADF Test Result: p-value=0.6311 (Required < 0.05) | OLS Beta: 0.7995
Filter ON: Spread not stationary (p-value too high). Skipping optimization and OOS test.

--- Window 42 Boundary Check ---
IS Period RTH Bars: 980. Start: 2022-07-05 19:15:00+00:00 | End: 2022-08-26 17:00:00+00:00
OOS Start Bar Index: 17258 | Time: 2022-08-26 17:15:00+00:00
ADF Test Result: p-value=0.5221 (Required < 0.05) | OLS Beta: 1.0796
Filter ON: Spread not stationary (p-value too high). Skipping optimization and OOS test.

--- Window 43 Boundary Check ---
IS Period RTH Bars: 980. Start: 2022-07-26 19:15:00+00:00 | End: 2022-09-19 17:00:00+00:00
OOS Start Bar Index: 17648 | Time: 2022-09-19 17:15:00+00:00
ADF Test Result: p-value=0.9398 (Required < 0.05) | OLS Beta: 1.0374
Filter ON: Spread not stationary (p-value too high). Skipping optimization and OOS test.

--- Window 44 Boundary Check ---
IS Period RTH Bars: 980. Start: 2022-08-16 19:15:00+00:00 | End: 2022-10-10 17:00:00+00:00
OOS Start Bar Index: 18038 | Time: 2022-10-10 17:15:00+00:00
ADF Test Result: p-value=0.6825 (Required < 0.05) | OLS Beta: 0.5102
Filter ON: Spread not stationary (p-value too high). Skipping optimization and OOS test.

--- Window 45 Boundary Check ---
IS Period RTH Bars: 980. Start: 2022-09-07 19:15:00+00:00 | End: 2022-10-31 17:00:00+00:00
OOS Start Bar Index: 18428 | Time: 2022-10-31 17:15:00+00:00
ADF Test Result: p-value=0.0838 (Required < 0.05) | OLS Beta: 1.0198
Filter ON: Spread not stationary (p-value too high). Skipping optimization and OOS test.

--- Window 46 Boundary Check ---
IS Period RTH Bars: 980. Start: 2022-09-28 19:15:00+00:00 | End: 2022-11-21 18:00:00+00:00
OOS Start Bar Index: 18818 | Time: 2022-11-21 18:15:00+00:00
ADF Test Result: p-value=0.0726 (Required < 0.05) | OLS Beta: 0.9584
Filter ON: Spread not stationary (p-value too high). Skipping optimization and OOS test.

--- Window 47 Boundary Check ---
IS Period RTH Bars: 980. Start: 2022-10-19 19:15:00+00:00 | End: 2022-12-13 20:15:00+00:00
OOS Start Bar Index: 19208 | Time: 2022-12-13 20:30:00+00:00
ADF Test Result: p-value=0.0484 (Required < 0.05) | OLS Beta: 0.6894
Filter OFF: Spread is stationary. Proceeding with optimization.
IS Optimization Time: 0.07 seconds.
Optimal Params (Sharpe=5.7558, Calmar=24.3513): Z_E=2.3, Z_X=0.3, Z_SL=3.3
📊 Persistence: Saved 258 PnL points to wfa_outputs\oos_equity_curve_SLB_HAL_15m_20251105_152402_0.05.csv
OOS Period (2022-12-13 20:30:00+00:00 to 2023-01-05 20:15:00+00:00): PnL: $0.00 | Sharpe: 0.0000 | Calmar: 0.0000 | Trades: 0

--- Window 48 Boundary Check ---
IS Period RTH Bars: 980. Start: 2022-11-09 20:15:00+00:00 | End: 2023-01-05 20:15:00+00:00
OOS Start Bar Index: 19598 | Time: 2023-01-05 20:30:00+00:00
ADF Test Result: p-value=0.1143 (Required < 0.05) | OLS Beta: 0.6736
Filter ON: Spread not stationary (p-value too high). Skipping optimization and OOS test.

--- Window 49 Boundary Check ---
IS Period RTH Bars: 980. Start: 2022-12-02 16:00:00+00:00 | End: 2023-01-27 20:15:00+00:00
OOS Start Bar Index: 19988 | Time: 2023-01-27 20:30:00+00:00
ADF Test Result: p-value=0.1406 (Required < 0.05) | OLS Beta: 0.8953
Filter ON: Spread not stationary (p-value too high). Skipping optimization and OOS test.

--- Window 50 Boundary Check ---
IS Period RTH Bars: 980. Start: 2022-12-23 16:00:00+00:00 | End: 2023-02-17 20:15:00+00:00
OOS Start Bar Index: 20378 | Time: 2023-02-17 20:30:00+00:00
ADF Test Result: p-value=0.5333 (Required < 0.05) | OLS Beta: 0.7400
Filter ON: Spread not stationary (p-value too high). Skipping optimization and OOS test.

--- Window 51 Boundary Check ---
IS Period RTH Bars: 980. Start: 2023-01-18 16:00:00+00:00 | End: 2023-03-13 19:15:00+00:00
OOS Start Bar Index: 20768 | Time: 2023-03-13 19:30:00+00:00
ADF Test Result: p-value=0.3743 (Required < 0.05) | OLS Beta: 0.5806
Filter ON: Spread not stationary (p-value too high). Skipping optimization and OOS test.

--- Window 52 Boundary Check ---
IS Period RTH Bars: 980. Start: 2023-02-08 16:00:00+00:00 | End: 2023-04-03 19:15:00+00:00
OOS Start Bar Index: 21158 | Time: 2023-04-03 19:30:00+00:00
ADF Test Result: p-value=0.0951 (Required < 0.05) | OLS Beta: 0.7655
Filter ON: Spread not stationary (p-value too high). Skipping optimization and OOS test.

--- Window 53 Boundary Check ---
IS Period RTH Bars: 980. Start: 2023-03-02 16:00:00+00:00 | End: 2023-04-25 19:15:00+00:00
OOS Start Bar Index: 21548 | Time: 2023-04-25 19:30:00+00:00
ADF Test Result: p-value=0.3313 (Required < 0.05) | OLS Beta: 0.7518
Filter ON: Spread not stationary (p-value too high). Skipping optimization and OOS test.

--- Window 54 Boundary Check ---
IS Period RTH Bars: 980. Start: 2023-03-23 15:00:00+00:00 | End: 2023-05-16 19:15:00+00:00
OOS Start Bar Index: 21938 | Time: 2023-05-16 19:30:00+00:00
ADF Test Result: p-value=0.0906 (Required < 0.05) | OLS Beta: 0.8957
Filter ON: Spread not stationary (p-value too high). Skipping optimization and OOS test.

--- Window 55 Boundary Check ---
IS Period RTH Bars: 980. Start: 2023-04-14 15:00:00+00:00 | End: 2023-06-07 19:15:00+00:00
OOS Start Bar Index: 22328 | Time: 2023-06-07 19:30:00+00:00
ADF Test Result: p-value=0.1515 (Required < 0.05) | OLS Beta: 0.9131
Filter ON: Spread not stationary (p-value too high). Skipping optimization and OOS test.

--- Window 56 Boundary Check ---
IS Period RTH Bars: 980. Start: 2023-05-05 15:00:00+00:00 | End: 2023-06-29 19:15:00+00:00
OOS Start Bar Index: 22718 | Time: 2023-06-29 19:30:00+00:00
ADF Test Result: p-value=0.1355 (Required < 0.05) | OLS Beta: 0.7161
Filter ON: Spread not stationary (p-value too high). Skipping optimization and OOS test.

--- Window 57 Boundary Check ---
IS Period RTH Bars: 980. Start: 2023-05-26 15:00:00+00:00 | End: 2023-07-24 14:45:00+00:00
OOS Start Bar Index: 23108 | Time: 2023-07-24 15:00:00+00:00
ADF Test Result: p-value=0.0281 (Required < 0.05) | OLS Beta: 1.0663
Filter OFF: Spread is stationary. Proceeding with optimization.
IS Optimization Time: 0.05 seconds.
Optimal Params (Sharpe=6.3666, Calmar=46.0602): Z_E=1.9, Z_X=0.7, Z_SL=3.3
📊 Persistence: Saved 259 PnL points to wfa_outputs\oos_equity_curve_SLB_HAL_15m_20251105_152402_0.05.csv
OOS Period (2023-07-24 15:00:00+00:00 to 2023-08-14 14:45:00+00:00): PnL: $27.78 | Sharpe: 4.1040 | Calmar: 0.0000 | Trades: 1

--- Window 58 Boundary Check ---
IS Period RTH Bars: 980. Start: 2023-06-20 15:00:00+00:00 | End: 2023-08-14 14:45:00+00:00
OOS Start Bar Index: 23498 | Time: 2023-08-14 15:00:00+00:00
ADF Test Result: p-value=0.0906 (Required < 0.05) | OLS Beta: 0.9519
Filter ON: Spread not stationary (p-value too high). Skipping optimization and OOS test.

--- Window 59 Boundary Check ---
IS Period RTH Bars: 980. Start: 2023-07-12 17:00:00+00:00 | End: 2023-09-05 14:45:00+00:00
OOS Start Bar Index: 23888 | Time: 2023-09-05 15:00:00+00:00
ADF Test Result: p-value=0.0195 (Required < 0.05) | OLS Beta: 0.5048
Filter OFF: Spread is stationary. Proceeding with optimization.
IS Optimization Time: 0.04 seconds.
Optimal Params (Sharpe=5.6088, Calmar=0.0000): Z_E=3.1, Z_X=1.3, Z_SL=4.8
📊 Persistence: Saved 260 PnL points to wfa_outputs\oos_equity_curve_SLB_HAL_15m_20251105_152402_0.05.csv
OOS Period (2023-09-05 15:00:00+00:00 to 2023-09-26 14:45:00+00:00): PnL: $154.38 | Sharpe: 4.1040 | Calmar: 0.0000 | Trades: 1

--- Window 60 Boundary Check ---
IS Period RTH Bars: 980. Start: 2023-08-02 17:00:00+00:00 | End: 2023-09-26 14:45:00+00:00
OOS Start Bar Index: 24278 | Time: 2023-09-26 15:00:00+00:00
ADF Test Result: p-value=0.1051 (Required < 0.05) | OLS Beta: 0.7355
Filter ON: Spread not stationary (p-value too high). Skipping optimization and OOS test.

--- Window 61 Boundary Check ---
IS Period RTH Bars: 980. Start: 2023-08-23 17:00:00+00:00 | End: 2023-10-17 14:45:00+00:00
OOS Start Bar Index: 24668 | Time: 2023-10-17 15:00:00+00:00
ADF Test Result: p-value=0.6952 (Required < 0.05) | OLS Beta: 0.6273
Filter ON: Spread not stationary (p-value too high). Skipping optimization and OOS test.

--- Window 62 Boundary Check ---
IS Period RTH Bars: 980. Start: 2023-09-14 17:00:00+00:00 | End: 2023-11-07 15:45:00+00:00
OOS Start Bar Index: 25058 | Time: 2023-11-07 16:00:00+00:00
ADF Test Result: p-value=0.2691 (Required < 0.05) | OLS Beta: 0.8148
Filter ON: Spread not stationary (p-value too high). Skipping optimization and OOS test.

--- Window 63 Boundary Check ---
IS Period RTH Bars: 980. Start: 2023-10-05 17:00:00+00:00 | End: 2023-11-29 18:00:00+00:00
OOS Start Bar Index: 25448 | Time: 2023-11-29 18:15:00+00:00
ADF Test Result: p-value=0.0021 (Required < 0.05) | OLS Beta: 1.0155
Filter OFF: Spread is stationary. Proceeding with optimization.
IS Optimization Time: 0.03 seconds.
Optimal Params (Sharpe=0.8039, Calmar=3.2313): Z_E=2.3, Z_X=0.3, Z_SL=3.3
📊 Persistence: Saved 282 PnL points to wfa_outputs\oos_equity_curve_SLB_HAL_15m_20251105_152402_0.05.csv
OOS Period (2023-11-29 18:15:00+00:00 to 2023-12-20 18:00:00+00:00): PnL: $-55.53 | Sharpe: -2.1285 | Calmar: -7.2182 | Trades: 22

--- Window 64 Boundary Check ---
IS Period RTH Bars: 980. Start: 2023-10-26 17:00:00+00:00 | End: 2023-12-20 18:00:00+00:00
OOS Start Bar Index: 25838 | Time: 2023-12-20 18:15:00+00:00
ADF Test Result: p-value=0.3937 (Required < 0.05) | OLS Beta: 0.9082
Filter ON: Spread not stationary (p-value too high). Skipping optimization and OOS test.

--- Window 65 Boundary Check ---
IS Period RTH Bars: 980. Start: 2023-11-16 18:00:00+00:00 | End: 2024-01-12 18:00:00+00:00
OOS Start Bar Index: 26228 | Time: 2024-01-12 18:15:00+00:00
ADF Test Result: p-value=0.5143 (Required < 0.05) | OLS Beta: 0.8144
Filter ON: Spread not stationary (p-value too high). Skipping optimization and OOS test.

--- Window 66 Boundary Check ---
IS Period RTH Bars: 980. Start: 2023-12-08 20:15:00+00:00 | End: 2024-02-05 18:00:00+00:00
OOS Start Bar Index: 26618 | Time: 2024-02-05 18:15:00+00:00
ADF Test Result: p-value=0.1455 (Required < 0.05) | OLS Beta: 0.9157
Filter ON: Spread not stationary (p-value too high). Skipping optimization and OOS test.

--- Window 67 Boundary Check ---
IS Period RTH Bars: 980. Start: 2024-01-02 20:15:00+00:00 | End: 2024-02-27 18:00:00+00:00
OOS Start Bar Index: 27008 | Time: 2024-02-27 18:15:00+00:00
ADF Test Result: p-value=0.3058 (Required < 0.05) | OLS Beta: 0.7873
Filter ON: Spread not stationary (p-value too high). Skipping optimization and OOS test.

--- Window 68 Boundary Check ---
IS Period RTH Bars: 980. Start: 2024-01-24 20:15:00+00:00 | End: 2024-03-19 17:00:00+00:00
OOS Start Bar Index: 27398 | Time: 2024-03-19 17:15:00+00:00
ADF Test Result: p-value=0.0038 (Required < 0.05) | OLS Beta: 1.1719
Filter OFF: Spread is stationary. Proceeding with optimization.
IS Optimization Time: 0.03 seconds.
Optimal Params (Sharpe=0.2403, Calmar=1.0149): Z_E=1.9, Z_X=0.9, Z_SL=3.9
📊 Persistence: Saved 354 PnL points to wfa_outputs\oos_equity_curve_SLB_HAL_15m_20251105_152402_0.05.csv
OOS Period (2024-03-19 17:15:00+00:00 to 2024-04-10 17:00:00+00:00): PnL: $-215.62 | Sharpe: -5.1419 | Calmar: -12.6712 | Trades: 72

--- Window 69 Boundary Check ---
IS Period RTH Bars: 980. Start: 2024-02-14 20:15:00+00:00 | End: 2024-04-10 17:00:00+00:00
OOS Start Bar Index: 27788 | Time: 2024-04-10 17:15:00+00:00
ADF Test Result: p-value=0.7677 (Required < 0.05) | OLS Beta: 0.7938
Filter ON: Spread not stationary (p-value too high). Skipping optimization and OOS test.

--- Window 70 Boundary Check ---
IS Period RTH Bars: 980. Start: 2024-03-07 20:15:00+00:00 | End: 2024-05-01 17:00:00+00:00
OOS Start Bar Index: 28178 | Time: 2024-05-01 17:15:00+00:00
ADF Test Result: p-value=0.9700 (Required < 0.05) | OLS Beta: 0.5509
Filter ON: Spread not stationary (p-value too high). Skipping optimization and OOS test.

--- Window 71 Boundary Check ---
IS Period RTH Bars: 980. Start: 2024-03-28 19:15:00+00:00 | End: 2024-05-22 17:00:00+00:00
OOS Start Bar Index: 28568 | Time: 2024-05-22 17:15:00+00:00
ADF Test Result: p-value=0.0084 (Required < 0.05) | OLS Beta: 1.2908
Filter OFF: Spread is stationary. Proceeding with optimization.
IS Optimization Time: 0.03 seconds.
Optimal Params (Sharpe=6.4851, Calmar=63.5175): Z_E=2.1, Z_X=0.5, Z_SL=3.6
📊 Persistence: Saved 355 PnL points to wfa_outputs\oos_equity_curve_SLB_HAL_15m_20251105_152402_0.05.csv
OOS Period (2024-05-22 17:15:00+00:00 to 2024-06-13 17:00:00+00:00): PnL: $3.49 | Sharpe: 4.1040 | Calmar: 0.0000 | Trades: 1

--- Window 72 Boundary Check ---
IS Period RTH Bars: 980. Start: 2024-04-19 19:15:00+00:00 | End: 2024-06-13 17:00:00+00:00
OOS Start Bar Index: 28958 | Time: 2024-06-13 17:15:00+00:00
ADF Test Result: p-value=0.1152 (Required < 0.05) | OLS Beta: 0.9323
Filter ON: Spread not stationary (p-value too high). Skipping optimization and OOS test.

--- Window 73 Boundary Check ---
IS Period RTH Bars: 980. Start: 2024-05-10 19:15:00+00:00 | End: 2024-07-08 19:15:00+00:00
OOS Start Bar Index: 29348 | Time: 2024-07-08 19:30:00+00:00
ADF Test Result: p-value=0.7907 (Required < 0.05) | OLS Beta: 0.5163
Filter ON: Spread not stationary (p-value too high). Skipping optimization and OOS test.

--- Window 74 Boundary Check ---
IS Period RTH Bars: 980. Start: 2024-06-03 19:15:00+00:00 | End: 2024-07-29 19:15:00+00:00
OOS Start Bar Index: 29738 | Time: 2024-07-29 19:30:00+00:00
ADF Test Result: p-value=0.3808 (Required < 0.05) | OLS Beta: 0.7824
Filter ON: Spread not stationary (p-value too high). Skipping optimization and OOS test.

--- Window 75 Boundary Check ---
IS Period RTH Bars: 980. Start: 2024-06-25 19:15:00+00:00 | End: 2024-08-19 19:15:00+00:00
OOS Start Bar Index: 30128 | Time: 2024-08-19 19:30:00+00:00
ADF Test Result: p-value=0.1845 (Required < 0.05) | OLS Beta: 0.7896
Filter ON: Spread not stationary (p-value too high). Skipping optimization and OOS test.

--- Window 76 Boundary Check ---
IS Period RTH Bars: 980. Start: 2024-07-18 15:00:00+00:00 | End: 2024-09-10 19:15:00+00:00
OOS Start Bar Index: 30518 | Time: 2024-09-10 19:30:00+00:00
ADF Test Result: p-value=0.0003 (Required < 0.05) | OLS Beta: 0.9968
Filter OFF: Spread is stationary. Proceeding with optimization.
IS Optimization Time: 0.03 seconds.
Optimal Params (Sharpe=1.8768, Calmar=11.6308): Z_E=2.9, Z_X=1.5, Z_SL=4.8
📊 Persistence: Saved 356 PnL points to wfa_outputs\oos_equity_curve_SLB_HAL_15m_20251105_152402_0.05.csv
OOS Period (2024-09-10 19:30:00+00:00 to 2024-10-01 19:15:00+00:00): PnL: $117.33 | Sharpe: 4.1040 | Calmar: 0.0000 | Trades: 1

--- Window 77 Boundary Check ---
IS Period RTH Bars: 980. Start: 2024-08-08 15:00:00+00:00 | End: 2024-10-01 19:15:00+00:00
OOS Start Bar Index: 30908 | Time: 2024-10-01 19:30:00+00:00
ADF Test Result: p-value=0.3028 (Required < 0.05) | OLS Beta: 0.8790
Filter ON: Spread not stationary (p-value too high). Skipping optimization and OOS test.

--- Window 78 Boundary Check ---
IS Period RTH Bars: 980. Start: 2024-08-29 15:00:00+00:00 | End: 2024-10-22 19:15:00+00:00
OOS Start Bar Index: 31298 | Time: 2024-10-22 19:30:00+00:00
ADF Test Result: p-value=0.4913 (Required < 0.05) | OLS Beta: 0.9824
Filter ON: Spread not stationary (p-value too high). Skipping optimization and OOS test.

--- Window 79 Boundary Check ---
IS Period RTH Bars: 980. Start: 2024-09-20 15:00:00+00:00 | End: 2024-11-12 20:15:00+00:00
OOS Start Bar Index: 31688 | Time: 2024-11-12 20:30:00+00:00
ADF Test Result: p-value=0.2220 (Required < 0.05) | OLS Beta: 0.8735
Filter ON: Spread not stationary (p-value too high). Skipping optimization and OOS test.

--- Window 80 Boundary Check ---
IS Period RTH Bars: 980. Start: 2024-10-11 15:00:00+00:00 | End: 2024-12-05 16:15:00+00:00
OOS Start Bar Index: 32078 | Time: 2024-12-05 16:30:00+00:00
ADF Test Result: p-value=0.2402 (Required < 0.05) | OLS Beta: 0.5151
Filter ON: Spread not stationary (p-value too high). Skipping optimization and OOS test.

--- Window 81 Boundary Check ---
IS Period RTH Bars: 980. Start: 2024-11-01 15:00:00+00:00 | End: 2024-12-27 18:15:00+00:00
OOS Start Bar Index: 32468 | Time: 2024-12-27 18:30:00+00:00
ADF Test Result: p-value=0.3969 (Required < 0.05) | OLS Beta: 0.8546
Filter ON: Spread not stationary (p-value too high). Skipping optimization and OOS test.

############################################################
📈 OVERALL SIMULATION PERFORMANCE (Walk-Forward Test)
############################################################
Timeframe Used: 1Min, Value: 15
ADF Cointegration Filter Threshold: 0.05
Total OOS Windows Tested: 81
Total Trades Executed: 356
--- Final Performance Metrics ---
Total PnL: $453.73
Overall Sharpe Ratio (Annualized): 0.0917
Overall Calmar Ratio (Annualized): 0.0390
Maximum Dollar Drawdown (MDD): $468.84

--- Execution Time ---
Total Elapsed Time: 42.19 seconds
############################################################
[0m