--- Dynamic Timeframe Configuration ---
TimeFrame Selected: 1Min, Value: 1
Bars per Trading Day: 390
Annualization Factor (Bars/Year): 98280
Statistical Lookback Bars: 2184
Optimization Lookback Bars: 19032
---------------------------------------
--- Diagnostic Check ---
API Key ID Length: 26
API Secret Key Length: 44
StockHistoricalDataClient initialized successfully. Starting data fetch...
--------------------------
Pre-compiling Numba function for first run optimization...
Numba pre-compilation complete.
Fetching data from 2020-01-01 to 2024-12-30...
Fetching 1Min data for MSFT...
Fetching 1Min data for AAPL...
Data acquired successfully. Total 1Min RTH bars: 488553
Skipping full pre-calculation. Metrics will be calculated inside the WFA loop.

============================================================
📈 Starting Rolling Backtest: IS Optimization Window=19032 bars, Shift=15 days
   Data already processed with Statistical Rolling Window: 2184 bars
   ADF Cointegration Filter: p-value < 0.1
============================================================

--- Window 1 Boundary Check ---
IS Period RTH Bars: 14666. Start: 2020-01-17 15:46:00+00:00 | End: 2020-03-12 19:09:00+00:00
OOS Start Bar Index: 19032 | Time: 2020-03-12 19:10:00+00:00
ADF Test Result: p-value=0.5190 (Required < 0.10) | OLS Beta: 0.7788
Filter ON: Spread not stationary (p-value too high). Skipping optimization and OOS test.

--- Window 2 Boundary Check ---
IS Period RTH Bars: 14666. Start: 2020-02-10 15:46:00+00:00 | End: 2020-04-02 19:37:00+00:00
OOS Start Bar Index: 24882 | Time: 2020-04-02 19:38:00+00:00
ADF Test Result: p-value=0.5326 (Required < 0.10) | OLS Beta: 0.8230
Filter ON: Spread not stationary (p-value too high). Skipping optimization and OOS test.

--- Window 3 Boundary Check ---
IS Period RTH Bars: 14666. Start: 2020-03-03 15:46:00+00:00 | End: 2020-04-24 19:37:00+00:00
OOS Start Bar Index: 30732 | Time: 2020-04-24 19:38:00+00:00
ADF Test Result: p-value=0.6717 (Required < 0.10) | OLS Beta: 0.8453
Filter ON: Spread not stationary (p-value too high). Skipping optimization and OOS test.

--- Window 4 Boundary Check ---
IS Period RTH Bars: 14666. Start: 2020-03-24 15:42:00+00:00 | End: 2020-05-15 19:37:00+00:00
OOS Start Bar Index: 36582 | Time: 2020-05-15 19:38:00+00:00
ADF Test Result: p-value=0.0677 (Required < 0.10) | OLS Beta: 0.7866
Filter OFF: Spread is stationary. Proceeding with optimization.
IS Optimization Time: 0.15 seconds.
Optimal Params (Sharpe=4.8804, Calmar=31.2489): Z_E=1.9, Z_X=1.5, Z_SL=3.9
📊 Persistence: Saved 2 PnL points to wfa_outputs\oos_equity_curve_MSFT_AAPL_1m_20251105_172421_0.1.csv
OOS Period (2020-05-15 19:38:00+00:00 to 2020-06-08 19:37:00+00:00): PnL: $18.05 | Sharpe: 1.4157 | Calmar: 10.3718 | Trades: 2

--- Window 5 Boundary Check ---
IS Period RTH Bars: 14666. Start: 2020-04-15 15:42:00+00:00 | End: 2020-06-08 19:37:00+00:00
OOS Start Bar Index: 42432 | Time: 2020-06-08 19:38:00+00:00
ADF Test Result: p-value=0.0106 (Required < 0.10) | OLS Beta: 0.4311
Filter OFF: Spread is stationary. Proceeding with optimization.
IS Optimization Time: 0.15 seconds.
Optimal Params (Sharpe=3.1115, Calmar=17.2626): Z_E=2.3, Z_X=0.3, Z_SL=3.9
📊 Persistence: Saved 4 PnL points to wfa_outputs\oos_equity_curve_MSFT_AAPL_1m_20251105_172421_0.1.csv
OOS Period (2020-06-08 19:38:00+00:00 to 2020-06-29 19:37:00+00:00): PnL: $245.92 | Sharpe: 5.4518 | Calmar: 0.0000 | Trades: 2

--- Window 6 Boundary Check ---
IS Period RTH Bars: 14666. Start: 2020-05-06 15:42:00+00:00 | End: 2020-06-29 19:37:00+00:00
OOS Start Bar Index: 48282 | Time: 2020-06-29 19:38:00+00:00
ADF Test Result: p-value=0.0137 (Required < 0.10) | OLS Beta: 0.5687
Filter OFF: Spread is stationary. Proceeding with optimization.
IS Optimization Time: 0.14 seconds.
Optimal Params (Sharpe=2.0592, Calmar=7.8517): Z_E=2.1, Z_X=0.3, Z_SL=3.6
📊 Persistence: Saved 679 PnL points to wfa_outputs\oos_equity_curve_MSFT_AAPL_1m_20251105_172421_0.1.csv
OOS Period (2020-06-29 19:38:00+00:00 to 2020-07-21 19:37:00+00:00): PnL: $1.16 | Sharpe: 0.0160 | Calmar: 0.0693 | Trades: 675

--- Window 7 Boundary Check ---
IS Period RTH Bars: 14666. Start: 2020-05-28 15:42:00+00:00 | End: 2020-07-21 19:37:00+00:00
OOS Start Bar Index: 54132 | Time: 2020-07-21 19:38:00+00:00
ADF Test Result: p-value=0.2959 (Required < 0.10) | OLS Beta: 0.7602
Filter ON: Spread not stationary (p-value too high). Skipping optimization and OOS test.

--- Window 8 Boundary Check ---
IS Period RTH Bars: 14666. Start: 2020-06-18 15:42:00+00:00 | End: 2020-08-11 19:37:00+00:00
OOS Start Bar Index: 59982 | Time: 2020-08-11 19:38:00+00:00
ADF Test Result: p-value=0.2630 (Required < 0.10) | OLS Beta: 0.2472
Filter ON: Spread not stationary (p-value too high). Skipping optimization and OOS test.

--- Window 9 Boundary Check ---
IS Period RTH Bars: 14666. Start: 2020-07-10 15:42:00+00:00 | End: 2020-09-01 19:37:00+00:00
OOS Start Bar Index: 65832 | Time: 2020-09-01 19:38:00+00:00
ADF Test Result: p-value=0.0856 (Required < 0.10) | OLS Beta: 0.2419
Filter OFF: Spread is stationary. Proceeding with optimization.
IS Optimization Time: 0.16 seconds.
Optimal Params (Sharpe=-2.3694, Calmar=-4.1706): Z_E=3.3, Z_X=0.9, Z_SL=3.6
📊 Persistence: Saved 679 PnL points to wfa_outputs\oos_equity_curve_MSFT_AAPL_1m_20251105_172421_0.1.csv
OOS Period (2020-09-01 19:38:00+00:00 to 2020-09-23 19:37:00+00:00): PnL: $0.00 | Sharpe: 0.0000 | Calmar: 0.0000 | Trades: 0

--- Window 10 Boundary Check ---
IS Period RTH Bars: 14666. Start: 2020-07-31 15:42:00+00:00 | End: 2020-09-23 19:37:00+00:00
OOS Start Bar Index: 71682 | Time: 2020-09-23 19:38:00+00:00
ADF Test Result: p-value=0.1811 (Required < 0.10) | OLS Beta: 0.5252
Filter ON: Spread not stationary (p-value too high). Skipping optimization and OOS test.

--- Window 11 Boundary Check ---
IS Period RTH Bars: 14666. Start: 2020-08-21 15:42:00+00:00 | End: 2020-10-14 19:37:00+00:00
OOS Start Bar Index: 77532 | Time: 2020-10-14 19:38:00+00:00
ADF Test Result: p-value=0.0751 (Required < 0.10) | OLS Beta: 0.6466
Filter OFF: Spread is stationary. Proceeding with optimization.
IS Optimization Time: 0.14 seconds.
Optimal Params (Sharpe=3.8065, Calmar=31.0843): Z_E=3.1, Z_X=1.5, Z_SL=4.8
📊 Persistence: Saved 679 PnL points to wfa_outputs\oos_equity_curve_MSFT_AAPL_1m_20251105_172421_0.1.csv
OOS Period (2020-10-14 19:38:00+00:00 to 2020-11-04 20:37:00+00:00): PnL: $0.00 | Sharpe: 0.0000 | Calmar: 0.0000 | Trades: 0

--- Window 12 Boundary Check ---
IS Period RTH Bars: 14666. Start: 2020-09-14 15:42:00+00:00 | End: 2020-11-04 20:37:00+00:00
OOS Start Bar Index: 83382 | Time: 2020-11-04 20:38:00+00:00
ADF Test Result: p-value=0.1355 (Required < 0.10) | OLS Beta: 0.7911
Filter ON: Spread not stationary (p-value too high). Skipping optimization and OOS test.

--- Window 13 Boundary Check ---
IS Period RTH Bars: 14666. Start: 2020-10-05 15:42:00+00:00 | End: 2020-11-25 20:37:00+00:00
OOS Start Bar Index: 89232 | Time: 2020-11-25 20:38:00+00:00
ADF Test Result: p-value=0.0837 (Required < 0.10) | OLS Beta: 0.7926
Filter OFF: Spread is stationary. Proceeding with optimization.
IS Optimization Time: 0.14 seconds.
Optimal Params (Sharpe=4.4458, Calmar=0.0000): Z_E=2.9, Z_X=0.7, Z_SL=3.6
📊 Persistence: Saved 1245 PnL points to wfa_outputs\oos_equity_curve_MSFT_AAPL_1m_20251105_172421_0.1.csv
OOS Period (2020-11-25 20:38:00+00:00 to 2020-12-18 16:20:00+00:00): PnL: $-56.50 | Sharpe: -2.3068 | Calmar: -6.1242 | Trades: 566

--- Window 14 Boundary Check ---
IS Period RTH Bars: 14666. Start: 2020-10-26 15:42:00+00:00 | End: 2020-12-18 16:20:00+00:00
OOS Start Bar Index: 95082 | Time: 2020-12-18 16:21:00+00:00
ADF Test Result: p-value=0.1791 (Required < 0.10) | OLS Beta: 0.3861
Filter ON: Spread not stationary (p-value too high). Skipping optimization and OOS test.

--- Window 15 Boundary Check ---
IS Period RTH Bars: 14666. Start: 2020-11-16 16:42:00+00:00 | End: 2021-01-12 18:40:00+00:00
OOS Start Bar Index: 100932 | Time: 2021-01-12 18:41:00+00:00
ADF Test Result: p-value=0.0226 (Required < 0.10) | OLS Beta: 0.3370
Filter OFF: Spread is stationary. Proceeding with optimization.
IS Optimization Time: 0.14 seconds.
Optimal Params (Sharpe=7.7271, Calmar=143.9244): Z_E=2.1, Z_X=0.3, Z_SL=3.9
📊 Persistence: Saved 2259 PnL points to wfa_outputs\oos_equity_curve_MSFT_AAPL_1m_20251105_172421_0.1.csv
OOS Period (2021-01-12 18:41:00+00:00 to 2021-02-03 18:40:00+00:00): PnL: $-162.54 | Sharpe: -1.8615 | Calmar: -4.4655 | Trades: 1014

--- Window 16 Boundary Check ---
IS Period RTH Bars: 14666. Start: 2020-12-08 18:55:00+00:00 | End: 2021-02-03 18:40:00+00:00
OOS Start Bar Index: 106782 | Time: 2021-02-03 18:41:00+00:00
ADF Test Result: p-value=0.8155 (Required < 0.10) | OLS Beta: 0.7141
Filter ON: Spread not stationary (p-value too high). Skipping optimization and OOS test.

--- Window 17 Boundary Check ---
IS Period RTH Bars: 14666. Start: 2020-12-31 14:45:00+00:00 | End: 2021-02-25 18:40:00+00:00
OOS Start Bar Index: 112632 | Time: 2021-02-25 18:41:00+00:00
ADF Test Result: p-value=0.7862 (Required < 0.10) | OLS Beta: 0.5173
Filter ON: Spread not stationary (p-value too high). Skipping optimization and OOS test.

--- Window 18 Boundary Check ---
IS Period RTH Bars: 14666. Start: 2021-01-25 14:45:00+00:00 | End: 2021-03-18 17:40:00+00:00
OOS Start Bar Index: 118482 | Time: 2021-03-18 17:41:00+00:00
ADF Test Result: p-value=0.0056 (Required < 0.10) | OLS Beta: 0.1817
Filter OFF: Spread is stationary. Proceeding with optimization.
IS Optimization Time: 0.15 seconds.
Optimal Params (Sharpe=5.3177, Calmar=41.1028): Z_E=2.3, Z_X=0.9, Z_SL=3.6
📊 Persistence: Saved 2526 PnL points to wfa_outputs\oos_equity_curve_MSFT_AAPL_1m_20251105_172421_0.1.csv
OOS Period (2021-03-18 17:41:00+00:00 to 2021-04-09 17:40:00+00:00): PnL: $-252.69 | Sharpe: -5.1958 | Calmar: -13.1888 | Trades: 267

--- Window 19 Boundary Check ---
IS Period RTH Bars: 14666. Start: 2021-02-16 14:45:00+00:00 | End: 2021-04-09 17:40:00+00:00
OOS Start Bar Index: 124332 | Time: 2021-04-09 17:41:00+00:00
ADF Test Result: p-value=0.4190 (Required < 0.10) | OLS Beta: 0.6609
Filter ON: Spread not stationary (p-value too high). Skipping optimization and OOS test.

--- Window 20 Boundary Check ---
IS Period RTH Bars: 14666. Start: 2021-03-09 14:45:00+00:00 | End: 2021-04-30 17:40:00+00:00
OOS Start Bar Index: 130182 | Time: 2021-04-30 17:41:00+00:00
ADF Test Result: p-value=0.0344 (Required < 0.10) | OLS Beta: 0.9667
Filter OFF: Spread is stationary. Proceeding with optimization.
IS Optimization Time: 0.14 seconds.
Optimal Params (Sharpe=4.1793, Calmar=27.2976): Z_E=2.7, Z_X=1.5, Z_SL=3.6
📊 Persistence: Saved 2526 PnL points to wfa_outputs\oos_equity_curve_MSFT_AAPL_1m_20251105_172421_0.1.csv
OOS Period (2021-04-30 17:41:00+00:00 to 2021-05-21 17:40:00+00:00): PnL: $0.00 | Sharpe: 0.0000 | Calmar: 0.0000 | Trades: 0

--- Window 21 Boundary Check ---
IS Period RTH Bars: 14666. Start: 2021-03-30 13:45:00+00:00 | End: 2021-05-21 17:40:00+00:00
OOS Start Bar Index: 136032 | Time: 2021-05-21 17:41:00+00:00
ADF Test Result: p-value=0.0184 (Required < 0.10) | OLS Beta: 0.8526
Filter OFF: Spread is stationary. Proceeding with optimization.
IS Optimization Time: 0.16 seconds.
Optimal Params (Sharpe=5.4305, Calmar=31.1534): Z_E=2.9, Z_X=1.5, Z_SL=3.3
📊 Persistence: Saved 3224 PnL points to wfa_outputs\oos_equity_curve_MSFT_AAPL_1m_20251105_172421_0.1.csv
OOS Period (2021-05-21 17:41:00+00:00 to 2021-06-14 17:40:00+00:00): PnL: $99.13 | Sharpe: 3.5456 | Calmar: 25.6277 | Trades: 698

--- Window 22 Boundary Check ---
IS Period RTH Bars: 14666. Start: 2021-04-21 13:45:00+00:00 | End: 2021-06-14 17:40:00+00:00
OOS Start Bar Index: 141882 | Time: 2021-06-14 17:41:00+00:00
ADF Test Result: p-value=0.3607 (Required < 0.10) | OLS Beta: 0.5878
Filter ON: Spread not stationary (p-value too high). Skipping optimization and OOS test.

--- Window 23 Boundary Check ---
IS Period RTH Bars: 14666. Start: 2021-05-12 13:45:00+00:00 | End: 2021-07-06 17:40:00+00:00
OOS Start Bar Index: 147732 | Time: 2021-07-06 17:41:00+00:00
ADF Test Result: p-value=0.2882 (Required < 0.10) | OLS Beta: 1.0446
Filter ON: Spread not stationary (p-value too high). Skipping optimization and OOS test.

--- Window 24 Boundary Check ---
IS Period RTH Bars: 14666. Start: 2021-06-03 13:45:00+00:00 | End: 2021-07-27 17:40:00+00:00
OOS Start Bar Index: 153582 | Time: 2021-07-27 17:41:00+00:00
ADF Test Result: p-value=0.0060 (Required < 0.10) | OLS Beta: 0.7187
Filter OFF: Spread is stationary. Proceeding with optimization.
IS Optimization Time: 0.15 seconds.
Optimal Params (Sharpe=3.4641, Calmar=20.6896): Z_E=2.3, Z_X=0.3, Z_SL=4.8
📊 Persistence: Saved 3225 PnL points to wfa_outputs\oos_equity_curve_MSFT_AAPL_1m_20251105_172421_0.1.csv
OOS Period (2021-07-27 17:41:00+00:00 to 2021-08-17 17:40:00+00:00): PnL: $93.64 | Sharpe: 4.0991 | Calmar: 0.0000 | Trades: 1

--- Window 25 Boundary Check ---
IS Period RTH Bars: 14666. Start: 2021-06-24 13:45:00+00:00 | End: 2021-08-17 17:40:00+00:00
OOS Start Bar Index: 159432 | Time: 2021-08-17 17:41:00+00:00
ADF Test Result: p-value=0.2700 (Required < 0.10) | OLS Beta: 0.7331
Filter ON: Spread not stationary (p-value too high). Skipping optimization and OOS test.

--- Window 26 Boundary Check ---
IS Period RTH Bars: 14666. Start: 2021-07-16 13:45:00+00:00 | End: 2021-09-08 17:40:00+00:00
OOS Start Bar Index: 165282 | Time: 2021-09-08 17:41:00+00:00
ADF Test Result: p-value=0.2247 (Required < 0.10) | OLS Beta: 1.0385
Filter ON: Spread not stationary (p-value too high). Skipping optimization and OOS test.

--- Window 27 Boundary Check ---
IS Period RTH Bars: 14666. Start: 2021-08-06 13:45:00+00:00 | End: 2021-09-29 17:40:00+00:00
OOS Start Bar Index: 171132 | Time: 2021-09-29 17:41:00+00:00
ADF Test Result: p-value=0.5236 (Required < 0.10) | OLS Beta: 0.4572
Filter ON: Spread not stationary (p-value too high). Skipping optimization and OOS test.

--- Window 28 Boundary Check ---
IS Period RTH Bars: 14666. Start: 2021-08-27 13:45:00+00:00 | End: 2021-10-20 17:40:00+00:00
OOS Start Bar Index: 176982 | Time: 2021-10-20 17:41:00+00:00
ADF Test Result: p-value=0.6047 (Required < 0.10) | OLS Beta: 0.4392
Filter ON: Spread not stationary (p-value too high). Skipping optimization and OOS test.

--- Window 29 Boundary Check ---
IS Period RTH Bars: 14666. Start: 2021-09-20 13:45:00+00:00 | End: 2021-11-10 18:40:00+00:00
OOS Start Bar Index: 182832 | Time: 2021-11-10 18:41:00+00:00
ADF Test Result: p-value=0.1110 (Required < 0.10) | OLS Beta: 1.9035
Filter ON: Spread not stationary (p-value too high). Skipping optimization and OOS test.

--- Window 30 Boundary Check ---
IS Period RTH Bars: 14666. Start: 2021-10-11 13:45:00+00:00 | End: 2021-12-02 20:07:00+00:00
OOS Start Bar Index: 188682 | Time: 2021-12-02 20:08:00+00:00
ADF Test Result: p-value=0.6097 (Required < 0.10) | OLS Beta: 0.8151
Filter ON: Spread not stationary (p-value too high). Skipping optimization and OOS test.

--- Window 31 Boundary Check ---
IS Period RTH Bars: 14666. Start: 2021-11-01 13:45:00+00:00 | End: 2021-12-23 20:07:00+00:00
OOS Start Bar Index: 194532 | Time: 2021-12-23 20:08:00+00:00
ADF Test Result: p-value=0.0986 (Required < 0.10) | OLS Beta: -0.0527
Filter OFF: Spread is stationary. Proceeding with optimization.
IS Optimization Time: 0.14 seconds.
Optimal Params (Sharpe=6.8693, Calmar=97.4461): Z_E=1.9, Z_X=0.9, Z_SL=4.2
📊 Persistence: Saved 3416 PnL points to wfa_outputs\oos_equity_curve_MSFT_AAPL_1m_20251105_172421_0.1.csv
OOS Period (2021-12-23 20:08:00+00:00 to 2022-01-14 20:07:00+00:00): PnL: $-333.71 | Sharpe: -4.0228 | Calmar: -8.6089 | Trades: 191

--- Window 32 Boundary Check ---
IS Period RTH Bars: 14666. Start: 2021-11-22 14:45:00+00:00 | End: 2022-01-14 20:07:00+00:00
OOS Start Bar Index: 200382 | Time: 2022-01-14 20:08:00+00:00
ADF Test Result: p-value=0.6167 (Required < 0.10) | OLS Beta: 0.0545
Filter ON: Spread not stationary (p-value too high). Skipping optimization and OOS test.

--- Window 33 Boundary Check ---
IS Period RTH Bars: 14666. Start: 2021-12-14 16:12:00+00:00 | End: 2022-02-07 20:07:00+00:00
OOS Start Bar Index: 206232 | Time: 2022-02-07 20:08:00+00:00
ADF Test Result: p-value=0.4528 (Required < 0.10) | OLS Beta: 1.1098
Filter ON: Spread not stationary (p-value too high). Skipping optimization and OOS test.

--- Window 34 Boundary Check ---
IS Period RTH Bars: 14666. Start: 2022-01-05 16:12:00+00:00 | End: 2022-03-01 20:07:00+00:00
OOS Start Bar Index: 212082 | Time: 2022-03-01 20:08:00+00:00
ADF Test Result: p-value=0.1642 (Required < 0.10) | OLS Beta: 0.7399
Filter ON: Spread not stationary (p-value too high). Skipping optimization and OOS test.

--- Window 35 Boundary Check ---
IS Period RTH Bars: 14666. Start: 2022-01-27 16:12:00+00:00 | End: 2022-03-22 19:07:00+00:00
OOS Start Bar Index: 217932 | Time: 2022-03-22 19:08:00+00:00
ADF Test Result: p-value=0.0228 (Required < 0.10) | OLS Beta: 0.6503
Filter OFF: Spread is stationary. Proceeding with optimization.
IS Optimization Time: 0.15 seconds.
Optimal Params (Sharpe=3.1199, Calmar=23.7760): Z_E=3.1, Z_X=1.5, Z_SL=3.6
📊 Persistence: Saved 3417 PnL points to wfa_outputs\oos_equity_curve_MSFT_AAPL_1m_20251105_172421_0.1.csv
OOS Period (2022-03-22 19:08:00+00:00 to 2022-04-12 19:07:00+00:00): PnL: $-16.30 | Sharpe: -4.0991 | Calmar: -17.1514 | Trades: 1

--- Window 36 Boundary Check ---
IS Period RTH Bars: 14666. Start: 2022-02-17 16:12:00+00:00 | End: 2022-04-12 19:07:00+00:00
OOS Start Bar Index: 223782 | Time: 2022-04-12 19:08:00+00:00
ADF Test Result: p-value=0.6479 (Required < 0.10) | OLS Beta: 0.7128
Filter ON: Spread not stationary (p-value too high). Skipping optimization and OOS test.

--- Window 37 Boundary Check ---
IS Period RTH Bars: 14666. Start: 2022-03-11 16:12:00+00:00 | End: 2022-05-04 19:07:00+00:00
OOS Start Bar Index: 229632 | Time: 2022-05-04 19:08:00+00:00
ADF Test Result: p-value=0.4486 (Required < 0.10) | OLS Beta: 0.7412
Filter ON: Spread not stationary (p-value too high). Skipping optimization and OOS test.

--- Window 38 Boundary Check ---
IS Period RTH Bars: 14666. Start: 2022-04-01 15:12:00+00:00 | End: 2022-05-25 19:07:00+00:00
OOS Start Bar Index: 235482 | Time: 2022-05-25 19:08:00+00:00
ADF Test Result: p-value=0.1480 (Required < 0.10) | OLS Beta: 0.7313
Filter ON: Spread not stationary (p-value too high). Skipping optimization and OOS test.

--- Window 39 Boundary Check ---
IS Period RTH Bars: 14666. Start: 2022-04-25 15:12:00+00:00 | End: 2022-06-16 19:07:00+00:00
OOS Start Bar Index: 241332 | Time: 2022-06-16 19:08:00+00:00
ADF Test Result: p-value=0.0244 (Required < 0.10) | OLS Beta: 0.6751
Filter OFF: Spread is stationary. Proceeding with optimization.
IS Optimization Time: 0.14 seconds.
Optimal Params (Sharpe=4.5176, Calmar=39.2382): Z_E=2.5, Z_X=0.7, Z_SL=3.3
📊 Persistence: Saved 3417 PnL points to wfa_outputs\oos_equity_curve_MSFT_AAPL_1m_20251105_172421_0.1.csv
OOS Period (2022-06-16 19:08:00+00:00 to 2022-07-11 19:07:00+00:00): PnL: $0.00 | Sharpe: 0.0000 | Calmar: 0.0000 | Trades: 0

--- Window 40 Boundary Check ---
IS Period RTH Bars: 14666. Start: 2022-05-16 15:12:00+00:00 | End: 2022-07-11 19:07:00+00:00
OOS Start Bar Index: 247182 | Time: 2022-07-11 19:08:00+00:00
ADF Test Result: p-value=0.0052 (Required < 0.10) | OLS Beta: 0.7718
Filter OFF: Spread is stationary. Proceeding with optimization.
IS Optimization Time: 0.15 seconds.
Optimal Params (Sharpe=5.4525, Calmar=43.6332): Z_E=2.7, Z_X=1.3, Z_SL=3.9
📊 Persistence: Saved 5786 PnL points to wfa_outputs\oos_equity_curve_MSFT_AAPL_1m_20251105_172421_0.1.csv
OOS Period (2022-07-11 19:08:00+00:00 to 2022-08-01 19:07:00+00:00): PnL: $89.49 | Sharpe: 1.3631 | Calmar: 12.3363 | Trades: 2369

--- Window 41 Boundary Check ---
IS Period RTH Bars: 14666. Start: 2022-06-07 15:12:00+00:00 | End: 2022-08-01 19:07:00+00:00
OOS Start Bar Index: 253032 | Time: 2022-08-01 19:08:00+00:00
ADF Test Result: p-value=0.2321 (Required < 0.10) | OLS Beta: 0.4137
Filter ON: Spread not stationary (p-value too high). Skipping optimization and OOS test.

--- Window 42 Boundary Check ---
IS Period RTH Bars: 14666. Start: 2022-06-29 15:12:00+00:00 | End: 2022-08-22 19:07:00+00:00
OOS Start Bar Index: 258882 | Time: 2022-08-22 19:08:00+00:00
ADF Test Result: p-value=0.2990 (Required < 0.10) | OLS Beta: 0.6097
Filter ON: Spread not stationary (p-value too high). Skipping optimization and OOS test.

--- Window 43 Boundary Check ---
IS Period RTH Bars: 14666. Start: 2022-07-21 15:12:00+00:00 | End: 2022-09-13 19:07:00+00:00
OOS Start Bar Index: 264732 | Time: 2022-09-13 19:08:00+00:00
ADF Test Result: p-value=0.4016 (Required < 0.10) | OLS Beta: 1.0137
Filter ON: Spread not stationary (p-value too high). Skipping optimization and OOS test.

--- Window 44 Boundary Check ---
IS Period RTH Bars: 14666. Start: 2022-08-11 15:12:00+00:00 | End: 2022-10-04 19:07:00+00:00
OOS Start Bar Index: 270582 | Time: 2022-10-04 19:08:00+00:00
ADF Test Result: p-value=0.6493 (Required < 0.10) | OLS Beta: 1.1156
Filter ON: Spread not stationary (p-value too high). Skipping optimization and OOS test.

--- Window 45 Boundary Check ---
IS Period RTH Bars: 14666. Start: 2022-09-01 15:12:00+00:00 | End: 2022-10-25 19:07:00+00:00
OOS Start Bar Index: 276432 | Time: 2022-10-25 19:08:00+00:00
ADF Test Result: p-value=0.4389 (Required < 0.10) | OLS Beta: 0.7852
Filter ON: Spread not stationary (p-value too high). Skipping optimization and OOS test.

--- Window 46 Boundary Check ---
IS Period RTH Bars: 14666. Start: 2022-09-23 15:12:00+00:00 | End: 2022-11-15 20:07:00+00:00
OOS Start Bar Index: 282282 | Time: 2022-11-15 20:08:00+00:00
ADF Test Result: p-value=0.2946 (Required < 0.10) | OLS Beta: 0.5154
Filter ON: Spread not stationary (p-value too high). Skipping optimization and OOS test.

--- Window 47 Boundary Check ---
IS Period RTH Bars: 14666. Start: 2022-10-14 15:12:00+00:00 | End: 2022-12-08 16:02:00+00:00
OOS Start Bar Index: 288132 | Time: 2022-12-08 16:03:00+00:00
ADF Test Result: p-value=0.6280 (Required < 0.10) | OLS Beta: 0.5620
Filter ON: Spread not stationary (p-value too high). Skipping optimization and OOS test.

--- Window 48 Boundary Check ---
IS Period RTH Bars: 14666. Start: 2022-11-04 15:12:00+00:00 | End: 2022-12-30 16:02:00+00:00
OOS Start Bar Index: 293982 | Time: 2022-12-30 16:03:00+00:00
ADF Test Result: p-value=0.0127 (Required < 0.10) | OLS Beta: 0.3042
Filter OFF: Spread is stationary. Proceeding with optimization.
IS Optimization Time: 0.14 seconds.
Optimal Params (Sharpe=4.7899, Calmar=37.5039): Z_E=3.3, Z_X=1.5, Z_SL=3.9
📊 Persistence: Saved 5786 PnL points to wfa_outputs\oos_equity_curve_MSFT_AAPL_1m_20251105_172421_0.1.csv
OOS Period (2022-12-30 16:03:00+00:00 to 2023-01-24 16:02:00+00:00): PnL: $0.00 | Sharpe: 0.0000 | Calmar: 0.0000 | Trades: 0

--- Window 49 Boundary Check ---
IS Period RTH Bars: 14666. Start: 2022-11-28 18:37:00+00:00 | End: 2023-01-24 16:02:00+00:00
OOS Start Bar Index: 299832 | Time: 2023-01-24 16:03:00+00:00
ADF Test Result: p-value=0.1468 (Required < 0.10) | OLS Beta: 0.5874
Filter ON: Spread not stationary (p-value too high). Skipping optimization and OOS test.

--- Window 50 Boundary Check ---
IS Period RTH Bars: 14666. Start: 2022-12-19 18:37:00+00:00 | End: 2023-02-14 16:02:00+00:00
OOS Start Bar Index: 305682 | Time: 2023-02-14 16:03:00+00:00
ADF Test Result: p-value=0.3100 (Required < 0.10) | OLS Beta: 0.7009
Filter ON: Spread not stationary (p-value too high). Skipping optimization and OOS test.

--- Window 51 Boundary Check ---
IS Period RTH Bars: 14666. Start: 2023-01-11 18:37:00+00:00 | End: 2023-03-08 16:02:00+00:00
OOS Start Bar Index: 311532 | Time: 2023-03-08 16:03:00+00:00
ADF Test Result: p-value=0.2458 (Required < 0.10) | OLS Beta: 0.8497
Filter ON: Spread not stationary (p-value too high). Skipping optimization and OOS test.

--- Window 52 Boundary Check ---
IS Period RTH Bars: 14666. Start: 2023-02-02 18:37:00+00:00 | End: 2023-03-29 15:02:00+00:00
OOS Start Bar Index: 317382 | Time: 2023-03-29 15:03:00+00:00
ADF Test Result: p-value=0.0638 (Required < 0.10) | OLS Beta: 1.2819
Filter OFF: Spread is stationary. Proceeding with optimization.
IS Optimization Time: 0.14 seconds.
Optimal Params (Sharpe=1.4616, Calmar=6.6337): Z_E=3.1, Z_X=0.5, Z_SL=3.6
📊 Persistence: Saved 5786 PnL points to wfa_outputs\oos_equity_curve_MSFT_AAPL_1m_20251105_172421_0.1.csv
OOS Period (2023-03-29 15:03:00+00:00 to 2023-04-20 15:02:00+00:00): PnL: $0.00 | Sharpe: 0.0000 | Calmar: 0.0000 | Trades: 0

--- Window 53 Boundary Check ---
IS Period RTH Bars: 14666. Start: 2023-02-24 18:37:00+00:00 | End: 2023-04-20 15:02:00+00:00
OOS Start Bar Index: 323232 | Time: 2023-04-20 15:03:00+00:00
ADF Test Result: p-value=0.1336 (Required < 0.10) | OLS Beta: 1.2765
Filter ON: Spread not stationary (p-value too high). Skipping optimization and OOS test.

--- Window 54 Boundary Check ---
IS Period RTH Bars: 14666. Start: 2023-03-17 17:37:00+00:00 | End: 2023-05-11 15:02:00+00:00
OOS Start Bar Index: 329082 | Time: 2023-05-11 15:03:00+00:00
ADF Test Result: p-value=0.0078 (Required < 0.10) | OLS Beta: 1.2898
Filter OFF: Spread is stationary. Proceeding with optimization.
IS Optimization Time: 0.13 seconds.
Optimal Params (Sharpe=1.6521, Calmar=7.8044): Z_E=3.3, Z_X=1.5, Z_SL=3.6
📊 Persistence: Saved 5786 PnL points to wfa_outputs\oos_equity_curve_MSFT_AAPL_1m_20251105_172421_0.1.csv
OOS Period (2023-05-11 15:03:00+00:00 to 2023-06-02 15:02:00+00:00): PnL: $0.00 | Sharpe: 0.0000 | Calmar: 0.0000 | Trades: 0

--- Window 55 Boundary Check ---
IS Period RTH Bars: 14666. Start: 2023-04-10 17:37:00+00:00 | End: 2023-06-02 15:02:00+00:00
OOS Start Bar Index: 334932 | Time: 2023-06-02 15:03:00+00:00
ADF Test Result: p-value=0.0129 (Required < 0.10) | OLS Beta: 1.6315
Filter OFF: Spread is stationary. Proceeding with optimization.
IS Optimization Time: 0.14 seconds.
Optimal Params (Sharpe=5.9644, Calmar=38.4899): Z_E=2.3, Z_X=1.5, Z_SL=3.3
📊 Persistence: Saved 5807 PnL points to wfa_outputs\oos_equity_curve_MSFT_AAPL_1m_20251105_172421_0.1.csv
OOS Period (2023-06-02 15:03:00+00:00 to 2023-06-26 15:02:00+00:00): PnL: $-86.21 | Sharpe: -4.3492 | Calmar: -13.9255 | Trades: 21

--- Window 56 Boundary Check ---
IS Period RTH Bars: 14666. Start: 2023-05-01 17:37:00+00:00 | End: 2023-06-26 15:02:00+00:00
OOS Start Bar Index: 340782 | Time: 2023-06-26 15:03:00+00:00
ADF Test Result: p-value=0.1717 (Required < 0.10) | OLS Beta: 1.0940
Filter ON: Spread not stationary (p-value too high). Skipping optimization and OOS test.

--- Window 57 Boundary Check ---
IS Period RTH Bars: 14666. Start: 2023-05-22 17:37:00+00:00 | End: 2023-07-18 17:29:00+00:00
OOS Start Bar Index: 346632 | Time: 2023-07-18 17:30:00+00:00
ADF Test Result: p-value=0.6671 (Required < 0.10) | OLS Beta: 0.5488
Filter ON: Spread not stationary (p-value too high). Skipping optimization and OOS test.

--- Window 58 Boundary Check ---
IS Period RTH Bars: 14666. Start: 2023-06-13 17:37:00+00:00 | End: 2023-08-08 17:29:00+00:00
OOS Start Bar Index: 352482 | Time: 2023-08-08 17:30:00+00:00
ADF Test Result: p-value=0.1066 (Required < 0.10) | OLS Beta: 0.3978
Filter ON: Spread not stationary (p-value too high). Skipping optimization and OOS test.

--- Window 59 Boundary Check ---
IS Period RTH Bars: 14666. Start: 2023-07-07 13:34:00+00:00 | End: 2023-08-29 17:29:00+00:00
OOS Start Bar Index: 358332 | Time: 2023-08-29 17:30:00+00:00
ADF Test Result: p-value=0.0711 (Required < 0.10) | OLS Beta: 0.6481
Filter OFF: Spread is stationary. Proceeding with optimization.
IS Optimization Time: 0.13 seconds.
Optimal Params (Sharpe=4.9909, Calmar=37.4289): Z_E=2.7, Z_X=0.9, Z_SL=4.8
📊 Persistence: Saved 5808 PnL points to wfa_outputs\oos_equity_curve_MSFT_AAPL_1m_20251105_172421_0.1.csv
OOS Period (2023-08-29 17:30:00+00:00 to 2023-09-20 17:29:00+00:00): PnL: $200.01 | Sharpe: 4.0991 | Calmar: 0.0000 | Trades: 1

--- Window 60 Boundary Check ---
IS Period RTH Bars: 14666. Start: 2023-07-28 13:34:00+00:00 | End: 2023-09-20 17:29:00+00:00
OOS Start Bar Index: 364182 | Time: 2023-09-20 17:30:00+00:00
ADF Test Result: p-value=0.2401 (Required < 0.10) | OLS Beta: 0.2163
Filter ON: Spread not stationary (p-value too high). Skipping optimization and OOS test.

--- Window 61 Boundary Check ---
IS Period RTH Bars: 14666. Start: 2023-08-18 13:34:00+00:00 | End: 2023-10-11 17:29:00+00:00
OOS Start Bar Index: 370032 | Time: 2023-10-11 17:30:00+00:00
ADF Test Result: p-value=0.3777 (Required < 0.10) | OLS Beta: 0.4901
Filter ON: Spread not stationary (p-value too high). Skipping optimization and OOS test.

--- Window 62 Boundary Check ---
IS Period RTH Bars: 14666. Start: 2023-09-11 13:34:00+00:00 | End: 2023-11-01 17:29:00+00:00
OOS Start Bar Index: 375882 | Time: 2023-11-01 17:30:00+00:00
ADF Test Result: p-value=0.6834 (Required < 0.10) | OLS Beta: 0.2554
Filter ON: Spread not stationary (p-value too high). Skipping optimization and OOS test.

--- Window 63 Boundary Check ---
IS Period RTH Bars: 14666. Start: 2023-10-02 13:34:00+00:00 | End: 2023-11-22 18:29:00+00:00
OOS Start Bar Index: 381732 | Time: 2023-11-22 18:30:00+00:00
ADF Test Result: p-value=0.4850 (Required < 0.10) | OLS Beta: 1.2064
Filter ON: Spread not stationary (p-value too high). Skipping optimization and OOS test.

--- Window 64 Boundary Check ---
IS Period RTH Bars: 14666. Start: 2023-10-23 13:34:00+00:00 | End: 2023-12-14 20:52:00+00:00
OOS Start Bar Index: 387582 | Time: 2023-12-14 20:53:00+00:00
ADF Test Result: p-value=0.2809 (Required < 0.10) | OLS Beta: 0.8537
Filter ON: Spread not stationary (p-value too high). Skipping optimization and OOS test.

--- Window 65 Boundary Check ---
IS Period RTH Bars: 14666. Start: 2023-11-13 14:34:00+00:00 | End: 2024-01-08 20:52:00+00:00
OOS Start Bar Index: 393432 | Time: 2024-01-08 20:53:00+00:00
ADF Test Result: p-value=0.0039 (Required < 0.10) | OLS Beta: 0.0630
Filter OFF: Spread is stationary. Proceeding with optimization.
IS Optimization Time: 0.14 seconds.
Optimal Params (Sharpe=5.4903, Calmar=23.1985): Z_E=1.9, Z_X=1.3, Z_SL=4.2
📊 Persistence: Saved 8032 PnL points to wfa_outputs\oos_equity_curve_MSFT_AAPL_1m_20251105_172421_0.1.csv
OOS Period (2024-01-08 20:53:00+00:00 to 2024-01-30 20:52:00+00:00): PnL: $-411.36 | Sharpe: -5.6606 | Calmar: -9.6852 | Trades: 2224

--- Window 66 Boundary Check ---
IS Period RTH Bars: 14666. Start: 2023-12-05 16:57:00+00:00 | End: 2024-01-30 20:52:00+00:00
OOS Start Bar Index: 399282 | Time: 2024-01-30 20:53:00+00:00
ADF Test Result: p-value=0.9638 (Required < 0.10) | OLS Beta: -0.0426
Filter ON: Spread not stationary (p-value too high). Skipping optimization and OOS test.

--- Window 67 Boundary Check ---
IS Period RTH Bars: 14666. Start: 2023-12-27 16:57:00+00:00 | End: 2024-02-21 20:52:00+00:00
OOS Start Bar Index: 405132 | Time: 2024-02-21 20:53:00+00:00
ADF Test Result: p-value=0.5014 (Required < 0.10) | OLS Beta: 0.3426
Filter ON: Spread not stationary (p-value too high). Skipping optimization and OOS test.

--- Window 68 Boundary Check ---
IS Period RTH Bars: 14666. Start: 2024-01-19 16:57:00+00:00 | End: 2024-03-13 19:52:00+00:00
OOS Start Bar Index: 410982 | Time: 2024-03-13 19:53:00+00:00
ADF Test Result: p-value=0.0247 (Required < 0.10) | OLS Beta: -0.0816
Filter OFF: Spread is stationary. Proceeding with optimization.
IS Optimization Time: 0.13 seconds.
Optimal Params (Sharpe=3.3159, Calmar=26.2851): Z_E=2.5, Z_X=0.3, Z_SL=4.2
📊 Persistence: Saved 8033 PnL points to wfa_outputs\oos_equity_curve_MSFT_AAPL_1m_20251105_172421_0.1.csv
OOS Period (2024-03-13 19:53:00+00:00 to 2024-04-04 19:52:00+00:00): PnL: $56.33 | Sharpe: 4.0991 | Calmar: 0.0000 | Trades: 1

--- Window 69 Boundary Check ---
IS Period RTH Bars: 14666. Start: 2024-02-09 16:57:00+00:00 | End: 2024-04-04 19:52:00+00:00
OOS Start Bar Index: 416832 | Time: 2024-04-04 19:53:00+00:00
ADF Test Result: p-value=0.0618 (Required < 0.10) | OLS Beta: -0.2630
Filter OFF: Spread is stationary. Proceeding with optimization.
IS Optimization Time: 0.14 seconds.
Optimal Params (Sharpe=4.2912, Calmar=26.3905): Z_E=2.7, Z_X=0.3, Z_SL=3.9
📊 Persistence: Saved 8035 PnL points to wfa_outputs\oos_equity_curve_MSFT_AAPL_1m_20251105_172421_0.1.csv
OOS Period (2024-04-04 19:53:00+00:00 to 2024-04-25 19:52:00+00:00): PnL: $-57.18 | Sharpe: -0.6915 | Calmar: -3.5592 | Trades: 2

--- Window 70 Boundary Check ---
IS Period RTH Bars: 14666. Start: 2024-03-04 16:57:00+00:00 | End: 2024-04-25 19:52:00+00:00
OOS Start Bar Index: 422682 | Time: 2024-04-25 19:53:00+00:00
ADF Test Result: p-value=0.4004 (Required < 0.10) | OLS Beta: 0.5831
Filter ON: Spread not stationary (p-value too high). Skipping optimization and OOS test.

--- Window 71 Boundary Check ---
IS Period RTH Bars: 14666. Start: 2024-03-25 15:57:00+00:00 | End: 2024-05-16 19:52:00+00:00
OOS Start Bar Index: 428532 | Time: 2024-05-16 19:53:00+00:00
ADF Test Result: p-value=0.3224 (Required < 0.10) | OLS Beta: 0.0557
Filter ON: Spread not stationary (p-value too high). Skipping optimization and OOS test.

--- Window 72 Boundary Check ---
IS Period RTH Bars: 14666. Start: 2024-04-16 15:57:00+00:00 | End: 2024-06-07 19:52:00+00:00
OOS Start Bar Index: 434382 | Time: 2024-06-07 19:53:00+00:00
ADF Test Result: p-value=0.0570 (Required < 0.10) | OLS Beta: 0.3486
Filter OFF: Spread is stationary. Proceeding with optimization.
IS Optimization Time: 0.14 seconds.
Optimal Params (Sharpe=0.6962, Calmar=2.0470): Z_E=2.9, Z_X=0.3, Z_SL=4.2
📊 Persistence: Saved 8035 PnL points to wfa_outputs\oos_equity_curve_MSFT_AAPL_1m_20251105_172421_0.1.csv
OOS Period (2024-06-07 19:53:00+00:00 to 2024-07-01 19:52:00+00:00): PnL: $0.00 | Sharpe: 0.0000 | Calmar: 0.0000 | Trades: 0

--- Window 73 Boundary Check ---
IS Period RTH Bars: 14666. Start: 2024-05-07 15:57:00+00:00 | End: 2024-07-01 19:52:00+00:00
OOS Start Bar Index: 440232 | Time: 2024-07-01 19:53:00+00:00
ADF Test Result: p-value=0.2892 (Required < 0.10) | OLS Beta: 0.5239
Filter ON: Spread not stationary (p-value too high). Skipping optimization and OOS test.

--- Window 74 Boundary Check ---
IS Period RTH Bars: 14666. Start: 2024-05-29 15:57:00+00:00 | End: 2024-07-24 15:44:00+00:00
OOS Start Bar Index: 446082 | Time: 2024-07-24 15:45:00+00:00
ADF Test Result: p-value=0.6594 (Required < 0.10) | OLS Beta: 0.4546
Filter ON: Spread not stationary (p-value too high). Skipping optimization and OOS test.

--- Window 75 Boundary Check ---
IS Period RTH Bars: 14666. Start: 2024-06-20 15:57:00+00:00 | End: 2024-08-14 15:44:00+00:00
OOS Start Bar Index: 451932 | Time: 2024-08-14 15:45:00+00:00
ADF Test Result: p-value=0.8352 (Required < 0.10) | OLS Beta: 0.6172
Filter ON: Spread not stationary (p-value too high). Skipping optimization and OOS test.

--- Window 76 Boundary Check ---
IS Period RTH Bars: 14666. Start: 2024-07-12 18:19:00+00:00 | End: 2024-09-05 15:44:00+00:00
OOS Start Bar Index: 457782 | Time: 2024-09-05 15:45:00+00:00
ADF Test Result: p-value=0.3100 (Required < 0.10) | OLS Beta: 0.7249
Filter ON: Spread not stationary (p-value too high). Skipping optimization and OOS test.

--- Window 77 Boundary Check ---
IS Period RTH Bars: 14666. Start: 2024-08-02 18:19:00+00:00 | End: 2024-09-26 15:44:00+00:00
OOS Start Bar Index: 463632 | Time: 2024-09-26 15:45:00+00:00
ADF Test Result: p-value=0.3689 (Required < 0.10) | OLS Beta: 0.5532
Filter ON: Spread not stationary (p-value too high). Skipping optimization and OOS test.

--- Window 78 Boundary Check ---
IS Period RTH Bars: 14666. Start: 2024-08-23 18:19:00+00:00 | End: 2024-10-17 15:44:00+00:00
OOS Start Bar Index: 469482 | Time: 2024-10-17 15:45:00+00:00
ADF Test Result: p-value=0.4518 (Required < 0.10) | OLS Beta: 0.1129
Filter ON: Spread not stationary (p-value too high). Skipping optimization and OOS test.

--- Window 79 Boundary Check ---
IS Period RTH Bars: 14666. Start: 2024-09-16 18:19:00+00:00 | End: 2024-11-07 16:44:00+00:00
OOS Start Bar Index: 475332 | Time: 2024-11-07 16:45:00+00:00
ADF Test Result: p-value=0.1504 (Required < 0.10) | OLS Beta: 0.0910
Filter ON: Spread not stationary (p-value too high). Skipping optimization and OOS test.

--- Window 80 Boundary Check ---
IS Period RTH Bars: 14666. Start: 2024-10-07 18:19:00+00:00 | End: 2024-11-29 16:44:00+00:00
OOS Start Bar Index: 481182 | Time: 2024-11-29 16:45:00+00:00
ADF Test Result: p-value=0.0268 (Required < 0.10) | OLS Beta: 0.4126
Filter OFF: Spread is stationary. Proceeding with optimization.
IS Optimization Time: 0.14 seconds.
Optimal Params (Sharpe=0.3485, Calmar=1.0510): Z_E=3.3, Z_X=1.3, Z_SL=3.9
📊 Persistence: Saved 8036 PnL points to wfa_outputs\oos_equity_curve_MSFT_AAPL_1m_20251105_172421_0.1.csv
OOS Period (2024-11-29 16:45:00+00:00 to 2024-12-20 19:04:00+00:00): PnL: $202.56 | Sharpe: 4.0991 | Calmar: 0.0000 | Trades: 1

--- Window 81 Boundary Check ---
IS Period RTH Bars: 14666. Start: 2024-10-28 18:19:00+00:00 | End: 2024-12-20 19:04:00+00:00
OOS Start Bar Index: 487032 | Time: 2024-12-20 19:05:00+00:00
ADF Test Result: p-value=0.0691 (Required < 0.10) | OLS Beta: 0.6972
Filter OFF: Spread is stationary. Proceeding with optimization.
IS Optimization Time: 0.14 seconds.
Optimal Params (Sharpe=2.2612, Calmar=13.6346): Z_E=3.3, Z_X=1.3, Z_SL=4.2
📊 Persistence: Saved 8098 PnL points to wfa_outputs\oos_equity_curve_MSFT_AAPL_1m_20251105_172421_0.1.csv
OOS Period (2024-12-20 19:05:00+00:00 to 2024-12-27 20:59:00+00:00): PnL: $-91.96 | Sharpe: -9.9289 | Calmar: -31.9173 | Trades: 62

############################################################
📈 OVERALL SIMULATION PERFORMANCE (Walk-Forward Test)
############################################################
Timeframe Used: 1Min, Value: 1
ADF Cointegration Filter Threshold: 0.1
Total OOS Windows Tested: 81
Total Trades Executed: 8098
--- Final Performance Metrics ---
Total PnL: $-462.15
Overall Sharpe Ratio (Annualized): -0.1035
Overall Calmar Ratio (Annualized): -0.0150
Maximum Dollar Drawdown (MDD): $1,289.77

--- Execution Time ---
Total Elapsed Time: 199.16 seconds
############################################################
[0m