--- Dynamic Timeframe Configuration ---
TimeFrame Selected: 1Min, Value: 1
Bars per Trading Day: 390
Annualization Factor (Bars/Year): 98280
Statistical Lookback Bars: 2184
Optimization Lookback Bars: 19032
---------------------------------------
--- Diagnostic Check ---
API Key ID Length: 26
API Secret Key Length: 44
StockHistoricalDataClient initialized successfully. Starting data fetch...
--------------------------
Pre-compiling Numba function for first run optimization...
Numba pre-compilation complete.
Fetching data from 2020-01-08 to 2025-01-06...
Fetching 1Min data for MSFT...
Fetching 1Min data for AAPL...
Data acquired successfully. Total 1Min RTH bars: 488553
Skipping full pre-calculation. Metrics will be calculated inside the WFA loop.

============================================================
📈 Starting Rolling Backtest: IS Optimization Window=19032 bars, Shift=15 days
   Data already processed with Statistical Rolling Window: 2184 bars
   ADF Cointegration Filter: p-value < 0.05
============================================================

--- Window 1 Boundary Check ---
IS Period RTH Bars: 14666. Start: 2020-01-24 15:46:00+00:00 | End: 2020-03-18 19:37:00+00:00
OOS Start Bar Index: 19032 | Time: 2020-03-18 19:38:00+00:00
ADF Test Result: p-value=0.1270 (Required < 0.05) | OLS Beta: 0.8968
Filter ON: Spread not stationary (p-value too high). Skipping optimization and OOS test.

--- Window 2 Boundary Check ---
IS Period RTH Bars: 14666. Start: 2020-02-14 15:46:00+00:00 | End: 2020-04-08 19:37:00+00:00
OOS Start Bar Index: 24882 | Time: 2020-04-08 19:38:00+00:00
ADF Test Result: p-value=0.6292 (Required < 0.05) | OLS Beta: 0.7644
Filter ON: Spread not stationary (p-value too high). Skipping optimization and OOS test.

--- Window 3 Boundary Check ---
IS Period RTH Bars: 14666. Start: 2020-03-09 15:00:00+00:00 | End: 2020-04-30 19:37:00+00:00
OOS Start Bar Index: 30732 | Time: 2020-04-30 19:38:00+00:00
ADF Test Result: p-value=0.3299 (Required < 0.05) | OLS Beta: 1.0274
Filter ON: Spread not stationary (p-value too high). Skipping optimization and OOS test.

--- Window 4 Boundary Check ---
IS Period RTH Bars: 14666. Start: 2020-03-30 15:42:00+00:00 | End: 2020-05-21 19:37:00+00:00
OOS Start Bar Index: 36582 | Time: 2020-05-21 19:38:00+00:00
ADF Test Result: p-value=0.1099 (Required < 0.05) | OLS Beta: 0.6757
Filter ON: Spread not stationary (p-value too high). Skipping optimization and OOS test.

--- Window 5 Boundary Check ---
IS Period RTH Bars: 14666. Start: 2020-04-21 15:42:00+00:00 | End: 2020-06-12 19:37:00+00:00
OOS Start Bar Index: 42432 | Time: 2020-06-12 19:38:00+00:00
ADF Test Result: p-value=0.0048 (Required < 0.05) | OLS Beta: 0.4591
Filter OFF: Spread is stationary. Proceeding with optimization.
IS Optimization Time: 0.14 seconds.
Optimal Params (Sharpe=2.8443, Calmar=17.2278): Z_E=2.3, Z_X=0.3, Z_SL=3.9
📊 Persistence: Saved 495 PnL points to wfa_outputs\oos_equity_curve_MSFT_AAPL_1m_20251105_172750_0.05.csv
OOS Period (2020-06-12 19:38:00+00:00 to 2020-07-06 19:37:00+00:00): PnL: $-257.67 | Sharpe: -7.6214 | Calmar: -12.2499 | Trades: 495

--- Window 6 Boundary Check ---
IS Period RTH Bars: 14666. Start: 2020-05-12 15:42:00+00:00 | End: 2020-07-06 19:37:00+00:00
OOS Start Bar Index: 48282 | Time: 2020-07-06 19:38:00+00:00
ADF Test Result: p-value=0.2102 (Required < 0.05) | OLS Beta: 0.7028
Filter ON: Spread not stationary (p-value too high). Skipping optimization and OOS test.

--- Window 7 Boundary Check ---
IS Period RTH Bars: 14666. Start: 2020-06-03 15:42:00+00:00 | End: 2020-07-27 19:37:00+00:00
OOS Start Bar Index: 54132 | Time: 2020-07-27 19:38:00+00:00
ADF Test Result: p-value=0.3138 (Required < 0.05) | OLS Beta: 0.7597
Filter ON: Spread not stationary (p-value too high). Skipping optimization and OOS test.

--- Window 8 Boundary Check ---
IS Period RTH Bars: 14666. Start: 2020-06-24 15:42:00+00:00 | End: 2020-08-17 19:37:00+00:00
OOS Start Bar Index: 59982 | Time: 2020-08-17 19:38:00+00:00
ADF Test Result: p-value=0.1103 (Required < 0.05) | OLS Beta: 0.1671
Filter ON: Spread not stationary (p-value too high). Skipping optimization and OOS test.

--- Window 9 Boundary Check ---
IS Period RTH Bars: 14666. Start: 2020-07-16 15:42:00+00:00 | End: 2020-09-08 19:37:00+00:00
OOS Start Bar Index: 65832 | Time: 2020-09-08 19:38:00+00:00
ADF Test Result: p-value=0.2175 (Required < 0.05) | OLS Beta: 0.2787
Filter ON: Spread not stationary (p-value too high). Skipping optimization and OOS test.

--- Window 10 Boundary Check ---
IS Period RTH Bars: 14666. Start: 2020-08-06 15:42:00+00:00 | End: 2020-09-29 19:37:00+00:00
OOS Start Bar Index: 71682 | Time: 2020-09-29 19:38:00+00:00
ADF Test Result: p-value=0.0166 (Required < 0.05) | OLS Beta: 0.5990
Filter OFF: Spread is stationary. Proceeding with optimization.
IS Optimization Time: 0.13 seconds.
Optimal Params (Sharpe=2.4220, Calmar=17.3674): Z_E=3.1, Z_X=1.5, Z_SL=4.8
📊 Persistence: Saved 495 PnL points to wfa_outputs\oos_equity_curve_MSFT_AAPL_1m_20251105_172750_0.05.csv
OOS Period (2020-09-29 19:38:00+00:00 to 2020-10-20 19:37:00+00:00): PnL: $0.00 | Sharpe: 0.0000 | Calmar: 0.0000 | Trades: 0

--- Window 11 Boundary Check ---
IS Period RTH Bars: 14666. Start: 2020-08-27 15:42:00+00:00 | End: 2020-10-20 19:37:00+00:00
OOS Start Bar Index: 77532 | Time: 2020-10-20 19:38:00+00:00
ADF Test Result: p-value=0.0276 (Required < 0.05) | OLS Beta: 0.7122
Filter OFF: Spread is stationary. Proceeding with optimization.
IS Optimization Time: 0.14 seconds.
Optimal Params (Sharpe=5.1421, Calmar=0.0000): Z_E=2.5, Z_X=0.9, Z_SL=3.6
📊 Persistence: Saved 496 PnL points to wfa_outputs\oos_equity_curve_MSFT_AAPL_1m_20251105_172750_0.05.csv
OOS Period (2020-10-20 19:38:00+00:00 to 2020-11-10 20:37:00+00:00): PnL: $134.55 | Sharpe: 4.0991 | Calmar: 0.0000 | Trades: 1

--- Window 12 Boundary Check ---
IS Period RTH Bars: 14666. Start: 2020-09-18 15:42:00+00:00 | End: 2020-11-10 20:37:00+00:00
OOS Start Bar Index: 83382 | Time: 2020-11-10 20:38:00+00:00
ADF Test Result: p-value=0.0847 (Required < 0.05) | OLS Beta: 0.8461
Filter ON: Spread not stationary (p-value too high). Skipping optimization and OOS test.

--- Window 13 Boundary Check ---
IS Period RTH Bars: 14666. Start: 2020-10-09 15:42:00+00:00 | End: 2020-12-03 16:20:00+00:00
OOS Start Bar Index: 89232 | Time: 2020-12-03 16:21:00+00:00
ADF Test Result: p-value=0.2263 (Required < 0.05) | OLS Beta: 0.6659
Filter ON: Spread not stationary (p-value too high). Skipping optimization and OOS test.

--- Window 14 Boundary Check ---
IS Period RTH Bars: 14666. Start: 2020-10-30 15:42:00+00:00 | End: 2020-12-24 16:20:00+00:00
OOS Start Bar Index: 95082 | Time: 2020-12-24 16:21:00+00:00
ADF Test Result: p-value=0.0519 (Required < 0.05) | OLS Beta: 0.3624
Filter ON: Spread not stationary (p-value too high). Skipping optimization and OOS test.

--- Window 15 Boundary Check ---
IS Period RTH Bars: 14666. Start: 2020-11-20 16:42:00+00:00 | End: 2021-01-19 18:40:00+00:00
OOS Start Bar Index: 100932 | Time: 2021-01-19 18:41:00+00:00
ADF Test Result: p-value=0.0613 (Required < 0.05) | OLS Beta: 0.3223
Filter ON: Spread not stationary (p-value too high). Skipping optimization and OOS test.

--- Window 16 Boundary Check ---
IS Period RTH Bars: 14666. Start: 2020-12-14 18:55:00+00:00 | End: 2021-02-09 18:40:00+00:00
OOS Start Bar Index: 106782 | Time: 2021-02-09 18:41:00+00:00
ADF Test Result: p-value=0.5262 (Required < 0.05) | OLS Beta: 0.8938
Filter ON: Spread not stationary (p-value too high). Skipping optimization and OOS test.

--- Window 17 Boundary Check ---
IS Period RTH Bars: 14666. Start: 2021-01-07 14:45:00+00:00 | End: 2021-03-03 18:40:00+00:00
OOS Start Bar Index: 112632 | Time: 2021-03-03 18:41:00+00:00
ADF Test Result: p-value=0.5394 (Required < 0.05) | OLS Beta: 0.3060
Filter ON: Spread not stationary (p-value too high). Skipping optimization and OOS test.

--- Window 18 Boundary Check ---
IS Period RTH Bars: 14666. Start: 2021-01-29 14:45:00+00:00 | End: 2021-03-24 17:40:00+00:00
OOS Start Bar Index: 118482 | Time: 2021-03-24 17:41:00+00:00
ADF Test Result: p-value=0.0203 (Required < 0.05) | OLS Beta: 0.3405
Filter OFF: Spread is stationary. Proceeding with optimization.
IS Optimization Time: 0.14 seconds.
Optimal Params (Sharpe=3.8206, Calmar=17.1741): Z_E=2.3, Z_X=0.9, Z_SL=3.6
📊 Persistence: Saved 2162 PnL points to wfa_outputs\oos_equity_curve_MSFT_AAPL_1m_20251105_172750_0.05.csv
OOS Period (2021-03-24 17:41:00+00:00 to 2021-04-15 17:40:00+00:00): PnL: $-326.64 | Sharpe: -7.5721 | Calmar: -12.8909 | Trades: 1666

--- Window 19 Boundary Check ---
IS Period RTH Bars: 14666. Start: 2021-02-22 14:45:00+00:00 | End: 2021-04-15 17:40:00+00:00
OOS Start Bar Index: 124332 | Time: 2021-04-15 17:41:00+00:00
ADF Test Result: p-value=0.0678 (Required < 0.05) | OLS Beta: 0.9672
Filter ON: Spread not stationary (p-value too high). Skipping optimization and OOS test.

--- Window 20 Boundary Check ---
IS Period RTH Bars: 14666. Start: 2021-03-15 13:45:00+00:00 | End: 2021-05-06 17:40:00+00:00
OOS Start Bar Index: 130182 | Time: 2021-05-06 17:41:00+00:00
ADF Test Result: p-value=0.0180 (Required < 0.05) | OLS Beta: 0.9691
Filter OFF: Spread is stationary. Proceeding with optimization.
IS Optimization Time: 0.14 seconds.
Optimal Params (Sharpe=4.9110, Calmar=29.8499): Z_E=2.9, Z_X=1.5, Z_SL=3.3
📊 Persistence: Saved 2162 PnL points to wfa_outputs\oos_equity_curve_MSFT_AAPL_1m_20251105_172750_0.05.csv
OOS Period (2021-05-06 17:41:00+00:00 to 2021-05-27 17:40:00+00:00): PnL: $0.00 | Sharpe: 0.0000 | Calmar: 0.0000 | Trades: 0

--- Window 21 Boundary Check ---
IS Period RTH Bars: 14666. Start: 2021-04-06 13:45:00+00:00 | End: 2021-05-27 17:40:00+00:00
OOS Start Bar Index: 136032 | Time: 2021-05-27 17:41:00+00:00
ADF Test Result: p-value=0.0552 (Required < 0.05) | OLS Beta: 0.7692
Filter ON: Spread not stationary (p-value too high). Skipping optimization and OOS test.

--- Window 22 Boundary Check ---
IS Period RTH Bars: 14666. Start: 2021-04-27 13:45:00+00:00 | End: 2021-06-18 17:40:00+00:00
OOS Start Bar Index: 141882 | Time: 2021-06-18 17:41:00+00:00
ADF Test Result: p-value=0.5784 (Required < 0.05) | OLS Beta: 0.5954
Filter ON: Spread not stationary (p-value too high). Skipping optimization and OOS test.

--- Window 23 Boundary Check ---
IS Period RTH Bars: 14666. Start: 2021-05-18 13:45:00+00:00 | End: 2021-07-12 17:40:00+00:00
OOS Start Bar Index: 147732 | Time: 2021-07-12 17:41:00+00:00
ADF Test Result: p-value=0.0987 (Required < 0.05) | OLS Beta: 0.8619
Filter ON: Spread not stationary (p-value too high). Skipping optimization and OOS test.

--- Window 24 Boundary Check ---
IS Period RTH Bars: 14666. Start: 2021-06-09 13:45:00+00:00 | End: 2021-08-02 17:40:00+00:00
OOS Start Bar Index: 153582 | Time: 2021-08-02 17:41:00+00:00
ADF Test Result: p-value=0.0947 (Required < 0.05) | OLS Beta: 0.7120
Filter ON: Spread not stationary (p-value too high). Skipping optimization and OOS test.

--- Window 25 Boundary Check ---
IS Period RTH Bars: 14666. Start: 2021-06-30 13:45:00+00:00 | End: 2021-08-23 17:40:00+00:00
OOS Start Bar Index: 159432 | Time: 2021-08-23 17:41:00+00:00
ADF Test Result: p-value=0.8078 (Required < 0.05) | OLS Beta: 0.8877
Filter ON: Spread not stationary (p-value too high). Skipping optimization and OOS test.

--- Window 26 Boundary Check ---
IS Period RTH Bars: 14666. Start: 2021-07-22 13:45:00+00:00 | End: 2021-09-14 17:40:00+00:00
OOS Start Bar Index: 165282 | Time: 2021-09-14 17:41:00+00:00
ADF Test Result: p-value=0.4148 (Required < 0.05) | OLS Beta: 0.8431
Filter ON: Spread not stationary (p-value too high). Skipping optimization and OOS test.

--- Window 27 Boundary Check ---
IS Period RTH Bars: 14666. Start: 2021-08-12 13:45:00+00:00 | End: 2021-10-05 17:40:00+00:00
OOS Start Bar Index: 171132 | Time: 2021-10-05 17:41:00+00:00
ADF Test Result: p-value=0.1812 (Required < 0.05) | OLS Beta: 0.5147
Filter ON: Spread not stationary (p-value too high). Skipping optimization and OOS test.

--- Window 28 Boundary Check ---
IS Period RTH Bars: 14666. Start: 2021-09-02 13:45:00+00:00 | End: 2021-10-26 17:40:00+00:00
OOS Start Bar Index: 176982 | Time: 2021-10-26 17:41:00+00:00
ADF Test Result: p-value=0.7851 (Required < 0.05) | OLS Beta: 0.4973
Filter ON: Spread not stationary (p-value too high). Skipping optimization and OOS test.

--- Window 29 Boundary Check ---
IS Period RTH Bars: 14666. Start: 2021-09-24 13:45:00+00:00 | End: 2021-11-16 18:40:00+00:00
OOS Start Bar Index: 182832 | Time: 2021-11-16 18:41:00+00:00
ADF Test Result: p-value=0.0617 (Required < 0.05) | OLS Beta: 2.0296
Filter ON: Spread not stationary (p-value too high). Skipping optimization and OOS test.

--- Window 30 Boundary Check ---
IS Period RTH Bars: 14666. Start: 2021-10-15 13:45:00+00:00 | End: 2021-12-08 20:07:00+00:00
OOS Start Bar Index: 188682 | Time: 2021-12-08 20:08:00+00:00
ADF Test Result: p-value=0.4310 (Required < 0.05) | OLS Beta: 0.3784
Filter ON: Spread not stationary (p-value too high). Skipping optimization and OOS test.

--- Window 31 Boundary Check ---
IS Period RTH Bars: 14666. Start: 2021-11-05 13:45:00+00:00 | End: 2021-12-30 20:07:00+00:00
OOS Start Bar Index: 194532 | Time: 2021-12-30 20:08:00+00:00
ADF Test Result: p-value=0.2584 (Required < 0.05) | OLS Beta: -0.0092
Filter ON: Spread not stationary (p-value too high). Skipping optimization and OOS test.

--- Window 32 Boundary Check ---
IS Period RTH Bars: 14666. Start: 2021-11-29 16:12:00+00:00 | End: 2022-01-21 20:07:00+00:00
OOS Start Bar Index: 200382 | Time: 2022-01-21 20:08:00+00:00
ADF Test Result: p-value=0.5055 (Required < 0.05) | OLS Beta: 0.4563
Filter ON: Spread not stationary (p-value too high). Skipping optimization and OOS test.

--- Window 33 Boundary Check ---
IS Period RTH Bars: 14666. Start: 2021-12-20 16:12:00+00:00 | End: 2022-02-11 20:07:00+00:00
OOS Start Bar Index: 206232 | Time: 2022-02-11 20:08:00+00:00
ADF Test Result: p-value=0.5163 (Required < 0.05) | OLS Beta: 1.0672
Filter ON: Spread not stationary (p-value too high). Skipping optimization and OOS test.

--- Window 34 Boundary Check ---
IS Period RTH Bars: 14666. Start: 2022-01-11 16:12:00+00:00 | End: 2022-03-07 20:07:00+00:00
OOS Start Bar Index: 212082 | Time: 2022-03-07 20:08:00+00:00
ADF Test Result: p-value=0.1689 (Required < 0.05) | OLS Beta: 0.7173
Filter ON: Spread not stationary (p-value too high). Skipping optimization and OOS test.

--- Window 35 Boundary Check ---
IS Period RTH Bars: 14666. Start: 2022-02-02 16:12:00+00:00 | End: 2022-03-28 19:07:00+00:00
OOS Start Bar Index: 217932 | Time: 2022-03-28 19:08:00+00:00
ADF Test Result: p-value=0.0699 (Required < 0.05) | OLS Beta: 0.6433
Filter ON: Spread not stationary (p-value too high). Skipping optimization and OOS test.

--- Window 36 Boundary Check ---
IS Period RTH Bars: 14666. Start: 2022-02-24 16:12:00+00:00 | End: 2022-04-19 19:07:00+00:00
OOS Start Bar Index: 223782 | Time: 2022-04-19 19:08:00+00:00
ADF Test Result: p-value=0.6748 (Required < 0.05) | OLS Beta: 0.6972
Filter ON: Spread not stationary (p-value too high). Skipping optimization and OOS test.

--- Window 37 Boundary Check ---
IS Period RTH Bars: 14666. Start: 2022-03-17 15:12:00+00:00 | End: 2022-05-10 19:07:00+00:00
OOS Start Bar Index: 229632 | Time: 2022-05-10 19:08:00+00:00
ADF Test Result: p-value=0.1350 (Required < 0.05) | OLS Beta: 0.9515
Filter ON: Spread not stationary (p-value too high). Skipping optimization and OOS test.

--- Window 38 Boundary Check ---
IS Period RTH Bars: 14666. Start: 2022-04-07 15:12:00+00:00 | End: 2022-06-01 19:07:00+00:00
OOS Start Bar Index: 235482 | Time: 2022-06-01 19:08:00+00:00
ADF Test Result: p-value=0.0487 (Required < 0.05) | OLS Beta: 0.6154
Filter OFF: Spread is stationary. Proceeding with optimization.
IS Optimization Time: 0.14 seconds.
Optimal Params (Sharpe=5.2535, Calmar=29.2481): Z_E=2.1, Z_X=1.3, Z_SL=3.3
📊 Persistence: Saved 2162 PnL points to wfa_outputs\oos_equity_curve_MSFT_AAPL_1m_20251105_172750_0.05.csv
OOS Period (2022-06-01 19:08:00+00:00 to 2022-06-23 19:07:00+00:00): PnL: $0.00 | Sharpe: 0.0000 | Calmar: 0.0000 | Trades: 0

--- Window 39 Boundary Check ---
IS Period RTH Bars: 14666. Start: 2022-04-29 15:12:00+00:00 | End: 2022-06-23 19:07:00+00:00
OOS Start Bar Index: 241332 | Time: 2022-06-23 19:08:00+00:00
ADF Test Result: p-value=0.1365 (Required < 0.05) | OLS Beta: 0.6592
Filter ON: Spread not stationary (p-value too high). Skipping optimization and OOS test.

--- Window 40 Boundary Check ---
IS Period RTH Bars: 14666. Start: 2022-05-20 15:12:00+00:00 | End: 2022-07-15 19:07:00+00:00
OOS Start Bar Index: 247182 | Time: 2022-07-15 19:08:00+00:00
ADF Test Result: p-value=0.7341 (Required < 0.05) | OLS Beta: 0.6609
Filter ON: Spread not stationary (p-value too high). Skipping optimization and OOS test.

--- Window 41 Boundary Check ---
IS Period RTH Bars: 14666. Start: 2022-06-13 15:12:00+00:00 | End: 2022-08-05 19:07:00+00:00
OOS Start Bar Index: 253032 | Time: 2022-08-05 19:08:00+00:00
ADF Test Result: p-value=0.3077 (Required < 0.05) | OLS Beta: 0.4680
Filter ON: Spread not stationary (p-value too high). Skipping optimization and OOS test.

--- Window 42 Boundary Check ---
IS Period RTH Bars: 14666. Start: 2022-07-06 15:12:00+00:00 | End: 2022-08-26 19:07:00+00:00
OOS Start Bar Index: 258882 | Time: 2022-08-26 19:08:00+00:00
ADF Test Result: p-value=0.1230 (Required < 0.05) | OLS Beta: 0.6865
Filter ON: Spread not stationary (p-value too high). Skipping optimization and OOS test.

--- Window 43 Boundary Check ---
IS Period RTH Bars: 14666. Start: 2022-07-27 15:12:00+00:00 | End: 2022-09-19 19:07:00+00:00
OOS Start Bar Index: 264732 | Time: 2022-09-19 19:08:00+00:00
ADF Test Result: p-value=0.4691 (Required < 0.05) | OLS Beta: 1.1651
Filter ON: Spread not stationary (p-value too high). Skipping optimization and OOS test.

--- Window 44 Boundary Check ---
IS Period RTH Bars: 14666. Start: 2022-08-17 15:12:00+00:00 | End: 2022-10-10 19:07:00+00:00
OOS Start Bar Index: 270582 | Time: 2022-10-10 19:08:00+00:00
ADF Test Result: p-value=0.4419 (Required < 0.05) | OLS Beta: 0.9767
Filter ON: Spread not stationary (p-value too high). Skipping optimization and OOS test.

--- Window 45 Boundary Check ---
IS Period RTH Bars: 14666. Start: 2022-09-08 15:12:00+00:00 | End: 2022-10-31 19:07:00+00:00
OOS Start Bar Index: 276432 | Time: 2022-10-31 19:08:00+00:00
ADF Test Result: p-value=0.4282 (Required < 0.05) | OLS Beta: 0.6445
Filter ON: Spread not stationary (p-value too high). Skipping optimization and OOS test.

--- Window 46 Boundary Check ---
IS Period RTH Bars: 14666. Start: 2022-09-29 15:12:00+00:00 | End: 2022-11-21 20:07:00+00:00
OOS Start Bar Index: 282282 | Time: 2022-11-21 20:08:00+00:00
ADF Test Result: p-value=0.3348 (Required < 0.05) | OLS Beta: 0.5714
Filter ON: Spread not stationary (p-value too high). Skipping optimization and OOS test.

--- Window 47 Boundary Check ---
IS Period RTH Bars: 14666. Start: 2022-10-20 15:12:00+00:00 | End: 2022-12-14 16:02:00+00:00
OOS Start Bar Index: 288132 | Time: 2022-12-14 16:03:00+00:00
ADF Test Result: p-value=0.8520 (Required < 0.05) | OLS Beta: 0.4866
Filter ON: Spread not stationary (p-value too high). Skipping optimization and OOS test.

--- Window 48 Boundary Check ---
IS Period RTH Bars: 14666. Start: 2022-11-10 16:12:00+00:00 | End: 2023-01-06 16:02:00+00:00
OOS Start Bar Index: 293982 | Time: 2023-01-06 16:03:00+00:00
ADF Test Result: p-value=0.4575 (Required < 0.05) | OLS Beta: 0.3051
Filter ON: Spread not stationary (p-value too high). Skipping optimization and OOS test.

--- Window 49 Boundary Check ---
IS Period RTH Bars: 14666. Start: 2022-12-02 18:37:00+00:00 | End: 2023-01-30 16:02:00+00:00
OOS Start Bar Index: 299832 | Time: 2023-01-30 16:03:00+00:00
ADF Test Result: p-value=0.1880 (Required < 0.05) | OLS Beta: 0.5682
Filter ON: Spread not stationary (p-value too high). Skipping optimization and OOS test.

--- Window 50 Boundary Check ---
IS Period RTH Bars: 14666. Start: 2022-12-23 18:37:00+00:00 | End: 2023-02-21 16:02:00+00:00
OOS Start Bar Index: 305682 | Time: 2023-02-21 16:03:00+00:00
ADF Test Result: p-value=0.2072 (Required < 0.05) | OLS Beta: 0.7388
Filter ON: Spread not stationary (p-value too high). Skipping optimization and OOS test.

--- Window 51 Boundary Check ---
IS Period RTH Bars: 14666. Start: 2023-01-18 18:37:00+00:00 | End: 2023-03-14 15:02:00+00:00
OOS Start Bar Index: 311532 | Time: 2023-03-14 15:03:00+00:00
ADF Test Result: p-value=0.1127 (Required < 0.05) | OLS Beta: 0.9349
Filter ON: Spread not stationary (p-value too high). Skipping optimization and OOS test.

--- Window 52 Boundary Check ---
IS Period RTH Bars: 14666. Start: 2023-02-08 18:37:00+00:00 | End: 2023-04-04 15:02:00+00:00
OOS Start Bar Index: 317382 | Time: 2023-04-04 15:03:00+00:00
ADF Test Result: p-value=0.0833 (Required < 0.05) | OLS Beta: 1.2672
Filter ON: Spread not stationary (p-value too high). Skipping optimization and OOS test.

--- Window 53 Boundary Check ---
IS Period RTH Bars: 14666. Start: 2023-03-02 18:37:00+00:00 | End: 2023-04-26 15:02:00+00:00
OOS Start Bar Index: 323232 | Time: 2023-04-26 15:03:00+00:00
ADF Test Result: p-value=0.0831 (Required < 0.05) | OLS Beta: 1.2344
Filter ON: Spread not stationary (p-value too high). Skipping optimization and OOS test.

--- Window 54 Boundary Check ---
IS Period RTH Bars: 14666. Start: 2023-03-23 17:37:00+00:00 | End: 2023-05-17 15:02:00+00:00
OOS Start Bar Index: 329082 | Time: 2023-05-17 15:03:00+00:00
ADF Test Result: p-value=0.0309 (Required < 0.05) | OLS Beta: 1.3324
Filter OFF: Spread is stationary. Proceeding with optimization.
IS Optimization Time: 0.13 seconds.
Optimal Params (Sharpe=2.9837, Calmar=10.5995): Z_E=2.3, Z_X=1.5, Z_SL=3.6
📊 Persistence: Saved 2165 PnL points to wfa_outputs\oos_equity_curve_MSFT_AAPL_1m_20251105_172750_0.05.csv
OOS Period (2023-05-17 15:03:00+00:00 to 2023-06-08 15:02:00+00:00): PnL: $200.07 | Sharpe: 7.0402 | Calmar: 0.0000 | Trades: 3

--- Window 55 Boundary Check ---
IS Period RTH Bars: 14666. Start: 2023-04-14 17:37:00+00:00 | End: 2023-06-08 15:02:00+00:00
OOS Start Bar Index: 334932 | Time: 2023-06-08 15:03:00+00:00
ADF Test Result: p-value=0.0165 (Required < 0.05) | OLS Beta: 1.6400
Filter OFF: Spread is stationary. Proceeding with optimization.
IS Optimization Time: 0.13 seconds.
Optimal Params (Sharpe=5.9644, Calmar=36.9571): Z_E=2.3, Z_X=1.5, Z_SL=3.3
📊 Persistence: Saved 2808 PnL points to wfa_outputs\oos_equity_curve_MSFT_AAPL_1m_20251105_172750_0.05.csv
OOS Period (2023-06-08 15:03:00+00:00 to 2023-06-30 15:02:00+00:00): PnL: $-198.39 | Sharpe: -8.4370 | Calmar: -13.9747 | Trades: 643

--- Window 56 Boundary Check ---
IS Period RTH Bars: 14666. Start: 2023-05-05 17:37:00+00:00 | End: 2023-06-30 15:02:00+00:00
OOS Start Bar Index: 340782 | Time: 2023-06-30 15:03:00+00:00
ADF Test Result: p-value=0.4031 (Required < 0.05) | OLS Beta: 0.9259
Filter ON: Spread not stationary (p-value too high). Skipping optimization and OOS test.

--- Window 57 Boundary Check ---
IS Period RTH Bars: 14666. Start: 2023-05-26 17:37:00+00:00 | End: 2023-07-24 17:29:00+00:00
OOS Start Bar Index: 346632 | Time: 2023-07-24 17:30:00+00:00
ADF Test Result: p-value=0.0597 (Required < 0.05) | OLS Beta: 0.5828
Filter ON: Spread not stationary (p-value too high). Skipping optimization and OOS test.

--- Window 58 Boundary Check ---
IS Period RTH Bars: 14666. Start: 2023-06-20 17:37:00+00:00 | End: 2023-08-14 17:29:00+00:00
OOS Start Bar Index: 352482 | Time: 2023-08-14 17:30:00+00:00
ADF Test Result: p-value=0.0699 (Required < 0.05) | OLS Beta: 0.6078
Filter ON: Spread not stationary (p-value too high). Skipping optimization and OOS test.

--- Window 59 Boundary Check ---
IS Period RTH Bars: 14666. Start: 2023-07-13 13:34:00+00:00 | End: 2023-09-05 17:29:00+00:00
OOS Start Bar Index: 358332 | Time: 2023-09-05 17:30:00+00:00
ADF Test Result: p-value=0.0936 (Required < 0.05) | OLS Beta: 0.6362
Filter ON: Spread not stationary (p-value too high). Skipping optimization and OOS test.

--- Window 60 Boundary Check ---
IS Period RTH Bars: 14666. Start: 2023-08-03 13:34:00+00:00 | End: 2023-09-26 17:29:00+00:00
OOS Start Bar Index: 364182 | Time: 2023-09-26 17:30:00+00:00
ADF Test Result: p-value=0.5483 (Required < 0.05) | OLS Beta: 0.2548
Filter ON: Spread not stationary (p-value too high). Skipping optimization and OOS test.

--- Window 61 Boundary Check ---
IS Period RTH Bars: 14666. Start: 2023-08-24 13:34:00+00:00 | End: 2023-10-17 17:29:00+00:00
OOS Start Bar Index: 370032 | Time: 2023-10-17 17:30:00+00:00
ADF Test Result: p-value=0.5339 (Required < 0.05) | OLS Beta: 0.4819
Filter ON: Spread not stationary (p-value too high). Skipping optimization and OOS test.

--- Window 62 Boundary Check ---
IS Period RTH Bars: 14666. Start: 2023-09-15 13:34:00+00:00 | End: 2023-11-07 18:29:00+00:00
OOS Start Bar Index: 375882 | Time: 2023-11-07 18:30:00+00:00
ADF Test Result: p-value=0.9459 (Required < 0.05) | OLS Beta: 0.4966
Filter ON: Spread not stationary (p-value too high). Skipping optimization and OOS test.

--- Window 63 Boundary Check ---
IS Period RTH Bars: 14666. Start: 2023-10-06 13:34:00+00:00 | End: 2023-11-29 20:52:00+00:00
OOS Start Bar Index: 381732 | Time: 2023-11-29 20:53:00+00:00
ADF Test Result: p-value=0.3599 (Required < 0.05) | OLS Beta: 1.1782
Filter ON: Spread not stationary (p-value too high). Skipping optimization and OOS test.

--- Window 64 Boundary Check ---
IS Period RTH Bars: 14666. Start: 2023-10-27 13:34:00+00:00 | End: 2023-12-20 20:52:00+00:00
OOS Start Bar Index: 387582 | Time: 2023-12-20 20:53:00+00:00
ADF Test Result: p-value=0.2779 (Required < 0.05) | OLS Beta: 0.6994
Filter ON: Spread not stationary (p-value too high). Skipping optimization and OOS test.

--- Window 65 Boundary Check ---
IS Period RTH Bars: 14666. Start: 2023-11-17 14:34:00+00:00 | End: 2024-01-12 20:52:00+00:00
OOS Start Bar Index: 393432 | Time: 2024-01-12 20:53:00+00:00
ADF Test Result: p-value=0.2116 (Required < 0.05) | OLS Beta: -0.1158
Filter ON: Spread not stationary (p-value too high). Skipping optimization and OOS test.

--- Window 66 Boundary Check ---
IS Period RTH Bars: 14666. Start: 2023-12-11 16:57:00+00:00 | End: 2024-02-05 20:52:00+00:00
OOS Start Bar Index: 399282 | Time: 2024-02-05 20:53:00+00:00
ADF Test Result: p-value=0.8351 (Required < 0.05) | OLS Beta: -0.1548
Filter ON: Spread not stationary (p-value too high). Skipping optimization and OOS test.

--- Window 67 Boundary Check ---
IS Period RTH Bars: 14666. Start: 2024-01-03 16:57:00+00:00 | End: 2024-02-27 20:52:00+00:00
OOS Start Bar Index: 405132 | Time: 2024-02-27 20:53:00+00:00
ADF Test Result: p-value=0.3813 (Required < 0.05) | OLS Beta: 0.4300
Filter ON: Spread not stationary (p-value too high). Skipping optimization and OOS test.

--- Window 68 Boundary Check ---
IS Period RTH Bars: 14666. Start: 2024-01-25 16:57:00+00:00 | End: 2024-03-19 19:52:00+00:00
OOS Start Bar Index: 410982 | Time: 2024-03-19 19:53:00+00:00
ADF Test Result: p-value=0.0986 (Required < 0.05) | OLS Beta: -0.0825
Filter ON: Spread not stationary (p-value too high). Skipping optimization and OOS test.

--- Window 69 Boundary Check ---
IS Period RTH Bars: 14666. Start: 2024-02-15 16:57:00+00:00 | End: 2024-04-10 19:52:00+00:00
OOS Start Bar Index: 416832 | Time: 2024-04-10 19:53:00+00:00
ADF Test Result: p-value=0.0708 (Required < 0.05) | OLS Beta: -0.3961
Filter ON: Spread not stationary (p-value too high). Skipping optimization and OOS test.

--- Window 70 Boundary Check ---
IS Period RTH Bars: 14666. Start: 2024-03-08 16:57:00+00:00 | End: 2024-05-01 19:52:00+00:00
OOS Start Bar Index: 422682 | Time: 2024-05-01 19:53:00+00:00
ADF Test Result: p-value=0.4964 (Required < 0.05) | OLS Beta: 0.3738
Filter ON: Spread not stationary (p-value too high). Skipping optimization and OOS test.

--- Window 71 Boundary Check ---
IS Period RTH Bars: 14666. Start: 2024-04-01 15:57:00+00:00 | End: 2024-05-22 19:52:00+00:00
OOS Start Bar Index: 428532 | Time: 2024-05-22 19:53:00+00:00
ADF Test Result: p-value=0.3286 (Required < 0.05) | OLS Beta: 0.1765
Filter ON: Spread not stationary (p-value too high). Skipping optimization and OOS test.

--- Window 72 Boundary Check ---
IS Period RTH Bars: 14666. Start: 2024-04-22 15:57:00+00:00 | End: 2024-06-13 19:52:00+00:00
OOS Start Bar Index: 434382 | Time: 2024-06-13 19:53:00+00:00
ADF Test Result: p-value=0.0556 (Required < 0.05) | OLS Beta: 0.4028
Filter ON: Spread not stationary (p-value too high). Skipping optimization and OOS test.

--- Window 73 Boundary Check ---
IS Period RTH Bars: 14666. Start: 2024-05-13 15:57:00+00:00 | End: 2024-07-09 15:44:00+00:00
OOS Start Bar Index: 440232 | Time: 2024-07-09 15:45:00+00:00
ADF Test Result: p-value=0.2805 (Required < 0.05) | OLS Beta: 0.5505
Filter ON: Spread not stationary (p-value too high). Skipping optimization and OOS test.

--- Window 74 Boundary Check ---
IS Period RTH Bars: 14666. Start: 2024-06-04 15:57:00+00:00 | End: 2024-07-30 15:44:00+00:00
OOS Start Bar Index: 446082 | Time: 2024-07-30 15:45:00+00:00
ADF Test Result: p-value=0.8728 (Required < 0.05) | OLS Beta: 0.3705
Filter ON: Spread not stationary (p-value too high). Skipping optimization and OOS test.

--- Window 75 Boundary Check ---
IS Period RTH Bars: 14666. Start: 2024-06-26 15:57:00+00:00 | End: 2024-08-20 15:44:00+00:00
OOS Start Bar Index: 451932 | Time: 2024-08-20 15:45:00+00:00
ADF Test Result: p-value=0.4897 (Required < 0.05) | OLS Beta: 0.8734
Filter ON: Spread not stationary (p-value too high). Skipping optimization and OOS test.

--- Window 76 Boundary Check ---
IS Period RTH Bars: 14666. Start: 2024-07-18 18:19:00+00:00 | End: 2024-09-11 15:44:00+00:00
OOS Start Bar Index: 457782 | Time: 2024-09-11 15:45:00+00:00
ADF Test Result: p-value=0.1879 (Required < 0.05) | OLS Beta: 0.4907
Filter ON: Spread not stationary (p-value too high). Skipping optimization and OOS test.

--- Window 77 Boundary Check ---
IS Period RTH Bars: 14666. Start: 2024-08-08 18:19:00+00:00 | End: 2024-10-02 15:44:00+00:00
OOS Start Bar Index: 463632 | Time: 2024-10-02 15:45:00+00:00
ADF Test Result: p-value=0.4375 (Required < 0.05) | OLS Beta: 0.4525
Filter ON: Spread not stationary (p-value too high). Skipping optimization and OOS test.

--- Window 78 Boundary Check ---
IS Period RTH Bars: 14666. Start: 2024-08-29 18:19:00+00:00 | End: 2024-10-23 15:44:00+00:00
OOS Start Bar Index: 469482 | Time: 2024-10-23 15:45:00+00:00
ADF Test Result: p-value=0.4474 (Required < 0.05) | OLS Beta: 0.1051
Filter ON: Spread not stationary (p-value too high). Skipping optimization and OOS test.

--- Window 79 Boundary Check ---
IS Period RTH Bars: 14666. Start: 2024-09-20 18:19:00+00:00 | End: 2024-11-13 16:44:00+00:00
OOS Start Bar Index: 475332 | Time: 2024-11-13 16:45:00+00:00
ADF Test Result: p-value=0.0447 (Required < 0.05) | OLS Beta: 0.3657
Filter OFF: Spread is stationary. Proceeding with optimization.
IS Optimization Time: 0.17 seconds.
Optimal Params (Sharpe=3.7480, Calmar=19.0801): Z_E=2.1, Z_X=0.5, Z_SL=3.9
📊 Persistence: Saved 2808 PnL points to wfa_outputs\oos_equity_curve_MSFT_AAPL_1m_20251105_172750_0.05.csv
OOS Period (2024-11-13 16:45:00+00:00 to 2024-12-05 19:04:00+00:00): PnL: $0.00 | Sharpe: 0.0000 | Calmar: 0.0000 | Trades: 0

--- Window 80 Boundary Check ---
IS Period RTH Bars: 14666. Start: 2024-10-11 18:19:00+00:00 | End: 2024-12-05 19:04:00+00:00
OOS Start Bar Index: 481182 | Time: 2024-12-05 19:05:00+00:00
ADF Test Result: p-value=0.0503 (Required < 0.05) | OLS Beta: 0.5166
Filter ON: Spread not stationary (p-value too high). Skipping optimization and OOS test.

--- Window 81 Boundary Check ---
IS Period RTH Bars: 14666. Start: 2024-11-01 18:19:00+00:00 | End: 2024-12-30 15:08:00+00:00
OOS Start Bar Index: 487032 | Time: 2024-12-30 15:09:00+00:00
ADF Test Result: p-value=0.8569 (Required < 0.05) | OLS Beta: 0.5514
Filter ON: Spread not stationary (p-value too high). Skipping optimization and OOS test.

############################################################
📈 OVERALL SIMULATION PERFORMANCE (Walk-Forward Test)
############################################################
Timeframe Used: 1Min, Value: 1
ADF Cointegration Filter Threshold: 0.05
Total OOS Windows Tested: 81
Total Trades Executed: 2808
--- Final Performance Metrics ---
Total PnL: $-448.08
Overall Sharpe Ratio (Annualized): -0.3702
Overall Calmar Ratio (Annualized): -0.0837
Maximum Dollar Drawdown (MDD): $341.07

--- Execution Time ---
Total Elapsed Time: 184.83 seconds
############################################################
[0m