--- Dynamic Timeframe Configuration ---
TimeFrame Selected: 1Min, Value: 15
Bars per Trading Day: 26
Annualization Factor (Bars/Year): 6552
Statistical Lookback Bars: 145
Optimization Lookback Bars: 1268
---------------------------------------
--- Diagnostic Check ---
API Key ID Length: 26
API Secret Key Length: 44
StockHistoricalDataClient initialized successfully. Starting data fetch...
--------------------------
Pre-compiling Numba function for first run optimization...
Numba pre-compilation complete.
Fetching data from 2020-01-01 to 2024-12-30...
Fetching 15Min data for IVV...
Fetching 15Min data for SPY...
Data acquired successfully. Total 1Min RTH bars: 32584
Skipping full pre-calculation. Metrics will be calculated inside the WFA loop.

============================================================
📈 Starting Rolling Backtest: IS Optimization Window=1268 bars, Shift=15 days
   Data already processed with Statistical Rolling Window: 145 bars
   ADF Cointegration Filter: p-value < 0.1
============================================================

--- Window 1 Boundary Check ---
IS Period RTH Bars: 980. Start: 2020-01-17 15:00:00+00:00 | End: 2020-03-12 18:15:00+00:00
OOS Start Bar Index: 1268 | Time: 2020-03-12 18:30:00+00:00
ADF Test Result: p-value=0.0001 (Required < 0.10) | OLS Beta: 1.0028
Filter OFF: Spread is stationary. Proceeding with optimization.
IS Optimization Time: 0.03 seconds.
Optimal Params (Sharpe=0.6344, Calmar=2.2645): Z_E=1.9, Z_X=0.3, Z_SL=3.6
📊 Persistence: Saved 118 PnL points to wfa_outputs\oos_equity_curve_IVV_SPY_15m_20251107_004452_0.1.csv
OOS Period (2020-03-12 18:30:00+00:00 to 2020-04-02 18:15:00+00:00): PnL: $-29.94 | Sharpe: -4.6338 | Calmar: -12.2537 | Trades: 118

--- Window 2 Boundary Check ---
IS Period RTH Bars: 980. Start: 2020-02-10 15:00:00+00:00 | End: 2020-04-02 18:15:00+00:00
OOS Start Bar Index: 1658 | Time: 2020-04-02 18:30:00+00:00
ADF Test Result: p-value=0.0387 (Required < 0.10) | OLS Beta: 1.0043
Filter OFF: Spread is stationary. Proceeding with optimization.
IS Optimization Time: 0.03 seconds.
Optimal Params (Sharpe=1.2027, Calmar=4.9421): Z_E=2.3, Z_X=0.7, Z_SL=3.6
📊 Persistence: Saved 125 PnL points to wfa_outputs\oos_equity_curve_IVV_SPY_15m_20251107_004452_0.1.csv
OOS Period (2020-04-02 18:30:00+00:00 to 2020-04-24 18:15:00+00:00): PnL: $0.29 | Sharpe: 0.3616 | Calmar: 1.7445 | Trades: 7

--- Window 3 Boundary Check ---
IS Period RTH Bars: 980. Start: 2020-03-03 15:00:00+00:00 | End: 2020-04-24 18:15:00+00:00
OOS Start Bar Index: 2048 | Time: 2020-04-24 18:30:00+00:00
ADF Test Result: p-value=0.3758 (Required < 0.10) | OLS Beta: 1.0029
Filter ON: Spread not stationary (p-value too high). Skipping optimization and OOS test.

--- Window 4 Boundary Check ---
IS Period RTH Bars: 980. Start: 2020-03-24 14:00:00+00:00 | End: 2020-05-15 18:15:00+00:00
OOS Start Bar Index: 2438 | Time: 2020-05-15 18:30:00+00:00
ADF Test Result: p-value=0.0000 (Required < 0.10) | OLS Beta: 1.0013
Filter OFF: Spread is stationary. Proceeding with optimization.
IS Optimization Time: 0.03 seconds.
Optimal Params (Sharpe=5.1892, Calmar=40.2012): Z_E=1.9, Z_X=0.3, Z_SL=3.3
📊 Persistence: Saved 131 PnL points to wfa_outputs\oos_equity_curve_IVV_SPY_15m_20251107_004452_0.1.csv
OOS Period (2020-05-15 18:30:00+00:00 to 2020-06-08 18:15:00+00:00): PnL: $1.22 | Sharpe: 5.6711 | Calmar: 107.9600 | Trades: 6

--- Window 5 Boundary Check ---
IS Period RTH Bars: 980. Start: 2020-04-15 14:00:00+00:00 | End: 2020-06-08 18:15:00+00:00
OOS Start Bar Index: 2828 | Time: 2020-06-08 18:30:00+00:00
ADF Test Result: p-value=0.0000 (Required < 0.10) | OLS Beta: 1.0034
Filter OFF: Spread is stationary. Proceeding with optimization.
IS Optimization Time: 0.03 seconds.
Optimal Params (Sharpe=4.1724, Calmar=33.0501): Z_E=2.9, Z_X=0.9, Z_SL=3.3
📊 Persistence: Saved 140 PnL points to wfa_outputs\oos_equity_curve_IVV_SPY_15m_20251107_004452_0.1.csv
OOS Period (2020-06-08 18:30:00+00:00 to 2020-06-29 18:15:00+00:00): PnL: $-2.85 | Sharpe: -6.9775 | Calmar: -17.2580 | Trades: 9

--- Window 6 Boundary Check ---
IS Period RTH Bars: 980. Start: 2020-05-06 14:00:00+00:00 | End: 2020-06-29 18:15:00+00:00
OOS Start Bar Index: 3218 | Time: 2020-06-29 18:30:00+00:00
ADF Test Result: p-value=0.0185 (Required < 0.10) | OLS Beta: 1.0038
Filter OFF: Spread is stationary. Proceeding with optimization.
IS Optimization Time: 0.03 seconds.
Optimal Params (Sharpe=2.4698, Calmar=14.3663): Z_E=3.1, Z_X=1.1, Z_SL=3.3
📊 Persistence: Saved 142 PnL points to wfa_outputs\oos_equity_curve_IVV_SPY_15m_20251107_004452_0.1.csv
OOS Period (2020-06-29 18:30:00+00:00 to 2020-07-21 18:15:00+00:00): PnL: $-1.36 | Sharpe: -4.5023 | Calmar: -16.5811 | Trades: 2

--- Window 7 Boundary Check ---
IS Period RTH Bars: 980. Start: 2020-05-28 14:00:00+00:00 | End: 2020-07-21 18:15:00+00:00
OOS Start Bar Index: 3608 | Time: 2020-07-21 18:30:00+00:00
ADF Test Result: p-value=0.0000 (Required < 0.10) | OLS Beta: 1.0021
Filter OFF: Spread is stationary. Proceeding with optimization.
IS Optimization Time: 0.03 seconds.
Optimal Params (Sharpe=3.1325, Calmar=15.1559): Z_E=3.1, Z_X=1.1, Z_SL=3.3
📊 Persistence: Saved 143 PnL points to wfa_outputs\oos_equity_curve_IVV_SPY_15m_20251107_004452_0.1.csv
OOS Period (2020-07-21 18:30:00+00:00 to 2020-08-11 18:15:00+00:00): PnL: $0.37 | Sharpe: 4.1040 | Calmar: 0.0000 | Trades: 1

--- Window 8 Boundary Check ---
IS Period RTH Bars: 980. Start: 2020-06-18 14:00:00+00:00 | End: 2020-08-11 18:15:00+00:00
OOS Start Bar Index: 3998 | Time: 2020-08-11 18:30:00+00:00
ADF Test Result: p-value=0.0000 (Required < 0.10) | OLS Beta: 1.0015
Filter OFF: Spread is stationary. Proceeding with optimization.
IS Optimization Time: 0.03 seconds.
Optimal Params (Sharpe=3.5274, Calmar=27.9365): Z_E=2.9, Z_X=1.3, Z_SL=4.5
📊 Persistence: Saved 145 PnL points to wfa_outputs\oos_equity_curve_IVV_SPY_15m_20251107_004452_0.1.csv
OOS Period (2020-08-11 18:30:00+00:00 to 2020-09-01 18:15:00+00:00): PnL: $0.46 | Sharpe: 5.2910 | Calmar: 0.0000 | Trades: 2

--- Window 9 Boundary Check ---
IS Period RTH Bars: 980. Start: 2020-07-10 14:00:00+00:00 | End: 2020-09-01 18:15:00+00:00
OOS Start Bar Index: 4388 | Time: 2020-09-01 18:30:00+00:00
ADF Test Result: p-value=0.0000 (Required < 0.10) | OLS Beta: 1.0020
Filter OFF: Spread is stationary. Proceeding with optimization.
IS Optimization Time: 0.03 seconds.
Optimal Params (Sharpe=3.7902, Calmar=19.9651): Z_E=2.9, Z_X=0.5, Z_SL=4.5
📊 Persistence: Saved 161 PnL points to wfa_outputs\oos_equity_curve_IVV_SPY_15m_20251107_004452_0.1.csv
OOS Period (2020-09-01 18:30:00+00:00 to 2020-09-23 18:15:00+00:00): PnL: $0.93 | Sharpe: 0.6852 | Calmar: 3.5809 | Trades: 16

--- Window 10 Boundary Check ---
IS Period RTH Bars: 980. Start: 2020-07-31 14:00:00+00:00 | End: 2020-09-23 18:15:00+00:00
OOS Start Bar Index: 4778 | Time: 2020-09-23 18:30:00+00:00
ADF Test Result: p-value=0.0000 (Required < 0.10) | OLS Beta: 1.0021
Filter OFF: Spread is stationary. Proceeding with optimization.
IS Optimization Time: 0.03 seconds.
Optimal Params (Sharpe=3.7070, Calmar=25.9832): Z_E=3.3, Z_X=0.3, Z_SL=4.5
📊 Persistence: Saved 162 PnL points to wfa_outputs\oos_equity_curve_IVV_SPY_15m_20251107_004452_0.1.csv
OOS Period (2020-09-23 18:30:00+00:00 to 2020-10-14 18:15:00+00:00): PnL: $0.20 | Sharpe: 4.1040 | Calmar: 0.0000 | Trades: 1

--- Window 11 Boundary Check ---
IS Period RTH Bars: 980. Start: 2020-08-21 14:00:00+00:00 | End: 2020-10-14 18:15:00+00:00
OOS Start Bar Index: 5168 | Time: 2020-10-14 18:30:00+00:00
ADF Test Result: p-value=0.0000 (Required < 0.10) | OLS Beta: 1.0012
Filter OFF: Spread is stationary. Proceeding with optimization.
IS Optimization Time: 0.03 seconds.
Optimal Params (Sharpe=3.6021, Calmar=25.7705): Z_E=2.3, Z_X=0.3, Z_SL=4.2
📊 Persistence: Saved 167 PnL points to wfa_outputs\oos_equity_curve_IVV_SPY_15m_20251107_004452_0.1.csv
OOS Period (2020-10-14 18:30:00+00:00 to 2020-11-04 19:15:00+00:00): PnL: $2.95 | Sharpe: 7.8830 | Calmar: 0.0000 | Trades: 5

--- Window 12 Boundary Check ---
IS Period RTH Bars: 980. Start: 2020-09-14 14:00:00+00:00 | End: 2020-11-04 19:15:00+00:00
OOS Start Bar Index: 5558 | Time: 2020-11-04 19:30:00+00:00
ADF Test Result: p-value=0.0000 (Required < 0.10) | OLS Beta: 1.0007
Filter OFF: Spread is stationary. Proceeding with optimization.
IS Optimization Time: 0.03 seconds.
Optimal Params (Sharpe=6.8669, Calmar=47.1558): Z_E=2.1, Z_X=1.5, Z_SL=3.3
📊 Persistence: Saved 197 PnL points to wfa_outputs\oos_equity_curve_IVV_SPY_15m_20251107_004452_0.1.csv
OOS Period (2020-11-04 19:30:00+00:00 to 2020-11-25 19:15:00+00:00): PnL: $-4.77 | Sharpe: -6.0113 | Calmar: -12.5037 | Trades: 30

--- Window 13 Boundary Check ---
IS Period RTH Bars: 980. Start: 2020-10-05 14:00:00+00:00 | End: 2020-11-25 19:15:00+00:00
OOS Start Bar Index: 5948 | Time: 2020-11-25 19:30:00+00:00
ADF Test Result: p-value=0.0307 (Required < 0.10) | OLS Beta: 1.0017
Filter OFF: Spread is stationary. Proceeding with optimization.
IS Optimization Time: 0.03 seconds.
Optimal Params (Sharpe=5.5394, Calmar=29.6383): Z_E=2.3, Z_X=1.5, Z_SL=3.3
📊 Persistence: Saved 207 PnL points to wfa_outputs\oos_equity_curve_IVV_SPY_15m_20251107_004452_0.1.csv
OOS Period (2020-11-25 19:30:00+00:00 to 2020-12-18 15:15:00+00:00): PnL: $2.25 | Sharpe: 3.7377 | Calmar: 25.3420 | Trades: 10

--- Window 14 Boundary Check ---
IS Period RTH Bars: 980. Start: 2020-10-26 14:00:00+00:00 | End: 2020-12-18 15:15:00+00:00
OOS Start Bar Index: 6338 | Time: 2020-12-18 15:30:00+00:00
ADF Test Result: p-value=0.0000 (Required < 0.10) | OLS Beta: 1.0021
Filter OFF: Spread is stationary. Proceeding with optimization.
IS Optimization Time: 0.03 seconds.
Optimal Params (Sharpe=4.3658, Calmar=28.8363): Z_E=2.9, Z_X=1.5, Z_SL=3.3
📊 Persistence: Saved 214 PnL points to wfa_outputs\oos_equity_curve_IVV_SPY_15m_20251107_004452_0.1.csv
OOS Period (2020-12-18 15:30:00+00:00 to 2021-01-12 17:45:00+00:00): PnL: $10.92 | Sharpe: 3.9930 | Calmar: 161.9596 | Trades: 7

--- Window 15 Boundary Check ---
IS Period RTH Bars: 980. Start: 2020-11-16 15:00:00+00:00 | End: 2021-01-12 17:45:00+00:00
OOS Start Bar Index: 6728 | Time: 2021-01-12 18:00:00+00:00
ADF Test Result: p-value=0.0000 (Required < 0.10) | OLS Beta: 1.0033
Filter OFF: Spread is stationary. Proceeding with optimization.
IS Optimization Time: 0.03 seconds.
Optimal Params (Sharpe=3.9421, Calmar=119.6481): Z_E=2.3, Z_X=0.3, Z_SL=3.3
📊 Persistence: Saved 215 PnL points to wfa_outputs\oos_equity_curve_IVV_SPY_15m_20251107_004452_0.1.csv
OOS Period (2021-01-12 18:00:00+00:00 to 2021-02-03 17:45:00+00:00): PnL: $0.62 | Sharpe: 4.1040 | Calmar: 0.0000 | Trades: 1

--- Window 16 Boundary Check ---
IS Period RTH Bars: 980. Start: 2020-12-08 17:30:00+00:00 | End: 2021-02-03 17:45:00+00:00
OOS Start Bar Index: 7118 | Time: 2021-02-03 18:00:00+00:00
ADF Test Result: p-value=0.0000 (Required < 0.10) | OLS Beta: 1.0015
Filter OFF: Spread is stationary. Proceeding with optimization.
IS Optimization Time: 0.03 seconds.
Optimal Params (Sharpe=3.4922, Calmar=52.7749): Z_E=2.3, Z_X=0.5, Z_SL=3.3
📊 Persistence: Saved 222 PnL points to wfa_outputs\oos_equity_curve_IVV_SPY_15m_20251107_004452_0.1.csv
OOS Period (2021-02-03 18:00:00+00:00 to 2021-02-25 17:45:00+00:00): PnL: $0.97 | Sharpe: 2.4790 | Calmar: 14.6057 | Trades: 7

--- Window 17 Boundary Check ---
IS Period RTH Bars: 980. Start: 2020-12-30 20:00:00+00:00 | End: 2021-02-25 17:45:00+00:00
OOS Start Bar Index: 7508 | Time: 2021-02-25 18:00:00+00:00
ADF Test Result: p-value=0.0000 (Required < 0.10) | OLS Beta: 1.0019
Filter OFF: Spread is stationary. Proceeding with optimization.
IS Optimization Time: 0.03 seconds.
Optimal Params (Sharpe=3.8150, Calmar=18.3802): Z_E=2.3, Z_X=0.5, Z_SL=3.3
📊 Persistence: Saved 233 PnL points to wfa_outputs\oos_equity_curve_IVV_SPY_15m_20251107_004452_0.1.csv
OOS Period (2021-02-25 18:00:00+00:00 to 2021-03-18 16:45:00+00:00): PnL: $-1.22 | Sharpe: -2.0712 | Calmar: -12.3181 | Trades: 11

--- Window 18 Boundary Check ---
IS Period RTH Bars: 980. Start: 2021-01-22 20:00:00+00:00 | End: 2021-03-18 16:45:00+00:00
OOS Start Bar Index: 7898 | Time: 2021-03-18 17:00:00+00:00
ADF Test Result: p-value=0.0000 (Required < 0.10) | OLS Beta: 1.0024
Filter OFF: Spread is stationary. Proceeding with optimization.
IS Optimization Time: 0.03 seconds.
Optimal Params (Sharpe=4.8000, Calmar=43.4176): Z_E=3.3, Z_X=1.5, Z_SL=3.6
📊 Persistence: Saved 234 PnL points to wfa_outputs\oos_equity_curve_IVV_SPY_15m_20251107_004452_0.1.csv
OOS Period (2021-03-18 17:00:00+00:00 to 2021-04-09 16:45:00+00:00): PnL: $0.19 | Sharpe: 4.1040 | Calmar: 0.0000 | Trades: 1

--- Window 19 Boundary Check ---
IS Period RTH Bars: 980. Start: 2021-02-12 20:00:00+00:00 | End: 2021-04-09 16:45:00+00:00
OOS Start Bar Index: 8288 | Time: 2021-04-09 17:00:00+00:00
ADF Test Result: p-value=0.0000 (Required < 0.10) | OLS Beta: 1.0016
Filter OFF: Spread is stationary. Proceeding with optimization.
IS Optimization Time: 0.03 seconds.
Optimal Params (Sharpe=2.0254, Calmar=7.1742): Z_E=3.3, Z_X=1.5, Z_SL=3.6
📊 Persistence: Saved 236 PnL points to wfa_outputs\oos_equity_curve_IVV_SPY_15m_20251107_004452_0.1.csv
OOS Period (2021-04-09 17:00:00+00:00 to 2021-04-30 16:45:00+00:00): PnL: $0.11 | Sharpe: 1.4719 | Calmar: 12.3786 | Trades: 2

--- Window 20 Boundary Check ---
IS Period RTH Bars: 980. Start: 2021-03-08 20:00:00+00:00 | End: 2021-04-30 16:45:00+00:00
OOS Start Bar Index: 8678 | Time: 2021-04-30 17:00:00+00:00
ADF Test Result: p-value=0.0000 (Required < 0.10) | OLS Beta: 1.0011
Filter OFF: Spread is stationary. Proceeding with optimization.
IS Optimization Time: 0.03 seconds.
Optimal Params (Sharpe=0.0965, Calmar=0.2840): Z_E=3.3, Z_X=0.5, Z_SL=3.6
📊 Persistence: Saved 241 PnL points to wfa_outputs\oos_equity_curve_IVV_SPY_15m_20251107_004452_0.1.csv
OOS Period (2021-04-30 17:00:00+00:00 to 2021-05-21 16:45:00+00:00): PnL: $-1.67 | Sharpe: -3.8486 | Calmar: -10.6063 | Trades: 5

--- Window 21 Boundary Check ---
IS Period RTH Bars: 980. Start: 2021-03-29 19:00:00+00:00 | End: 2021-05-21 16:45:00+00:00
OOS Start Bar Index: 9068 | Time: 2021-05-21 17:00:00+00:00
ADF Test Result: p-value=0.0001 (Required < 0.10) | OLS Beta: 1.0012
Filter OFF: Spread is stationary. Proceeding with optimization.
IS Optimization Time: 0.03 seconds.
Optimal Params (Sharpe=4.0402, Calmar=37.2614): Z_E=2.3, Z_X=0.3, Z_SL=3.3
📊 Persistence: Saved 249 PnL points to wfa_outputs\oos_equity_curve_IVV_SPY_15m_20251107_004452_0.1.csv
OOS Period (2021-05-21 17:00:00+00:00 to 2021-06-14 16:45:00+00:00): PnL: $-0.51 | Sharpe: -2.5962 | Calmar: -7.8612 | Trades: 8

--- Window 22 Boundary Check ---
IS Period RTH Bars: 980. Start: 2021-04-20 19:00:00+00:00 | End: 2021-06-14 16:45:00+00:00
OOS Start Bar Index: 9458 | Time: 2021-06-14 17:00:00+00:00
ADF Test Result: p-value=0.0104 (Required < 0.10) | OLS Beta: 1.0031
Filter OFF: Spread is stationary. Proceeding with optimization.
IS Optimization Time: 0.03 seconds.
Optimal Params (Sharpe=4.0859, Calmar=37.4145): Z_E=2.1, Z_X=0.3, Z_SL=3.3
📊 Persistence: Saved 261 PnL points to wfa_outputs\oos_equity_curve_IVV_SPY_15m_20251107_004452_0.1.csv
OOS Period (2021-06-14 17:00:00+00:00 to 2021-07-06 16:45:00+00:00): PnL: $0.20 | Sharpe: 1.0514 | Calmar: 5.4000 | Trades: 12

--- Window 23 Boundary Check ---
IS Period RTH Bars: 980. Start: 2021-05-11 19:00:00+00:00 | End: 2021-07-06 16:45:00+00:00
OOS Start Bar Index: 9848 | Time: 2021-07-06 17:00:00+00:00
ADF Test Result: p-value=0.1393 (Required < 0.10) | OLS Beta: 1.0017
Filter ON: Spread not stationary (p-value too high). Skipping optimization and OOS test.

--- Window 24 Boundary Check ---
IS Period RTH Bars: 980. Start: 2021-06-02 19:00:00+00:00 | End: 2021-07-27 16:45:00+00:00
OOS Start Bar Index: 10238 | Time: 2021-07-27 17:00:00+00:00
ADF Test Result: p-value=0.0068 (Required < 0.10) | OLS Beta: 1.0005
Filter OFF: Spread is stationary. Proceeding with optimization.
IS Optimization Time: 0.03 seconds.
Optimal Params (Sharpe=3.7789, Calmar=17.3628): Z_E=2.1, Z_X=0.3, Z_SL=3.9
📊 Persistence: Saved 276 PnL points to wfa_outputs\oos_equity_curve_IVV_SPY_15m_20251107_004452_0.1.csv
OOS Period (2021-07-27 17:00:00+00:00 to 2021-08-17 16:45:00+00:00): PnL: $-0.63 | Sharpe: -2.2489 | Calmar: -9.4443 | Trades: 15

--- Window 25 Boundary Check ---
IS Period RTH Bars: 980. Start: 2021-06-23 19:00:00+00:00 | End: 2021-08-17 16:45:00+00:00
OOS Start Bar Index: 10628 | Time: 2021-08-17 17:00:00+00:00
ADF Test Result: p-value=0.0002 (Required < 0.10) | OLS Beta: 1.0018
Filter OFF: Spread is stationary. Proceeding with optimization.
IS Optimization Time: 0.03 seconds.
Optimal Params (Sharpe=2.2044, Calmar=5.7631): Z_E=2.3, Z_X=1.5, Z_SL=3.3
📊 Persistence: Saved 299 PnL points to wfa_outputs\oos_equity_curve_IVV_SPY_15m_20251107_004452_0.1.csv
OOS Period (2021-08-17 17:00:00+00:00 to 2021-09-08 16:45:00+00:00): PnL: $-1.09 | Sharpe: -1.8910 | Calmar: -7.5703 | Trades: 23

--- Window 26 Boundary Check ---
IS Period RTH Bars: 980. Start: 2021-07-15 19:00:00+00:00 | End: 2021-09-08 16:45:00+00:00
OOS Start Bar Index: 11018 | Time: 2021-09-08 17:00:00+00:00
ADF Test Result: p-value=0.0034 (Required < 0.10) | OLS Beta: 1.0024
Filter OFF: Spread is stationary. Proceeding with optimization.
IS Optimization Time: 0.03 seconds.
Optimal Params (Sharpe=-0.4560, Calmar=-1.2715): Z_E=3.3, Z_X=1.5, Z_SL=3.6
📊 Persistence: Saved 310 PnL points to wfa_outputs\oos_equity_curve_IVV_SPY_15m_20251107_004452_0.1.csv
OOS Period (2021-09-08 17:00:00+00:00 to 2021-09-29 16:45:00+00:00): PnL: $0.86 | Sharpe: 1.8438 | Calmar: 12.2501 | Trades: 11

--- Window 27 Boundary Check ---
IS Period RTH Bars: 980. Start: 2021-08-05 19:00:00+00:00 | End: 2021-09-29 16:45:00+00:00
OOS Start Bar Index: 11408 | Time: 2021-09-29 17:00:00+00:00
ADF Test Result: p-value=0.0298 (Required < 0.10) | OLS Beta: 1.0013
Filter OFF: Spread is stationary. Proceeding with optimization.
IS Optimization Time: 0.03 seconds.
Optimal Params (Sharpe=0.7257, Calmar=2.5380): Z_E=2.9, Z_X=1.1, Z_SL=3.3
📊 Persistence: Saved 318 PnL points to wfa_outputs\oos_equity_curve_IVV_SPY_15m_20251107_004452_0.1.csv
OOS Period (2021-09-29 17:00:00+00:00 to 2021-10-20 16:45:00+00:00): PnL: $0.01 | Sharpe: 0.0210 | Calmar: 0.1035 | Trades: 8

--- Window 28 Boundary Check ---
IS Period RTH Bars: 980. Start: 2021-08-26 19:00:00+00:00 | End: 2021-10-20 16:45:00+00:00
OOS Start Bar Index: 11798 | Time: 2021-10-20 17:00:00+00:00
ADF Test Result: p-value=0.0000 (Required < 0.10) | OLS Beta: 1.0007
Filter OFF: Spread is stationary. Proceeding with optimization.
IS Optimization Time: 0.03 seconds.
Optimal Params (Sharpe=4.0659, Calmar=56.6836): Z_E=2.9, Z_X=1.1, Z_SL=3.3
📊 Persistence: Saved 324 PnL points to wfa_outputs\oos_equity_curve_IVV_SPY_15m_20251107_004452_0.1.csv
OOS Period (2021-10-20 17:00:00+00:00 to 2021-11-10 17:45:00+00:00): PnL: $0.22 | Sharpe: 1.9948 | Calmar: 10.9062 | Trades: 6

--- Window 29 Boundary Check ---
IS Period RTH Bars: 980. Start: 2021-09-17 19:00:00+00:00 | End: 2021-11-10 17:45:00+00:00
OOS Start Bar Index: 12188 | Time: 2021-11-10 18:00:00+00:00
ADF Test Result: p-value=0.0000 (Required < 0.10) | OLS Beta: 1.0015
Filter OFF: Spread is stationary. Proceeding with optimization.
IS Optimization Time: 0.03 seconds.
Optimal Params (Sharpe=2.5372, Calmar=15.2285): Z_E=2.5, Z_X=1.3, Z_SL=3.3
📊 Persistence: Saved 341 PnL points to wfa_outputs\oos_equity_curve_IVV_SPY_15m_20251107_004452_0.1.csv
OOS Period (2021-11-10 18:00:00+00:00 to 2021-12-02 18:30:00+00:00): PnL: $27.35 | Sharpe: 5.5093 | Calmar: 544.0338 | Trades: 17

--- Window 30 Boundary Check ---
IS Period RTH Bars: 980. Start: 2021-10-08 19:00:00+00:00 | End: 2021-12-02 18:30:00+00:00
OOS Start Bar Index: 12578 | Time: 2021-12-02 18:45:00+00:00
ADF Test Result: p-value=0.0000 (Required < 0.10) | OLS Beta: 1.0019
Filter OFF: Spread is stationary. Proceeding with optimization.
IS Optimization Time: 0.03 seconds.
Optimal Params (Sharpe=3.5390, Calmar=710.2686): Z_E=3.3, Z_X=0.3, Z_SL=3.6
📊 Persistence: Saved 341 PnL points to wfa_outputs\oos_equity_curve_IVV_SPY_15m_20251107_004452_0.1.csv
OOS Period (2021-12-02 18:45:00+00:00 to 2021-12-23 18:30:00+00:00): PnL: $0.00 | Sharpe: 0.0000 | Calmar: 0.0000 | Trades: 0

--- Window 31 Boundary Check ---
IS Period RTH Bars: 980. Start: 2021-10-29 19:00:00+00:00 | End: 2021-12-23 18:30:00+00:00
OOS Start Bar Index: 12968 | Time: 2021-12-23 18:45:00+00:00
ADF Test Result: p-value=0.0000 (Required < 0.10) | OLS Beta: 0.9985
Filter OFF: Spread is stationary. Proceeding with optimization.
IS Optimization Time: 0.03 seconds.
Optimal Params (Sharpe=3.5904, Calmar=720.8379): Z_E=3.3, Z_X=0.3, Z_SL=3.6
📊 Persistence: Saved 341 PnL points to wfa_outputs\oos_equity_curve_IVV_SPY_15m_20251107_004452_0.1.csv
OOS Period (2021-12-23 18:45:00+00:00 to 2022-01-14 18:30:00+00:00): PnL: $0.00 | Sharpe: 0.0000 | Calmar: 0.0000 | Trades: 0

--- Window 32 Boundary Check ---
IS Period RTH Bars: 980. Start: 2021-11-19 20:00:00+00:00 | End: 2022-01-14 18:30:00+00:00
OOS Start Bar Index: 13358 | Time: 2022-01-14 18:45:00+00:00
ADF Test Result: p-value=0.0000 (Required < 0.10) | OLS Beta: 0.9984
Filter OFF: Spread is stationary. Proceeding with optimization.
IS Optimization Time: 0.03 seconds.
Optimal Params (Sharpe=3.8079, Calmar=114.5078): Z_E=1.9, Z_X=1.3, Z_SL=3.3
📊 Persistence: Saved 342 PnL points to wfa_outputs\oos_equity_curve_IVV_SPY_15m_20251107_004452_0.1.csv
OOS Period (2022-01-14 18:45:00+00:00 to 2022-02-07 18:30:00+00:00): PnL: $-0.02 | Sharpe: -4.1040 | Calmar: -15.2147 | Trades: 1

--- Window 33 Boundary Check ---
IS Period RTH Bars: 980. Start: 2021-12-13 20:45:00+00:00 | End: 2022-02-07 18:30:00+00:00
OOS Start Bar Index: 13748 | Time: 2022-02-07 18:45:00+00:00
ADF Test Result: p-value=0.0000 (Required < 0.10) | OLS Beta: 1.0000
Filter OFF: Spread is stationary. Proceeding with optimization.
IS Optimization Time: 0.03 seconds.
Optimal Params (Sharpe=6.0341, Calmar=66.2983): Z_E=2.1, Z_X=1.3, Z_SL=3.3
📊 Persistence: Saved 365 PnL points to wfa_outputs\oos_equity_curve_IVV_SPY_15m_20251107_004452_0.1.csv
OOS Period (2022-02-07 18:45:00+00:00 to 2022-03-01 18:30:00+00:00): PnL: $1.03 | Sharpe: 1.8630 | Calmar: 6.1944 | Trades: 23

--- Window 34 Boundary Check ---
IS Period RTH Bars: 980. Start: 2022-01-04 20:45:00+00:00 | End: 2022-03-01 18:30:00+00:00
OOS Start Bar Index: 14138 | Time: 2022-03-01 18:45:00+00:00
ADF Test Result: p-value=0.0000 (Required < 0.10) | OLS Beta: 1.0001
Filter OFF: Spread is stationary. Proceeding with optimization.
IS Optimization Time: 0.03 seconds.
Optimal Params (Sharpe=6.2182, Calmar=38.1950): Z_E=2.1, Z_X=1.3, Z_SL=3.3
📊 Persistence: Saved 388 PnL points to wfa_outputs\oos_equity_curve_IVV_SPY_15m_20251107_004452_0.1.csv
OOS Period (2022-03-01 18:45:00+00:00 to 2022-03-22 17:30:00+00:00): PnL: $-1.57 | Sharpe: -2.2414 | Calmar: -8.1682 | Trades: 23

--- Window 35 Boundary Check ---
IS Period RTH Bars: 980. Start: 2022-01-26 20:45:00+00:00 | End: 2022-03-22 17:30:00+00:00
OOS Start Bar Index: 14528 | Time: 2022-03-22 17:45:00+00:00
ADF Test Result: p-value=0.0000 (Required < 0.10) | OLS Beta: 1.0012
Filter OFF: Spread is stationary. Proceeding with optimization.
IS Optimization Time: 0.03 seconds.
Optimal Params (Sharpe=6.3072, Calmar=38.3846): Z_E=2.1, Z_X=1.3, Z_SL=3.3
📊 Persistence: Saved 425 PnL points to wfa_outputs\oos_equity_curve_IVV_SPY_15m_20251107_004452_0.1.csv
OOS Period (2022-03-22 17:45:00+00:00 to 2022-04-12 17:30:00+00:00): PnL: $-0.69 | Sharpe: -0.8619 | Calmar: -4.1770 | Trades: 37

--- Window 36 Boundary Check ---
IS Period RTH Bars: 980. Start: 2022-02-16 20:45:00+00:00 | End: 2022-04-12 17:30:00+00:00
OOS Start Bar Index: 14918 | Time: 2022-04-12 17:45:00+00:00
ADF Test Result: p-value=0.0084 (Required < 0.10) | OLS Beta: 1.0025
Filter OFF: Spread is stationary. Proceeding with optimization.
IS Optimization Time: 0.03 seconds.
Optimal Params (Sharpe=3.0191, Calmar=19.0561): Z_E=2.5, Z_X=1.5, Z_SL=3.3
📊 Persistence: Saved 477 PnL points to wfa_outputs\oos_equity_curve_IVV_SPY_15m_20251107_004452_0.1.csv
OOS Period (2022-04-12 17:45:00+00:00 to 2022-05-04 17:30:00+00:00): PnL: $-1.19 | Sharpe: -1.2699 | Calmar: -4.5799 | Trades: 52

--- Window 37 Boundary Check ---
IS Period RTH Bars: 980. Start: 2022-03-10 20:45:00+00:00 | End: 2022-05-04 17:30:00+00:00
OOS Start Bar Index: 15308 | Time: 2022-05-04 17:45:00+00:00
ADF Test Result: p-value=0.1633 (Required < 0.10) | OLS Beta: 1.0007
Filter ON: Spread not stationary (p-value too high). Skipping optimization and OOS test.

--- Window 38 Boundary Check ---
IS Period RTH Bars: 980. Start: 2022-03-31 19:45:00+00:00 | End: 2022-05-25 17:30:00+00:00
OOS Start Bar Index: 15698 | Time: 2022-05-25 17:45:00+00:00
ADF Test Result: p-value=0.0000 (Required < 0.10) | OLS Beta: 1.0007
Filter OFF: Spread is stationary. Proceeding with optimization.
IS Optimization Time: 0.03 seconds.
Optimal Params (Sharpe=1.1922, Calmar=4.7263): Z_E=3.3, Z_X=1.5, Z_SL=3.6
📊 Persistence: Saved 493 PnL points to wfa_outputs\oos_equity_curve_IVV_SPY_15m_20251107_004452_0.1.csv
OOS Period (2022-05-25 17:45:00+00:00 to 2022-06-16 17:30:00+00:00): PnL: $-1.72 | Sharpe: -1.5789 | Calmar: -3.9857 | Trades: 16

--- Window 39 Boundary Check ---
IS Period RTH Bars: 980. Start: 2022-04-22 19:45:00+00:00 | End: 2022-06-16 17:30:00+00:00
OOS Start Bar Index: 16088 | Time: 2022-06-16 17:45:00+00:00
ADF Test Result: p-value=0.0061 (Required < 0.10) | OLS Beta: 1.0022
Filter OFF: Spread is stationary. Proceeding with optimization.
IS Optimization Time: 0.03 seconds.
Optimal Params (Sharpe=1.6817, Calmar=7.7649): Z_E=3.3, Z_X=0.3, Z_SL=3.6
📊 Persistence: Saved 502 PnL points to wfa_outputs\oos_equity_curve_IVV_SPY_15m_20251107_004452_0.1.csv
OOS Period (2022-06-16 17:45:00+00:00 to 2022-07-11 17:30:00+00:00): PnL: $1.56 | Sharpe: 1.6767 | Calmar: 7.9174 | Trades: 9

--- Window 40 Boundary Check ---
IS Period RTH Bars: 980. Start: 2022-05-13 19:45:00+00:00 | End: 2022-07-11 17:30:00+00:00
OOS Start Bar Index: 16478 | Time: 2022-07-11 17:45:00+00:00
ADF Test Result: p-value=0.0354 (Required < 0.10) | OLS Beta: 1.0039
Filter OFF: Spread is stationary. Proceeding with optimization.
IS Optimization Time: 0.03 seconds.
Optimal Params (Sharpe=4.7333, Calmar=41.4140): Z_E=3.3, Z_X=0.7, Z_SL=3.6
📊 Persistence: Saved 505 PnL points to wfa_outputs\oos_equity_curve_IVV_SPY_15m_20251107_004452_0.1.csv
OOS Period (2022-07-11 17:45:00+00:00 to 2022-08-01 17:30:00+00:00): PnL: $0.67 | Sharpe: 4.0073 | Calmar: 105.8414 | Trades: 3

--- Window 41 Boundary Check ---
IS Period RTH Bars: 980. Start: 2022-06-06 19:45:00+00:00 | End: 2022-08-01 17:30:00+00:00
OOS Start Bar Index: 16868 | Time: 2022-08-01 17:45:00+00:00
ADF Test Result: p-value=0.0863 (Required < 0.10) | OLS Beta: 1.0025
Filter OFF: Spread is stationary. Proceeding with optimization.
IS Optimization Time: 0.03 seconds.
Optimal Params (Sharpe=5.8062, Calmar=337.1610): Z_E=3.3, Z_X=0.5, Z_SL=3.6
📊 Persistence: Saved 506 PnL points to wfa_outputs\oos_equity_curve_IVV_SPY_15m_20251107_004452_0.1.csv
OOS Period (2022-08-01 17:45:00+00:00 to 2022-08-22 17:30:00+00:00): PnL: $1.30 | Sharpe: 4.1040 | Calmar: 0.0000 | Trades: 1

--- Window 42 Boundary Check ---
IS Period RTH Bars: 980. Start: 2022-06-28 19:45:00+00:00 | End: 2022-08-22 17:30:00+00:00
OOS Start Bar Index: 17258 | Time: 2022-08-22 17:45:00+00:00
ADF Test Result: p-value=0.0000 (Required < 0.10) | OLS Beta: 1.0017
Filter OFF: Spread is stationary. Proceeding with optimization.
IS Optimization Time: 0.03 seconds.
Optimal Params (Sharpe=4.7066, Calmar=50.8712): Z_E=3.3, Z_X=1.5, Z_SL=3.6
📊 Persistence: Saved 513 PnL points to wfa_outputs\oos_equity_curve_IVV_SPY_15m_20251107_004452_0.1.csv
OOS Period (2022-08-22 17:45:00+00:00 to 2022-09-13 17:30:00+00:00): PnL: $1.54 | Sharpe: 2.9969 | Calmar: 29.1672 | Trades: 7

--- Window 43 Boundary Check ---
IS Period RTH Bars: 980. Start: 2022-07-20 19:45:00+00:00 | End: 2022-09-13 17:30:00+00:00
OOS Start Bar Index: 17648 | Time: 2022-09-13 17:45:00+00:00
ADF Test Result: p-value=0.0000 (Required < 0.10) | OLS Beta: 1.0018
Filter OFF: Spread is stationary. Proceeding with optimization.
IS Optimization Time: 0.03 seconds.
Optimal Params (Sharpe=3.4317, Calmar=43.4981): Z_E=3.3, Z_X=1.1, Z_SL=3.6
📊 Persistence: Saved 530 PnL points to wfa_outputs\oos_equity_curve_IVV_SPY_15m_20251107_004452_0.1.csv
OOS Period (2022-09-13 17:45:00+00:00 to 2022-10-04 17:30:00+00:00): PnL: $-1.20 | Sharpe: -0.9739 | Calmar: -3.9082 | Trades: 17

--- Window 44 Boundary Check ---
IS Period RTH Bars: 980. Start: 2022-08-10 19:45:00+00:00 | End: 2022-10-04 17:30:00+00:00
OOS Start Bar Index: 18038 | Time: 2022-10-04 17:45:00+00:00
ADF Test Result: p-value=0.0000 (Required < 0.10) | OLS Beta: 1.0013
Filter OFF: Spread is stationary. Proceeding with optimization.
IS Optimization Time: 0.03 seconds.
Optimal Params (Sharpe=4.1522, Calmar=25.2250): Z_E=3.1, Z_X=1.1, Z_SL=3.3
📊 Persistence: Saved 539 PnL points to wfa_outputs\oos_equity_curve_IVV_SPY_15m_20251107_004452_0.1.csv
OOS Period (2022-10-04 17:45:00+00:00 to 2022-10-25 17:30:00+00:00): PnL: $0.22 | Sharpe: 0.3834 | Calmar: 2.1424 | Trades: 9

--- Window 45 Boundary Check ---
IS Period RTH Bars: 980. Start: 2022-08-31 19:45:00+00:00 | End: 2022-10-25 17:30:00+00:00
OOS Start Bar Index: 18428 | Time: 2022-10-25 17:45:00+00:00
ADF Test Result: p-value=0.0000 (Required < 0.10) | OLS Beta: 1.0009
Filter OFF: Spread is stationary. Proceeding with optimization.
IS Optimization Time: 0.03 seconds.
Optimal Params (Sharpe=4.7302, Calmar=56.9009): Z_E=2.1, Z_X=0.3, Z_SL=4.5
📊 Persistence: Saved 547 PnL points to wfa_outputs\oos_equity_curve_IVV_SPY_15m_20251107_004452_0.1.csv
OOS Period (2022-10-25 17:45:00+00:00 to 2022-11-15 18:30:00+00:00): PnL: $0.57 | Sharpe: 1.5640 | Calmar: 9.5151 | Trades: 8

--- Window 46 Boundary Check ---
IS Period RTH Bars: 980. Start: 2022-09-22 19:45:00+00:00 | End: 2022-11-15 18:30:00+00:00
OOS Start Bar Index: 18818 | Time: 2022-11-15 18:45:00+00:00
ADF Test Result: p-value=0.0000 (Required < 0.10) | OLS Beta: 1.0016
Filter OFF: Spread is stationary. Proceeding with optimization.
IS Optimization Time: 0.03 seconds.
Optimal Params (Sharpe=5.7299, Calmar=79.1645): Z_E=2.1, Z_X=0.5, Z_SL=4.5
📊 Persistence: Saved 562 PnL points to wfa_outputs\oos_equity_curve_IVV_SPY_15m_20251107_004452_0.1.csv
OOS Period (2022-11-15 18:45:00+00:00 to 2022-12-07 20:45:00+00:00): PnL: $-0.27 | Sharpe: -0.4000 | Calmar: -1.9136 | Trades: 15

--- Window 47 Boundary Check ---
IS Period RTH Bars: 980. Start: 2022-10-13 19:45:00+00:00 | End: 2022-12-07 20:45:00+00:00
OOS Start Bar Index: 19208 | Time: 2022-12-08 14:30:00+00:00
ADF Test Result: p-value=0.0000 (Required < 0.10) | OLS Beta: 1.0030
Filter OFF: Spread is stationary. Proceeding with optimization.
IS Optimization Time: 0.03 seconds.
Optimal Params (Sharpe=4.8811, Calmar=51.8524): Z_E=2.1, Z_X=1.5, Z_SL=3.3
📊 Persistence: Saved 566 PnL points to wfa_outputs\oos_equity_curve_IVV_SPY_15m_20251107_004452_0.1.csv
OOS Period (2022-12-08 14:30:00+00:00 to 2022-12-29 20:45:00+00:00): PnL: $0.85 | Sharpe: 3.5400 | Calmar: 29.3897 | Trades: 4

--- Window 48 Boundary Check ---
IS Period RTH Bars: 980. Start: 2022-11-03 19:45:00+00:00 | End: 2022-12-29 20:45:00+00:00
OOS Start Bar Index: 19598 | Time: 2022-12-30 14:30:00+00:00
ADF Test Result: p-value=0.0000 (Required < 0.10) | OLS Beta: 1.0037
Filter OFF: Spread is stationary. Proceeding with optimization.
IS Optimization Time: 0.03 seconds.
Optimal Params (Sharpe=4.9768, Calmar=31.5699): Z_E=1.9, Z_X=1.1, Z_SL=3.3
📊 Persistence: Saved 586 PnL points to wfa_outputs\oos_equity_curve_IVV_SPY_15m_20251107_004452_0.1.csv
OOS Period (2022-12-30 14:30:00+00:00 to 2023-01-23 20:45:00+00:00): PnL: $2.22 | Sharpe: 4.5763 | Calmar: 44.5136 | Trades: 20

--- Window 49 Boundary Check ---
IS Period RTH Bars: 980. Start: 2022-11-28 16:30:00+00:00 | End: 2023-01-23 20:45:00+00:00
OOS Start Bar Index: 19988 | Time: 2023-01-24 14:30:00+00:00
ADF Test Result: p-value=0.0000 (Required < 0.10) | OLS Beta: 1.0030
Filter OFF: Spread is stationary. Proceeding with optimization.
IS Optimization Time: 0.03 seconds.
Optimal Params (Sharpe=5.0751, Calmar=26.0091): Z_E=1.9, Z_X=1.1, Z_SL=3.3
📊 Persistence: Saved 622 PnL points to wfa_outputs\oos_equity_curve_IVV_SPY_15m_20251107_004452_0.1.csv
OOS Period (2023-01-24 14:30:00+00:00 to 2023-02-13 20:45:00+00:00): PnL: $-9.12 | Sharpe: -9.5446 | Calmar: -16.5635 | Trades: 36

--- Window 50 Boundary Check ---
IS Period RTH Bars: 980. Start: 2022-12-19 16:30:00+00:00 | End: 2023-02-13 20:45:00+00:00
OOS Start Bar Index: 20378 | Time: 2023-02-14 14:30:00+00:00
ADF Test Result: p-value=0.0000 (Required < 0.10) | OLS Beta: 1.0019
Filter OFF: Spread is stationary. Proceeding with optimization.
IS Optimization Time: 0.03 seconds.
Optimal Params (Sharpe=4.4409, Calmar=19.9718): Z_E=2.9, Z_X=0.7, Z_SL=3.3
📊 Persistence: Saved 628 PnL points to wfa_outputs\oos_equity_curve_IVV_SPY_15m_20251107_004452_0.1.csv
OOS Period (2023-02-14 14:30:00+00:00 to 2023-03-07 20:45:00+00:00): PnL: $-0.67 | Sharpe: -2.9486 | Calmar: -9.2047 | Trades: 6

--- Window 51 Boundary Check ---
IS Period RTH Bars: 980. Start: 2023-01-11 16:30:00+00:00 | End: 2023-03-07 20:45:00+00:00
OOS Start Bar Index: 20768 | Time: 2023-03-08 14:30:00+00:00
ADF Test Result: p-value=0.0000 (Required < 0.10) | OLS Beta: 1.0018
Filter OFF: Spread is stationary. Proceeding with optimization.
IS Optimization Time: 0.03 seconds.
Optimal Params (Sharpe=1.0848, Calmar=2.8699): Z_E=3.1, Z_X=0.7, Z_SL=3.3
📊 Persistence: Saved 637 PnL points to wfa_outputs\oos_equity_curve_IVV_SPY_15m_20251107_004452_0.1.csv
OOS Period (2023-03-08 14:30:00+00:00 to 2023-03-28 19:45:00+00:00): PnL: $0.22 | Sharpe: 0.6339 | Calmar: 2.6271 | Trades: 9

--- Window 52 Boundary Check ---
IS Period RTH Bars: 980. Start: 2023-02-02 16:30:00+00:00 | End: 2023-03-28 19:45:00+00:00
OOS Start Bar Index: 21158 | Time: 2023-03-29 13:30:00+00:00
ADF Test Result: p-value=0.0000 (Required < 0.10) | OLS Beta: 1.0024
Filter OFF: Spread is stationary. Proceeding with optimization.
IS Optimization Time: 0.03 seconds.
Optimal Params (Sharpe=4.1598, Calmar=19.6516): Z_E=3.1, Z_X=1.1, Z_SL=3.3
📊 Persistence: Saved 639 PnL points to wfa_outputs\oos_equity_curve_IVV_SPY_15m_20251107_004452_0.1.csv
OOS Period (2023-03-29 13:30:00+00:00 to 2023-04-19 19:45:00+00:00): PnL: $0.62 | Sharpe: 5.5235 | Calmar: 0.0000 | Trades: 2

--- Window 53 Boundary Check ---
IS Period RTH Bars: 980. Start: 2023-02-24 16:30:00+00:00 | End: 2023-04-19 19:45:00+00:00
OOS Start Bar Index: 21548 | Time: 2023-04-20 13:30:00+00:00
ADF Test Result: p-value=0.0011 (Required < 0.10) | OLS Beta: 1.0013
Filter OFF: Spread is stationary. Proceeding with optimization.
IS Optimization Time: 0.03 seconds.
Optimal Params (Sharpe=4.7654, Calmar=36.1140): Z_E=2.9, Z_X=1.1, Z_SL=3.3
📊 Persistence: Saved 641 PnL points to wfa_outputs\oos_equity_curve_IVV_SPY_15m_20251107_004452_0.1.csv
OOS Period (2023-04-20 13:30:00+00:00 to 2023-05-10 19:45:00+00:00): PnL: $-0.13 | Sharpe: -0.8602 | Calmar: -4.7004 | Trades: 2

--- Window 54 Boundary Check ---
IS Period RTH Bars: 980. Start: 2023-03-17 15:30:00+00:00 | End: 2023-05-10 19:45:00+00:00
OOS Start Bar Index: 21938 | Time: 2023-05-11 13:30:00+00:00
ADF Test Result: p-value=0.0000 (Required < 0.10) | OLS Beta: 1.0013
Filter OFF: Spread is stationary. Proceeding with optimization.
IS Optimization Time: 0.03 seconds.
Optimal Params (Sharpe=4.4779, Calmar=36.3717): Z_E=2.5, Z_X=0.5, Z_SL=3.3
📊 Persistence: Saved 652 PnL points to wfa_outputs\oos_equity_curve_IVV_SPY_15m_20251107_004452_0.1.csv
OOS Period (2023-05-11 13:30:00+00:00 to 2023-06-01 19:45:00+00:00): PnL: $1.85 | Sharpe: 6.2496 | Calmar: 84.3890 | Trades: 11

--- Window 55 Boundary Check ---
IS Period RTH Bars: 980. Start: 2023-04-10 15:30:00+00:00 | End: 2023-06-01 19:45:00+00:00
OOS Start Bar Index: 22328 | Time: 2023-06-02 13:30:00+00:00
ADF Test Result: p-value=0.0000 (Required < 0.10) | OLS Beta: 1.0031
Filter OFF: Spread is stationary. Proceeding with optimization.
IS Optimization Time: 0.03 seconds.
Optimal Params (Sharpe=2.8507, Calmar=16.0264): Z_E=1.9, Z_X=0.5, Z_SL=3.3
📊 Persistence: Saved 678 PnL points to wfa_outputs\oos_equity_curve_IVV_SPY_15m_20251107_004452_0.1.csv
OOS Period (2023-06-02 13:30:00+00:00 to 2023-06-23 19:45:00+00:00): PnL: $-1.53 | Sharpe: -2.1042 | Calmar: -7.3915 | Trades: 26

--- Window 56 Boundary Check ---
IS Period RTH Bars: 980. Start: 2023-05-01 15:30:00+00:00 | End: 2023-06-23 19:45:00+00:00
OOS Start Bar Index: 22718 | Time: 2023-06-26 13:30:00+00:00
ADF Test Result: p-value=0.0000 (Required < 0.10) | OLS Beta: 1.0038
Filter OFF: Spread is stationary. Proceeding with optimization.
IS Optimization Time: 0.03 seconds.
Optimal Params (Sharpe=0.8501, Calmar=3.3249): Z_E=3.1, Z_X=0.7, Z_SL=3.3
📊 Persistence: Saved 681 PnL points to wfa_outputs\oos_equity_curve_IVV_SPY_15m_20251107_004452_0.1.csv
OOS Period (2023-06-26 13:30:00+00:00 to 2023-07-18 15:45:00+00:00): PnL: $0.24 | Sharpe: 3.5335 | Calmar: 38.3494 | Trades: 3

--- Window 57 Boundary Check ---
IS Period RTH Bars: 980. Start: 2023-05-22 15:30:00+00:00 | End: 2023-07-18 15:45:00+00:00
OOS Start Bar Index: 23108 | Time: 2023-07-18 16:00:00+00:00
ADF Test Result: p-value=0.0000 (Required < 0.10) | OLS Beta: 1.0036
Filter OFF: Spread is stationary. Proceeding with optimization.
IS Optimization Time: 0.03 seconds.
Optimal Params (Sharpe=3.2794, Calmar=24.0324): Z_E=3.3, Z_X=1.1, Z_SL=3.6
📊 Persistence: Saved 684 PnL points to wfa_outputs\oos_equity_curve_IVV_SPY_15m_20251107_004452_0.1.csv
OOS Period (2023-07-18 16:00:00+00:00 to 2023-08-08 15:45:00+00:00): PnL: $0.32 | Sharpe: 4.6856 | Calmar: 86.5820 | Trades: 3

--- Window 58 Boundary Check ---
IS Period RTH Bars: 980. Start: 2023-06-13 15:30:00+00:00 | End: 2023-08-08 15:45:00+00:00
OOS Start Bar Index: 23498 | Time: 2023-08-08 16:00:00+00:00
ADF Test Result: p-value=0.0000 (Required < 0.10) | OLS Beta: 1.0020
Filter OFF: Spread is stationary. Proceeding with optimization.
IS Optimization Time: 0.03 seconds.
Optimal Params (Sharpe=3.9936, Calmar=35.7996): Z_E=3.3, Z_X=1.1, Z_SL=3.6
📊 Persistence: Saved 689 PnL points to wfa_outputs\oos_equity_curve_IVV_SPY_15m_20251107_004452_0.1.csv
OOS Period (2023-08-08 16:00:00+00:00 to 2023-08-29 15:45:00+00:00): PnL: $-0.66 | Sharpe: -3.6056 | Calmar: -15.2398 | Trades: 5

--- Window 59 Boundary Check ---
IS Period RTH Bars: 980. Start: 2023-07-06 18:00:00+00:00 | End: 2023-08-29 15:45:00+00:00
OOS Start Bar Index: 23888 | Time: 2023-08-29 16:00:00+00:00
ADF Test Result: p-value=0.0007 (Required < 0.10) | OLS Beta: 1.0005
Filter OFF: Spread is stationary. Proceeding with optimization.
IS Optimization Time: 0.03 seconds.
Optimal Params (Sharpe=5.7519, Calmar=39.6313): Z_E=2.9, Z_X=0.7, Z_SL=3.3
📊 Persistence: Saved 718 PnL points to wfa_outputs\oos_equity_curve_IVV_SPY_15m_20251107_004452_0.1.csv
OOS Period (2023-08-29 16:00:00+00:00 to 2023-09-20 15:45:00+00:00): PnL: $0.89 | Sharpe: 2.3585 | Calmar: 12.3186 | Trades: 29

--- Window 60 Boundary Check ---
IS Period RTH Bars: 980. Start: 2023-07-27 18:00:00+00:00 | End: 2023-09-20 15:45:00+00:00
OOS Start Bar Index: 24278 | Time: 2023-09-20 16:00:00+00:00
ADF Test Result: p-value=0.6993 (Required < 0.10) | OLS Beta: 1.0016
Filter ON: Spread not stationary (p-value too high). Skipping optimization and OOS test.

--- Window 61 Boundary Check ---
IS Period RTH Bars: 980. Start: 2023-08-17 18:00:00+00:00 | End: 2023-10-11 15:45:00+00:00
OOS Start Bar Index: 24668 | Time: 2023-10-11 16:00:00+00:00
ADF Test Result: p-value=0.1439 (Required < 0.10) | OLS Beta: 0.9995
Filter ON: Spread not stationary (p-value too high). Skipping optimization and OOS test.

--- Window 62 Boundary Check ---
IS Period RTH Bars: 980. Start: 2023-09-08 18:00:00+00:00 | End: 2023-11-01 15:45:00+00:00
OOS Start Bar Index: 25058 | Time: 2023-11-01 16:00:00+00:00
ADF Test Result: p-value=0.0000 (Required < 0.10) | OLS Beta: 0.9998
Filter OFF: Spread is stationary. Proceeding with optimization.
IS Optimization Time: 0.03 seconds.
Optimal Params (Sharpe=7.1693, Calmar=0.0000): Z_E=3.3, Z_X=0.9, Z_SL=3.9
📊 Persistence: Saved 728 PnL points to wfa_outputs\oos_equity_curve_IVV_SPY_15m_20251107_004452_0.1.csv
OOS Period (2023-11-01 16:00:00+00:00 to 2023-11-22 16:45:00+00:00): PnL: $-1.06 | Sharpe: -3.9037 | Calmar: -10.0628 | Trades: 10

--- Window 63 Boundary Check ---
IS Period RTH Bars: 980. Start: 2023-09-29 18:00:00+00:00 | End: 2023-11-22 16:45:00+00:00
OOS Start Bar Index: 25448 | Time: 2023-11-22 17:00:00+00:00
ADF Test Result: p-value=0.0137 (Required < 0.10) | OLS Beta: 1.0019
Filter OFF: Spread is stationary. Proceeding with optimization.
IS Optimization Time: 0.03 seconds.
Optimal Params (Sharpe=5.4097, Calmar=32.2346): Z_E=2.3, Z_X=0.5, Z_SL=3.9
📊 Persistence: Saved 734 PnL points to wfa_outputs\oos_equity_curve_IVV_SPY_15m_20251107_004452_0.1.csv
OOS Period (2023-11-22 17:00:00+00:00 to 2023-12-14 18:45:00+00:00): PnL: $-1.56 | Sharpe: -6.3847 | Calmar: -16.4241 | Trades: 6

--- Window 64 Boundary Check ---
IS Period RTH Bars: 980. Start: 2023-10-20 18:00:00+00:00 | End: 2023-12-14 18:45:00+00:00
OOS Start Bar Index: 25838 | Time: 2023-12-14 19:00:00+00:00
ADF Test Result: p-value=0.0002 (Required < 0.10) | OLS Beta: 1.0023
Filter OFF: Spread is stationary. Proceeding with optimization.
IS Optimization Time: 0.03 seconds.
Optimal Params (Sharpe=3.9312, Calmar=15.9990): Z_E=2.3, Z_X=0.5, Z_SL=3.9
📊 Persistence: Saved 748 PnL points to wfa_outputs\oos_equity_curve_IVV_SPY_15m_20251107_004452_0.1.csv
OOS Period (2023-12-14 19:00:00+00:00 to 2024-01-08 18:45:00+00:00): PnL: $-1.44 | Sharpe: -5.5969 | Calmar: -11.6012 | Trades: 14

--- Window 65 Boundary Check ---
IS Period RTH Bars: 980. Start: 2023-11-10 19:00:00+00:00 | End: 2024-01-08 18:45:00+00:00
OOS Start Bar Index: 26228 | Time: 2024-01-08 19:00:00+00:00
ADF Test Result: p-value=0.0003 (Required < 0.10) | OLS Beta: 1.0034
Filter OFF: Spread is stationary. Proceeding with optimization.
IS Optimization Time: 0.03 seconds.
Optimal Params (Sharpe=0.6037, Calmar=1.9786): Z_E=2.5, Z_X=0.5, Z_SL=3.3
📊 Persistence: Saved 757 PnL points to wfa_outputs\oos_equity_curve_IVV_SPY_15m_20251107_004452_0.1.csv
OOS Period (2024-01-08 19:00:00+00:00 to 2024-01-30 18:45:00+00:00): PnL: $-0.47 | Sharpe: -1.3412 | Calmar: -7.5229 | Trades: 9

--- Window 66 Boundary Check ---
IS Period RTH Bars: 980. Start: 2023-12-05 14:30:00+00:00 | End: 2024-01-30 18:45:00+00:00
OOS Start Bar Index: 26618 | Time: 2024-01-30 19:00:00+00:00
ADF Test Result: p-value=0.0037 (Required < 0.10) | OLS Beta: 1.0026
Filter OFF: Spread is stationary. Proceeding with optimization.
IS Optimization Time: 0.03 seconds.
Optimal Params (Sharpe=4.3908, Calmar=79.6915): Z_E=3.3, Z_X=1.5, Z_SL=3.6
📊 Persistence: Saved 759 PnL points to wfa_outputs\oos_equity_curve_IVV_SPY_15m_20251107_004452_0.1.csv
OOS Period (2024-01-30 19:00:00+00:00 to 2024-02-21 18:45:00+00:00): PnL: $0.62 | Sharpe: 5.3789 | Calmar: 0.0000 | Trades: 2

--- Window 67 Boundary Check ---
IS Period RTH Bars: 980. Start: 2023-12-27 14:30:00+00:00 | End: 2024-02-21 18:45:00+00:00
OOS Start Bar Index: 27008 | Time: 2024-02-21 19:00:00+00:00
ADF Test Result: p-value=0.0000 (Required < 0.10) | OLS Beta: 1.0018
Filter OFF: Spread is stationary. Proceeding with optimization.
IS Optimization Time: 0.03 seconds.
Optimal Params (Sharpe=4.4852, Calmar=68.4711): Z_E=3.3, Z_X=1.5, Z_SL=3.6
📊 Persistence: Saved 766 PnL points to wfa_outputs\oos_equity_curve_IVV_SPY_15m_20251107_004452_0.1.csv
OOS Period (2024-02-21 19:00:00+00:00 to 2024-03-13 17:45:00+00:00): PnL: $1.01 | Sharpe: 4.4739 | Calmar: 43.4682 | Trades: 7

--- Window 68 Boundary Check ---
IS Period RTH Bars: 980. Start: 2024-01-19 14:30:00+00:00 | End: 2024-03-13 17:45:00+00:00
OOS Start Bar Index: 27398 | Time: 2024-03-13 18:00:00+00:00
ADF Test Result: p-value=0.0000 (Required < 0.10) | OLS Beta: 1.0028
Filter OFF: Spread is stationary. Proceeding with optimization.
IS Optimization Time: 0.03 seconds.
Optimal Params (Sharpe=4.4439, Calmar=41.4389): Z_E=3.3, Z_X=1.5, Z_SL=3.6
📊 Persistence: Saved 770 PnL points to wfa_outputs\oos_equity_curve_IVV_SPY_15m_20251107_004452_0.1.csv
OOS Period (2024-03-13 18:00:00+00:00 to 2024-04-04 17:45:00+00:00): PnL: $-0.02 | Sharpe: -0.1423 | Calmar: -0.7386 | Trades: 4

--- Window 69 Boundary Check ---
IS Period RTH Bars: 980. Start: 2024-02-09 14:30:00+00:00 | End: 2024-04-04 17:45:00+00:00
OOS Start Bar Index: 27788 | Time: 2024-04-04 18:00:00+00:00
ADF Test Result: p-value=0.0000 (Required < 0.10) | OLS Beta: 1.0022
Filter OFF: Spread is stationary. Proceeding with optimization.
IS Optimization Time: 0.03 seconds.
Optimal Params (Sharpe=4.9416, Calmar=51.9098): Z_E=2.1, Z_X=0.5, Z_SL=3.3
📊 Persistence: Saved 812 PnL points to wfa_outputs\oos_equity_curve_IVV_SPY_15m_20251107_004452_0.1.csv
OOS Period (2024-04-04 18:00:00+00:00 to 2024-04-25 17:45:00+00:00): PnL: $-1.64 | Sharpe: -2.8250 | Calmar: -5.8457 | Trades: 42

--- Window 70 Boundary Check ---
IS Period RTH Bars: 980. Start: 2024-03-04 14:30:00+00:00 | End: 2024-04-25 17:45:00+00:00
OOS Start Bar Index: 28178 | Time: 2024-04-25 18:00:00+00:00
ADF Test Result: p-value=0.0000 (Required < 0.10) | OLS Beta: 1.0001
Filter OFF: Spread is stationary. Proceeding with optimization.
IS Optimization Time: 0.03 seconds.
Optimal Params (Sharpe=1.8664, Calmar=8.2207): Z_E=2.1, Z_X=1.5, Z_SL=3.3
📊 Persistence: Saved 851 PnL points to wfa_outputs\oos_equity_curve_IVV_SPY_15m_20251107_004452_0.1.csv
OOS Period (2024-04-25 18:00:00+00:00 to 2024-05-16 17:45:00+00:00): PnL: $-2.39 | Sharpe: -4.6464 | Calmar: -10.6694 | Trades: 39

--- Window 71 Boundary Check ---
IS Period RTH Bars: 980. Start: 2024-03-25 13:30:00+00:00 | End: 2024-05-16 17:45:00+00:00
OOS Start Bar Index: 28568 | Time: 2024-05-16 18:00:00+00:00
ADF Test Result: p-value=0.1850 (Required < 0.10) | OLS Beta: 1.0009
Filter ON: Spread not stationary (p-value too high). Skipping optimization and OOS test.

--- Window 72 Boundary Check ---
IS Period RTH Bars: 980. Start: 2024-04-16 13:30:00+00:00 | End: 2024-06-07 17:45:00+00:00
OOS Start Bar Index: 28958 | Time: 2024-06-07 18:00:00+00:00
ADF Test Result: p-value=0.0000 (Required < 0.10) | OLS Beta: 1.0024
Filter OFF: Spread is stationary. Proceeding with optimization.
IS Optimization Time: 0.03 seconds.
Optimal Params (Sharpe=1.7714, Calmar=6.9042): Z_E=2.9, Z_X=0.3, Z_SL=3.6
📊 Persistence: Saved 859 PnL points to wfa_outputs\oos_equity_curve_IVV_SPY_15m_20251107_004452_0.1.csv
OOS Period (2024-06-07 18:00:00+00:00 to 2024-07-01 17:45:00+00:00): PnL: $-0.80 | Sharpe: -4.0693 | Calmar: -11.0729 | Trades: 8

--- Window 73 Boundary Check ---
IS Period RTH Bars: 980. Start: 2024-05-07 13:30:00+00:00 | End: 2024-07-01 17:45:00+00:00
OOS Start Bar Index: 29348 | Time: 2024-07-01 18:00:00+00:00
ADF Test Result: p-value=0.0000 (Required < 0.10) | OLS Beta: 1.0035
Filter OFF: Spread is stationary. Proceeding with optimization.
IS Optimization Time: 0.03 seconds.
Optimal Params (Sharpe=2.3376, Calmar=7.3581): Z_E=2.5, Z_X=0.7, Z_SL=3.3
📊 Persistence: Saved 882 PnL points to wfa_outputs\oos_equity_curve_IVV_SPY_15m_20251107_004452_0.1.csv
OOS Period (2024-07-01 18:00:00+00:00 to 2024-07-23 19:30:00+00:00): PnL: $-9.40 | Sharpe: -3.7831 | Calmar: -12.7086 | Trades: 23

--- Window 74 Boundary Check ---
IS Period RTH Bars: 980. Start: 2024-05-29 13:30:00+00:00 | End: 2024-07-23 19:30:00+00:00
OOS Start Bar Index: 29738 | Time: 2024-07-23 19:45:00+00:00
ADF Test Result: p-value=0.0000 (Required < 0.10) | OLS Beta: 1.0027
Filter OFF: Spread is stationary. Proceeding with optimization.
IS Optimization Time: 0.03 seconds.
Optimal Params (Sharpe=-1.8911, Calmar=-3.7912): Z_E=2.5, Z_X=1.5, Z_SL=3.3
📊 Persistence: Saved 911 PnL points to wfa_outputs\oos_equity_curve_IVV_SPY_15m_20251107_004452_0.1.csv
OOS Period (2024-07-23 19:45:00+00:00 to 2024-08-13 19:30:00+00:00): PnL: $4.72 | Sharpe: 4.7019 | Calmar: 25.3503 | Trades: 29

--- Window 75 Boundary Check ---
IS Period RTH Bars: 980. Start: 2024-06-20 13:30:00+00:00 | End: 2024-08-13 19:30:00+00:00
OOS Start Bar Index: 30128 | Time: 2024-08-13 19:45:00+00:00
ADF Test Result: p-value=0.0000 (Required < 0.10) | OLS Beta: 1.0001
Filter OFF: Spread is stationary. Proceeding with optimization.
IS Optimization Time: 0.03 seconds.
Optimal Params (Sharpe=-1.6914, Calmar=-4.0717): Z_E=3.1, Z_X=0.9, Z_SL=3.3
📊 Persistence: Saved 917 PnL points to wfa_outputs\oos_equity_curve_IVV_SPY_15m_20251107_004452_0.1.csv
OOS Period (2024-08-13 19:45:00+00:00 to 2024-09-04 19:30:00+00:00): PnL: $-0.58 | Sharpe: -1.5468 | Calmar: -8.3462 | Trades: 6

--- Window 76 Boundary Check ---
IS Period RTH Bars: 980. Start: 2024-07-12 15:15:00+00:00 | End: 2024-09-04 19:30:00+00:00
OOS Start Bar Index: 30518 | Time: 2024-09-04 19:45:00+00:00
ADF Test Result: p-value=0.0000 (Required < 0.10) | OLS Beta: 1.0011
Filter OFF: Spread is stationary. Proceeding with optimization.
IS Optimization Time: 0.03 seconds.
Optimal Params (Sharpe=2.9526, Calmar=13.7693): Z_E=3.1, Z_X=0.9, Z_SL=3.3
📊 Persistence: Saved 920 PnL points to wfa_outputs\oos_equity_curve_IVV_SPY_15m_20251107_004452_0.1.csv
OOS Period (2024-09-04 19:45:00+00:00 to 2024-09-25 19:30:00+00:00): PnL: $-1.82 | Sharpe: -4.9489 | Calmar: -17.3636 | Trades: 3

--- Window 77 Boundary Check ---
IS Period RTH Bars: 980. Start: 2024-08-02 15:15:00+00:00 | End: 2024-09-25 19:30:00+00:00
OOS Start Bar Index: 30908 | Time: 2024-09-25 19:45:00+00:00
ADF Test Result: p-value=0.0260 (Required < 0.10) | OLS Beta: 1.0022
Filter OFF: Spread is stationary. Proceeding with optimization.
IS Optimization Time: 0.03 seconds.
Optimal Params (Sharpe=4.3928, Calmar=34.6265): Z_E=1.9, Z_X=0.9, Z_SL=3.3
📊 Persistence: Saved 929 PnL points to wfa_outputs\oos_equity_curve_IVV_SPY_15m_20251107_004452_0.1.csv
OOS Period (2024-09-25 19:45:00+00:00 to 2024-10-16 19:30:00+00:00): PnL: $-0.46 | Sharpe: -1.5563 | Calmar: -4.9972 | Trades: 9

--- Window 78 Boundary Check ---
IS Period RTH Bars: 980. Start: 2024-08-23 15:15:00+00:00 | End: 2024-10-16 19:30:00+00:00
OOS Start Bar Index: 31298 | Time: 2024-10-16 19:45:00+00:00
ADF Test Result: p-value=0.0094 (Required < 0.10) | OLS Beta: 1.0031
Filter OFF: Spread is stationary. Proceeding with optimization.
IS Optimization Time: 0.03 seconds.
Optimal Params (Sharpe=2.6565, Calmar=11.5984): Z_E=1.9, Z_X=0.9, Z_SL=3.3
📊 Persistence: Saved 948 PnL points to wfa_outputs\oos_equity_curve_IVV_SPY_15m_20251107_004452_0.1.csv
OOS Period (2024-10-16 19:45:00+00:00 to 2024-11-06 20:30:00+00:00): PnL: $0.35 | Sharpe: 0.7003 | Calmar: 5.2436 | Trades: 19

--- Window 79 Boundary Check ---
IS Period RTH Bars: 980. Start: 2024-09-16 15:15:00+00:00 | End: 2024-11-06 20:30:00+00:00
OOS Start Bar Index: 31688 | Time: 2024-11-06 20:45:00+00:00
ADF Test Result: p-value=0.0000 (Required < 0.10) | OLS Beta: 1.0023
Filter OFF: Spread is stationary. Proceeding with optimization.
IS Optimization Time: 0.03 seconds.
Optimal Params (Sharpe=2.3572, Calmar=6.6494): Z_E=1.9, Z_X=0.7, Z_SL=3.3
📊 Persistence: Saved 969 PnL points to wfa_outputs\oos_equity_curve_IVV_SPY_15m_20251107_004452_0.1.csv
OOS Period (2024-11-06 20:45:00+00:00 to 2024-11-27 20:30:00+00:00): PnL: $0.85 | Sharpe: 1.4250 | Calmar: 6.6351 | Trades: 21

--- Window 80 Boundary Check ---
IS Period RTH Bars: 980. Start: 2024-10-07 15:15:00+00:00 | End: 2024-11-27 20:30:00+00:00
OOS Start Bar Index: 32078 | Time: 2024-11-27 20:45:00+00:00
ADF Test Result: p-value=0.0000 (Required < 0.10) | OLS Beta: 1.0021
Filter OFF: Spread is stationary. Proceeding with optimization.
IS Optimization Time: 0.03 seconds.
Optimal Params (Sharpe=2.8396, Calmar=9.3382): Z_E=2.1, Z_X=0.9, Z_SL=3.3
📊 Persistence: Saved 982 PnL points to wfa_outputs\oos_equity_curve_IVV_SPY_15m_20251107_004452_0.1.csv
OOS Period (2024-11-27 20:45:00+00:00 to 2024-12-20 16:30:00+00:00): PnL: $-5.75 | Sharpe: -4.4205 | Calmar: -15.4882 | Trades: 13

--- Window 81 Boundary Check ---
IS Period RTH Bars: 980. Start: 2024-10-28 15:15:00+00:00 | End: 2024-12-20 16:30:00+00:00
OOS Start Bar Index: 32468 | Time: 2024-12-20 16:45:00+00:00
ADF Test Result: p-value=0.0000 (Required < 0.10) | OLS Beta: 1.0026
Filter OFF: Spread is stationary. Proceeding with optimization.
IS Optimization Time: 0.03 seconds.
Optimal Params (Sharpe=-0.8865, Calmar=-2.6206): Z_E=1.9, Z_X=0.9, Z_SL=3.3
📊 Persistence: Saved 989 PnL points to wfa_outputs\oos_equity_curve_IVV_SPY_15m_20251107_004452_0.1.csv
OOS Period (2024-12-20 16:45:00+00:00 to 2024-12-27 20:45:00+00:00): PnL: $-6.71 | Sharpe: -10.2236 | Calmar: -45.0746 | Trades: 7

############################################################
📈 OVERALL SIMULATION PERFORMANCE (Walk-Forward Test)
############################################################
Timeframe Used: 1Min, Value: 15
ADF Cointegration Filter Threshold: 0.1
Total OOS Windows Tested: 81
Total Trades Executed: 989
--- Final Performance Metrics ---
Total PnL: $-25.16
Overall Sharpe Ratio (Annualized): -0.1203
Overall Calmar Ratio (Annualized): -0.0237
Maximum Dollar Drawdown (MDD): $41.46

--- Execution Time ---
Total Elapsed Time: 165.64 seconds
############################################################
[0m