--- Dynamic Timeframe Configuration ---
TimeFrame Selected: 1Hour, Value: 1
Bars per Trading Day: 6
Annualization Factor (Bars/Year): 1512
Statistical Lookback Bars: 33
Optimization Lookback Bars: 292
---------------------------------------
--- Diagnostic Check ---
API Key ID Length: 26
API Secret Key Length: 44
StockHistoricalDataClient initialized successfully. Starting data fetch...
--------------------------
Pre-compiling Numba function for first run optimization...
Numba pre-compilation complete.
Fetching data from 2020-01-01 to 2024-12-30...
Fetching 1Hour data for AMD...
Fetching 1Hour data for MU...
Data acquired successfully. Total 1Hour RTH bars: 7536
Skipping full pre-calculation. Metrics will be calculated inside the WFA loop.

============================================================
📈 Starting Rolling Backtest: IS Optimization Window=292 bars, Shift=15 days
   Data already processed with Statistical Rolling Window: 33 bars
   ADF Cointegration Filter: p-value < 0.05
============================================================

--- Window 1 Boundary Check ---
IS Period RTH Bars: 228. Start: 2020-01-16 19:00:00+00:00 | End: 2020-03-12 17:00:00+00:00
OOS Start Bar Index: 292 | Time: 2020-03-12 18:00:00+00:00
ADF Test Result: p-value=0.2292 (Required < 0.05) | OLS Beta: 0.7622
Filter ON: Spread not stationary (p-value too high). Skipping optimization and OOS test.

--- Window 2 Boundary Check ---
IS Period RTH Bars: 228. Start: 2020-02-07 19:00:00+00:00 | End: 2020-04-02 17:00:00+00:00
OOS Start Bar Index: 382 | Time: 2020-04-02 18:00:00+00:00
ADF Test Result: p-value=0.1800 (Required < 0.05) | OLS Beta: 0.5608
Filter ON: Spread not stationary (p-value too high). Skipping optimization and OOS test.

--- Window 3 Boundary Check ---
IS Period RTH Bars: 228. Start: 2020-03-02 19:00:00+00:00 | End: 2020-04-24 17:00:00+00:00
OOS Start Bar Index: 472 | Time: 2020-04-24 18:00:00+00:00
ADF Test Result: p-value=0.8667 (Required < 0.05) | OLS Beta: 0.5558
Filter ON: Spread not stationary (p-value too high). Skipping optimization and OOS test.

--- Window 4 Boundary Check ---
IS Period RTH Bars: 228. Start: 2020-03-23 18:00:00+00:00 | End: 2020-05-15 17:00:00+00:00
OOS Start Bar Index: 562 | Time: 2020-05-15 18:00:00+00:00
ADF Test Result: p-value=0.5670 (Required < 0.05) | OLS Beta: 0.8138
Filter ON: Spread not stationary (p-value too high). Skipping optimization and OOS test.

--- Window 5 Boundary Check ---
IS Period RTH Bars: 228. Start: 2020-04-14 18:00:00+00:00 | End: 2020-06-08 17:00:00+00:00
OOS Start Bar Index: 652 | Time: 2020-06-08 18:00:00+00:00
ADF Test Result: p-value=0.0181 (Required < 0.05) | OLS Beta: -0.1439
Filter OFF: Spread is stationary. Proceeding with optimization.
IS Optimization Time: 0.07 seconds.
Optimal Params (Sharpe=2.4915, Calmar=11.2814): Z_E=2.5, Z_X=1.5, Z_SL=3.6
📊 Persistence: Saved 2 PnL points to wfa_outputs\oos_equity_curve_AMD_MU_1h_20251105_162141_0.05.csv
OOS Period (2020-06-08 18:00:00+00:00 to 2020-06-29 17:00:00+00:00): PnL: $516.71 | Sharpe: 5.0798 | Calmar: 0.0000 | Trades: 2

--- Window 6 Boundary Check ---
IS Period RTH Bars: 228. Start: 2020-05-05 18:00:00+00:00 | End: 2020-06-29 17:00:00+00:00
OOS Start Bar Index: 742 | Time: 2020-06-29 18:00:00+00:00
ADF Test Result: p-value=0.2033 (Required < 0.05) | OLS Beta: 0.0942
Filter ON: Spread not stationary (p-value too high). Skipping optimization and OOS test.

--- Window 7 Boundary Check ---
IS Period RTH Bars: 228. Start: 2020-05-27 18:00:00+00:00 | End: 2020-07-21 17:00:00+00:00
OOS Start Bar Index: 832 | Time: 2020-07-21 18:00:00+00:00
ADF Test Result: p-value=0.2890 (Required < 0.05) | OLS Beta: 0.3747
Filter ON: Spread not stationary (p-value too high). Skipping optimization and OOS test.

--- Window 8 Boundary Check ---
IS Period RTH Bars: 228. Start: 2020-06-17 18:00:00+00:00 | End: 2020-08-11 17:00:00+00:00
OOS Start Bar Index: 922 | Time: 2020-08-11 18:00:00+00:00
ADF Test Result: p-value=0.9517 (Required < 0.05) | OLS Beta: -0.0560
Filter ON: Spread not stationary (p-value too high). Skipping optimization and OOS test.

--- Window 9 Boundary Check ---
IS Period RTH Bars: 228. Start: 2020-07-09 18:00:00+00:00 | End: 2020-09-01 17:00:00+00:00
OOS Start Bar Index: 1012 | Time: 2020-09-01 18:00:00+00:00
ADF Test Result: p-value=0.5887 (Required < 0.05) | OLS Beta: -1.7655
Filter ON: Spread not stationary (p-value too high). Skipping optimization and OOS test.

--- Window 10 Boundary Check ---
IS Period RTH Bars: 228. Start: 2020-07-30 18:00:00+00:00 | End: 2020-09-23 17:00:00+00:00
OOS Start Bar Index: 1102 | Time: 2020-09-23 18:00:00+00:00
ADF Test Result: p-value=0.1455 (Required < 0.05) | OLS Beta: -0.3852
Filter ON: Spread not stationary (p-value too high). Skipping optimization and OOS test.

--- Window 11 Boundary Check ---
IS Period RTH Bars: 228. Start: 2020-08-20 18:00:00+00:00 | End: 2020-10-14 17:00:00+00:00
OOS Start Bar Index: 1192 | Time: 2020-10-14 18:00:00+00:00
ADF Test Result: p-value=0.3029 (Required < 0.05) | OLS Beta: -0.3592
Filter ON: Spread not stationary (p-value too high). Skipping optimization and OOS test.

--- Window 12 Boundary Check ---
IS Period RTH Bars: 228. Start: 2020-09-11 18:00:00+00:00 | End: 2020-11-04 18:00:00+00:00
OOS Start Bar Index: 1282 | Time: 2020-11-04 19:00:00+00:00
ADF Test Result: p-value=0.3492 (Required < 0.05) | OLS Beta: -0.0276
Filter ON: Spread not stationary (p-value too high). Skipping optimization and OOS test.

--- Window 13 Boundary Check ---
IS Period RTH Bars: 228. Start: 2020-10-02 18:00:00+00:00 | End: 2020-11-25 18:00:00+00:00
OOS Start Bar Index: 1372 | Time: 2020-11-25 19:00:00+00:00
ADF Test Result: p-value=0.3564 (Required < 0.05) | OLS Beta: 0.1357
Filter ON: Spread not stationary (p-value too high). Skipping optimization and OOS test.

--- Window 14 Boundary Check ---
IS Period RTH Bars: 228. Start: 2020-10-23 18:00:00+00:00 | End: 2020-12-17 18:00:00+00:00
OOS Start Bar Index: 1462 | Time: 2020-12-17 19:00:00+00:00
ADF Test Result: p-value=0.0120 (Required < 0.05) | OLS Beta: 0.5379
Filter OFF: Spread is stationary. Proceeding with optimization.
IS Optimization Time: 0.07 seconds.
Optimal Params (Sharpe=4.6407, Calmar=112.2881): Z_E=2.1, Z_X=1.1, Z_SL=3.3
📊 Persistence: Saved 3 PnL points to wfa_outputs\oos_equity_curve_AMD_MU_1h_20251105_162141_0.05.csv
OOS Period (2020-12-17 19:00:00+00:00 to 2021-01-11 18:00:00+00:00): PnL: $405.18 | Sharpe: 4.1217 | Calmar: 0.0000 | Trades: 1

--- Window 15 Boundary Check ---
IS Period RTH Bars: 228. Start: 2020-11-13 19:00:00+00:00 | End: 2021-01-11 18:00:00+00:00
OOS Start Bar Index: 1552 | Time: 2021-01-11 19:00:00+00:00
ADF Test Result: p-value=0.1162 (Required < 0.05) | OLS Beta: 0.5048
Filter ON: Spread not stationary (p-value too high). Skipping optimization and OOS test.

--- Window 16 Boundary Check ---
IS Period RTH Bars: 228. Start: 2020-12-07 19:00:00+00:00 | End: 2021-02-02 18:00:00+00:00
OOS Start Bar Index: 1642 | Time: 2021-02-02 19:00:00+00:00
ADF Test Result: p-value=0.1275 (Required < 0.05) | OLS Beta: -0.1363
Filter ON: Spread not stationary (p-value too high). Skipping optimization and OOS test.

--- Window 17 Boundary Check ---
IS Period RTH Bars: 228. Start: 2020-12-29 19:00:00+00:00 | End: 2021-02-24 18:00:00+00:00
OOS Start Bar Index: 1732 | Time: 2021-02-24 19:00:00+00:00
ADF Test Result: p-value=0.1240 (Required < 0.05) | OLS Beta: -0.1788
Filter ON: Spread not stationary (p-value too high). Skipping optimization and OOS test.

--- Window 18 Boundary Check ---
IS Period RTH Bars: 228. Start: 2021-01-21 19:00:00+00:00 | End: 2021-03-17 17:00:00+00:00
OOS Start Bar Index: 1822 | Time: 2021-03-17 18:00:00+00:00
ADF Test Result: p-value=0.2810 (Required < 0.05) | OLS Beta: -0.4278
Filter ON: Spread not stationary (p-value too high). Skipping optimization and OOS test.

--- Window 19 Boundary Check ---
IS Period RTH Bars: 228. Start: 2021-02-11 19:00:00+00:00 | End: 2021-04-08 17:00:00+00:00
OOS Start Bar Index: 1912 | Time: 2021-04-08 18:00:00+00:00
ADF Test Result: p-value=0.0962 (Required < 0.05) | OLS Beta: 0.4291
Filter ON: Spread not stationary (p-value too high). Skipping optimization and OOS test.

--- Window 20 Boundary Check ---
IS Period RTH Bars: 228. Start: 2021-03-05 19:00:00+00:00 | End: 2021-04-29 17:00:00+00:00
OOS Start Bar Index: 2002 | Time: 2021-04-29 18:00:00+00:00
ADF Test Result: p-value=0.3769 (Required < 0.05) | OLS Beta: 0.3583
Filter ON: Spread not stationary (p-value too high). Skipping optimization and OOS test.

--- Window 21 Boundary Check ---
IS Period RTH Bars: 228. Start: 2021-03-26 18:00:00+00:00 | End: 2021-05-20 17:00:00+00:00
OOS Start Bar Index: 2092 | Time: 2021-05-20 18:00:00+00:00
ADF Test Result: p-value=0.0900 (Required < 0.05) | OLS Beta: 0.5075
Filter ON: Spread not stationary (p-value too high). Skipping optimization and OOS test.

--- Window 22 Boundary Check ---
IS Period RTH Bars: 228. Start: 2021-04-19 18:00:00+00:00 | End: 2021-06-11 17:00:00+00:00
OOS Start Bar Index: 2182 | Time: 2021-06-11 18:00:00+00:00
ADF Test Result: p-value=0.5643 (Required < 0.05) | OLS Beta: 0.7437
Filter ON: Spread not stationary (p-value too high). Skipping optimization and OOS test.

--- Window 23 Boundary Check ---
IS Period RTH Bars: 228. Start: 2021-05-10 18:00:00+00:00 | End: 2021-07-02 17:00:00+00:00
OOS Start Bar Index: 2272 | Time: 2021-07-02 18:00:00+00:00
ADF Test Result: p-value=0.9912 (Required < 0.05) | OLS Beta: 0.5176
Filter ON: Spread not stationary (p-value too high). Skipping optimization and OOS test.

--- Window 24 Boundary Check ---
IS Period RTH Bars: 228. Start: 2021-06-01 18:00:00+00:00 | End: 2021-07-26 17:00:00+00:00
OOS Start Bar Index: 2362 | Time: 2021-07-26 18:00:00+00:00
ADF Test Result: p-value=0.6337 (Required < 0.05) | OLS Beta: -0.3980
Filter ON: Spread not stationary (p-value too high). Skipping optimization and OOS test.

--- Window 25 Boundary Check ---
IS Period RTH Bars: 228. Start: 2021-06-22 18:00:00+00:00 | End: 2021-08-16 17:00:00+00:00
OOS Start Bar Index: 2452 | Time: 2021-08-16 18:00:00+00:00
ADF Test Result: p-value=0.6757 (Required < 0.05) | OLS Beta: -0.1595
Filter ON: Spread not stationary (p-value too high). Skipping optimization and OOS test.

--- Window 26 Boundary Check ---
IS Period RTH Bars: 228. Start: 2021-07-14 18:00:00+00:00 | End: 2021-09-07 17:00:00+00:00
OOS Start Bar Index: 2542 | Time: 2021-09-07 18:00:00+00:00
ADF Test Result: p-value=0.5431 (Required < 0.05) | OLS Beta: 0.0405
Filter ON: Spread not stationary (p-value too high). Skipping optimization and OOS test.

--- Window 27 Boundary Check ---
IS Period RTH Bars: 228. Start: 2021-08-04 18:00:00+00:00 | End: 2021-09-28 17:00:00+00:00
OOS Start Bar Index: 2632 | Time: 2021-09-28 18:00:00+00:00
ADF Test Result: p-value=0.0628 (Required < 0.05) | OLS Beta: 0.3623
Filter ON: Spread not stationary (p-value too high). Skipping optimization and OOS test.

--- Window 28 Boundary Check ---
IS Period RTH Bars: 228. Start: 2021-08-25 18:00:00+00:00 | End: 2021-10-19 17:00:00+00:00
OOS Start Bar Index: 2722 | Time: 2021-10-19 18:00:00+00:00
ADF Test Result: p-value=0.5600 (Required < 0.05) | OLS Beta: -0.2020
Filter ON: Spread not stationary (p-value too high). Skipping optimization and OOS test.

--- Window 29 Boundary Check ---
IS Period RTH Bars: 228. Start: 2021-09-16 18:00:00+00:00 | End: 2021-11-09 18:00:00+00:00
OOS Start Bar Index: 2812 | Time: 2021-11-09 19:00:00+00:00
ADF Test Result: p-value=0.9945 (Required < 0.05) | OLS Beta: 0.0137
Filter ON: Spread not stationary (p-value too high). Skipping optimization and OOS test.

--- Window 30 Boundary Check ---
IS Period RTH Bars: 228. Start: 2021-10-07 18:00:00+00:00 | End: 2021-12-01 18:00:00+00:00
OOS Start Bar Index: 2902 | Time: 2021-12-01 19:00:00+00:00
ADF Test Result: p-value=0.1823 (Required < 0.05) | OLS Beta: 1.4166
Filter ON: Spread not stationary (p-value too high). Skipping optimization and OOS test.

--- Window 31 Boundary Check ---
IS Period RTH Bars: 228. Start: 2021-10-28 18:00:00+00:00 | End: 2021-12-22 18:00:00+00:00
OOS Start Bar Index: 2992 | Time: 2021-12-22 19:00:00+00:00
ADF Test Result: p-value=0.3666 (Required < 0.05) | OLS Beta: 0.4665
Filter ON: Spread not stationary (p-value too high). Skipping optimization and OOS test.

--- Window 32 Boundary Check ---
IS Period RTH Bars: 228. Start: 2021-11-18 19:00:00+00:00 | End: 2022-01-13 18:00:00+00:00
OOS Start Bar Index: 3082 | Time: 2022-01-13 19:00:00+00:00
ADF Test Result: p-value=0.3480 (Required < 0.05) | OLS Beta: -0.1206
Filter ON: Spread not stationary (p-value too high). Skipping optimization and OOS test.

--- Window 33 Boundary Check ---
IS Period RTH Bars: 228. Start: 2021-12-10 19:00:00+00:00 | End: 2022-02-04 18:00:00+00:00
OOS Start Bar Index: 3172 | Time: 2022-02-04 19:00:00+00:00
ADF Test Result: p-value=0.4314 (Required < 0.05) | OLS Beta: 1.0751
Filter ON: Spread not stationary (p-value too high). Skipping optimization and OOS test.

--- Window 34 Boundary Check ---
IS Period RTH Bars: 228. Start: 2022-01-03 19:00:00+00:00 | End: 2022-02-28 18:00:00+00:00
OOS Start Bar Index: 3262 | Time: 2022-02-28 19:00:00+00:00
ADF Test Result: p-value=0.1719 (Required < 0.05) | OLS Beta: 0.8092
Filter ON: Spread not stationary (p-value too high). Skipping optimization and OOS test.

--- Window 35 Boundary Check ---
IS Period RTH Bars: 228. Start: 2022-01-25 19:00:00+00:00 | End: 2022-03-21 17:00:00+00:00
OOS Start Bar Index: 3352 | Time: 2022-03-21 18:00:00+00:00
ADF Test Result: p-value=0.3970 (Required < 0.05) | OLS Beta: 0.4516
Filter ON: Spread not stationary (p-value too high). Skipping optimization and OOS test.

--- Window 36 Boundary Check ---
IS Period RTH Bars: 228. Start: 2022-02-15 19:00:00+00:00 | End: 2022-04-11 17:00:00+00:00
OOS Start Bar Index: 3442 | Time: 2022-04-11 18:00:00+00:00
ADF Test Result: p-value=0.5953 (Required < 0.05) | OLS Beta: 0.4150
Filter ON: Spread not stationary (p-value too high). Skipping optimization and OOS test.

--- Window 37 Boundary Check ---
IS Period RTH Bars: 228. Start: 2022-03-09 19:00:00+00:00 | End: 2022-05-03 17:00:00+00:00
OOS Start Bar Index: 3532 | Time: 2022-05-03 18:00:00+00:00
ADF Test Result: p-value=0.0179 (Required < 0.05) | OLS Beta: 1.9136
Filter OFF: Spread is stationary. Proceeding with optimization.
IS Optimization Time: 0.07 seconds.
Optimal Params (Sharpe=2.7398, Calmar=23.2999): Z_E=1.9, Z_X=1.5, Z_SL=3.3
📊 Persistence: Saved 4 PnL points to wfa_outputs\oos_equity_curve_AMD_MU_1h_20251105_162141_0.05.csv
OOS Period (2022-05-03 18:00:00+00:00 to 2022-05-24 17:00:00+00:00): PnL: $-4.23 | Sharpe: -4.1217 | Calmar: -17.3551 | Trades: 1

--- Window 38 Boundary Check ---
IS Period RTH Bars: 228. Start: 2022-03-30 18:00:00+00:00 | End: 2022-05-24 17:00:00+00:00
OOS Start Bar Index: 3622 | Time: 2022-05-24 18:00:00+00:00
ADF Test Result: p-value=0.0548 (Required < 0.05) | OLS Beta: 1.6807
Filter ON: Spread not stationary (p-value too high). Skipping optimization and OOS test.

--- Window 39 Boundary Check ---
IS Period RTH Bars: 228. Start: 2022-04-21 18:00:00+00:00 | End: 2022-06-15 17:00:00+00:00
OOS Start Bar Index: 3712 | Time: 2022-06-15 18:00:00+00:00
ADF Test Result: p-value=0.5192 (Required < 0.05) | OLS Beta: 0.6795
Filter ON: Spread not stationary (p-value too high). Skipping optimization and OOS test.

--- Window 40 Boundary Check ---
IS Period RTH Bars: 228. Start: 2022-05-12 18:00:00+00:00 | End: 2022-07-08 17:00:00+00:00
OOS Start Bar Index: 3802 | Time: 2022-07-08 18:00:00+00:00
ADF Test Result: p-value=0.5092 (Required < 0.05) | OLS Beta: 0.9304
Filter ON: Spread not stationary (p-value too high). Skipping optimization and OOS test.

--- Window 41 Boundary Check ---
IS Period RTH Bars: 228. Start: 2022-06-03 18:00:00+00:00 | End: 2022-07-29 17:00:00+00:00
OOS Start Bar Index: 3892 | Time: 2022-07-29 18:00:00+00:00
ADF Test Result: p-value=0.5514 (Required < 0.05) | OLS Beta: 1.2261
Filter ON: Spread not stationary (p-value too high). Skipping optimization and OOS test.

--- Window 42 Boundary Check ---
IS Period RTH Bars: 228. Start: 2022-06-27 18:00:00+00:00 | End: 2022-08-19 17:00:00+00:00
OOS Start Bar Index: 3982 | Time: 2022-08-19 18:00:00+00:00
ADF Test Result: p-value=0.3582 (Required < 0.05) | OLS Beta: 1.9306
Filter ON: Spread not stationary (p-value too high). Skipping optimization and OOS test.

--- Window 43 Boundary Check ---
IS Period RTH Bars: 228. Start: 2022-07-19 18:00:00+00:00 | End: 2022-09-12 17:00:00+00:00
OOS Start Bar Index: 4072 | Time: 2022-09-12 18:00:00+00:00
ADF Test Result: p-value=0.1118 (Required < 0.05) | OLS Beta: 1.2871
Filter ON: Spread not stationary (p-value too high). Skipping optimization and OOS test.

--- Window 44 Boundary Check ---
IS Period RTH Bars: 228. Start: 2022-08-09 18:00:00+00:00 | End: 2022-10-03 17:00:00+00:00
OOS Start Bar Index: 4162 | Time: 2022-10-03 18:00:00+00:00
ADF Test Result: p-value=0.7391 (Required < 0.05) | OLS Beta: 1.6697
Filter ON: Spread not stationary (p-value too high). Skipping optimization and OOS test.

--- Window 45 Boundary Check ---
IS Period RTH Bars: 228. Start: 2022-08-30 18:00:00+00:00 | End: 2022-10-24 17:00:00+00:00
OOS Start Bar Index: 4252 | Time: 2022-10-24 18:00:00+00:00
ADF Test Result: p-value=0.9359 (Required < 0.05) | OLS Beta: 1.0749
Filter ON: Spread not stationary (p-value too high). Skipping optimization and OOS test.

--- Window 46 Boundary Check ---
IS Period RTH Bars: 228. Start: 2022-09-21 18:00:00+00:00 | End: 2022-11-14 18:00:00+00:00
OOS Start Bar Index: 4342 | Time: 2022-11-14 19:00:00+00:00
ADF Test Result: p-value=0.1596 (Required < 0.05) | OLS Beta: 0.0830
Filter ON: Spread not stationary (p-value too high). Skipping optimization and OOS test.

--- Window 47 Boundary Check ---
IS Period RTH Bars: 228. Start: 2022-10-12 18:00:00+00:00 | End: 2022-12-06 18:00:00+00:00
OOS Start Bar Index: 4432 | Time: 2022-12-06 19:00:00+00:00
ADF Test Result: p-value=0.8641 (Required < 0.05) | OLS Beta: 1.5010
Filter ON: Spread not stationary (p-value too high). Skipping optimization and OOS test.

--- Window 48 Boundary Check ---
IS Period RTH Bars: 228. Start: 2022-11-02 18:00:00+00:00 | End: 2022-12-28 18:00:00+00:00
OOS Start Bar Index: 4522 | Time: 2022-12-28 19:00:00+00:00
ADF Test Result: p-value=0.1829 (Required < 0.05) | OLS Beta: 0.6910
Filter ON: Spread not stationary (p-value too high). Skipping optimization and OOS test.

--- Window 49 Boundary Check ---
IS Period RTH Bars: 228. Start: 2022-11-23 19:00:00+00:00 | End: 2023-01-20 18:00:00+00:00
OOS Start Bar Index: 4612 | Time: 2023-01-20 19:00:00+00:00
ADF Test Result: p-value=0.4944 (Required < 0.05) | OLS Beta: 0.7428
Filter ON: Spread not stationary (p-value too high). Skipping optimization and OOS test.

--- Window 50 Boundary Check ---
IS Period RTH Bars: 228. Start: 2022-12-15 19:00:00+00:00 | End: 2023-02-10 18:00:00+00:00
OOS Start Bar Index: 4702 | Time: 2023-02-10 19:00:00+00:00
ADF Test Result: p-value=0.4838 (Required < 0.05) | OLS Beta: 1.0407
Filter ON: Spread not stationary (p-value too high). Skipping optimization and OOS test.

--- Window 51 Boundary Check ---
IS Period RTH Bars: 228. Start: 2023-01-09 19:00:00+00:00 | End: 2023-03-06 18:00:00+00:00
OOS Start Bar Index: 4792 | Time: 2023-03-06 19:00:00+00:00
ADF Test Result: p-value=0.5091 (Required < 0.05) | OLS Beta: 1.0370
Filter ON: Spread not stationary (p-value too high). Skipping optimization and OOS test.

--- Window 52 Boundary Check ---
IS Period RTH Bars: 228. Start: 2023-01-31 19:00:00+00:00 | End: 2023-03-27 17:00:00+00:00
OOS Start Bar Index: 4882 | Time: 2023-03-27 18:00:00+00:00
ADF Test Result: p-value=0.6259 (Required < 0.05) | OLS Beta: 0.1969
Filter ON: Spread not stationary (p-value too high). Skipping optimization and OOS test.

--- Window 53 Boundary Check ---
IS Period RTH Bars: 228. Start: 2023-02-22 19:00:00+00:00 | End: 2023-04-18 17:00:00+00:00
OOS Start Bar Index: 4972 | Time: 2023-04-18 18:00:00+00:00
ADF Test Result: p-value=0.4269 (Required < 0.05) | OLS Beta: 0.8310
Filter ON: Spread not stationary (p-value too high). Skipping optimization and OOS test.

--- Window 54 Boundary Check ---
IS Period RTH Bars: 228. Start: 2023-03-15 18:00:00+00:00 | End: 2023-05-09 17:00:00+00:00
OOS Start Bar Index: 5062 | Time: 2023-05-09 18:00:00+00:00
ADF Test Result: p-value=0.1562 (Required < 0.05) | OLS Beta: -0.2211
Filter ON: Spread not stationary (p-value too high). Skipping optimization and OOS test.

--- Window 55 Boundary Check ---
IS Period RTH Bars: 228. Start: 2023-04-05 18:00:00+00:00 | End: 2023-05-31 17:00:00+00:00
OOS Start Bar Index: 5152 | Time: 2023-05-31 18:00:00+00:00
ADF Test Result: p-value=0.0063 (Required < 0.05) | OLS Beta: 1.7843
Filter OFF: Spread is stationary. Proceeding with optimization.
IS Optimization Time: 0.08 seconds.
Optimal Params (Sharpe=2.5752, Calmar=0.0000): Z_E=2.7, Z_X=1.5, Z_SL=3.3
📊 Persistence: Saved 14 PnL points to wfa_outputs\oos_equity_curve_AMD_MU_1h_20251105_162141_0.05.csv
OOS Period (2023-05-31 18:00:00+00:00 to 2023-06-22 17:00:00+00:00): PnL: $82.99 | Sharpe: 1.2532 | Calmar: 8.2158 | Trades: 10

--- Window 56 Boundary Check ---
IS Period RTH Bars: 228. Start: 2023-04-27 18:00:00+00:00 | End: 2023-06-22 17:00:00+00:00
OOS Start Bar Index: 5242 | Time: 2023-06-22 18:00:00+00:00
ADF Test Result: p-value=0.1274 (Required < 0.05) | OLS Beta: 2.2028
Filter ON: Spread not stationary (p-value too high). Skipping optimization and OOS test.

--- Window 57 Boundary Check ---
IS Period RTH Bars: 228. Start: 2023-05-18 18:00:00+00:00 | End: 2023-07-14 17:00:00+00:00
OOS Start Bar Index: 5332 | Time: 2023-07-14 18:00:00+00:00
ADF Test Result: p-value=0.1504 (Required < 0.05) | OLS Beta: 0.6553
Filter ON: Spread not stationary (p-value too high). Skipping optimization and OOS test.

--- Window 58 Boundary Check ---
IS Period RTH Bars: 228. Start: 2023-06-09 18:00:00+00:00 | End: 2023-08-04 17:00:00+00:00
OOS Start Bar Index: 5422 | Time: 2023-08-04 18:00:00+00:00
ADF Test Result: p-value=0.0981 (Required < 0.05) | OLS Beta: 0.2424
Filter ON: Spread not stationary (p-value too high). Skipping optimization and OOS test.

--- Window 59 Boundary Check ---
IS Period RTH Bars: 228. Start: 2023-07-03 18:00:00+00:00 | End: 2023-08-25 17:00:00+00:00
OOS Start Bar Index: 5512 | Time: 2023-08-25 18:00:00+00:00
ADF Test Result: p-value=0.2711 (Required < 0.05) | OLS Beta: 0.2645
Filter ON: Spread not stationary (p-value too high). Skipping optimization and OOS test.

--- Window 60 Boundary Check ---
IS Period RTH Bars: 228. Start: 2023-07-25 18:00:00+00:00 | End: 2023-09-18 17:00:00+00:00
OOS Start Bar Index: 5602 | Time: 2023-09-18 18:00:00+00:00
ADF Test Result: p-value=0.2434 (Required < 0.05) | OLS Beta: 0.3568
Filter ON: Spread not stationary (p-value too high). Skipping optimization and OOS test.

--- Window 61 Boundary Check ---
IS Period RTH Bars: 228. Start: 2023-08-15 18:00:00+00:00 | End: 2023-10-09 17:00:00+00:00
OOS Start Bar Index: 5692 | Time: 2023-10-09 18:00:00+00:00
ADF Test Result: p-value=0.0906 (Required < 0.05) | OLS Beta: 0.0356
Filter ON: Spread not stationary (p-value too high). Skipping optimization and OOS test.

--- Window 62 Boundary Check ---
IS Period RTH Bars: 228. Start: 2023-09-06 18:00:00+00:00 | End: 2023-10-30 17:00:00+00:00
OOS Start Bar Index: 5782 | Time: 2023-10-30 18:00:00+00:00
ADF Test Result: p-value=0.1986 (Required < 0.05) | OLS Beta: 1.1585
Filter ON: Spread not stationary (p-value too high). Skipping optimization and OOS test.

--- Window 63 Boundary Check ---
IS Period RTH Bars: 228. Start: 2023-09-27 18:00:00+00:00 | End: 2023-11-20 18:00:00+00:00
OOS Start Bar Index: 5872 | Time: 2023-11-20 19:00:00+00:00
ADF Test Result: p-value=0.0326 (Required < 0.05) | OLS Beta: 1.3048
Filter OFF: Spread is stationary. Proceeding with optimization.
IS Optimization Time: 0.07 seconds.
Optimal Params (Sharpe=4.9569, Calmar=0.0000): Z_E=2.1, Z_X=0.9, Z_SL=3.3
📊 Persistence: Saved 26 PnL points to wfa_outputs\oos_equity_curve_AMD_MU_1h_20251105_162141_0.05.csv
OOS Period (2023-11-20 19:00:00+00:00 to 2023-12-12 18:00:00+00:00): PnL: $-143.97 | Sharpe: -2.1989 | Calmar: -7.5127 | Trades: 12

--- Window 64 Boundary Check ---
IS Period RTH Bars: 228. Start: 2023-10-18 18:00:00+00:00 | End: 2023-12-12 18:00:00+00:00
OOS Start Bar Index: 5962 | Time: 2023-12-12 19:00:00+00:00
ADF Test Result: p-value=0.9773 (Required < 0.05) | OLS Beta: 1.5372
Filter ON: Spread not stationary (p-value too high). Skipping optimization and OOS test.

--- Window 65 Boundary Check ---
IS Period RTH Bars: 228. Start: 2023-11-08 19:00:00+00:00 | End: 2024-01-04 18:00:00+00:00
OOS Start Bar Index: 6052 | Time: 2024-01-04 19:00:00+00:00
ADF Test Result: p-value=0.2842 (Required < 0.05) | OLS Beta: 1.3430
Filter ON: Spread not stationary (p-value too high). Skipping optimization and OOS test.

--- Window 66 Boundary Check ---
IS Period RTH Bars: 228. Start: 2023-11-30 19:00:00+00:00 | End: 2024-01-26 18:00:00+00:00
OOS Start Bar Index: 6142 | Time: 2024-01-26 19:00:00+00:00
ADF Test Result: p-value=0.5842 (Required < 0.05) | OLS Beta: 1.6792
Filter ON: Spread not stationary (p-value too high). Skipping optimization and OOS test.

--- Window 67 Boundary Check ---
IS Period RTH Bars: 228. Start: 2023-12-21 19:00:00+00:00 | End: 2024-02-16 18:00:00+00:00
OOS Start Bar Index: 6232 | Time: 2024-02-16 19:00:00+00:00
ADF Test Result: p-value=0.8460 (Required < 0.05) | OLS Beta: 1.2486
Filter ON: Spread not stationary (p-value too high). Skipping optimization and OOS test.

--- Window 68 Boundary Check ---
IS Period RTH Bars: 228. Start: 2024-01-16 19:00:00+00:00 | End: 2024-03-11 17:00:00+00:00
OOS Start Bar Index: 6322 | Time: 2024-03-11 18:00:00+00:00
ADF Test Result: p-value=0.0743 (Required < 0.05) | OLS Beta: 1.1751
Filter ON: Spread not stationary (p-value too high). Skipping optimization and OOS test.

--- Window 69 Boundary Check ---
IS Period RTH Bars: 228. Start: 2024-02-06 19:00:00+00:00 | End: 2024-04-02 17:00:00+00:00
OOS Start Bar Index: 6412 | Time: 2024-04-02 18:00:00+00:00
ADF Test Result: p-value=0.5330 (Required < 0.05) | OLS Beta: 0.1462
Filter ON: Spread not stationary (p-value too high). Skipping optimization and OOS test.

--- Window 70 Boundary Check ---
IS Period RTH Bars: 228. Start: 2024-02-28 19:00:00+00:00 | End: 2024-04-23 17:00:00+00:00
OOS Start Bar Index: 6502 | Time: 2024-04-23 18:00:00+00:00
ADF Test Result: p-value=0.7295 (Required < 0.05) | OLS Beta: -0.4909
Filter ON: Spread not stationary (p-value too high). Skipping optimization and OOS test.

--- Window 71 Boundary Check ---
IS Period RTH Bars: 228. Start: 2024-03-20 18:00:00+00:00 | End: 2024-05-14 17:00:00+00:00
OOS Start Bar Index: 6592 | Time: 2024-05-14 18:00:00+00:00
ADF Test Result: p-value=0.0409 (Required < 0.05) | OLS Beta: 0.5618
Filter OFF: Spread is stationary. Proceeding with optimization.
IS Optimization Time: 0.07 seconds.
Optimal Params (Sharpe=4.2595, Calmar=0.0000): Z_E=2.3, Z_X=0.3, Z_SL=3.3
📊 Persistence: Saved 26 PnL points to wfa_outputs\oos_equity_curve_AMD_MU_1h_20251105_162141_0.05.csv
OOS Period (2024-05-14 18:00:00+00:00 to 2024-06-05 17:00:00+00:00): PnL: $0.00 | Sharpe: 0.0000 | Calmar: 0.0000 | Trades: 0

--- Window 72 Boundary Check ---
IS Period RTH Bars: 228. Start: 2024-04-11 18:00:00+00:00 | End: 2024-06-05 17:00:00+00:00
OOS Start Bar Index: 6682 | Time: 2024-06-05 18:00:00+00:00
ADF Test Result: p-value=0.0314 (Required < 0.05) | OLS Beta: 0.6098
Filter OFF: Spread is stationary. Proceeding with optimization.
IS Optimization Time: 0.06 seconds.
Optimal Params (Sharpe=-0.4031, Calmar=-1.1111): Z_E=2.1, Z_X=1.5, Z_SL=3.3
📊 Persistence: Saved 48 PnL points to wfa_outputs\oos_equity_curve_AMD_MU_1h_20251105_162141_0.05.csv
OOS Period (2024-06-05 18:00:00+00:00 to 2024-06-27 17:00:00+00:00): PnL: $-105.62 | Sharpe: -1.7923 | Calmar: -5.7898 | Trades: 22

--- Window 73 Boundary Check ---
IS Period RTH Bars: 228. Start: 2024-05-02 18:00:00+00:00 | End: 2024-06-27 17:00:00+00:00
OOS Start Bar Index: 6772 | Time: 2024-06-27 18:00:00+00:00
ADF Test Result: p-value=0.0476 (Required < 0.05) | OLS Beta: 0.1463
Filter OFF: Spread is stationary. Proceeding with optimization.
IS Optimization Time: 0.07 seconds.
Optimal Params (Sharpe=-0.6229, Calmar=-1.6654): Z_E=2.1, Z_X=1.3, Z_SL=3.3
📊 Persistence: Saved 61 PnL points to wfa_outputs\oos_equity_curve_AMD_MU_1h_20251105_162141_0.05.csv
OOS Period (2024-06-27 18:00:00+00:00 to 2024-07-19 17:00:00+00:00): PnL: $131.75 | Sharpe: 0.7856 | Calmar: 3.9835 | Trades: 13

--- Window 74 Boundary Check ---
IS Period RTH Bars: 228. Start: 2024-05-23 18:00:00+00:00 | End: 2024-07-19 17:00:00+00:00
OOS Start Bar Index: 6862 | Time: 2024-07-19 18:00:00+00:00
ADF Test Result: p-value=0.4552 (Required < 0.05) | OLS Beta: -0.0983
Filter ON: Spread not stationary (p-value too high). Skipping optimization and OOS test.

--- Window 75 Boundary Check ---
IS Period RTH Bars: 228. Start: 2024-06-14 18:00:00+00:00 | End: 2024-08-09 17:00:00+00:00
OOS Start Bar Index: 6952 | Time: 2024-08-09 18:00:00+00:00
ADF Test Result: p-value=0.3691 (Required < 0.05) | OLS Beta: 0.5233
Filter ON: Spread not stationary (p-value too high). Skipping optimization and OOS test.

--- Window 76 Boundary Check ---
IS Period RTH Bars: 228. Start: 2024-07-09 18:00:00+00:00 | End: 2024-08-30 17:00:00+00:00
OOS Start Bar Index: 7042 | Time: 2024-08-30 18:00:00+00:00
ADF Test Result: p-value=0.5425 (Required < 0.05) | OLS Beta: 0.7171
Filter ON: Spread not stationary (p-value too high). Skipping optimization and OOS test.

--- Window 77 Boundary Check ---
IS Period RTH Bars: 228. Start: 2024-07-30 18:00:00+00:00 | End: 2024-09-23 17:00:00+00:00
OOS Start Bar Index: 7132 | Time: 2024-09-23 18:00:00+00:00
ADF Test Result: p-value=0.5834 (Required < 0.05) | OLS Beta: 0.2499
Filter ON: Spread not stationary (p-value too high). Skipping optimization and OOS test.

--- Window 78 Boundary Check ---
IS Period RTH Bars: 228. Start: 2024-08-20 18:00:00+00:00 | End: 2024-10-14 17:00:00+00:00
OOS Start Bar Index: 7222 | Time: 2024-10-14 18:00:00+00:00
ADF Test Result: p-value=0.3651 (Required < 0.05) | OLS Beta: 0.6577
Filter ON: Spread not stationary (p-value too high). Skipping optimization and OOS test.

--- Window 79 Boundary Check ---
IS Period RTH Bars: 228. Start: 2024-09-11 18:00:00+00:00 | End: 2024-11-04 18:00:00+00:00
OOS Start Bar Index: 7312 | Time: 2024-11-04 19:00:00+00:00
ADF Test Result: p-value=0.8073 (Required < 0.05) | OLS Beta: 0.2276
Filter ON: Spread not stationary (p-value too high). Skipping optimization and OOS test.

--- Window 80 Boundary Check ---
IS Period RTH Bars: 228. Start: 2024-10-02 18:00:00+00:00 | End: 2024-11-25 18:00:00+00:00
OOS Start Bar Index: 7402 | Time: 2024-11-25 19:00:00+00:00
ADF Test Result: p-value=0.7149 (Required < 0.05) | OLS Beta: 0.6456
Filter ON: Spread not stationary (p-value too high). Skipping optimization and OOS test.

--- Window 81 Boundary Check ---
IS Period RTH Bars: 228. Start: 2024-10-23 18:00:00+00:00 | End: 2024-12-17 18:00:00+00:00
OOS Start Bar Index: 7492 | Time: 2024-12-17 19:00:00+00:00
ADF Test Result: p-value=0.8953 (Required < 0.05) | OLS Beta: 0.6397
Filter ON: Spread not stationary (p-value too high). Skipping optimization and OOS test.

############################################################
📈 OVERALL SIMULATION PERFORMANCE (Walk-Forward Test)
############################################################
Timeframe Used: 1Hour, Value: 1
ADF Cointegration Filter Threshold: 0.05
Total OOS Windows Tested: 81
Total Trades Executed: 61
--- Final Performance Metrics ---
Total PnL: $882.81
Overall Sharpe Ratio (Annualized): 0.1880
Overall Calmar Ratio (Annualized): 0.0412
Maximum Dollar Drawdown (MDD): $938.83

--- Execution Time ---
Total Elapsed Time: 55.74 seconds
############################################################
[0m