--- Dynamic Timeframe Configuration ---
TimeFrame Selected: 1Hour, Value: 1
Bars per Trading Day: 6
Annualization Factor (Bars/Year): 1512
Statistical Lookback Bars: 33
Optimization Lookback Bars: 292
---------------------------------------
--- Diagnostic Check ---
API Key ID Length: 26
API Secret Key Length: 44
StockHistoricalDataClient initialized successfully. Starting data fetch...
--------------------------
Pre-compiling Numba function for first run optimization...
Numba pre-compilation complete.
Fetching data from 2020-01-01 to 2024-12-30...
Fetching 1Hour data for FLS...
Fetching 1Hour data for FAST...
Data acquired successfully. Total 1Hour RTH bars: 7500
Skipping full pre-calculation. Metrics will be calculated inside the WFA loop.

============================================================
📈 Starting Rolling Backtest: IS Optimization Window=292 bars, Shift=15 days
   Data already processed with Statistical Rolling Window: 33 bars
   ADF Cointegration Filter: p-value < 0.1
============================================================

--- Window 1 Boundary Check ---
IS Period RTH Bars: 228. Start: 2020-01-16 19:00:00+00:00 | End: 2020-03-12 17:00:00+00:00
OOS Start Bar Index: 292 | Time: 2020-03-12 18:00:00+00:00
ADF Test Result: p-value=0.9396 (Required < 0.10) | OLS Beta: 2.2110
Filter ON: Spread not stationary (p-value too high). Skipping optimization and OOS test.

--- Window 2 Boundary Check ---
IS Period RTH Bars: 228. Start: 2020-02-07 19:00:00+00:00 | End: 2020-04-02 17:00:00+00:00
OOS Start Bar Index: 382 | Time: 2020-04-02 18:00:00+00:00
ADF Test Result: p-value=0.1181 (Required < 0.10) | OLS Beta: 3.3196
Filter ON: Spread not stationary (p-value too high). Skipping optimization and OOS test.

--- Window 3 Boundary Check ---
IS Period RTH Bars: 228. Start: 2020-03-02 19:00:00+00:00 | End: 2020-04-24 17:00:00+00:00
OOS Start Bar Index: 472 | Time: 2020-04-24 18:00:00+00:00
ADF Test Result: p-value=0.1916 (Required < 0.10) | OLS Beta: 1.5277
Filter ON: Spread not stationary (p-value too high). Skipping optimization and OOS test.

--- Window 4 Boundary Check ---
IS Period RTH Bars: 228. Start: 2020-03-23 18:00:00+00:00 | End: 2020-05-15 17:00:00+00:00
OOS Start Bar Index: 562 | Time: 2020-05-15 18:00:00+00:00
ADF Test Result: p-value=0.2528 (Required < 0.10) | OLS Beta: 0.4068
Filter ON: Spread not stationary (p-value too high). Skipping optimization and OOS test.

--- Window 5 Boundary Check ---
IS Period RTH Bars: 228. Start: 2020-04-14 18:00:00+00:00 | End: 2020-06-08 17:00:00+00:00
OOS Start Bar Index: 652 | Time: 2020-06-08 18:00:00+00:00
ADF Test Result: p-value=0.6647 (Required < 0.10) | OLS Beta: 0.6528
Filter ON: Spread not stationary (p-value too high). Skipping optimization and OOS test.

--- Window 6 Boundary Check ---
IS Period RTH Bars: 228. Start: 2020-05-05 18:00:00+00:00 | End: 2020-06-29 17:00:00+00:00
OOS Start Bar Index: 742 | Time: 2020-06-29 18:00:00+00:00
ADF Test Result: p-value=0.0171 (Required < 0.10) | OLS Beta: 1.7508
Filter OFF: Spread is stationary. Proceeding with optimization.
IS Optimization Time: 0.02 seconds.
Optimal Params (Sharpe=4.5608, Calmar=84.1562): Z_E=2.5, Z_X=0.5, Z_SL=3.3
📊 Persistence: Saved 0 PnL points to wfa_outputs\oos_equity_curve_FLS_FAST_1h_20251109_014222_0.1.csv
OOS Period (2020-06-29 18:00:00+00:00 to 2020-07-21 17:00:00+00:00): PnL: $0.00 | Sharpe: 0.0000 | Calmar: 0.0000 | Trades: 0

--- Window 7 Boundary Check ---
IS Period RTH Bars: 228. Start: 2020-05-27 18:00:00+00:00 | End: 2020-07-21 17:00:00+00:00
OOS Start Bar Index: 832 | Time: 2020-07-21 18:00:00+00:00
ADF Test Result: p-value=0.1318 (Required < 0.10) | OLS Beta: 0.9708
Filter ON: Spread not stationary (p-value too high). Skipping optimization and OOS test.

--- Window 8 Boundary Check ---
IS Period RTH Bars: 228. Start: 2020-06-17 18:00:00+00:00 | End: 2020-08-11 17:00:00+00:00
OOS Start Bar Index: 922 | Time: 2020-08-11 18:00:00+00:00
ADF Test Result: p-value=0.2904 (Required < 0.10) | OLS Beta: 0.5691
Filter ON: Spread not stationary (p-value too high). Skipping optimization and OOS test.

--- Window 9 Boundary Check ---
IS Period RTH Bars: 228. Start: 2020-07-09 18:00:00+00:00 | End: 2020-09-01 17:00:00+00:00
OOS Start Bar Index: 1012 | Time: 2020-09-01 18:00:00+00:00
ADF Test Result: p-value=0.1538 (Required < 0.10) | OLS Beta: 0.3162
Filter ON: Spread not stationary (p-value too high). Skipping optimization and OOS test.

--- Window 10 Boundary Check ---
IS Period RTH Bars: 228. Start: 2020-07-30 18:00:00+00:00 | End: 2020-09-23 17:00:00+00:00
OOS Start Bar Index: 1102 | Time: 2020-09-23 18:00:00+00:00
ADF Test Result: p-value=0.2297 (Required < 0.10) | OLS Beta: 0.7466
Filter ON: Spread not stationary (p-value too high). Skipping optimization and OOS test.

--- Window 11 Boundary Check ---
IS Period RTH Bars: 228. Start: 2020-08-20 18:00:00+00:00 | End: 2020-10-14 17:00:00+00:00
OOS Start Bar Index: 1192 | Time: 2020-10-14 18:00:00+00:00
ADF Test Result: p-value=0.1253 (Required < 0.10) | OLS Beta: 0.7004
Filter ON: Spread not stationary (p-value too high). Skipping optimization and OOS test.

--- Window 12 Boundary Check ---
IS Period RTH Bars: 228. Start: 2020-09-11 18:00:00+00:00 | End: 2020-11-04 18:00:00+00:00
OOS Start Bar Index: 1282 | Time: 2020-11-04 19:00:00+00:00
ADF Test Result: p-value=0.4587 (Required < 0.10) | OLS Beta: 0.3382
Filter ON: Spread not stationary (p-value too high). Skipping optimization and OOS test.

--- Window 13 Boundary Check ---
IS Period RTH Bars: 228. Start: 2020-10-02 18:00:00+00:00 | End: 2020-11-25 18:00:00+00:00
OOS Start Bar Index: 1372 | Time: 2020-11-25 19:00:00+00:00
ADF Test Result: p-value=0.3261 (Required < 0.10) | OLS Beta: 1.4401
Filter ON: Spread not stationary (p-value too high). Skipping optimization and OOS test.

--- Window 14 Boundary Check ---
IS Period RTH Bars: 228. Start: 2020-10-23 18:00:00+00:00 | End: 2020-12-17 20:00:00+00:00
OOS Start Bar Index: 1462 | Time: 2020-12-18 15:00:00+00:00
ADF Test Result: p-value=0.0424 (Required < 0.10) | OLS Beta: 1.7146
Filter OFF: Spread is stationary. Proceeding with optimization.
IS Optimization Time: 0.02 seconds.
Optimal Params (Sharpe=5.2533, Calmar=1331.7373): Z_E=1.9, Z_X=0.5, Z_SL=3.3
📊 Persistence: Saved 1 PnL points to wfa_outputs\oos_equity_curve_FLS_FAST_1h_20251109_014222_0.1.csv
OOS Period (2020-12-18 15:00:00+00:00 to 2021-01-12 16:00:00+00:00): PnL: $262.74 | Sharpe: 4.1217 | Calmar: 0.0000 | Trades: 1

--- Window 15 Boundary Check ---
IS Period RTH Bars: 228. Start: 2020-11-13 19:00:00+00:00 | End: 2021-01-12 16:00:00+00:00
OOS Start Bar Index: 1552 | Time: 2021-01-12 17:00:00+00:00
ADF Test Result: p-value=0.0596 (Required < 0.10) | OLS Beta: 1.7568
Filter OFF: Spread is stationary. Proceeding with optimization.
IS Optimization Time: 0.02 seconds.
Optimal Params (Sharpe=3.9826, Calmar=1001.3797): Z_E=1.9, Z_X=0.3, Z_SL=3.3
📊 Persistence: Saved 24 PnL points to wfa_outputs\oos_equity_curve_FLS_FAST_1h_20251109_014222_0.1.csv
OOS Period (2021-01-12 17:00:00+00:00 to 2021-02-03 16:00:00+00:00): PnL: $299.65 | Sharpe: 3.9957 | Calmar: 49.3923 | Trades: 23

--- Window 16 Boundary Check ---
IS Period RTH Bars: 228. Start: 2020-12-08 15:00:00+00:00 | End: 2021-02-03 16:00:00+00:00
OOS Start Bar Index: 1642 | Time: 2021-02-03 17:00:00+00:00
ADF Test Result: p-value=0.0116 (Required < 0.10) | OLS Beta: 0.2993
Filter OFF: Spread is stationary. Proceeding with optimization.
IS Optimization Time: 0.02 seconds.
Optimal Params (Sharpe=3.2752, Calmar=0.0000): Z_E=2.7, Z_X=1.3, Z_SL=3.3
📊 Persistence: Saved 34 PnL points to wfa_outputs\oos_equity_curve_FLS_FAST_1h_20251109_014222_0.1.csv
OOS Period (2021-02-03 17:00:00+00:00 to 2021-02-25 16:00:00+00:00): PnL: $-94.14 | Sharpe: -1.5021 | Calmar: -5.4227 | Trades: 10

--- Window 17 Boundary Check ---
IS Period RTH Bars: 228. Start: 2020-12-30 17:00:00+00:00 | End: 2021-02-25 16:00:00+00:00
OOS Start Bar Index: 1732 | Time: 2021-02-25 17:00:00+00:00
ADF Test Result: p-value=0.1318 (Required < 0.10) | OLS Beta: -0.0105
Filter ON: Spread not stationary (p-value too high). Skipping optimization and OOS test.

--- Window 18 Boundary Check ---
IS Period RTH Bars: 228. Start: 2021-01-22 17:00:00+00:00 | End: 2021-03-18 15:00:00+00:00
OOS Start Bar Index: 1822 | Time: 2021-03-18 16:00:00+00:00
ADF Test Result: p-value=0.6066 (Required < 0.10) | OLS Beta: 0.0190
Filter ON: Spread not stationary (p-value too high). Skipping optimization and OOS test.

--- Window 19 Boundary Check ---
IS Period RTH Bars: 228. Start: 2021-02-12 17:00:00+00:00 | End: 2021-04-09 15:00:00+00:00
OOS Start Bar Index: 1912 | Time: 2021-04-09 16:00:00+00:00
ADF Test Result: p-value=0.0447 (Required < 0.10) | OLS Beta: 0.0440
Filter OFF: Spread is stationary. Proceeding with optimization.
IS Optimization Time: 0.02 seconds.
Optimal Params (Sharpe=5.1459, Calmar=0.0000): Z_E=2.3, Z_X=1.3, Z_SL=3.3
📊 Persistence: Saved 34 PnL points to wfa_outputs\oos_equity_curve_FLS_FAST_1h_20251109_014222_0.1.csv
OOS Period (2021-04-09 16:00:00+00:00 to 2021-05-03 15:00:00+00:00): PnL: $0.00 | Sharpe: 0.0000 | Calmar: 0.0000 | Trades: 0

--- Window 20 Boundary Check ---
IS Period RTH Bars: 228. Start: 2021-03-08 17:00:00+00:00 | End: 2021-05-03 15:00:00+00:00
OOS Start Bar Index: 2002 | Time: 2021-05-03 16:00:00+00:00
ADF Test Result: p-value=0.0060 (Required < 0.10) | OLS Beta: -0.0032
Filter OFF: Spread is stationary. Proceeding with optimization.
IS Optimization Time: 0.02 seconds.
Optimal Params (Sharpe=6.0973, Calmar=0.0000): Z_E=1.9, Z_X=1.1, Z_SL=3.3
📊 Persistence: Saved 49 PnL points to wfa_outputs\oos_equity_curve_FLS_FAST_1h_20251109_014222_0.1.csv
OOS Period (2021-05-03 16:00:00+00:00 to 2021-05-24 15:00:00+00:00): PnL: $-497.13 | Sharpe: -4.9392 | Calmar: -10.7674 | Trades: 15

--- Window 21 Boundary Check ---
IS Period RTH Bars: 228. Start: 2021-03-29 16:00:00+00:00 | End: 2021-05-24 15:00:00+00:00
OOS Start Bar Index: 2092 | Time: 2021-05-24 16:00:00+00:00
ADF Test Result: p-value=0.0481 (Required < 0.10) | OLS Beta: 0.9925
Filter OFF: Spread is stationary. Proceeding with optimization.
IS Optimization Time: 0.02 seconds.
Optimal Params (Sharpe=5.1106, Calmar=238.2988): Z_E=1.9, Z_X=1.1, Z_SL=3.3
📊 Persistence: Saved 53 PnL points to wfa_outputs\oos_equity_curve_FLS_FAST_1h_20251109_014222_0.1.csv
OOS Period (2021-05-24 16:00:00+00:00 to 2021-06-15 15:00:00+00:00): PnL: $-19.24 | Sharpe: -0.6109 | Calmar: -2.8113 | Trades: 4

--- Window 22 Boundary Check ---
IS Period RTH Bars: 228. Start: 2021-04-21 16:00:00+00:00 | End: 2021-06-15 15:00:00+00:00
OOS Start Bar Index: 2182 | Time: 2021-06-15 16:00:00+00:00
ADF Test Result: p-value=0.6260 (Required < 0.10) | OLS Beta: 1.2070
Filter ON: Spread not stationary (p-value too high). Skipping optimization and OOS test.

--- Window 23 Boundary Check ---
IS Period RTH Bars: 228. Start: 2021-05-12 16:00:00+00:00 | End: 2021-07-07 15:00:00+00:00
OOS Start Bar Index: 2272 | Time: 2021-07-07 16:00:00+00:00
ADF Test Result: p-value=0.6645 (Required < 0.10) | OLS Beta: 1.2210
Filter ON: Spread not stationary (p-value too high). Skipping optimization and OOS test.

--- Window 24 Boundary Check ---
IS Period RTH Bars: 228. Start: 2021-06-03 16:00:00+00:00 | End: 2021-07-28 15:00:00+00:00
OOS Start Bar Index: 2362 | Time: 2021-07-28 16:00:00+00:00
ADF Test Result: p-value=0.3344 (Required < 0.10) | OLS Beta: 0.5163
Filter ON: Spread not stationary (p-value too high). Skipping optimization and OOS test.

--- Window 25 Boundary Check ---
IS Period RTH Bars: 228. Start: 2021-06-24 16:00:00+00:00 | End: 2021-08-18 15:00:00+00:00
OOS Start Bar Index: 2452 | Time: 2021-08-18 16:00:00+00:00
ADF Test Result: p-value=0.5133 (Required < 0.10) | OLS Beta: 0.2188
Filter ON: Spread not stationary (p-value too high). Skipping optimization and OOS test.

--- Window 26 Boundary Check ---
IS Period RTH Bars: 228. Start: 2021-07-16 16:00:00+00:00 | End: 2021-09-09 15:00:00+00:00
OOS Start Bar Index: 2542 | Time: 2021-09-09 16:00:00+00:00
ADF Test Result: p-value=0.8215 (Required < 0.10) | OLS Beta: -0.6286
Filter ON: Spread not stationary (p-value too high). Skipping optimization and OOS test.

--- Window 27 Boundary Check ---
IS Period RTH Bars: 228. Start: 2021-08-06 16:00:00+00:00 | End: 2021-09-30 15:00:00+00:00
OOS Start Bar Index: 2632 | Time: 2021-09-30 16:00:00+00:00
ADF Test Result: p-value=0.0813 (Required < 0.10) | OLS Beta: 1.9889
Filter OFF: Spread is stationary. Proceeding with optimization.
IS Optimization Time: 0.02 seconds.
Optimal Params (Sharpe=3.9787, Calmar=0.0000): Z_E=2.7, Z_X=1.3, Z_SL=3.3
📊 Persistence: Saved 57 PnL points to wfa_outputs\oos_equity_curve_FLS_FAST_1h_20251109_014222_0.1.csv
OOS Period (2021-09-30 16:00:00+00:00 to 2021-10-21 15:00:00+00:00): PnL: $456.96 | Sharpe: 6.9497 | Calmar: 0.0000 | Trades: 4

--- Window 28 Boundary Check ---
IS Period RTH Bars: 228. Start: 2021-08-27 16:00:00+00:00 | End: 2021-10-21 15:00:00+00:00
OOS Start Bar Index: 2722 | Time: 2021-10-21 16:00:00+00:00
ADF Test Result: p-value=0.0712 (Required < 0.10) | OLS Beta: 1.0303
Filter OFF: Spread is stationary. Proceeding with optimization.
IS Optimization Time: 0.02 seconds.
Optimal Params (Sharpe=2.5752, Calmar=0.0000): Z_E=3.3, Z_X=1.3, Z_SL=3.6
📊 Persistence: Saved 90 PnL points to wfa_outputs\oos_equity_curve_FLS_FAST_1h_20251109_014222_0.1.csv
OOS Period (2021-10-21 16:00:00+00:00 to 2021-11-12 16:00:00+00:00): PnL: $-205.68 | Sharpe: -3.2242 | Calmar: -9.1862 | Trades: 33

--- Window 29 Boundary Check ---
IS Period RTH Bars: 228. Start: 2021-09-20 16:00:00+00:00 | End: 2021-11-12 16:00:00+00:00
OOS Start Bar Index: 2812 | Time: 2021-11-12 17:00:00+00:00
ADF Test Result: p-value=0.1982 (Required < 0.10) | OLS Beta: -0.2347
Filter ON: Spread not stationary (p-value too high). Skipping optimization and OOS test.

--- Window 30 Boundary Check ---
IS Period RTH Bars: 228. Start: 2021-10-11 16:00:00+00:00 | End: 2021-12-06 18:00:00+00:00
OOS Start Bar Index: 2902 | Time: 2021-12-06 19:00:00+00:00
ADF Test Result: p-value=0.1910 (Required < 0.10) | OLS Beta: -0.9539
Filter ON: Spread not stationary (p-value too high). Skipping optimization and OOS test.

--- Window 31 Boundary Check ---
IS Period RTH Bars: 228. Start: 2021-11-02 16:00:00+00:00 | End: 2021-12-28 18:00:00+00:00
OOS Start Bar Index: 2992 | Time: 2021-12-28 19:00:00+00:00
ADF Test Result: p-value=0.1602 (Required < 0.10) | OLS Beta: -0.9922
Filter ON: Spread not stationary (p-value too high). Skipping optimization and OOS test.

--- Window 32 Boundary Check ---
IS Period RTH Bars: 228. Start: 2021-11-23 17:00:00+00:00 | End: 2022-01-19 18:00:00+00:00
OOS Start Bar Index: 3082 | Time: 2022-01-19 19:00:00+00:00
ADF Test Result: p-value=0.1643 (Required < 0.10) | OLS Beta: -0.3493
Filter ON: Spread not stationary (p-value too high). Skipping optimization and OOS test.

--- Window 33 Boundary Check ---
IS Period RTH Bars: 228. Start: 2021-12-15 19:00:00+00:00 | End: 2022-02-09 18:00:00+00:00
OOS Start Bar Index: 3172 | Time: 2022-02-09 19:00:00+00:00
ADF Test Result: p-value=0.1381 (Required < 0.10) | OLS Beta: -0.5004
Filter ON: Spread not stationary (p-value too high). Skipping optimization and OOS test.

--- Window 34 Boundary Check ---
IS Period RTH Bars: 228. Start: 2022-01-06 19:00:00+00:00 | End: 2022-03-03 18:00:00+00:00
OOS Start Bar Index: 3262 | Time: 2022-03-03 19:00:00+00:00
ADF Test Result: p-value=0.1199 (Required < 0.10) | OLS Beta: 0.1229
Filter ON: Spread not stationary (p-value too high). Skipping optimization and OOS test.

--- Window 35 Boundary Check ---
IS Period RTH Bars: 228. Start: 2022-01-28 19:00:00+00:00 | End: 2022-03-25 17:00:00+00:00
OOS Start Bar Index: 3352 | Time: 2022-03-25 18:00:00+00:00
ADF Test Result: p-value=0.1659 (Required < 0.10) | OLS Beta: 0.6358
Filter ON: Spread not stationary (p-value too high). Skipping optimization and OOS test.

--- Window 36 Boundary Check ---
IS Period RTH Bars: 228. Start: 2022-02-18 19:00:00+00:00 | End: 2022-04-18 17:00:00+00:00
OOS Start Bar Index: 3442 | Time: 2022-04-18 18:00:00+00:00
ADF Test Result: p-value=0.2865 (Required < 0.10) | OLS Beta: 1.0170
Filter ON: Spread not stationary (p-value too high). Skipping optimization and OOS test.

--- Window 37 Boundary Check ---
IS Period RTH Bars: 228. Start: 2022-03-15 18:00:00+00:00 | End: 2022-05-09 17:00:00+00:00
OOS Start Bar Index: 3532 | Time: 2022-05-09 18:00:00+00:00
ADF Test Result: p-value=0.4490 (Required < 0.10) | OLS Beta: 1.1939
Filter ON: Spread not stationary (p-value too high). Skipping optimization and OOS test.

--- Window 38 Boundary Check ---
IS Period RTH Bars: 228. Start: 2022-04-05 18:00:00+00:00 | End: 2022-05-31 17:00:00+00:00
OOS Start Bar Index: 3622 | Time: 2022-05-31 18:00:00+00:00
ADF Test Result: p-value=0.3146 (Required < 0.10) | OLS Beta: 1.5382
Filter ON: Spread not stationary (p-value too high). Skipping optimization and OOS test.

--- Window 39 Boundary Check ---
IS Period RTH Bars: 228. Start: 2022-04-27 18:00:00+00:00 | End: 2022-06-22 17:00:00+00:00
OOS Start Bar Index: 3712 | Time: 2022-06-22 18:00:00+00:00
ADF Test Result: p-value=0.0132 (Required < 0.10) | OLS Beta: 1.0012
Filter OFF: Spread is stationary. Proceeding with optimization.
IS Optimization Time: 0.02 seconds.
Optimal Params (Sharpe=3.8558, Calmar=54.2730): Z_E=1.9, Z_X=0.3, Z_SL=3.3
📊 Persistence: Saved 92 PnL points to wfa_outputs\oos_equity_curve_FLS_FAST_1h_20251109_014222_0.1.csv
OOS Period (2022-06-22 18:00:00+00:00 to 2022-07-14 17:00:00+00:00): PnL: $430.91 | Sharpe: 5.7116 | Calmar: 0.0000 | Trades: 2

--- Window 40 Boundary Check ---
IS Period RTH Bars: 228. Start: 2022-05-18 18:00:00+00:00 | End: 2022-07-14 17:00:00+00:00
OOS Start Bar Index: 3802 | Time: 2022-07-14 18:00:00+00:00
ADF Test Result: p-value=0.0059 (Required < 0.10) | OLS Beta: 1.0002
Filter OFF: Spread is stationary. Proceeding with optimization.
IS Optimization Time: 0.02 seconds.
Optimal Params (Sharpe=3.6386, Calmar=0.0000): Z_E=2.9, Z_X=0.3, Z_SL=3.3
📊 Persistence: Saved 122 PnL points to wfa_outputs\oos_equity_curve_FLS_FAST_1h_20251109_014222_0.1.csv
OOS Period (2022-07-14 18:00:00+00:00 to 2022-08-04 17:00:00+00:00): PnL: $-96.66 | Sharpe: -2.4677 | Calmar: -7.4970 | Trades: 30

--- Window 41 Boundary Check ---
IS Period RTH Bars: 228. Start: 2022-06-09 18:00:00+00:00 | End: 2022-08-04 17:00:00+00:00
OOS Start Bar Index: 3892 | Time: 2022-08-04 18:00:00+00:00
ADF Test Result: p-value=0.7969 (Required < 0.10) | OLS Beta: 1.1137
Filter ON: Spread not stationary (p-value too high). Skipping optimization and OOS test.

--- Window 42 Boundary Check ---
IS Period RTH Bars: 228. Start: 2022-07-01 18:00:00+00:00 | End: 2022-08-25 17:00:00+00:00
OOS Start Bar Index: 3982 | Time: 2022-08-25 18:00:00+00:00
ADF Test Result: p-value=0.5242 (Required < 0.10) | OLS Beta: 1.2345
Filter ON: Spread not stationary (p-value too high). Skipping optimization and OOS test.

--- Window 43 Boundary Check ---
IS Period RTH Bars: 228. Start: 2022-07-25 18:00:00+00:00 | End: 2022-09-16 17:00:00+00:00
OOS Start Bar Index: 4072 | Time: 2022-09-16 18:00:00+00:00
ADF Test Result: p-value=0.7474 (Required < 0.10) | OLS Beta: 1.0861
Filter ON: Spread not stationary (p-value too high). Skipping optimization and OOS test.

--- Window 44 Boundary Check ---
IS Period RTH Bars: 228. Start: 2022-08-15 18:00:00+00:00 | End: 2022-10-07 17:00:00+00:00
OOS Start Bar Index: 4162 | Time: 2022-10-07 18:00:00+00:00
ADF Test Result: p-value=0.3434 (Required < 0.10) | OLS Beta: 1.8119
Filter ON: Spread not stationary (p-value too high). Skipping optimization and OOS test.

--- Window 45 Boundary Check ---
IS Period RTH Bars: 228. Start: 2022-09-06 18:00:00+00:00 | End: 2022-10-28 17:00:00+00:00
OOS Start Bar Index: 4252 | Time: 2022-10-28 18:00:00+00:00
ADF Test Result: p-value=0.2352 (Required < 0.10) | OLS Beta: 1.8180
Filter ON: Spread not stationary (p-value too high). Skipping optimization and OOS test.

--- Window 46 Boundary Check ---
IS Period RTH Bars: 228. Start: 2022-09-27 18:00:00+00:00 | End: 2022-11-18 18:00:00+00:00
OOS Start Bar Index: 4342 | Time: 2022-11-18 19:00:00+00:00
ADF Test Result: p-value=0.0273 (Required < 0.10) | OLS Beta: 1.9932
Filter OFF: Spread is stationary. Proceeding with optimization.
IS Optimization Time: 0.02 seconds.
Optimal Params (Sharpe=3.3740, Calmar=0.0000): Z_E=3.1, Z_X=1.1, Z_SL=3.3
📊 Persistence: Saved 122 PnL points to wfa_outputs\oos_equity_curve_FLS_FAST_1h_20251109_014222_0.1.csv
OOS Period (2022-11-18 19:00:00+00:00 to 2022-12-12 20:00:00+00:00): PnL: $0.00 | Sharpe: 0.0000 | Calmar: 0.0000 | Trades: 0

--- Window 47 Boundary Check ---
IS Period RTH Bars: 228. Start: 2022-10-18 18:00:00+00:00 | End: 2022-12-12 20:00:00+00:00
OOS Start Bar Index: 4432 | Time: 2022-12-13 15:00:00+00:00
ADF Test Result: p-value=0.0072 (Required < 0.10) | OLS Beta: 1.5202
Filter OFF: Spread is stationary. Proceeding with optimization.
IS Optimization Time: 0.02 seconds.
Optimal Params (Sharpe=2.5752, Calmar=0.0000): Z_E=3.1, Z_X=0.3, Z_SL=3.3
📊 Persistence: Saved 141 PnL points to wfa_outputs\oos_equity_curve_FLS_FAST_1h_20251109_014222_0.1.csv
OOS Period (2022-12-13 15:00:00+00:00 to 2023-01-04 20:00:00+00:00): PnL: $-70.21 | Sharpe: -3.5339 | Calmar: -8.4140 | Trades: 19

--- Window 48 Boundary Check ---
IS Period RTH Bars: 228. Start: 2022-11-08 19:00:00+00:00 | End: 2023-01-04 20:00:00+00:00
OOS Start Bar Index: 4522 | Time: 2023-01-05 15:00:00+00:00
ADF Test Result: p-value=0.1462 (Required < 0.10) | OLS Beta: 0.5319
Filter ON: Spread not stationary (p-value too high). Skipping optimization and OOS test.

--- Window 49 Boundary Check ---
IS Period RTH Bars: 228. Start: 2022-12-01 15:00:00+00:00 | End: 2023-01-26 20:00:00+00:00
OOS Start Bar Index: 4612 | Time: 2023-01-27 15:00:00+00:00
ADF Test Result: p-value=0.8272 (Required < 0.10) | OLS Beta: 0.1450
Filter ON: Spread not stationary (p-value too high). Skipping optimization and OOS test.

--- Window 50 Boundary Check ---
IS Period RTH Bars: 228. Start: 2022-12-22 15:00:00+00:00 | End: 2023-02-16 20:00:00+00:00
OOS Start Bar Index: 4702 | Time: 2023-02-17 15:00:00+00:00
ADF Test Result: p-value=0.1346 (Required < 0.10) | OLS Beta: 0.9984
Filter ON: Spread not stationary (p-value too high). Skipping optimization and OOS test.

--- Window 51 Boundary Check ---
IS Period RTH Bars: 228. Start: 2023-01-17 15:00:00+00:00 | End: 2023-03-10 20:00:00+00:00
OOS Start Bar Index: 4792 | Time: 2023-03-13 14:00:00+00:00
ADF Test Result: p-value=0.3782 (Required < 0.10) | OLS Beta: 0.5033
Filter ON: Spread not stationary (p-value too high). Skipping optimization and OOS test.

--- Window 52 Boundary Check ---
IS Period RTH Bars: 228. Start: 2023-02-07 15:00:00+00:00 | End: 2023-03-31 19:00:00+00:00
OOS Start Bar Index: 4882 | Time: 2023-04-03 14:00:00+00:00
ADF Test Result: p-value=0.6610 (Required < 0.10) | OLS Beta: 0.7509
Filter ON: Spread not stationary (p-value too high). Skipping optimization and OOS test.

--- Window 53 Boundary Check ---
IS Period RTH Bars: 228. Start: 2023-03-01 15:00:00+00:00 | End: 2023-04-24 19:00:00+00:00
OOS Start Bar Index: 4972 | Time: 2023-04-25 14:00:00+00:00
ADF Test Result: p-value=0.1351 (Required < 0.10) | OLS Beta: 1.0238
Filter ON: Spread not stationary (p-value too high). Skipping optimization and OOS test.

--- Window 54 Boundary Check ---
IS Period RTH Bars: 228. Start: 2023-03-22 14:00:00+00:00 | End: 2023-05-15 19:00:00+00:00
OOS Start Bar Index: 5062 | Time: 2023-05-16 14:00:00+00:00
ADF Test Result: p-value=0.3781 (Required < 0.10) | OLS Beta: 1.4581
Filter ON: Spread not stationary (p-value too high). Skipping optimization and OOS test.

--- Window 55 Boundary Check ---
IS Period RTH Bars: 228. Start: 2023-04-13 14:00:00+00:00 | End: 2023-06-06 19:00:00+00:00
OOS Start Bar Index: 5152 | Time: 2023-06-07 14:00:00+00:00
ADF Test Result: p-value=0.3434 (Required < 0.10) | OLS Beta: 1.1598
Filter ON: Spread not stationary (p-value too high). Skipping optimization and OOS test.

--- Window 56 Boundary Check ---
IS Period RTH Bars: 228. Start: 2023-05-04 14:00:00+00:00 | End: 2023-06-28 19:00:00+00:00
OOS Start Bar Index: 5242 | Time: 2023-06-29 14:00:00+00:00
ADF Test Result: p-value=0.3350 (Required < 0.10) | OLS Beta: 0.8104
Filter ON: Spread not stationary (p-value too high). Skipping optimization and OOS test.

--- Window 57 Boundary Check ---
IS Period RTH Bars: 228. Start: 2023-05-25 14:00:00+00:00 | End: 2023-07-21 15:00:00+00:00
OOS Start Bar Index: 5332 | Time: 2023-07-21 16:00:00+00:00
ADF Test Result: p-value=0.2824 (Required < 0.10) | OLS Beta: 1.0819
Filter ON: Spread not stationary (p-value too high). Skipping optimization and OOS test.

--- Window 58 Boundary Check ---
IS Period RTH Bars: 228. Start: 2023-06-16 14:00:00+00:00 | End: 2023-08-11 15:00:00+00:00
OOS Start Bar Index: 5422 | Time: 2023-08-11 16:00:00+00:00
ADF Test Result: p-value=0.6926 (Required < 0.10) | OLS Beta: -0.0413
Filter ON: Spread not stationary (p-value too high). Skipping optimization and OOS test.

--- Window 59 Boundary Check ---
IS Period RTH Bars: 228. Start: 2023-07-11 16:00:00+00:00 | End: 2023-09-01 15:00:00+00:00
OOS Start Bar Index: 5512 | Time: 2023-09-01 16:00:00+00:00
ADF Test Result: p-value=0.5631 (Required < 0.10) | OLS Beta: -0.3864
Filter ON: Spread not stationary (p-value too high). Skipping optimization and OOS test.

--- Window 60 Boundary Check ---
IS Period RTH Bars: 228. Start: 2023-08-01 16:00:00+00:00 | End: 2023-09-25 15:00:00+00:00
OOS Start Bar Index: 5602 | Time: 2023-09-25 16:00:00+00:00
ADF Test Result: p-value=0.2535 (Required < 0.10) | OLS Beta: -0.3786
Filter ON: Spread not stationary (p-value too high). Skipping optimization and OOS test.

--- Window 61 Boundary Check ---
IS Period RTH Bars: 228. Start: 2023-08-22 16:00:00+00:00 | End: 2023-10-16 15:00:00+00:00
OOS Start Bar Index: 5692 | Time: 2023-10-16 16:00:00+00:00
ADF Test Result: p-value=0.0349 (Required < 0.10) | OLS Beta: -0.1905
Filter OFF: Spread is stationary. Proceeding with optimization.
IS Optimization Time: 0.02 seconds.
Optimal Params (Sharpe=2.8467, Calmar=54.8407): Z_E=3.3, Z_X=0.3, Z_SL=3.6
📊 Persistence: Saved 150 PnL points to wfa_outputs\oos_equity_curve_FLS_FAST_1h_20251109_014222_0.1.csv
OOS Period (2023-10-16 16:00:00+00:00 to 2023-11-06 16:00:00+00:00): PnL: $-574.94 | Sharpe: -6.3115 | Calmar: -10.1502 | Trades: 9

--- Window 62 Boundary Check ---
IS Period RTH Bars: 228. Start: 2023-09-13 16:00:00+00:00 | End: 2023-11-06 16:00:00+00:00
OOS Start Bar Index: 5782 | Time: 2023-11-06 17:00:00+00:00
ADF Test Result: p-value=0.2659 (Required < 0.10) | OLS Beta: -0.4080
Filter ON: Spread not stationary (p-value too high). Skipping optimization and OOS test.

--- Window 63 Boundary Check ---
IS Period RTH Bars: 228. Start: 2023-10-04 16:00:00+00:00 | End: 2023-11-28 18:00:00+00:00
OOS Start Bar Index: 5872 | Time: 2023-11-28 19:00:00+00:00
ADF Test Result: p-value=0.2490 (Required < 0.10) | OLS Beta: 0.1399
Filter ON: Spread not stationary (p-value too high). Skipping optimization and OOS test.

--- Window 64 Boundary Check ---
IS Period RTH Bars: 228. Start: 2023-10-25 16:00:00+00:00 | End: 2023-12-19 18:00:00+00:00
OOS Start Bar Index: 5962 | Time: 2023-12-19 19:00:00+00:00
ADF Test Result: p-value=0.0015 (Required < 0.10) | OLS Beta: 0.7575
Filter OFF: Spread is stationary. Proceeding with optimization.
IS Optimization Time: 0.02 seconds.
Optimal Params (Sharpe=3.8812, Calmar=25.9430): Z_E=1.9, Z_X=0.3, Z_SL=3.3
📊 Persistence: Saved 151 PnL points to wfa_outputs\oos_equity_curve_FLS_FAST_1h_20251109_014222_0.1.csv
OOS Period (2023-12-19 19:00:00+00:00 to 2024-01-11 18:00:00+00:00): PnL: $43.08 | Sharpe: 4.1217 | Calmar: 0.0000 | Trades: 1

--- Window 65 Boundary Check ---
IS Period RTH Bars: 228. Start: 2023-11-15 17:00:00+00:00 | End: 2024-01-11 18:00:00+00:00
OOS Start Bar Index: 6052 | Time: 2024-01-11 19:00:00+00:00
ADF Test Result: p-value=0.1532 (Required < 0.10) | OLS Beta: 0.9086
Filter ON: Spread not stationary (p-value too high). Skipping optimization and OOS test.

--- Window 66 Boundary Check ---
IS Period RTH Bars: 228. Start: 2023-12-07 19:00:00+00:00 | End: 2024-02-02 18:00:00+00:00
OOS Start Bar Index: 6142 | Time: 2024-02-02 19:00:00+00:00
ADF Test Result: p-value=0.2348 (Required < 0.10) | OLS Beta: 0.2389
Filter ON: Spread not stationary (p-value too high). Skipping optimization and OOS test.

--- Window 67 Boundary Check ---
IS Period RTH Bars: 228. Start: 2023-12-29 19:00:00+00:00 | End: 2024-02-26 18:00:00+00:00
OOS Start Bar Index: 6232 | Time: 2024-02-26 19:00:00+00:00
ADF Test Result: p-value=0.1391 (Required < 0.10) | OLS Beta: 0.3391
Filter ON: Spread not stationary (p-value too high). Skipping optimization and OOS test.

--- Window 68 Boundary Check ---
IS Period RTH Bars: 228. Start: 2024-01-23 19:00:00+00:00 | End: 2024-03-18 17:00:00+00:00
OOS Start Bar Index: 6322 | Time: 2024-03-18 18:00:00+00:00
ADF Test Result: p-value=0.1112 (Required < 0.10) | OLS Beta: 0.7182
Filter ON: Spread not stationary (p-value too high). Skipping optimization and OOS test.

--- Window 69 Boundary Check ---
IS Period RTH Bars: 228. Start: 2024-02-13 19:00:00+00:00 | End: 2024-04-09 17:00:00+00:00
OOS Start Bar Index: 6412 | Time: 2024-04-09 18:00:00+00:00
ADF Test Result: p-value=0.8393 (Required < 0.10) | OLS Beta: 0.9470
Filter ON: Spread not stationary (p-value too high). Skipping optimization and OOS test.

--- Window 70 Boundary Check ---
IS Period RTH Bars: 228. Start: 2024-03-06 19:00:00+00:00 | End: 2024-04-30 17:00:00+00:00
OOS Start Bar Index: 6502 | Time: 2024-04-30 18:00:00+00:00
ADF Test Result: p-value=0.0883 (Required < 0.10) | OLS Beta: -0.1881
Filter OFF: Spread is stationary. Proceeding with optimization.
IS Optimization Time: 0.02 seconds.
Optimal Params (Sharpe=3.4708, Calmar=43.7346): Z_E=1.9, Z_X=0.5, Z_SL=4.2
📊 Persistence: Saved 152 PnL points to wfa_outputs\oos_equity_curve_FLS_FAST_1h_20251109_014222_0.1.csv
OOS Period (2024-04-30 18:00:00+00:00 to 2024-05-21 17:00:00+00:00): PnL: $-239.97 | Sharpe: -4.1217 | Calmar: -14.3740 | Trades: 1

--- Window 71 Boundary Check ---
IS Period RTH Bars: 228. Start: 2024-03-27 18:00:00+00:00 | End: 2024-05-21 17:00:00+00:00
OOS Start Bar Index: 6592 | Time: 2024-05-21 18:00:00+00:00
ADF Test Result: p-value=0.7886 (Required < 0.10) | OLS Beta: -0.2240
Filter ON: Spread not stationary (p-value too high). Skipping optimization and OOS test.

--- Window 72 Boundary Check ---
IS Period RTH Bars: 228. Start: 2024-04-18 18:00:00+00:00 | End: 2024-06-12 17:00:00+00:00
OOS Start Bar Index: 6682 | Time: 2024-06-12 18:00:00+00:00
ADF Test Result: p-value=0.1907 (Required < 0.10) | OLS Beta: -0.1615
Filter ON: Spread not stationary (p-value too high). Skipping optimization and OOS test.

--- Window 73 Boundary Check ---
IS Period RTH Bars: 228. Start: 2024-05-09 18:00:00+00:00 | End: 2024-07-05 19:00:00+00:00
OOS Start Bar Index: 6772 | Time: 2024-07-08 14:00:00+00:00
ADF Test Result: p-value=0.0410 (Required < 0.10) | OLS Beta: 0.7914
Filter OFF: Spread is stationary. Proceeding with optimization.
IS Optimization Time: 0.02 seconds.
Optimal Params (Sharpe=5.2000, Calmar=0.0000): Z_E=1.9, Z_X=0.5, Z_SL=3.3
📊 Persistence: Saved 152 PnL points to wfa_outputs\oos_equity_curve_FLS_FAST_1h_20251109_014222_0.1.csv
OOS Period (2024-07-08 14:00:00+00:00 to 2024-07-26 19:00:00+00:00): PnL: $0.00 | Sharpe: 0.0000 | Calmar: 0.0000 | Trades: 0

--- Window 74 Boundary Check ---
IS Period RTH Bars: 228. Start: 2024-05-31 18:00:00+00:00 | End: 2024-07-26 19:00:00+00:00
OOS Start Bar Index: 6862 | Time: 2024-07-29 14:00:00+00:00
ADF Test Result: p-value=0.0052 (Required < 0.10) | OLS Beta: 0.7775
Filter OFF: Spread is stationary. Proceeding with optimization.
IS Optimization Time: 0.02 seconds.
Optimal Params (Sharpe=6.4584, Calmar=0.0000): Z_E=1.9, Z_X=0.5, Z_SL=3.3
📊 Persistence: Saved 188 PnL points to wfa_outputs\oos_equity_curve_FLS_FAST_1h_20251109_014222_0.1.csv
OOS Period (2024-07-29 14:00:00+00:00 to 2024-08-16 19:00:00+00:00): PnL: $-41.97 | Sharpe: -0.8355 | Calmar: -4.1651 | Trades: 36

--- Window 75 Boundary Check ---
IS Period RTH Bars: 228. Start: 2024-06-24 18:00:00+00:00 | End: 2024-08-16 19:00:00+00:00
OOS Start Bar Index: 6952 | Time: 2024-08-19 14:00:00+00:00
ADF Test Result: p-value=0.5557 (Required < 0.10) | OLS Beta: 0.5767
Filter ON: Spread not stationary (p-value too high). Skipping optimization and OOS test.

--- Window 76 Boundary Check ---
IS Period RTH Bars: 228. Start: 2024-07-17 14:00:00+00:00 | End: 2024-09-09 19:00:00+00:00
OOS Start Bar Index: 7042 | Time: 2024-09-10 14:00:00+00:00
ADF Test Result: p-value=0.3067 (Required < 0.10) | OLS Beta: 1.4117
Filter ON: Spread not stationary (p-value too high). Skipping optimization and OOS test.

--- Window 77 Boundary Check ---
IS Period RTH Bars: 228. Start: 2024-08-07 14:00:00+00:00 | End: 2024-09-30 19:00:00+00:00
OOS Start Bar Index: 7132 | Time: 2024-10-01 14:00:00+00:00
ADF Test Result: p-value=0.6267 (Required < 0.10) | OLS Beta: 0.8633
Filter ON: Spread not stationary (p-value too high). Skipping optimization and OOS test.

--- Window 78 Boundary Check ---
IS Period RTH Bars: 228. Start: 2024-08-28 14:00:00+00:00 | End: 2024-10-21 19:00:00+00:00
OOS Start Bar Index: 7222 | Time: 2024-10-22 14:00:00+00:00
ADF Test Result: p-value=0.6738 (Required < 0.10) | OLS Beta: 1.0267
Filter ON: Spread not stationary (p-value too high). Skipping optimization and OOS test.

--- Window 79 Boundary Check ---
IS Period RTH Bars: 228. Start: 2024-09-19 14:00:00+00:00 | End: 2024-11-11 20:00:00+00:00
OOS Start Bar Index: 7312 | Time: 2024-11-12 15:00:00+00:00
ADF Test Result: p-value=0.1970 (Required < 0.10) | OLS Beta: 0.6967
Filter ON: Spread not stationary (p-value too high). Skipping optimization and OOS test.

--- Window 80 Boundary Check ---
IS Period RTH Bars: 228. Start: 2024-10-10 14:00:00+00:00 | End: 2024-12-04 16:00:00+00:00
OOS Start Bar Index: 7402 | Time: 2024-12-04 17:00:00+00:00
ADF Test Result: p-value=0.0062 (Required < 0.10) | OLS Beta: 1.1841
Filter OFF: Spread is stationary. Proceeding with optimization.
IS Optimization Time: 0.02 seconds.
Optimal Params (Sharpe=3.7556, Calmar=305.1125): Z_E=1.9, Z_X=0.5, Z_SL=3.3
📊 Persistence: Saved 209 PnL points to wfa_outputs\oos_equity_curve_FLS_FAST_1h_20251109_014222_0.1.csv
OOS Period (2024-12-04 17:00:00+00:00 to 2024-12-26 18:00:00+00:00): PnL: $-244.19 | Sharpe: -5.0699 | Calmar: -12.7336 | Trades: 21

--- Window 81 Boundary Check ---
IS Period RTH Bars: 228. Start: 2024-10-31 14:00:00+00:00 | End: 2024-12-26 18:00:00+00:00
OOS Start Bar Index: 7492 | Time: 2024-12-26 19:00:00+00:00
ADF Test Result: p-value=0.0369 (Required < 0.10) | OLS Beta: 0.5044
Filter OFF: Spread is stationary. Proceeding with optimization.
IS Optimization Time: 0.02 seconds.
Optimal Params (Sharpe=3.5320, Calmar=417.8789): Z_E=2.3, Z_X=0.3, Z_SL=3.3
📊 Persistence: Saved 209 PnL points to wfa_outputs\oos_equity_curve_FLS_FAST_1h_20251109_014222_0.1.csv
OOS Period (2024-12-26 19:00:00+00:00 to 2024-12-27 20:00:00+00:00): PnL: $0.00 | Sharpe: 0.0000 | Calmar: 0.0000 | Trades: 0

############################################################
📈 OVERALL SIMULATION PERFORMANCE (Walk-Forward Test)
############################################################
Timeframe Used: 1Hour, Value: 1
ADF Cointegration Filter Threshold: 0.1
Total OOS Windows Tested: 81
Total Trades Executed: 209
--- Final Performance Metrics ---
Total PnL: $-590.80
Overall Sharpe Ratio (Annualized): -0.1298
Overall Calmar Ratio (Annualized): -0.0230
Maximum Dollar Drawdown (MDD): $1,244.50

--- Execution Time ---
Total Elapsed Time: 30.90 seconds
############################################################
[0m