--- Dynamic Timeframe Configuration ---
TimeFrame Selected: 1Min, Value: 1
Bars per Trading Day: 390
Annualization Factor (Bars/Year): 98280
Statistical Lookback Bars: 2184
Optimization Lookback Bars: 19032
---------------------------------------
--- Diagnostic Check ---
API Key ID Length: 26
API Secret Key Length: 44
StockHistoricalDataClient initialized successfully. Starting data fetch...
--------------------------
Pre-compiling Numba function for first run optimization...
Numba pre-compilation complete.
Fetching data from 2020-01-15 to 2025-01-13...
Fetching 1Min data for FLS...
Fetching 1Min data for FAST...
Data acquired successfully. Total 1Min RTH bars: 438699
Skipping full pre-calculation. Metrics will be calculated inside the WFA loop.

============================================================
📈 Starting Rolling Backtest: IS Optimization Window=19032 bars, Shift=15 days
   Data already processed with Statistical Rolling Window: 2184 bars
   ADF Cointegration Filter: p-value < 0.05
============================================================

--- Window 1 Boundary Check ---
IS Period RTH Bars: 14666. Start: 2020-02-04 17:16:00+00:00 | End: 2020-03-31 17:44:00+00:00
OOS Start Bar Index: 19032 | Time: 2020-03-31 17:45:00+00:00
ADF Test Result: p-value=0.0711 (Required < 0.05) | OLS Beta: 3.4179
Filter ON: Spread not stationary (p-value too high). Skipping optimization and OOS test.

--- Window 2 Boundary Check ---
IS Period RTH Bars: 14666. Start: 2020-02-27 18:03:00+00:00 | End: 2020-04-22 19:38:00+00:00
OOS Start Bar Index: 24882 | Time: 2020-04-22 19:39:00+00:00
ADF Test Result: p-value=0.5245 (Required < 0.05) | OLS Beta: 2.0065
Filter ON: Spread not stationary (p-value too high). Skipping optimization and OOS test.

--- Window 3 Boundary Check ---
IS Period RTH Bars: 14666. Start: 2020-03-19 19:44:00+00:00 | End: 2020-05-14 14:33:00+00:00
OOS Start Bar Index: 30732 | Time: 2020-05-14 14:34:00+00:00
ADF Test Result: p-value=0.4709 (Required < 0.05) | OLS Beta: 0.6161
Filter ON: Spread not stationary (p-value too high). Skipping optimization and OOS test.

--- Window 4 Boundary Check ---
IS Period RTH Bars: 14666. Start: 2020-04-13 14:08:00+00:00 | End: 2020-06-05 15:54:00+00:00
OOS Start Bar Index: 36582 | Time: 2020-06-05 15:55:00+00:00
ADF Test Result: p-value=0.6349 (Required < 0.05) | OLS Beta: 0.3840
Filter ON: Spread not stationary (p-value too high). Skipping optimization and OOS test.

--- Window 5 Boundary Check ---
IS Period RTH Bars: 14666. Start: 2020-05-04 16:36:00+00:00 | End: 2020-06-26 18:46:00+00:00
OOS Start Bar Index: 42432 | Time: 2020-06-26 18:47:00+00:00
ADF Test Result: p-value=0.1052 (Required < 0.05) | OLS Beta: 1.4054
Filter ON: Spread not stationary (p-value too high). Skipping optimization and OOS test.

--- Window 6 Boundary Check ---
IS Period RTH Bars: 14666. Start: 2020-05-26 17:46:00+00:00 | End: 2020-07-21 17:28:00+00:00
OOS Start Bar Index: 48282 | Time: 2020-07-21 17:29:00+00:00
ADF Test Result: p-value=0.0981 (Required < 0.05) | OLS Beta: 0.9086
Filter ON: Spread not stationary (p-value too high). Skipping optimization and OOS test.

--- Window 7 Boundary Check ---
IS Period RTH Bars: 14666. Start: 2020-06-16 19:03:00+00:00 | End: 2020-08-12 15:56:00+00:00
OOS Start Bar Index: 54132 | Time: 2020-08-12 15:57:00+00:00
ADF Test Result: p-value=0.0897 (Required < 0.05) | OLS Beta: 0.5751
Filter ON: Spread not stationary (p-value too high). Skipping optimization and OOS test.

--- Window 8 Boundary Check ---
IS Period RTH Bars: 14666. Start: 2020-07-09 16:58:00+00:00 | End: 2020-09-03 19:57:00+00:00
OOS Start Bar Index: 59982 | Time: 2020-09-03 19:58:00+00:00
ADF Test Result: p-value=0.1902 (Required < 0.05) | OLS Beta: 0.3132
Filter ON: Spread not stationary (p-value too high). Skipping optimization and OOS test.

--- Window 9 Boundary Check ---
IS Period RTH Bars: 14666. Start: 2020-07-31 16:42:00+00:00 | End: 2020-09-28 17:55:00+00:00
OOS Start Bar Index: 65832 | Time: 2020-09-28 17:56:00+00:00
ADF Test Result: p-value=0.2082 (Required < 0.05) | OLS Beta: 0.8287
Filter ON: Spread not stationary (p-value too high). Skipping optimization and OOS test.

--- Window 10 Boundary Check ---
IS Period RTH Bars: 14666. Start: 2020-08-24 16:43:00+00:00 | End: 2020-10-21 15:44:00+00:00
OOS Start Bar Index: 71682 | Time: 2020-10-21 15:45:00+00:00
ADF Test Result: p-value=0.1613 (Required < 0.05) | OLS Beta: 0.6544
Filter ON: Spread not stationary (p-value too high). Skipping optimization and OOS test.

--- Window 11 Boundary Check ---
IS Period RTH Bars: 14666. Start: 2020-09-16 17:41:00+00:00 | End: 2020-11-11 20:38:00+00:00
OOS Start Bar Index: 77532 | Time: 2020-11-11 20:39:00+00:00
ADF Test Result: p-value=0.2992 (Required < 0.05) | OLS Beta: 0.9166
Filter ON: Spread not stationary (p-value too high). Skipping optimization and OOS test.

--- Window 12 Boundary Check ---
IS Period RTH Bars: 14666. Start: 2020-10-08 19:23:00+00:00 | End: 2020-12-07 19:10:00+00:00
OOS Start Bar Index: 83382 | Time: 2020-12-07 19:11:00+00:00
ADF Test Result: p-value=0.0372 (Required < 0.05) | OLS Beta: 1.5208
Filter OFF: Spread is stationary. Proceeding with optimization.
IS Optimization Time: 0.05 seconds.
Optimal Params (Sharpe=5.0977, Calmar=45.4067): Z_E=2.3, Z_X=0.7, Z_SL=3.6
📊 Persistence: Saved 1 PnL points to wfa_outputs\oos_equity_curve_FLS_FAST_1m_20251109_014807_0.05.csv
OOS Period (2020-12-07 19:11:00+00:00 to 2020-12-31 20:26:00+00:00): PnL: $225.93 | Sharpe: 4.0991 | Calmar: 0.0000 | Trades: 1

--- Window 13 Boundary Check ---
IS Period RTH Bars: 14666. Start: 2020-11-02 15:16:00+00:00 | End: 2020-12-31 20:26:00+00:00
OOS Start Bar Index: 89232 | Time: 2020-12-31 20:27:00+00:00
ADF Test Result: p-value=0.0019 (Required < 0.05) | OLS Beta: 2.1345
Filter OFF: Spread is stationary. Proceeding with optimization.
IS Optimization Time: 0.05 seconds.
Optimal Params (Sharpe=6.6916, Calmar=102.3092): Z_E=2.5, Z_X=1.5, Z_SL=4.8
📊 Persistence: Saved 15 PnL points to wfa_outputs\oos_equity_curve_FLS_FAST_1m_20251109_014807_0.05.csv
OOS Period (2020-12-31 20:27:00+00:00 to 2021-01-27 18:18:00+00:00): PnL: $217.66 | Sharpe: 2.7850 | Calmar: 15.1293 | Trades: 14

--- Window 14 Boundary Check ---
IS Period RTH Bars: 14666. Start: 2020-11-23 20:46:00+00:00 | End: 2021-01-27 18:18:00+00:00
OOS Start Bar Index: 95082 | Time: 2021-01-27 18:19:00+00:00
ADF Test Result: p-value=0.1646 (Required < 0.05) | OLS Beta: 0.8180
Filter ON: Spread not stationary (p-value too high). Skipping optimization and OOS test.

--- Window 15 Boundary Check ---
IS Period RTH Bars: 14666. Start: 2020-12-17 18:08:00+00:00 | End: 2021-02-22 17:53:00+00:00
OOS Start Bar Index: 100932 | Time: 2021-02-22 17:54:00+00:00
ADF Test Result: p-value=0.2118 (Required < 0.05) | OLS Beta: -0.0351
Filter ON: Spread not stationary (p-value too high). Skipping optimization and OOS test.

--- Window 16 Boundary Check ---
IS Period RTH Bars: 14666. Start: 2021-01-13 20:02:00+00:00 | End: 2021-03-16 14:40:00+00:00
OOS Start Bar Index: 106782 | Time: 2021-03-16 14:41:00+00:00
ADF Test Result: p-value=0.1986 (Required < 0.05) | OLS Beta: -0.2085
Filter ON: Spread not stationary (p-value too high). Skipping optimization and OOS test.

--- Window 17 Boundary Check ---
IS Period RTH Bars: 14666. Start: 2021-02-08 18:26:00+00:00 | End: 2021-04-07 19:52:00+00:00
OOS Start Bar Index: 112632 | Time: 2021-04-07 19:53:00+00:00
ADF Test Result: p-value=0.0549 (Required < 0.05) | OLS Beta: 0.0423
Filter ON: Spread not stationary (p-value too high). Skipping optimization and OOS test.

--- Window 18 Boundary Check ---
IS Period RTH Bars: 14666. Start: 2021-03-04 16:07:00+00:00 | End: 2021-05-03 18:48:00+00:00
OOS Start Bar Index: 118482 | Time: 2021-05-03 18:49:00+00:00
ADF Test Result: p-value=0.0274 (Required < 0.05) | OLS Beta: 0.0489
Filter OFF: Spread is stationary. Proceeding with optimization.
IS Optimization Time: 0.05 seconds.
Optimal Params (Sharpe=5.7104, Calmar=44.5852): Z_E=2.3, Z_X=0.3, Z_SL=4.5
📊 Persistence: Saved 17 PnL points to wfa_outputs\oos_equity_curve_FLS_FAST_1m_20251109_014807_0.05.csv
OOS Period (2021-05-03 18:49:00+00:00 to 2021-05-26 14:35:00+00:00): PnL: $10.67 | Sharpe: 0.1104 | Calmar: 0.6262 | Trades: 2

--- Window 19 Boundary Check ---
IS Period RTH Bars: 14666. Start: 2021-03-25 18:02:00+00:00 | End: 2021-05-26 14:35:00+00:00
OOS Start Bar Index: 124332 | Time: 2021-05-26 14:36:00+00:00
ADF Test Result: p-value=0.0279 (Required < 0.05) | OLS Beta: 1.0270
Filter OFF: Spread is stationary. Proceeding with optimization.
IS Optimization Time: 0.05 seconds.
Optimal Params (Sharpe=4.3363, Calmar=42.6952): Z_E=2.9, Z_X=0.5, Z_SL=4.5
📊 Persistence: Saved 18 PnL points to wfa_outputs\oos_equity_curve_FLS_FAST_1m_20251109_014807_0.05.csv
OOS Period (2021-05-26 14:36:00+00:00 to 2021-06-21 17:09:00+00:00): PnL: $213.42 | Sharpe: 4.0991 | Calmar: 0.0000 | Trades: 1

--- Window 20 Boundary Check ---
IS Period RTH Bars: 14666. Start: 2021-04-21 15:26:00+00:00 | End: 2021-06-21 17:09:00+00:00
OOS Start Bar Index: 130182 | Time: 2021-06-21 17:10:00+00:00
ADF Test Result: p-value=0.1128 (Required < 0.05) | OLS Beta: 0.9235
Filter ON: Spread not stationary (p-value too high). Skipping optimization and OOS test.

--- Window 21 Boundary Check ---
IS Period RTH Bars: 14666. Start: 2021-05-13 17:46:00+00:00 | End: 2021-07-15 17:06:00+00:00
OOS Start Bar Index: 136032 | Time: 2021-07-15 17:07:00+00:00
ADF Test Result: p-value=0.1800 (Required < 0.05) | OLS Beta: 1.0285
Filter ON: Spread not stationary (p-value too high). Skipping optimization and OOS test.

--- Window 22 Boundary Check ---
IS Period RTH Bars: 14666. Start: 2021-06-08 15:59:00+00:00 | End: 2021-08-10 15:18:00+00:00
OOS Start Bar Index: 141882 | Time: 2021-08-10 15:19:00+00:00
ADF Test Result: p-value=0.1676 (Required < 0.05) | OLS Beta: 0.3862
Filter ON: Spread not stationary (p-value too high). Skipping optimization and OOS test.

--- Window 23 Boundary Check ---
IS Period RTH Bars: 14666. Start: 2021-07-02 14:42:00+00:00 | End: 2021-09-07 14:45:00+00:00
OOS Start Bar Index: 147732 | Time: 2021-09-07 14:46:00+00:00
ADF Test Result: p-value=0.5179 (Required < 0.05) | OLS Beta: -0.7098
Filter ON: Spread not stationary (p-value too high). Skipping optimization and OOS test.

--- Window 24 Boundary Check ---
IS Period RTH Bars: 14666. Start: 2021-07-28 19:30:00+00:00 | End: 2021-09-30 18:49:00+00:00
OOS Start Bar Index: 153582 | Time: 2021-09-30 18:50:00+00:00
ADF Test Result: p-value=0.0838 (Required < 0.05) | OLS Beta: 2.3631
Filter ON: Spread not stationary (p-value too high). Skipping optimization and OOS test.

--- Window 25 Boundary Check ---
IS Period RTH Bars: 14666. Start: 2021-08-23 14:06:00+00:00 | End: 2021-10-27 13:49:00+00:00
OOS Start Bar Index: 159432 | Time: 2021-10-27 13:50:00+00:00
ADF Test Result: p-value=0.2527 (Required < 0.05) | OLS Beta: 1.0666
Filter ON: Spread not stationary (p-value too high). Skipping optimization and OOS test.

--- Window 26 Boundary Check ---
IS Period RTH Bars: 14666. Start: 2021-09-17 19:43:00+00:00 | End: 2021-11-19 19:29:00+00:00
OOS Start Bar Index: 165282 | Time: 2021-11-19 19:30:00+00:00
ADF Test Result: p-value=0.2287 (Required < 0.05) | OLS Beta: -0.3675
Filter ON: Spread not stationary (p-value too high). Skipping optimization and OOS test.

--- Window 27 Boundary Check ---
IS Period RTH Bars: 14666. Start: 2021-10-13 14:27:00+00:00 | End: 2021-12-16 19:06:00+00:00
OOS Start Bar Index: 171132 | Time: 2021-12-16 19:07:00+00:00
ADF Test Result: p-value=0.0393 (Required < 0.05) | OLS Beta: -1.1443
Filter OFF: Spread is stationary. Proceeding with optimization.
IS Optimization Time: 0.05 seconds.
Optimal Params (Sharpe=2.4899, Calmar=12.2944): Z_E=3.1, Z_X=0.5, Z_SL=3.3
📊 Persistence: Saved 23 PnL points to wfa_outputs\oos_equity_curve_FLS_FAST_1m_20251109_014807_0.05.csv
OOS Period (2021-12-16 19:07:00+00:00 to 2022-01-11 19:18:00+00:00): PnL: $97.75 | Sharpe: 2.3521 | Calmar: 21.7219 | Trades: 5

--- Window 28 Boundary Check ---
IS Period RTH Bars: 14666. Start: 2021-11-08 15:33:00+00:00 | End: 2022-01-11 19:18:00+00:00
OOS Start Bar Index: 176982 | Time: 2022-01-11 19:19:00+00:00
ADF Test Result: p-value=0.1859 (Required < 0.05) | OLS Beta: -0.7280
Filter ON: Spread not stationary (p-value too high). Skipping optimization and OOS test.

--- Window 29 Boundary Check ---
IS Period RTH Bars: 14666. Start: 2021-12-06 15:15:00+00:00 | End: 2022-02-03 19:01:00+00:00
OOS Start Bar Index: 182832 | Time: 2022-02-03 19:02:00+00:00
ADF Test Result: p-value=0.0698 (Required < 0.05) | OLS Beta: -0.4616
Filter ON: Spread not stationary (p-value too high). Skipping optimization and OOS test.

--- Window 30 Boundary Check ---
IS Period RTH Bars: 14666. Start: 2021-12-30 15:31:00+00:00 | End: 2022-02-28 18:18:00+00:00
OOS Start Bar Index: 188682 | Time: 2022-02-28 18:19:00+00:00
ADF Test Result: p-value=0.3754 (Required < 0.05) | OLS Beta: -0.0407
Filter ON: Spread not stationary (p-value too high). Skipping optimization and OOS test.

--- Window 31 Boundary Check ---
IS Period RTH Bars: 14666. Start: 2022-01-24 18:18:00+00:00 | End: 2022-03-23 15:21:00+00:00
OOS Start Bar Index: 194532 | Time: 2022-03-23 15:22:00+00:00
ADF Test Result: p-value=0.2009 (Required < 0.05) | OLS Beta: 0.5732
Filter ON: Spread not stationary (p-value too high). Skipping optimization and OOS test.

--- Window 32 Boundary Check ---
IS Period RTH Bars: 14666. Start: 2022-02-15 18:22:00+00:00 | End: 2022-04-14 13:49:00+00:00
OOS Start Bar Index: 200382 | Time: 2022-04-14 13:50:00+00:00
ADF Test Result: p-value=0.1121 (Required < 0.05) | OLS Beta: 0.9402
Filter ON: Spread not stationary (p-value too high). Skipping optimization and OOS test.

--- Window 33 Boundary Check ---
IS Period RTH Bars: 14666. Start: 2022-03-11 15:23:00+00:00 | End: 2022-05-09 13:57:00+00:00
OOS Start Bar Index: 206232 | Time: 2022-05-09 13:58:00+00:00
ADF Test Result: p-value=0.3204 (Required < 0.05) | OLS Beta: 1.0616
Filter ON: Spread not stationary (p-value too high). Skipping optimization and OOS test.

--- Window 34 Boundary Check ---
IS Period RTH Bars: 14666. Start: 2022-04-04 14:07:00+00:00 | End: 2022-06-01 16:19:00+00:00
OOS Start Bar Index: 212082 | Time: 2022-06-01 16:20:00+00:00
ADF Test Result: p-value=0.1785 (Required < 0.05) | OLS Beta: 1.4658
Filter ON: Spread not stationary (p-value too high). Skipping optimization and OOS test.

--- Window 35 Boundary Check ---
IS Period RTH Bars: 14666. Start: 2022-04-27 14:36:00+00:00 | End: 2022-06-24 17:57:00+00:00
OOS Start Bar Index: 217932 | Time: 2022-06-24 17:58:00+00:00
ADF Test Result: p-value=0.0131 (Required < 0.05) | OLS Beta: 1.0431
Filter OFF: Spread is stationary. Proceeding with optimization.
IS Optimization Time: 0.05 seconds.
Optimal Params (Sharpe=3.0960, Calmar=36.5975): Z_E=2.3, Z_X=0.3, Z_SL=3.3
📊 Persistence: Saved 26 PnL points to wfa_outputs\oos_equity_curve_FLS_FAST_1m_20251109_014807_0.05.csv
OOS Period (2022-06-24 17:58:00+00:00 to 2022-07-20 14:59:00+00:00): PnL: $365.55 | Sharpe: 5.0097 | Calmar: 132.2579 | Trades: 3

--- Window 36 Boundary Check ---
IS Period RTH Bars: 14666. Start: 2022-05-18 19:09:00+00:00 | End: 2022-07-20 14:59:00+00:00
OOS Start Bar Index: 223782 | Time: 2022-07-20 15:00:00+00:00
ADF Test Result: p-value=0.0679 (Required < 0.05) | OLS Beta: 0.9350
Filter ON: Spread not stationary (p-value too high). Skipping optimization and OOS test.

--- Window 37 Boundary Check ---
IS Period RTH Bars: 14666. Start: 2022-06-13 16:20:00+00:00 | End: 2022-08-11 18:11:00+00:00
OOS Start Bar Index: 229632 | Time: 2022-08-11 18:12:00+00:00
ADF Test Result: p-value=0.5309 (Required < 0.05) | OLS Beta: 1.3997
Filter ON: Spread not stationary (p-value too high). Skipping optimization and OOS test.

--- Window 38 Boundary Check ---
IS Period RTH Bars: 14666. Start: 2022-07-07 18:55:00+00:00 | End: 2022-09-06 17:13:00+00:00
OOS Start Bar Index: 235482 | Time: 2022-09-06 17:14:00+00:00
ADF Test Result: p-value=0.2326 (Required < 0.05) | OLS Beta: 1.1672
Filter ON: Spread not stationary (p-value too high). Skipping optimization and OOS test.

--- Window 39 Boundary Check ---
IS Period RTH Bars: 14666. Start: 2022-08-01 14:20:00+00:00 | End: 2022-09-28 17:28:00+00:00
OOS Start Bar Index: 241332 | Time: 2022-09-28 17:29:00+00:00
ADF Test Result: p-value=0.5108 (Required < 0.05) | OLS Beta: 1.7533
Filter ON: Spread not stationary (p-value too high). Skipping optimization and OOS test.

--- Window 40 Boundary Check ---
IS Period RTH Bars: 14666. Start: 2022-08-23 19:33:00+00:00 | End: 2022-10-20 16:09:00+00:00
OOS Start Bar Index: 247182 | Time: 2022-10-20 16:10:00+00:00
ADF Test Result: p-value=0.1625 (Required < 0.05) | OLS Beta: 1.9940
Filter ON: Spread not stationary (p-value too high). Skipping optimization and OOS test.

--- Window 41 Boundary Check ---
IS Period RTH Bars: 14666. Start: 2022-09-16 16:53:00+00:00 | End: 2022-11-11 15:06:00+00:00
OOS Start Bar Index: 253032 | Time: 2022-11-11 15:07:00+00:00
ADF Test Result: p-value=0.1342 (Required < 0.05) | OLS Beta: 1.9035
Filter ON: Spread not stationary (p-value too high). Skipping optimization and OOS test.

--- Window 42 Boundary Check ---
IS Period RTH Bars: 14666. Start: 2022-10-10 15:49:00+00:00 | End: 2022-12-07 19:04:00+00:00
OOS Start Bar Index: 258882 | Time: 2022-12-07 19:05:00+00:00
ADF Test Result: p-value=0.0095 (Required < 0.05) | OLS Beta: 1.7643
Filter OFF: Spread is stationary. Proceeding with optimization.
IS Optimization Time: 0.05 seconds.
Optimal Params (Sharpe=2.2951, Calmar=54.6016): Z_E=3.3, Z_X=0.9, Z_SL=4.2
📊 Persistence: Saved 338 PnL points to wfa_outputs\oos_equity_curve_FLS_FAST_1m_20251109_014807_0.05.csv
OOS Period (2022-12-07 19:05:00+00:00 to 2023-01-04 16:35:00+00:00): PnL: $-18.49 | Sharpe: -0.5695 | Calmar: -1.9665 | Trades: 312

--- Window 43 Boundary Check ---
IS Period RTH Bars: 14666. Start: 2022-11-01 14:54:00+00:00 | End: 2023-01-04 16:35:00+00:00
OOS Start Bar Index: 264732 | Time: 2023-01-04 16:36:00+00:00
ADF Test Result: p-value=0.1943 (Required < 0.05) | OLS Beta: 0.6588
Filter ON: Spread not stationary (p-value too high). Skipping optimization and OOS test.

--- Window 44 Boundary Check ---
IS Period RTH Bars: 14666. Start: 2022-11-23 16:09:00+00:00 | End: 2023-01-30 15:36:00+00:00
OOS Start Bar Index: 270582 | Time: 2023-01-30 15:37:00+00:00
ADF Test Result: p-value=0.8759 (Required < 0.05) | OLS Beta: 0.1055
Filter ON: Spread not stationary (p-value too high). Skipping optimization and OOS test.

--- Window 45 Boundary Check ---
IS Period RTH Bars: 14666. Start: 2022-12-19 20:11:00+00:00 | End: 2023-02-22 19:46:00+00:00
OOS Start Bar Index: 276432 | Time: 2023-02-22 19:47:00+00:00
ADF Test Result: p-value=0.0482 (Required < 0.05) | OLS Beta: 1.0557
Filter OFF: Spread is stationary. Proceeding with optimization.
IS Optimization Time: 0.05 seconds.
Optimal Params (Sharpe=7.4094, Calmar=42.2100): Z_E=1.9, Z_X=0.5, Z_SL=4.2
📊 Persistence: Saved 347 PnL points to wfa_outputs\oos_equity_curve_FLS_FAST_1m_20251109_014807_0.05.csv
OOS Period (2023-02-22 19:47:00+00:00 to 2023-03-17 14:07:00+00:00): PnL: $-333.42 | Sharpe: -4.9152 | Calmar: -11.6244 | Trades: 9

--- Window 46 Boundary Check ---
IS Period RTH Bars: 14666. Start: 2023-01-17 18:32:00+00:00 | End: 2023-03-17 14:07:00+00:00
OOS Start Bar Index: 282282 | Time: 2023-03-17 14:08:00+00:00
ADF Test Result: p-value=0.9355 (Required < 0.05) | OLS Beta: 0.4498
Filter ON: Spread not stationary (p-value too high). Skipping optimization and OOS test.

--- Window 47 Boundary Check ---
IS Period RTH Bars: 14666. Start: 2023-02-09 18:58:00+00:00 | End: 2023-04-11 15:32:00+00:00
OOS Start Bar Index: 288132 | Time: 2023-04-11 15:33:00+00:00
ADF Test Result: p-value=0.6695 (Required < 0.05) | OLS Beta: 0.7745
Filter ON: Spread not stationary (p-value too high). Skipping optimization and OOS test.

--- Window 48 Boundary Check ---
IS Period RTH Bars: 14666. Start: 2023-03-06 20:44:00+00:00 | End: 2023-05-04 14:42:00+00:00
OOS Start Bar Index: 293982 | Time: 2023-05-04 14:43:00+00:00
ADF Test Result: p-value=0.1612 (Required < 0.05) | OLS Beta: 1.3495
Filter ON: Spread not stationary (p-value too high). Skipping optimization and OOS test.

--- Window 49 Boundary Check ---
IS Period RTH Bars: 14666. Start: 2023-03-28 19:59:00+00:00 | End: 2023-05-30 14:32:00+00:00
OOS Start Bar Index: 299832 | Time: 2023-05-30 14:33:00+00:00
ADF Test Result: p-value=0.1781 (Required < 0.05) | OLS Beta: 1.1778
Filter ON: Spread not stationary (p-value too high). Skipping optimization and OOS test.

--- Window 50 Boundary Check ---
IS Period RTH Bars: 14666. Start: 2023-04-24 13:35:00+00:00 | End: 2023-06-22 16:41:00+00:00
OOS Start Bar Index: 305682 | Time: 2023-06-22 16:43:00+00:00
ADF Test Result: p-value=0.1412 (Required < 0.05) | OLS Beta: 1.2860
Filter ON: Spread not stationary (p-value too high). Skipping optimization and OOS test.

--- Window 51 Boundary Check ---
IS Period RTH Bars: 14666. Start: 2023-05-16 17:02:00+00:00 | End: 2023-07-19 13:44:00+00:00
OOS Start Bar Index: 311532 | Time: 2023-07-19 13:45:00+00:00
ADF Test Result: p-value=0.5424 (Required < 0.05) | OLS Beta: 1.0824
Filter ON: Spread not stationary (p-value too high). Skipping optimization and OOS test.

--- Window 52 Boundary Check ---
IS Period RTH Bars: 14666. Start: 2023-06-09 14:32:00+00:00 | End: 2023-08-10 14:55:00+00:00
OOS Start Bar Index: 317382 | Time: 2023-08-10 14:57:00+00:00
ADF Test Result: p-value=0.7356 (Required < 0.05) | OLS Beta: 0.4950
Filter ON: Spread not stationary (p-value too high). Skipping optimization and OOS test.

--- Window 53 Boundary Check ---
IS Period RTH Bars: 14666. Start: 2023-07-06 17:07:00+00:00 | End: 2023-09-05 19:45:00+00:00
OOS Start Bar Index: 323232 | Time: 2023-09-05 19:46:00+00:00
ADF Test Result: p-value=0.0095 (Required < 0.05) | OLS Beta: -0.5426
Filter OFF: Spread is stationary. Proceeding with optimization.
IS Optimization Time: 0.05 seconds.
Optimal Params (Sharpe=1.0489, Calmar=2.9996): Z_E=3.1, Z_X=0.3, Z_SL=3.3
📊 Persistence: Saved 347 PnL points to wfa_outputs\oos_equity_curve_FLS_FAST_1m_20251109_014807_0.05.csv
OOS Period (2023-09-05 19:46:00+00:00 to 2023-09-28 17:19:00+00:00): PnL: $0.00 | Sharpe: 0.0000 | Calmar: 0.0000 | Trades: 0

--- Window 54 Boundary Check ---
IS Period RTH Bars: 14666. Start: 2023-07-31 14:01:00+00:00 | End: 2023-09-28 17:19:00+00:00
OOS Start Bar Index: 329082 | Time: 2023-09-28 17:20:00+00:00
ADF Test Result: p-value=0.0054 (Required < 0.05) | OLS Beta: -0.4245
Filter OFF: Spread is stationary. Proceeding with optimization.
IS Optimization Time: 0.05 seconds.
Optimal Params (Sharpe=2.1984, Calmar=11.0220): Z_E=3.3, Z_X=0.3, Z_SL=3.6
📊 Persistence: Saved 347 PnL points to wfa_outputs\oos_equity_curve_FLS_FAST_1m_20251109_014807_0.05.csv
OOS Period (2023-09-28 17:20:00+00:00 to 2023-10-20 19:25:00+00:00): PnL: $0.00 | Sharpe: 0.0000 | Calmar: 0.0000 | Trades: 0

--- Window 55 Boundary Check ---
IS Period RTH Bars: 14666. Start: 2023-08-22 18:29:00+00:00 | End: 2023-10-20 19:25:00+00:00
OOS Start Bar Index: 334932 | Time: 2023-10-20 19:26:00+00:00
ADF Test Result: p-value=0.0170 (Required < 0.05) | OLS Beta: -0.2002
Filter OFF: Spread is stationary. Proceeding with optimization.
IS Optimization Time: 0.05 seconds.
Optimal Params (Sharpe=3.0342, Calmar=24.8411): Z_E=2.9, Z_X=1.3, Z_SL=3.3
📊 Persistence: Saved 856 PnL points to wfa_outputs\oos_equity_curve_FLS_FAST_1m_20251109_014807_0.05.csv
OOS Period (2023-10-20 19:26:00+00:00 to 2023-11-14 17:26:00+00:00): PnL: $342.20 | Sharpe: 2.6642 | Calmar: 21.7533 | Trades: 509

--- Window 56 Boundary Check ---
IS Period RTH Bars: 14666. Start: 2023-09-18 14:41:00+00:00 | End: 2023-11-14 17:26:00+00:00
OOS Start Bar Index: 340782 | Time: 2023-11-14 17:27:00+00:00
ADF Test Result: p-value=0.0645 (Required < 0.05) | OLS Beta: -0.3899
Filter ON: Spread not stationary (p-value too high). Skipping optimization and OOS test.

--- Window 57 Boundary Check ---
IS Period RTH Bars: 14666. Start: 2023-10-10 16:01:00+00:00 | End: 2023-12-11 18:18:00+00:00
OOS Start Bar Index: 346632 | Time: 2023-12-11 18:19:00+00:00
ADF Test Result: p-value=0.0199 (Required < 0.05) | OLS Beta: 0.4413
Filter OFF: Spread is stationary. Proceeding with optimization.
IS Optimization Time: 0.05 seconds.
Optimal Params (Sharpe=4.6079, Calmar=20.3954): Z_E=1.9, Z_X=1.5, Z_SL=3.3
📊 Persistence: Saved 862 PnL points to wfa_outputs\oos_equity_curve_FLS_FAST_1m_20251109_014807_0.05.csv
OOS Period (2023-12-11 18:19:00+00:00 to 2024-01-08 18:04:00+00:00): PnL: $366.37 | Sharpe: 9.9799 | Calmar: 0.0000 | Trades: 6

--- Window 58 Boundary Check ---
IS Period RTH Bars: 14666. Start: 2023-11-01 17:43:00+00:00 | End: 2024-01-08 18:04:00+00:00
OOS Start Bar Index: 352482 | Time: 2024-01-08 18:06:00+00:00
ADF Test Result: p-value=0.0298 (Required < 0.05) | OLS Beta: 0.9257
Filter OFF: Spread is stationary. Proceeding with optimization.
IS Optimization Time: 0.05 seconds.
Optimal Params (Sharpe=3.4472, Calmar=0.0000): Z_E=3.1, Z_X=0.9, Z_SL=4.2
📊 Persistence: Saved 1403 PnL points to wfa_outputs\oos_equity_curve_FLS_FAST_1m_20251109_014807_0.05.csv
OOS Period (2024-01-08 18:06:00+00:00 to 2024-02-01 17:47:00+00:00): PnL: $-119.17 | Sharpe: -3.8015 | Calmar: -10.7126 | Trades: 541

--- Window 59 Boundary Check ---
IS Period RTH Bars: 14666. Start: 2023-11-28 18:17:00+00:00 | End: 2024-02-01 17:47:00+00:00
OOS Start Bar Index: 358332 | Time: 2024-02-01 17:48:00+00:00
ADF Test Result: p-value=0.1841 (Required < 0.05) | OLS Beta: 0.4168
Filter ON: Spread not stationary (p-value too high). Skipping optimization and OOS test.

--- Window 60 Boundary Check ---
IS Period RTH Bars: 14666. Start: 2023-12-22 17:49:00+00:00 | End: 2024-02-26 19:58:00+00:00
OOS Start Bar Index: 364182 | Time: 2024-02-26 19:59:00+00:00
ADF Test Result: p-value=0.2055 (Required < 0.05) | OLS Beta: 0.3105
Filter ON: Spread not stationary (p-value too high). Skipping optimization and OOS test.

--- Window 61 Boundary Check ---
IS Period RTH Bars: 14666. Start: 2024-01-22 16:15:00+00:00 | End: 2024-03-20 16:28:00+00:00
OOS Start Bar Index: 370032 | Time: 2024-03-20 16:29:00+00:00
ADF Test Result: p-value=0.1156 (Required < 0.05) | OLS Beta: 0.7383
Filter ON: Spread not stationary (p-value too high). Skipping optimization and OOS test.

--- Window 62 Boundary Check ---
IS Period RTH Bars: 14666. Start: 2024-02-13 20:18:00+00:00 | End: 2024-04-15 17:32:00+00:00
OOS Start Bar Index: 375882 | Time: 2024-04-15 17:33:00+00:00
ADF Test Result: p-value=0.9553 (Required < 0.05) | OLS Beta: 0.6125
Filter ON: Spread not stationary (p-value too high). Skipping optimization and OOS test.

--- Window 63 Boundary Check ---
IS Period RTH Bars: 14666. Start: 2024-03-07 19:58:00+00:00 | End: 2024-05-07 18:45:00+00:00
OOS Start Bar Index: 381732 | Time: 2024-05-07 18:46:00+00:00
ADF Test Result: p-value=0.2774 (Required < 0.05) | OLS Beta: -0.2531
Filter ON: Spread not stationary (p-value too high). Skipping optimization and OOS test.

--- Window 64 Boundary Check ---
IS Period RTH Bars: 14666. Start: 2024-04-03 13:45:00+00:00 | End: 2024-06-03 16:00:00+00:00
OOS Start Bar Index: 387582 | Time: 2024-06-03 16:01:00+00:00
ADF Test Result: p-value=0.3987 (Required < 0.05) | OLS Beta: -0.2206
Filter ON: Spread not stationary (p-value too high). Skipping optimization and OOS test.

--- Window 65 Boundary Check ---
IS Period RTH Bars: 14666. Start: 2024-04-25 18:19:00+00:00 | End: 2024-06-28 15:27:00+00:00
OOS Start Bar Index: 393432 | Time: 2024-06-28 15:28:00+00:00
ADF Test Result: p-value=0.0641 (Required < 0.05) | OLS Beta: 0.2149
Filter ON: Spread not stationary (p-value too high). Skipping optimization and OOS test.

--- Window 66 Boundary Check ---
IS Period RTH Bars: 14666. Start: 2024-05-17 19:18:00+00:00 | End: 2024-07-25 16:44:00+00:00
OOS Start Bar Index: 399282 | Time: 2024-07-25 16:45:00+00:00
ADF Test Result: p-value=0.0028 (Required < 0.05) | OLS Beta: 0.8218
Filter OFF: Spread is stationary. Proceeding with optimization.
IS Optimization Time: 0.05 seconds.
Optimal Params (Sharpe=7.0033, Calmar=454.0492): Z_E=2.5, Z_X=1.1, Z_SL=3.6
📊 Persistence: Saved 3442 PnL points to wfa_outputs\oos_equity_curve_FLS_FAST_1m_20251109_014807_0.05.csv
OOS Period (2024-07-25 16:45:00+00:00 to 2024-08-19 17:54:00+00:00): PnL: $107.89 | Sharpe: 1.2375 | Calmar: 4.9305 | Trades: 2039

--- Window 67 Boundary Check ---
IS Period RTH Bars: 14666. Start: 2024-06-14 14:01:00+00:00 | End: 2024-08-19 17:54:00+00:00
OOS Start Bar Index: 405132 | Time: 2024-08-19 17:55:00+00:00
ADF Test Result: p-value=0.5401 (Required < 0.05) | OLS Beta: 0.5877
Filter ON: Spread not stationary (p-value too high). Skipping optimization and OOS test.

--- Window 68 Boundary Check ---
IS Period RTH Bars: 14666. Start: 2024-07-12 18:52:00+00:00 | End: 2024-09-16 14:19:00+00:00
OOS Start Bar Index: 410982 | Time: 2024-09-16 14:20:00+00:00
ADF Test Result: p-value=0.6174 (Required < 0.05) | OLS Beta: 1.1099
Filter ON: Spread not stationary (p-value too high). Skipping optimization and OOS test.

--- Window 69 Boundary Check ---
IS Period RTH Bars: 14666. Start: 2024-08-06 16:01:00+00:00 | End: 2024-10-08 15:38:00+00:00
OOS Start Bar Index: 416832 | Time: 2024-10-08 15:39:00+00:00
ADF Test Result: p-value=0.8490 (Required < 0.05) | OLS Beta: 1.1654
Filter ON: Spread not stationary (p-value too high). Skipping optimization and OOS test.

--- Window 70 Boundary Check ---
IS Period RTH Bars: 14666. Start: 2024-09-03 16:27:00+00:00 | End: 2024-10-30 17:09:00+00:00
OOS Start Bar Index: 422682 | Time: 2024-10-30 17:10:00+00:00
ADF Test Result: p-value=0.7155 (Required < 0.05) | OLS Beta: 0.9936
Filter ON: Spread not stationary (p-value too high). Skipping optimization and OOS test.

--- Window 71 Boundary Check ---
IS Period RTH Bars: 14666. Start: 2024-09-26 13:39:00+00:00 | End: 2024-11-22 14:49:00+00:00
OOS Start Bar Index: 428532 | Time: 2024-11-22 14:50:00+00:00
ADF Test Result: p-value=0.6943 (Required < 0.05) | OLS Beta: 0.7424
Filter ON: Spread not stationary (p-value too high). Skipping optimization and OOS test.

--- Window 72 Boundary Check ---
IS Period RTH Bars: 14666. Start: 2024-10-18 16:01:00+00:00 | End: 2024-12-19 14:45:00+00:00
OOS Start Bar Index: 434382 | Time: 2024-12-19 14:46:00+00:00
ADF Test Result: p-value=0.9581 (Required < 0.05) | OLS Beta: 1.2622
Filter ON: Spread not stationary (p-value too high). Skipping optimization and OOS test.

############################################################
📈 OVERALL SIMULATION PERFORMANCE (Walk-Forward Test)
############################################################
Timeframe Used: 1Min, Value: 1
ADF Cointegration Filter Threshold: 0.05
Total OOS Windows Tested: 72
Total Trades Executed: 3442
--- Final Performance Metrics ---
Total PnL: $1,476.37
Overall Sharpe Ratio (Annualized): 0.3315
Overall Calmar Ratio (Annualized): 0.1016
Maximum Dollar Drawdown (MDD): $694.62

--- Execution Time ---
Total Elapsed Time: 77.33 seconds
############################################################
[0m