--- Dynamic Timeframe Configuration ---
TimeFrame Selected: 1Min, Value: 15
Bars per Trading Day: 26
Annualization Factor (Bars/Year): 6552
Statistical Lookback Bars: 145
Optimization Lookback Bars: 1268
---------------------------------------
--- Diagnostic Check ---
API Key ID Length: 26
API Secret Key Length: 44
StockHistoricalDataClient initialized successfully. Starting data fetch...
--------------------------
Pre-compiling Numba function for first run optimization...
Numba pre-compilation complete.
Fetching data from 2020-01-01 to 2024-12-30...
Fetching 15Min data for FLS...
Fetching 15Min data for FAST...
Data acquired successfully. Total 1Min RTH bars: 32480
Skipping full pre-calculation. Metrics will be calculated inside the WFA loop.

============================================================
📈 Starting Rolling Backtest: IS Optimization Window=1268 bars, Shift=15 days
   Data already processed with Statistical Rolling Window: 145 bars
   ADF Cointegration Filter: p-value < 0.1
============================================================

--- Window 1 Boundary Check ---
IS Period RTH Bars: 980. Start: 2020-01-17 15:00:00+00:00 | End: 2020-03-12 18:30:00+00:00
OOS Start Bar Index: 1268 | Time: 2020-03-12 18:45:00+00:00
ADF Test Result: p-value=0.9131 (Required < 0.10) | OLS Beta: 2.2158
Filter ON: Spread not stationary (p-value too high). Skipping optimization and OOS test.

--- Window 2 Boundary Check ---
IS Period RTH Bars: 980. Start: 2020-02-10 15:00:00+00:00 | End: 2020-04-02 18:45:00+00:00
OOS Start Bar Index: 1658 | Time: 2020-04-02 19:00:00+00:00
ADF Test Result: p-value=0.0965 (Required < 0.10) | OLS Beta: 3.3015
Filter OFF: Spread is stationary. Proceeding with optimization.
IS Optimization Time: 0.02 seconds.
Optimal Params (Sharpe=3.3205, Calmar=41.3510): Z_E=1.9, Z_X=1.5, Z_SL=3.6
📊 Persistence: Saved 2 PnL points to wfa_outputs\oos_equity_curve_FLS_FAST_15m_20251109_014330_0.1.csv
OOS Period (2020-04-02 19:00:00+00:00 to 2020-04-24 18:45:00+00:00): PnL: $-113.33 | Sharpe: -1.4694 | Calmar: -6.3154 | Trades: 2

--- Window 3 Boundary Check ---
IS Period RTH Bars: 980. Start: 2020-03-03 15:00:00+00:00 | End: 2020-04-24 18:45:00+00:00
OOS Start Bar Index: 2048 | Time: 2020-04-24 19:00:00+00:00
ADF Test Result: p-value=0.2072 (Required < 0.10) | OLS Beta: 1.4621
Filter ON: Spread not stationary (p-value too high). Skipping optimization and OOS test.

--- Window 4 Boundary Check ---
IS Period RTH Bars: 980. Start: 2020-03-24 14:30:00+00:00 | End: 2020-05-15 18:45:00+00:00
OOS Start Bar Index: 2438 | Time: 2020-05-15 19:00:00+00:00
ADF Test Result: p-value=0.3529 (Required < 0.10) | OLS Beta: 0.3539
Filter ON: Spread not stationary (p-value too high). Skipping optimization and OOS test.

--- Window 5 Boundary Check ---
IS Period RTH Bars: 980. Start: 2020-04-15 14:30:00+00:00 | End: 2020-06-08 18:45:00+00:00
OOS Start Bar Index: 2828 | Time: 2020-06-08 19:00:00+00:00
ADF Test Result: p-value=0.7192 (Required < 0.10) | OLS Beta: 0.6887
Filter ON: Spread not stationary (p-value too high). Skipping optimization and OOS test.

--- Window 6 Boundary Check ---
IS Period RTH Bars: 980. Start: 2020-05-06 14:30:00+00:00 | End: 2020-06-29 18:45:00+00:00
OOS Start Bar Index: 3218 | Time: 2020-06-29 19:00:00+00:00
ADF Test Result: p-value=0.0487 (Required < 0.10) | OLS Beta: 1.8630
Filter OFF: Spread is stationary. Proceeding with optimization.
IS Optimization Time: 0.03 seconds.
Optimal Params (Sharpe=4.4475, Calmar=39.9804): Z_E=2.5, Z_X=0.7, Z_SL=3.6
📊 Persistence: Saved 2 PnL points to wfa_outputs\oos_equity_curve_FLS_FAST_15m_20251109_014330_0.1.csv
OOS Period (2020-06-29 19:00:00+00:00 to 2020-07-21 18:45:00+00:00): PnL: $0.00 | Sharpe: 0.0000 | Calmar: 0.0000 | Trades: 0

--- Window 7 Boundary Check ---
IS Period RTH Bars: 980. Start: 2020-05-28 14:30:00+00:00 | End: 2020-07-21 18:45:00+00:00
OOS Start Bar Index: 3608 | Time: 2020-07-21 19:00:00+00:00
ADF Test Result: p-value=0.1364 (Required < 0.10) | OLS Beta: 0.9837
Filter ON: Spread not stationary (p-value too high). Skipping optimization and OOS test.

--- Window 8 Boundary Check ---
IS Period RTH Bars: 980. Start: 2020-06-18 14:30:00+00:00 | End: 2020-08-11 18:45:00+00:00
OOS Start Bar Index: 3998 | Time: 2020-08-11 19:00:00+00:00
ADF Test Result: p-value=0.2214 (Required < 0.10) | OLS Beta: 0.5730
Filter ON: Spread not stationary (p-value too high). Skipping optimization and OOS test.

--- Window 9 Boundary Check ---
IS Period RTH Bars: 980. Start: 2020-07-10 14:30:00+00:00 | End: 2020-09-01 18:45:00+00:00
OOS Start Bar Index: 4388 | Time: 2020-09-01 19:00:00+00:00
ADF Test Result: p-value=0.1660 (Required < 0.10) | OLS Beta: 0.2825
Filter ON: Spread not stationary (p-value too high). Skipping optimization and OOS test.

--- Window 10 Boundary Check ---
IS Period RTH Bars: 980. Start: 2020-07-31 14:30:00+00:00 | End: 2020-09-23 18:45:00+00:00
OOS Start Bar Index: 4778 | Time: 2020-09-23 19:00:00+00:00
ADF Test Result: p-value=0.2528 (Required < 0.10) | OLS Beta: 0.7513
Filter ON: Spread not stationary (p-value too high). Skipping optimization and OOS test.

--- Window 11 Boundary Check ---
IS Period RTH Bars: 980. Start: 2020-08-21 14:30:00+00:00 | End: 2020-10-14 18:45:00+00:00
OOS Start Bar Index: 5168 | Time: 2020-10-14 19:00:00+00:00
ADF Test Result: p-value=0.1796 (Required < 0.10) | OLS Beta: 0.6990
Filter ON: Spread not stationary (p-value too high). Skipping optimization and OOS test.

--- Window 12 Boundary Check ---
IS Period RTH Bars: 980. Start: 2020-09-14 14:30:00+00:00 | End: 2020-11-04 19:45:00+00:00
OOS Start Bar Index: 5558 | Time: 2020-11-04 20:00:00+00:00
ADF Test Result: p-value=0.3901 (Required < 0.10) | OLS Beta: 0.3578
Filter ON: Spread not stationary (p-value too high). Skipping optimization and OOS test.

--- Window 13 Boundary Check ---
IS Period RTH Bars: 980. Start: 2020-10-05 14:30:00+00:00 | End: 2020-11-25 19:45:00+00:00
OOS Start Bar Index: 5948 | Time: 2020-11-25 20:00:00+00:00
ADF Test Result: p-value=0.1796 (Required < 0.10) | OLS Beta: 1.4339
Filter ON: Spread not stationary (p-value too high). Skipping optimization and OOS test.

--- Window 14 Boundary Check ---
IS Period RTH Bars: 980. Start: 2020-10-26 14:30:00+00:00 | End: 2020-12-18 16:00:00+00:00
OOS Start Bar Index: 6338 | Time: 2020-12-18 16:15:00+00:00
ADF Test Result: p-value=0.0155 (Required < 0.10) | OLS Beta: 1.7461
Filter OFF: Spread is stationary. Proceeding with optimization.
IS Optimization Time: 0.03 seconds.
Optimal Params (Sharpe=5.0279, Calmar=0.0000): Z_E=2.1, Z_X=0.5, Z_SL=3.3
📊 Persistence: Saved 3 PnL points to wfa_outputs\oos_equity_curve_FLS_FAST_15m_20251109_014330_0.1.csv
OOS Period (2020-12-18 16:15:00+00:00 to 2021-01-12 18:45:00+00:00): PnL: $334.64 | Sharpe: 4.1040 | Calmar: 0.0000 | Trades: 1

--- Window 15 Boundary Check ---
IS Period RTH Bars: 980. Start: 2020-11-16 15:30:00+00:00 | End: 2021-01-12 18:45:00+00:00
OOS Start Bar Index: 6728 | Time: 2021-01-12 19:00:00+00:00
ADF Test Result: p-value=0.0230 (Required < 0.10) | OLS Beta: 1.6903
Filter OFF: Spread is stationary. Proceeding with optimization.
IS Optimization Time: 0.02 seconds.
Optimal Params (Sharpe=5.0636, Calmar=33.8221): Z_E=2.3, Z_X=1.5, Z_SL=3.3
📊 Persistence: Saved 101 PnL points to wfa_outputs\oos_equity_curve_FLS_FAST_15m_20251109_014330_0.1.csv
OOS Period (2021-01-12 19:00:00+00:00 to 2021-02-03 18:45:00+00:00): PnL: $-46.02 | Sharpe: -0.7234 | Calmar: -2.9012 | Trades: 98

--- Window 16 Boundary Check ---
IS Period RTH Bars: 980. Start: 2020-12-08 18:15:00+00:00 | End: 2021-02-03 18:45:00+00:00
OOS Start Bar Index: 7118 | Time: 2021-02-03 19:00:00+00:00
ADF Test Result: p-value=0.0132 (Required < 0.10) | OLS Beta: 0.2953
Filter OFF: Spread is stationary. Proceeding with optimization.
IS Optimization Time: 0.04 seconds.
Optimal Params (Sharpe=5.4658, Calmar=46.2521): Z_E=2.1, Z_X=1.5, Z_SL=3.3
📊 Persistence: Saved 142 PnL points to wfa_outputs\oos_equity_curve_FLS_FAST_15m_20251109_014330_0.1.csv
OOS Period (2021-02-03 19:00:00+00:00 to 2021-02-25 18:45:00+00:00): PnL: $-278.75 | Sharpe: -2.5509 | Calmar: -6.4427 | Trades: 41

--- Window 17 Boundary Check ---
IS Period RTH Bars: 980. Start: 2020-12-31 14:30:00+00:00 | End: 2021-02-25 18:45:00+00:00
OOS Start Bar Index: 7508 | Time: 2021-02-25 19:00:00+00:00
ADF Test Result: p-value=0.0909 (Required < 0.10) | OLS Beta: -0.0095
Filter OFF: Spread is stationary. Proceeding with optimization.
IS Optimization Time: 0.03 seconds.
Optimal Params (Sharpe=5.0550, Calmar=37.0978): Z_E=2.3, Z_X=1.5, Z_SL=3.3
📊 Persistence: Saved 152 PnL points to wfa_outputs\oos_equity_curve_FLS_FAST_15m_20251109_014330_0.1.csv
OOS Period (2021-02-25 19:00:00+00:00 to 2021-03-18 17:45:00+00:00): PnL: $-47.41 | Sharpe: -0.5734 | Calmar: -2.5089 | Trades: 10

--- Window 18 Boundary Check ---
IS Period RTH Bars: 980. Start: 2021-01-25 14:30:00+00:00 | End: 2021-03-18 17:45:00+00:00
OOS Start Bar Index: 7898 | Time: 2021-03-18 18:00:00+00:00
ADF Test Result: p-value=0.4808 (Required < 0.10) | OLS Beta: 0.0483
Filter ON: Spread not stationary (p-value too high). Skipping optimization and OOS test.

--- Window 19 Boundary Check ---
IS Period RTH Bars: 980. Start: 2021-02-16 14:30:00+00:00 | End: 2021-04-09 17:45:00+00:00
OOS Start Bar Index: 8288 | Time: 2021-04-09 18:00:00+00:00
ADF Test Result: p-value=0.0543 (Required < 0.10) | OLS Beta: 0.0413
Filter OFF: Spread is stationary. Proceeding with optimization.
IS Optimization Time: 0.04 seconds.
Optimal Params (Sharpe=7.3180, Calmar=0.0000): Z_E=2.5, Z_X=0.5, Z_SL=3.9
📊 Persistence: Saved 152 PnL points to wfa_outputs\oos_equity_curve_FLS_FAST_15m_20251109_014330_0.1.csv
OOS Period (2021-04-09 18:00:00+00:00 to 2021-05-03 17:30:00+00:00): PnL: $0.00 | Sharpe: 0.0000 | Calmar: 0.0000 | Trades: 0

--- Window 20 Boundary Check ---
IS Period RTH Bars: 980. Start: 2021-03-09 14:30:00+00:00 | End: 2021-05-03 17:30:00+00:00
OOS Start Bar Index: 8678 | Time: 2021-05-03 17:45:00+00:00
ADF Test Result: p-value=0.0055 (Required < 0.10) | OLS Beta: 0.0484
Filter OFF: Spread is stationary. Proceeding with optimization.
IS Optimization Time: 0.02 seconds.
Optimal Params (Sharpe=5.9544, Calmar=75.8106): Z_E=2.9, Z_X=0.7, Z_SL=3.3
📊 Persistence: Saved 204 PnL points to wfa_outputs\oos_equity_curve_FLS_FAST_15m_20251109_014330_0.1.csv
OOS Period (2021-05-03 17:45:00+00:00 to 2021-05-24 17:30:00+00:00): PnL: $-501.15 | Sharpe: -5.9831 | Calmar: -11.0183 | Trades: 52

--- Window 21 Boundary Check ---
IS Period RTH Bars: 980. Start: 2021-03-30 13:30:00+00:00 | End: 2021-05-24 17:30:00+00:00
OOS Start Bar Index: 9068 | Time: 2021-05-24 17:45:00+00:00
ADF Test Result: p-value=0.0964 (Required < 0.10) | OLS Beta: 0.9820
Filter OFF: Spread is stationary. Proceeding with optimization.
IS Optimization Time: 0.02 seconds.
Optimal Params (Sharpe=4.8370, Calmar=456.4336): Z_E=2.9, Z_X=0.7, Z_SL=4.2
📊 Persistence: Saved 205 PnL points to wfa_outputs\oos_equity_curve_FLS_FAST_15m_20251109_014330_0.1.csv
OOS Period (2021-05-24 17:45:00+00:00 to 2021-06-15 17:30:00+00:00): PnL: $58.26 | Sharpe: 4.1040 | Calmar: 0.0000 | Trades: 1

--- Window 22 Boundary Check ---
IS Period RTH Bars: 980. Start: 2021-04-21 19:45:00+00:00 | End: 2021-06-15 17:30:00+00:00
OOS Start Bar Index: 9458 | Time: 2021-06-15 17:45:00+00:00
ADF Test Result: p-value=0.4641 (Required < 0.10) | OLS Beta: 1.0900
Filter ON: Spread not stationary (p-value too high). Skipping optimization and OOS test.

--- Window 23 Boundary Check ---
IS Period RTH Bars: 980. Start: 2021-05-12 19:45:00+00:00 | End: 2021-07-07 17:30:00+00:00
OOS Start Bar Index: 9848 | Time: 2021-07-07 17:45:00+00:00
ADF Test Result: p-value=0.6550 (Required < 0.10) | OLS Beta: 1.1608
Filter ON: Spread not stationary (p-value too high). Skipping optimization and OOS test.

--- Window 24 Boundary Check ---
IS Period RTH Bars: 980. Start: 2021-06-03 19:45:00+00:00 | End: 2021-07-28 17:30:00+00:00
OOS Start Bar Index: 10238 | Time: 2021-07-28 17:45:00+00:00
ADF Test Result: p-value=0.2173 (Required < 0.10) | OLS Beta: 0.5071
Filter ON: Spread not stationary (p-value too high). Skipping optimization and OOS test.

--- Window 25 Boundary Check ---
IS Period RTH Bars: 980. Start: 2021-06-24 19:45:00+00:00 | End: 2021-08-18 17:30:00+00:00
OOS Start Bar Index: 10628 | Time: 2021-08-18 17:45:00+00:00
ADF Test Result: p-value=0.3774 (Required < 0.10) | OLS Beta: 0.1991
Filter ON: Spread not stationary (p-value too high). Skipping optimization and OOS test.

--- Window 26 Boundary Check ---
IS Period RTH Bars: 980. Start: 2021-07-16 19:45:00+00:00 | End: 2021-09-09 17:30:00+00:00
OOS Start Bar Index: 11018 | Time: 2021-09-09 17:45:00+00:00
ADF Test Result: p-value=0.9015 (Required < 0.10) | OLS Beta: -0.4960
Filter ON: Spread not stationary (p-value too high). Skipping optimization and OOS test.

--- Window 27 Boundary Check ---
IS Period RTH Bars: 980. Start: 2021-08-06 19:45:00+00:00 | End: 2021-09-30 17:30:00+00:00
OOS Start Bar Index: 11408 | Time: 2021-09-30 17:45:00+00:00
ADF Test Result: p-value=0.1306 (Required < 0.10) | OLS Beta: 1.9481
Filter ON: Spread not stationary (p-value too high). Skipping optimization and OOS test.

--- Window 28 Boundary Check ---
IS Period RTH Bars: 980. Start: 2021-08-27 19:45:00+00:00 | End: 2021-10-21 17:30:00+00:00
OOS Start Bar Index: 11798 | Time: 2021-10-21 17:45:00+00:00
ADF Test Result: p-value=0.0535 (Required < 0.10) | OLS Beta: 0.9968
Filter OFF: Spread is stationary. Proceeding with optimization.
IS Optimization Time: 0.03 seconds.
Optimal Params (Sharpe=-0.5714, Calmar=-1.6376): Z_E=3.3, Z_X=0.5, Z_SL=4.2
📊 Persistence: Saved 353 PnL points to wfa_outputs\oos_equity_curve_FLS_FAST_15m_20251109_014330_0.1.csv
OOS Period (2021-10-21 17:45:00+00:00 to 2021-11-12 18:15:00+00:00): PnL: $477.16 | Sharpe: 7.7092 | Calmar: 75.2803 | Trades: 148

--- Window 29 Boundary Check ---
IS Period RTH Bars: 980. Start: 2021-09-20 19:45:00+00:00 | End: 2021-11-12 18:15:00+00:00
OOS Start Bar Index: 12188 | Time: 2021-11-12 18:30:00+00:00
ADF Test Result: p-value=0.2158 (Required < 0.10) | OLS Beta: -0.2525
Filter ON: Spread not stationary (p-value too high). Skipping optimization and OOS test.

--- Window 30 Boundary Check ---
IS Period RTH Bars: 980. Start: 2021-10-11 19:45:00+00:00 | End: 2021-12-07 14:30:00+00:00
OOS Start Bar Index: 12578 | Time: 2021-12-07 14:45:00+00:00
ADF Test Result: p-value=0.1140 (Required < 0.10) | OLS Beta: -1.0195
Filter ON: Spread not stationary (p-value too high). Skipping optimization and OOS test.

--- Window 31 Boundary Check ---
IS Period RTH Bars: 980. Start: 2021-11-02 19:30:00+00:00 | End: 2021-12-29 14:30:00+00:00
OOS Start Bar Index: 12968 | Time: 2021-12-29 14:45:00+00:00
ADF Test Result: p-value=0.2667 (Required < 0.10) | OLS Beta: -1.0047
Filter ON: Spread not stationary (p-value too high). Skipping optimization and OOS test.

--- Window 32 Boundary Check ---
IS Period RTH Bars: 980. Start: 2021-11-23 20:30:00+00:00 | End: 2022-01-20 14:30:00+00:00
OOS Start Bar Index: 13358 | Time: 2022-01-20 14:45:00+00:00
ADF Test Result: p-value=0.1251 (Required < 0.10) | OLS Beta: -0.3737
Filter ON: Spread not stationary (p-value too high). Skipping optimization and OOS test.

--- Window 33 Boundary Check ---
IS Period RTH Bars: 980. Start: 2021-12-16 16:45:00+00:00 | End: 2022-02-10 14:30:00+00:00
OOS Start Bar Index: 13748 | Time: 2022-02-10 14:45:00+00:00
ADF Test Result: p-value=0.1795 (Required < 0.10) | OLS Beta: -0.4948
Filter ON: Spread not stationary (p-value too high). Skipping optimization and OOS test.

--- Window 34 Boundary Check ---
IS Period RTH Bars: 980. Start: 2022-01-07 16:45:00+00:00 | End: 2022-03-04 14:30:00+00:00
OOS Start Bar Index: 14138 | Time: 2022-03-04 14:45:00+00:00
ADF Test Result: p-value=0.2337 (Required < 0.10) | OLS Beta: 0.1388
Filter ON: Spread not stationary (p-value too high). Skipping optimization and OOS test.

--- Window 35 Boundary Check ---
IS Period RTH Bars: 980. Start: 2022-01-31 16:45:00+00:00 | End: 2022-03-25 19:45:00+00:00
OOS Start Bar Index: 14528 | Time: 2022-03-28 13:30:00+00:00
ADF Test Result: p-value=0.2367 (Required < 0.10) | OLS Beta: 0.6487
Filter ON: Spread not stationary (p-value too high). Skipping optimization and OOS test.

--- Window 36 Boundary Check ---
IS Period RTH Bars: 980. Start: 2022-02-22 16:45:00+00:00 | End: 2022-04-18 19:45:00+00:00
OOS Start Bar Index: 14918 | Time: 2022-04-19 13:30:00+00:00
ADF Test Result: p-value=0.4053 (Required < 0.10) | OLS Beta: 1.0315
Filter ON: Spread not stationary (p-value too high). Skipping optimization and OOS test.

--- Window 37 Boundary Check ---
IS Period RTH Bars: 980. Start: 2022-03-16 15:30:00+00:00 | End: 2022-05-09 19:45:00+00:00
OOS Start Bar Index: 15308 | Time: 2022-05-10 13:30:00+00:00
ADF Test Result: p-value=0.3925 (Required < 0.10) | OLS Beta: 1.2385
Filter ON: Spread not stationary (p-value too high). Skipping optimization and OOS test.

--- Window 38 Boundary Check ---
IS Period RTH Bars: 980. Start: 2022-04-06 15:30:00+00:00 | End: 2022-05-31 19:45:00+00:00
OOS Start Bar Index: 15698 | Time: 2022-06-01 13:30:00+00:00
ADF Test Result: p-value=0.1373 (Required < 0.10) | OLS Beta: 1.5543
Filter ON: Spread not stationary (p-value too high). Skipping optimization and OOS test.

--- Window 39 Boundary Check ---
IS Period RTH Bars: 980. Start: 2022-04-28 15:30:00+00:00 | End: 2022-06-22 19:45:00+00:00
OOS Start Bar Index: 16088 | Time: 2022-06-23 13:30:00+00:00
ADF Test Result: p-value=0.0078 (Required < 0.10) | OLS Beta: 0.9929
Filter OFF: Spread is stationary. Proceeding with optimization.
IS Optimization Time: 0.02 seconds.
Optimal Params (Sharpe=3.8529, Calmar=35.7664): Z_E=1.9, Z_X=0.3, Z_SL=3.3
📊 Persistence: Saved 355 PnL points to wfa_outputs\oos_equity_curve_FLS_FAST_15m_20251109_014330_0.1.csv
OOS Period (2022-06-23 13:30:00+00:00 to 2022-07-14 19:45:00+00:00): PnL: $489.04 | Sharpe: 5.7726 | Calmar: 0.0000 | Trades: 2

--- Window 40 Boundary Check ---
IS Period RTH Bars: 980. Start: 2022-05-19 15:30:00+00:00 | End: 2022-07-14 19:45:00+00:00
OOS Start Bar Index: 16478 | Time: 2022-07-15 13:30:00+00:00
ADF Test Result: p-value=0.0185 (Required < 0.10) | OLS Beta: 1.0046
Filter OFF: Spread is stationary. Proceeding with optimization.
IS Optimization Time: 0.02 seconds.
Optimal Params (Sharpe=3.9764, Calmar=22.3416): Z_E=2.3, Z_X=0.3, Z_SL=3.3
📊 Persistence: Saved 491 PnL points to wfa_outputs\oos_equity_curve_FLS_FAST_15m_20251109_014330_0.1.csv
OOS Period (2022-07-15 13:30:00+00:00 to 2022-08-04 19:45:00+00:00): PnL: $89.65 | Sharpe: 1.8120 | Calmar: 8.2555 | Trades: 136

--- Window 41 Boundary Check ---
IS Period RTH Bars: 980. Start: 2022-06-10 15:30:00+00:00 | End: 2022-08-04 19:45:00+00:00
OOS Start Bar Index: 16868 | Time: 2022-08-05 13:30:00+00:00
ADF Test Result: p-value=0.8377 (Required < 0.10) | OLS Beta: 1.1463
Filter ON: Spread not stationary (p-value too high). Skipping optimization and OOS test.

--- Window 42 Boundary Check ---
IS Period RTH Bars: 980. Start: 2022-07-05 15:30:00+00:00 | End: 2022-08-25 19:45:00+00:00
OOS Start Bar Index: 17258 | Time: 2022-08-26 13:30:00+00:00
ADF Test Result: p-value=0.4684 (Required < 0.10) | OLS Beta: 1.2182
Filter ON: Spread not stationary (p-value too high). Skipping optimization and OOS test.

--- Window 43 Boundary Check ---
IS Period RTH Bars: 980. Start: 2022-07-26 15:30:00+00:00 | End: 2022-09-16 19:45:00+00:00
OOS Start Bar Index: 17648 | Time: 2022-09-19 13:30:00+00:00
ADF Test Result: p-value=0.6864 (Required < 0.10) | OLS Beta: 1.1122
Filter ON: Spread not stationary (p-value too high). Skipping optimization and OOS test.

--- Window 44 Boundary Check ---
IS Period RTH Bars: 980. Start: 2022-08-16 15:30:00+00:00 | End: 2022-10-07 19:45:00+00:00
OOS Start Bar Index: 18038 | Time: 2022-10-10 13:30:00+00:00
ADF Test Result: p-value=0.4075 (Required < 0.10) | OLS Beta: 1.8172
Filter ON: Spread not stationary (p-value too high). Skipping optimization and OOS test.

--- Window 45 Boundary Check ---
IS Period RTH Bars: 980. Start: 2022-09-07 15:30:00+00:00 | End: 2022-10-28 19:45:00+00:00
OOS Start Bar Index: 18428 | Time: 2022-10-31 13:30:00+00:00
ADF Test Result: p-value=0.2393 (Required < 0.10) | OLS Beta: 1.8216
Filter ON: Spread not stationary (p-value too high). Skipping optimization and OOS test.

--- Window 46 Boundary Check ---
IS Period RTH Bars: 980. Start: 2022-09-28 15:30:00+00:00 | End: 2022-11-18 20:45:00+00:00
OOS Start Bar Index: 18818 | Time: 2022-11-21 14:30:00+00:00
ADF Test Result: p-value=0.0103 (Required < 0.10) | OLS Beta: 1.9718
Filter OFF: Spread is stationary. Proceeding with optimization.
IS Optimization Time: 0.03 seconds.
Optimal Params (Sharpe=-1.3787, Calmar=-4.0684): Z_E=3.3, Z_X=1.5, Z_SL=3.6
📊 Persistence: Saved 491 PnL points to wfa_outputs\oos_equity_curve_FLS_FAST_15m_20251109_014330_0.1.csv
OOS Period (2022-11-21 14:30:00+00:00 to 2022-12-13 17:00:00+00:00): PnL: $0.00 | Sharpe: 0.0000 | Calmar: 0.0000 | Trades: 0

--- Window 47 Boundary Check ---
IS Period RTH Bars: 980. Start: 2022-10-19 15:30:00+00:00 | End: 2022-12-13 17:00:00+00:00
OOS Start Bar Index: 19208 | Time: 2022-12-13 17:15:00+00:00
ADF Test Result: p-value=0.0170 (Required < 0.10) | OLS Beta: 1.4920
Filter OFF: Spread is stationary. Proceeding with optimization.
IS Optimization Time: 0.03 seconds.
Optimal Params (Sharpe=-1.2156, Calmar=-3.2692): Z_E=1.9, Z_X=0.3, Z_SL=3.9
📊 Persistence: Saved 536 PnL points to wfa_outputs\oos_equity_curve_FLS_FAST_15m_20251109_014330_0.1.csv
OOS Period (2022-12-13 17:15:00+00:00 to 2023-01-05 17:00:00+00:00): PnL: $-312.58 | Sharpe: -6.2299 | Calmar: -12.2331 | Trades: 45

--- Window 48 Boundary Check ---
IS Period RTH Bars: 980. Start: 2022-11-09 16:30:00+00:00 | End: 2023-01-05 17:00:00+00:00
OOS Start Bar Index: 19598 | Time: 2023-01-05 17:15:00+00:00
ADF Test Result: p-value=0.1472 (Required < 0.10) | OLS Beta: 0.5086
Filter ON: Spread not stationary (p-value too high). Skipping optimization and OOS test.

--- Window 49 Boundary Check ---
IS Period RTH Bars: 980. Start: 2022-12-01 19:15:00+00:00 | End: 2023-01-27 17:00:00+00:00
OOS Start Bar Index: 19988 | Time: 2023-01-27 17:15:00+00:00
ADF Test Result: p-value=0.8556 (Required < 0.10) | OLS Beta: 0.1642
Filter ON: Spread not stationary (p-value too high). Skipping optimization and OOS test.

--- Window 50 Boundary Check ---
IS Period RTH Bars: 980. Start: 2022-12-22 19:15:00+00:00 | End: 2023-02-17 17:00:00+00:00
OOS Start Bar Index: 20378 | Time: 2023-02-17 17:15:00+00:00
ADF Test Result: p-value=0.0909 (Required < 0.10) | OLS Beta: 0.9790
Filter OFF: Spread is stationary. Proceeding with optimization.
IS Optimization Time: 0.03 seconds.
Optimal Params (Sharpe=7.3643, Calmar=99.0591): Z_E=1.9, Z_X=0.9, Z_SL=4.2
📊 Persistence: Saved 537 PnL points to wfa_outputs\oos_equity_curve_FLS_FAST_15m_20251109_014330_0.1.csv
OOS Period (2023-02-17 17:15:00+00:00 to 2023-03-13 16:00:00+00:00): PnL: $-150.86 | Sharpe: -4.1040 | Calmar: -13.7083 | Trades: 1

--- Window 51 Boundary Check ---
IS Period RTH Bars: 980. Start: 2023-01-17 19:15:00+00:00 | End: 2023-03-13 16:00:00+00:00
OOS Start Bar Index: 20768 | Time: 2023-03-13 16:15:00+00:00
ADF Test Result: p-value=0.7192 (Required < 0.10) | OLS Beta: 0.4959
Filter ON: Spread not stationary (p-value too high). Skipping optimization and OOS test.

--- Window 52 Boundary Check ---
IS Period RTH Bars: 980. Start: 2023-02-07 19:15:00+00:00 | End: 2023-04-03 16:00:00+00:00
OOS Start Bar Index: 21158 | Time: 2023-04-03 16:15:00+00:00
ADF Test Result: p-value=0.6594 (Required < 0.10) | OLS Beta: 0.7322
Filter ON: Spread not stationary (p-value too high). Skipping optimization and OOS test.

--- Window 53 Boundary Check ---
IS Period RTH Bars: 980. Start: 2023-03-01 19:15:00+00:00 | End: 2023-04-25 16:00:00+00:00
OOS Start Bar Index: 21548 | Time: 2023-04-25 16:15:00+00:00
ADF Test Result: p-value=0.1116 (Required < 0.10) | OLS Beta: 1.1352
Filter ON: Spread not stationary (p-value too high). Skipping optimization and OOS test.

--- Window 54 Boundary Check ---
IS Period RTH Bars: 980. Start: 2023-03-22 18:15:00+00:00 | End: 2023-05-16 16:00:00+00:00
OOS Start Bar Index: 21938 | Time: 2023-05-16 16:15:00+00:00
ADF Test Result: p-value=0.1053 (Required < 0.10) | OLS Beta: 1.4328
Filter ON: Spread not stationary (p-value too high). Skipping optimization and OOS test.

--- Window 55 Boundary Check ---
IS Period RTH Bars: 980. Start: 2023-04-13 18:15:00+00:00 | End: 2023-06-07 16:00:00+00:00
OOS Start Bar Index: 22328 | Time: 2023-06-07 16:15:00+00:00
ADF Test Result: p-value=0.3943 (Required < 0.10) | OLS Beta: 1.2635
Filter ON: Spread not stationary (p-value too high). Skipping optimization and OOS test.

--- Window 56 Boundary Check ---
IS Period RTH Bars: 980. Start: 2023-05-04 18:15:00+00:00 | End: 2023-06-29 16:00:00+00:00
OOS Start Bar Index: 22718 | Time: 2023-06-29 16:15:00+00:00
ADF Test Result: p-value=0.3462 (Required < 0.10) | OLS Beta: 0.7983
Filter ON: Spread not stationary (p-value too high). Skipping optimization and OOS test.

--- Window 57 Boundary Check ---
IS Period RTH Bars: 980. Start: 2023-05-25 18:15:00+00:00 | End: 2023-07-21 18:45:00+00:00
OOS Start Bar Index: 23108 | Time: 2023-07-21 19:00:00+00:00
ADF Test Result: p-value=0.3374 (Required < 0.10) | OLS Beta: 1.0474
Filter ON: Spread not stationary (p-value too high). Skipping optimization and OOS test.

--- Window 58 Boundary Check ---
IS Period RTH Bars: 980. Start: 2023-06-16 18:15:00+00:00 | End: 2023-08-11 18:45:00+00:00
OOS Start Bar Index: 23498 | Time: 2023-08-11 19:00:00+00:00
ADF Test Result: p-value=0.6070 (Required < 0.10) | OLS Beta: -0.0710
Filter ON: Spread not stationary (p-value too high). Skipping optimization and OOS test.

--- Window 59 Boundary Check ---
IS Period RTH Bars: 980. Start: 2023-07-12 14:30:00+00:00 | End: 2023-09-01 18:45:00+00:00
OOS Start Bar Index: 23888 | Time: 2023-09-01 19:00:00+00:00
ADF Test Result: p-value=0.3418 (Required < 0.10) | OLS Beta: -0.3899
Filter ON: Spread not stationary (p-value too high). Skipping optimization and OOS test.

--- Window 60 Boundary Check ---
IS Period RTH Bars: 980. Start: 2023-08-02 14:30:00+00:00 | End: 2023-09-25 18:45:00+00:00
OOS Start Bar Index: 24278 | Time: 2023-09-25 19:00:00+00:00
ADF Test Result: p-value=0.0312 (Required < 0.10) | OLS Beta: -0.3401
Filter OFF: Spread is stationary. Proceeding with optimization.
IS Optimization Time: 0.03 seconds.
Optimal Params (Sharpe=1.0385, Calmar=4.9153): Z_E=2.9, Z_X=1.3, Z_SL=3.3
📊 Persistence: Saved 538 PnL points to wfa_outputs\oos_equity_curve_FLS_FAST_15m_20251109_014330_0.1.csv
OOS Period (2023-09-25 19:00:00+00:00 to 2023-10-16 18:45:00+00:00): PnL: $127.12 | Sharpe: 4.1040 | Calmar: 0.0000 | Trades: 1

--- Window 61 Boundary Check ---
IS Period RTH Bars: 980. Start: 2023-08-23 14:30:00+00:00 | End: 2023-10-16 18:45:00+00:00
OOS Start Bar Index: 24668 | Time: 2023-10-16 19:00:00+00:00
ADF Test Result: p-value=0.0077 (Required < 0.10) | OLS Beta: -0.1506
Filter OFF: Spread is stationary. Proceeding with optimization.
IS Optimization Time: 0.03 seconds.
Optimal Params (Sharpe=1.1446, Calmar=4.9205): Z_E=2.1, Z_X=0.3, Z_SL=4.5
📊 Persistence: Saved 556 PnL points to wfa_outputs\oos_equity_curve_FLS_FAST_15m_20251109_014330_0.1.csv
OOS Period (2023-10-16 19:00:00+00:00 to 2023-11-06 19:45:00+00:00): PnL: $-7.15 | Sharpe: -0.0405 | Calmar: -0.2848 | Trades: 18

--- Window 62 Boundary Check ---
IS Period RTH Bars: 980. Start: 2023-09-14 14:30:00+00:00 | End: 2023-11-06 19:45:00+00:00
OOS Start Bar Index: 25058 | Time: 2023-11-06 20:00:00+00:00
ADF Test Result: p-value=0.1017 (Required < 0.10) | OLS Beta: -0.4091
Filter ON: Spread not stationary (p-value too high). Skipping optimization and OOS test.

--- Window 63 Boundary Check ---
IS Period RTH Bars: 980. Start: 2023-10-05 14:30:00+00:00 | End: 2023-11-29 16:00:00+00:00
OOS Start Bar Index: 25448 | Time: 2023-11-29 16:15:00+00:00
ADF Test Result: p-value=0.1243 (Required < 0.10) | OLS Beta: 0.1903
Filter ON: Spread not stationary (p-value too high). Skipping optimization and OOS test.

--- Window 64 Boundary Check ---
IS Period RTH Bars: 980. Start: 2023-10-26 14:30:00+00:00 | End: 2023-12-20 16:00:00+00:00
OOS Start Bar Index: 25838 | Time: 2023-12-20 16:15:00+00:00
ADF Test Result: p-value=0.0196 (Required < 0.10) | OLS Beta: 0.7651
Filter OFF: Spread is stationary. Proceeding with optimization.
IS Optimization Time: 0.03 seconds.
Optimal Params (Sharpe=4.7371, Calmar=0.0000): Z_E=2.9, Z_X=1.5, Z_SL=3.3
📊 Persistence: Saved 557 PnL points to wfa_outputs\oos_equity_curve_FLS_FAST_15m_20251109_014330_0.1.csv
OOS Period (2023-12-20 16:15:00+00:00 to 2024-01-12 16:00:00+00:00): PnL: $45.93 | Sharpe: 4.1040 | Calmar: 0.0000 | Trades: 1

--- Window 65 Boundary Check ---
IS Period RTH Bars: 980. Start: 2023-11-16 15:30:00+00:00 | End: 2024-01-12 16:00:00+00:00
OOS Start Bar Index: 26228 | Time: 2024-01-12 16:15:00+00:00
ADF Test Result: p-value=0.2093 (Required < 0.10) | OLS Beta: 0.9268
Filter ON: Spread not stationary (p-value too high). Skipping optimization and OOS test.

--- Window 66 Boundary Check ---
IS Period RTH Bars: 980. Start: 2023-12-08 18:15:00+00:00 | End: 2024-02-05 16:00:00+00:00
OOS Start Bar Index: 26618 | Time: 2024-02-05 16:15:00+00:00
ADF Test Result: p-value=0.0575 (Required < 0.10) | OLS Beta: 0.2117
Filter OFF: Spread is stationary. Proceeding with optimization.
IS Optimization Time: 0.03 seconds.
Optimal Params (Sharpe=5.9090, Calmar=0.0000): Z_E=2.5, Z_X=1.3, Z_SL=3.3
📊 Persistence: Saved 568 PnL points to wfa_outputs\oos_equity_curve_FLS_FAST_15m_20251109_014330_0.1.csv
OOS Period (2024-02-05 16:15:00+00:00 to 2024-02-27 16:00:00+00:00): PnL: $257.43 | Sharpe: 2.9600 | Calmar: 38.7367 | Trades: 11

--- Window 67 Boundary Check ---
IS Period RTH Bars: 980. Start: 2024-01-02 18:15:00+00:00 | End: 2024-02-27 16:00:00+00:00
OOS Start Bar Index: 27008 | Time: 2024-02-27 16:15:00+00:00
ADF Test Result: p-value=0.1589 (Required < 0.10) | OLS Beta: 0.3588
Filter ON: Spread not stationary (p-value too high). Skipping optimization and OOS test.

--- Window 68 Boundary Check ---
IS Period RTH Bars: 980. Start: 2024-01-24 18:15:00+00:00 | End: 2024-03-19 15:00:00+00:00
OOS Start Bar Index: 27398 | Time: 2024-03-19 15:15:00+00:00
ADF Test Result: p-value=0.1360 (Required < 0.10) | OLS Beta: 0.7175
Filter ON: Spread not stationary (p-value too high). Skipping optimization and OOS test.

--- Window 69 Boundary Check ---
IS Period RTH Bars: 980. Start: 2024-02-14 18:15:00+00:00 | End: 2024-04-10 15:00:00+00:00
OOS Start Bar Index: 27788 | Time: 2024-04-10 15:15:00+00:00
ADF Test Result: p-value=0.9156 (Required < 0.10) | OLS Beta: 0.9577
Filter ON: Spread not stationary (p-value too high). Skipping optimization and OOS test.

--- Window 70 Boundary Check ---
IS Period RTH Bars: 980. Start: 2024-03-07 18:15:00+00:00 | End: 2024-05-01 15:00:00+00:00
OOS Start Bar Index: 28178 | Time: 2024-05-01 15:15:00+00:00
ADF Test Result: p-value=0.1948 (Required < 0.10) | OLS Beta: -0.1899
Filter ON: Spread not stationary (p-value too high). Skipping optimization and OOS test.

--- Window 71 Boundary Check ---
IS Period RTH Bars: 980. Start: 2024-03-28 17:15:00+00:00 | End: 2024-05-22 15:00:00+00:00
OOS Start Bar Index: 28568 | Time: 2024-05-22 15:15:00+00:00
ADF Test Result: p-value=0.5821 (Required < 0.10) | OLS Beta: -0.2253
Filter ON: Spread not stationary (p-value too high). Skipping optimization and OOS test.

--- Window 72 Boundary Check ---
IS Period RTH Bars: 980. Start: 2024-04-19 17:15:00+00:00 | End: 2024-06-13 15:00:00+00:00
OOS Start Bar Index: 28958 | Time: 2024-06-13 15:15:00+00:00
ADF Test Result: p-value=0.1692 (Required < 0.10) | OLS Beta: -0.1095
Filter ON: Spread not stationary (p-value too high). Skipping optimization and OOS test.

--- Window 73 Boundary Check ---
IS Period RTH Bars: 980. Start: 2024-05-10 17:15:00+00:00 | End: 2024-07-08 17:45:00+00:00
OOS Start Bar Index: 29348 | Time: 2024-07-08 18:00:00+00:00
ADF Test Result: p-value=0.0366 (Required < 0.10) | OLS Beta: 0.8241
Filter OFF: Spread is stationary. Proceeding with optimization.
IS Optimization Time: 0.03 seconds.
Optimal Params (Sharpe=6.4179, Calmar=123.6167): Z_E=1.9, Z_X=0.3, Z_SL=3.9
📊 Persistence: Saved 569 PnL points to wfa_outputs\oos_equity_curve_FLS_FAST_15m_20251109_014330_0.1.csv
OOS Period (2024-07-08 18:00:00+00:00 to 2024-07-29 17:45:00+00:00): PnL: $-21.28 | Sharpe: -4.1040 | Calmar: -17.0896 | Trades: 1

--- Window 74 Boundary Check ---
IS Period RTH Bars: 980. Start: 2024-06-03 17:15:00+00:00 | End: 2024-07-29 17:45:00+00:00
OOS Start Bar Index: 29738 | Time: 2024-07-29 18:00:00+00:00
ADF Test Result: p-value=0.0082 (Required < 0.10) | OLS Beta: 0.7675
Filter OFF: Spread is stationary. Proceeding with optimization.
IS Optimization Time: 0.02 seconds.
Optimal Params (Sharpe=7.4703, Calmar=206.2616): Z_E=1.9, Z_X=0.3, Z_SL=3.9
📊 Persistence: Saved 720 PnL points to wfa_outputs\oos_equity_curve_FLS_FAST_15m_20251109_014330_0.1.csv
OOS Period (2024-07-29 18:00:00+00:00 to 2024-08-19 17:45:00+00:00): PnL: $27.71 | Sharpe: 0.5682 | Calmar: 1.8879 | Trades: 151

--- Window 75 Boundary Check ---
IS Period RTH Bars: 980. Start: 2024-06-25 17:15:00+00:00 | End: 2024-08-19 17:45:00+00:00
OOS Start Bar Index: 30128 | Time: 2024-08-19 18:00:00+00:00
ADF Test Result: p-value=0.5445 (Required < 0.10) | OLS Beta: 0.5879
Filter ON: Spread not stationary (p-value too high). Skipping optimization and OOS test.

--- Window 76 Boundary Check ---
IS Period RTH Bars: 980. Start: 2024-07-18 13:30:00+00:00 | End: 2024-09-10 17:45:00+00:00
OOS Start Bar Index: 30518 | Time: 2024-09-10 18:00:00+00:00
ADF Test Result: p-value=0.6119 (Required < 0.10) | OLS Beta: 1.3385
Filter ON: Spread not stationary (p-value too high). Skipping optimization and OOS test.

--- Window 77 Boundary Check ---
IS Period RTH Bars: 980. Start: 2024-08-08 13:30:00+00:00 | End: 2024-10-01 17:45:00+00:00
OOS Start Bar Index: 30908 | Time: 2024-10-01 18:00:00+00:00
ADF Test Result: p-value=0.6799 (Required < 0.10) | OLS Beta: 0.8685
Filter ON: Spread not stationary (p-value too high). Skipping optimization and OOS test.

--- Window 78 Boundary Check ---
IS Period RTH Bars: 980. Start: 2024-08-29 13:30:00+00:00 | End: 2024-10-22 17:45:00+00:00
OOS Start Bar Index: 31298 | Time: 2024-10-22 18:00:00+00:00
ADF Test Result: p-value=0.6897 (Required < 0.10) | OLS Beta: 1.0341
Filter ON: Spread not stationary (p-value too high). Skipping optimization and OOS test.

--- Window 79 Boundary Check ---
IS Period RTH Bars: 980. Start: 2024-09-20 13:30:00+00:00 | End: 2024-11-12 18:45:00+00:00
OOS Start Bar Index: 31688 | Time: 2024-11-12 19:00:00+00:00
ADF Test Result: p-value=0.1127 (Required < 0.10) | OLS Beta: 0.6889
Filter ON: Spread not stationary (p-value too high). Skipping optimization and OOS test.

--- Window 80 Boundary Check ---
IS Period RTH Bars: 980. Start: 2024-10-11 13:30:00+00:00 | End: 2024-12-05 15:00:00+00:00
OOS Start Bar Index: 32078 | Time: 2024-12-05 15:15:00+00:00
ADF Test Result: p-value=0.0084 (Required < 0.10) | OLS Beta: 1.4010
Filter OFF: Spread is stationary. Proceeding with optimization.
IS Optimization Time: 0.03 seconds.
Optimal Params (Sharpe=2.5136, Calmar=15.8287): Z_E=3.1, Z_X=0.9, Z_SL=3.9
📊 Persistence: Saved 857 PnL points to wfa_outputs\oos_equity_curve_FLS_FAST_15m_20251109_014330_0.1.csv
OOS Period (2024-12-05 15:15:00+00:00 to 2024-12-27 17:45:00+00:00): PnL: $-236.81 | Sharpe: -5.8942 | Calmar: -10.6924 | Trades: 137

--- Window 81 Boundary Check ---
IS Period RTH Bars: 980. Start: 2024-11-01 13:30:00+00:00 | End: 2024-12-27 17:45:00+00:00
OOS Start Bar Index: 32468 | Time: 2024-12-27 18:00:00+00:00
ADF Test Result: p-value=0.0116 (Required < 0.10) | OLS Beta: 0.4319
Filter OFF: Spread is stationary. Proceeding with optimization.
IS Optimization Time: 0.03 seconds.
Optimal Params (Sharpe=1.2426, Calmar=6.1244): Z_E=3.1, Z_X=0.9, Z_SL=3.9
📊 Persistence: Saved 857 PnL points to wfa_outputs\oos_equity_curve_FLS_FAST_15m_20251109_014330_0.1.csv
OOS Period (2024-12-27 18:00:00+00:00 to 2024-12-27 20:45:00+00:00): PnL: $0.00 | Sharpe: 0.0000 | Calmar: 0.0000 | Trades: 0

############################################################
📈 OVERALL SIMULATION PERFORMANCE (Walk-Forward Test)
############################################################
Timeframe Used: 1Min, Value: 15
ADF Cointegration Filter Threshold: 0.1
Total OOS Windows Tested: 81
Total Trades Executed: 857
--- Final Performance Metrics ---
Total PnL: $191.61
Overall Sharpe Ratio (Annualized): 0.0289
Overall Calmar Ratio (Annualized): 0.0083
Maximum Dollar Drawdown (MDD): $908.57

--- Execution Time ---
Total Elapsed Time: 33.65 seconds
############################################################
[0m