--- Dynamic Timeframe Configuration ---
TimeFrame Selected: 1Min, Value: 1
Bars per Trading Day: 390
Annualization Factor (Bars/Year): 98280
Statistical Lookback Bars: 2184
Optimization Lookback Bars: 19032
---------------------------------------
--- Diagnostic Check ---
API Key ID Length: 26
API Secret Key Length: 44
StockHistoricalDataClient initialized successfully. Starting data fetch...
--------------------------
Pre-compiling Numba function for first run optimization...
Numba pre-compilation complete.
Fetching data from 2020-01-08 to 2025-01-06...
Fetching 1Min data for FLS...
Fetching 1Min data for FAST...
Data acquired successfully. Total 1Min RTH bars: 438975
Skipping full pre-calculation. Metrics will be calculated inside the WFA loop.

============================================================
📈 Starting Rolling Backtest: IS Optimization Window=19032 bars, Shift=15 days
   Data already processed with Statistical Rolling Window: 2184 bars
   ADF Cointegration Filter: p-value < 0.05
============================================================

--- Window 1 Boundary Check ---
IS Period RTH Bars: 14666. Start: 2020-01-28 18:58:00+00:00 | End: 2020-03-25 15:29:00+00:00
OOS Start Bar Index: 19032 | Time: 2020-03-25 15:30:00+00:00
ADF Test Result: p-value=0.1146 (Required < 0.05) | OLS Beta: 3.3950
Filter ON: Spread not stationary (p-value too high). Skipping optimization and OOS test.

--- Window 2 Boundary Check ---
IS Period RTH Bars: 14666. Start: 2020-02-21 15:41:00+00:00 | End: 2020-04-16 16:28:00+00:00
OOS Start Bar Index: 24882 | Time: 2020-04-16 16:29:00+00:00
ADF Test Result: p-value=0.5175 (Required < 0.05) | OLS Beta: 3.0850
Filter ON: Spread not stationary (p-value too high). Skipping optimization and OOS test.

--- Window 3 Boundary Check ---
IS Period RTH Bars: 14666. Start: 2020-03-13 17:08:00+00:00 | End: 2020-05-07 19:11:00+00:00
OOS Start Bar Index: 30732 | Time: 2020-05-07 19:12:00+00:00
ADF Test Result: p-value=0.2636 (Required < 0.05) | OLS Beta: 0.9245
Filter ON: Spread not stationary (p-value too high). Skipping optimization and OOS test.

--- Window 4 Boundary Check ---
IS Period RTH Bars: 14666. Start: 2020-04-03 18:42:00+00:00 | End: 2020-06-01 13:39:00+00:00
OOS Start Bar Index: 36582 | Time: 2020-06-01 13:40:00+00:00
ADF Test Result: p-value=0.1209 (Required < 0.05) | OLS Beta: -0.0596
Filter ON: Spread not stationary (p-value too high). Skipping optimization and OOS test.

--- Window 5 Boundary Check ---
IS Period RTH Bars: 14666. Start: 2020-04-28 14:28:00+00:00 | End: 2020-06-22 15:57:00+00:00
OOS Start Bar Index: 42432 | Time: 2020-06-22 15:58:00+00:00
ADF Test Result: p-value=0.3791 (Required < 0.05) | OLS Beta: 0.8726
Filter ON: Spread not stationary (p-value too high). Skipping optimization and OOS test.

--- Window 6 Boundary Check ---
IS Period RTH Bars: 14666. Start: 2020-05-19 15:31:00+00:00 | End: 2020-07-15 14:04:00+00:00
OOS Start Bar Index: 48282 | Time: 2020-07-15 14:05:00+00:00
ADF Test Result: p-value=0.1150 (Required < 0.05) | OLS Beta: 1.1800
Filter ON: Spread not stationary (p-value too high). Skipping optimization and OOS test.

--- Window 7 Boundary Check ---
IS Period RTH Bars: 14666. Start: 2020-06-10 16:50:00+00:00 | End: 2020-08-05 19:35:00+00:00
OOS Start Bar Index: 54132 | Time: 2020-08-05 19:36:00+00:00
ADF Test Result: p-value=0.0154 (Required < 0.05) | OLS Beta: 0.5189
Filter OFF: Spread is stationary. Proceeding with optimization.
IS Optimization Time: 0.05 seconds.
Optimal Params (Sharpe=2.0083, Calmar=8.9206): Z_E=2.7, Z_X=0.3, Z_SL=3.3
📊 Persistence: Saved 0 PnL points to wfa_outputs\oos_equity_curve_FLS_FAST_1m_20251109_014646_0.05.csv
OOS Period (2020-08-05 19:36:00+00:00 to 2020-08-28 14:37:00+00:00): PnL: $0.00 | Sharpe: 0.0000 | Calmar: 0.0000 | Trades: 0

--- Window 8 Boundary Check ---
IS Period RTH Bars: 14666. Start: 2020-07-02 14:01:00+00:00 | End: 2020-08-28 14:37:00+00:00
OOS Start Bar Index: 59982 | Time: 2020-08-28 14:38:00+00:00
ADF Test Result: p-value=0.2591 (Required < 0.05) | OLS Beta: 0.4757
Filter ON: Spread not stationary (p-value too high). Skipping optimization and OOS test.

--- Window 9 Boundary Check ---
IS Period RTH Bars: 14666. Start: 2020-07-24 19:27:00+00:00 | End: 2020-09-22 13:57:00+00:00
OOS Start Bar Index: 65832 | Time: 2020-09-22 13:59:00+00:00
ADF Test Result: p-value=0.1868 (Required < 0.05) | OLS Beta: 0.6642
Filter ON: Spread not stationary (p-value too high). Skipping optimization and OOS test.

--- Window 10 Boundary Check ---
IS Period RTH Bars: 14666. Start: 2020-08-17 18:06:00+00:00 | End: 2020-10-14 17:41:00+00:00
OOS Start Bar Index: 71682 | Time: 2020-10-14 17:42:00+00:00
ADF Test Result: p-value=0.0681 (Required < 0.05) | OLS Beta: 0.7657
Filter ON: Spread not stationary (p-value too high). Skipping optimization and OOS test.

--- Window 11 Boundary Check ---
IS Period RTH Bars: 14666. Start: 2020-09-10 14:35:00+00:00 | End: 2020-11-05 18:03:00+00:00
OOS Start Bar Index: 77532 | Time: 2020-11-05 18:04:00+00:00
ADF Test Result: p-value=0.5551 (Required < 0.05) | OLS Beta: 0.5037
Filter ON: Spread not stationary (p-value too high). Skipping optimization and OOS test.

--- Window 12 Boundary Check ---
IS Period RTH Bars: 14666. Start: 2020-10-01 19:22:00+00:00 | End: 2020-11-30 20:50:00+00:00
OOS Start Bar Index: 83382 | Time: 2020-11-30 20:51:00+00:00
ADF Test Result: p-value=0.0510 (Required < 0.05) | OLS Beta: 1.5588
Filter ON: Spread not stationary (p-value too high). Skipping optimization and OOS test.

--- Window 13 Boundary Check ---
IS Period RTH Bars: 14666. Start: 2020-10-26 17:29:00+00:00 | End: 2020-12-23 16:06:00+00:00
OOS Start Bar Index: 89232 | Time: 2020-12-23 16:07:00+00:00
ADF Test Result: p-value=0.0090 (Required < 0.05) | OLS Beta: 1.7918
Filter OFF: Spread is stationary. Proceeding with optimization.
IS Optimization Time: 0.05 seconds.
Optimal Params (Sharpe=6.6916, Calmar=105.0640): Z_E=2.5, Z_X=1.5, Z_SL=4.8
📊 Persistence: Saved 2 PnL points to wfa_outputs\oos_equity_curve_FLS_FAST_1m_20251109_014646_0.05.csv
OOS Period (2020-12-23 16:07:00+00:00 to 2021-01-20 18:32:00+00:00): PnL: $-18.02 | Sharpe: -0.3800 | Calmar: -1.5841 | Trades: 2

--- Window 14 Boundary Check ---
IS Period RTH Bars: 14666. Start: 2020-11-17 16:19:00+00:00 | End: 2021-01-20 18:32:00+00:00
OOS Start Bar Index: 95082 | Time: 2021-01-20 18:33:00+00:00
ADF Test Result: p-value=0.2581 (Required < 0.05) | OLS Beta: 1.5220
Filter ON: Spread not stationary (p-value too high). Skipping optimization and OOS test.

--- Window 15 Boundary Check ---
IS Period RTH Bars: 14666. Start: 2020-12-11 15:10:00+00:00 | End: 2021-02-12 18:08:00+00:00
OOS Start Bar Index: 100932 | Time: 2021-02-12 18:09:00+00:00
ADF Test Result: p-value=0.0951 (Required < 0.05) | OLS Beta: 0.1457
Filter ON: Spread not stationary (p-value too high). Skipping optimization and OOS test.

--- Window 16 Boundary Check ---
IS Period RTH Bars: 14666. Start: 2021-01-07 15:50:00+00:00 | End: 2021-03-09 18:35:00+00:00
OOS Start Bar Index: 106782 | Time: 2021-03-09 18:36:00+00:00
ADF Test Result: p-value=0.0851 (Required < 0.05) | OLS Beta: -0.2212
Filter ON: Spread not stationary (p-value too high). Skipping optimization and OOS test.

--- Window 17 Boundary Check ---
IS Period RTH Bars: 14666. Start: 2021-02-01 20:01:00+00:00 | End: 2021-03-31 15:25:00+00:00
OOS Start Bar Index: 112632 | Time: 2021-03-31 15:26:00+00:00
ADF Test Result: p-value=0.0329 (Required < 0.05) | OLS Beta: -0.0014
Filter OFF: Spread is stationary. Proceeding with optimization.
IS Optimization Time: 0.05 seconds.
Optimal Params (Sharpe=6.3156, Calmar=110.9823): Z_E=2.5, Z_X=0.9, Z_SL=3.6
📊 Persistence: Saved 2 PnL points to wfa_outputs\oos_equity_curve_FLS_FAST_1m_20251109_014646_0.05.csv
OOS Period (2021-03-31 15:26:00+00:00 to 2021-04-27 14:20:00+00:00): PnL: $0.00 | Sharpe: 0.0000 | Calmar: 0.0000 | Trades: 0

--- Window 18 Boundary Check ---
IS Period RTH Bars: 14666. Start: 2021-02-25 19:21:00+00:00 | End: 2021-04-27 14:20:00+00:00
OOS Start Bar Index: 118482 | Time: 2021-04-27 14:21:00+00:00
ADF Test Result: p-value=0.0440 (Required < 0.05) | OLS Beta: 0.0868
Filter OFF: Spread is stationary. Proceeding with optimization.
IS Optimization Time: 0.05 seconds.
Optimal Params (Sharpe=5.2645, Calmar=101.2581): Z_E=2.5, Z_X=0.5, Z_SL=4.2
📊 Persistence: Saved 4 PnL points to wfa_outputs\oos_equity_curve_FLS_FAST_1m_20251109_014646_0.05.csv
OOS Period (2021-04-27 14:21:00+00:00 to 2021-05-19 14:56:00+00:00): PnL: $204.53 | Sharpe: 1.6075 | Calmar: 15.8190 | Trades: 2

--- Window 19 Boundary Check ---
IS Period RTH Bars: 14666. Start: 2021-03-19 15:50:00+00:00 | End: 2021-05-19 14:56:00+00:00
OOS Start Bar Index: 124332 | Time: 2021-05-19 14:57:00+00:00
ADF Test Result: p-value=0.0087 (Required < 0.05) | OLS Beta: 0.8205
Filter OFF: Spread is stationary. Proceeding with optimization.
IS Optimization Time: 0.05 seconds.
Optimal Params (Sharpe=4.3363, Calmar=43.3675): Z_E=2.9, Z_X=0.5, Z_SL=4.5
📊 Persistence: Saved 5 PnL points to wfa_outputs\oos_equity_curve_FLS_FAST_1m_20251109_014646_0.05.csv
OOS Period (2021-05-19 14:57:00+00:00 to 2021-06-14 19:03:00+00:00): PnL: $185.83 | Sharpe: 4.0991 | Calmar: 0.0000 | Trades: 1

--- Window 20 Boundary Check ---
IS Period RTH Bars: 14666. Start: 2021-04-13 16:02:00+00:00 | End: 2021-06-14 19:03:00+00:00
OOS Start Bar Index: 130182 | Time: 2021-06-14 19:05:00+00:00
ADF Test Result: p-value=0.1886 (Required < 0.05) | OLS Beta: 1.1801
Filter ON: Spread not stationary (p-value too high). Skipping optimization and OOS test.

--- Window 21 Boundary Check ---
IS Period RTH Bars: 14666. Start: 2021-05-07 14:03:00+00:00 | End: 2021-07-08 18:31:00+00:00
OOS Start Bar Index: 136032 | Time: 2021-07-08 18:32:00+00:00
ADF Test Result: p-value=0.2155 (Required < 0.05) | OLS Beta: 1.0158
Filter ON: Spread not stationary (p-value too high). Skipping optimization and OOS test.

--- Window 22 Boundary Check ---
IS Period RTH Bars: 14666. Start: 2021-06-01 17:57:00+00:00 | End: 2021-08-03 17:35:00+00:00
OOS Start Bar Index: 141882 | Time: 2021-08-03 17:36:00+00:00
ADF Test Result: p-value=0.1135 (Required < 0.05) | OLS Beta: 0.5000
Filter ON: Spread not stationary (p-value too high). Skipping optimization and OOS test.

--- Window 23 Boundary Check ---
IS Period RTH Bars: 14666. Start: 2021-06-25 15:37:00+00:00 | End: 2021-08-27 16:56:00+00:00
OOS Start Bar Index: 147732 | Time: 2021-08-27 16:57:00+00:00
ADF Test Result: p-value=0.3843 (Required < 0.05) | OLS Beta: -0.1692
Filter ON: Spread not stationary (p-value too high). Skipping optimization and OOS test.

--- Window 24 Boundary Check ---
IS Period RTH Bars: 14666. Start: 2021-07-21 13:32:00+00:00 | End: 2021-09-24 14:11:00+00:00
OOS Start Bar Index: 153582 | Time: 2021-09-24 14:12:00+00:00
ADF Test Result: p-value=0.4219 (Required < 0.05) | OLS Beta: 2.1433
Filter ON: Spread not stationary (p-value too high). Skipping optimization and OOS test.

--- Window 25 Boundary Check ---
IS Period RTH Bars: 14666. Start: 2021-08-13 19:24:00+00:00 | End: 2021-10-18 18:39:00+00:00
OOS Start Bar Index: 159432 | Time: 2021-10-18 18:40:00+00:00
ADF Test Result: p-value=0.0661 (Required < 0.05) | OLS Beta: 1.2693
Filter ON: Spread not stationary (p-value too high). Skipping optimization and OOS test.

--- Window 26 Boundary Check ---
IS Period RTH Bars: 14666. Start: 2021-09-10 18:13:00+00:00 | End: 2021-11-12 16:59:00+00:00
OOS Start Bar Index: 165282 | Time: 2021-11-12 17:01:00+00:00
ADF Test Result: p-value=0.1935 (Required < 0.05) | OLS Beta: -0.2203
Filter ON: Spread not stationary (p-value too high). Skipping optimization and OOS test.

--- Window 27 Boundary Check ---
IS Period RTH Bars: 14666. Start: 2021-10-06 15:40:00+00:00 | End: 2021-12-10 15:43:00+00:00
OOS Start Bar Index: 171132 | Time: 2021-12-10 15:44:00+00:00
ADF Test Result: p-value=0.1218 (Required < 0.05) | OLS Beta: -0.7933
Filter ON: Spread not stationary (p-value too high). Skipping optimization and OOS test.

--- Window 28 Boundary Check ---
IS Period RTH Bars: 14666. Start: 2021-11-01 16:13:00+00:00 | End: 2022-01-04 20:51:00+00:00
OOS Start Bar Index: 176982 | Time: 2022-01-04 20:52:00+00:00
ADF Test Result: p-value=0.2308 (Required < 0.05) | OLS Beta: -0.9019
Filter ON: Spread not stationary (p-value too high). Skipping optimization and OOS test.

--- Window 29 Boundary Check ---
IS Period RTH Bars: 14666. Start: 2021-11-29 14:58:00+00:00 | End: 2022-01-28 15:18:00+00:00
OOS Start Bar Index: 182832 | Time: 2022-01-28 15:19:00+00:00
ADF Test Result: p-value=0.0855 (Required < 0.05) | OLS Beta: -0.4217
Filter ON: Spread not stationary (p-value too high). Skipping optimization and OOS test.

--- Window 30 Boundary Check ---
IS Period RTH Bars: 14666. Start: 2021-12-22 14:39:00+00:00 | End: 2022-02-22 15:53:00+00:00
OOS Start Bar Index: 188682 | Time: 2022-02-22 15:55:00+00:00
ADF Test Result: p-value=0.0055 (Required < 0.05) | OLS Beta: -0.3152
Filter OFF: Spread is stationary. Proceeding with optimization.
IS Optimization Time: 0.05 seconds.
Optimal Params (Sharpe=3.6254, Calmar=0.0000): Z_E=3.3, Z_X=1.3, Z_SL=4.5
📊 Persistence: Saved 568 PnL points to wfa_outputs\oos_equity_curve_FLS_FAST_1m_20251109_014646_0.05.csv
OOS Period (2022-02-22 15:55:00+00:00 to 2022-03-16 17:31:00+00:00): PnL: $765.14 | Sharpe: 3.9574 | Calmar: 49.4946 | Trades: 563

--- Window 31 Boundary Check ---
IS Period RTH Bars: 14666. Start: 2022-01-18 14:55:00+00:00 | End: 2022-03-16 17:31:00+00:00
OOS Start Bar Index: 194532 | Time: 2022-03-16 17:32:00+00:00
ADF Test Result: p-value=0.2136 (Required < 0.05) | OLS Beta: 0.3809
Filter ON: Spread not stationary (p-value too high). Skipping optimization and OOS test.

--- Window 32 Boundary Check ---
IS Period RTH Bars: 14666. Start: 2022-02-09 14:41:00+00:00 | End: 2022-04-07 16:38:00+00:00
OOS Start Bar Index: 200382 | Time: 2022-04-07 16:39:00+00:00
ADF Test Result: p-value=0.1701 (Required < 0.05) | OLS Beta: 0.8520
Filter ON: Spread not stationary (p-value too high). Skipping optimization and OOS test.

--- Window 33 Boundary Check ---
IS Period RTH Bars: 14666. Start: 2022-03-03 19:32:00+00:00 | End: 2022-05-02 18:10:00+00:00
OOS Start Bar Index: 206232 | Time: 2022-05-02 18:11:00+00:00
ADF Test Result: p-value=0.1938 (Required < 0.05) | OLS Beta: 1.0033
Filter ON: Spread not stationary (p-value too high). Skipping optimization and OOS test.

--- Window 34 Boundary Check ---
IS Period RTH Bars: 14666. Start: 2022-03-28 18:12:00+00:00 | End: 2022-05-24 16:51:00+00:00
OOS Start Bar Index: 212082 | Time: 2022-05-24 16:52:00+00:00
ADF Test Result: p-value=0.1749 (Required < 0.05) | OLS Beta: 1.4184
Filter ON: Spread not stationary (p-value too high). Skipping optimization and OOS test.

--- Window 35 Boundary Check ---
IS Period RTH Bars: 14666. Start: 2022-04-20 16:45:00+00:00 | End: 2022-06-16 19:42:00+00:00
OOS Start Bar Index: 217932 | Time: 2022-06-16 19:43:00+00:00
ADF Test Result: p-value=0.0044 (Required < 0.05) | OLS Beta: 1.2300
Filter OFF: Spread is stationary. Proceeding with optimization.
IS Optimization Time: 0.05 seconds.
Optimal Params (Sharpe=1.0609, Calmar=3.3941): Z_E=2.3, Z_X=0.3, Z_SL=3.6
📊 Persistence: Saved 568 PnL points to wfa_outputs\oos_equity_curve_FLS_FAST_1m_20251109_014646_0.05.csv
OOS Period (2022-06-16 19:43:00+00:00 to 2022-07-13 16:48:00+00:00): PnL: $0.00 | Sharpe: 0.0000 | Calmar: 0.0000 | Trades: 0

--- Window 36 Boundary Check ---
IS Period RTH Bars: 14666. Start: 2022-05-12 15:17:00+00:00 | End: 2022-07-13 16:48:00+00:00
OOS Start Bar Index: 223782 | Time: 2022-07-13 16:49:00+00:00
ADF Test Result: p-value=0.0296 (Required < 0.05) | OLS Beta: 1.0363
Filter OFF: Spread is stationary. Proceeding with optimization.
IS Optimization Time: 0.05 seconds.
Optimal Params (Sharpe=3.6928, Calmar=19.6719): Z_E=2.7, Z_X=1.1, Z_SL=3.3
📊 Persistence: Saved 2242 PnL points to wfa_outputs\oos_equity_curve_FLS_FAST_1m_20251109_014646_0.05.csv
OOS Period (2022-07-13 16:49:00+00:00 to 2022-08-04 18:47:00+00:00): PnL: $-810.09 | Sharpe: -6.4859 | Calmar: -7.8394 | Trades: 1674

--- Window 37 Boundary Check ---
IS Period RTH Bars: 14666. Start: 2022-06-06 18:29:00+00:00 | End: 2022-08-04 18:47:00+00:00
OOS Start Bar Index: 229632 | Time: 2022-08-04 18:48:00+00:00
ADF Test Result: p-value=0.8393 (Required < 0.05) | OLS Beta: 0.9322
Filter ON: Spread not stationary (p-value too high). Skipping optimization and OOS test.

--- Window 38 Boundary Check ---
IS Period RTH Bars: 14666. Start: 2022-06-30 14:24:00+00:00 | End: 2022-08-29 18:00:00+00:00
OOS Start Bar Index: 235482 | Time: 2022-08-29 18:01:00+00:00
ADF Test Result: p-value=0.4548 (Required < 0.05) | OLS Beta: 1.2436
Filter ON: Spread not stationary (p-value too high). Skipping optimization and OOS test.

--- Window 39 Boundary Check ---
IS Period RTH Bars: 14666. Start: 2022-07-25 17:45:00+00:00 | End: 2022-09-22 14:36:00+00:00
OOS Start Bar Index: 241332 | Time: 2022-09-22 14:37:00+00:00
ADF Test Result: p-value=0.8046 (Required < 0.05) | OLS Beta: 1.2762
Filter ON: Spread not stationary (p-value too high). Skipping optimization and OOS test.

--- Window 40 Boundary Check ---
IS Period RTH Bars: 14666. Start: 2022-08-17 14:26:00+00:00 | End: 2022-10-13 18:46:00+00:00
OOS Start Bar Index: 247182 | Time: 2022-10-13 18:47:00+00:00
ADF Test Result: p-value=0.2228 (Required < 0.05) | OLS Beta: 1.8564
Filter ON: Spread not stationary (p-value too high). Skipping optimization and OOS test.

--- Window 41 Boundary Check ---
IS Period RTH Bars: 14666. Start: 2022-09-09 19:47:00+00:00 | End: 2022-11-04 17:38:00+00:00
OOS Start Bar Index: 253032 | Time: 2022-11-04 17:39:00+00:00
ADF Test Result: p-value=0.2379 (Required < 0.05) | OLS Beta: 1.7593
Filter ON: Spread not stationary (p-value too high). Skipping optimization and OOS test.

--- Window 42 Boundary Check ---
IS Period RTH Bars: 14666. Start: 2022-10-03 19:11:00+00:00 | End: 2022-11-30 19:22:00+00:00
OOS Start Bar Index: 258882 | Time: 2022-11-30 19:24:00+00:00
ADF Test Result: p-value=0.0038 (Required < 0.05) | OLS Beta: 1.7769
Filter OFF: Spread is stationary. Proceeding with optimization.
IS Optimization Time: 0.05 seconds.
Optimal Params (Sharpe=2.2740, Calmar=50.3984): Z_E=3.3, Z_X=0.7, Z_SL=4.2
📊 Persistence: Saved 2243 PnL points to wfa_outputs\oos_equity_curve_FLS_FAST_1m_20251109_014646_0.05.csv
OOS Period (2022-11-30 19:24:00+00:00 to 2022-12-27 15:02:00+00:00): PnL: $14.72 | Sharpe: 4.0991 | Calmar: 0.0000 | Trades: 1

--- Window 43 Boundary Check ---
IS Period RTH Bars: 14666. Start: 2022-10-25 18:16:00+00:00 | End: 2022-12-27 15:02:00+00:00
OOS Start Bar Index: 264732 | Time: 2022-12-27 15:04:00+00:00
ADF Test Result: p-value=0.2450 (Required < 0.05) | OLS Beta: 1.0790
Filter ON: Spread not stationary (p-value too high). Skipping optimization and OOS test.

--- Window 44 Boundary Check ---
IS Period RTH Bars: 14666. Start: 2022-11-16 17:39:00+00:00 | End: 2023-01-23 16:26:00+00:00
OOS Start Bar Index: 270582 | Time: 2023-01-23 16:28:00+00:00
ADF Test Result: p-value=0.7934 (Required < 0.05) | OLS Beta: 0.0502
Filter ON: Spread not stationary (p-value too high). Skipping optimization and OOS test.

--- Window 45 Boundary Check ---
IS Period RTH Bars: 14666. Start: 2022-12-13 16:02:00+00:00 | End: 2023-02-15 15:50:00+00:00
OOS Start Bar Index: 276432 | Time: 2023-02-15 15:52:00+00:00
ADF Test Result: p-value=0.1106 (Required < 0.05) | OLS Beta: 1.0725
Filter ON: Spread not stationary (p-value too high). Skipping optimization and OOS test.

--- Window 46 Boundary Check ---
IS Period RTH Bars: 14666. Start: 2023-01-09 19:41:00+00:00 | End: 2023-03-10 18:56:00+00:00
OOS Start Bar Index: 282282 | Time: 2023-03-10 18:57:00+00:00
ADF Test Result: p-value=0.3223 (Required < 0.05) | OLS Beta: 0.5575
Filter ON: Spread not stationary (p-value too high). Skipping optimization and OOS test.

--- Window 47 Boundary Check ---
IS Period RTH Bars: 14666. Start: 2023-02-02 18:11:00+00:00 | End: 2023-04-03 17:22:00+00:00
OOS Start Bar Index: 288132 | Time: 2023-04-03 17:23:00+00:00
ADF Test Result: p-value=0.6540 (Required < 0.05) | OLS Beta: 0.7838
Filter ON: Spread not stationary (p-value too high). Skipping optimization and OOS test.

--- Window 48 Boundary Check ---
IS Period RTH Bars: 14666. Start: 2023-02-28 16:13:00+00:00 | End: 2023-04-27 18:26:00+00:00
OOS Start Bar Index: 293982 | Time: 2023-04-27 18:27:00+00:00
ADF Test Result: p-value=0.2255 (Required < 0.05) | OLS Beta: 0.8942
Filter ON: Spread not stationary (p-value too high). Skipping optimization and OOS test.

--- Window 49 Boundary Check ---
IS Period RTH Bars: 14666. Start: 2023-03-22 15:39:00+00:00 | End: 2023-05-22 14:28:00+00:00
OOS Start Bar Index: 299832 | Time: 2023-05-22 14:29:00+00:00
ADF Test Result: p-value=0.0291 (Required < 0.05) | OLS Beta: 1.4776
Filter OFF: Spread is stationary. Proceeding with optimization.
IS Optimization Time: 0.05 seconds.
Optimal Params (Sharpe=7.1579, Calmar=72.3965): Z_E=2.1, Z_X=1.5, Z_SL=3.6
📊 Persistence: Saved 2245 PnL points to wfa_outputs\oos_equity_curve_FLS_FAST_1m_20251109_014646_0.05.csv
OOS Period (2023-05-22 14:29:00+00:00 to 2023-06-14 18:30:00+00:00): PnL: $123.54 | Sharpe: 5.7583 | Calmar: 0.0000 | Trades: 2

--- Window 50 Boundary Check ---
IS Period RTH Bars: 14666. Start: 2023-04-14 19:28:00+00:00 | End: 2023-06-14 18:30:00+00:00
OOS Start Bar Index: 305682 | Time: 2023-06-14 18:31:00+00:00
ADF Test Result: p-value=0.1949 (Required < 0.05) | OLS Beta: 1.5987
Filter ON: Spread not stationary (p-value too high). Skipping optimization and OOS test.

--- Window 51 Boundary Check ---
IS Period RTH Bars: 14666. Start: 2023-05-09 17:11:00+00:00 | End: 2023-07-12 14:52:00+00:00
OOS Start Bar Index: 311532 | Time: 2023-07-12 14:53:00+00:00
ADF Test Result: p-value=0.2632 (Required < 0.05) | OLS Beta: 0.9200
Filter ON: Spread not stationary (p-value too high). Skipping optimization and OOS test.

--- Window 52 Boundary Check ---
IS Period RTH Bars: 14666. Start: 2023-06-02 16:56:00+00:00 | End: 2023-08-03 16:34:00+00:00
OOS Start Bar Index: 317382 | Time: 2023-08-03 16:35:00+00:00
ADF Test Result: p-value=0.4451 (Required < 0.05) | OLS Beta: 0.7096
Filter ON: Spread not stationary (p-value too high). Skipping optimization and OOS test.

--- Window 53 Boundary Check ---
IS Period RTH Bars: 14666. Start: 2023-06-28 14:15:00+00:00 | End: 2023-08-28 18:46:00+00:00
OOS Start Bar Index: 323232 | Time: 2023-08-28 18:48:00+00:00
ADF Test Result: p-value=0.0388 (Required < 0.05) | OLS Beta: -0.6793
Filter OFF: Spread is stationary. Proceeding with optimization.
IS Optimization Time: 0.05 seconds.
Optimal Params (Sharpe=1.8219, Calmar=6.6066): Z_E=1.9, Z_X=0.5, Z_SL=3.3
📊 Persistence: Saved 2246 PnL points to wfa_outputs\oos_equity_curve_FLS_FAST_1m_20251109_014646_0.05.csv
OOS Period (2023-08-28 18:48:00+00:00 to 2023-09-22 14:02:00+00:00): PnL: $-40.00 | Sharpe: -4.0991 | Calmar: -14.3200 | Trades: 1

--- Window 54 Boundary Check ---
IS Period RTH Bars: 14666. Start: 2023-07-24 16:42:00+00:00 | End: 2023-09-22 14:02:00+00:00
OOS Start Bar Index: 329082 | Time: 2023-09-22 14:03:00+00:00
ADF Test Result: p-value=0.0078 (Required < 0.05) | OLS Beta: -0.6001
Filter OFF: Spread is stationary. Proceeding with optimization.
IS Optimization Time: 0.05 seconds.
Optimal Params (Sharpe=1.5337, Calmar=6.1658): Z_E=3.1, Z_X=0.3, Z_SL=3.3
📊 Persistence: Saved 2247 PnL points to wfa_outputs\oos_equity_curve_FLS_FAST_1m_20251109_014646_0.05.csv
OOS Period (2023-09-22 14:03:00+00:00 to 2023-10-16 15:18:00+00:00): PnL: $59.52 | Sharpe: 4.0991 | Calmar: 0.0000 | Trades: 1

--- Window 55 Boundary Check ---
IS Period RTH Bars: 14666. Start: 2023-08-15 17:57:00+00:00 | End: 2023-10-16 15:18:00+00:00
OOS Start Bar Index: 334932 | Time: 2023-10-16 15:19:00+00:00
ADF Test Result: p-value=0.0367 (Required < 0.05) | OLS Beta: -0.2584
Filter OFF: Spread is stationary. Proceeding with optimization.
IS Optimization Time: 0.06 seconds.
Optimal Params (Sharpe=3.1872, Calmar=16.1805): Z_E=3.3, Z_X=0.7, Z_SL=3.6
📊 Persistence: Saved 2469 PnL points to wfa_outputs\oos_equity_curve_FLS_FAST_1m_20251109_014646_0.05.csv
OOS Period (2023-10-16 15:19:00+00:00 to 2023-11-07 16:57:00+00:00): PnL: $112.94 | Sharpe: 1.3944 | Calmar: 8.2678 | Trades: 222

--- Window 56 Boundary Check ---
IS Period RTH Bars: 14666. Start: 2023-09-11 16:03:00+00:00 | End: 2023-11-07 16:57:00+00:00
OOS Start Bar Index: 340782 | Time: 2023-11-07 16:59:00+00:00
ADF Test Result: p-value=0.0498 (Required < 0.05) | OLS Beta: -0.4658
Filter OFF: Spread is stationary. Proceeding with optimization.
IS Optimization Time: 0.05 seconds.
Optimal Params (Sharpe=3.7065, Calmar=29.3225): Z_E=2.7, Z_X=1.1, Z_SL=3.3
📊 Persistence: Saved 2469 PnL points to wfa_outputs\oos_equity_curve_FLS_FAST_1m_20251109_014646_0.05.csv
OOS Period (2023-11-07 16:59:00+00:00 to 2023-12-04 16:45:00+00:00): PnL: $0.00 | Sharpe: 0.0000 | Calmar: 0.0000 | Trades: 0

--- Window 57 Boundary Check ---
IS Period RTH Bars: 14666. Start: 2023-10-03 19:21:00+00:00 | End: 2023-12-04 16:45:00+00:00
OOS Start Bar Index: 346632 | Time: 2023-12-04 16:46:00+00:00
ADF Test Result: p-value=0.1295 (Required < 0.05) | OLS Beta: 0.1450
Filter ON: Spread not stationary (p-value too high). Skipping optimization and OOS test.

--- Window 58 Boundary Check ---
IS Period RTH Bars: 14666. Start: 2023-10-26 13:55:00+00:00 | End: 2023-12-29 18:20:00+00:00
OOS Start Bar Index: 352482 | Time: 2023-12-29 18:21:00+00:00
ADF Test Result: p-value=0.0101 (Required < 0.05) | OLS Beta: 0.9054
Filter OFF: Spread is stationary. Proceeding with optimization.
IS Optimization Time: 0.05 seconds.
Optimal Params (Sharpe=3.4472, Calmar=0.0000): Z_E=3.1, Z_X=0.9, Z_SL=4.2
📊 Persistence: Saved 2643 PnL points to wfa_outputs\oos_equity_curve_FLS_FAST_1m_20251109_014646_0.05.csv
OOS Period (2023-12-29 18:21:00+00:00 to 2024-01-25 20:41:00+00:00): PnL: $-129.32 | Sharpe: -4.6961 | Calmar: -8.4106 | Trades: 174

--- Window 59 Boundary Check ---
IS Period RTH Bars: 14666. Start: 2023-11-17 20:36:00+00:00 | End: 2024-01-25 20:41:00+00:00
OOS Start Bar Index: 358332 | Time: 2024-01-25 20:42:00+00:00
ADF Test Result: p-value=0.2333 (Required < 0.05) | OLS Beta: 0.5385
Filter ON: Spread not stationary (p-value too high). Skipping optimization and OOS test.

--- Window 60 Boundary Check ---
IS Period RTH Bars: 14666. Start: 2023-12-15 16:49:00+00:00 | End: 2024-02-20 17:27:00+00:00
OOS Start Bar Index: 364182 | Time: 2024-02-20 17:28:00+00:00
ADF Test Result: p-value=0.2094 (Required < 0.05) | OLS Beta: 0.2648
Filter ON: Spread not stationary (p-value too high). Skipping optimization and OOS test.

--- Window 61 Boundary Check ---
IS Period RTH Bars: 14666. Start: 2024-01-12 17:27:00+00:00 | End: 2024-03-13 17:15:00+00:00
OOS Start Bar Index: 370032 | Time: 2024-03-13 17:17:00+00:00
ADF Test Result: p-value=0.1443 (Required < 0.05) | OLS Beta: 0.5384
Filter ON: Spread not stationary (p-value too high). Skipping optimization and OOS test.

--- Window 62 Boundary Check ---
IS Period RTH Bars: 14666. Start: 2024-02-07 15:50:00+00:00 | End: 2024-04-08 18:51:00+00:00
OOS Start Bar Index: 375882 | Time: 2024-04-08 18:52:00+00:00
ADF Test Result: p-value=0.8866 (Required < 0.05) | OLS Beta: 0.9156
Filter ON: Spread not stationary (p-value too high). Skipping optimization and OOS test.

--- Window 63 Boundary Check ---
IS Period RTH Bars: 14666. Start: 2024-03-01 15:50:00+00:00 | End: 2024-05-01 15:10:00+00:00
OOS Start Bar Index: 381732 | Time: 2024-05-01 15:11:00+00:00
ADF Test Result: p-value=0.2699 (Required < 0.05) | OLS Beta: -0.2371
Filter ON: Spread not stationary (p-value too high). Skipping optimization and OOS test.

--- Window 64 Boundary Check ---
IS Period RTH Bars: 14666. Start: 2024-03-26 15:22:00+00:00 | End: 2024-05-24 14:26:00+00:00
OOS Start Bar Index: 387582 | Time: 2024-05-24 14:27:00+00:00
ADF Test Result: p-value=0.3845 (Required < 0.05) | OLS Beta: -0.2831
Filter ON: Spread not stationary (p-value too high). Skipping optimization and OOS test.

--- Window 65 Boundary Check ---
IS Period RTH Bars: 14666. Start: 2024-04-18 19:25:00+00:00 | End: 2024-06-21 13:50:00+00:00
OOS Start Bar Index: 393432 | Time: 2024-06-21 13:51:00+00:00
ADF Test Result: p-value=0.1317 (Required < 0.05) | OLS Beta: 0.0333
Filter ON: Spread not stationary (p-value too high). Skipping optimization and OOS test.

--- Window 66 Boundary Check ---
IS Period RTH Bars: 14666. Start: 2024-05-13 14:51:00+00:00 | End: 2024-07-18 16:49:00+00:00
OOS Start Bar Index: 399282 | Time: 2024-07-18 16:50:00+00:00
ADF Test Result: p-value=0.0044 (Required < 0.05) | OLS Beta: 0.8241
Filter OFF: Spread is stationary. Proceeding with optimization.
IS Optimization Time: 0.05 seconds.
Optimal Params (Sharpe=6.7926, Calmar=0.0000): Z_E=2.5, Z_X=0.9, Z_SL=3.6
📊 Persistence: Saved 3939 PnL points to wfa_outputs\oos_equity_curve_FLS_FAST_1m_20251109_014646_0.05.csv
OOS Period (2024-07-18 16:50:00+00:00 to 2024-08-12 16:07:00+00:00): PnL: $-51.79 | Sharpe: -0.5900 | Calmar: -1.5767 | Trades: 1296

--- Window 67 Boundary Check ---
IS Period RTH Bars: 14666. Start: 2024-06-06 19:49:00+00:00 | End: 2024-08-12 16:07:00+00:00
OOS Start Bar Index: 405132 | Time: 2024-08-12 16:09:00+00:00
ADF Test Result: p-value=0.7576 (Required < 0.05) | OLS Beta: 0.5774
Filter ON: Spread not stationary (p-value too high). Skipping optimization and OOS test.

--- Window 68 Boundary Check ---
IS Period RTH Bars: 14666. Start: 2024-07-05 16:04:00+00:00 | End: 2024-09-09 15:36:00+00:00
OOS Start Bar Index: 410982 | Time: 2024-09-09 15:37:00+00:00
ADF Test Result: p-value=0.6894 (Required < 0.05) | OLS Beta: 0.8441
Filter ON: Spread not stationary (p-value too high). Skipping optimization and OOS test.

--- Window 69 Boundary Check ---
IS Period RTH Bars: 14666. Start: 2024-07-30 18:45:00+00:00 | End: 2024-10-01 17:41:00+00:00
OOS Start Bar Index: 416832 | Time: 2024-10-01 17:42:00+00:00
ADF Test Result: p-value=0.6373 (Required < 0.05) | OLS Beta: 0.9736
Filter ON: Spread not stationary (p-value too high). Skipping optimization and OOS test.

--- Window 70 Boundary Check ---
IS Period RTH Bars: 14666. Start: 2024-08-23 18:50:00+00:00 | End: 2024-10-24 13:38:00+00:00
OOS Start Bar Index: 422682 | Time: 2024-10-24 13:39:00+00:00
ADF Test Result: p-value=0.7001 (Required < 0.05) | OLS Beta: 1.0000
Filter ON: Spread not stationary (p-value too high). Skipping optimization and OOS test.

--- Window 71 Boundary Check ---
IS Period RTH Bars: 14666. Start: 2024-09-19 16:34:00+00:00 | End: 2024-11-15 15:29:00+00:00
OOS Start Bar Index: 428532 | Time: 2024-11-15 15:30:00+00:00
ADF Test Result: p-value=0.1426 (Required < 0.05) | OLS Beta: 0.7602
Filter ON: Spread not stationary (p-value too high). Skipping optimization and OOS test.

--- Window 72 Boundary Check ---
IS Period RTH Bars: 14666. Start: 2024-10-11 18:33:00+00:00 | End: 2024-12-12 14:33:00+00:00
OOS Start Bar Index: 434382 | Time: 2024-12-12 14:35:00+00:00
ADF Test Result: p-value=0.8625 (Required < 0.05) | OLS Beta: 1.4483
Filter ON: Spread not stationary (p-value too high). Skipping optimization and OOS test.

############################################################
📈 OVERALL SIMULATION PERFORMANCE (Walk-Forward Test)
############################################################
Timeframe Used: 1Min, Value: 1
ADF Cointegration Filter Threshold: 0.05
Total OOS Windows Tested: 72
Total Trades Executed: 3939
--- Final Performance Metrics ---
Total PnL: $417.00
Overall Sharpe Ratio (Annualized): 0.0776
Overall Calmar Ratio (Annualized): 0.0221
Maximum Dollar Drawdown (MDD): $959.90

--- Execution Time ---
Total Elapsed Time: 78.76 seconds
############################################################
[0m