--- Dynamic Timeframe Configuration ---
TimeFrame Selected: 1Hour, Value: 1
Bars per Trading Day: 6
Annualization Factor (Bars/Year): 1512
Statistical Lookback Bars: 33
Optimization Lookback Bars: 292
---------------------------------------
--- Diagnostic Check ---
API Key ID Length: 26
API Secret Key Length: 44
StockHistoricalDataClient initialized successfully. Starting data fetch...
--------------------------
Pre-compiling Numba function for first run optimization...
Numba pre-compilation complete.
Fetching data from 2020-01-01 to 2024-12-30...
Fetching 1Hour data for ADBE...
Fetching 1Hour data for INTU...
Data acquired successfully. Total 1Hour RTH bars: 7521
Skipping full pre-calculation. Metrics will be calculated inside the WFA loop.

============================================================
📈 Starting Rolling Backtest: IS Optimization Window=292 bars, Shift=15 days
   Data already processed with Statistical Rolling Window: 33 bars
   ADF Cointegration Filter: p-value < 0.1
============================================================

--- Window 1 Boundary Check ---
IS Period RTH Bars: 228. Start: 2020-01-16 19:00:00+00:00 | End: 2020-03-12 17:00:00+00:00
OOS Start Bar Index: 292 | Time: 2020-03-12 18:00:00+00:00
ADF Test Result: p-value=0.0044 (Required < 0.10) | OLS Beta: 1.0724
Filter OFF: Spread is stationary. Proceeding with optimization.
IS Optimization Time: 0.03 seconds.
Optimal Params (Sharpe=-0.4985, Calmar=-1.3533): Z_E=2.1, Z_X=0.3, Z_SL=3.3
📊 Persistence: Saved 31 PnL points to wfa_outputs\oos_equity_curve_ADBE_INTU_1h_20251107_191731_0.1.csv
OOS Period (2020-03-12 18:00:00+00:00 to 2020-04-02 17:00:00+00:00): PnL: $-595.55 | Sharpe: -4.6219 | Calmar: -8.6896 | Trades: 31

--- Window 2 Boundary Check ---
IS Period RTH Bars: 228. Start: 2020-02-07 19:00:00+00:00 | End: 2020-04-02 17:00:00+00:00
OOS Start Bar Index: 382 | Time: 2020-04-02 18:00:00+00:00
ADF Test Result: p-value=0.1368 (Required < 0.10) | OLS Beta: 0.6486
Filter ON: Spread not stationary (p-value too high). Skipping optimization and OOS test.

--- Window 3 Boundary Check ---
IS Period RTH Bars: 228. Start: 2020-03-02 19:00:00+00:00 | End: 2020-04-24 17:00:00+00:00
OOS Start Bar Index: 472 | Time: 2020-04-24 18:00:00+00:00
ADF Test Result: p-value=0.0916 (Required < 0.10) | OLS Beta: 0.5250
Filter OFF: Spread is stationary. Proceeding with optimization.
IS Optimization Time: 0.02 seconds.
Optimal Params (Sharpe=1.9272, Calmar=29.9958): Z_E=3.1, Z_X=0.3, Z_SL=3.6
📊 Persistence: Saved 31 PnL points to wfa_outputs\oos_equity_curve_ADBE_INTU_1h_20251107_191731_0.1.csv
OOS Period (2020-04-24 18:00:00+00:00 to 2020-05-15 17:00:00+00:00): PnL: $0.00 | Sharpe: 0.0000 | Calmar: 0.0000 | Trades: 0

--- Window 4 Boundary Check ---
IS Period RTH Bars: 228. Start: 2020-03-23 18:00:00+00:00 | End: 2020-05-15 17:00:00+00:00
OOS Start Bar Index: 562 | Time: 2020-05-15 18:00:00+00:00
ADF Test Result: p-value=0.0000 (Required < 0.10) | OLS Beta: 0.7330
Filter OFF: Spread is stationary. Proceeding with optimization.
IS Optimization Time: 0.02 seconds.
Optimal Params (Sharpe=3.8552, Calmar=38.4567): Z_E=1.9, Z_X=0.5, Z_SL=3.3
📊 Persistence: Saved 35 PnL points to wfa_outputs\oos_equity_curve_ADBE_INTU_1h_20251107_191731_0.1.csv
OOS Period (2020-05-15 18:00:00+00:00 to 2020-06-08 17:00:00+00:00): PnL: $-186.80 | Sharpe: -3.6755 | Calmar: -12.1537 | Trades: 4

--- Window 5 Boundary Check ---
IS Period RTH Bars: 228. Start: 2020-04-14 18:00:00+00:00 | End: 2020-06-08 17:00:00+00:00
OOS Start Bar Index: 652 | Time: 2020-06-08 18:00:00+00:00
ADF Test Result: p-value=0.3527 (Required < 0.10) | OLS Beta: 1.1085
Filter ON: Spread not stationary (p-value too high). Skipping optimization and OOS test.

--- Window 6 Boundary Check ---
IS Period RTH Bars: 228. Start: 2020-05-05 18:00:00+00:00 | End: 2020-06-29 17:00:00+00:00
OOS Start Bar Index: 742 | Time: 2020-06-29 18:00:00+00:00
ADF Test Result: p-value=0.7342 (Required < 0.10) | OLS Beta: 1.7671
Filter ON: Spread not stationary (p-value too high). Skipping optimization and OOS test.

--- Window 7 Boundary Check ---
IS Period RTH Bars: 228. Start: 2020-05-27 18:00:00+00:00 | End: 2020-07-21 17:00:00+00:00
OOS Start Bar Index: 832 | Time: 2020-07-21 18:00:00+00:00
ADF Test Result: p-value=0.4666 (Required < 0.10) | OLS Beta: 1.4348
Filter ON: Spread not stationary (p-value too high). Skipping optimization and OOS test.

--- Window 8 Boundary Check ---
IS Period RTH Bars: 228. Start: 2020-06-17 18:00:00+00:00 | End: 2020-08-11 17:00:00+00:00
OOS Start Bar Index: 922 | Time: 2020-08-11 18:00:00+00:00
ADF Test Result: p-value=0.0157 (Required < 0.10) | OLS Beta: 0.7224
Filter OFF: Spread is stationary. Proceeding with optimization.
IS Optimization Time: 0.02 seconds.
Optimal Params (Sharpe=2.5752, Calmar=0.0000): Z_E=2.9, Z_X=0.5, Z_SL=3.3
📊 Persistence: Saved 44 PnL points to wfa_outputs\oos_equity_curve_ADBE_INTU_1h_20251107_191731_0.1.csv
OOS Period (2020-08-11 18:00:00+00:00 to 2020-09-01 17:00:00+00:00): PnL: $94.02 | Sharpe: 1.5269 | Calmar: 9.3867 | Trades: 9

--- Window 9 Boundary Check ---
IS Period RTH Bars: 228. Start: 2020-07-09 18:00:00+00:00 | End: 2020-09-01 17:00:00+00:00
OOS Start Bar Index: 1012 | Time: 2020-09-01 18:00:00+00:00
ADF Test Result: p-value=0.1372 (Required < 0.10) | OLS Beta: 0.9562
Filter ON: Spread not stationary (p-value too high). Skipping optimization and OOS test.

--- Window 10 Boundary Check ---
IS Period RTH Bars: 228. Start: 2020-07-30 18:00:00+00:00 | End: 2020-09-23 17:00:00+00:00
OOS Start Bar Index: 1102 | Time: 2020-09-23 18:00:00+00:00
ADF Test Result: p-value=0.1537 (Required < 0.10) | OLS Beta: 1.0142
Filter ON: Spread not stationary (p-value too high). Skipping optimization and OOS test.

--- Window 11 Boundary Check ---
IS Period RTH Bars: 228. Start: 2020-08-20 18:00:00+00:00 | End: 2020-10-14 17:00:00+00:00
OOS Start Bar Index: 1192 | Time: 2020-10-14 18:00:00+00:00
ADF Test Result: p-value=0.0049 (Required < 0.10) | OLS Beta: 0.7175
Filter OFF: Spread is stationary. Proceeding with optimization.
IS Optimization Time: 0.02 seconds.
Optimal Params (Sharpe=3.0602, Calmar=26.5836): Z_E=2.3, Z_X=0.3, Z_SL=3.3
📊 Persistence: Saved 55 PnL points to wfa_outputs\oos_equity_curve_ADBE_INTU_1h_20251107_191731_0.1.csv
OOS Period (2020-10-14 18:00:00+00:00 to 2020-11-04 18:00:00+00:00): PnL: $-216.05 | Sharpe: -5.9137 | Calmar: -13.5528 | Trades: 11

--- Window 12 Boundary Check ---
IS Period RTH Bars: 228. Start: 2020-09-11 18:00:00+00:00 | End: 2020-11-04 18:00:00+00:00
OOS Start Bar Index: 1282 | Time: 2020-11-04 19:00:00+00:00
ADF Test Result: p-value=0.4548 (Required < 0.10) | OLS Beta: 0.6613
Filter ON: Spread not stationary (p-value too high). Skipping optimization and OOS test.

--- Window 13 Boundary Check ---
IS Period RTH Bars: 228. Start: 2020-10-02 18:00:00+00:00 | End: 2020-11-25 18:00:00+00:00
OOS Start Bar Index: 1372 | Time: 2020-11-25 19:00:00+00:00
ADF Test Result: p-value=0.4967 (Required < 0.10) | OLS Beta: 0.2214
Filter ON: Spread not stationary (p-value too high). Skipping optimization and OOS test.

--- Window 14 Boundary Check ---
IS Period RTH Bars: 228. Start: 2020-10-23 18:00:00+00:00 | End: 2020-12-17 19:00:00+00:00
OOS Start Bar Index: 1462 | Time: 2020-12-17 20:00:00+00:00
ADF Test Result: p-value=0.0368 (Required < 0.10) | OLS Beta: 0.4344
Filter OFF: Spread is stationary. Proceeding with optimization.
IS Optimization Time: 0.02 seconds.
Optimal Params (Sharpe=5.0085, Calmar=77.8468): Z_E=1.9, Z_X=0.5, Z_SL=3.3
📊 Persistence: Saved 55 PnL points to wfa_outputs\oos_equity_curve_ADBE_INTU_1h_20251107_191731_0.1.csv
OOS Period (2020-12-17 20:00:00+00:00 to 2021-01-12 15:00:00+00:00): PnL: $0.00 | Sharpe: 0.0000 | Calmar: 0.0000 | Trades: 0

--- Window 15 Boundary Check ---
IS Period RTH Bars: 228. Start: 2020-11-13 19:00:00+00:00 | End: 2021-01-12 15:00:00+00:00
OOS Start Bar Index: 1552 | Time: 2021-01-12 16:00:00+00:00
ADF Test Result: p-value=0.1095 (Required < 0.10) | OLS Beta: 0.8126
Filter ON: Spread not stationary (p-value too high). Skipping optimization and OOS test.

--- Window 16 Boundary Check ---
IS Period RTH Bars: 228. Start: 2020-12-07 20:00:00+00:00 | End: 2021-02-03 15:00:00+00:00
OOS Start Bar Index: 1642 | Time: 2021-02-03 16:00:00+00:00
ADF Test Result: p-value=0.4908 (Required < 0.10) | OLS Beta: 0.3900
Filter ON: Spread not stationary (p-value too high). Skipping optimization and OOS test.

--- Window 17 Boundary Check ---
IS Period RTH Bars: 228. Start: 2020-12-30 16:00:00+00:00 | End: 2021-02-25 15:00:00+00:00
OOS Start Bar Index: 1732 | Time: 2021-02-25 16:00:00+00:00
ADF Test Result: p-value=0.1606 (Required < 0.10) | OLS Beta: 0.2690
Filter ON: Spread not stationary (p-value too high). Skipping optimization and OOS test.

--- Window 18 Boundary Check ---
IS Period RTH Bars: 228. Start: 2021-01-22 16:00:00+00:00 | End: 2021-03-18 14:00:00+00:00
OOS Start Bar Index: 1822 | Time: 2021-03-18 15:00:00+00:00
ADF Test Result: p-value=0.7989 (Required < 0.10) | OLS Beta: 0.4606
Filter ON: Spread not stationary (p-value too high). Skipping optimization and OOS test.

--- Window 19 Boundary Check ---
IS Period RTH Bars: 228. Start: 2021-02-12 16:00:00+00:00 | End: 2021-04-09 14:00:00+00:00
OOS Start Bar Index: 1912 | Time: 2021-04-09 15:00:00+00:00
ADF Test Result: p-value=0.6249 (Required < 0.10) | OLS Beta: 0.8539
Filter ON: Spread not stationary (p-value too high). Skipping optimization and OOS test.

--- Window 20 Boundary Check ---
IS Period RTH Bars: 228. Start: 2021-03-08 16:00:00+00:00 | End: 2021-04-30 14:00:00+00:00
OOS Start Bar Index: 2002 | Time: 2021-04-30 15:00:00+00:00
ADF Test Result: p-value=0.4316 (Required < 0.10) | OLS Beta: 1.3468
Filter ON: Spread not stationary (p-value too high). Skipping optimization and OOS test.

--- Window 21 Boundary Check ---
IS Period RTH Bars: 228. Start: 2021-03-29 15:00:00+00:00 | End: 2021-05-21 14:00:00+00:00
OOS Start Bar Index: 2092 | Time: 2021-05-21 15:00:00+00:00
ADF Test Result: p-value=0.9533 (Required < 0.10) | OLS Beta: 0.6225
Filter ON: Spread not stationary (p-value too high). Skipping optimization and OOS test.

--- Window 22 Boundary Check ---
IS Period RTH Bars: 228. Start: 2021-04-20 15:00:00+00:00 | End: 2021-06-14 14:00:00+00:00
OOS Start Bar Index: 2182 | Time: 2021-06-14 15:00:00+00:00
ADF Test Result: p-value=0.8416 (Required < 0.10) | OLS Beta: 0.3210
Filter ON: Spread not stationary (p-value too high). Skipping optimization and OOS test.

--- Window 23 Boundary Check ---
IS Period RTH Bars: 228. Start: 2021-05-11 15:00:00+00:00 | End: 2021-07-06 14:00:00+00:00
OOS Start Bar Index: 2272 | Time: 2021-07-06 15:00:00+00:00
ADF Test Result: p-value=0.1948 (Required < 0.10) | OLS Beta: 1.0873
Filter ON: Spread not stationary (p-value too high). Skipping optimization and OOS test.

--- Window 24 Boundary Check ---
IS Period RTH Bars: 228. Start: 2021-06-02 15:00:00+00:00 | End: 2021-07-27 14:00:00+00:00
OOS Start Bar Index: 2362 | Time: 2021-07-27 15:00:00+00:00
ADF Test Result: p-value=0.4721 (Required < 0.10) | OLS Beta: 1.5065
Filter ON: Spread not stationary (p-value too high). Skipping optimization and OOS test.

--- Window 25 Boundary Check ---
IS Period RTH Bars: 228. Start: 2021-06-23 15:00:00+00:00 | End: 2021-08-17 14:00:00+00:00
OOS Start Bar Index: 2452 | Time: 2021-08-17 15:00:00+00:00
ADF Test Result: p-value=0.0033 (Required < 0.10) | OLS Beta: 0.7642
Filter OFF: Spread is stationary. Proceeding with optimization.
IS Optimization Time: 0.02 seconds.
Optimal Params (Sharpe=2.5752, Calmar=0.0000): Z_E=2.5, Z_X=0.3, Z_SL=3.3
📊 Persistence: Saved 63 PnL points to wfa_outputs\oos_equity_curve_ADBE_INTU_1h_20251107_191731_0.1.csv
OOS Period (2021-08-17 15:00:00+00:00 to 2021-09-08 14:00:00+00:00): PnL: $101.42 | Sharpe: 5.0049 | Calmar: 49.0272 | Trades: 8

--- Window 26 Boundary Check ---
IS Period RTH Bars: 228. Start: 2021-07-15 15:00:00+00:00 | End: 2021-09-08 14:00:00+00:00
OOS Start Bar Index: 2542 | Time: 2021-09-08 15:00:00+00:00
ADF Test Result: p-value=0.0186 (Required < 0.10) | OLS Beta: 0.8698
Filter OFF: Spread is stationary. Proceeding with optimization.
IS Optimization Time: 0.01 seconds.
Optimal Params (Sharpe=0.5504, Calmar=2.0468): Z_E=1.9, Z_X=0.5, Z_SL=3.3
📊 Persistence: Saved 81 PnL points to wfa_outputs\oos_equity_curve_ADBE_INTU_1h_20251107_191731_0.1.csv
OOS Period (2021-09-08 15:00:00+00:00 to 2021-09-29 14:00:00+00:00): PnL: $-324.46 | Sharpe: -6.3411 | Calmar: -12.4647 | Trades: 18

--- Window 27 Boundary Check ---
IS Period RTH Bars: 228. Start: 2021-08-05 15:00:00+00:00 | End: 2021-09-29 14:00:00+00:00
OOS Start Bar Index: 2632 | Time: 2021-09-29 15:00:00+00:00
ADF Test Result: p-value=0.9971 (Required < 0.10) | OLS Beta: 0.5570
Filter ON: Spread not stationary (p-value too high). Skipping optimization and OOS test.

--- Window 28 Boundary Check ---
IS Period RTH Bars: 228. Start: 2021-08-26 15:00:00+00:00 | End: 2021-10-20 14:00:00+00:00
OOS Start Bar Index: 2722 | Time: 2021-10-20 15:00:00+00:00
ADF Test Result: p-value=0.3176 (Required < 0.10) | OLS Beta: 1.9034
Filter ON: Spread not stationary (p-value too high). Skipping optimization and OOS test.

--- Window 29 Boundary Check ---
IS Period RTH Bars: 228. Start: 2021-09-17 15:00:00+00:00 | End: 2021-11-10 15:00:00+00:00
OOS Start Bar Index: 2812 | Time: 2021-11-10 16:00:00+00:00
ADF Test Result: p-value=0.1144 (Required < 0.10) | OLS Beta: 0.8244
Filter ON: Spread not stationary (p-value too high). Skipping optimization and OOS test.

--- Window 30 Boundary Check ---
IS Period RTH Bars: 228. Start: 2021-10-08 15:00:00+00:00 | End: 2021-12-02 16:00:00+00:00
OOS Start Bar Index: 2902 | Time: 2021-12-02 17:00:00+00:00
ADF Test Result: p-value=0.0516 (Required < 0.10) | OLS Beta: 0.5691
Filter OFF: Spread is stationary. Proceeding with optimization.
IS Optimization Time: 0.02 seconds.
Optimal Params (Sharpe=2.8049, Calmar=0.0000): Z_E=3.3, Z_X=1.5, Z_SL=3.6
📊 Persistence: Saved 109 PnL points to wfa_outputs\oos_equity_curve_ADBE_INTU_1h_20251107_191731_0.1.csv
OOS Period (2021-12-02 17:00:00+00:00 to 2021-12-23 16:00:00+00:00): PnL: $-317.73 | Sharpe: -2.0866 | Calmar: -5.6568 | Trades: 28

--- Window 31 Boundary Check ---
IS Period RTH Bars: 228. Start: 2021-10-29 15:00:00+00:00 | End: 2021-12-23 16:00:00+00:00
OOS Start Bar Index: 2992 | Time: 2021-12-23 17:00:00+00:00
ADF Test Result: p-value=0.9079 (Required < 0.10) | OLS Beta: 0.6744
Filter ON: Spread not stationary (p-value too high). Skipping optimization and OOS test.

--- Window 32 Boundary Check ---
IS Period RTH Bars: 228. Start: 2021-11-19 16:00:00+00:00 | End: 2022-01-14 16:00:00+00:00
OOS Start Bar Index: 3082 | Time: 2022-01-14 17:00:00+00:00
ADF Test Result: p-value=0.3685 (Required < 0.10) | OLS Beta: 1.4712
Filter ON: Spread not stationary (p-value too high). Skipping optimization and OOS test.

--- Window 33 Boundary Check ---
IS Period RTH Bars: 228. Start: 2021-12-13 17:00:00+00:00 | End: 2022-02-07 16:00:00+00:00
OOS Start Bar Index: 3172 | Time: 2022-02-07 17:00:00+00:00
ADF Test Result: p-value=0.0023 (Required < 0.10) | OLS Beta: 0.6816
Filter OFF: Spread is stationary. Proceeding with optimization.
IS Optimization Time: 0.02 seconds.
Optimal Params (Sharpe=3.5325, Calmar=0.0000): Z_E=2.9, Z_X=1.5, Z_SL=3.6
📊 Persistence: Saved 109 PnL points to wfa_outputs\oos_equity_curve_ADBE_INTU_1h_20251107_191731_0.1.csv
OOS Period (2022-02-07 17:00:00+00:00 to 2022-03-01 16:00:00+00:00): PnL: $0.00 | Sharpe: 0.0000 | Calmar: 0.0000 | Trades: 0

--- Window 34 Boundary Check ---
IS Period RTH Bars: 228. Start: 2022-01-04 17:00:00+00:00 | End: 2022-03-01 16:00:00+00:00
OOS Start Bar Index: 3262 | Time: 2022-03-01 17:00:00+00:00
ADF Test Result: p-value=0.5256 (Required < 0.10) | OLS Beta: 0.7879
Filter ON: Spread not stationary (p-value too high). Skipping optimization and OOS test.

--- Window 35 Boundary Check ---
IS Period RTH Bars: 228. Start: 2022-01-26 17:00:00+00:00 | End: 2022-03-22 15:00:00+00:00
OOS Start Bar Index: 3352 | Time: 2022-03-22 16:00:00+00:00
ADF Test Result: p-value=0.3849 (Required < 0.10) | OLS Beta: 0.7969
Filter ON: Spread not stationary (p-value too high). Skipping optimization and OOS test.

--- Window 36 Boundary Check ---
IS Period RTH Bars: 228. Start: 2022-02-16 17:00:00+00:00 | End: 2022-04-12 15:00:00+00:00
OOS Start Bar Index: 3442 | Time: 2022-04-12 16:00:00+00:00
ADF Test Result: p-value=0.0664 (Required < 0.10) | OLS Beta: 0.6382
Filter OFF: Spread is stationary. Proceeding with optimization.
IS Optimization Time: 0.02 seconds.
Optimal Params (Sharpe=0.9620, Calmar=5.1329): Z_E=2.9, Z_X=1.5, Z_SL=3.3
📊 Persistence: Saved 109 PnL points to wfa_outputs\oos_equity_curve_ADBE_INTU_1h_20251107_191731_0.1.csv
OOS Period (2022-04-12 16:00:00+00:00 to 2022-05-04 15:00:00+00:00): PnL: $0.00 | Sharpe: 0.0000 | Calmar: 0.0000 | Trades: 0

--- Window 37 Boundary Check ---
IS Period RTH Bars: 228. Start: 2022-03-10 17:00:00+00:00 | End: 2022-05-04 15:00:00+00:00
OOS Start Bar Index: 3532 | Time: 2022-05-04 16:00:00+00:00
ADF Test Result: p-value=0.0413 (Required < 0.10) | OLS Beta: 0.8087
Filter OFF: Spread is stationary. Proceeding with optimization.
IS Optimization Time: 0.02 seconds.
Optimal Params (Sharpe=3.5867, Calmar=174.8055): Z_E=2.1, Z_X=0.5, Z_SL=3.3
📊 Persistence: Saved 141 PnL points to wfa_outputs\oos_equity_curve_ADBE_INTU_1h_20251107_191731_0.1.csv
OOS Period (2022-05-04 16:00:00+00:00 to 2022-05-25 15:00:00+00:00): PnL: $-30.85 | Sharpe: -0.2904 | Calmar: -1.1530 | Trades: 32

--- Window 38 Boundary Check ---
IS Period RTH Bars: 228. Start: 2022-03-31 16:00:00+00:00 | End: 2022-05-25 15:00:00+00:00
OOS Start Bar Index: 3622 | Time: 2022-05-25 16:00:00+00:00
ADF Test Result: p-value=0.2664 (Required < 0.10) | OLS Beta: 0.3986
Filter ON: Spread not stationary (p-value too high). Skipping optimization and OOS test.

--- Window 39 Boundary Check ---
IS Period RTH Bars: 228. Start: 2022-04-22 16:00:00+00:00 | End: 2022-06-16 15:00:00+00:00
OOS Start Bar Index: 3712 | Time: 2022-06-16 16:00:00+00:00
ADF Test Result: p-value=0.5050 (Required < 0.10) | OLS Beta: 0.3669
Filter ON: Spread not stationary (p-value too high). Skipping optimization and OOS test.

--- Window 40 Boundary Check ---
IS Period RTH Bars: 228. Start: 2022-05-13 16:00:00+00:00 | End: 2022-07-11 15:00:00+00:00
OOS Start Bar Index: 3802 | Time: 2022-07-11 16:00:00+00:00
ADF Test Result: p-value=0.6560 (Required < 0.10) | OLS Beta: 0.5323
Filter ON: Spread not stationary (p-value too high). Skipping optimization and OOS test.

--- Window 41 Boundary Check ---
IS Period RTH Bars: 228. Start: 2022-06-06 16:00:00+00:00 | End: 2022-08-01 15:00:00+00:00
OOS Start Bar Index: 3892 | Time: 2022-08-01 16:00:00+00:00
ADF Test Result: p-value=0.0699 (Required < 0.10) | OLS Beta: 0.5923
Filter OFF: Spread is stationary. Proceeding with optimization.
IS Optimization Time: 0.02 seconds.
Optimal Params (Sharpe=1.3323, Calmar=4.1402): Z_E=1.9, Z_X=1.5, Z_SL=3.3
📊 Persistence: Saved 141 PnL points to wfa_outputs\oos_equity_curve_ADBE_INTU_1h_20251107_191731_0.1.csv
OOS Period (2022-08-01 16:00:00+00:00 to 2022-08-22 15:00:00+00:00): PnL: $0.00 | Sharpe: 0.0000 | Calmar: 0.0000 | Trades: 0

--- Window 42 Boundary Check ---
IS Period RTH Bars: 228. Start: 2022-06-28 16:00:00+00:00 | End: 2022-08-22 15:00:00+00:00
OOS Start Bar Index: 3982 | Time: 2022-08-22 16:00:00+00:00
ADF Test Result: p-value=0.2531 (Required < 0.10) | OLS Beta: 0.7705
Filter ON: Spread not stationary (p-value too high). Skipping optimization and OOS test.

--- Window 43 Boundary Check ---
IS Period RTH Bars: 228. Start: 2022-07-20 16:00:00+00:00 | End: 2022-09-13 15:00:00+00:00
OOS Start Bar Index: 4072 | Time: 2022-09-13 16:00:00+00:00
ADF Test Result: p-value=0.1291 (Required < 0.10) | OLS Beta: 1.1508
Filter ON: Spread not stationary (p-value too high). Skipping optimization and OOS test.

--- Window 44 Boundary Check ---
IS Period RTH Bars: 228. Start: 2022-08-10 16:00:00+00:00 | End: 2022-10-04 15:00:00+00:00
OOS Start Bar Index: 4162 | Time: 2022-10-04 16:00:00+00:00
ADF Test Result: p-value=0.2405 (Required < 0.10) | OLS Beta: 2.3689
Filter ON: Spread not stationary (p-value too high). Skipping optimization and OOS test.

--- Window 45 Boundary Check ---
IS Period RTH Bars: 228. Start: 2022-08-31 16:00:00+00:00 | End: 2022-10-25 15:00:00+00:00
OOS Start Bar Index: 4252 | Time: 2022-10-25 16:00:00+00:00
ADF Test Result: p-value=0.1403 (Required < 0.10) | OLS Beta: 2.3135
Filter ON: Spread not stationary (p-value too high). Skipping optimization and OOS test.

--- Window 46 Boundary Check ---
IS Period RTH Bars: 228. Start: 2022-09-22 16:00:00+00:00 | End: 2022-11-15 16:00:00+00:00
OOS Start Bar Index: 4342 | Time: 2022-11-15 17:00:00+00:00
ADF Test Result: p-value=0.9644 (Required < 0.10) | OLS Beta: 0.6851
Filter ON: Spread not stationary (p-value too high). Skipping optimization and OOS test.

--- Window 47 Boundary Check ---
IS Period RTH Bars: 228. Start: 2022-10-13 16:00:00+00:00 | End: 2022-12-07 18:00:00+00:00
OOS Start Bar Index: 4432 | Time: 2022-12-07 19:00:00+00:00
ADF Test Result: p-value=0.5030 (Required < 0.10) | OLS Beta: 0.4085
Filter ON: Spread not stationary (p-value too high). Skipping optimization and OOS test.

--- Window 48 Boundary Check ---
IS Period RTH Bars: 228. Start: 2022-11-03 16:00:00+00:00 | End: 2022-12-29 18:00:00+00:00
OOS Start Bar Index: 4522 | Time: 2022-12-29 19:00:00+00:00
ADF Test Result: p-value=0.0475 (Required < 0.10) | OLS Beta: 0.8578
Filter OFF: Spread is stationary. Proceeding with optimization.
IS Optimization Time: 0.02 seconds.
Optimal Params (Sharpe=5.0231, Calmar=0.0000): Z_E=2.1, Z_X=1.5, Z_SL=3.3
📊 Persistence: Saved 141 PnL points to wfa_outputs\oos_equity_curve_ADBE_INTU_1h_20251107_191731_0.1.csv
OOS Period (2022-12-29 19:00:00+00:00 to 2023-01-23 18:00:00+00:00): PnL: $0.00 | Sharpe: 0.0000 | Calmar: 0.0000 | Trades: 0

--- Window 49 Boundary Check ---
IS Period RTH Bars: 228. Start: 2022-11-25 17:00:00+00:00 | End: 2023-01-23 18:00:00+00:00
OOS Start Bar Index: 4612 | Time: 2023-01-23 19:00:00+00:00
ADF Test Result: p-value=0.3836 (Required < 0.10) | OLS Beta: 0.3017
Filter ON: Spread not stationary (p-value too high). Skipping optimization and OOS test.

--- Window 50 Boundary Check ---
IS Period RTH Bars: 228. Start: 2022-12-16 19:00:00+00:00 | End: 2023-02-13 18:00:00+00:00
OOS Start Bar Index: 4702 | Time: 2023-02-13 19:00:00+00:00
ADF Test Result: p-value=0.0116 (Required < 0.10) | OLS Beta: 1.1118
Filter OFF: Spread is stationary. Proceeding with optimization.
IS Optimization Time: 0.02 seconds.
Optimal Params (Sharpe=3.6855, Calmar=0.0000): Z_E=2.5, Z_X=0.7, Z_SL=3.3
📊 Persistence: Saved 164 PnL points to wfa_outputs\oos_equity_curve_ADBE_INTU_1h_20251107_191731_0.1.csv
OOS Period (2023-02-13 19:00:00+00:00 to 2023-03-07 18:00:00+00:00): PnL: $-79.84 | Sharpe: -0.5816 | Calmar: -2.3842 | Trades: 23

--- Window 51 Boundary Check ---
IS Period RTH Bars: 228. Start: 2023-01-10 19:00:00+00:00 | End: 2023-03-07 18:00:00+00:00
OOS Start Bar Index: 4792 | Time: 2023-03-07 19:00:00+00:00
ADF Test Result: p-value=0.5657 (Required < 0.10) | OLS Beta: 0.9540
Filter ON: Spread not stationary (p-value too high). Skipping optimization and OOS test.

--- Window 52 Boundary Check ---
IS Period RTH Bars: 228. Start: 2023-02-01 19:00:00+00:00 | End: 2023-03-28 17:00:00+00:00
OOS Start Bar Index: 4882 | Time: 2023-03-28 18:00:00+00:00
ADF Test Result: p-value=0.2296 (Required < 0.10) | OLS Beta: 1.4272
Filter ON: Spread not stationary (p-value too high). Skipping optimization and OOS test.

--- Window 53 Boundary Check ---
IS Period RTH Bars: 228. Start: 2023-02-23 19:00:00+00:00 | End: 2023-04-19 17:00:00+00:00
OOS Start Bar Index: 4972 | Time: 2023-04-19 18:00:00+00:00
ADF Test Result: p-value=0.1284 (Required < 0.10) | OLS Beta: 1.3538
Filter ON: Spread not stationary (p-value too high). Skipping optimization and OOS test.

--- Window 54 Boundary Check ---
IS Period RTH Bars: 228. Start: 2023-03-16 18:00:00+00:00 | End: 2023-05-10 17:00:00+00:00
OOS Start Bar Index: 5062 | Time: 2023-05-10 18:00:00+00:00
ADF Test Result: p-value=0.8277 (Required < 0.10) | OLS Beta: 0.7272
Filter ON: Spread not stationary (p-value too high). Skipping optimization and OOS test.

--- Window 55 Boundary Check ---
IS Period RTH Bars: 228. Start: 2023-04-06 18:00:00+00:00 | End: 2023-06-01 17:00:00+00:00
OOS Start Bar Index: 5152 | Time: 2023-06-01 18:00:00+00:00
ADF Test Result: p-value=0.8604 (Required < 0.10) | OLS Beta: -0.0074
Filter ON: Spread not stationary (p-value too high). Skipping optimization and OOS test.

--- Window 56 Boundary Check ---
IS Period RTH Bars: 228. Start: 2023-04-28 18:00:00+00:00 | End: 2023-06-23 17:00:00+00:00
OOS Start Bar Index: 5242 | Time: 2023-06-23 18:00:00+00:00
ADF Test Result: p-value=0.7275 (Required < 0.10) | OLS Beta: 2.0614
Filter ON: Spread not stationary (p-value too high). Skipping optimization and OOS test.

--- Window 57 Boundary Check ---
IS Period RTH Bars: 228. Start: 2023-05-19 18:00:00+00:00 | End: 2023-07-17 18:00:00+00:00
OOS Start Bar Index: 5332 | Time: 2023-07-17 19:00:00+00:00
ADF Test Result: p-value=0.0005 (Required < 0.10) | OLS Beta: 1.6055
Filter OFF: Spread is stationary. Proceeding with optimization.
IS Optimization Time: 0.02 seconds.
Optimal Params (Sharpe=-2.5612, Calmar=-4.0447): Z_E=1.9, Z_X=0.7, Z_SL=3.3
📊 Persistence: Saved 164 PnL points to wfa_outputs\oos_equity_curve_ADBE_INTU_1h_20251107_191731_0.1.csv
OOS Period (2023-07-17 19:00:00+00:00 to 2023-08-07 18:00:00+00:00): PnL: $0.00 | Sharpe: 0.0000 | Calmar: 0.0000 | Trades: 0

--- Window 58 Boundary Check ---
IS Period RTH Bars: 228. Start: 2023-06-12 18:00:00+00:00 | End: 2023-08-07 18:00:00+00:00
OOS Start Bar Index: 5422 | Time: 2023-08-07 19:00:00+00:00
ADF Test Result: p-value=0.0007 (Required < 0.10) | OLS Beta: 0.8543
Filter OFF: Spread is stationary. Proceeding with optimization.
IS Optimization Time: 0.02 seconds.
Optimal Params (Sharpe=5.7136, Calmar=284.3827): Z_E=1.9, Z_X=1.5, Z_SL=3.3
📊 Persistence: Saved 169 PnL points to wfa_outputs\oos_equity_curve_ADBE_INTU_1h_20251107_191731_0.1.csv
OOS Period (2023-08-07 19:00:00+00:00 to 2023-08-28 18:00:00+00:00): PnL: $52.47 | Sharpe: 2.2583 | Calmar: 16.3079 | Trades: 5

--- Window 59 Boundary Check ---
IS Period RTH Bars: 228. Start: 2023-07-05 19:00:00+00:00 | End: 2023-08-28 18:00:00+00:00
OOS Start Bar Index: 5512 | Time: 2023-08-28 19:00:00+00:00
ADF Test Result: p-value=0.0496 (Required < 0.10) | OLS Beta: 0.6733
Filter OFF: Spread is stationary. Proceeding with optimization.
IS Optimization Time: 0.02 seconds.
Optimal Params (Sharpe=3.2404, Calmar=30.1142): Z_E=1.9, Z_X=0.3, Z_SL=3.3
📊 Persistence: Saved 171 PnL points to wfa_outputs\oos_equity_curve_ADBE_INTU_1h_20251107_191731_0.1.csv
OOS Period (2023-08-28 19:00:00+00:00 to 2023-09-19 18:00:00+00:00): PnL: $148.75 | Sharpe: 3.2237 | Calmar: 74.5343 | Trades: 2

--- Window 60 Boundary Check ---
IS Period RTH Bars: 228. Start: 2023-07-26 19:00:00+00:00 | End: 2023-09-19 18:00:00+00:00
OOS Start Bar Index: 5602 | Time: 2023-09-19 19:00:00+00:00
ADF Test Result: p-value=0.0319 (Required < 0.10) | OLS Beta: 0.6531
Filter OFF: Spread is stationary. Proceeding with optimization.
IS Optimization Time: 0.03 seconds.
Optimal Params (Sharpe=3.6244, Calmar=0.0000): Z_E=3.1, Z_X=0.3, Z_SL=3.3
📊 Persistence: Saved 173 PnL points to wfa_outputs\oos_equity_curve_ADBE_INTU_1h_20251107_191731_0.1.csv
OOS Period (2023-09-19 19:00:00+00:00 to 2023-10-10 18:00:00+00:00): PnL: $127.83 | Sharpe: 4.7473 | Calmar: 0.0000 | Trades: 2

--- Window 61 Boundary Check ---
IS Period RTH Bars: 228. Start: 2023-08-16 19:00:00+00:00 | End: 2023-10-10 18:00:00+00:00
OOS Start Bar Index: 5692 | Time: 2023-10-10 19:00:00+00:00
ADF Test Result: p-value=0.2604 (Required < 0.10) | OLS Beta: 0.7704
Filter ON: Spread not stationary (p-value too high). Skipping optimization and OOS test.

--- Window 62 Boundary Check ---
IS Period RTH Bars: 228. Start: 2023-09-07 19:00:00+00:00 | End: 2023-10-31 18:00:00+00:00
OOS Start Bar Index: 5782 | Time: 2023-10-31 19:00:00+00:00
ADF Test Result: p-value=0.4244 (Required < 0.10) | OLS Beta: 0.6441
Filter ON: Spread not stationary (p-value too high). Skipping optimization and OOS test.

--- Window 63 Boundary Check ---
IS Period RTH Bars: 228. Start: 2023-09-28 19:00:00+00:00 | End: 2023-11-21 19:00:00+00:00
OOS Start Bar Index: 5872 | Time: 2023-11-21 20:00:00+00:00
ADF Test Result: p-value=0.4685 (Required < 0.10) | OLS Beta: 0.8149
Filter ON: Spread not stationary (p-value too high). Skipping optimization and OOS test.

--- Window 64 Boundary Check ---
IS Period RTH Bars: 228. Start: 2023-10-19 19:00:00+00:00 | End: 2023-12-14 15:00:00+00:00
OOS Start Bar Index: 5962 | Time: 2023-12-14 16:00:00+00:00
ADF Test Result: p-value=0.9455 (Required < 0.10) | OLS Beta: 0.8386
Filter ON: Spread not stationary (p-value too high). Skipping optimization and OOS test.

--- Window 65 Boundary Check ---
IS Period RTH Bars: 228. Start: 2023-11-09 20:00:00+00:00 | End: 2024-01-08 15:00:00+00:00
OOS Start Bar Index: 6052 | Time: 2024-01-08 16:00:00+00:00
ADF Test Result: p-value=0.1602 (Required < 0.10) | OLS Beta: -0.0893
Filter ON: Spread not stationary (p-value too high). Skipping optimization and OOS test.

--- Window 66 Boundary Check ---
IS Period RTH Bars: 228. Start: 2023-12-04 16:00:00+00:00 | End: 2024-01-30 15:00:00+00:00
OOS Start Bar Index: 6142 | Time: 2024-01-30 16:00:00+00:00
ADF Test Result: p-value=0.3089 (Required < 0.10) | OLS Beta: 0.2022
Filter ON: Spread not stationary (p-value too high). Skipping optimization and OOS test.

--- Window 67 Boundary Check ---
IS Period RTH Bars: 228. Start: 2023-12-26 16:00:00+00:00 | End: 2024-02-21 15:00:00+00:00
OOS Start Bar Index: 6232 | Time: 2024-02-21 16:00:00+00:00
ADF Test Result: p-value=0.9959 (Required < 0.10) | OLS Beta: 0.4922
Filter ON: Spread not stationary (p-value too high). Skipping optimization and OOS test.

--- Window 68 Boundary Check ---
IS Period RTH Bars: 228. Start: 2024-01-18 16:00:00+00:00 | End: 2024-03-13 14:00:00+00:00
OOS Start Bar Index: 6322 | Time: 2024-03-13 15:00:00+00:00
ADF Test Result: p-value=0.3137 (Required < 0.10) | OLS Beta: -0.9286
Filter ON: Spread not stationary (p-value too high). Skipping optimization and OOS test.

--- Window 69 Boundary Check ---
IS Period RTH Bars: 228. Start: 2024-02-08 16:00:00+00:00 | End: 2024-04-04 14:00:00+00:00
OOS Start Bar Index: 6412 | Time: 2024-04-04 15:00:00+00:00
ADF Test Result: p-value=0.0738 (Required < 0.10) | OLS Beta: 2.3098
Filter OFF: Spread is stationary. Proceeding with optimization.
IS Optimization Time: 0.02 seconds.
Optimal Params (Sharpe=1.8954, Calmar=7.9906): Z_E=1.9, Z_X=0.3, Z_SL=3.3
📊 Persistence: Saved 174 PnL points to wfa_outputs\oos_equity_curve_ADBE_INTU_1h_20251107_191731_0.1.csv
OOS Period (2024-04-04 15:00:00+00:00 to 2024-04-25 14:00:00+00:00): PnL: $238.60 | Sharpe: 4.1217 | Calmar: 0.0000 | Trades: 1

--- Window 70 Boundary Check ---
IS Period RTH Bars: 228. Start: 2024-03-01 16:00:00+00:00 | End: 2024-04-25 14:00:00+00:00
OOS Start Bar Index: 6502 | Time: 2024-04-25 15:00:00+00:00
ADF Test Result: p-value=0.0524 (Required < 0.10) | OLS Beta: 2.2153
Filter OFF: Spread is stationary. Proceeding with optimization.
IS Optimization Time: 0.02 seconds.
Optimal Params (Sharpe=3.4450, Calmar=35.1900): Z_E=2.1, Z_X=0.3, Z_SL=3.9
📊 Persistence: Saved 176 PnL points to wfa_outputs\oos_equity_curve_ADBE_INTU_1h_20251107_191731_0.1.csv
OOS Period (2024-04-25 15:00:00+00:00 to 2024-05-16 14:00:00+00:00): PnL: $204.83 | Sharpe: 3.7070 | Calmar: 195.6830 | Trades: 2

--- Window 71 Boundary Check ---
IS Period RTH Bars: 228. Start: 2024-03-22 15:00:00+00:00 | End: 2024-05-16 14:00:00+00:00
OOS Start Bar Index: 6592 | Time: 2024-05-16 15:00:00+00:00
ADF Test Result: p-value=0.3581 (Required < 0.10) | OLS Beta: 0.8239
Filter ON: Spread not stationary (p-value too high). Skipping optimization and OOS test.

--- Window 72 Boundary Check ---
IS Period RTH Bars: 228. Start: 2024-04-15 15:00:00+00:00 | End: 2024-06-07 14:00:00+00:00
OOS Start Bar Index: 6682 | Time: 2024-06-07 15:00:00+00:00
ADF Test Result: p-value=0.0373 (Required < 0.10) | OLS Beta: 0.4792
Filter OFF: Spread is stationary. Proceeding with optimization.
IS Optimization Time: 0.02 seconds.
Optimal Params (Sharpe=0.0668, Calmar=0.2028): Z_E=2.1, Z_X=0.9, Z_SL=3.3
📊 Persistence: Saved 206 PnL points to wfa_outputs\oos_equity_curve_ADBE_INTU_1h_20251107_191731_0.1.csv
OOS Period (2024-06-07 15:00:00+00:00 to 2024-07-01 14:00:00+00:00): PnL: $-281.62 | Sharpe: -4.2215 | Calmar: -7.6959 | Trades: 30

--- Window 73 Boundary Check ---
IS Period RTH Bars: 228. Start: 2024-05-06 15:00:00+00:00 | End: 2024-07-01 14:00:00+00:00
OOS Start Bar Index: 6772 | Time: 2024-07-01 15:00:00+00:00
ADF Test Result: p-value=0.7744 (Required < 0.10) | OLS Beta: 0.6104
Filter ON: Spread not stationary (p-value too high). Skipping optimization and OOS test.

--- Window 74 Boundary Check ---
IS Period RTH Bars: 228. Start: 2024-05-28 15:00:00+00:00 | End: 2024-07-23 16:00:00+00:00
OOS Start Bar Index: 6862 | Time: 2024-07-23 17:00:00+00:00
ADF Test Result: p-value=0.0095 (Required < 0.10) | OLS Beta: 1.5503
Filter OFF: Spread is stationary. Proceeding with optimization.
IS Optimization Time: 0.02 seconds.
Optimal Params (Sharpe=2.2588, Calmar=30.1804): Z_E=2.3, Z_X=0.9, Z_SL=3.3
📊 Persistence: Saved 206 PnL points to wfa_outputs\oos_equity_curve_ADBE_INTU_1h_20251107_191731_0.1.csv
OOS Period (2024-07-23 17:00:00+00:00 to 2024-08-13 16:00:00+00:00): PnL: $0.00 | Sharpe: 0.0000 | Calmar: 0.0000 | Trades: 0

--- Window 75 Boundary Check ---
IS Period RTH Bars: 228. Start: 2024-06-18 15:00:00+00:00 | End: 2024-08-13 16:00:00+00:00
OOS Start Bar Index: 6952 | Time: 2024-08-13 17:00:00+00:00
ADF Test Result: p-value=0.2431 (Required < 0.10) | OLS Beta: 1.1188
Filter ON: Spread not stationary (p-value too high). Skipping optimization and OOS test.

--- Window 76 Boundary Check ---
IS Period RTH Bars: 228. Start: 2024-07-11 17:00:00+00:00 | End: 2024-09-04 16:00:00+00:00
OOS Start Bar Index: 7042 | Time: 2024-09-04 17:00:00+00:00
ADF Test Result: p-value=0.8101 (Required < 0.10) | OLS Beta: 0.5558
Filter ON: Spread not stationary (p-value too high). Skipping optimization and OOS test.

--- Window 77 Boundary Check ---
IS Period RTH Bars: 228. Start: 2024-08-01 17:00:00+00:00 | End: 2024-09-25 16:00:00+00:00
OOS Start Bar Index: 7132 | Time: 2024-09-25 17:00:00+00:00
ADF Test Result: p-value=0.4951 (Required < 0.10) | OLS Beta: 0.0512
Filter ON: Spread not stationary (p-value too high). Skipping optimization and OOS test.

--- Window 78 Boundary Check ---
IS Period RTH Bars: 228. Start: 2024-08-22 17:00:00+00:00 | End: 2024-10-16 16:00:00+00:00
OOS Start Bar Index: 7222 | Time: 2024-10-16 17:00:00+00:00
ADF Test Result: p-value=0.7391 (Required < 0.10) | OLS Beta: 0.5551
Filter ON: Spread not stationary (p-value too high). Skipping optimization and OOS test.

--- Window 79 Boundary Check ---
IS Period RTH Bars: 228. Start: 2024-09-13 17:00:00+00:00 | End: 2024-11-06 17:00:00+00:00
OOS Start Bar Index: 7312 | Time: 2024-11-06 18:00:00+00:00
ADF Test Result: p-value=0.8035 (Required < 0.10) | OLS Beta: 0.8356
Filter ON: Spread not stationary (p-value too high). Skipping optimization and OOS test.

--- Window 80 Boundary Check ---
IS Period RTH Bars: 228. Start: 2024-10-04 17:00:00+00:00 | End: 2024-11-27 17:00:00+00:00
OOS Start Bar Index: 7402 | Time: 2024-11-27 18:00:00+00:00
ADF Test Result: p-value=0.0641 (Required < 0.10) | OLS Beta: 0.3487
Filter OFF: Spread is stationary. Proceeding with optimization.
IS Optimization Time: 0.02 seconds.
Optimal Params (Sharpe=3.9417, Calmar=50.3980): Z_E=1.9, Z_X=0.9, Z_SL=3.3
📊 Persistence: Saved 234 PnL points to wfa_outputs\oos_equity_curve_ADBE_INTU_1h_20251107_191731_0.1.csv
OOS Period (2024-11-27 18:00:00+00:00 to 2024-12-19 19:00:00+00:00): PnL: $-131.80 | Sharpe: -1.5132 | Calmar: -6.5519 | Trades: 28

--- Window 81 Boundary Check ---
IS Period RTH Bars: 228. Start: 2024-10-25 17:00:00+00:00 | End: 2024-12-19 19:00:00+00:00
OOS Start Bar Index: 7492 | Time: 2024-12-19 20:00:00+00:00
ADF Test Result: p-value=0.8030 (Required < 0.10) | OLS Beta: 0.2746
Filter ON: Spread not stationary (p-value too high). Skipping optimization and OOS test.

############################################################
📈 OVERALL SIMULATION PERFORMANCE (Walk-Forward Test)
############################################################
Timeframe Used: 1Hour, Value: 1
ADF Cointegration Filter Threshold: 0.1
Total OOS Windows Tested: 81
Total Trades Executed: 234
--- Final Performance Metrics ---
Total PnL: $-1,196.78
Overall Sharpe Ratio (Annualized): -0.1805
Overall Calmar Ratio (Annualized): -0.0264
Maximum Dollar Drawdown (MDD): $1,894.29

--- Execution Time ---
Total Elapsed Time: 36.29 seconds
############################################################
[0m