--- Dynamic Timeframe Configuration ---
TimeFrame Selected: 1Min, Value: 1
Bars per Trading Day: 390
Annualization Factor (Bars/Year): 98280
Statistical Lookback Bars: 2184
Optimization Lookback Bars: 19032
---------------------------------------
--- Diagnostic Check ---
API Key ID Length: 26
API Secret Key Length: 44
StockHistoricalDataClient initialized successfully. Starting data fetch...
--------------------------
Pre-compiling Numba function for first run optimization...
Numba pre-compilation complete.
Fetching data from 2020-01-15 to 2025-01-13...
Fetching 1Min data for ADBE...
Fetching 1Min data for INTU...
Data acquired successfully. Total 1Min RTH bars: 462045
Skipping full pre-calculation. Metrics will be calculated inside the WFA loop.

============================================================
📈 Starting Rolling Backtest: IS Optimization Window=19032 bars, Shift=15 days
   Data already processed with Statistical Rolling Window: 2184 bars
   ADF Cointegration Filter: p-value < 0.05
============================================================

--- Window 1 Boundary Check ---
IS Period RTH Bars: 14666. Start: 2020-01-31 18:12:00+00:00 | End: 2020-03-27 14:55:00+00:00
OOS Start Bar Index: 19032 | Time: 2020-03-27 14:56:00+00:00
ADF Test Result: p-value=0.1435 (Required < 0.05) | OLS Beta: 0.6602
Filter ON: Spread not stationary (p-value too high). Skipping optimization and OOS test.

--- Window 2 Boundary Check ---
IS Period RTH Bars: 14666. Start: 2020-02-25 17:09:00+00:00 | End: 2020-04-20 16:29:00+00:00
OOS Start Bar Index: 24882 | Time: 2020-04-20 16:30:00+00:00
ADF Test Result: p-value=0.0690 (Required < 0.05) | OLS Beta: 0.5381
Filter ON: Spread not stationary (p-value too high). Skipping optimization and OOS test.

--- Window 3 Boundary Check ---
IS Period RTH Bars: 14666. Start: 2020-03-17 17:04:00+00:00 | End: 2020-05-12 13:40:00+00:00
OOS Start Bar Index: 30732 | Time: 2020-05-12 13:41:00+00:00
ADF Test Result: p-value=0.0393 (Required < 0.05) | OLS Beta: 0.6487
Filter OFF: Spread is stationary. Proceeding with optimization.
IS Optimization Time: 0.05 seconds.
Optimal Params (Sharpe=3.5393, Calmar=18.5385): Z_E=2.3, Z_X=1.1, Z_SL=3.9
📊 Persistence: Saved 2 PnL points to wfa_outputs\oos_equity_curve_ADBE_INTU_1m_20251107_192428_0.05.csv
OOS Period (2020-05-12 13:41:00+00:00 to 2020-06-03 15:33:00+00:00): PnL: $243.07 | Sharpe: 4.0338 | Calmar: 1248.9535 | Trades: 2

--- Window 4 Boundary Check ---
IS Period RTH Bars: 14666. Start: 2020-04-07 18:06:00+00:00 | End: 2020-06-03 15:33:00+00:00
OOS Start Bar Index: 36582 | Time: 2020-06-03 15:34:00+00:00
ADF Test Result: p-value=0.0806 (Required < 0.05) | OLS Beta: 1.0997
Filter ON: Spread not stationary (p-value too high). Skipping optimization and OOS test.

--- Window 5 Boundary Check ---
IS Period RTH Bars: 14666. Start: 2020-04-30 14:57:00+00:00 | End: 2020-06-24 18:34:00+00:00
OOS Start Bar Index: 42432 | Time: 2020-06-24 18:35:00+00:00
ADF Test Result: p-value=0.8568 (Required < 0.05) | OLS Beta: 1.6016
Filter ON: Spread not stationary (p-value too high). Skipping optimization and OOS test.

--- Window 6 Boundary Check ---
IS Period RTH Bars: 14666. Start: 2020-05-21 17:29:00+00:00 | End: 2020-07-17 14:31:00+00:00
OOS Start Bar Index: 48282 | Time: 2020-07-17 14:32:00+00:00
ADF Test Result: p-value=0.2928 (Required < 0.05) | OLS Beta: 1.5331
Filter ON: Spread not stationary (p-value too high). Skipping optimization and OOS test.

--- Window 7 Boundary Check ---
IS Period RTH Bars: 14666. Start: 2020-06-12 19:20:00+00:00 | End: 2020-08-07 18:02:00+00:00
OOS Start Bar Index: 54132 | Time: 2020-08-07 18:03:00+00:00
ADF Test Result: p-value=0.1752 (Required < 0.05) | OLS Beta: 0.8473
Filter ON: Spread not stationary (p-value too high). Skipping optimization and OOS test.

--- Window 8 Boundary Check ---
IS Period RTH Bars: 14666. Start: 2020-07-07 15:49:00+00:00 | End: 2020-08-31 16:27:00+00:00
OOS Start Bar Index: 59982 | Time: 2020-08-31 16:28:00+00:00
ADF Test Result: p-value=0.0564 (Required < 0.05) | OLS Beta: 0.9247
Filter ON: Spread not stationary (p-value too high). Skipping optimization and OOS test.

--- Window 9 Boundary Check ---
IS Period RTH Bars: 14666. Start: 2020-07-28 18:37:00+00:00 | End: 2020-09-22 18:19:00+00:00
OOS Start Bar Index: 65832 | Time: 2020-09-22 18:20:00+00:00
ADF Test Result: p-value=0.1741 (Required < 0.05) | OLS Beta: 1.0450
Filter ON: Spread not stationary (p-value too high). Skipping optimization and OOS test.

--- Window 10 Boundary Check ---
IS Period RTH Bars: 14666. Start: 2020-08-19 18:14:00+00:00 | End: 2020-10-14 14:38:00+00:00
OOS Start Bar Index: 71682 | Time: 2020-10-14 14:39:00+00:00
ADF Test Result: p-value=0.0126 (Required < 0.05) | OLS Beta: 0.7262
Filter OFF: Spread is stationary. Proceeding with optimization.
IS Optimization Time: 0.05 seconds.
Optimal Params (Sharpe=2.2497, Calmar=3.9045): Z_E=1.9, Z_X=1.5, Z_SL=3.3
📊 Persistence: Saved 619 PnL points to wfa_outputs\oos_equity_curve_ADBE_INTU_1m_20251107_192428_0.05.csv
OOS Period (2020-10-14 14:39:00+00:00 to 2020-11-05 16:10:00+00:00): PnL: $-66.22 | Sharpe: -1.1943 | Calmar: -4.0966 | Trades: 617

--- Window 11 Boundary Check ---
IS Period RTH Bars: 14666. Start: 2020-09-10 19:58:00+00:00 | End: 2020-11-05 16:10:00+00:00
OOS Start Bar Index: 77532 | Time: 2020-11-05 16:11:00+00:00
ADF Test Result: p-value=0.4231 (Required < 0.05) | OLS Beta: 0.6370
Filter ON: Spread not stationary (p-value too high). Skipping optimization and OOS test.

--- Window 12 Boundary Check ---
IS Period RTH Bars: 14666. Start: 2020-10-02 15:05:00+00:00 | End: 2020-11-30 16:36:00+00:00
OOS Start Bar Index: 83382 | Time: 2020-11-30 16:37:00+00:00
ADF Test Result: p-value=0.4348 (Required < 0.05) | OLS Beta: 0.1964
Filter ON: Spread not stationary (p-value too high). Skipping optimization and OOS test.

--- Window 13 Boundary Check ---
IS Period RTH Bars: 14666. Start: 2020-10-26 14:52:00+00:00 | End: 2020-12-21 19:34:00+00:00
OOS Start Bar Index: 89232 | Time: 2020-12-21 19:35:00+00:00
ADF Test Result: p-value=0.0630 (Required < 0.05) | OLS Beta: 0.4738
Filter ON: Spread not stationary (p-value too high). Skipping optimization and OOS test.

--- Window 14 Boundary Check ---
IS Period RTH Bars: 14666. Start: 2020-11-16 20:54:00+00:00 | End: 2021-01-15 15:40:00+00:00
OOS Start Bar Index: 95082 | Time: 2021-01-15 15:42:00+00:00
ADF Test Result: p-value=0.1695 (Required < 0.05) | OLS Beta: 0.7781
Filter ON: Spread not stationary (p-value too high). Skipping optimization and OOS test.

--- Window 15 Boundary Check ---
IS Period RTH Bars: 14666. Start: 2020-12-09 20:49:00+00:00 | End: 2021-02-08 18:13:00+00:00
OOS Start Bar Index: 100932 | Time: 2021-02-08 18:14:00+00:00
ADF Test Result: p-value=0.5254 (Required < 0.05) | OLS Beta: 0.3831
Filter ON: Spread not stationary (p-value too high). Skipping optimization and OOS test.

--- Window 16 Boundary Check ---
IS Period RTH Bars: 14666. Start: 2021-01-05 16:02:00+00:00 | End: 2021-03-03 14:37:00+00:00
OOS Start Bar Index: 106782 | Time: 2021-03-03 14:38:00+00:00
ADF Test Result: p-value=0.3601 (Required < 0.05) | OLS Beta: 0.2531
Filter ON: Spread not stationary (p-value too high). Skipping optimization and OOS test.

--- Window 17 Boundary Check ---
IS Period RTH Bars: 14666. Start: 2021-01-27 19:25:00+00:00 | End: 2021-03-24 15:14:00+00:00
OOS Start Bar Index: 112632 | Time: 2021-03-24 15:15:00+00:00
ADF Test Result: p-value=0.6265 (Required < 0.05) | OLS Beta: 0.6362
Filter ON: Spread not stationary (p-value too high). Skipping optimization and OOS test.

--- Window 18 Boundary Check ---
IS Period RTH Bars: 14666. Start: 2021-02-19 16:23:00+00:00 | End: 2021-04-16 14:42:00+00:00
OOS Start Bar Index: 118482 | Time: 2021-04-16 14:43:00+00:00
ADF Test Result: p-value=0.7525 (Required < 0.05) | OLS Beta: 1.0621
Filter ON: Spread not stationary (p-value too high). Skipping optimization and OOS test.

--- Window 19 Boundary Check ---
IS Period RTH Bars: 14666. Start: 2021-03-12 17:48:00+00:00 | End: 2021-05-10 18:04:00+00:00
OOS Start Bar Index: 124332 | Time: 2021-05-10 18:05:00+00:00
ADF Test Result: p-value=0.1084 (Required < 0.05) | OLS Beta: 1.2327
Filter ON: Spread not stationary (p-value too high). Skipping optimization and OOS test.

--- Window 20 Boundary Check ---
IS Period RTH Bars: 14666. Start: 2021-04-05 18:59:00+00:00 | End: 2021-06-02 15:07:00+00:00
OOS Start Bar Index: 130182 | Time: 2021-06-02 15:08:00+00:00
ADF Test Result: p-value=0.5578 (Required < 0.05) | OLS Beta: 0.2415
Filter ON: Spread not stationary (p-value too high). Skipping optimization and OOS test.

--- Window 21 Boundary Check ---
IS Period RTH Bars: 14666. Start: 2021-04-28 16:17:00+00:00 | End: 2021-06-23 19:58:00+00:00
OOS Start Bar Index: 136032 | Time: 2021-06-23 19:59:00+00:00
ADF Test Result: p-value=0.8144 (Required < 0.05) | OLS Beta: 0.6896
Filter ON: Spread not stationary (p-value too high). Skipping optimization and OOS test.

--- Window 22 Boundary Check ---
IS Period RTH Bars: 14666. Start: 2021-05-20 15:56:00+00:00 | End: 2021-07-19 16:01:00+00:00
OOS Start Bar Index: 141882 | Time: 2021-07-19 16:03:00+00:00
ADF Test Result: p-value=0.3313 (Required < 0.05) | OLS Beta: 1.4402
Filter ON: Spread not stationary (p-value too high). Skipping optimization and OOS test.

--- Window 23 Boundary Check ---
IS Period RTH Bars: 14666. Start: 2021-06-11 19:50:00+00:00 | End: 2021-08-10 19:42:00+00:00
OOS Start Bar Index: 147732 | Time: 2021-08-10 19:43:00+00:00
ADF Test Result: p-value=0.0192 (Required < 0.05) | OLS Beta: 0.9409
Filter OFF: Spread is stationary. Proceeding with optimization.
IS Optimization Time: 0.05 seconds.
Optimal Params (Sharpe=8.4347, Calmar=31.4328): Z_E=1.9, Z_X=1.5, Z_SL=3.3
📊 Persistence: Saved 620 PnL points to wfa_outputs\oos_equity_curve_ADBE_INTU_1m_20251107_192428_0.05.csv
OOS Period (2021-08-10 19:43:00+00:00 to 2021-09-02 16:11:00+00:00): PnL: $79.37 | Sharpe: 4.0991 | Calmar: 0.0000 | Trades: 1

--- Window 24 Boundary Check ---
IS Period RTH Bars: 14666. Start: 2021-07-07 14:16:00+00:00 | End: 2021-09-02 16:11:00+00:00
OOS Start Bar Index: 153582 | Time: 2021-09-02 16:12:00+00:00
ADF Test Result: p-value=0.0221 (Required < 0.05) | OLS Beta: 0.8246
Filter OFF: Spread is stationary. Proceeding with optimization.
IS Optimization Time: 0.05 seconds.
Optimal Params (Sharpe=12.5577, Calmar=250.1091): Z_E=1.9, Z_X=1.5, Z_SL=3.3
📊 Persistence: Saved 1428 PnL points to wfa_outputs\oos_equity_curve_ADBE_INTU_1m_20251107_192428_0.05.csv
OOS Period (2021-09-02 16:12:00+00:00 to 2021-09-27 15:57:00+00:00): PnL: $122.09 | Sharpe: 3.3756 | Calmar: 17.3187 | Trades: 808

--- Window 25 Boundary Check ---
IS Period RTH Bars: 14666. Start: 2021-07-29 15:55:00+00:00 | End: 2021-09-27 15:57:00+00:00
OOS Start Bar Index: 159432 | Time: 2021-09-27 15:58:00+00:00
ADF Test Result: p-value=0.9870 (Required < 0.05) | OLS Beta: 0.6392
Filter ON: Spread not stationary (p-value too high). Skipping optimization and OOS test.

--- Window 26 Boundary Check ---
IS Period RTH Bars: 14666. Start: 2021-08-23 15:15:00+00:00 | End: 2021-10-19 14:18:00+00:00
OOS Start Bar Index: 165282 | Time: 2021-10-19 14:19:00+00:00
ADF Test Result: p-value=0.2439 (Required < 0.05) | OLS Beta: 1.9612
Filter ON: Spread not stationary (p-value too high). Skipping optimization and OOS test.

--- Window 27 Boundary Check ---
IS Period RTH Bars: 14666. Start: 2021-09-15 15:29:00+00:00 | End: 2021-11-10 16:09:00+00:00
OOS Start Bar Index: 171132 | Time: 2021-11-10 16:10:00+00:00
ADF Test Result: p-value=0.2174 (Required < 0.05) | OLS Beta: 0.8236
Filter ON: Spread not stationary (p-value too high). Skipping optimization and OOS test.

--- Window 28 Boundary Check ---
IS Period RTH Bars: 14666. Start: 2021-10-07 13:55:00+00:00 | End: 2021-12-03 17:07:00+00:00
OOS Start Bar Index: 176982 | Time: 2021-12-03 17:08:00+00:00
ADF Test Result: p-value=0.7589 (Required < 0.05) | OLS Beta: 0.5772
Filter ON: Spread not stationary (p-value too high). Skipping optimization and OOS test.

--- Window 29 Boundary Check ---
IS Period RTH Bars: 14666. Start: 2021-10-29 14:26:00+00:00 | End: 2021-12-28 15:58:00+00:00
OOS Start Bar Index: 182832 | Time: 2021-12-28 15:59:00+00:00
ADF Test Result: p-value=0.8837 (Required < 0.05) | OLS Beta: 0.6959
Filter ON: Spread not stationary (p-value too high). Skipping optimization and OOS test.

--- Window 30 Boundary Check ---
IS Period RTH Bars: 14666. Start: 2021-11-22 16:07:00+00:00 | End: 2022-01-20 15:30:00+00:00
OOS Start Bar Index: 188682 | Time: 2022-01-20 15:31:00+00:00
ADF Test Result: p-value=0.3037 (Required < 0.05) | OLS Beta: 1.2974
Filter ON: Spread not stationary (p-value too high). Skipping optimization and OOS test.

--- Window 31 Boundary Check ---
IS Period RTH Bars: 14666. Start: 2021-12-15 15:14:00+00:00 | End: 2022-02-10 17:17:00+00:00
OOS Start Bar Index: 194532 | Time: 2022-02-10 17:18:00+00:00
ADF Test Result: p-value=0.0011 (Required < 0.05) | OLS Beta: 0.6132
Filter OFF: Spread is stationary. Proceeding with optimization.
IS Optimization Time: 0.05 seconds.
Optimal Params (Sharpe=3.5651, Calmar=23.1705): Z_E=1.9, Z_X=1.5, Z_SL=4.8
📊 Persistence: Saved 1431 PnL points to wfa_outputs\oos_equity_curve_ADBE_INTU_1m_20251107_192428_0.05.csv
OOS Period (2022-02-10 17:18:00+00:00 to 2022-03-04 18:39:00+00:00): PnL: $198.80 | Sharpe: 1.7375 | Calmar: 15.4011 | Trades: 3

--- Window 32 Boundary Check ---
IS Period RTH Bars: 14666. Start: 2022-01-07 17:12:00+00:00 | End: 2022-03-04 18:39:00+00:00
OOS Start Bar Index: 200382 | Time: 2022-03-04 18:40:00+00:00
ADF Test Result: p-value=0.4195 (Required < 0.05) | OLS Beta: 0.8102
Filter ON: Spread not stationary (p-value too high). Skipping optimization and OOS test.

--- Window 33 Boundary Check ---
IS Period RTH Bars: 14666. Start: 2022-01-31 18:30:00+00:00 | End: 2022-03-25 18:34:00+00:00
OOS Start Bar Index: 206232 | Time: 2022-03-25 18:35:00+00:00
ADF Test Result: p-value=0.0945 (Required < 0.05) | OLS Beta: 0.7883
Filter ON: Spread not stationary (p-value too high). Skipping optimization and OOS test.

--- Window 34 Boundary Check ---
IS Period RTH Bars: 14666. Start: 2022-02-22 20:54:00+00:00 | End: 2022-04-19 13:46:00+00:00
OOS Start Bar Index: 212082 | Time: 2022-04-19 13:47:00+00:00
ADF Test Result: p-value=0.2361 (Required < 0.05) | OLS Beta: 0.7217
Filter ON: Spread not stationary (p-value too high). Skipping optimization and OOS test.

--- Window 35 Boundary Check ---
IS Period RTH Bars: 14666. Start: 2022-03-16 14:09:00+00:00 | End: 2022-05-10 15:20:00+00:00
OOS Start Bar Index: 217932 | Time: 2022-05-10 15:21:00+00:00
ADF Test Result: p-value=0.1923 (Required < 0.05) | OLS Beta: 0.7204
Filter ON: Spread not stationary (p-value too high). Skipping optimization and OOS test.

--- Window 36 Boundary Check ---
IS Period RTH Bars: 14666. Start: 2022-04-06 15:19:00+00:00 | End: 2022-06-01 15:50:00+00:00
OOS Start Bar Index: 223782 | Time: 2022-06-01 15:51:00+00:00
ADF Test Result: p-value=0.0431 (Required < 0.05) | OLS Beta: 0.3337
Filter OFF: Spread is stationary. Proceeding with optimization.
IS Optimization Time: 0.05 seconds.
Optimal Params (Sharpe=6.2939, Calmar=28.1459): Z_E=1.9, Z_X=0.5, Z_SL=3.9
📊 Persistence: Saved 1565 PnL points to wfa_outputs\oos_equity_curve_ADBE_INTU_1m_20251107_192428_0.05.csv
OOS Period (2022-06-01 15:51:00+00:00 to 2022-06-23 18:22:00+00:00): PnL: $-125.59 | Sharpe: -0.9251 | Calmar: -3.5606 | Trades: 134

--- Window 37 Boundary Check ---
IS Period RTH Bars: 14666. Start: 2022-04-28 17:25:00+00:00 | End: 2022-06-23 18:22:00+00:00
OOS Start Bar Index: 229632 | Time: 2022-06-23 18:23:00+00:00
ADF Test Result: p-value=0.6709 (Required < 0.05) | OLS Beta: 0.5041
Filter ON: Spread not stationary (p-value too high). Skipping optimization and OOS test.

--- Window 38 Boundary Check ---
IS Period RTH Bars: 14666. Start: 2022-05-19 18:12:00+00:00 | End: 2022-07-18 15:52:00+00:00
OOS Start Bar Index: 235482 | Time: 2022-07-18 15:53:00+00:00
ADF Test Result: p-value=0.4179 (Required < 0.05) | OLS Beta: 0.7735
Filter ON: Spread not stationary (p-value too high). Skipping optimization and OOS test.

--- Window 39 Boundary Check ---
IS Period RTH Bars: 14666. Start: 2022-06-13 13:57:00+00:00 | End: 2022-08-08 18:30:00+00:00
OOS Start Bar Index: 241332 | Time: 2022-08-08 18:31:00+00:00
ADF Test Result: p-value=0.0611 (Required < 0.05) | OLS Beta: 0.6190
Filter ON: Spread not stationary (p-value too high). Skipping optimization and OOS test.

--- Window 40 Boundary Check ---
IS Period RTH Bars: 14666. Start: 2022-07-06 15:52:00+00:00 | End: 2022-08-30 16:18:00+00:00
OOS Start Bar Index: 247182 | Time: 2022-08-30 16:19:00+00:00
ADF Test Result: p-value=0.9282 (Required < 0.05) | OLS Beta: 0.6972
Filter ON: Spread not stationary (p-value too high). Skipping optimization and OOS test.

--- Window 41 Boundary Check ---
IS Period RTH Bars: 14666. Start: 2022-07-27 19:36:00+00:00 | End: 2022-09-21 19:47:00+00:00
OOS Start Bar Index: 253032 | Time: 2022-09-21 19:48:00+00:00
ADF Test Result: p-value=0.2347 (Required < 0.05) | OLS Beta: 2.1746
Filter ON: Spread not stationary (p-value too high). Skipping optimization and OOS test.

--- Window 42 Boundary Check ---
IS Period RTH Bars: 14666. Start: 2022-08-18 17:32:00+00:00 | End: 2022-10-13 14:45:00+00:00
OOS Start Bar Index: 258882 | Time: 2022-10-13 14:46:00+00:00
ADF Test Result: p-value=0.1272 (Required < 0.05) | OLS Beta: 2.4303
Filter ON: Spread not stationary (p-value too high). Skipping optimization and OOS test.

--- Window 43 Boundary Check ---
IS Period RTH Bars: 14666. Start: 2022-09-12 13:53:00+00:00 | End: 2022-11-03 17:39:00+00:00
OOS Start Bar Index: 264732 | Time: 2022-11-03 17:40:00+00:00
ADF Test Result: p-value=0.1129 (Required < 0.05) | OLS Beta: 1.5220
Filter ON: Spread not stationary (p-value too high). Skipping optimization and OOS test.

--- Window 44 Boundary Check ---
IS Period RTH Bars: 14666. Start: 2022-10-03 16:30:00+00:00 | End: 2022-11-28 16:13:00+00:00
OOS Start Bar Index: 270582 | Time: 2022-11-28 16:14:00+00:00
ADF Test Result: p-value=0.7499 (Required < 0.05) | OLS Beta: 0.4092
Filter ON: Spread not stationary (p-value too high). Skipping optimization and OOS test.

--- Window 45 Boundary Check ---
IS Period RTH Bars: 14666. Start: 2022-10-24 18:29:00+00:00 | End: 2022-12-19 18:14:00+00:00
OOS Start Bar Index: 276432 | Time: 2022-12-19 18:15:00+00:00
ADF Test Result: p-value=0.4768 (Required < 0.05) | OLS Beta: 0.5229
Filter ON: Spread not stationary (p-value too high). Skipping optimization and OOS test.

--- Window 46 Boundary Check ---
IS Period RTH Bars: 14666. Start: 2022-11-15 15:13:00+00:00 | End: 2023-01-12 18:13:00+00:00
OOS Start Bar Index: 282282 | Time: 2023-01-12 18:15:00+00:00
ADF Test Result: p-value=0.0010 (Required < 0.05) | OLS Beta: 0.3378
Filter OFF: Spread is stationary. Proceeding with optimization.
IS Optimization Time: 0.06 seconds.
Optimal Params (Sharpe=9.3622, Calmar=123.9209): Z_E=1.9, Z_X=0.7, Z_SL=3.9
📊 Persistence: Saved 3366 PnL points to wfa_outputs\oos_equity_curve_ADBE_INTU_1m_20251107_192428_0.05.csv
OOS Period (2023-01-12 18:15:00+00:00 to 2023-02-06 14:43:00+00:00): PnL: $-172.73 | Sharpe: -1.6073 | Calmar: -4.0383 | Trades: 1801

--- Window 47 Boundary Check ---
IS Period RTH Bars: 14666. Start: 2022-12-07 19:49:00+00:00 | End: 2023-02-06 14:43:00+00:00
OOS Start Bar Index: 288132 | Time: 2023-02-06 14:44:00+00:00
ADF Test Result: p-value=0.3440 (Required < 0.05) | OLS Beta: 0.8138
Filter ON: Spread not stationary (p-value too high). Skipping optimization and OOS test.

--- Window 48 Boundary Check ---
IS Period RTH Bars: 14666. Start: 2022-12-30 18:15:00+00:00 | End: 2023-02-28 19:06:00+00:00
OOS Start Bar Index: 293982 | Time: 2023-02-28 19:07:00+00:00
ADF Test Result: p-value=0.8805 (Required < 0.05) | OLS Beta: 0.9537
Filter ON: Spread not stationary (p-value too high). Skipping optimization and OOS test.

--- Window 49 Boundary Check ---
IS Period RTH Bars: 14666. Start: 2023-01-25 15:44:00+00:00 | End: 2023-03-22 13:35:00+00:00
OOS Start Bar Index: 299832 | Time: 2023-03-22 13:36:00+00:00
ADF Test Result: p-value=0.2092 (Required < 0.05) | OLS Beta: 1.3467
Filter ON: Spread not stationary (p-value too high). Skipping optimization and OOS test.

--- Window 50 Boundary Check ---
IS Period RTH Bars: 14666. Start: 2023-02-15 20:48:00+00:00 | End: 2023-04-13 19:16:00+00:00
OOS Start Bar Index: 305682 | Time: 2023-04-13 19:17:00+00:00
ADF Test Result: p-value=0.1677 (Required < 0.05) | OLS Beta: 1.1934
Filter ON: Spread not stationary (p-value too high). Skipping optimization and OOS test.

--- Window 51 Boundary Check ---
IS Period RTH Bars: 14666. Start: 2023-03-10 16:38:00+00:00 | End: 2023-05-05 19:11:00+00:00
OOS Start Bar Index: 311532 | Time: 2023-05-05 19:12:00+00:00
ADF Test Result: p-value=0.4524 (Required < 0.05) | OLS Beta: 1.0160
Filter ON: Spread not stationary (p-value too high). Skipping optimization and OOS test.

--- Window 52 Boundary Check ---
IS Period RTH Bars: 14666. Start: 2023-03-31 18:35:00+00:00 | End: 2023-05-30 16:07:00+00:00
OOS Start Bar Index: 317382 | Time: 2023-05-30 16:08:00+00:00
ADF Test Result: p-value=0.9941 (Required < 0.05) | OLS Beta: 0.5635
Filter ON: Spread not stationary (p-value too high). Skipping optimization and OOS test.

--- Window 53 Boundary Check ---
IS Period RTH Bars: 14666. Start: 2023-04-25 19:36:00+00:00 | End: 2023-06-21 18:32:00+00:00
OOS Start Bar Index: 323232 | Time: 2023-06-21 18:33:00+00:00
ADF Test Result: p-value=0.8004 (Required < 0.05) | OLS Beta: 1.8029
Filter ON: Spread not stationary (p-value too high). Skipping optimization and OOS test.

--- Window 54 Boundary Check ---
IS Period RTH Bars: 14666. Start: 2023-05-17 18:01:00+00:00 | End: 2023-07-17 13:51:00+00:00
OOS Start Bar Index: 329082 | Time: 2023-07-17 13:52:00+00:00
ADF Test Result: p-value=0.2817 (Required < 0.05) | OLS Beta: 1.6491
Filter ON: Spread not stationary (p-value too high). Skipping optimization and OOS test.

--- Window 55 Boundary Check ---
IS Period RTH Bars: 14666. Start: 2023-06-08 19:26:00+00:00 | End: 2023-08-07 19:06:00+00:00
OOS Start Bar Index: 334932 | Time: 2023-08-07 19:07:00+00:00
ADF Test Result: p-value=0.0000 (Required < 0.05) | OLS Beta: 0.8676
Filter OFF: Spread is stationary. Proceeding with optimization.
IS Optimization Time: 0.05 seconds.
Optimal Params (Sharpe=6.1837, Calmar=71.3689): Z_E=2.3, Z_X=1.5, Z_SL=4.8
📊 Persistence: Saved 3368 PnL points to wfa_outputs\oos_equity_curve_ADBE_INTU_1m_20251107_192428_0.05.csv
OOS Period (2023-08-07 19:07:00+00:00 to 2023-08-29 16:58:00+00:00): PnL: $39.00 | Sharpe: 2.8338 | Calmar: 43.7919 | Trades: 2

--- Window 56 Boundary Check ---
IS Period RTH Bars: 14666. Start: 2023-07-05 13:32:00+00:00 | End: 2023-08-29 16:58:00+00:00
OOS Start Bar Index: 340782 | Time: 2023-08-29 16:59:00+00:00
ADF Test Result: p-value=0.0705 (Required < 0.05) | OLS Beta: 0.6740
Filter ON: Spread not stationary (p-value too high). Skipping optimization and OOS test.

--- Window 57 Boundary Check ---
IS Period RTH Bars: 14666. Start: 2023-07-26 18:20:00+00:00 | End: 2023-09-21 17:26:00+00:00
OOS Start Bar Index: 346632 | Time: 2023-09-21 17:27:00+00:00
ADF Test Result: p-value=0.0699 (Required < 0.05) | OLS Beta: 0.6552
Filter ON: Spread not stationary (p-value too high). Skipping optimization and OOS test.

--- Window 58 Boundary Check ---
IS Period RTH Bars: 14666. Start: 2023-08-17 17:06:00+00:00 | End: 2023-10-13 15:59:00+00:00
OOS Start Bar Index: 352482 | Time: 2023-10-13 16:00:00+00:00
ADF Test Result: p-value=0.1357 (Required < 0.05) | OLS Beta: 0.8106
Filter ON: Spread not stationary (p-value too high). Skipping optimization and OOS test.

--- Window 59 Boundary Check ---
IS Period RTH Bars: 14666. Start: 2023-09-11 15:22:00+00:00 | End: 2023-11-06 14:57:00+00:00
OOS Start Bar Index: 358332 | Time: 2023-11-06 14:58:00+00:00
ADF Test Result: p-value=0.8325 (Required < 0.05) | OLS Beta: 0.4590
Filter ON: Spread not stationary (p-value too high). Skipping optimization and OOS test.

--- Window 60 Boundary Check ---
IS Period RTH Bars: 14666. Start: 2023-10-03 15:46:00+00:00 | End: 2023-11-29 17:56:00+00:00
OOS Start Bar Index: 364182 | Time: 2023-11-29 17:57:00+00:00
ADF Test Result: p-value=0.4350 (Required < 0.05) | OLS Beta: 0.9052
Filter ON: Spread not stationary (p-value too high). Skipping optimization and OOS test.

--- Window 61 Boundary Check ---
IS Period RTH Bars: 14666. Start: 2023-10-25 14:45:00+00:00 | End: 2023-12-21 19:15:00+00:00
OOS Start Bar Index: 370032 | Time: 2023-12-21 19:16:00+00:00
ADF Test Result: p-value=0.4764 (Required < 0.05) | OLS Beta: 0.5798
Filter ON: Spread not stationary (p-value too high). Skipping optimization and OOS test.

--- Window 62 Boundary Check ---
IS Period RTH Bars: 14666. Start: 2023-11-15 19:51:00+00:00 | End: 2024-01-18 20:47:00+00:00
OOS Start Bar Index: 375882 | Time: 2024-01-18 20:48:00+00:00
ADF Test Result: p-value=0.1131 (Required < 0.05) | OLS Beta: -0.2532
Filter ON: Spread not stationary (p-value too high). Skipping optimization and OOS test.

--- Window 63 Boundary Check ---
IS Period RTH Bars: 14666. Start: 2023-12-11 19:20:00+00:00 | End: 2024-02-12 19:21:00+00:00
OOS Start Bar Index: 381732 | Time: 2024-02-12 19:22:00+00:00
ADF Test Result: p-value=0.0034 (Required < 0.05) | OLS Beta: 0.6426
Filter OFF: Spread is stationary. Proceeding with optimization.
IS Optimization Time: 0.05 seconds.
Optimal Params (Sharpe=6.7182, Calmar=61.6410): Z_E=2.5, Z_X=0.7, Z_SL=4.5
📊 Persistence: Saved 5646 PnL points to wfa_outputs\oos_equity_curve_ADBE_INTU_1m_20251107_192428_0.05.csv
OOS Period (2024-02-12 19:22:00+00:00 to 2024-03-06 19:34:00+00:00): PnL: $-488.92 | Sharpe: -5.1920 | Calmar: -7.6694 | Trades: 2278

--- Window 64 Boundary Check ---
IS Period RTH Bars: 14666. Start: 2024-01-05 19:23:00+00:00 | End: 2024-03-06 19:34:00+00:00
OOS Start Bar Index: 387582 | Time: 2024-03-06 19:35:00+00:00
ADF Test Result: p-value=0.6581 (Required < 0.05) | OLS Beta: -0.2781
Filter ON: Spread not stationary (p-value too high). Skipping optimization and OOS test.

--- Window 65 Boundary Check ---
IS Period RTH Bars: 14666. Start: 2024-01-31 16:17:00+00:00 | End: 2024-04-01 18:57:00+00:00
OOS Start Bar Index: 393432 | Time: 2024-04-01 18:59:00+00:00
ADF Test Result: p-value=0.6483 (Required < 0.05) | OLS Beta: 0.6465
Filter ON: Spread not stationary (p-value too high). Skipping optimization and OOS test.

--- Window 66 Boundary Check ---
IS Period RTH Bars: 14666. Start: 2024-02-23 18:25:00+00:00 | End: 2024-04-24 15:17:00+00:00
OOS Start Bar Index: 399282 | Time: 2024-04-24 15:18:00+00:00
ADF Test Result: p-value=0.0496 (Required < 0.05) | OLS Beta: 2.2229
Filter OFF: Spread is stationary. Proceeding with optimization.
IS Optimization Time: 0.05 seconds.
Optimal Params (Sharpe=3.1952, Calmar=28.9853): Z_E=2.1, Z_X=0.3, Z_SL=4.5
📊 Persistence: Saved 5648 PnL points to wfa_outputs\oos_equity_curve_ADBE_INTU_1m_20251107_192428_0.05.csv
OOS Period (2024-04-24 15:18:00+00:00 to 2024-05-17 18:02:00+00:00): PnL: $37.08 | Sharpe: 0.5921 | Calmar: 3.7146 | Trades: 2

--- Window 67 Boundary Check ---
IS Period RTH Bars: 14666. Start: 2024-03-18 19:26:00+00:00 | End: 2024-05-17 18:02:00+00:00
OOS Start Bar Index: 405132 | Time: 2024-05-17 18:03:00+00:00
ADF Test Result: p-value=0.2743 (Required < 0.05) | OLS Beta: 0.7908
Filter ON: Spread not stationary (p-value too high). Skipping optimization and OOS test.

--- Window 68 Boundary Check ---
IS Period RTH Bars: 14666. Start: 2024-04-11 19:49:00+00:00 | End: 2024-06-11 18:51:00+00:00
OOS Start Bar Index: 410982 | Time: 2024-06-11 18:52:00+00:00
ADF Test Result: p-value=0.1077 (Required < 0.05) | OLS Beta: 0.4540
Filter ON: Spread not stationary (p-value too high). Skipping optimization and OOS test.

--- Window 69 Boundary Check ---
IS Period RTH Bars: 14666. Start: 2024-05-06 18:17:00+00:00 | End: 2024-07-08 15:17:00+00:00
OOS Start Bar Index: 416832 | Time: 2024-07-08 15:18:00+00:00
ADF Test Result: p-value=0.6980 (Required < 0.05) | OLS Beta: 0.8218
Filter ON: Spread not stationary (p-value too high). Skipping optimization and OOS test.

--- Window 70 Boundary Check ---
IS Period RTH Bars: 14666. Start: 2024-05-30 18:18:00+00:00 | End: 2024-07-31 15:39:00+00:00
OOS Start Bar Index: 422682 | Time: 2024-07-31 15:40:00+00:00
ADF Test Result: p-value=0.0089 (Required < 0.05) | OLS Beta: 1.5209
Filter OFF: Spread is stationary. Proceeding with optimization.
IS Optimization Time: 0.06 seconds.
Optimal Params (Sharpe=4.1639, Calmar=243.9917): Z_E=2.7, Z_X=0.7, Z_SL=4.5
📊 Persistence: Saved 5649 PnL points to wfa_outputs\oos_equity_curve_ADBE_INTU_1m_20251107_192428_0.05.csv
OOS Period (2024-07-31 15:40:00+00:00 to 2024-08-23 18:37:00+00:00): PnL: $18.21 | Sharpe: 4.0991 | Calmar: 0.0000 | Trades: 1

--- Window 71 Boundary Check ---
IS Period RTH Bars: 14666. Start: 2024-06-24 17:38:00+00:00 | End: 2024-08-23 18:37:00+00:00
OOS Start Bar Index: 428532 | Time: 2024-08-23 18:38:00+00:00
ADF Test Result: p-value=0.1626 (Required < 0.05) | OLS Beta: 0.9650
Filter ON: Spread not stationary (p-value too high). Skipping optimization and OOS test.

--- Window 72 Boundary Check ---
IS Period RTH Bars: 14666. Start: 2024-07-18 17:11:00+00:00 | End: 2024-09-18 19:18:00+00:00
OOS Start Bar Index: 434382 | Time: 2024-09-18 19:19:00+00:00
ADF Test Result: p-value=0.5925 (Required < 0.05) | OLS Beta: 0.2316
Filter ON: Spread not stationary (p-value too high). Skipping optimization and OOS test.

--- Window 73 Boundary Check ---
IS Period RTH Bars: 14666. Start: 2024-08-12 18:09:00+00:00 | End: 2024-10-11 17:12:00+00:00
OOS Start Bar Index: 440232 | Time: 2024-10-11 17:13:00+00:00
ADF Test Result: p-value=0.7394 (Required < 0.05) | OLS Beta: 0.6128
Filter ON: Spread not stationary (p-value too high). Skipping optimization and OOS test.

--- Window 74 Boundary Check ---
IS Period RTH Bars: 14666. Start: 2024-09-06 15:23:00+00:00 | End: 2024-11-05 16:02:00+00:00
OOS Start Bar Index: 446082 | Time: 2024-11-05 16:03:00+00:00
ADF Test Result: p-value=0.0982 (Required < 0.05) | OLS Beta: 1.1280
Filter ON: Spread not stationary (p-value too high). Skipping optimization and OOS test.

--- Window 75 Boundary Check ---
IS Period RTH Bars: 14666. Start: 2024-10-01 14:32:00+00:00 | End: 2024-11-26 19:59:00+00:00
OOS Start Bar Index: 451932 | Time: 2024-11-26 20:00:00+00:00
ADF Test Result: p-value=0.2689 (Required < 0.05) | OLS Beta: 0.2985
Filter ON: Spread not stationary (p-value too high). Skipping optimization and OOS test.

--- Window 76 Boundary Check ---
IS Period RTH Bars: 14666. Start: 2024-10-23 19:17:00+00:00 | End: 2024-12-20 16:37:00+00:00
OOS Start Bar Index: 457782 | Time: 2024-12-20 16:38:00+00:00
ADF Test Result: p-value=0.8275 (Required < 0.05) | OLS Beta: 0.3055
Filter ON: Spread not stationary (p-value too high). Skipping optimization and OOS test.

############################################################
📈 OVERALL SIMULATION PERFORMANCE (Walk-Forward Test)
############################################################
Timeframe Used: 1Min, Value: 1
ADF Cointegration Filter Threshold: 0.05
Total OOS Windows Tested: 76
Total Trades Executed: 5649
--- Final Performance Metrics ---
Total PnL: $-115.83
Overall Sharpe Ratio (Annualized): -0.0234
Overall Calmar Ratio (Annualized): -0.0042
Maximum Dollar Drawdown (MDD): $1,231.70

--- Execution Time ---
Total Elapsed Time: 86.25 seconds
############################################################
[0m