--- Dynamic Timeframe Configuration ---
TimeFrame Selected: 1Min, Value: 1
Bars per Trading Day: 390
Annualization Factor (Bars/Year): 98280
Statistical Lookback Bars: 2184
Optimization Lookback Bars: 19032
---------------------------------------
--- Diagnostic Check ---
API Key ID Length: 26
API Secret Key Length: 44
StockHistoricalDataClient initialized successfully. Starting data fetch...
--------------------------
Pre-compiling Numba function for first run optimization...
Numba pre-compilation complete.
Fetching data from 2020-01-22 to 2025-01-20...
Fetching 1Min data for ADBE...
Fetching 1Min data for INTU...
Data acquired successfully. Total 1Min RTH bars: 462399
Skipping full pre-calculation. Metrics will be calculated inside the WFA loop.

============================================================
📈 Starting Rolling Backtest: IS Optimization Window=19032 bars, Shift=15 days
   Data already processed with Statistical Rolling Window: 2184 bars
   ADF Cointegration Filter: p-value < 0.05
============================================================

--- Window 1 Boundary Check ---
IS Period RTH Bars: 14666. Start: 2020-02-06 18:02:00+00:00 | End: 2020-04-02 14:13:00+00:00
OOS Start Bar Index: 19032 | Time: 2020-04-02 14:14:00+00:00
ADF Test Result: p-value=0.1077 (Required < 0.05) | OLS Beta: 0.6476
Filter ON: Spread not stationary (p-value too high). Skipping optimization and OOS test.

--- Window 2 Boundary Check ---
IS Period RTH Bars: 14666. Start: 2020-03-02 16:21:00+00:00 | End: 2020-04-24 16:55:00+00:00
OOS Start Bar Index: 24882 | Time: 2020-04-24 16:56:00+00:00
ADF Test Result: p-value=0.0454 (Required < 0.05) | OLS Beta: 0.5271
Filter OFF: Spread is stationary. Proceeding with optimization.
IS Optimization Time: 0.05 seconds.
Optimal Params (Sharpe=1.7130, Calmar=5.8971): Z_E=2.3, Z_X=1.1, Z_SL=3.9
📊 Persistence: Saved 0 PnL points to wfa_outputs\oos_equity_curve_ADBE_INTU_1m_20251107_192556_0.05.csv
OOS Period (2020-04-24 16:56:00+00:00 to 2020-05-18 13:47:00+00:00): PnL: $0.00 | Sharpe: 0.0000 | Calmar: 0.0000 | Trades: 0

--- Window 3 Boundary Check ---
IS Period RTH Bars: 14666. Start: 2020-03-23 16:35:00+00:00 | End: 2020-05-18 13:47:00+00:00
OOS Start Bar Index: 30732 | Time: 2020-05-18 13:48:00+00:00
ADF Test Result: p-value=0.0004 (Required < 0.05) | OLS Beta: 0.7033
Filter OFF: Spread is stationary. Proceeding with optimization.
IS Optimization Time: 0.05 seconds.
Optimal Params (Sharpe=3.6936, Calmar=44.1855): Z_E=2.5, Z_X=1.1, Z_SL=3.6
📊 Persistence: Saved 2 PnL points to wfa_outputs\oos_equity_curve_ADBE_INTU_1m_20251107_192556_0.05.csv
OOS Period (2020-05-18 13:48:00+00:00 to 2020-06-09 15:04:00+00:00): PnL: $89.62 | Sharpe: 1.7865 | Calmar: 17.0184 | Trades: 2

--- Window 4 Boundary Check ---
IS Period RTH Bars: 14666. Start: 2020-04-14 17:48:00+00:00 | End: 2020-06-09 15:04:00+00:00
OOS Start Bar Index: 36582 | Time: 2020-06-09 15:05:00+00:00
ADF Test Result: p-value=0.2254 (Required < 0.05) | OLS Beta: 1.1185
Filter ON: Spread not stationary (p-value too high). Skipping optimization and OOS test.

--- Window 5 Boundary Check ---
IS Period RTH Bars: 14666. Start: 2020-05-06 14:36:00+00:00 | End: 2020-06-30 18:32:00+00:00
OOS Start Bar Index: 42432 | Time: 2020-06-30 18:33:00+00:00
ADF Test Result: p-value=0.6002 (Required < 0.05) | OLS Beta: 1.7978
Filter ON: Spread not stationary (p-value too high). Skipping optimization and OOS test.

--- Window 6 Boundary Check ---
IS Period RTH Bars: 14666. Start: 2020-05-28 16:53:00+00:00 | End: 2020-07-23 14:35:00+00:00
OOS Start Bar Index: 48282 | Time: 2020-07-23 14:36:00+00:00
ADF Test Result: p-value=0.2942 (Required < 0.05) | OLS Beta: 1.4154
Filter ON: Spread not stationary (p-value too high). Skipping optimization and OOS test.

--- Window 7 Boundary Check ---
IS Period RTH Bars: 14666. Start: 2020-06-18 19:35:00+00:00 | End: 2020-08-13 19:11:00+00:00
OOS Start Bar Index: 54132 | Time: 2020-08-13 19:12:00+00:00
ADF Test Result: p-value=0.0258 (Required < 0.05) | OLS Beta: 0.6940
Filter OFF: Spread is stationary. Proceeding with optimization.
IS Optimization Time: 0.05 seconds.
Optimal Params (Sharpe=3.2411, Calmar=11.1372): Z_E=2.3, Z_X=1.3, Z_SL=3.9
📊 Persistence: Saved 776 PnL points to wfa_outputs\oos_equity_curve_ADBE_INTU_1m_20251107_192556_0.05.csv
OOS Period (2020-08-13 19:12:00+00:00 to 2020-09-04 16:05:00+00:00): PnL: $87.55 | Sharpe: 1.0516 | Calmar: 5.1881 | Trades: 774

--- Window 8 Boundary Check ---
IS Period RTH Bars: 14666. Start: 2020-07-13 16:04:00+00:00 | End: 2020-09-04 16:05:00+00:00
OOS Start Bar Index: 59982 | Time: 2020-09-04 16:06:00+00:00
ADF Test Result: p-value=0.0374 (Required < 0.05) | OLS Beta: 0.9887
Filter OFF: Spread is stationary. Proceeding with optimization.
IS Optimization Time: 0.05 seconds.
Optimal Params (Sharpe=0.3480, Calmar=0.8231): Z_E=3.1, Z_X=0.3, Z_SL=3.9
📊 Persistence: Saved 777 PnL points to wfa_outputs\oos_equity_curve_ADBE_INTU_1m_20251107_192556_0.05.csv
OOS Period (2020-09-04 16:06:00+00:00 to 2020-09-28 17:46:00+00:00): PnL: $191.11 | Sharpe: 4.0991 | Calmar: 0.0000 | Trades: 1

--- Window 9 Boundary Check ---
IS Period RTH Bars: 14666. Start: 2020-08-03 18:29:00+00:00 | End: 2020-09-28 17:46:00+00:00
OOS Start Bar Index: 65832 | Time: 2020-09-28 17:48:00+00:00
ADF Test Result: p-value=0.0753 (Required < 0.05) | OLS Beta: 0.9607
Filter ON: Spread not stationary (p-value too high). Skipping optimization and OOS test.

--- Window 10 Boundary Check ---
IS Period RTH Bars: 14666. Start: 2020-08-25 17:58:00+00:00 | End: 2020-10-20 15:48:00+00:00
OOS Start Bar Index: 71682 | Time: 2020-10-20 15:49:00+00:00
ADF Test Result: p-value=0.0007 (Required < 0.05) | OLS Beta: 0.7030
Filter OFF: Spread is stationary. Proceeding with optimization.
IS Optimization Time: 0.05 seconds.
Optimal Params (Sharpe=4.5037, Calmar=12.6579): Z_E=1.9, Z_X=1.5, Z_SL=3.3
📊 Persistence: Saved 2069 PnL points to wfa_outputs\oos_equity_curve_ADBE_INTU_1m_20251107_192556_0.05.csv
OOS Period (2020-10-20 15:49:00+00:00 to 2020-11-11 16:23:00+00:00): PnL: $-295.51 | Sharpe: -3.0649 | Calmar: -6.9098 | Trades: 1292

--- Window 11 Boundary Check ---
IS Period RTH Bars: 14666. Start: 2020-09-16 19:58:00+00:00 | End: 2020-11-11 16:23:00+00:00
OOS Start Bar Index: 77532 | Time: 2020-11-11 16:24:00+00:00
ADF Test Result: p-value=0.6542 (Required < 0.05) | OLS Beta: 0.4679
Filter ON: Spread not stationary (p-value too high). Skipping optimization and OOS test.

--- Window 12 Boundary Check ---
IS Period RTH Bars: 14666. Start: 2020-10-08 15:04:00+00:00 | End: 2020-12-04 17:03:00+00:00
OOS Start Bar Index: 83382 | Time: 2020-12-04 17:04:00+00:00
ADF Test Result: p-value=0.3541 (Required < 0.05) | OLS Beta: 0.2485
Filter ON: Spread not stationary (p-value too high). Skipping optimization and OOS test.

--- Window 13 Boundary Check ---
IS Period RTH Bars: 14666. Start: 2020-10-30 16:09:00+00:00 | End: 2020-12-29 17:03:00+00:00
OOS Start Bar Index: 89232 | Time: 2020-12-29 17:04:00+00:00
ADF Test Result: p-value=0.0970 (Required < 0.05) | OLS Beta: 0.6264
Filter ON: Spread not stationary (p-value too high). Skipping optimization and OOS test.

--- Window 14 Boundary Check ---
IS Period RTH Bars: 14666. Start: 2020-11-23 14:34:00+00:00 | End: 2021-01-22 15:03:00+00:00
OOS Start Bar Index: 95082 | Time: 2021-01-22 15:04:00+00:00
ADF Test Result: p-value=0.5106 (Required < 0.05) | OLS Beta: 0.4113
Filter ON: Spread not stationary (p-value too high). Skipping optimization and OOS test.

--- Window 15 Boundary Check ---
IS Period RTH Bars: 14666. Start: 2020-12-15 20:32:00+00:00 | End: 2021-02-12 18:28:00+00:00
OOS Start Bar Index: 100932 | Time: 2021-02-12 18:29:00+00:00
ADF Test Result: p-value=0.5495 (Required < 0.05) | OLS Beta: 0.4309
Filter ON: Spread not stationary (p-value too high). Skipping optimization and OOS test.

--- Window 16 Boundary Check ---
IS Period RTH Bars: 14666. Start: 2021-01-11 16:03:00+00:00 | End: 2021-03-08 20:28:00+00:00
OOS Start Bar Index: 106782 | Time: 2021-03-08 20:29:00+00:00
ADF Test Result: p-value=0.9637 (Required < 0.05) | OLS Beta: 0.3708
Filter ON: Spread not stationary (p-value too high). Skipping optimization and OOS test.

--- Window 17 Boundary Check ---
IS Period RTH Bars: 14666. Start: 2021-02-02 18:50:00+00:00 | End: 2021-03-30 14:38:00+00:00
OOS Start Bar Index: 112632 | Time: 2021-03-30 14:39:00+00:00
ADF Test Result: p-value=0.5640 (Required < 0.05) | OLS Beta: 0.7411
Filter ON: Spread not stationary (p-value too high). Skipping optimization and OOS test.

--- Window 18 Boundary Check ---
IS Period RTH Bars: 14666. Start: 2021-02-25 16:05:00+00:00 | End: 2021-04-22 16:03:00+00:00
OOS Start Bar Index: 118482 | Time: 2021-04-22 16:04:00+00:00
ADF Test Result: p-value=0.6667 (Required < 0.05) | OLS Beta: 1.2823
Filter ON: Spread not stationary (p-value too high). Skipping optimization and OOS test.

--- Window 19 Boundary Check ---
IS Period RTH Bars: 14666. Start: 2021-03-18 16:34:00+00:00 | End: 2021-05-14 17:55:00+00:00
OOS Start Bar Index: 124332 | Time: 2021-05-14 17:57:00+00:00
ADF Test Result: p-value=0.4078 (Required < 0.05) | OLS Beta: 1.1284
Filter ON: Spread not stationary (p-value too high). Skipping optimization and OOS test.

--- Window 20 Boundary Check ---
IS Period RTH Bars: 14666. Start: 2021-04-12 13:49:00+00:00 | End: 2021-06-08 15:27:00+00:00
OOS Start Bar Index: 130182 | Time: 2021-06-08 15:28:00+00:00
ADF Test Result: p-value=0.5213 (Required < 0.05) | OLS Beta: 0.1657
Filter ON: Spread not stationary (p-value too high). Skipping optimization and OOS test.

--- Window 21 Boundary Check ---
IS Period RTH Bars: 14666. Start: 2021-05-04 18:16:00+00:00 | End: 2021-06-30 15:37:00+00:00
OOS Start Bar Index: 136032 | Time: 2021-06-30 15:38:00+00:00
ADF Test Result: p-value=0.7976 (Required < 0.05) | OLS Beta: 0.8647
Filter ON: Spread not stationary (p-value too high). Skipping optimization and OOS test.

--- Window 22 Boundary Check ---
IS Period RTH Bars: 14666. Start: 2021-05-26 15:58:00+00:00 | End: 2021-07-23 17:08:00+00:00
OOS Start Bar Index: 141882 | Time: 2021-07-23 17:09:00+00:00
ADF Test Result: p-value=0.4902 (Required < 0.05) | OLS Beta: 1.4346
Filter ON: Spread not stationary (p-value too high). Skipping optimization and OOS test.

--- Window 23 Boundary Check ---
IS Period RTH Bars: 14666. Start: 2021-06-18 13:46:00+00:00 | End: 2021-08-17 17:18:00+00:00
OOS Start Bar Index: 147732 | Time: 2021-08-17 17:19:00+00:00
ADF Test Result: p-value=0.0019 (Required < 0.05) | OLS Beta: 0.8134
Filter OFF: Spread is stationary. Proceeding with optimization.
IS Optimization Time: 0.05 seconds.
Optimal Params (Sharpe=9.9426, Calmar=114.7799): Z_E=1.9, Z_X=1.5, Z_SL=3.3
📊 Persistence: Saved 2075 PnL points to wfa_outputs\oos_equity_curve_ADBE_INTU_1m_20251107_192556_0.05.csv
OOS Period (2021-08-17 17:19:00+00:00 to 2021-09-09 17:18:00+00:00): PnL: $252.50 | Sharpe: 7.6126 | Calmar: 0.0000 | Trades: 6

--- Window 24 Boundary Check ---
IS Period RTH Bars: 14666. Start: 2021-07-13 15:05:00+00:00 | End: 2021-09-09 17:18:00+00:00
OOS Start Bar Index: 153582 | Time: 2021-09-09 17:19:00+00:00
ADF Test Result: p-value=0.0197 (Required < 0.05) | OLS Beta: 0.8509
Filter OFF: Spread is stationary. Proceeding with optimization.
IS Optimization Time: 0.05 seconds.
Optimal Params (Sharpe=11.6286, Calmar=247.2492): Z_E=1.9, Z_X=1.5, Z_SL=3.9
📊 Persistence: Saved 3593 PnL points to wfa_outputs\oos_equity_curve_ADBE_INTU_1m_20251107_192556_0.05.csv
OOS Period (2021-09-09 17:19:00+00:00 to 2021-10-01 15:45:00+00:00): PnL: $216.74 | Sharpe: 4.5649 | Calmar: 35.0967 | Trades: 1518

--- Window 25 Boundary Check ---
IS Period RTH Bars: 14666. Start: 2021-08-04 18:47:00+00:00 | End: 2021-10-01 15:45:00+00:00
OOS Start Bar Index: 159432 | Time: 2021-10-01 15:46:00+00:00
ADF Test Result: p-value=0.9914 (Required < 0.05) | OLS Beta: 0.7140
Filter ON: Spread not stationary (p-value too high). Skipping optimization and OOS test.

--- Window 26 Boundary Check ---
IS Period RTH Bars: 14666. Start: 2021-08-27 15:54:00+00:00 | End: 2021-10-25 16:32:00+00:00
OOS Start Bar Index: 165282 | Time: 2021-10-25 16:33:00+00:00
ADF Test Result: p-value=0.8728 (Required < 0.05) | OLS Beta: 1.6155
Filter ON: Spread not stationary (p-value too high). Skipping optimization and OOS test.

--- Window 27 Boundary Check ---
IS Period RTH Bars: 14666. Start: 2021-09-21 16:11:00+00:00 | End: 2021-11-16 17:49:00+00:00
OOS Start Bar Index: 171132 | Time: 2021-11-16 17:51:00+00:00
ADF Test Result: p-value=0.0075 (Required < 0.05) | OLS Beta: 0.8388
Filter OFF: Spread is stationary. Proceeding with optimization.
IS Optimization Time: 0.05 seconds.
Optimal Params (Sharpe=-0.3165, Calmar=-0.7677): Z_E=1.9, Z_X=1.5, Z_SL=4.2
📊 Persistence: Saved 4212 PnL points to wfa_outputs\oos_equity_curve_ADBE_INTU_1m_20251107_192556_0.05.csv
OOS Period (2021-11-16 17:51:00+00:00 to 2021-12-09 16:55:00+00:00): PnL: $-38.95 | Sharpe: -0.3473 | Calmar: -1.1193 | Trades: 619

--- Window 28 Boundary Check ---
IS Period RTH Bars: 14666. Start: 2021-10-13 14:40:00+00:00 | End: 2021-12-09 16:55:00+00:00
OOS Start Bar Index: 176982 | Time: 2021-12-09 16:56:00+00:00
ADF Test Result: p-value=0.1432 (Required < 0.05) | OLS Beta: 0.3972
Filter ON: Spread not stationary (p-value too high). Skipping optimization and OOS test.

--- Window 29 Boundary Check ---
IS Period RTH Bars: 14666. Start: 2021-11-04 15:33:00+00:00 | End: 2022-01-03 19:50:00+00:00
OOS Start Bar Index: 182832 | Time: 2022-01-03 19:51:00+00:00
ADF Test Result: p-value=0.7448 (Required < 0.05) | OLS Beta: 0.8268
Filter ON: Spread not stationary (p-value too high). Skipping optimization and OOS test.

--- Window 30 Boundary Check ---
IS Period RTH Bars: 14666. Start: 2021-11-29 18:45:00+00:00 | End: 2022-01-26 14:55:00+00:00
OOS Start Bar Index: 188682 | Time: 2022-01-26 14:56:00+00:00
ADF Test Result: p-value=0.5130 (Required < 0.05) | OLS Beta: 1.0601
Filter ON: Spread not stationary (p-value too high). Skipping optimization and OOS test.

--- Window 31 Boundary Check ---
IS Period RTH Bars: 14666. Start: 2021-12-21 14:34:00+00:00 | End: 2022-02-16 17:17:00+00:00
OOS Start Bar Index: 194532 | Time: 2022-02-16 17:18:00+00:00
ADF Test Result: p-value=0.6857 (Required < 0.05) | OLS Beta: 0.6372
Filter ON: Spread not stationary (p-value too high). Skipping optimization and OOS test.

--- Window 32 Boundary Check ---
IS Period RTH Bars: 14666. Start: 2022-01-13 16:47:00+00:00 | End: 2022-03-10 18:04:00+00:00
OOS Start Bar Index: 200382 | Time: 2022-03-10 18:05:00+00:00
ADF Test Result: p-value=0.4218 (Required < 0.05) | OLS Beta: 0.7961
Filter ON: Spread not stationary (p-value too high). Skipping optimization and OOS test.

--- Window 33 Boundary Check ---
IS Period RTH Bars: 14666. Start: 2022-02-04 18:23:00+00:00 | End: 2022-03-31 18:04:00+00:00
OOS Start Bar Index: 206232 | Time: 2022-03-31 18:05:00+00:00
ADF Test Result: p-value=0.0461 (Required < 0.05) | OLS Beta: 0.6982
Filter OFF: Spread is stationary. Proceeding with optimization.
IS Optimization Time: 0.06 seconds.
Optimal Params (Sharpe=3.7174, Calmar=35.6832): Z_E=3.3, Z_X=1.5, Z_SL=4.2
📊 Persistence: Saved 4212 PnL points to wfa_outputs\oos_equity_curve_ADBE_INTU_1m_20251107_192556_0.05.csv
OOS Period (2022-03-31 18:05:00+00:00 to 2022-04-25 13:55:00+00:00): PnL: $0.00 | Sharpe: 0.0000 | Calmar: 0.0000 | Trades: 0

--- Window 34 Boundary Check ---
IS Period RTH Bars: 14666. Start: 2022-02-28 20:09:00+00:00 | End: 2022-04-25 13:55:00+00:00
OOS Start Bar Index: 212082 | Time: 2022-04-25 13:56:00+00:00
ADF Test Result: p-value=0.2152 (Required < 0.05) | OLS Beta: 0.6745
Filter ON: Spread not stationary (p-value too high). Skipping optimization and OOS test.

--- Window 35 Boundary Check ---
IS Period RTH Bars: 14666. Start: 2022-03-21 19:55:00+00:00 | End: 2022-05-16 14:34:00+00:00
OOS Start Bar Index: 217932 | Time: 2022-05-16 14:35:00+00:00
ADF Test Result: p-value=0.3435 (Required < 0.05) | OLS Beta: 0.5426
Filter ON: Spread not stationary (p-value too high). Skipping optimization and OOS test.

--- Window 36 Boundary Check ---
IS Period RTH Bars: 14666. Start: 2022-04-12 14:50:00+00:00 | End: 2022-06-07 15:59:00+00:00
OOS Start Bar Index: 223782 | Time: 2022-06-07 16:00:00+00:00
ADF Test Result: p-value=0.1380 (Required < 0.05) | OLS Beta: 0.2893
Filter ON: Spread not stationary (p-value too high). Skipping optimization and OOS test.

--- Window 37 Boundary Check ---
IS Period RTH Bars: 14666. Start: 2022-05-04 16:53:00+00:00 | End: 2022-06-29 18:06:00+00:00
OOS Start Bar Index: 229632 | Time: 2022-06-29 18:07:00+00:00
ADF Test Result: p-value=0.7301 (Required < 0.05) | OLS Beta: 0.5295
Filter ON: Spread not stationary (p-value too high). Skipping optimization and OOS test.

--- Window 38 Boundary Check ---
IS Period RTH Bars: 14666. Start: 2022-05-25 17:33:00+00:00 | End: 2022-07-22 15:39:00+00:00
OOS Start Bar Index: 235482 | Time: 2022-07-22 15:40:00+00:00
ADF Test Result: p-value=0.5167 (Required < 0.05) | OLS Beta: 0.9962
Filter ON: Spread not stationary (p-value too high). Skipping optimization and OOS test.

--- Window 39 Boundary Check ---
IS Period RTH Bars: 14666. Start: 2022-06-17 13:30:00+00:00 | End: 2022-08-12 18:58:00+00:00
OOS Start Bar Index: 241332 | Time: 2022-08-12 19:00:00+00:00
ADF Test Result: p-value=0.1240 (Required < 0.05) | OLS Beta: 0.7415
Filter ON: Spread not stationary (p-value too high). Skipping optimization and OOS test.

--- Window 40 Boundary Check ---
IS Period RTH Bars: 14666. Start: 2022-07-12 16:40:00+00:00 | End: 2022-09-06 16:18:00+00:00
OOS Start Bar Index: 247182 | Time: 2022-09-06 16:20:00+00:00
ADF Test Result: p-value=0.7664 (Required < 0.05) | OLS Beta: 0.7693
Filter ON: Spread not stationary (p-value too high). Skipping optimization and OOS test.

--- Window 41 Boundary Check ---
IS Period RTH Bars: 14666. Start: 2022-08-02 19:25:00+00:00 | End: 2022-09-27 19:13:00+00:00
OOS Start Bar Index: 253032 | Time: 2022-09-27 19:14:00+00:00
ADF Test Result: p-value=0.1158 (Required < 0.05) | OLS Beta: 2.3237
Filter ON: Spread not stationary (p-value too high). Skipping optimization and OOS test.

--- Window 42 Boundary Check ---
IS Period RTH Bars: 14666. Start: 2022-08-24 17:36:00+00:00 | End: 2022-10-19 14:21:00+00:00
OOS Start Bar Index: 258882 | Time: 2022-10-19 14:22:00+00:00
ADF Test Result: p-value=0.1116 (Required < 0.05) | OLS Beta: 2.3233
Filter ON: Spread not stationary (p-value too high). Skipping optimization and OOS test.

--- Window 43 Boundary Check ---
IS Period RTH Bars: 14666. Start: 2022-09-16 13:56:00+00:00 | End: 2022-11-09 18:10:00+00:00
OOS Start Bar Index: 264732 | Time: 2022-11-09 18:11:00+00:00
ADF Test Result: p-value=0.8296 (Required < 0.05) | OLS Beta: 0.5884
Filter ON: Spread not stationary (p-value too high). Skipping optimization and OOS test.

--- Window 44 Boundary Check ---
IS Period RTH Bars: 14666. Start: 2022-10-07 16:15:00+00:00 | End: 2022-12-02 15:43:00+00:00
OOS Start Bar Index: 270582 | Time: 2022-12-02 15:44:00+00:00
ADF Test Result: p-value=0.7009 (Required < 0.05) | OLS Beta: 0.4980
Filter ON: Spread not stationary (p-value too high). Skipping optimization and OOS test.

--- Window 45 Boundary Check ---
IS Period RTH Bars: 14666. Start: 2022-10-28 18:53:00+00:00 | End: 2022-12-23 18:57:00+00:00
OOS Start Bar Index: 276432 | Time: 2022-12-23 18:58:00+00:00
ADF Test Result: p-value=0.3578 (Required < 0.05) | OLS Beta: 0.7097
Filter ON: Spread not stationary (p-value too high). Skipping optimization and OOS test.

--- Window 46 Boundary Check ---
IS Period RTH Bars: 14666. Start: 2022-11-21 14:48:00+00:00 | End: 2023-01-19 18:05:00+00:00
OOS Start Bar Index: 282282 | Time: 2023-01-19 18:06:00+00:00
ADF Test Result: p-value=0.0049 (Required < 0.05) | OLS Beta: 0.3154
Filter OFF: Spread is stationary. Proceeding with optimization.
IS Optimization Time: 0.05 seconds.
Optimal Params (Sharpe=9.3069, Calmar=135.7917): Z_E=1.9, Z_X=0.3, Z_SL=3.9
📊 Persistence: Saved 6502 PnL points to wfa_outputs\oos_equity_curve_ADBE_INTU_1m_20251107_192556_0.05.csv
OOS Period (2023-01-19 18:06:00+00:00 to 2023-02-10 15:19:00+00:00): PnL: $-444.88 | Sharpe: -3.7134 | Calmar: -6.5993 | Trades: 2290

--- Window 47 Boundary Check ---
IS Period RTH Bars: 14666. Start: 2022-12-13 19:39:00+00:00 | End: 2023-02-10 15:19:00+00:00
OOS Start Bar Index: 288132 | Time: 2023-02-10 15:20:00+00:00
ADF Test Result: p-value=0.0036 (Required < 0.05) | OLS Beta: 0.9961
Filter OFF: Spread is stationary. Proceeding with optimization.
IS Optimization Time: 0.05 seconds.
Optimal Params (Sharpe=4.6734, Calmar=28.2423): Z_E=3.3, Z_X=0.3, Z_SL=3.9
📊 Persistence: Saved 7084 PnL points to wfa_outputs\oos_equity_curve_ADBE_INTU_1m_20251107_192556_0.05.csv
OOS Period (2023-02-10 15:20:00+00:00 to 2023-03-06 19:11:00+00:00): PnL: $295.27 | Sharpe: 4.4153 | Calmar: 23.1206 | Trades: 582

--- Window 48 Boundary Check ---
IS Period RTH Bars: 14666. Start: 2023-01-06 18:56:00+00:00 | End: 2023-03-06 19:11:00+00:00
OOS Start Bar Index: 293982 | Time: 2023-03-06 19:12:00+00:00
ADF Test Result: p-value=0.6060 (Required < 0.05) | OLS Beta: 0.9625
Filter ON: Spread not stationary (p-value too high). Skipping optimization and OOS test.

--- Window 49 Boundary Check ---
IS Period RTH Bars: 14666. Start: 2023-01-31 15:50:00+00:00 | End: 2023-03-28 13:30:00+00:00
OOS Start Bar Index: 299832 | Time: 2023-03-28 13:31:00+00:00
ADF Test Result: p-value=0.2896 (Required < 0.05) | OLS Beta: 1.4210
Filter ON: Spread not stationary (p-value too high). Skipping optimization and OOS test.

--- Window 50 Boundary Check ---
IS Period RTH Bars: 14666. Start: 2023-02-22 20:42:00+00:00 | End: 2023-04-20 14:23:00+00:00
OOS Start Bar Index: 305682 | Time: 2023-04-20 14:24:00+00:00
ADF Test Result: p-value=0.1138 (Required < 0.05) | OLS Beta: 1.3350
Filter ON: Spread not stationary (p-value too high). Skipping optimization and OOS test.

--- Window 51 Boundary Check ---
IS Period RTH Bars: 14666. Start: 2023-03-16 14:55:00+00:00 | End: 2023-05-12 13:34:00+00:00
OOS Start Bar Index: 311532 | Time: 2023-05-12 13:35:00+00:00
ADF Test Result: p-value=0.9071 (Required < 0.05) | OLS Beta: 0.7679
Filter ON: Spread not stationary (p-value too high). Skipping optimization and OOS test.

--- Window 52 Boundary Check ---
IS Period RTH Bars: 14666. Start: 2023-04-06 18:54:00+00:00 | End: 2023-06-05 15:40:00+00:00
OOS Start Bar Index: 317382 | Time: 2023-06-05 15:41:00+00:00
ADF Test Result: p-value=0.9843 (Required < 0.05) | OLS Beta: -0.1127
Filter ON: Spread not stationary (p-value too high). Skipping optimization and OOS test.

--- Window 53 Boundary Check ---
IS Period RTH Bars: 14666. Start: 2023-05-01 19:49:00+00:00 | End: 2023-06-27 19:21:00+00:00
OOS Start Bar Index: 323232 | Time: 2023-06-27 19:22:00+00:00
ADF Test Result: p-value=0.5761 (Required < 0.05) | OLS Beta: 2.2683
Filter ON: Spread not stationary (p-value too high). Skipping optimization and OOS test.

--- Window 54 Boundary Check ---
IS Period RTH Bars: 14666. Start: 2023-05-23 17:45:00+00:00 | End: 2023-07-21 13:52:00+00:00
OOS Start Bar Index: 329082 | Time: 2023-07-21 13:53:00+00:00
ADF Test Result: p-value=0.0000 (Required < 0.05) | OLS Beta: 1.4997
Filter OFF: Spread is stationary. Proceeding with optimization.
IS Optimization Time: 0.05 seconds.
Optimal Params (Sharpe=-0.1050, Calmar=-0.1804): Z_E=2.3, Z_X=1.1, Z_SL=3.6
📊 Persistence: Saved 7084 PnL points to wfa_outputs\oos_equity_curve_ADBE_INTU_1m_20251107_192556_0.05.csv
OOS Period (2023-07-21 13:53:00+00:00 to 2023-08-11 19:37:00+00:00): PnL: $0.00 | Sharpe: 0.0000 | Calmar: 0.0000 | Trades: 0

--- Window 55 Boundary Check ---
IS Period RTH Bars: 14666. Start: 2023-06-14 19:18:00+00:00 | End: 2023-08-11 19:37:00+00:00
OOS Start Bar Index: 334932 | Time: 2023-08-11 19:38:00+00:00
ADF Test Result: p-value=0.0326 (Required < 0.05) | OLS Beta: 0.8035
Filter OFF: Spread is stationary. Proceeding with optimization.
IS Optimization Time: 0.05 seconds.
Optimal Params (Sharpe=8.3563, Calmar=51.9876): Z_E=2.1, Z_X=1.3, Z_SL=4.8
📊 Persistence: Saved 7087 PnL points to wfa_outputs\oos_equity_curve_ADBE_INTU_1m_20251107_192556_0.05.csv
OOS Period (2023-08-11 19:38:00+00:00 to 2023-09-05 17:11:00+00:00): PnL: $207.66 | Sharpe: 7.0979 | Calmar: 0.0000 | Trades: 3

--- Window 56 Boundary Check ---
IS Period RTH Bars: 14666. Start: 2023-07-11 14:16:00+00:00 | End: 2023-09-05 17:11:00+00:00
OOS Start Bar Index: 340782 | Time: 2023-09-05 17:12:00+00:00
ADF Test Result: p-value=0.0660 (Required < 0.05) | OLS Beta: 0.6350
Filter ON: Spread not stationary (p-value too high). Skipping optimization and OOS test.

--- Window 57 Boundary Check ---
IS Period RTH Bars: 14666. Start: 2023-08-01 18:40:00+00:00 | End: 2023-09-27 18:12:00+00:00
OOS Start Bar Index: 346632 | Time: 2023-09-27 18:13:00+00:00
ADF Test Result: p-value=0.0783 (Required < 0.05) | OLS Beta: 0.6996
Filter ON: Spread not stationary (p-value too high). Skipping optimization and OOS test.

--- Window 58 Boundary Check ---
IS Period RTH Bars: 14666. Start: 2023-08-23 18:23:00+00:00 | End: 2023-10-19 16:46:00+00:00
OOS Start Bar Index: 352482 | Time: 2023-10-19 16:47:00+00:00
ADF Test Result: p-value=0.0466 (Required < 0.05) | OLS Beta: 1.0795
Filter OFF: Spread is stationary. Proceeding with optimization.
IS Optimization Time: 0.05 seconds.
Optimal Params (Sharpe=2.0553, Calmar=6.3404): Z_E=2.1, Z_X=1.5, Z_SL=4.8
📊 Persistence: Saved 8426 PnL points to wfa_outputs\oos_equity_curve_ADBE_INTU_1m_20251107_192556_0.05.csv
OOS Period (2023-10-19 16:47:00+00:00 to 2023-11-10 14:52:00+00:00): PnL: $-248.34 | Sharpe: -4.0233 | Calmar: -7.9932 | Trades: 1339

--- Window 59 Boundary Check ---
IS Period RTH Bars: 14666. Start: 2023-09-15 16:02:00+00:00 | End: 2023-11-10 14:52:00+00:00
OOS Start Bar Index: 358332 | Time: 2023-11-10 14:53:00+00:00
ADF Test Result: p-value=0.8947 (Required < 0.05) | OLS Beta: 0.4214
Filter ON: Spread not stationary (p-value too high). Skipping optimization and OOS test.

--- Window 60 Boundary Check ---
IS Period RTH Bars: 14666. Start: 2023-10-09 15:48:00+00:00 | End: 2023-12-05 19:10:00+00:00
OOS Start Bar Index: 364182 | Time: 2023-12-05 19:11:00+00:00
ADF Test Result: p-value=0.0943 (Required < 0.05) | OLS Beta: 0.8591
Filter ON: Spread not stationary (p-value too high). Skipping optimization and OOS test.

--- Window 61 Boundary Check ---
IS Period RTH Bars: 14666. Start: 2023-10-31 14:51:00+00:00 | End: 2023-12-29 20:23:00+00:00
OOS Start Bar Index: 370032 | Time: 2023-12-29 20:25:00+00:00
ADF Test Result: p-value=0.0581 (Required < 0.05) | OLS Beta: 0.3172
Filter ON: Spread not stationary (p-value too high). Skipping optimization and OOS test.

--- Window 62 Boundary Check ---
IS Period RTH Bars: 14666. Start: 2023-11-22 15:05:00+00:00 | End: 2024-01-25 15:54:00+00:00
OOS Start Bar Index: 375882 | Time: 2024-01-25 15:55:00+00:00
ADF Test Result: p-value=0.2098 (Required < 0.05) | OLS Beta: -0.1682
Filter ON: Spread not stationary (p-value too high). Skipping optimization and OOS test.

--- Window 63 Boundary Check ---
IS Period RTH Bars: 14666. Start: 2023-12-15 19:20:00+00:00 | End: 2024-02-16 20:41:00+00:00
OOS Start Bar Index: 381732 | Time: 2024-02-16 20:42:00+00:00
ADF Test Result: p-value=0.9953 (Required < 0.05) | OLS Beta: 0.5937
Filter ON: Spread not stationary (p-value too high). Skipping optimization and OOS test.

--- Window 64 Boundary Check ---
IS Period RTH Bars: 14666. Start: 2024-01-11 20:16:00+00:00 | End: 2024-03-13 14:20:00+00:00
OOS Start Bar Index: 387582 | Time: 2024-03-13 14:21:00+00:00
ADF Test Result: p-value=0.4666 (Required < 0.05) | OLS Beta: -0.5821
Filter ON: Spread not stationary (p-value too high). Skipping optimization and OOS test.

--- Window 65 Boundary Check ---
IS Period RTH Bars: 14666. Start: 2024-02-06 18:36:00+00:00 | End: 2024-04-05 19:44:00+00:00
OOS Start Bar Index: 393432 | Time: 2024-04-05 19:45:00+00:00
ADF Test Result: p-value=0.0696 (Required < 0.05) | OLS Beta: 2.2730
Filter ON: Spread not stationary (p-value too high). Skipping optimization and OOS test.

--- Window 66 Boundary Check ---
IS Period RTH Bars: 14666. Start: 2024-02-29 19:13:00+00:00 | End: 2024-04-30 18:06:00+00:00
OOS Start Bar Index: 399282 | Time: 2024-04-30 18:08:00+00:00
ADF Test Result: p-value=0.1425 (Required < 0.05) | OLS Beta: 2.2500
Filter ON: Spread not stationary (p-value too high). Skipping optimization and OOS test.

--- Window 67 Boundary Check ---
IS Period RTH Bars: 14666. Start: 2024-03-25 14:36:00+00:00 | End: 2024-05-24 14:16:00+00:00
OOS Start Bar Index: 405132 | Time: 2024-05-24 14:17:00+00:00
ADF Test Result: p-value=0.1228 (Required < 0.05) | OLS Beta: 0.3543
Filter ON: Spread not stationary (p-value too high). Skipping optimization and OOS test.

--- Window 68 Boundary Check ---
IS Period RTH Bars: 14666. Start: 2024-04-18 15:00:00+00:00 | End: 2024-06-17 19:50:00+00:00
OOS Start Bar Index: 410982 | Time: 2024-06-17 19:51:00+00:00
ADF Test Result: p-value=0.4189 (Required < 0.05) | OLS Beta: 0.4072
Filter ON: Spread not stationary (p-value too high). Skipping optimization and OOS test.

--- Window 69 Boundary Check ---
IS Period RTH Bars: 14666. Start: 2024-05-13 14:52:00+00:00 | End: 2024-07-12 17:43:00+00:00
OOS Start Bar Index: 416832 | Time: 2024-07-12 17:44:00+00:00
ADF Test Result: p-value=0.6487 (Required < 0.05) | OLS Beta: 0.9495
Filter ON: Spread not stationary (p-value too high). Skipping optimization and OOS test.

--- Window 70 Boundary Check ---
IS Period RTH Bars: 14666. Start: 2024-06-05 18:53:00+00:00 | End: 2024-08-06 16:30:00+00:00
OOS Start Bar Index: 422682 | Time: 2024-08-06 16:31:00+00:00
ADF Test Result: p-value=0.0045 (Required < 0.05) | OLS Beta: 1.3958
Filter OFF: Spread is stationary. Proceeding with optimization.
IS Optimization Time: 0.06 seconds.
Optimal Params (Sharpe=4.8705, Calmar=129.8842): Z_E=2.1, Z_X=0.7, Z_SL=4.5
📊 Persistence: Saved 8427 PnL points to wfa_outputs\oos_equity_curve_ADBE_INTU_1m_20251107_192556_0.05.csv
OOS Period (2024-08-06 16:31:00+00:00 to 2024-08-30 14:25:00+00:00): PnL: $-84.13 | Sharpe: -4.0991 | Calmar: -14.3814 | Trades: 1

--- Window 71 Boundary Check ---
IS Period RTH Bars: 14666. Start: 2024-06-28 18:35:00+00:00 | End: 2024-08-30 14:25:00+00:00
OOS Start Bar Index: 428532 | Time: 2024-08-30 14:26:00+00:00
ADF Test Result: p-value=0.6734 (Required < 0.05) | OLS Beta: 0.7211
Filter ON: Spread not stationary (p-value too high). Skipping optimization and OOS test.

--- Window 72 Boundary Check ---
IS Period RTH Bars: 14666. Start: 2024-07-24 19:26:00+00:00 | End: 2024-09-25 14:50:00+00:00
OOS Start Bar Index: 434382 | Time: 2024-09-25 14:51:00+00:00
ADF Test Result: p-value=0.3998 (Required < 0.05) | OLS Beta: 0.0810
Filter ON: Spread not stationary (p-value too high). Skipping optimization and OOS test.

--- Window 73 Boundary Check ---
IS Period RTH Bars: 14666. Start: 2024-08-19 16:34:00+00:00 | End: 2024-10-17 19:57:00+00:00
OOS Start Bar Index: 440232 | Time: 2024-10-17 19:58:00+00:00
ADF Test Result: p-value=0.7083 (Required < 0.05) | OLS Beta: 0.7423
Filter ON: Spread not stationary (p-value too high). Skipping optimization and OOS test.

--- Window 74 Boundary Check ---
IS Period RTH Bars: 14666. Start: 2024-09-12 18:32:00+00:00 | End: 2024-11-11 15:59:00+00:00
OOS Start Bar Index: 446082 | Time: 2024-11-11 16:00:00+00:00
ADF Test Result: p-value=0.0001 (Required < 0.05) | OLS Beta: 0.4665
Filter OFF: Spread is stationary. Proceeding with optimization.
IS Optimization Time: 0.05 seconds.
Optimal Params (Sharpe=4.1072, Calmar=15.1612): Z_E=2.3, Z_X=0.7, Z_SL=3.6
📊 Persistence: Saved 8427 PnL points to wfa_outputs\oos_equity_curve_ADBE_INTU_1m_20251107_192556_0.05.csv
OOS Period (2024-11-11 16:00:00+00:00 to 2024-12-04 17:21:00+00:00): PnL: $0.00 | Sharpe: 0.0000 | Calmar: 0.0000 | Trades: 0

--- Window 75 Boundary Check ---
IS Period RTH Bars: 14666. Start: 2024-10-07 16:47:00+00:00 | End: 2024-12-04 17:21:00+00:00
OOS Start Bar Index: 451932 | Time: 2024-12-04 17:22:00+00:00
ADF Test Result: p-value=0.4717 (Required < 0.05) | OLS Beta: 0.3584
Filter ON: Spread not stationary (p-value too high). Skipping optimization and OOS test.

--- Window 76 Boundary Check ---
IS Period RTH Bars: 14666. Start: 2024-10-30 14:55:00+00:00 | End: 2024-12-30 16:11:00+00:00
OOS Start Bar Index: 457782 | Time: 2024-12-30 16:13:00+00:00
ADF Test Result: p-value=0.8261 (Required < 0.05) | OLS Beta: 0.4184
Filter ON: Spread not stationary (p-value too high). Skipping optimization and OOS test.

############################################################
📈 OVERALL SIMULATION PERFORMANCE (Walk-Forward Test)
############################################################
Timeframe Used: 1Min, Value: 1
ADF Cointegration Filter Threshold: 0.05
Total OOS Windows Tested: 76
Total Trades Executed: 8427
--- Final Performance Metrics ---
Total PnL: $228.63
Overall Sharpe Ratio (Annualized): 0.0474
Overall Calmar Ratio (Annualized): 0.0075
Maximum Dollar Drawdown (MDD): $1,329.56

--- Execution Time ---
Total Elapsed Time: 86.09 seconds
############################################################
[0m