--- Dynamic Timeframe Configuration ---
TimeFrame Selected: 1Min, Value: 1
Bars per Trading Day: 390
Annualization Factor (Bars/Year): 98280
Statistical Lookback Bars: 2184
Optimization Lookback Bars: 19032
---------------------------------------
--- Diagnostic Check ---
API Key ID Length: 26
API Secret Key Length: 44
StockHistoricalDataClient initialized successfully. Starting data fetch...
--------------------------
Pre-compiling Numba function for first run optimization...
Numba pre-compilation complete.
Fetching data from 2020-01-01 to 2024-12-30...
Fetching 1Min data for ADBE...
Fetching 1Min data for INTU...
Data acquired successfully. Total 1Min RTH bars: 462500
Skipping full pre-calculation. Metrics will be calculated inside the WFA loop.

============================================================
📈 Starting Rolling Backtest: IS Optimization Window=19032 bars, Shift=15 days
   Data already processed with Statistical Rolling Window: 2184 bars
   ADF Cointegration Filter: p-value < 0.1
============================================================

--- Window 1 Boundary Check ---
IS Period RTH Bars: 14666. Start: 2020-01-17 19:54:00+00:00 | End: 2020-03-16 17:55:00+00:00
OOS Start Bar Index: 19032 | Time: 2020-03-16 17:56:00+00:00
ADF Test Result: p-value=0.1555 (Required < 0.10) | OLS Beta: 1.0223
Filter ON: Spread not stationary (p-value too high). Skipping optimization and OOS test.

--- Window 2 Boundary Check ---
IS Period RTH Bars: 14666. Start: 2020-02-11 16:47:00+00:00 | End: 2020-04-06 18:53:00+00:00
OOS Start Bar Index: 24882 | Time: 2020-04-06 18:54:00+00:00
ADF Test Result: p-value=0.1057 (Required < 0.10) | OLS Beta: 0.6457
Filter ON: Spread not stationary (p-value too high). Skipping optimization and OOS test.

--- Window 3 Boundary Check ---
IS Period RTH Bars: 14666. Start: 2020-03-04 20:44:00+00:00 | End: 2020-04-29 15:38:00+00:00
OOS Start Bar Index: 30732 | Time: 2020-04-29 15:40:00+00:00
ADF Test Result: p-value=0.0328 (Required < 0.10) | OLS Beta: 0.4951
Filter OFF: Spread is stationary. Proceeding with optimization.
IS Optimization Time: 0.05 seconds.
Optimal Params (Sharpe=1.8882, Calmar=6.2295): Z_E=2.3, Z_X=1.1, Z_SL=3.9
📊 Persistence: Saved 1 PnL points to wfa_outputs\oos_equity_curve_ADBE_INTU_1m_20251107_192054_0.1.csv
OOS Period (2020-04-29 15:40:00+00:00 to 2020-05-20 18:15:00+00:00): PnL: $-72.34 | Sharpe: -4.0991 | Calmar: -16.3099 | Trades: 1

--- Window 4 Boundary Check ---
IS Period RTH Bars: 14666. Start: 2020-03-26 14:22:00+00:00 | End: 2020-05-20 18:15:00+00:00
OOS Start Bar Index: 36582 | Time: 2020-05-20 18:16:00+00:00
ADF Test Result: p-value=0.0185 (Required < 0.10) | OLS Beta: 0.8273
Filter OFF: Spread is stationary. Proceeding with optimization.
IS Optimization Time: 0.05 seconds.
Optimal Params (Sharpe=2.2190, Calmar=12.0870): Z_E=2.5, Z_X=1.1, Z_SL=3.6
📊 Persistence: Saved 799 PnL points to wfa_outputs\oos_equity_curve_ADBE_INTU_1m_20251107_192054_0.1.csv
OOS Period (2020-05-20 18:16:00+00:00 to 2020-06-12 13:37:00+00:00): PnL: $-104.48 | Sharpe: -1.4347 | Calmar: -4.7143 | Trades: 798

--- Window 5 Boundary Check ---
IS Period RTH Bars: 14666. Start: 2020-04-17 15:55:00+00:00 | End: 2020-06-12 13:37:00+00:00
OOS Start Bar Index: 42432 | Time: 2020-06-12 13:38:00+00:00
ADF Test Result: p-value=0.5939 (Required < 0.10) | OLS Beta: 1.2476
Filter ON: Spread not stationary (p-value too high). Skipping optimization and OOS test.

--- Window 6 Boundary Check ---
IS Period RTH Bars: 14666. Start: 2020-05-08 19:28:00+00:00 | End: 2020-07-06 16:31:00+00:00
OOS Start Bar Index: 48282 | Time: 2020-07-06 16:32:00+00:00
ADF Test Result: p-value=0.5125 (Required < 0.10) | OLS Beta: 1.7614
Filter ON: Spread not stationary (p-value too high). Skipping optimization and OOS test.

--- Window 7 Boundary Check ---
IS Period RTH Bars: 14666. Start: 2020-06-02 14:51:00+00:00 | End: 2020-07-27 19:08:00+00:00
OOS Start Bar Index: 54132 | Time: 2020-07-27 19:09:00+00:00
ADF Test Result: p-value=0.2293 (Required < 0.10) | OLS Beta: 1.3144
Filter ON: Spread not stationary (p-value too high). Skipping optimization and OOS test.

--- Window 8 Boundary Check ---
IS Period RTH Bars: 14666. Start: 2020-06-23 17:51:00+00:00 | End: 2020-08-18 18:58:00+00:00
OOS Start Bar Index: 59982 | Time: 2020-08-18 18:59:00+00:00
ADF Test Result: p-value=0.0631 (Required < 0.10) | OLS Beta: 0.6917
Filter OFF: Spread is stationary. Proceeding with optimization.
IS Optimization Time: 0.05 seconds.
Optimal Params (Sharpe=2.8650, Calmar=9.5772): Z_E=2.3, Z_X=1.3, Z_SL=3.9
📊 Persistence: Saved 1633 PnL points to wfa_outputs\oos_equity_curve_ADBE_INTU_1m_20251107_192054_0.1.csv
OOS Period (2020-08-18 18:59:00+00:00 to 2020-09-10 14:11:00+00:00): PnL: $76.99 | Sharpe: 0.8863 | Calmar: 3.6878 | Trades: 834

--- Window 9 Boundary Check ---
IS Period RTH Bars: 14666. Start: 2020-07-16 13:55:00+00:00 | End: 2020-09-10 14:11:00+00:00
OOS Start Bar Index: 65832 | Time: 2020-09-10 14:12:00+00:00
ADF Test Result: p-value=0.0315 (Required < 0.10) | OLS Beta: 1.0027
Filter OFF: Spread is stationary. Proceeding with optimization.
IS Optimization Time: 0.05 seconds.
Optimal Params (Sharpe=0.2501, Calmar=0.5650): Z_E=3.1, Z_X=0.3, Z_SL=3.3
📊 Persistence: Saved 1682 PnL points to wfa_outputs\oos_equity_curve_ADBE_INTU_1m_20251107_192054_0.1.csv
OOS Period (2020-09-10 14:12:00+00:00 to 2020-10-01 15:45:00+00:00): PnL: $110.24 | Sharpe: 2.3896 | Calmar: 25.4665 | Trades: 49

--- Window 10 Boundary Check ---
IS Period RTH Bars: 14666. Start: 2020-08-06 17:09:00+00:00 | End: 2020-10-01 15:45:00+00:00
OOS Start Bar Index: 71682 | Time: 2020-10-01 15:46:00+00:00
ADF Test Result: p-value=0.0877 (Required < 0.10) | OLS Beta: 0.9351
Filter OFF: Spread is stationary. Proceeding with optimization.
IS Optimization Time: 0.05 seconds.
Optimal Params (Sharpe=1.4584, Calmar=2.7364): Z_E=1.9, Z_X=0.3, Z_SL=3.3
📊 Persistence: Saved 1682 PnL points to wfa_outputs\oos_equity_curve_ADBE_INTU_1m_20251107_192054_0.1.csv
OOS Period (2020-10-01 15:46:00+00:00 to 2020-10-23 15:06:00+00:00): PnL: $0.00 | Sharpe: 0.0000 | Calmar: 0.0000 | Trades: 0

--- Window 11 Boundary Check ---
IS Period RTH Bars: 14666. Start: 2020-08-28 15:48:00+00:00 | End: 2020-10-23 15:06:00+00:00
OOS Start Bar Index: 77532 | Time: 2020-10-23 15:07:00+00:00
ADF Test Result: p-value=0.0096 (Required < 0.10) | OLS Beta: 0.6830
Filter OFF: Spread is stationary. Proceeding with optimization.
IS Optimization Time: 0.06 seconds.
Optimal Params (Sharpe=5.8585, Calmar=45.9979): Z_E=1.9, Z_X=1.5, Z_SL=3.6
📊 Persistence: Saved 3378 PnL points to wfa_outputs\oos_equity_curve_ADBE_INTU_1m_20251107_192054_0.1.csv
OOS Period (2020-10-23 15:07:00+00:00 to 2020-11-16 14:51:00+00:00): PnL: $-498.40 | Sharpe: -5.2667 | Calmar: -8.4311 | Trades: 1696

--- Window 12 Boundary Check ---
IS Period RTH Bars: 14666. Start: 2020-09-21 17:48:00+00:00 | End: 2020-11-16 14:51:00+00:00
OOS Start Bar Index: 83382 | Time: 2020-11-16 14:52:00+00:00
ADF Test Result: p-value=0.6724 (Required < 0.10) | OLS Beta: 0.3418
Filter ON: Spread not stationary (p-value too high). Skipping optimization and OOS test.

--- Window 13 Boundary Check ---
IS Period RTH Bars: 14666. Start: 2020-10-13 13:49:00+00:00 | End: 2020-12-09 15:05:00+00:00
OOS Start Bar Index: 89232 | Time: 2020-12-09 15:06:00+00:00
ADF Test Result: p-value=0.1117 (Required < 0.10) | OLS Beta: 0.2851
Filter ON: Spread not stationary (p-value too high). Skipping optimization and OOS test.

--- Window 14 Boundary Check ---
IS Period RTH Bars: 14666. Start: 2020-11-04 15:26:00+00:00 | End: 2021-01-04 16:51:00+00:00
OOS Start Bar Index: 95082 | Time: 2021-01-04 16:52:00+00:00
ADF Test Result: p-value=0.0224 (Required < 0.10) | OLS Beta: 0.7172
Filter OFF: Spread is stationary. Proceeding with optimization.
IS Optimization Time: 0.05 seconds.
Optimal Params (Sharpe=6.3394, Calmar=26.8372): Z_E=1.9, Z_X=1.5, Z_SL=4.8
📊 Persistence: Saved 3651 PnL points to wfa_outputs\oos_equity_curve_ADBE_INTU_1m_20251107_192054_0.1.csv
OOS Period (2021-01-04 16:52:00+00:00 to 2021-01-26 20:14:00+00:00): PnL: $-59.55 | Sharpe: -0.5941 | Calmar: -2.0903 | Trades: 273

--- Window 15 Boundary Check ---
IS Period RTH Bars: 14666. Start: 2020-11-25 19:23:00+00:00 | End: 2021-01-26 20:14:00+00:00
OOS Start Bar Index: 100932 | Time: 2021-01-26 20:15:00+00:00
ADF Test Result: p-value=0.4001 (Required < 0.10) | OLS Beta: 0.2589
Filter ON: Spread not stationary (p-value too high). Skipping optimization and OOS test.

--- Window 16 Boundary Check ---
IS Period RTH Bars: 14666. Start: 2020-12-18 18:40:00+00:00 | End: 2021-02-18 16:45:00+00:00
OOS Start Bar Index: 106782 | Time: 2021-02-18 16:46:00+00:00
ADF Test Result: p-value=0.4692 (Required < 0.10) | OLS Beta: 0.3746
Filter ON: Spread not stationary (p-value too high). Skipping optimization and OOS test.

--- Window 17 Boundary Check ---
IS Period RTH Bars: 14666. Start: 2021-01-14 14:52:00+00:00 | End: 2021-03-11 18:32:00+00:00
OOS Start Bar Index: 112632 | Time: 2021-03-11 18:33:00+00:00
ADF Test Result: p-value=0.7708 (Required < 0.10) | OLS Beta: 0.4507
Filter ON: Spread not stationary (p-value too high). Skipping optimization and OOS test.

--- Window 18 Boundary Check ---
IS Period RTH Bars: 14666. Start: 2021-02-05 17:14:00+00:00 | End: 2021-04-01 19:42:00+00:00
OOS Start Bar Index: 118482 | Time: 2021-04-01 19:43:00+00:00
ADF Test Result: p-value=0.4242 (Required < 0.10) | OLS Beta: 0.7545
Filter ON: Spread not stationary (p-value too high). Skipping optimization and OOS test.

--- Window 19 Boundary Check ---
IS Period RTH Bars: 14666. Start: 2021-03-01 20:30:00+00:00 | End: 2021-04-27 16:09:00+00:00
OOS Start Bar Index: 124332 | Time: 2021-04-27 16:10:00+00:00
ADF Test Result: p-value=0.4616 (Required < 0.10) | OLS Beta: 1.3426
Filter ON: Spread not stationary (p-value too high). Skipping optimization and OOS test.

--- Window 20 Boundary Check ---
IS Period RTH Bars: 14666. Start: 2021-03-23 14:31:00+00:00 | End: 2021-05-19 16:36:00+00:00
OOS Start Bar Index: 130182 | Time: 2021-05-19 16:37:00+00:00
ADF Test Result: p-value=0.9190 (Required < 0.10) | OLS Beta: 0.8972
Filter ON: Spread not stationary (p-value too high). Skipping optimization and OOS test.

--- Window 21 Boundary Check ---
IS Period RTH Bars: 14666. Start: 2021-04-14 19:58:00+00:00 | End: 2021-06-11 14:03:00+00:00
OOS Start Bar Index: 136032 | Time: 2021-06-11 14:04:00+00:00
ADF Test Result: p-value=0.6044 (Required < 0.10) | OLS Beta: 0.2317
Filter ON: Spread not stationary (p-value too high). Skipping optimization and OOS test.

--- Window 22 Boundary Check ---
IS Period RTH Bars: 14666. Start: 2021-05-07 16:59:00+00:00 | End: 2021-07-06 14:45:00+00:00
OOS Start Bar Index: 141882 | Time: 2021-07-06 14:46:00+00:00
ADF Test Result: p-value=0.5279 (Required < 0.10) | OLS Beta: 1.0028
Filter ON: Spread not stationary (p-value too high). Skipping optimization and OOS test.

--- Window 23 Boundary Check ---
IS Period RTH Bars: 14666. Start: 2021-06-01 14:11:00+00:00 | End: 2021-07-28 16:05:00+00:00
OOS Start Bar Index: 147732 | Time: 2021-07-28 16:06:00+00:00
ADF Test Result: p-value=0.4383 (Required < 0.10) | OLS Beta: 1.4641
Filter ON: Spread not stationary (p-value too high). Skipping optimization and OOS test.

--- Window 24 Boundary Check ---
IS Period RTH Bars: 14666. Start: 2021-06-22 19:12:00+00:00 | End: 2021-08-20 15:52:00+00:00
OOS Start Bar Index: 153582 | Time: 2021-08-20 15:53:00+00:00
ADF Test Result: p-value=0.0081 (Required < 0.10) | OLS Beta: 0.7735
Filter OFF: Spread is stationary. Proceeding with optimization.
IS Optimization Time: 0.05 seconds.
Optimal Params (Sharpe=9.9560, Calmar=117.9218): Z_E=1.9, Z_X=1.5, Z_SL=3.3
📊 Persistence: Saved 4007 PnL points to wfa_outputs\oos_equity_curve_ADBE_INTU_1m_20251107_192054_0.1.csv
OOS Period (2021-08-20 15:53:00+00:00 to 2021-09-14 16:06:00+00:00): PnL: $302.23 | Sharpe: 6.1753 | Calmar: 68.3472 | Trades: 356

--- Window 25 Boundary Check ---
IS Period RTH Bars: 14666. Start: 2021-07-16 14:26:00+00:00 | End: 2021-09-14 16:06:00+00:00
OOS Start Bar Index: 159432 | Time: 2021-09-14 16:07:00+00:00
ADF Test Result: p-value=0.1715 (Required < 0.10) | OLS Beta: 0.8453
Filter ON: Spread not stationary (p-value too high). Skipping optimization and OOS test.

--- Window 26 Boundary Check ---
IS Period RTH Bars: 14666. Start: 2021-08-09 18:36:00+00:00 | End: 2021-10-06 14:17:00+00:00
OOS Start Bar Index: 165282 | Time: 2021-10-06 14:18:00+00:00
ADF Test Result: p-value=0.9144 (Required < 0.10) | OLS Beta: 1.1804
Filter ON: Spread not stationary (p-value too high). Skipping optimization and OOS test.

--- Window 27 Boundary Check ---
IS Period RTH Bars: 14666. Start: 2021-09-01 15:24:00+00:00 | End: 2021-10-28 15:02:00+00:00
OOS Start Bar Index: 171132 | Time: 2021-10-28 15:03:00+00:00
ADF Test Result: p-value=0.9178 (Required < 0.10) | OLS Beta: 1.1005
Filter ON: Spread not stationary (p-value too high). Skipping optimization and OOS test.

--- Window 28 Boundary Check ---
IS Period RTH Bars: 14666. Start: 2021-09-24 14:54:00+00:00 | End: 2021-11-19 16:55:00+00:00
OOS Start Bar Index: 176982 | Time: 2021-11-19 16:56:00+00:00
ADF Test Result: p-value=0.3162 (Required < 0.10) | OLS Beta: 0.8327
Filter ON: Spread not stationary (p-value too high). Skipping optimization and OOS test.

--- Window 29 Boundary Check ---
IS Period RTH Bars: 14666. Start: 2021-10-15 19:53:00+00:00 | End: 2021-12-14 15:55:00+00:00
OOS Start Bar Index: 182832 | Time: 2021-12-14 15:56:00+00:00
ADF Test Result: p-value=0.2526 (Required < 0.10) | OLS Beta: 0.2805
Filter ON: Spread not stationary (p-value too high). Skipping optimization and OOS test.

--- Window 30 Boundary Check ---
IS Period RTH Bars: 14666. Start: 2021-11-09 15:13:00+00:00 | End: 2022-01-06 17:52:00+00:00
OOS Start Bar Index: 188682 | Time: 2022-01-06 17:53:00+00:00
ADF Test Result: p-value=0.3303 (Required < 0.10) | OLS Beta: 1.2906
Filter ON: Spread not stationary (p-value too high). Skipping optimization and OOS test.

--- Window 31 Boundary Check ---
IS Period RTH Bars: 14666. Start: 2021-12-02 16:36:00+00:00 | End: 2022-01-28 19:19:00+00:00
OOS Start Bar Index: 194532 | Time: 2022-01-28 19:20:00+00:00
ADF Test Result: p-value=0.1959 (Required < 0.10) | OLS Beta: 0.9186
Filter ON: Spread not stationary (p-value too high). Skipping optimization and OOS test.

--- Window 32 Boundary Check ---
IS Period RTH Bars: 14666. Start: 2021-12-23 20:51:00+00:00 | End: 2022-02-22 15:15:00+00:00
OOS Start Bar Index: 200382 | Time: 2022-02-22 15:16:00+00:00
ADF Test Result: p-value=0.7123 (Required < 0.10) | OLS Beta: 0.7044
Filter ON: Spread not stationary (p-value too high). Skipping optimization and OOS test.

--- Window 33 Boundary Check ---
IS Period RTH Bars: 14666. Start: 2022-01-19 14:54:00+00:00 | End: 2022-03-15 14:59:00+00:00
OOS Start Bar Index: 206232 | Time: 2022-03-15 15:00:00+00:00
ADF Test Result: p-value=0.4080 (Required < 0.10) | OLS Beta: 0.8161
Filter ON: Spread not stationary (p-value too high). Skipping optimization and OOS test.

--- Window 34 Boundary Check ---
IS Period RTH Bars: 14666. Start: 2022-02-09 16:41:00+00:00 | End: 2022-04-05 16:03:00+00:00
OOS Start Bar Index: 212082 | Time: 2022-04-05 16:04:00+00:00
ADF Test Result: p-value=0.0670 (Required < 0.10) | OLS Beta: 0.6423
Filter OFF: Spread is stationary. Proceeding with optimization.
IS Optimization Time: 0.05 seconds.
Optimal Params (Sharpe=4.2215, Calmar=0.0000): Z_E=3.3, Z_X=1.5, Z_SL=4.2
📊 Persistence: Saved 4007 PnL points to wfa_outputs\oos_equity_curve_ADBE_INTU_1m_20251107_192054_0.1.csv
OOS Period (2022-04-05 16:04:00+00:00 to 2022-04-27 18:16:00+00:00): PnL: $0.00 | Sharpe: 0.0000 | Calmar: 0.0000 | Trades: 0

--- Window 35 Boundary Check ---
IS Period RTH Bars: 14666. Start: 2022-03-03 18:05:00+00:00 | End: 2022-04-27 18:16:00+00:00
OOS Start Bar Index: 217932 | Time: 2022-04-27 18:17:00+00:00
ADF Test Result: p-value=0.1572 (Required < 0.10) | OLS Beta: 0.7189
Filter ON: Spread not stationary (p-value too high). Skipping optimization and OOS test.

--- Window 36 Boundary Check ---
IS Period RTH Bars: 14666. Start: 2022-03-24 17:50:00+00:00 | End: 2022-05-18 19:02:00+00:00
OOS Start Bar Index: 223782 | Time: 2022-05-18 19:03:00+00:00
ADF Test Result: p-value=0.5119 (Required < 0.10) | OLS Beta: 0.4622
Filter ON: Spread not stationary (p-value too high). Skipping optimization and OOS test.

--- Window 37 Boundary Check ---
IS Period RTH Bars: 14666. Start: 2022-04-14 19:26:00+00:00 | End: 2022-06-10 14:44:00+00:00
OOS Start Bar Index: 229632 | Time: 2022-06-10 14:45:00+00:00
ADF Test Result: p-value=0.1027 (Required < 0.10) | OLS Beta: 0.2833
Filter ON: Spread not stationary (p-value too high). Skipping optimization and OOS test.

--- Window 38 Boundary Check ---
IS Period RTH Bars: 14666. Start: 2022-05-09 14:51:00+00:00 | End: 2022-07-05 16:40:00+00:00
OOS Start Bar Index: 235482 | Time: 2022-07-05 16:41:00+00:00
ADF Test Result: p-value=0.7620 (Required < 0.10) | OLS Beta: 0.5530
Filter ON: Spread not stationary (p-value too high). Skipping optimization and OOS test.

--- Window 39 Boundary Check ---
IS Period RTH Bars: 14666. Start: 2022-05-31 15:20:00+00:00 | End: 2022-07-27 13:49:00+00:00
OOS Start Bar Index: 241332 | Time: 2022-07-27 13:50:00+00:00
ADF Test Result: p-value=0.7581 (Required < 0.10) | OLS Beta: 0.8525
Filter ON: Spread not stationary (p-value too high). Skipping optimization and OOS test.

--- Window 40 Boundary Check ---
IS Period RTH Bars: 14666. Start: 2022-06-22 17:51:00+00:00 | End: 2022-08-17 18:12:00+00:00
OOS Start Bar Index: 247182 | Time: 2022-08-17 18:13:00+00:00
ADF Test Result: p-value=0.1787 (Required < 0.10) | OLS Beta: 0.7699
Filter ON: Spread not stationary (p-value too high). Skipping optimization and OOS test.

--- Window 41 Boundary Check ---
IS Period RTH Bars: 14666. Start: 2022-07-15 15:05:00+00:00 | End: 2022-09-09 14:30:00+00:00
OOS Start Bar Index: 253032 | Time: 2022-09-09 14:31:00+00:00
ADF Test Result: p-value=0.4449 (Required < 0.10) | OLS Beta: 0.9009
Filter ON: Spread not stationary (p-value too high). Skipping optimization and OOS test.

--- Window 42 Boundary Check ---
IS Period RTH Bars: 14666. Start: 2022-08-05 17:43:00+00:00 | End: 2022-09-30 17:17:00+00:00
OOS Start Bar Index: 258882 | Time: 2022-09-30 17:18:00+00:00
ADF Test Result: p-value=0.1049 (Required < 0.10) | OLS Beta: 2.3960
Filter ON: Spread not stationary (p-value too high). Skipping optimization and OOS test.

--- Window 43 Boundary Check ---
IS Period RTH Bars: 14666. Start: 2022-08-29 15:42:00+00:00 | End: 2022-10-21 19:04:00+00:00
OOS Start Bar Index: 264732 | Time: 2022-10-21 19:05:00+00:00
ADF Test Result: p-value=0.0932 (Required < 0.10) | OLS Beta: 2.4047
Filter OFF: Spread is stationary. Proceeding with optimization.
IS Optimization Time: 0.05 seconds.
Optimal Params (Sharpe=-0.3294, Calmar=-0.7300): Z_E=3.3, Z_X=1.1, Z_SL=3.9
📊 Persistence: Saved 4009 PnL points to wfa_outputs\oos_equity_curve_ADBE_INTU_1m_20251107_192054_0.1.csv
OOS Period (2022-10-21 19:05:00+00:00 to 2022-11-14 16:03:00+00:00): PnL: $65.04 | Sharpe: 1.3490 | Calmar: 10.0786 | Trades: 2

--- Window 44 Boundary Check ---
IS Period RTH Bars: 14666. Start: 2022-09-20 18:54:00+00:00 | End: 2022-11-14 16:03:00+00:00
OOS Start Bar Index: 270582 | Time: 2022-11-14 16:04:00+00:00
ADF Test Result: p-value=0.9893 (Required < 0.10) | OLS Beta: 0.6312
Filter ON: Spread not stationary (p-value too high). Skipping optimization and OOS test.

--- Window 45 Boundary Check ---
IS Period RTH Bars: 14666. Start: 2022-10-12 14:16:00+00:00 | End: 2022-12-06 20:31:00+00:00
OOS Start Bar Index: 276432 | Time: 2022-12-06 20:32:00+00:00
ADF Test Result: p-value=0.4755 (Required < 0.10) | OLS Beta: 0.4290
Filter ON: Spread not stationary (p-value too high). Skipping optimization and OOS test.

--- Window 46 Boundary Check ---
IS Period RTH Bars: 14666. Start: 2022-11-02 17:09:00+00:00 | End: 2022-12-29 18:19:00+00:00
OOS Start Bar Index: 282282 | Time: 2022-12-29 18:20:00+00:00
ADF Test Result: p-value=0.2053 (Required < 0.10) | OLS Beta: 0.8614
Filter ON: Spread not stationary (p-value too high). Skipping optimization and OOS test.

--- Window 47 Boundary Check ---
IS Period RTH Bars: 14666. Start: 2022-11-23 19:11:00+00:00 | End: 2023-01-24 16:16:00+00:00
OOS Start Bar Index: 288132 | Time: 2023-01-24 16:17:00+00:00
ADF Test Result: p-value=0.1768 (Required < 0.10) | OLS Beta: 0.3371
Filter ON: Spread not stationary (p-value too high). Skipping optimization and OOS test.

--- Window 48 Boundary Check ---
IS Period RTH Bars: 14666. Start: 2022-12-16 17:41:00+00:00 | End: 2023-02-14 20:55:00+00:00
OOS Start Bar Index: 293982 | Time: 2023-02-14 20:56:00+00:00
ADF Test Result: p-value=0.0142 (Required < 0.10) | OLS Beta: 1.1172
Filter OFF: Spread is stationary. Proceeding with optimization.
IS Optimization Time: 0.05 seconds.
Optimal Params (Sharpe=4.0375, Calmar=0.0000): Z_E=3.3, Z_X=0.7, Z_SL=4.5
📊 Persistence: Saved 4961 PnL points to wfa_outputs\oos_equity_curve_ADBE_INTU_1m_20251107_192054_0.1.csv
OOS Period (2023-02-14 20:56:00+00:00 to 2023-03-09 17:24:00+00:00): PnL: $-208.79 | Sharpe: -2.5144 | Calmar: -5.5379 | Trades: 952

--- Window 49 Boundary Check ---
IS Period RTH Bars: 14666. Start: 2023-01-11 17:20:00+00:00 | End: 2023-03-09 17:24:00+00:00
OOS Start Bar Index: 299832 | Time: 2023-03-09 17:25:00+00:00
ADF Test Result: p-value=0.6714 (Required < 0.10) | OLS Beta: 0.9187
Filter ON: Spread not stationary (p-value too high). Skipping optimization and OOS test.

--- Window 50 Boundary Check ---
IS Period RTH Bars: 14666. Start: 2023-02-02 20:40:00+00:00 | End: 2023-03-30 19:09:00+00:00
OOS Start Bar Index: 305682 | Time: 2023-03-30 19:10:00+00:00
ADF Test Result: p-value=0.2287 (Required < 0.10) | OLS Beta: 1.4545
Filter ON: Spread not stationary (p-value too high). Skipping optimization and OOS test.

--- Window 51 Boundary Check ---
IS Period RTH Bars: 14666. Start: 2023-02-27 18:31:00+00:00 | End: 2023-04-25 13:46:00+00:00
OOS Start Bar Index: 311532 | Time: 2023-04-25 13:47:00+00:00
ADF Test Result: p-value=0.0061 (Required < 0.10) | OLS Beta: 1.2622
Filter OFF: Spread is stationary. Proceeding with optimization.
IS Optimization Time: 0.05 seconds.
Optimal Params (Sharpe=5.2723, Calmar=118.9828): Z_E=3.3, Z_X=1.5, Z_SL=4.8
📊 Persistence: Saved 4963 PnL points to wfa_outputs\oos_equity_curve_ADBE_INTU_1m_20251107_192054_0.1.csv
OOS Period (2023-04-25 13:47:00+00:00 to 2023-05-16 18:34:00+00:00): PnL: $432.66 | Sharpe: 5.7028 | Calmar: 0.0000 | Trades: 2

--- Window 52 Boundary Check ---
IS Period RTH Bars: 14666. Start: 2023-03-20 19:26:00+00:00 | End: 2023-05-16 18:34:00+00:00
OOS Start Bar Index: 317382 | Time: 2023-05-16 18:35:00+00:00
ADF Test Result: p-value=0.5065 (Required < 0.10) | OLS Beta: 1.0127
Filter ON: Spread not stationary (p-value too high). Skipping optimization and OOS test.

--- Window 53 Boundary Check ---
IS Period RTH Bars: 14666. Start: 2023-04-12 17:53:00+00:00 | End: 2023-06-08 13:44:00+00:00
OOS Start Bar Index: 323232 | Time: 2023-06-08 13:45:00+00:00
ADF Test Result: p-value=0.9823 (Required < 0.10) | OLS Beta: 0.1610
Filter ON: Spread not stationary (p-value too high). Skipping optimization and OOS test.

--- Window 54 Boundary Check ---
IS Period RTH Bars: 14666. Start: 2023-05-04 18:24:00+00:00 | End: 2023-06-30 17:47:00+00:00
OOS Start Bar Index: 329082 | Time: 2023-06-30 17:48:00+00:00
ADF Test Result: p-value=0.4919 (Required < 0.10) | OLS Beta: 2.3823
Filter ON: Spread not stationary (p-value too high). Skipping optimization and OOS test.

--- Window 55 Boundary Check ---
IS Period RTH Bars: 14666. Start: 2023-05-26 15:36:00+00:00 | End: 2023-07-25 19:06:00+00:00
OOS Start Bar Index: 334932 | Time: 2023-07-25 19:07:00+00:00
ADF Test Result: p-value=0.0350 (Required < 0.10) | OLS Beta: 1.2595
Filter OFF: Spread is stationary. Proceeding with optimization.
IS Optimization Time: 0.05 seconds.
Optimal Params (Sharpe=5.4067, Calmar=0.0000): Z_E=2.9, Z_X=0.5, Z_SL=3.6
📊 Persistence: Saved 4963 PnL points to wfa_outputs\oos_equity_curve_ADBE_INTU_1m_20251107_192054_0.1.csv
OOS Period (2023-07-25 19:07:00+00:00 to 2023-08-16 17:51:00+00:00): PnL: $0.00 | Sharpe: 0.0000 | Calmar: 0.0000 | Trades: 0

--- Window 56 Boundary Check ---
IS Period RTH Bars: 14666. Start: 2023-06-20 17:24:00+00:00 | End: 2023-08-16 17:51:00+00:00
OOS Start Bar Index: 340782 | Time: 2023-08-16 17:52:00+00:00
ADF Test Result: p-value=0.0261 (Required < 0.10) | OLS Beta: 0.8060
Filter OFF: Spread is stationary. Proceeding with optimization.
IS Optimization Time: 0.05 seconds.
Optimal Params (Sharpe=8.6356, Calmar=52.3459): Z_E=2.1, Z_X=1.3, Z_SL=4.8
📊 Persistence: Saved 4965 PnL points to wfa_outputs\oos_equity_curve_ADBE_INTU_1m_20251107_192054_0.1.csv
OOS Period (2023-08-16 17:52:00+00:00 to 2023-09-08 15:48:00+00:00): PnL: $134.89 | Sharpe: 5.7651 | Calmar: 0.0000 | Trades: 2

--- Window 57 Boundary Check ---
IS Period RTH Bars: 14666. Start: 2023-07-13 19:26:00+00:00 | End: 2023-09-08 15:48:00+00:00
OOS Start Bar Index: 346632 | Time: 2023-09-08 15:49:00+00:00
ADF Test Result: p-value=0.0431 (Required < 0.10) | OLS Beta: 0.6700
Filter OFF: Spread is stationary. Proceeding with optimization.
IS Optimization Time: 0.05 seconds.
Optimal Params (Sharpe=5.1250, Calmar=25.5285): Z_E=2.1, Z_X=1.5, Z_SL=4.8
📊 Persistence: Saved 4968 PnL points to wfa_outputs\oos_equity_curve_ADBE_INTU_1m_20251107_192054_0.1.csv
OOS Period (2023-09-08 15:49:00+00:00 to 2023-10-02 16:25:00+00:00): PnL: $176.69 | Sharpe: 5.5289 | Calmar: 0.0000 | Trades: 3

--- Window 58 Boundary Check ---
IS Period RTH Bars: 14666. Start: 2023-08-04 17:50:00+00:00 | End: 2023-10-02 16:25:00+00:00
OOS Start Bar Index: 352482 | Time: 2023-10-02 16:26:00+00:00
ADF Test Result: p-value=0.1291 (Required < 0.10) | OLS Beta: 0.7490
Filter ON: Spread not stationary (p-value too high). Skipping optimization and OOS test.

--- Window 59 Boundary Check ---
IS Period RTH Bars: 14666. Start: 2023-08-28 16:17:00+00:00 | End: 2023-10-24 15:27:00+00:00
OOS Start Bar Index: 358332 | Time: 2023-10-24 15:28:00+00:00
ADF Test Result: p-value=0.4863 (Required < 0.10) | OLS Beta: 1.0118
Filter ON: Spread not stationary (p-value too high). Skipping optimization and OOS test.

--- Window 60 Boundary Check ---
IS Period RTH Bars: 14666. Start: 2023-09-20 16:06:00+00:00 | End: 2023-11-14 20:29:00+00:00
OOS Start Bar Index: 364182 | Time: 2023-11-14 20:30:00+00:00
ADF Test Result: p-value=0.9119 (Required < 0.10) | OLS Beta: 0.6579
Filter ON: Spread not stationary (p-value too high). Skipping optimization and OOS test.

--- Window 61 Boundary Check ---
IS Period RTH Bars: 14666. Start: 2023-10-12 15:05:00+00:00 | End: 2023-12-08 20:01:00+00:00
OOS Start Bar Index: 370032 | Time: 2023-12-08 20:02:00+00:00
ADF Test Result: p-value=0.3700 (Required < 0.10) | OLS Beta: 0.8649
Filter ON: Spread not stationary (p-value too high). Skipping optimization and OOS test.

--- Window 62 Boundary Check ---
IS Period RTH Bars: 14666. Start: 2023-11-02 19:51:00+00:00 | End: 2024-01-04 19:35:00+00:00
OOS Start Bar Index: 375882 | Time: 2024-01-04 19:36:00+00:00
ADF Test Result: p-value=0.2603 (Required < 0.10) | OLS Beta: 0.1445
Filter ON: Spread not stationary (p-value too high). Skipping optimization and OOS test.

--- Window 63 Boundary Check ---
IS Period RTH Bars: 14666. Start: 2023-11-28 17:01:00+00:00 | End: 2024-01-30 16:38:00+00:00
OOS Start Bar Index: 381732 | Time: 2024-01-30 16:39:00+00:00
ADF Test Result: p-value=0.1748 (Required < 0.10) | OLS Beta: 0.0730
Filter ON: Spread not stationary (p-value too high). Skipping optimization and OOS test.

--- Window 64 Boundary Check ---
IS Period RTH Bars: 14666. Start: 2023-12-20 18:04:00+00:00 | End: 2024-02-22 19:05:00+00:00
OOS Start Bar Index: 387582 | Time: 2024-02-22 19:06:00+00:00
ADF Test Result: p-value=0.9885 (Required < 0.10) | OLS Beta: 0.3806
Filter ON: Spread not stationary (p-value too high). Skipping optimization and OOS test.

--- Window 65 Boundary Check ---
IS Period RTH Bars: 14666. Start: 2024-01-17 20:01:00+00:00 | End: 2024-03-18 13:44:00+00:00
OOS Start Bar Index: 393432 | Time: 2024-03-18 13:45:00+00:00
ADF Test Result: p-value=0.7769 (Required < 0.10) | OLS Beta: -0.6043
Filter ON: Spread not stationary (p-value too high). Skipping optimization and OOS test.

--- Window 66 Boundary Check ---
IS Period RTH Bars: 14666. Start: 2024-02-09 17:55:00+00:00 | End: 2024-04-11 13:52:00+00:00
OOS Start Bar Index: 399282 | Time: 2024-04-11 13:53:00+00:00
ADF Test Result: p-value=0.0568 (Required < 0.10) | OLS Beta: 2.4409
Filter OFF: Spread is stationary. Proceeding with optimization.
IS Optimization Time: 0.05 seconds.
Optimal Params (Sharpe=0.1416, Calmar=0.3564): Z_E=2.3, Z_X=0.3, Z_SL=3.6
📊 Persistence: Saved 4968 PnL points to wfa_outputs\oos_equity_curve_ADBE_INTU_1m_20251107_192054_0.1.csv
OOS Period (2024-04-11 13:53:00+00:00 to 2024-05-03 17:31:00+00:00): PnL: $0.00 | Sharpe: 0.0000 | Calmar: 0.0000 | Trades: 0

--- Window 67 Boundary Check ---
IS Period RTH Bars: 14666. Start: 2024-03-05 18:36:00+00:00 | End: 2024-05-03 17:31:00+00:00
OOS Start Bar Index: 405132 | Time: 2024-05-03 17:32:00+00:00
ADF Test Result: p-value=0.0313 (Required < 0.10) | OLS Beta: 2.1417
Filter OFF: Spread is stationary. Proceeding with optimization.
IS Optimization Time: 0.05 seconds.
Optimal Params (Sharpe=3.2222, Calmar=37.0640): Z_E=2.5, Z_X=0.3, Z_SL=4.5
📊 Persistence: Saved 4969 PnL points to wfa_outputs\oos_equity_curve_ADBE_INTU_1m_20251107_192054_0.1.csv
OOS Period (2024-05-03 17:32:00+00:00 to 2024-05-29 19:06:00+00:00): PnL: $353.69 | Sharpe: 4.0991 | Calmar: 0.0000 | Trades: 1

--- Window 68 Boundary Check ---
IS Period RTH Bars: 14666. Start: 2024-03-28 16:45:00+00:00 | End: 2024-05-29 19:06:00+00:00
OOS Start Bar Index: 410982 | Time: 2024-05-29 19:07:00+00:00
ADF Test Result: p-value=0.0887 (Required < 0.10) | OLS Beta: 0.2729
Filter OFF: Spread is stationary. Proceeding with optimization.
IS Optimization Time: 0.06 seconds.
Optimal Params (Sharpe=4.3984, Calmar=12.7302): Z_E=2.3, Z_X=1.3, Z_SL=3.3
📊 Persistence: Saved 6099 PnL points to wfa_outputs\oos_equity_curve_ADBE_INTU_1m_20251107_192054_0.1.csv
OOS Period (2024-05-29 19:07:00+00:00 to 2024-06-21 18:16:00+00:00): PnL: $1,458.08 | Sharpe: 4.4501 | Calmar: 198.5630 | Trades: 1130

--- Window 69 Boundary Check ---
IS Period RTH Bars: 14666. Start: 2024-04-23 14:12:00+00:00 | End: 2024-06-21 18:16:00+00:00
OOS Start Bar Index: 416832 | Time: 2024-06-21 18:17:00+00:00
ADF Test Result: p-value=0.6270 (Required < 0.10) | OLS Beta: 0.4040
Filter ON: Spread not stationary (p-value too high). Skipping optimization and OOS test.

--- Window 70 Boundary Check ---
IS Period RTH Bars: 14666. Start: 2024-05-16 15:53:00+00:00 | End: 2024-07-17 17:45:00+00:00
OOS Start Bar Index: 422682 | Time: 2024-07-17 17:46:00+00:00
ADF Test Result: p-value=0.3111 (Required < 0.10) | OLS Beta: 1.0729
Filter ON: Spread not stationary (p-value too high). Skipping optimization and OOS test.

--- Window 71 Boundary Check ---
IS Period RTH Bars: 14666. Start: 2024-06-10 17:36:00+00:00 | End: 2024-08-09 17:15:00+00:00
OOS Start Bar Index: 428532 | Time: 2024-08-09 17:16:00+00:00
ADF Test Result: p-value=0.0056 (Required < 0.10) | OLS Beta: 1.3524
Filter OFF: Spread is stationary. Proceeding with optimization.
IS Optimization Time: 0.05 seconds.
Optimal Params (Sharpe=4.7327, Calmar=129.9378): Z_E=2.1, Z_X=0.7, Z_SL=4.5
📊 Persistence: Saved 6100 PnL points to wfa_outputs\oos_equity_curve_ADBE_INTU_1m_20251107_192054_0.1.csv
OOS Period (2024-08-09 17:16:00+00:00 to 2024-09-05 14:42:00+00:00): PnL: $-118.61 | Sharpe: -4.0991 | Calmar: -12.6052 | Trades: 1

--- Window 72 Boundary Check ---
IS Period RTH Bars: 14666. Start: 2024-07-05 14:11:00+00:00 | End: 2024-09-05 14:42:00+00:00
OOS Start Bar Index: 434382 | Time: 2024-09-05 14:43:00+00:00
ADF Test Result: p-value=0.7042 (Required < 0.10) | OLS Beta: 0.5860
Filter ON: Spread not stationary (p-value too high). Skipping optimization and OOS test.

--- Window 73 Boundary Check ---
IS Period RTH Bars: 14666. Start: 2024-07-30 13:54:00+00:00 | End: 2024-09-30 14:47:00+00:00
OOS Start Bar Index: 440232 | Time: 2024-09-30 14:48:00+00:00
ADF Test Result: p-value=0.5183 (Required < 0.10) | OLS Beta: 0.1137
Filter ON: Spread not stationary (p-value too high). Skipping optimization and OOS test.

--- Window 74 Boundary Check ---
IS Period RTH Bars: 14666. Start: 2024-08-22 17:27:00+00:00 | End: 2024-10-22 19:42:00+00:00
OOS Start Bar Index: 446082 | Time: 2024-10-22 19:43:00+00:00
ADF Test Result: p-value=0.7213 (Required < 0.10) | OLS Beta: 0.8037
Filter ON: Spread not stationary (p-value too high). Skipping optimization and OOS test.

--- Window 75 Boundary Check ---
IS Period RTH Bars: 14666. Start: 2024-09-17 17:50:00+00:00 | End: 2024-11-14 14:36:00+00:00
OOS Start Bar Index: 451932 | Time: 2024-11-14 14:37:00+00:00
ADF Test Result: p-value=0.3912 (Required < 0.10) | OLS Beta: 0.3501
Filter ON: Spread not stationary (p-value too high). Skipping optimization and OOS test.

--- Window 76 Boundary Check ---
IS Period RTH Bars: 14666. Start: 2024-10-10 16:04:00+00:00 | End: 2024-12-09 16:58:00+00:00
OOS Start Bar Index: 457782 | Time: 2024-12-09 16:59:00+00:00
ADF Test Result: p-value=0.8708 (Required < 0.10) | OLS Beta: 0.3953
Filter ON: Spread not stationary (p-value too high). Skipping optimization and OOS test.

############################################################
📈 OVERALL SIMULATION PERFORMANCE (Walk-Forward Test)
############################################################
Timeframe Used: 1Min, Value: 1
ADF Cointegration Filter Threshold: 0.1
Total OOS Windows Tested: 76
Total Trades Executed: 6100
--- Final Performance Metrics ---
Total PnL: $2,048.36
Overall Sharpe Ratio (Annualized): 0.2537
Overall Calmar Ratio (Annualized): 0.0845
Maximum Dollar Drawdown (MDD): $962.86

--- Execution Time ---
Total Elapsed Time: 94.51 seconds
############################################################
[0m