--- Dynamic Timeframe Configuration ---
TimeFrame Selected: 1Min, Value: 1
Bars per Trading Day: 390
Annualization Factor (Bars/Year): 98280
Statistical Lookback Bars: 2184
Optimization Lookback Bars: 19032
---------------------------------------
--- Diagnostic Check ---
API Key ID Length: 26
API Secret Key Length: 44
StockHistoricalDataClient initialized successfully. Starting data fetch...
--------------------------
Pre-compiling Numba function for first run optimization...
Numba pre-compilation complete.
Fetching data from 2020-01-15 to 2025-01-13...
Fetching 1Min data for SPGI...
Fetching 1Min data for MSCI...
Data acquired successfully. Total 1Min RTH bars: 322736
Skipping full pre-calculation. Metrics will be calculated inside the WFA loop.

============================================================
📈 Starting Rolling Backtest: IS Optimization Window=19032 bars, Shift=15 days
   Data already processed with Statistical Rolling Window: 2184 bars
   ADF Cointegration Filter: p-value < 0.05
============================================================

--- Window 1 Boundary Check ---
IS Period RTH Bars: 14666. Start: 2020-02-05 18:27:00+00:00 | End: 2020-04-06 17:44:00+00:00
OOS Start Bar Index: 19032 | Time: 2020-04-06 17:45:00+00:00
ADF Test Result: p-value=0.0312 (Required < 0.05) | OLS Beta: 1.3460
Filter OFF: Spread is stationary. Proceeding with optimization.
IS Optimization Time: 0.13 seconds.
Optimal Params (Sharpe=4.8817, Calmar=0.0000): Z_E=3.3, Z_X=1.1, Z_SL=4.8
📊 Persistence: Saved 0 PnL points to wfa_outputs\oos_equity_curve_SPGI_MSCI_1m_20251108_105258_0.05.csv
OOS Period (2020-04-06 17:45:00+00:00 to 2020-05-01 19:08:00+00:00): PnL: $0.00 | Sharpe: 0.0000 | Calmar: 0.0000 | Trades: 0

--- Window 2 Boundary Check ---
IS Period RTH Bars: 14666. Start: 2020-03-03 16:45:00+00:00 | End: 2020-05-01 19:08:00+00:00
OOS Start Bar Index: 24882 | Time: 2020-05-01 19:09:00+00:00
ADF Test Result: p-value=0.0044 (Required < 0.05) | OLS Beta: 1.0795
Filter OFF: Spread is stationary. Proceeding with optimization.
IS Optimization Time: 0.12 seconds.
Optimal Params (Sharpe=5.4528, Calmar=19.8685): Z_E=1.9, Z_X=1.5, Z_SL=3.9
📊 Persistence: Saved 2 PnL points to wfa_outputs\oos_equity_curve_SPGI_MSCI_1m_20251108_105258_0.05.csv
OOS Period (2020-05-01 19:09:00+00:00 to 2020-05-29 16:56:00+00:00): PnL: $-196.28 | Sharpe: -3.1303 | Calmar: -9.0951 | Trades: 2

--- Window 3 Boundary Check ---
IS Period RTH Bars: 14666. Start: 2020-03-25 15:04:00+00:00 | End: 2020-05-29 16:56:00+00:00
OOS Start Bar Index: 30732 | Time: 2020-05-29 16:57:00+00:00
ADF Test Result: p-value=0.3125 (Required < 0.05) | OLS Beta: 1.2013
Filter ON: Spread not stationary (p-value too high). Skipping optimization and OOS test.

--- Window 4 Boundary Check ---
IS Period RTH Bars: 14666. Start: 2020-04-20 15:18:00+00:00 | End: 2020-06-24 16:00:00+00:00
OOS Start Bar Index: 36582 | Time: 2020-06-24 16:02:00+00:00
ADF Test Result: p-value=0.4453 (Required < 0.05) | OLS Beta: 0.1927
Filter ON: Spread not stationary (p-value too high). Skipping optimization and OOS test.

--- Window 5 Boundary Check ---
IS Period RTH Bars: 14666. Start: 2020-05-14 18:55:00+00:00 | End: 2020-07-23 17:28:00+00:00
OOS Start Bar Index: 42432 | Time: 2020-07-23 17:29:00+00:00
ADF Test Result: p-value=0.0055 (Required < 0.05) | OLS Beta: 0.5450
Filter OFF: Spread is stationary. Proceeding with optimization.
IS Optimization Time: 0.13 seconds.
Optimal Params (Sharpe=2.5110, Calmar=11.1653): Z_E=2.1, Z_X=0.3, Z_SL=4.5
📊 Persistence: Saved 2 PnL points to wfa_outputs\oos_equity_curve_SPGI_MSCI_1m_20251108_105258_0.05.csv
OOS Period (2020-07-23 17:29:00+00:00 to 2020-08-21 15:10:00+00:00): PnL: $0.00 | Sharpe: 0.0000 | Calmar: 0.0000 | Trades: 0

--- Window 6 Boundary Check ---
IS Period RTH Bars: 14666. Start: 2020-06-10 18:29:00+00:00 | End: 2020-08-21 15:10:00+00:00
OOS Start Bar Index: 48282 | Time: 2020-08-21 15:11:00+00:00
ADF Test Result: p-value=0.3984 (Required < 0.05) | OLS Beta: 0.6047
Filter ON: Spread not stationary (p-value too high). Skipping optimization and OOS test.

--- Window 7 Boundary Check ---
IS Period RTH Bars: 14666. Start: 2020-07-08 18:29:00+00:00 | End: 2020-09-21 16:58:00+00:00
OOS Start Bar Index: 54132 | Time: 2020-09-21 17:00:00+00:00
ADF Test Result: p-value=0.1148 (Required < 0.05) | OLS Beta: 0.1535
Filter ON: Spread not stationary (p-value too high). Skipping optimization and OOS test.

--- Window 8 Boundary Check ---
IS Period RTH Bars: 14666. Start: 2020-08-06 15:06:00+00:00 | End: 2020-10-22 14:36:00+00:00
OOS Start Bar Index: 59982 | Time: 2020-10-22 14:37:00+00:00
ADF Test Result: p-value=0.4365 (Required < 0.05) | OLS Beta: 0.3925
Filter ON: Spread not stationary (p-value too high). Skipping optimization and OOS test.

--- Window 9 Boundary Check ---
IS Period RTH Bars: 14666. Start: 2020-09-08 15:50:00+00:00 | End: 2020-11-17 19:36:00+00:00
OOS Start Bar Index: 65832 | Time: 2020-11-17 19:37:00+00:00
ADF Test Result: p-value=0.2870 (Required < 0.05) | OLS Beta: 0.0248
Filter ON: Spread not stationary (p-value too high). Skipping optimization and OOS test.

--- Window 10 Boundary Check ---
IS Period RTH Bars: 14666. Start: 2020-10-06 17:04:00+00:00 | End: 2020-12-21 18:21:00+00:00
OOS Start Bar Index: 71682 | Time: 2020-12-21 18:23:00+00:00
ADF Test Result: p-value=0.1892 (Required < 0.05) | OLS Beta: -0.1111
Filter ON: Spread not stationary (p-value too high). Skipping optimization and OOS test.

--- Window 11 Boundary Check ---
IS Period RTH Bars: 14666. Start: 2020-11-04 16:33:00+00:00 | End: 2021-01-26 15:27:00+00:00
OOS Start Bar Index: 77532 | Time: 2021-01-26 15:28:00+00:00
ADF Test Result: p-value=0.2509 (Required < 0.05) | OLS Beta: -0.4284
Filter ON: Spread not stationary (p-value too high). Skipping optimization and OOS test.

--- Window 12 Boundary Check ---
IS Period RTH Bars: 14666. Start: 2020-12-04 16:18:00+00:00 | End: 2021-02-23 14:36:00+00:00
OOS Start Bar Index: 83382 | Time: 2021-02-23 14:37:00+00:00
ADF Test Result: p-value=0.2426 (Required < 0.05) | OLS Beta: 0.2930
Filter ON: Spread not stationary (p-value too high). Skipping optimization and OOS test.

--- Window 13 Boundary Check ---
IS Period RTH Bars: 14666. Start: 2021-01-11 19:38:00+00:00 | End: 2021-03-22 16:38:00+00:00
OOS Start Bar Index: 89232 | Time: 2021-03-22 16:41:00+00:00
ADF Test Result: p-value=0.6212 (Required < 0.05) | OLS Beta: 0.2144
Filter ON: Spread not stationary (p-value too high). Skipping optimization and OOS test.

--- Window 14 Boundary Check ---
IS Period RTH Bars: 14666. Start: 2021-02-05 18:57:00+00:00 | End: 2021-04-27 16:21:00+00:00
OOS Start Bar Index: 95082 | Time: 2021-04-27 16:22:00+00:00
ADF Test Result: p-value=0.0757 (Required < 0.05) | OLS Beta: 0.7985
Filter ON: Spread not stationary (p-value too high). Skipping optimization and OOS test.

--- Window 15 Boundary Check ---
IS Period RTH Bars: 14666. Start: 2021-03-05 20:40:00+00:00 | End: 2021-06-01 18:31:00+00:00
OOS Start Bar Index: 100932 | Time: 2021-06-01 18:32:00+00:00
ADF Test Result: p-value=0.0000 (Required < 0.05) | OLS Beta: 0.7046
Filter OFF: Spread is stationary. Proceeding with optimization.
IS Optimization Time: 0.13 seconds.
Optimal Params (Sharpe=-0.2215, Calmar=-0.5627): Z_E=2.5, Z_X=0.3, Z_SL=3.6
📊 Persistence: Saved 5 PnL points to wfa_outputs\oos_equity_curve_SPGI_MSCI_1m_20251108_105258_0.05.csv
OOS Period (2021-06-01 18:32:00+00:00 to 2021-07-06 18:25:00+00:00): PnL: $287.86 | Sharpe: 6.6596 | Calmar: 0.0000 | Trades: 3

--- Window 16 Boundary Check ---
IS Period RTH Bars: 14666. Start: 2021-04-07 19:59:00+00:00 | End: 2021-07-06 18:25:00+00:00
OOS Start Bar Index: 106782 | Time: 2021-07-06 18:26:00+00:00
ADF Test Result: p-value=0.0056 (Required < 0.05) | OLS Beta: 0.5923
Filter OFF: Spread is stationary. Proceeding with optimization.
IS Optimization Time: 0.14 seconds.
Optimal Params (Sharpe=0.5710, Calmar=0.9585): Z_E=2.7, Z_X=0.3, Z_SL=3.6
📊 Persistence: Saved 636 PnL points to wfa_outputs\oos_equity_curve_SPGI_MSCI_1m_20251108_105258_0.05.csv
OOS Period (2021-07-06 18:26:00+00:00 to 2021-08-11 17:37:00+00:00): PnL: $-77.55 | Sharpe: -1.7102 | Calmar: -4.2473 | Trades: 631

--- Window 17 Boundary Check ---
IS Period RTH Bars: 14666. Start: 2021-05-13 16:27:00+00:00 | End: 2021-08-11 17:37:00+00:00
OOS Start Bar Index: 112632 | Time: 2021-08-11 17:44:00+00:00
ADF Test Result: p-value=0.0214 (Required < 0.05) | OLS Beta: 0.4661
Filter OFF: Spread is stationary. Proceeding with optimization.
IS Optimization Time: 0.13 seconds.
Optimal Params (Sharpe=7.2737, Calmar=0.0000): Z_E=2.7, Z_X=1.1, Z_SL=3.6
📊 Persistence: Saved 636 PnL points to wfa_outputs\oos_equity_curve_SPGI_MSCI_1m_20251108_105258_0.05.csv
OOS Period (2021-08-11 17:44:00+00:00 to 2021-09-22 18:42:00+00:00): PnL: $0.00 | Sharpe: 0.0000 | Calmar: 0.0000 | Trades: 0

--- Window 18 Boundary Check ---
IS Period RTH Bars: 14666. Start: 2021-06-18 15:28:00+00:00 | End: 2021-09-22 18:42:00+00:00
OOS Start Bar Index: 118482 | Time: 2021-09-22 18:45:00+00:00
ADF Test Result: p-value=0.0130 (Required < 0.05) | OLS Beta: 0.4912
Filter OFF: Spread is stationary. Proceeding with optimization.
IS Optimization Time: 0.12 seconds.
Optimal Params (Sharpe=9.6246, Calmar=68.9895): Z_E=1.9, Z_X=1.3, Z_SL=3.3
📊 Persistence: Saved 1150 PnL points to wfa_outputs\oos_equity_curve_SPGI_MSCI_1m_20251108_105258_0.05.csv
OOS Period (2021-09-22 18:45:00+00:00 to 2021-11-03 14:52:00+00:00): PnL: $258.42 | Sharpe: 5.2168 | Calmar: 20.9171 | Trades: 514

--- Window 19 Boundary Check ---
IS Period RTH Bars: 14666. Start: 2021-07-26 15:57:00+00:00 | End: 2021-11-03 14:52:00+00:00
OOS Start Bar Index: 124332 | Time: 2021-11-03 14:53:00+00:00
ADF Test Result: p-value=0.0168 (Required < 0.05) | OLS Beta: 0.8035
Filter OFF: Spread is stationary. Proceeding with optimization.
IS Optimization Time: 0.12 seconds.
Optimal Params (Sharpe=8.3776, Calmar=19.9934): Z_E=1.9, Z_X=1.3, Z_SL=3.9
📊 Persistence: Saved 1918 PnL points to wfa_outputs\oos_equity_curve_SPGI_MSCI_1m_20251108_105258_0.05.csv
OOS Period (2021-11-03 14:53:00+00:00 to 2021-12-14 16:35:00+00:00): PnL: $-314.79 | Sharpe: -5.5727 | Calmar: -6.2678 | Trades: 768

--- Window 20 Boundary Check ---
IS Period RTH Bars: 14666. Start: 2021-09-01 14:27:00+00:00 | End: 2021-12-14 16:35:00+00:00
OOS Start Bar Index: 130182 | Time: 2021-12-14 16:36:00+00:00
ADF Test Result: p-value=0.9440 (Required < 0.05) | OLS Beta: 0.6543
Filter ON: Spread not stationary (p-value too high). Skipping optimization and OOS test.

--- Window 21 Boundary Check ---
IS Period RTH Bars: 14666. Start: 2021-10-11 17:46:00+00:00 | End: 2022-01-19 15:20:00+00:00
OOS Start Bar Index: 136032 | Time: 2022-01-19 15:21:00+00:00
ADF Test Result: p-value=0.0792 (Required < 0.05) | OLS Beta: 0.2722
Filter ON: Spread not stationary (p-value too high). Skipping optimization and OOS test.

--- Window 22 Boundary Check ---
IS Period RTH Bars: 14666. Start: 2021-11-24 14:30:00+00:00 | End: 2022-02-14 20:46:00+00:00
OOS Start Bar Index: 141882 | Time: 2022-02-14 20:47:00+00:00
ADF Test Result: p-value=0.9824 (Required < 0.05) | OLS Beta: 0.6853
Filter ON: Spread not stationary (p-value too high). Skipping optimization and OOS test.

--- Window 23 Boundary Check ---
IS Period RTH Bars: 14666. Start: 2022-01-05 14:30:00+00:00 | End: 2022-03-15 17:22:00+00:00
OOS Start Bar Index: 147732 | Time: 2022-03-15 17:23:00+00:00
ADF Test Result: p-value=0.5904 (Required < 0.05) | OLS Beta: 0.5907
Filter ON: Spread not stationary (p-value too high). Skipping optimization and OOS test.

--- Window 24 Boundary Check ---
IS Period RTH Bars: 14666. Start: 2022-02-01 16:01:00+00:00 | End: 2022-04-11 16:22:00+00:00
OOS Start Bar Index: 153582 | Time: 2022-04-11 16:23:00+00:00
ADF Test Result: p-value=0.4393 (Required < 0.05) | OLS Beta: 0.2239
Filter ON: Spread not stationary (p-value too high). Skipping optimization and OOS test.

--- Window 25 Boundary Check ---
IS Period RTH Bars: 14666. Start: 2022-03-01 17:33:00+00:00 | End: 2022-05-06 17:05:00+00:00
OOS Start Bar Index: 159432 | Time: 2022-05-06 17:06:00+00:00
ADF Test Result: p-value=0.0396 (Required < 0.05) | OLS Beta: 0.6183
Filter OFF: Spread is stationary. Proceeding with optimization.
IS Optimization Time: 0.13 seconds.
Optimal Params (Sharpe=0.1771, Calmar=0.3309): Z_E=3.1, Z_X=1.1, Z_SL=3.3
📊 Persistence: Saved 2483 PnL points to wfa_outputs\oos_equity_curve_SPGI_MSCI_1m_20251108_105258_0.05.csv
OOS Period (2022-05-06 17:06:00+00:00 to 2022-06-02 14:05:00+00:00): PnL: $151.25 | Sharpe: 1.6351 | Calmar: 9.6963 | Trades: 565

--- Window 26 Boundary Check ---
IS Period RTH Bars: 14666. Start: 2022-03-29 16:27:00+00:00 | End: 2022-06-02 14:05:00+00:00
OOS Start Bar Index: 165282 | Time: 2022-06-02 14:06:00+00:00
ADF Test Result: p-value=0.6938 (Required < 0.05) | OLS Beta: 0.8126
Filter ON: Spread not stationary (p-value too high). Skipping optimization and OOS test.

--- Window 27 Boundary Check ---
IS Period RTH Bars: 14666. Start: 2022-04-25 19:30:00+00:00 | End: 2022-07-01 17:07:00+00:00
OOS Start Bar Index: 171132 | Time: 2022-07-01 17:08:00+00:00
ADF Test Result: p-value=0.4907 (Required < 0.05) | OLS Beta: 0.7260
Filter ON: Spread not stationary (p-value too high). Skipping optimization and OOS test.

--- Window 28 Boundary Check ---
IS Period RTH Bars: 14666. Start: 2022-05-18 19:31:00+00:00 | End: 2022-08-02 14:15:00+00:00
OOS Start Bar Index: 176982 | Time: 2022-08-02 14:18:00+00:00
ADF Test Result: p-value=0.2283 (Required < 0.05) | OLS Beta: 0.7294
Filter ON: Spread not stationary (p-value too high). Skipping optimization and OOS test.

--- Window 29 Boundary Check ---
IS Period RTH Bars: 14666. Start: 2022-06-16 17:53:00+00:00 | End: 2022-09-08 15:45:00+00:00
OOS Start Bar Index: 182832 | Time: 2022-09-08 15:48:00+00:00
ADF Test Result: p-value=0.1701 (Required < 0.05) | OLS Beta: 0.6711
Filter ON: Spread not stationary (p-value too high). Skipping optimization and OOS test.

--- Window 30 Boundary Check ---
IS Period RTH Bars: 14666. Start: 2022-07-19 15:43:00+00:00 | End: 2022-10-06 13:53:00+00:00
OOS Start Bar Index: 188682 | Time: 2022-10-06 13:54:00+00:00
ADF Test Result: p-value=0.3581 (Required < 0.05) | OLS Beta: 1.0176
Filter ON: Spread not stationary (p-value too high). Skipping optimization and OOS test.

--- Window 31 Boundary Check ---
IS Period RTH Bars: 14666. Start: 2022-08-18 18:51:00+00:00 | End: 2022-11-03 17:33:00+00:00
OOS Start Bar Index: 194532 | Time: 2022-11-03 17:34:00+00:00
ADF Test Result: p-value=0.8854 (Required < 0.05) | OLS Beta: 1.0898
Filter ON: Spread not stationary (p-value too high). Skipping optimization and OOS test.

--- Window 32 Boundary Check ---
IS Period RTH Bars: 14666. Start: 2022-09-23 14:00:00+00:00 | End: 2022-12-09 14:45:00+00:00
OOS Start Bar Index: 200382 | Time: 2022-12-09 14:46:00+00:00
ADF Test Result: p-value=0.0539 (Required < 0.05) | OLS Beta: 0.7207
Filter ON: Spread not stationary (p-value too high). Skipping optimization and OOS test.

--- Window 33 Boundary Check ---
IS Period RTH Bars: 14666. Start: 2022-10-20 16:31:00+00:00 | End: 2023-01-17 15:53:00+00:00
OOS Start Bar Index: 206232 | Time: 2023-01-17 15:54:00+00:00
ADF Test Result: p-value=0.2646 (Required < 0.05) | OLS Beta: 0.8467
Filter ON: Spread not stationary (p-value too high). Skipping optimization and OOS test.

--- Window 34 Boundary Check ---
IS Period RTH Bars: 14666. Start: 2022-11-18 18:36:00+00:00 | End: 2023-02-17 16:32:00+00:00
OOS Start Bar Index: 212082 | Time: 2023-02-17 16:33:00+00:00
ADF Test Result: p-value=0.3470 (Required < 0.05) | OLS Beta: 0.5364
Filter ON: Spread not stationary (p-value too high). Skipping optimization and OOS test.

--- Window 35 Boundary Check ---
IS Period RTH Bars: 14666. Start: 2022-12-23 20:24:00+00:00 | End: 2023-03-22 17:41:00+00:00
OOS Start Bar Index: 217932 | Time: 2023-03-22 17:45:00+00:00
ADF Test Result: p-value=0.7505 (Required < 0.05) | OLS Beta: 0.2481
Filter ON: Spread not stationary (p-value too high). Skipping optimization and OOS test.

--- Window 36 Boundary Check ---
IS Period RTH Bars: 14666. Start: 2023-02-01 19:54:00+00:00 | End: 2023-04-26 19:57:00+00:00
OOS Start Bar Index: 223782 | Time: 2023-04-26 19:58:00+00:00
ADF Test Result: p-value=0.3668 (Required < 0.05) | OLS Beta: 0.4124
Filter ON: Spread not stationary (p-value too high). Skipping optimization and OOS test.

--- Window 37 Boundary Check ---
IS Period RTH Bars: 14666. Start: 2023-03-08 16:39:00+00:00 | End: 2023-05-24 15:30:00+00:00
OOS Start Bar Index: 229632 | Time: 2023-05-24 15:31:00+00:00
ADF Test Result: p-value=0.0280 (Required < 0.05) | OLS Beta: -0.3108
Filter OFF: Spread is stationary. Proceeding with optimization.
IS Optimization Time: 0.13 seconds.
Optimal Params (Sharpe=2.8672, Calmar=6.1810): Z_E=1.9, Z_X=1.5, Z_SL=4.2
📊 Persistence: Saved 3141 PnL points to wfa_outputs\oos_equity_curve_SPGI_MSCI_1m_20251108_105258_0.05.csv
OOS Period (2023-05-24 15:31:00+00:00 to 2023-06-27 16:14:00+00:00): PnL: $-445.78 | Sharpe: -5.3787 | Calmar: -7.2529 | Trades: 658

--- Window 38 Boundary Check ---
IS Period RTH Bars: 14666. Start: 2023-04-10 18:17:00+00:00 | End: 2023-06-27 16:14:00+00:00
OOS Start Bar Index: 235482 | Time: 2023-06-27 16:15:00+00:00
ADF Test Result: p-value=0.6003 (Required < 0.05) | OLS Beta: -0.2842
Filter ON: Spread not stationary (p-value too high). Skipping optimization and OOS test.

--- Window 39 Boundary Check ---
IS Period RTH Bars: 14666. Start: 2023-05-09 18:01:00+00:00 | End: 2023-07-27 14:14:00+00:00
OOS Start Bar Index: 241332 | Time: 2023-07-27 14:15:00+00:00
ADF Test Result: p-value=0.8883 (Required < 0.05) | OLS Beta: 1.0261
Filter ON: Spread not stationary (p-value too high). Skipping optimization and OOS test.

--- Window 40 Boundary Check ---
IS Period RTH Bars: 14666. Start: 2023-06-09 17:24:00+00:00 | End: 2023-09-01 14:03:00+00:00
OOS Start Bar Index: 247182 | Time: 2023-09-01 14:04:00+00:00
ADF Test Result: p-value=0.4801 (Required < 0.05) | OLS Beta: 0.0186
Filter ON: Spread not stationary (p-value too high). Skipping optimization and OOS test.

--- Window 41 Boundary Check ---
IS Period RTH Bars: 14666. Start: 2023-07-13 15:03:00+00:00 | End: 2023-10-11 19:59:00+00:00
OOS Start Bar Index: 253032 | Time: 2023-10-12 13:30:00+00:00
ADF Test Result: p-value=0.7364 (Required < 0.05) | OLS Beta: 0.1379
Filter ON: Spread not stationary (p-value too high). Skipping optimization and OOS test.

--- Window 42 Boundary Check ---
IS Period RTH Bars: 14666. Start: 2023-08-11 16:18:00+00:00 | End: 2023-11-15 20:04:00+00:00
OOS Start Bar Index: 258882 | Time: 2023-11-15 20:05:00+00:00
ADF Test Result: p-value=0.5836 (Required < 0.05) | OLS Beta: 0.8776
Filter ON: Spread not stationary (p-value too high). Skipping optimization and OOS test.

--- Window 43 Boundary Check ---
IS Period RTH Bars: 14666. Start: 2023-09-22 19:14:00+00:00 | End: 2024-01-03 15:34:00+00:00
OOS Start Bar Index: 264732 | Time: 2024-01-03 15:35:00+00:00
ADF Test Result: p-value=0.2660 (Required < 0.05) | OLS Beta: 1.5634
Filter ON: Spread not stationary (p-value too high). Skipping optimization and OOS test.

--- Window 44 Boundary Check ---
IS Period RTH Bars: 14666. Start: 2023-10-30 15:10:00+00:00 | End: 2024-02-05 19:11:00+00:00
OOS Start Bar Index: 270582 | Time: 2024-02-05 19:12:00+00:00
ADF Test Result: p-value=0.0226 (Required < 0.05) | OLS Beta: 1.0282
Filter OFF: Spread is stationary. Proceeding with optimization.
IS Optimization Time: 0.13 seconds.
Optimal Params (Sharpe=5.8985, Calmar=25.6216): Z_E=2.5, Z_X=1.3, Z_SL=4.8
📊 Persistence: Saved 3142 PnL points to wfa_outputs\oos_equity_curve_SPGI_MSCI_1m_20251108_105258_0.05.csv
OOS Period (2024-02-05 19:12:00+00:00 to 2024-03-13 19:20:00+00:00): PnL: $248.93 | Sharpe: 4.0991 | Calmar: 0.0000 | Trades: 1

--- Window 45 Boundary Check ---
IS Period RTH Bars: 14666. Start: 2023-12-11 19:52:00+00:00 | End: 2024-03-13 19:20:00+00:00
OOS Start Bar Index: 276432 | Time: 2024-03-13 19:23:00+00:00
ADF Test Result: p-value=0.1270 (Required < 0.05) | OLS Beta: 0.2718
Filter ON: Spread not stationary (p-value too high). Skipping optimization and OOS test.

--- Window 46 Boundary Check ---
IS Period RTH Bars: 14666. Start: 2024-01-22 17:35:00+00:00 | End: 2024-04-22 16:18:00+00:00
OOS Start Bar Index: 282282 | Time: 2024-04-22 16:19:00+00:00
ADF Test Result: p-value=0.0890 (Required < 0.05) | OLS Beta: 0.4809
Filter ON: Spread not stationary (p-value too high). Skipping optimization and OOS test.

--- Window 47 Boundary Check ---
IS Period RTH Bars: 14666. Start: 2024-02-22 18:39:00+00:00 | End: 2024-05-17 16:18:00+00:00
OOS Start Bar Index: 288132 | Time: 2024-05-17 16:19:00+00:00
ADF Test Result: p-value=0.4277 (Required < 0.05) | OLS Beta: 0.1095
Filter ON: Spread not stationary (p-value too high). Skipping optimization and OOS test.

--- Window 48 Boundary Check ---
IS Period RTH Bars: 14666. Start: 2024-04-04 16:40:00+00:00 | End: 2024-06-24 19:52:00+00:00
OOS Start Bar Index: 293982 | Time: 2024-06-24 19:53:00+00:00
ADF Test Result: p-value=0.7448 (Required < 0.05) | OLS Beta: 0.1232
Filter ON: Spread not stationary (p-value too high). Skipping optimization and OOS test.

--- Window 49 Boundary Check ---
IS Period RTH Bars: 14666. Start: 2024-05-03 14:47:00+00:00 | End: 2024-07-30 15:28:00+00:00
OOS Start Bar Index: 299832 | Time: 2024-07-30 15:30:00+00:00
ADF Test Result: p-value=0.2064 (Required < 0.05) | OLS Beta: 1.0656
Filter ON: Spread not stationary (p-value too high). Skipping optimization and OOS test.

--- Window 50 Boundary Check ---
IS Period RTH Bars: 14666. Start: 2024-06-05 13:59:00+00:00 | End: 2024-09-09 15:06:00+00:00
OOS Start Bar Index: 305682 | Time: 2024-09-09 15:07:00+00:00
ADF Test Result: p-value=0.1215 (Required < 0.05) | OLS Beta: 0.7738
Filter ON: Spread not stationary (p-value too high). Skipping optimization and OOS test.

--- Window 51 Boundary Check ---
IS Period RTH Bars: 14666. Start: 2024-07-12 19:57:00+00:00 | End: 2024-10-24 16:17:00+00:00
OOS Start Bar Index: 311532 | Time: 2024-10-24 16:18:00+00:00
ADF Test Result: p-value=0.2530 (Required < 0.05) | OLS Beta: 0.4604
Filter ON: Spread not stationary (p-value too high). Skipping optimization and OOS test.

--- Window 52 Boundary Check ---
IS Period RTH Bars: 14666. Start: 2024-08-15 15:59:00+00:00 | End: 2024-11-25 20:35:00+00:00
OOS Start Bar Index: 317382 | Time: 2024-11-25 20:36:00+00:00
ADF Test Result: p-value=0.3146 (Required < 0.05) | OLS Beta: 0.0249
Filter ON: Spread not stationary (p-value too high). Skipping optimization and OOS test.

############################################################
📈 OVERALL SIMULATION PERFORMANCE (Walk-Forward Test)
############################################################
Timeframe Used: 1Min, Value: 1
ADF Cointegration Filter Threshold: 0.05
Total OOS Windows Tested: 52
Total Trades Executed: 3142
--- Final Performance Metrics ---
Total PnL: $-87.94
Overall Sharpe Ratio (Annualized): -0.0266
Overall Calmar Ratio (Annualized): -0.0063
Maximum Dollar Drawdown (MDD): $699.00

--- Execution Time ---
Total Elapsed Time: 104.17 seconds
############################################################
[0m