--- Dynamic Timeframe Configuration ---
TimeFrame Selected: 1Min, Value: 15
Bars per Trading Day: 26
Annualization Factor (Bars/Year): 6552
Statistical Lookback Bars: 145
Optimization Lookback Bars: 1268
---------------------------------------
--- Diagnostic Check ---
API Key ID Length: 26
API Secret Key Length: 44
StockHistoricalDataClient initialized successfully. Starting data fetch...
--------------------------
Pre-compiling Numba function for first run optimization...
Numba pre-compilation complete.
Fetching data from 2020-01-01 to 2024-12-30...
Fetching 15Min data for SLV...
Fetching 15Min data for SIVR...
Data acquired successfully. Total 1Min RTH bars: 32532
Skipping full pre-calculation. Metrics will be calculated inside the WFA loop.

============================================================
📈 Starting Rolling Backtest: IS Optimization Window=1268 bars, Shift=15 days
   Data already processed with Statistical Rolling Window: 145 bars
   ADF Cointegration Filter: p-value < 0.1
============================================================

--- Window 1 Boundary Check ---
IS Period RTH Bars: 980. Start: 2020-01-17 18:00:00+00:00 | End: 2020-03-16 13:45:00+00:00
OOS Start Bar Index: 1268 | Time: 2020-03-16 14:00:00+00:00
ADF Test Result: p-value=0.0000 (Required < 0.10) | OLS Beta: 0.9995
Filter OFF: Spread is stationary. Proceeding with optimization.
IS Optimization Time: 0.03 seconds.
Optimal Params (Sharpe=2.0250, Calmar=5.2591): Z_E=2.1, Z_X=1.5, Z_SL=3.3
📊 Persistence: Saved 95 PnL points to wfa_outputs\oos_equity_curve_SLV_SIVR_15m_20251107_002538_0.1.csv
OOS Period (2020-03-16 14:00:00+00:00 to 2020-04-06 14:30:00+00:00): PnL: $60.29 | Sharpe: 1.7223 | Calmar: 8.3896 | Trades: 95

--- Window 2 Boundary Check ---
IS Period RTH Bars: 980. Start: 2020-02-11 15:30:00+00:00 | End: 2020-04-06 14:30:00+00:00
OOS Start Bar Index: 1658 | Time: 2020-04-06 14:45:00+00:00
ADF Test Result: p-value=0.0000 (Required < 0.10) | OLS Beta: 1.0012
Filter OFF: Spread is stationary. Proceeding with optimization.
IS Optimization Time: 0.03 seconds.
Optimal Params (Sharpe=1.2602, Calmar=3.4994): Z_E=2.1, Z_X=0.3, Z_SL=4.2
📊 Persistence: Saved 112 PnL points to wfa_outputs\oos_equity_curve_SLV_SIVR_15m_20251107_002538_0.1.csv
OOS Period (2020-04-06 14:45:00+00:00 to 2020-04-28 15:00:00+00:00): PnL: $-35.55 | Sharpe: -3.6704 | Calmar: -11.6490 | Trades: 17

--- Window 3 Boundary Check ---
IS Period RTH Bars: 980. Start: 2020-03-04 16:45:00+00:00 | End: 2020-04-28 15:00:00+00:00
OOS Start Bar Index: 2048 | Time: 2020-04-28 15:15:00+00:00
ADF Test Result: p-value=0.0000 (Required < 0.10) | OLS Beta: 1.0009
Filter OFF: Spread is stationary. Proceeding with optimization.
IS Optimization Time: 0.03 seconds.
Optimal Params (Sharpe=1.6756, Calmar=9.3756): Z_E=3.3, Z_X=0.3, Z_SL=4.2
📊 Persistence: Saved 112 PnL points to wfa_outputs\oos_equity_curve_SLV_SIVR_15m_20251107_002538_0.1.csv
OOS Period (2020-04-28 15:15:00+00:00 to 2020-05-19 15:00:00+00:00): PnL: $0.00 | Sharpe: 0.0000 | Calmar: 0.0000 | Trades: 0

--- Window 4 Boundary Check ---
IS Period RTH Bars: 980. Start: 2020-03-25 16:00:00+00:00 | End: 2020-05-19 15:00:00+00:00
OOS Start Bar Index: 2438 | Time: 2020-05-19 15:15:00+00:00
ADF Test Result: p-value=0.0000 (Required < 0.10) | OLS Beta: 0.9948
Filter OFF: Spread is stationary. Proceeding with optimization.
IS Optimization Time: 0.03 seconds.
Optimal Params (Sharpe=3.5356, Calmar=0.0000): Z_E=3.3, Z_X=0.7, Z_SL=3.6
📊 Persistence: Saved 114 PnL points to wfa_outputs\oos_equity_curve_SLV_SIVR_15m_20251107_002538_0.1.csv
OOS Period (2020-05-19 15:15:00+00:00 to 2020-06-10 15:00:00+00:00): PnL: $17.39 | Sharpe: 5.2700 | Calmar: 0.0000 | Trades: 2

--- Window 5 Boundary Check ---
IS Period RTH Bars: 980. Start: 2020-04-16 16:45:00+00:00 | End: 2020-06-10 15:00:00+00:00
OOS Start Bar Index: 2828 | Time: 2020-06-10 15:15:00+00:00
ADF Test Result: p-value=0.0000 (Required < 0.10) | OLS Beta: 1.0007
Filter OFF: Spread is stationary. Proceeding with optimization.
IS Optimization Time: 0.03 seconds.
Optimal Params (Sharpe=5.3373, Calmar=0.0000): Z_E=3.3, Z_X=1.5, Z_SL=3.6
📊 Persistence: Saved 117 PnL points to wfa_outputs\oos_equity_curve_SLV_SIVR_15m_20251107_002538_0.1.csv
OOS Period (2020-06-10 15:15:00+00:00 to 2020-07-01 15:45:00+00:00): PnL: $3.34 | Sharpe: 2.2085 | Calmar: 22.5768 | Trades: 3

--- Window 6 Boundary Check ---
IS Period RTH Bars: 980. Start: 2020-05-07 17:15:00+00:00 | End: 2020-07-01 15:45:00+00:00
OOS Start Bar Index: 3218 | Time: 2020-07-01 16:00:00+00:00
ADF Test Result: p-value=0.0000 (Required < 0.10) | OLS Beta: 0.9994
Filter OFF: Spread is stationary. Proceeding with optimization.
IS Optimization Time: 0.03 seconds.
Optimal Params (Sharpe=5.8754, Calmar=257.0838): Z_E=3.1, Z_X=0.5, Z_SL=3.3
📊 Persistence: Saved 118 PnL points to wfa_outputs\oos_equity_curve_SLV_SIVR_15m_20251107_002538_0.1.csv
OOS Period (2020-07-01 16:00:00+00:00 to 2020-07-23 15:45:00+00:00): PnL: $-2.68 | Sharpe: -4.1040 | Calmar: -16.5641 | Trades: 1

--- Window 7 Boundary Check ---
IS Period RTH Bars: 980. Start: 2020-05-29 17:15:00+00:00 | End: 2020-07-23 15:45:00+00:00
OOS Start Bar Index: 3608 | Time: 2020-07-23 16:00:00+00:00
ADF Test Result: p-value=0.0000 (Required < 0.10) | OLS Beta: 0.9978
Filter OFF: Spread is stationary. Proceeding with optimization.
IS Optimization Time: 0.03 seconds.
Optimal Params (Sharpe=4.1140, Calmar=91.0652): Z_E=3.1, Z_X=1.3, Z_SL=3.3
📊 Persistence: Saved 118 PnL points to wfa_outputs\oos_equity_curve_SLV_SIVR_15m_20251107_002538_0.1.csv
OOS Period (2020-07-23 16:00:00+00:00 to 2020-08-13 15:45:00+00:00): PnL: $0.00 | Sharpe: 0.0000 | Calmar: 0.0000 | Trades: 0

--- Window 8 Boundary Check ---
IS Period RTH Bars: 980. Start: 2020-06-19 17:45:00+00:00 | End: 2020-08-13 15:45:00+00:00
OOS Start Bar Index: 3998 | Time: 2020-08-13 16:00:00+00:00
ADF Test Result: p-value=0.0000 (Required < 0.10) | OLS Beta: 1.0000
Filter OFF: Spread is stationary. Proceeding with optimization.
IS Optimization Time: 0.03 seconds.
Optimal Params (Sharpe=1.9650, Calmar=16.3141): Z_E=3.3, Z_X=0.7, Z_SL=3.6
📊 Persistence: Saved 118 PnL points to wfa_outputs\oos_equity_curve_SLV_SIVR_15m_20251107_002538_0.1.csv
OOS Period (2020-08-13 16:00:00+00:00 to 2020-09-03 15:45:00+00:00): PnL: $0.00 | Sharpe: 0.0000 | Calmar: 0.0000 | Trades: 0

--- Window 9 Boundary Check ---
IS Period RTH Bars: 980. Start: 2020-07-13 18:00:00+00:00 | End: 2020-09-03 15:45:00+00:00
OOS Start Bar Index: 4388 | Time: 2020-09-03 16:00:00+00:00
ADF Test Result: p-value=0.0000 (Required < 0.10) | OLS Beta: 0.9999
Filter OFF: Spread is stationary. Proceeding with optimization.
IS Optimization Time: 0.03 seconds.
Optimal Params (Sharpe=1.0516, Calmar=5.4169): Z_E=3.3, Z_X=0.7, Z_SL=3.6
📊 Persistence: Saved 119 PnL points to wfa_outputs\oos_equity_curve_SLV_SIVR_15m_20251107_002538_0.1.csv
OOS Period (2020-09-03 16:00:00+00:00 to 2020-09-25 15:45:00+00:00): PnL: $4.83 | Sharpe: 4.1040 | Calmar: 0.0000 | Trades: 1

--- Window 10 Boundary Check ---
IS Period RTH Bars: 980. Start: 2020-08-03 18:00:00+00:00 | End: 2020-09-25 15:45:00+00:00
OOS Start Bar Index: 4778 | Time: 2020-09-25 16:00:00+00:00
ADF Test Result: p-value=0.0000 (Required < 0.10) | OLS Beta: 1.0007
Filter OFF: Spread is stationary. Proceeding with optimization.
IS Optimization Time: 0.03 seconds.
Optimal Params (Sharpe=2.4555, Calmar=13.4383): Z_E=3.3, Z_X=1.3, Z_SL=3.6
📊 Persistence: Saved 121 PnL points to wfa_outputs\oos_equity_curve_SLV_SIVR_15m_20251107_002538_0.1.csv
OOS Period (2020-09-25 16:00:00+00:00 to 2020-10-16 15:45:00+00:00): PnL: $7.07 | Sharpe: 4.5014 | Calmar: 0.0000 | Trades: 2

--- Window 11 Boundary Check ---
IS Period RTH Bars: 980. Start: 2020-08-24 18:00:00+00:00 | End: 2020-10-16 15:45:00+00:00
OOS Start Bar Index: 5168 | Time: 2020-10-16 16:00:00+00:00
ADF Test Result: p-value=0.0000 (Required < 0.10) | OLS Beta: 1.0008
Filter OFF: Spread is stationary. Proceeding with optimization.
IS Optimization Time: 0.03 seconds.
Optimal Params (Sharpe=4.2128, Calmar=56.8753): Z_E=3.3, Z_X=1.3, Z_SL=3.6
📊 Persistence: Saved 125 PnL points to wfa_outputs\oos_equity_curve_SLV_SIVR_15m_20251107_002538_0.1.csv
OOS Period (2020-10-16 16:00:00+00:00 to 2020-11-06 16:45:00+00:00): PnL: $-2.70 | Sharpe: -1.9143 | Calmar: -8.7038 | Trades: 4

--- Window 12 Boundary Check ---
IS Period RTH Bars: 980. Start: 2020-09-15 18:00:00+00:00 | End: 2020-11-06 16:45:00+00:00
OOS Start Bar Index: 5558 | Time: 2020-11-06 17:00:00+00:00
ADF Test Result: p-value=0.0000 (Required < 0.10) | OLS Beta: 1.0008
Filter OFF: Spread is stationary. Proceeding with optimization.
IS Optimization Time: 0.03 seconds.
Optimal Params (Sharpe=4.1964, Calmar=25.1857): Z_E=3.3, Z_X=0.3, Z_SL=3.6
📊 Persistence: Saved 128 PnL points to wfa_outputs\oos_equity_curve_SLV_SIVR_15m_20251107_002538_0.1.csv
OOS Period (2020-11-06 17:00:00+00:00 to 2020-11-30 18:45:00+00:00): PnL: $-53.18 | Sharpe: -3.4097 | Calmar: -12.2650 | Trades: 3

--- Window 13 Boundary Check ---
IS Period RTH Bars: 980. Start: 2020-10-06 18:00:00+00:00 | End: 2020-11-30 18:45:00+00:00
OOS Start Bar Index: 5948 | Time: 2020-11-30 19:00:00+00:00
ADF Test Result: p-value=0.0000 (Required < 0.10) | OLS Beta: 1.0021
Filter OFF: Spread is stationary. Proceeding with optimization.
IS Optimization Time: 0.03 seconds.
Optimal Params (Sharpe=2.5909, Calmar=32.4137): Z_E=2.5, Z_X=0.3, Z_SL=3.3
📊 Persistence: Saved 130 PnL points to wfa_outputs\oos_equity_curve_SLV_SIVR_15m_20251107_002538_0.1.csv
OOS Period (2020-11-30 19:00:00+00:00 to 2020-12-21 18:45:00+00:00): PnL: $7.40 | Sharpe: 3.6599 | Calmar: 151.9731 | Trades: 2

--- Window 14 Boundary Check ---
IS Period RTH Bars: 980. Start: 2020-10-27 18:00:00+00:00 | End: 2020-12-21 18:45:00+00:00
OOS Start Bar Index: 6338 | Time: 2020-12-21 19:00:00+00:00
ADF Test Result: p-value=0.0000 (Required < 0.10) | OLS Beta: 1.0000
Filter OFF: Spread is stationary. Proceeding with optimization.
IS Optimization Time: 0.03 seconds.
Optimal Params (Sharpe=2.8672, Calmar=35.6806): Z_E=2.1, Z_X=0.3, Z_SL=3.3
📊 Persistence: Saved 136 PnL points to wfa_outputs\oos_equity_curve_SLV_SIVR_15m_20251107_002538_0.1.csv
OOS Period (2020-12-21 19:00:00+00:00 to 2021-01-14 14:30:00+00:00): PnL: $20.18 | Sharpe: 8.1511 | Calmar: 698.0333 | Trades: 6

--- Window 15 Boundary Check ---
IS Period RTH Bars: 980. Start: 2020-11-17 19:00:00+00:00 | End: 2021-01-14 14:30:00+00:00
OOS Start Bar Index: 6728 | Time: 2021-01-14 14:45:00+00:00
ADF Test Result: p-value=0.0000 (Required < 0.10) | OLS Beta: 0.9994
Filter OFF: Spread is stationary. Proceeding with optimization.
IS Optimization Time: 0.03 seconds.
Optimal Params (Sharpe=5.1295, Calmar=32.2141): Z_E=2.5, Z_X=0.3, Z_SL=4.2
📊 Persistence: Saved 143 PnL points to wfa_outputs\oos_equity_curve_SLV_SIVR_15m_20251107_002538_0.1.csv
OOS Period (2021-01-14 14:45:00+00:00 to 2021-02-05 14:30:00+00:00): PnL: $6.51 | Sharpe: 2.9034 | Calmar: 23.1385 | Trades: 7

--- Window 16 Boundary Check ---
IS Period RTH Bars: 980. Start: 2020-12-10 14:30:00+00:00 | End: 2021-02-05 14:30:00+00:00
OOS Start Bar Index: 7118 | Time: 2021-02-05 14:45:00+00:00
ADF Test Result: p-value=0.0047 (Required < 0.10) | OLS Beta: 1.0007
Filter OFF: Spread is stationary. Proceeding with optimization.
IS Optimization Time: 0.03 seconds.
Optimal Params (Sharpe=8.1299, Calmar=100.5616): Z_E=2.3, Z_X=0.3, Z_SL=3.6
📊 Persistence: Saved 149 PnL points to wfa_outputs\oos_equity_curve_SLV_SIVR_15m_20251107_002538_0.1.csv
OOS Period (2021-02-05 14:45:00+00:00 to 2021-03-01 14:30:00+00:00): PnL: $2.66 | Sharpe: 0.9304 | Calmar: 7.1571 | Trades: 6

--- Window 17 Boundary Check ---
IS Period RTH Bars: 980. Start: 2021-01-04 16:45:00+00:00 | End: 2021-03-01 14:30:00+00:00
OOS Start Bar Index: 7508 | Time: 2021-03-01 14:45:00+00:00
ADF Test Result: p-value=0.0001 (Required < 0.10) | OLS Beta: 1.0009
Filter OFF: Spread is stationary. Proceeding with optimization.
IS Optimization Time: 0.03 seconds.
Optimal Params (Sharpe=8.3871, Calmar=119.1296): Z_E=1.9, Z_X=0.3, Z_SL=3.6
📊 Persistence: Saved 167 PnL points to wfa_outputs\oos_equity_curve_SLV_SIVR_15m_20251107_002538_0.1.csv
OOS Period (2021-03-01 14:45:00+00:00 to 2021-03-22 13:30:00+00:00): PnL: $2.07 | Sharpe: 0.6284 | Calmar: 3.2774 | Trades: 18

--- Window 18 Boundary Check ---
IS Period RTH Bars: 980. Start: 2021-01-26 16:45:00+00:00 | End: 2021-03-22 13:30:00+00:00
OOS Start Bar Index: 7898 | Time: 2021-03-22 13:45:00+00:00
ADF Test Result: p-value=0.0000 (Required < 0.10) | OLS Beta: 1.0018
Filter OFF: Spread is stationary. Proceeding with optimization.
IS Optimization Time: 0.03 seconds.
Optimal Params (Sharpe=4.7439, Calmar=23.5771): Z_E=1.9, Z_X=1.3, Z_SL=3.6
📊 Persistence: Saved 179 PnL points to wfa_outputs\oos_equity_curve_SLV_SIVR_15m_20251107_002538_0.1.csv
OOS Period (2021-03-22 13:45:00+00:00 to 2021-04-13 13:30:00+00:00): PnL: $-3.98 | Sharpe: -2.2353 | Calmar: -6.2776 | Trades: 12

--- Window 19 Boundary Check ---
IS Period RTH Bars: 980. Start: 2021-02-17 16:45:00+00:00 | End: 2021-04-13 13:30:00+00:00
OOS Start Bar Index: 8288 | Time: 2021-04-13 13:45:00+00:00
ADF Test Result: p-value=0.0000 (Required < 0.10) | OLS Beta: 1.0018
Filter OFF: Spread is stationary. Proceeding with optimization.
IS Optimization Time: 0.03 seconds.
Optimal Params (Sharpe=5.0436, Calmar=56.7023): Z_E=3.1, Z_X=0.7, Z_SL=3.3
📊 Persistence: Saved 184 PnL points to wfa_outputs\oos_equity_curve_SLV_SIVR_15m_20251107_002538_0.1.csv
OOS Period (2021-04-13 13:45:00+00:00 to 2021-05-04 13:30:00+00:00): PnL: $7.68 | Sharpe: 6.9217 | Calmar: 1101.1186 | Trades: 5

--- Window 20 Boundary Check ---
IS Period RTH Bars: 980. Start: 2021-03-10 16:45:00+00:00 | End: 2021-05-04 13:30:00+00:00
OOS Start Bar Index: 8678 | Time: 2021-05-04 13:45:00+00:00
ADF Test Result: p-value=0.0000 (Required < 0.10) | OLS Beta: 0.9997
Filter OFF: Spread is stationary. Proceeding with optimization.
IS Optimization Time: 0.03 seconds.
Optimal Params (Sharpe=6.7243, Calmar=44.6656): Z_E=2.5, Z_X=0.5, Z_SL=3.3
📊 Persistence: Saved 191 PnL points to wfa_outputs\oos_equity_curve_SLV_SIVR_15m_20251107_002538_0.1.csv
OOS Period (2021-05-04 13:45:00+00:00 to 2021-05-25 13:30:00+00:00): PnL: $-1.14 | Sharpe: -1.0717 | Calmar: -5.0698 | Trades: 7

--- Window 21 Boundary Check ---
IS Period RTH Bars: 980. Start: 2021-03-31 15:45:00+00:00 | End: 2021-05-25 13:30:00+00:00
OOS Start Bar Index: 9068 | Time: 2021-05-25 13:45:00+00:00
ADF Test Result: p-value=0.0000 (Required < 0.10) | OLS Beta: 0.9993
Filter OFF: Spread is stationary. Proceeding with optimization.
IS Optimization Time: 0.03 seconds.
Optimal Params (Sharpe=6.0412, Calmar=62.1079): Z_E=2.7, Z_X=1.3, Z_SL=3.3
📊 Persistence: Saved 196 PnL points to wfa_outputs\oos_equity_curve_SLV_SIVR_15m_20251107_002538_0.1.csv
OOS Period (2021-05-25 13:45:00+00:00 to 2021-06-16 13:30:00+00:00): PnL: $3.10 | Sharpe: 2.2480 | Calmar: 13.5711 | Trades: 5

--- Window 22 Boundary Check ---
IS Period RTH Bars: 980. Start: 2021-04-22 15:45:00+00:00 | End: 2021-06-16 13:30:00+00:00
OOS Start Bar Index: 9458 | Time: 2021-06-16 13:45:00+00:00
ADF Test Result: p-value=0.0000 (Required < 0.10) | OLS Beta: 0.9977
Filter OFF: Spread is stationary. Proceeding with optimization.
IS Optimization Time: 0.03 seconds.
Optimal Params (Sharpe=5.6043, Calmar=58.2880): Z_E=2.7, Z_X=1.1, Z_SL=3.3
📊 Persistence: Saved 217 PnL points to wfa_outputs\oos_equity_curve_SLV_SIVR_15m_20251107_002538_0.1.csv
OOS Period (2021-06-16 13:45:00+00:00 to 2021-07-08 13:30:00+00:00): PnL: $11.05 | Sharpe: 4.1994 | Calmar: 17.8039 | Trades: 21

--- Window 23 Boundary Check ---
IS Period RTH Bars: 980. Start: 2021-05-13 15:45:00+00:00 | End: 2021-07-08 13:30:00+00:00
OOS Start Bar Index: 9848 | Time: 2021-07-08 13:45:00+00:00
ADF Test Result: p-value=0.0000 (Required < 0.10) | OLS Beta: 1.0033
Filter OFF: Spread is stationary. Proceeding with optimization.
IS Optimization Time: 0.03 seconds.
Optimal Params (Sharpe=2.6021, Calmar=13.3852): Z_E=1.9, Z_X=1.1, Z_SL=3.3
📊 Persistence: Saved 236 PnL points to wfa_outputs\oos_equity_curve_SLV_SIVR_15m_20251107_002538_0.1.csv
OOS Period (2021-07-08 13:45:00+00:00 to 2021-07-29 13:45:00+00:00): PnL: $-30.51 | Sharpe: -9.3949 | Calmar: -16.3435 | Trades: 19

--- Window 24 Boundary Check ---
IS Period RTH Bars: 980. Start: 2021-06-04 15:45:00+00:00 | End: 2021-07-29 13:45:00+00:00
OOS Start Bar Index: 10238 | Time: 2021-07-29 14:00:00+00:00
ADF Test Result: p-value=0.0000 (Required < 0.10) | OLS Beta: 1.0028
Filter OFF: Spread is stationary. Proceeding with optimization.
IS Optimization Time: 0.03 seconds.
Optimal Params (Sharpe=1.3560, Calmar=5.1922): Z_E=2.5, Z_X=1.5, Z_SL=3.3
📊 Persistence: Saved 244 PnL points to wfa_outputs\oos_equity_curve_SLV_SIVR_15m_20251107_002538_0.1.csv
OOS Period (2021-07-29 14:00:00+00:00 to 2021-08-19 13:45:00+00:00): PnL: $-11.37 | Sharpe: -6.9066 | Calmar: -17.2285 | Trades: 8

--- Window 25 Boundary Check ---
IS Period RTH Bars: 980. Start: 2021-06-25 15:45:00+00:00 | End: 2021-08-19 13:45:00+00:00
OOS Start Bar Index: 10628 | Time: 2021-08-19 14:00:00+00:00
ADF Test Result: p-value=0.0000 (Required < 0.10) | OLS Beta: 1.0011
Filter OFF: Spread is stationary. Proceeding with optimization.
IS Optimization Time: 0.03 seconds.
Optimal Params (Sharpe=2.8388, Calmar=15.0690): Z_E=2.5, Z_X=0.7, Z_SL=3.3
📊 Persistence: Saved 260 PnL points to wfa_outputs\oos_equity_curve_SLV_SIVR_15m_20251107_002538_0.1.csv
OOS Period (2021-08-19 14:00:00+00:00 to 2021-09-10 13:45:00+00:00): PnL: $-13.21 | Sharpe: -3.7944 | Calmar: -13.9426 | Trades: 16

--- Window 26 Boundary Check ---
IS Period RTH Bars: 980. Start: 2021-07-19 15:45:00+00:00 | End: 2021-09-10 13:45:00+00:00
OOS Start Bar Index: 11018 | Time: 2021-09-10 14:00:00+00:00
ADF Test Result: p-value=0.0007 (Required < 0.10) | OLS Beta: 1.0016
Filter OFF: Spread is stationary. Proceeding with optimization.
IS Optimization Time: 0.03 seconds.
Optimal Params (Sharpe=1.9088, Calmar=13.7383): Z_E=2.7, Z_X=0.7, Z_SL=3.3
📊 Persistence: Saved 269 PnL points to wfa_outputs\oos_equity_curve_SLV_SIVR_15m_20251107_002538_0.1.csv
OOS Period (2021-09-10 14:00:00+00:00 to 2021-10-01 13:45:00+00:00): PnL: $0.57 | Sharpe: 0.3603 | Calmar: 1.8520 | Trades: 9

--- Window 27 Boundary Check ---
IS Period RTH Bars: 980. Start: 2021-08-09 16:00:00+00:00 | End: 2021-10-01 13:45:00+00:00
OOS Start Bar Index: 11408 | Time: 2021-10-01 14:00:00+00:00
ADF Test Result: p-value=0.0000 (Required < 0.10) | OLS Beta: 1.0023
Filter OFF: Spread is stationary. Proceeding with optimization.
IS Optimization Time: 0.03 seconds.
Optimal Params (Sharpe=1.0597, Calmar=6.1937): Z_E=2.7, Z_X=0.9, Z_SL=3.3
📊 Persistence: Saved 275 PnL points to wfa_outputs\oos_equity_curve_SLV_SIVR_15m_20251107_002538_0.1.csv
OOS Period (2021-10-01 14:00:00+00:00 to 2021-10-22 13:45:00+00:00): PnL: $2.51 | Sharpe: 2.1994 | Calmar: 12.7416 | Trades: 6

--- Window 28 Boundary Check ---
IS Period RTH Bars: 980. Start: 2021-08-30 16:00:00+00:00 | End: 2021-10-22 13:45:00+00:00
OOS Start Bar Index: 11798 | Time: 2021-10-22 14:00:00+00:00
ADF Test Result: p-value=0.0000 (Required < 0.10) | OLS Beta: 1.0009
Filter OFF: Spread is stationary. Proceeding with optimization.
IS Optimization Time: 0.03 seconds.
Optimal Params (Sharpe=4.4159, Calmar=44.0963): Z_E=2.9, Z_X=0.5, Z_SL=3.3
📊 Persistence: Saved 279 PnL points to wfa_outputs\oos_equity_curve_SLV_SIVR_15m_20251107_002538_0.1.csv
OOS Period (2021-10-22 14:00:00+00:00 to 2021-11-12 14:45:00+00:00): PnL: $-0.70 | Sharpe: -1.1298 | Calmar: -5.6702 | Trades: 4

--- Window 29 Boundary Check ---
IS Period RTH Bars: 980. Start: 2021-09-21 16:00:00+00:00 | End: 2021-11-12 14:45:00+00:00
OOS Start Bar Index: 12188 | Time: 2021-11-12 15:00:00+00:00
ADF Test Result: p-value=0.0000 (Required < 0.10) | OLS Beta: 0.9988
Filter OFF: Spread is stationary. Proceeding with optimization.
IS Optimization Time: 0.03 seconds.
Optimal Params (Sharpe=2.8057, Calmar=10.7941): Z_E=1.9, Z_X=0.3, Z_SL=3.3
📊 Persistence: Saved 309 PnL points to wfa_outputs\oos_equity_curve_SLV_SIVR_15m_20251107_002538_0.1.csv
OOS Period (2021-11-12 15:00:00+00:00 to 2021-12-06 17:00:00+00:00): PnL: $-46.34 | Sharpe: -4.7215 | Calmar: -13.4008 | Trades: 30

--- Window 30 Boundary Check ---
IS Period RTH Bars: 980. Start: 2021-10-12 16:00:00+00:00 | End: 2021-12-06 17:00:00+00:00
OOS Start Bar Index: 12578 | Time: 2021-12-06 17:15:00+00:00
ADF Test Result: p-value=0.0000 (Required < 0.10) | OLS Beta: 1.0018
Filter OFF: Spread is stationary. Proceeding with optimization.
IS Optimization Time: 0.03 seconds.
Optimal Params (Sharpe=4.5528, Calmar=140.3125): Z_E=1.9, Z_X=1.3, Z_SL=3.3
📊 Persistence: Saved 313 PnL points to wfa_outputs\oos_equity_curve_SLV_SIVR_15m_20251107_002538_0.1.csv
OOS Period (2021-12-06 17:15:00+00:00 to 2021-12-28 17:00:00+00:00): PnL: $1.00 | Sharpe: 1.1699 | Calmar: 11.8036 | Trades: 4

--- Window 31 Boundary Check ---
IS Period RTH Bars: 980. Start: 2021-11-02 16:00:00+00:00 | End: 2021-12-28 17:00:00+00:00
OOS Start Bar Index: 12968 | Time: 2021-12-28 17:15:00+00:00
ADF Test Result: p-value=0.0000 (Required < 0.10) | OLS Beta: 1.0025
Filter OFF: Spread is stationary. Proceeding with optimization.
IS Optimization Time: 0.03 seconds.
Optimal Params (Sharpe=4.4943, Calmar=177.7281): Z_E=1.9, Z_X=1.5, Z_SL=3.3
📊 Persistence: Saved 316 PnL points to wfa_outputs\oos_equity_curve_SLV_SIVR_15m_20251107_002538_0.1.csv
OOS Period (2021-12-28 17:15:00+00:00 to 2022-01-19 17:00:00+00:00): PnL: $-0.11 | Sharpe: -0.1436 | Calmar: -0.8316 | Trades: 3

--- Window 32 Boundary Check ---
IS Period RTH Bars: 980. Start: 2021-11-23 17:00:00+00:00 | End: 2022-01-19 17:00:00+00:00
OOS Start Bar Index: 13358 | Time: 2022-01-19 17:15:00+00:00
ADF Test Result: p-value=0.0000 (Required < 0.10) | OLS Beta: 0.9980
Filter OFF: Spread is stationary. Proceeding with optimization.
IS Optimization Time: 0.03 seconds.
Optimal Params (Sharpe=3.5071, Calmar=37.8807): Z_E=1.9, Z_X=1.5, Z_SL=3.3
📊 Persistence: Saved 319 PnL points to wfa_outputs\oos_equity_curve_SLV_SIVR_15m_20251107_002538_0.1.csv
OOS Period (2022-01-19 17:15:00+00:00 to 2022-02-09 17:00:00+00:00): PnL: $0.29 | Sharpe: 0.3335 | Calmar: 1.8991 | Trades: 3

--- Window 33 Boundary Check ---
IS Period RTH Bars: 980. Start: 2021-12-15 19:15:00+00:00 | End: 2022-02-09 17:00:00+00:00
OOS Start Bar Index: 13748 | Time: 2022-02-09 17:15:00+00:00
ADF Test Result: p-value=0.0000 (Required < 0.10) | OLS Beta: 0.9993
Filter OFF: Spread is stationary. Proceeding with optimization.
IS Optimization Time: 0.03 seconds.
Optimal Params (Sharpe=6.2085, Calmar=55.0236): Z_E=2.5, Z_X=0.3, Z_SL=3.3
📊 Persistence: Saved 334 PnL points to wfa_outputs\oos_equity_curve_SLV_SIVR_15m_20251107_002538_0.1.csv
OOS Period (2022-02-09 17:15:00+00:00 to 2022-03-03 17:00:00+00:00): PnL: $-1.47 | Sharpe: -0.7653 | Calmar: -1.9751 | Trades: 15

--- Window 34 Boundary Check ---
IS Period RTH Bars: 980. Start: 2022-01-06 19:15:00+00:00 | End: 2022-03-03 17:00:00+00:00
OOS Start Bar Index: 14138 | Time: 2022-03-03 17:15:00+00:00
ADF Test Result: p-value=0.0000 (Required < 0.10) | OLS Beta: 0.9981
Filter OFF: Spread is stationary. Proceeding with optimization.
IS Optimization Time: 0.03 seconds.
Optimal Params (Sharpe=3.6953, Calmar=32.9261): Z_E=2.5, Z_X=0.3, Z_SL=4.5
📊 Persistence: Saved 350 PnL points to wfa_outputs\oos_equity_curve_SLV_SIVR_15m_20251107_002538_0.1.csv
OOS Period (2022-03-03 17:15:00+00:00 to 2022-03-24 16:00:00+00:00): PnL: $-10.23 | Sharpe: -3.8587 | Calmar: -10.8478 | Trades: 16

--- Window 35 Boundary Check ---
IS Period RTH Bars: 980. Start: 2022-01-28 19:15:00+00:00 | End: 2022-03-24 16:00:00+00:00
OOS Start Bar Index: 14528 | Time: 2022-03-24 16:15:00+00:00
ADF Test Result: p-value=0.0000 (Required < 0.10) | OLS Beta: 0.9980
Filter OFF: Spread is stationary. Proceeding with optimization.
IS Optimization Time: 0.03 seconds.
Optimal Params (Sharpe=5.7545, Calmar=62.6889): Z_E=2.5, Z_X=0.3, Z_SL=4.5
📊 Persistence: Saved 364 PnL points to wfa_outputs\oos_equity_curve_SLV_SIVR_15m_20251107_002538_0.1.csv
OOS Period (2022-03-24 16:15:00+00:00 to 2022-04-14 16:00:00+00:00): PnL: $2.22 | Sharpe: 1.5303 | Calmar: 8.7548 | Trades: 14

--- Window 36 Boundary Check ---
IS Period RTH Bars: 980. Start: 2022-02-18 19:15:00+00:00 | End: 2022-04-14 16:00:00+00:00
OOS Start Bar Index: 14918 | Time: 2022-04-14 16:15:00+00:00
ADF Test Result: p-value=0.0001 (Required < 0.10) | OLS Beta: 1.0001
Filter OFF: Spread is stationary. Proceeding with optimization.
IS Optimization Time: 0.03 seconds.
Optimal Params (Sharpe=4.0097, Calmar=51.0060): Z_E=2.7, Z_X=0.3, Z_SL=3.3
📊 Persistence: Saved 371 PnL points to wfa_outputs\oos_equity_curve_SLV_SIVR_15m_20251107_002538_0.1.csv
OOS Period (2022-04-14 16:15:00+00:00 to 2022-05-06 16:00:00+00:00): PnL: $6.02 | Sharpe: 5.5849 | Calmar: 53.9571 | Trades: 7

--- Window 37 Boundary Check ---
IS Period RTH Bars: 980. Start: 2022-03-14 18:15:00+00:00 | End: 2022-05-06 16:00:00+00:00
OOS Start Bar Index: 15308 | Time: 2022-05-06 16:15:00+00:00
ADF Test Result: p-value=0.0000 (Required < 0.10) | OLS Beta: 1.0021
Filter OFF: Spread is stationary. Proceeding with optimization.
IS Optimization Time: 0.03 seconds.
Optimal Params (Sharpe=2.4541, Calmar=13.5410): Z_E=3.1, Z_X=0.3, Z_SL=3.3
📊 Persistence: Saved 375 PnL points to wfa_outputs\oos_equity_curve_SLV_SIVR_15m_20251107_002538_0.1.csv
OOS Period (2022-05-06 16:15:00+00:00 to 2022-05-27 16:00:00+00:00): PnL: $-5.54 | Sharpe: -4.2561 | Calmar: -11.9229 | Trades: 4

--- Window 38 Boundary Check ---
IS Period RTH Bars: 980. Start: 2022-04-04 18:15:00+00:00 | End: 2022-05-27 16:00:00+00:00
OOS Start Bar Index: 15698 | Time: 2022-05-27 16:15:00+00:00
ADF Test Result: p-value=0.0000 (Required < 0.10) | OLS Beta: 1.0017
Filter OFF: Spread is stationary. Proceeding with optimization.
IS Optimization Time: 0.03 seconds.
Optimal Params (Sharpe=1.6151, Calmar=5.5334): Z_E=3.3, Z_X=0.5, Z_SL=3.6
📊 Persistence: Saved 383 PnL points to wfa_outputs\oos_equity_curve_SLV_SIVR_15m_20251107_002538_0.1.csv
OOS Period (2022-05-27 16:15:00+00:00 to 2022-06-21 16:00:00+00:00): PnL: $-3.61 | Sharpe: -1.4250 | Calmar: -6.7121 | Trades: 8

--- Window 39 Boundary Check ---
IS Period RTH Bars: 980. Start: 2022-04-26 18:15:00+00:00 | End: 2022-06-21 16:00:00+00:00
OOS Start Bar Index: 16088 | Time: 2022-06-21 16:15:00+00:00
ADF Test Result: p-value=0.0000 (Required < 0.10) | OLS Beta: 1.0019
Filter OFF: Spread is stationary. Proceeding with optimization.
IS Optimization Time: 0.03 seconds.
Optimal Params (Sharpe=0.7600, Calmar=2.6421): Z_E=3.1, Z_X=0.3, Z_SL=3.3
📊 Persistence: Saved 394 PnL points to wfa_outputs\oos_equity_curve_SLV_SIVR_15m_20251107_002538_0.1.csv
OOS Period (2022-06-21 16:15:00+00:00 to 2022-07-13 16:00:00+00:00): PnL: $15.79 | Sharpe: 4.4722 | Calmar: 70.2935 | Trades: 11

--- Window 40 Boundary Check ---
IS Period RTH Bars: 980. Start: 2022-05-17 18:15:00+00:00 | End: 2022-07-13 16:00:00+00:00
OOS Start Bar Index: 16478 | Time: 2022-07-13 16:15:00+00:00
ADF Test Result: p-value=0.0000 (Required < 0.10) | OLS Beta: 1.0031
Filter OFF: Spread is stationary. Proceeding with optimization.
IS Optimization Time: 0.03 seconds.
Optimal Params (Sharpe=2.9335, Calmar=8.1278): Z_E=2.5, Z_X=0.7, Z_SL=3.3
📊 Persistence: Saved 402 PnL points to wfa_outputs\oos_equity_curve_SLV_SIVR_15m_20251107_002538_0.1.csv
OOS Period (2022-07-13 16:15:00+00:00 to 2022-08-03 16:00:00+00:00): PnL: $1.77 | Sharpe: 1.0078 | Calmar: 8.0088 | Trades: 8

--- Window 41 Boundary Check ---
IS Period RTH Bars: 980. Start: 2022-06-08 18:15:00+00:00 | End: 2022-08-03 16:00:00+00:00
OOS Start Bar Index: 16868 | Time: 2022-08-03 16:15:00+00:00
ADF Test Result: p-value=0.0000 (Required < 0.10) | OLS Beta: 1.0011
Filter OFF: Spread is stationary. Proceeding with optimization.
IS Optimization Time: 0.03 seconds.
Optimal Params (Sharpe=4.4629, Calmar=21.4542): Z_E=1.9, Z_X=0.3, Z_SL=3.3
📊 Persistence: Saved 417 PnL points to wfa_outputs\oos_equity_curve_SLV_SIVR_15m_20251107_002538_0.1.csv
OOS Period (2022-08-03 16:15:00+00:00 to 2022-08-24 16:00:00+00:00): PnL: $1.98 | Sharpe: 0.7607 | Calmar: 4.2079 | Trades: 15

--- Window 42 Boundary Check ---
IS Period RTH Bars: 980. Start: 2022-06-30 18:15:00+00:00 | End: 2022-08-24 16:00:00+00:00
OOS Start Bar Index: 17258 | Time: 2022-08-24 16:15:00+00:00
ADF Test Result: p-value=0.0000 (Required < 0.10) | OLS Beta: 0.9997
Filter OFF: Spread is stationary. Proceeding with optimization.
IS Optimization Time: 0.03 seconds.
Optimal Params (Sharpe=3.4546, Calmar=19.2037): Z_E=1.9, Z_X=0.3, Z_SL=3.3
📊 Persistence: Saved 441 PnL points to wfa_outputs\oos_equity_curve_SLV_SIVR_15m_20251107_002538_0.1.csv
OOS Period (2022-08-24 16:15:00+00:00 to 2022-09-15 16:00:00+00:00): PnL: $-6.90 | Sharpe: -1.3315 | Calmar: -7.8027 | Trades: 24

--- Window 43 Boundary Check ---
IS Period RTH Bars: 980. Start: 2022-07-22 18:15:00+00:00 | End: 2022-09-15 16:00:00+00:00
OOS Start Bar Index: 17648 | Time: 2022-09-15 16:15:00+00:00
ADF Test Result: p-value=0.0000 (Required < 0.10) | OLS Beta: 1.0011
Filter OFF: Spread is stationary. Proceeding with optimization.
IS Optimization Time: 0.03 seconds.
Optimal Params (Sharpe=2.9087, Calmar=13.3762): Z_E=2.5, Z_X=0.3, Z_SL=3.3
📊 Persistence: Saved 454 PnL points to wfa_outputs\oos_equity_curve_SLV_SIVR_15m_20251107_002538_0.1.csv
OOS Period (2022-09-15 16:15:00+00:00 to 2022-10-06 16:00:00+00:00): PnL: $-11.60 | Sharpe: -3.9555 | Calmar: -17.2253 | Trades: 13

--- Window 44 Boundary Check ---
IS Period RTH Bars: 980. Start: 2022-08-12 18:15:00+00:00 | End: 2022-10-06 16:00:00+00:00
OOS Start Bar Index: 18038 | Time: 2022-10-06 16:15:00+00:00
ADF Test Result: p-value=0.0000 (Required < 0.10) | OLS Beta: 0.9995
Filter OFF: Spread is stationary. Proceeding with optimization.
IS Optimization Time: 0.03 seconds.
Optimal Params (Sharpe=1.5020, Calmar=6.5767): Z_E=2.5, Z_X=0.3, Z_SL=3.3
📊 Persistence: Saved 459 PnL points to wfa_outputs\oos_equity_curve_SLV_SIVR_15m_20251107_002538_0.1.csv
OOS Period (2022-10-06 16:15:00+00:00 to 2022-10-27 16:00:00+00:00): PnL: $19.66 | Sharpe: 5.5593 | Calmar: 93.8634 | Trades: 5

--- Window 45 Boundary Check ---
IS Period RTH Bars: 980. Start: 2022-09-02 18:15:00+00:00 | End: 2022-10-27 16:00:00+00:00
OOS Start Bar Index: 18428 | Time: 2022-10-27 16:15:00+00:00
ADF Test Result: p-value=0.0000 (Required < 0.10) | OLS Beta: 0.9995
Filter OFF: Spread is stationary. Proceeding with optimization.
IS Optimization Time: 0.03 seconds.
Optimal Params (Sharpe=2.9480, Calmar=17.2939): Z_E=3.1, Z_X=0.7, Z_SL=3.3
📊 Persistence: Saved 461 PnL points to wfa_outputs\oos_equity_curve_SLV_SIVR_15m_20251107_002538_0.1.csv
OOS Period (2022-10-27 16:15:00+00:00 to 2022-11-17 17:00:00+00:00): PnL: $-3.29 | Sharpe: -3.5897 | Calmar: -15.2507 | Trades: 2

--- Window 46 Boundary Check ---
IS Period RTH Bars: 980. Start: 2022-09-26 18:15:00+00:00 | End: 2022-11-17 17:00:00+00:00
OOS Start Bar Index: 18818 | Time: 2022-11-17 17:15:00+00:00
ADF Test Result: p-value=0.0000 (Required < 0.10) | OLS Beta: 0.9999
Filter OFF: Spread is stationary. Proceeding with optimization.
IS Optimization Time: 0.03 seconds.
Optimal Params (Sharpe=3.1033, Calmar=30.3353): Z_E=3.3, Z_X=0.7, Z_SL=3.6
📊 Persistence: Saved 463 PnL points to wfa_outputs\oos_equity_curve_SLV_SIVR_15m_20251107_002538_0.1.csv
OOS Period (2022-11-17 17:15:00+00:00 to 2022-12-09 19:15:00+00:00): PnL: $-7.49 | Sharpe: -3.5307 | Calmar: -14.2643 | Trades: 2

--- Window 47 Boundary Check ---
IS Period RTH Bars: 980. Start: 2022-10-17 18:15:00+00:00 | End: 2022-12-09 19:15:00+00:00
OOS Start Bar Index: 19208 | Time: 2022-12-09 19:30:00+00:00
ADF Test Result: p-value=0.0000 (Required < 0.10) | OLS Beta: 0.9988
Filter OFF: Spread is stationary. Proceeding with optimization.
IS Optimization Time: 0.03 seconds.
Optimal Params (Sharpe=2.9661, Calmar=26.3000): Z_E=3.3, Z_X=0.7, Z_SL=3.9
📊 Persistence: Saved 465 PnL points to wfa_outputs\oos_equity_curve_SLV_SIVR_15m_20251107_002538_0.1.csv
OOS Period (2022-12-09 19:30:00+00:00 to 2023-01-03 19:15:00+00:00): PnL: $-1.55 | Sharpe: -2.8644 | Calmar: -10.5699 | Trades: 2

--- Window 48 Boundary Check ---
IS Period RTH Bars: 980. Start: 2022-11-07 19:15:00+00:00 | End: 2023-01-03 19:15:00+00:00
OOS Start Bar Index: 19598 | Time: 2023-01-03 19:30:00+00:00
ADF Test Result: p-value=0.0000 (Required < 0.10) | OLS Beta: 0.9976
Filter OFF: Spread is stationary. Proceeding with optimization.
IS Optimization Time: 0.03 seconds.
Optimal Params (Sharpe=2.1245, Calmar=12.5515): Z_E=2.9, Z_X=1.3, Z_SL=3.9
📊 Persistence: Saved 470 PnL points to wfa_outputs\oos_equity_curve_SLV_SIVR_15m_20251107_002538_0.1.csv
OOS Period (2023-01-03 19:30:00+00:00 to 2023-01-25 19:15:00+00:00): PnL: $1.09 | Sharpe: 1.1039 | Calmar: 6.6850 | Trades: 5

--- Window 49 Boundary Check ---
IS Period RTH Bars: 980. Start: 2022-11-30 15:00:00+00:00 | End: 2023-01-25 19:15:00+00:00
OOS Start Bar Index: 19988 | Time: 2023-01-25 19:30:00+00:00
ADF Test Result: p-value=0.0000 (Required < 0.10) | OLS Beta: 0.9976
Filter OFF: Spread is stationary. Proceeding with optimization.
IS Optimization Time: 0.03 seconds.
Optimal Params (Sharpe=2.0308, Calmar=10.3249): Z_E=3.3, Z_X=0.3, Z_SL=3.6
📊 Persistence: Saved 475 PnL points to wfa_outputs\oos_equity_curve_SLV_SIVR_15m_20251107_002538_0.1.csv
OOS Period (2023-01-25 19:30:00+00:00 to 2023-02-15 19:15:00+00:00): PnL: $7.63 | Sharpe: 8.3234 | Calmar: 0.0000 | Trades: 5

--- Window 50 Boundary Check ---
IS Period RTH Bars: 980. Start: 2022-12-21 15:00:00+00:00 | End: 2023-02-15 19:15:00+00:00
OOS Start Bar Index: 20378 | Time: 2023-02-15 19:30:00+00:00
ADF Test Result: p-value=0.0000 (Required < 0.10) | OLS Beta: 1.0021
Filter OFF: Spread is stationary. Proceeding with optimization.
IS Optimization Time: 0.03 seconds.
Optimal Params (Sharpe=5.5489, Calmar=53.4727): Z_E=2.5, Z_X=1.5, Z_SL=3.3
📊 Persistence: Saved 485 PnL points to wfa_outputs\oos_equity_curve_SLV_SIVR_15m_20251107_002538_0.1.csv
OOS Period (2023-02-15 19:30:00+00:00 to 2023-03-09 19:15:00+00:00): PnL: $0.14 | Sharpe: 0.0631 | Calmar: 0.4140 | Trades: 10

--- Window 51 Boundary Check ---
IS Period RTH Bars: 980. Start: 2023-01-13 15:00:00+00:00 | End: 2023-03-09 19:15:00+00:00
OOS Start Bar Index: 20768 | Time: 2023-03-09 19:30:00+00:00
ADF Test Result: p-value=0.0000 (Required < 0.10) | OLS Beta: 1.0020
Filter OFF: Spread is stationary. Proceeding with optimization.
IS Optimization Time: 0.03 seconds.
Optimal Params (Sharpe=4.8742, Calmar=21.2958): Z_E=1.9, Z_X=1.5, Z_SL=3.3
📊 Persistence: Saved 511 PnL points to wfa_outputs\oos_equity_curve_SLV_SIVR_15m_20251107_002538_0.1.csv
OOS Period (2023-03-09 19:30:00+00:00 to 2023-03-30 18:15:00+00:00): PnL: $-12.36 | Sharpe: -3.3518 | Calmar: -12.6513 | Trades: 26

--- Window 52 Boundary Check ---
IS Period RTH Bars: 980. Start: 2023-02-06 15:00:00+00:00 | End: 2023-03-30 18:15:00+00:00
OOS Start Bar Index: 21158 | Time: 2023-03-30 18:30:00+00:00
ADF Test Result: p-value=0.0000 (Required < 0.10) | OLS Beta: 1.0001
Filter OFF: Spread is stationary. Proceeding with optimization.
IS Optimization Time: 0.03 seconds.
Optimal Params (Sharpe=4.6212, Calmar=22.9285): Z_E=1.9, Z_X=1.1, Z_SL=3.9
📊 Persistence: Saved 521 PnL points to wfa_outputs\oos_equity_curve_SLV_SIVR_15m_20251107_002538_0.1.csv
OOS Period (2023-03-30 18:30:00+00:00 to 2023-04-21 18:15:00+00:00): PnL: $1.58 | Sharpe: 0.8923 | Calmar: 4.3948 | Trades: 10

--- Window 53 Boundary Check ---
IS Period RTH Bars: 980. Start: 2023-02-28 15:00:00+00:00 | End: 2023-04-21 18:15:00+00:00
OOS Start Bar Index: 21548 | Time: 2023-04-21 18:30:00+00:00
ADF Test Result: p-value=0.0000 (Required < 0.10) | OLS Beta: 0.9996
Filter OFF: Spread is stationary. Proceeding with optimization.
IS Optimization Time: 0.03 seconds.
Optimal Params (Sharpe=3.4798, Calmar=17.5402): Z_E=1.9, Z_X=1.1, Z_SL=3.9
📊 Persistence: Saved 531 PnL points to wfa_outputs\oos_equity_curve_SLV_SIVR_15m_20251107_002538_0.1.csv
OOS Period (2023-04-21 18:30:00+00:00 to 2023-05-12 18:15:00+00:00): PnL: $-0.69 | Sharpe: -0.5163 | Calmar: -2.4502 | Trades: 10

--- Window 54 Boundary Check ---
IS Period RTH Bars: 980. Start: 2023-03-21 14:00:00+00:00 | End: 2023-05-12 18:15:00+00:00
OOS Start Bar Index: 21938 | Time: 2023-05-12 18:30:00+00:00
ADF Test Result: p-value=0.0000 (Required < 0.10) | OLS Beta: 0.9983
Filter OFF: Spread is stationary. Proceeding with optimization.
IS Optimization Time: 0.03 seconds.
Optimal Params (Sharpe=1.6962, Calmar=8.8389): Z_E=2.5, Z_X=1.1, Z_SL=3.3
📊 Persistence: Saved 553 PnL points to wfa_outputs\oos_equity_curve_SLV_SIVR_15m_20251107_002538_0.1.csv
OOS Period (2023-05-12 18:30:00+00:00 to 2023-06-05 18:15:00+00:00): PnL: $17.39 | Sharpe: 4.6365 | Calmar: 41.0919 | Trades: 22

--- Window 55 Boundary Check ---
IS Period RTH Bars: 980. Start: 2023-04-12 14:00:00+00:00 | End: 2023-06-05 18:15:00+00:00
OOS Start Bar Index: 22328 | Time: 2023-06-05 18:30:00+00:00
ADF Test Result: p-value=0.0000 (Required < 0.10) | OLS Beta: 1.0011
Filter OFF: Spread is stationary. Proceeding with optimization.
IS Optimization Time: 0.03 seconds.
Optimal Params (Sharpe=2.8175, Calmar=14.6394): Z_E=2.9, Z_X=1.1, Z_SL=3.3
📊 Persistence: Saved 562 PnL points to wfa_outputs\oos_equity_curve_SLV_SIVR_15m_20251107_002538_0.1.csv
OOS Period (2023-06-05 18:30:00+00:00 to 2023-06-27 18:15:00+00:00): PnL: $-16.48 | Sharpe: -4.7291 | Calmar: -12.3775 | Trades: 9

--- Window 56 Boundary Check ---
IS Period RTH Bars: 980. Start: 2023-05-03 14:00:00+00:00 | End: 2023-06-27 18:15:00+00:00
OOS Start Bar Index: 22718 | Time: 2023-06-27 18:30:00+00:00
ADF Test Result: p-value=0.0000 (Required < 0.10) | OLS Beta: 1.0022
Filter OFF: Spread is stationary. Proceeding with optimization.
IS Optimization Time: 0.03 seconds.
Optimal Params (Sharpe=5.4227, Calmar=28.9845): Z_E=3.1, Z_X=0.7, Z_SL=3.3
📊 Persistence: Saved 566 PnL points to wfa_outputs\oos_equity_curve_SLV_SIVR_15m_20251107_002538_0.1.csv
OOS Period (2023-06-27 18:30:00+00:00 to 2023-07-20 14:15:00+00:00): PnL: $6.70 | Sharpe: 3.6426 | Calmar: 45.4521 | Trades: 4

--- Window 57 Boundary Check ---
IS Period RTH Bars: 980. Start: 2023-05-24 14:00:00+00:00 | End: 2023-07-20 14:15:00+00:00
OOS Start Bar Index: 23108 | Time: 2023-07-20 14:30:00+00:00
ADF Test Result: p-value=0.0000 (Required < 0.10) | OLS Beta: 1.0000
Filter OFF: Spread is stationary. Proceeding with optimization.
IS Optimization Time: 0.03 seconds.
Optimal Params (Sharpe=3.1493, Calmar=15.2544): Z_E=3.1, Z_X=0.7, Z_SL=3.3
📊 Persistence: Saved 568 PnL points to wfa_outputs\oos_equity_curve_SLV_SIVR_15m_20251107_002538_0.1.csv
OOS Period (2023-07-20 14:30:00+00:00 to 2023-08-10 14:15:00+00:00): PnL: $-2.81 | Sharpe: -2.3327 | Calmar: -10.5922 | Trades: 2

--- Window 58 Boundary Check ---
IS Period RTH Bars: 980. Start: 2023-06-15 14:00:00+00:00 | End: 2023-08-10 14:15:00+00:00
OOS Start Bar Index: 23498 | Time: 2023-08-10 14:30:00+00:00
ADF Test Result: p-value=0.0000 (Required < 0.10) | OLS Beta: 0.9995
Filter OFF: Spread is stationary. Proceeding with optimization.
IS Optimization Time: 0.03 seconds.
Optimal Params (Sharpe=4.4569, Calmar=31.3256): Z_E=1.9, Z_X=0.5, Z_SL=3.6
📊 Persistence: Saved 596 PnL points to wfa_outputs\oos_equity_curve_SLV_SIVR_15m_20251107_002538_0.1.csv
OOS Period (2023-08-10 14:30:00+00:00 to 2023-08-31 14:15:00+00:00): PnL: $-10.76 | Sharpe: -2.7554 | Calmar: -9.7030 | Trades: 28

--- Window 59 Boundary Check ---
IS Period RTH Bars: 980. Start: 2023-07-10 16:30:00+00:00 | End: 2023-08-31 14:15:00+00:00
OOS Start Bar Index: 23888 | Time: 2023-08-31 14:30:00+00:00
ADF Test Result: p-value=0.0082 (Required < 0.10) | OLS Beta: 1.0005
Filter OFF: Spread is stationary. Proceeding with optimization.
IS Optimization Time: 0.03 seconds.
Optimal Params (Sharpe=3.4796, Calmar=19.9441): Z_E=1.9, Z_X=0.7, Z_SL=3.6
📊 Persistence: Saved 620 PnL points to wfa_outputs\oos_equity_curve_SLV_SIVR_15m_20251107_002538_0.1.csv
OOS Period (2023-08-31 14:30:00+00:00 to 2023-09-22 14:30:00+00:00): PnL: $-7.75 | Sharpe: -3.0543 | Calmar: -9.7051 | Trades: 24

--- Window 60 Boundary Check ---
IS Period RTH Bars: 980. Start: 2023-07-31 16:30:00+00:00 | End: 2023-09-22 14:30:00+00:00
OOS Start Bar Index: 24278 | Time: 2023-09-22 14:45:00+00:00
ADF Test Result: p-value=0.0019 (Required < 0.10) | OLS Beta: 0.9991
Filter OFF: Spread is stationary. Proceeding with optimization.
IS Optimization Time: 0.03 seconds.
Optimal Params (Sharpe=1.5568, Calmar=6.6752): Z_E=2.1, Z_X=0.9, Z_SL=3.3
📊 Persistence: Saved 638 PnL points to wfa_outputs\oos_equity_curve_SLV_SIVR_15m_20251107_002538_0.1.csv
OOS Period (2023-09-22 14:45:00+00:00 to 2023-10-13 14:30:00+00:00): PnL: $-11.64 | Sharpe: -4.4114 | Calmar: -11.1105 | Trades: 18

--- Window 61 Boundary Check ---
IS Period RTH Bars: 980. Start: 2023-08-21 16:30:00+00:00 | End: 2023-10-13 14:30:00+00:00
OOS Start Bar Index: 24668 | Time: 2023-10-13 14:45:00+00:00
ADF Test Result: p-value=0.0000 (Required < 0.10) | OLS Beta: 1.0009
Filter OFF: Spread is stationary. Proceeding with optimization.
IS Optimization Time: 0.03 seconds.
Optimal Params (Sharpe=2.1374, Calmar=31.7495): Z_E=3.3, Z_X=0.3, Z_SL=3.6
📊 Persistence: Saved 640 PnL points to wfa_outputs\oos_equity_curve_SLV_SIVR_15m_20251107_002538_0.1.csv
OOS Period (2023-10-13 14:45:00+00:00 to 2023-11-03 14:30:00+00:00): PnL: $2.63 | Sharpe: 4.2462 | Calmar: 0.0000 | Trades: 2

--- Window 62 Boundary Check ---
IS Period RTH Bars: 980. Start: 2023-09-12 16:45:00+00:00 | End: 2023-11-03 14:30:00+00:00
OOS Start Bar Index: 25058 | Time: 2023-11-03 14:45:00+00:00
ADF Test Result: p-value=0.0006 (Required < 0.10) | OLS Beta: 0.9995
Filter OFF: Spread is stationary. Proceeding with optimization.
IS Optimization Time: 0.03 seconds.
Optimal Params (Sharpe=1.3385, Calmar=5.2425): Z_E=2.1, Z_X=1.5, Z_SL=3.3
📊 Persistence: Saved 662 PnL points to wfa_outputs\oos_equity_curve_SLV_SIVR_15m_20251107_002538_0.1.csv
OOS Period (2023-11-03 14:45:00+00:00 to 2023-11-27 18:15:00+00:00): PnL: $-2.52 | Sharpe: -1.0094 | Calmar: -3.4952 | Trades: 22

--- Window 63 Boundary Check ---
IS Period RTH Bars: 980. Start: 2023-10-03 16:45:00+00:00 | End: 2023-11-27 18:15:00+00:00
OOS Start Bar Index: 25448 | Time: 2023-11-27 18:30:00+00:00
ADF Test Result: p-value=0.0000 (Required < 0.10) | OLS Beta: 0.9981
Filter OFF: Spread is stationary. Proceeding with optimization.
IS Optimization Time: 0.03 seconds.
Optimal Params (Sharpe=3.9972, Calmar=19.4671): Z_E=2.5, Z_X=0.5, Z_SL=3.3
📊 Persistence: Saved 666 PnL points to wfa_outputs\oos_equity_curve_SLV_SIVR_15m_20251107_002538_0.1.csv
OOS Period (2023-11-27 18:30:00+00:00 to 2023-12-18 18:15:00+00:00): PnL: $6.03 | Sharpe: 8.1160 | Calmar: 0.0000 | Trades: 4

--- Window 64 Boundary Check ---
IS Period RTH Bars: 980. Start: 2023-10-24 16:45:00+00:00 | End: 2023-12-18 18:15:00+00:00
OOS Start Bar Index: 25838 | Time: 2023-12-18 18:30:00+00:00
ADF Test Result: p-value=0.0000 (Required < 0.10) | OLS Beta: 0.9995
Filter OFF: Spread is stationary. Proceeding with optimization.
IS Optimization Time: 0.03 seconds.
Optimal Params (Sharpe=4.3128, Calmar=38.7788): Z_E=2.5, Z_X=0.5, Z_SL=3.3
📊 Persistence: Saved 680 PnL points to wfa_outputs\oos_equity_curve_SLV_SIVR_15m_20251107_002538_0.1.csv
OOS Period (2023-12-18 18:30:00+00:00 to 2024-01-10 18:15:00+00:00): PnL: $-1.14 | Sharpe: -0.5306 | Calmar: -2.4903 | Trades: 14

--- Window 65 Boundary Check ---
IS Period RTH Bars: 980. Start: 2023-11-14 17:45:00+00:00 | End: 2024-01-10 18:15:00+00:00
OOS Start Bar Index: 26228 | Time: 2024-01-10 18:30:00+00:00
ADF Test Result: p-value=0.0008 (Required < 0.10) | OLS Beta: 1.0019
Filter OFF: Spread is stationary. Proceeding with optimization.
IS Optimization Time: 0.03 seconds.
Optimal Params (Sharpe=2.3848, Calmar=11.0863): Z_E=2.3, Z_X=0.5, Z_SL=3.3
📊 Persistence: Saved 699 PnL points to wfa_outputs\oos_equity_curve_SLV_SIVR_15m_20251107_002538_0.1.csv
OOS Period (2024-01-10 18:30:00+00:00 to 2024-02-01 18:15:00+00:00): PnL: $5.27 | Sharpe: 2.1229 | Calmar: 8.2311 | Trades: 19

--- Window 66 Boundary Check ---
IS Period RTH Bars: 980. Start: 2023-12-06 20:30:00+00:00 | End: 2024-02-01 18:15:00+00:00
OOS Start Bar Index: 26618 | Time: 2024-02-01 18:30:00+00:00
ADF Test Result: p-value=0.0015 (Required < 0.10) | OLS Beta: 1.0012
Filter OFF: Spread is stationary. Proceeding with optimization.
IS Optimization Time: 0.03 seconds.
Optimal Params (Sharpe=5.6998, Calmar=39.2692): Z_E=2.3, Z_X=1.1, Z_SL=3.9
📊 Persistence: Saved 708 PnL points to wfa_outputs\oos_equity_curve_SLV_SIVR_15m_20251107_002538_0.1.csv
OOS Period (2024-02-01 18:30:00+00:00 to 2024-02-23 18:15:00+00:00): PnL: $0.28 | Sharpe: 0.3484 | Calmar: 2.1068 | Trades: 9

--- Window 67 Boundary Check ---
IS Period RTH Bars: 980. Start: 2023-12-28 20:30:00+00:00 | End: 2024-02-23 18:15:00+00:00
OOS Start Bar Index: 27008 | Time: 2024-02-23 18:30:00+00:00
ADF Test Result: p-value=0.0000 (Required < 0.10) | OLS Beta: 0.9999
Filter OFF: Spread is stationary. Proceeding with optimization.
IS Optimization Time: 0.03 seconds.
Optimal Params (Sharpe=6.1430, Calmar=50.0579): Z_E=2.1, Z_X=1.1, Z_SL=3.9
📊 Persistence: Saved 716 PnL points to wfa_outputs\oos_equity_curve_SLV_SIVR_15m_20251107_002538_0.1.csv
OOS Period (2024-02-23 18:30:00+00:00 to 2024-03-15 17:15:00+00:00): PnL: $8.08 | Sharpe: 5.4931 | Calmar: 73.8876 | Trades: 8

--- Window 68 Boundary Check ---
IS Period RTH Bars: 980. Start: 2024-01-22 20:30:00+00:00 | End: 2024-03-15 17:15:00+00:00
OOS Start Bar Index: 27398 | Time: 2024-03-15 17:30:00+00:00
ADF Test Result: p-value=0.0000 (Required < 0.10) | OLS Beta: 0.9983
Filter OFF: Spread is stationary. Proceeding with optimization.
IS Optimization Time: 0.03 seconds.
Optimal Params (Sharpe=7.6915, Calmar=118.4678): Z_E=2.1, Z_X=0.9, Z_SL=3.9
📊 Persistence: Saved 726 PnL points to wfa_outputs\oos_equity_curve_SLV_SIVR_15m_20251107_002538_0.1.csv
OOS Period (2024-03-15 17:30:00+00:00 to 2024-04-08 17:15:00+00:00): PnL: $1.97 | Sharpe: 1.9799 | Calmar: 7.2981 | Trades: 10

--- Window 69 Boundary Check ---
IS Period RTH Bars: 980. Start: 2024-02-12 20:30:00+00:00 | End: 2024-04-08 17:15:00+00:00
OOS Start Bar Index: 27788 | Time: 2024-04-08 17:30:00+00:00
ADF Test Result: p-value=0.0000 (Required < 0.10) | OLS Beta: 0.9992
Filter OFF: Spread is stationary. Proceeding with optimization.
IS Optimization Time: 0.03 seconds.
Optimal Params (Sharpe=5.9191, Calmar=76.4485): Z_E=2.5, Z_X=0.3, Z_SL=3.3
📊 Persistence: Saved 737 PnL points to wfa_outputs\oos_equity_curve_SLV_SIVR_15m_20251107_002538_0.1.csv
OOS Period (2024-04-08 17:30:00+00:00 to 2024-04-29 17:15:00+00:00): PnL: $-1.79 | Sharpe: -1.8068 | Calmar: -7.4285 | Trades: 11

--- Window 70 Boundary Check ---
IS Period RTH Bars: 980. Start: 2024-03-05 20:30:00+00:00 | End: 2024-04-29 17:15:00+00:00
OOS Start Bar Index: 28178 | Time: 2024-04-29 17:30:00+00:00
ADF Test Result: p-value=0.0000 (Required < 0.10) | OLS Beta: 0.9984
Filter OFF: Spread is stationary. Proceeding with optimization.
IS Optimization Time: 0.03 seconds.
Optimal Params (Sharpe=4.6004, Calmar=91.4216): Z_E=3.1, Z_X=0.3, Z_SL=3.3
📊 Persistence: Saved 741 PnL points to wfa_outputs\oos_equity_curve_SLV_SIVR_15m_20251107_002538_0.1.csv
OOS Period (2024-04-29 17:30:00+00:00 to 2024-05-20 17:15:00+00:00): PnL: $-1.00 | Sharpe: -1.1072 | Calmar: -5.1037 | Trades: 4

--- Window 71 Boundary Check ---
IS Period RTH Bars: 980. Start: 2024-03-26 19:30:00+00:00 | End: 2024-05-20 17:15:00+00:00
OOS Start Bar Index: 28568 | Time: 2024-05-20 17:30:00+00:00
ADF Test Result: p-value=0.0008 (Required < 0.10) | OLS Beta: 0.9985
Filter OFF: Spread is stationary. Proceeding with optimization.
IS Optimization Time: 0.03 seconds.
Optimal Params (Sharpe=3.1306, Calmar=15.4491): Z_E=3.1, Z_X=0.3, Z_SL=3.3
📊 Persistence: Saved 743 PnL points to wfa_outputs\oos_equity_curve_SLV_SIVR_15m_20251107_002538_0.1.csv
OOS Period (2024-05-20 17:30:00+00:00 to 2024-06-11 17:15:00+00:00): PnL: $2.92 | Sharpe: 5.0385 | Calmar: 0.0000 | Trades: 2

--- Window 72 Boundary Check ---
IS Period RTH Bars: 980. Start: 2024-04-17 19:30:00+00:00 | End: 2024-06-11 17:15:00+00:00
OOS Start Bar Index: 28958 | Time: 2024-06-11 17:30:00+00:00
ADF Test Result: p-value=0.0000 (Required < 0.10) | OLS Beta: 0.9998
Filter OFF: Spread is stationary. Proceeding with optimization.
IS Optimization Time: 0.03 seconds.
Optimal Params (Sharpe=5.7697, Calmar=37.8286): Z_E=2.3, Z_X=0.3, Z_SL=3.3
📊 Persistence: Saved 756 PnL points to wfa_outputs\oos_equity_curve_SLV_SIVR_15m_20251107_002538_0.1.csv
OOS Period (2024-06-11 17:30:00+00:00 to 2024-07-03 17:15:00+00:00): PnL: $2.11 | Sharpe: 1.1494 | Calmar: 8.5206 | Trades: 13

--- Window 73 Boundary Check ---
IS Period RTH Bars: 980. Start: 2024-05-08 19:30:00+00:00 | End: 2024-07-03 17:15:00+00:00
OOS Start Bar Index: 29348 | Time: 2024-07-03 17:45:00+00:00
ADF Test Result: p-value=0.0018 (Required < 0.10) | OLS Beta: 1.0010
Filter OFF: Spread is stationary. Proceeding with optimization.
IS Optimization Time: 0.03 seconds.
Optimal Params (Sharpe=6.2126, Calmar=35.9464): Z_E=2.3, Z_X=0.7, Z_SL=3.3
📊 Persistence: Saved 772 PnL points to wfa_outputs\oos_equity_curve_SLV_SIVR_15m_20251107_002538_0.1.csv
OOS Period (2024-07-03 17:45:00+00:00 to 2024-07-25 19:15:00+00:00): PnL: $5.17 | Sharpe: 3.0678 | Calmar: 16.4747 | Trades: 16

--- Window 74 Boundary Check ---
IS Period RTH Bars: 980. Start: 2024-05-30 19:30:00+00:00 | End: 2024-07-25 19:15:00+00:00
OOS Start Bar Index: 29738 | Time: 2024-07-25 19:30:00+00:00
ADF Test Result: p-value=0.0024 (Required < 0.10) | OLS Beta: 0.9996
Filter OFF: Spread is stationary. Proceeding with optimization.
IS Optimization Time: 0.03 seconds.
Optimal Params (Sharpe=3.7898, Calmar=12.1140): Z_E=2.5, Z_X=0.5, Z_SL=3.3
📊 Persistence: Saved 794 PnL points to wfa_outputs\oos_equity_curve_SLV_SIVR_15m_20251107_002538_0.1.csv
OOS Period (2024-07-25 19:30:00+00:00 to 2024-08-15 19:15:00+00:00): PnL: $-26.45 | Sharpe: -7.5568 | Calmar: -15.8566 | Trades: 22

--- Window 75 Boundary Check ---
IS Period RTH Bars: 980. Start: 2024-06-21 19:30:00+00:00 | End: 2024-08-15 19:15:00+00:00
OOS Start Bar Index: 30128 | Time: 2024-08-15 19:30:00+00:00
ADF Test Result: p-value=0.0000 (Required < 0.10) | OLS Beta: 1.0011
Filter OFF: Spread is stationary. Proceeding with optimization.
IS Optimization Time: 0.03 seconds.
Optimal Params (Sharpe=5.0563, Calmar=39.9514): Z_E=2.5, Z_X=0.5, Z_SL=3.3
📊 Persistence: Saved 799 PnL points to wfa_outputs\oos_equity_curve_SLV_SIVR_15m_20251107_002538_0.1.csv
OOS Period (2024-08-15 19:30:00+00:00 to 2024-09-06 19:15:00+00:00): PnL: $3.19 | Sharpe: 4.3294 | Calmar: 96.9564 | Trades: 5

--- Window 76 Boundary Check ---
IS Period RTH Bars: 980. Start: 2024-07-16 15:00:00+00:00 | End: 2024-09-06 19:15:00+00:00
OOS Start Bar Index: 30518 | Time: 2024-09-06 19:30:00+00:00
ADF Test Result: p-value=0.0000 (Required < 0.10) | OLS Beta: 1.0001
Filter OFF: Spread is stationary. Proceeding with optimization.
IS Optimization Time: 0.03 seconds.
Optimal Params (Sharpe=6.1892, Calmar=54.7435): Z_E=2.3, Z_X=0.5, Z_SL=3.3
📊 Persistence: Saved 819 PnL points to wfa_outputs\oos_equity_curve_SLV_SIVR_15m_20251107_002538_0.1.csv
OOS Period (2024-09-06 19:30:00+00:00 to 2024-09-27 19:15:00+00:00): PnL: $-5.98 | Sharpe: -2.3609 | Calmar: -11.0392 | Trades: 20

--- Window 77 Boundary Check ---
IS Period RTH Bars: 980. Start: 2024-08-06 15:00:00+00:00 | End: 2024-09-27 19:15:00+00:00
OOS Start Bar Index: 30908 | Time: 2024-09-27 19:30:00+00:00
ADF Test Result: p-value=0.0000 (Required < 0.10) | OLS Beta: 0.9980
Filter OFF: Spread is stationary. Proceeding with optimization.
IS Optimization Time: 0.03 seconds.
Optimal Params (Sharpe=4.1164, Calmar=26.6582): Z_E=2.3, Z_X=0.5, Z_SL=3.3
📊 Persistence: Saved 839 PnL points to wfa_outputs\oos_equity_curve_SLV_SIVR_15m_20251107_002538_0.1.csv
OOS Period (2024-09-27 19:30:00+00:00 to 2024-10-18 19:15:00+00:00): PnL: $-13.91 | Sharpe: -4.4433 | Calmar: -12.9472 | Trades: 20

--- Window 78 Boundary Check ---
IS Period RTH Bars: 980. Start: 2024-08-27 15:00:00+00:00 | End: 2024-10-18 19:15:00+00:00
OOS Start Bar Index: 31298 | Time: 2024-10-18 19:30:00+00:00
ADF Test Result: p-value=0.0000 (Required < 0.10) | OLS Beta: 0.9978
Filter OFF: Spread is stationary. Proceeding with optimization.
IS Optimization Time: 0.03 seconds.
Optimal Params (Sharpe=2.4413, Calmar=14.2582): Z_E=3.3, Z_X=0.5, Z_SL=3.6
📊 Persistence: Saved 842 PnL points to wfa_outputs\oos_equity_curve_SLV_SIVR_15m_20251107_002538_0.1.csv
OOS Period (2024-10-18 19:30:00+00:00 to 2024-11-08 20:15:00+00:00): PnL: $-3.79 | Sharpe: -6.4491 | Calmar: -17.3015 | Trades: 3

--- Window 79 Boundary Check ---
IS Period RTH Bars: 980. Start: 2024-09-18 15:00:00+00:00 | End: 2024-11-08 20:15:00+00:00
OOS Start Bar Index: 31688 | Time: 2024-11-08 20:30:00+00:00
ADF Test Result: p-value=0.0000 (Required < 0.10) | OLS Beta: 0.9989
Filter OFF: Spread is stationary. Proceeding with optimization.
IS Optimization Time: 0.03 seconds.
Optimal Params (Sharpe=1.6056, Calmar=9.8116): Z_E=2.3, Z_X=1.1, Z_SL=4.2
📊 Persistence: Saved 849 PnL points to wfa_outputs\oos_equity_curve_SLV_SIVR_15m_20251107_002538_0.1.csv
OOS Period (2024-11-08 20:30:00+00:00 to 2024-12-03 15:30:00+00:00): PnL: $13.76 | Sharpe: 8.1294 | Calmar: 493.0141 | Trades: 7

--- Window 80 Boundary Check ---
IS Period RTH Bars: 980. Start: 2024-10-09 15:00:00+00:00 | End: 2024-12-03 15:30:00+00:00
OOS Start Bar Index: 32078 | Time: 2024-12-03 15:45:00+00:00
ADF Test Result: p-value=0.0000 (Required < 0.10) | OLS Beta: 1.0013
Filter OFF: Spread is stationary. Proceeding with optimization.
IS Optimization Time: 0.03 seconds.
Optimal Params (Sharpe=4.9926, Calmar=26.1599): Z_E=1.9, Z_X=1.1, Z_SL=3.3
📊 Persistence: Saved 870 PnL points to wfa_outputs\oos_equity_curve_SLV_SIVR_15m_20251107_002538_0.1.csv
OOS Period (2024-12-03 15:45:00+00:00 to 2024-12-24 15:30:00+00:00): PnL: $-5.78 | Sharpe: -3.0320 | Calmar: -14.0397 | Trades: 21

--- Window 81 Boundary Check ---
IS Period RTH Bars: 980. Start: 2024-10-30 15:00:00+00:00 | End: 2024-12-24 15:30:00+00:00
OOS Start Bar Index: 32468 | Time: 2024-12-24 15:45:00+00:00
ADF Test Result: p-value=0.0000 (Required < 0.10) | OLS Beta: 1.0014
Filter OFF: Spread is stationary. Proceeding with optimization.
IS Optimization Time: 0.03 seconds.
Optimal Params (Sharpe=5.8082, Calmar=65.8395): Z_E=2.7, Z_X=0.5, Z_SL=4.8
📊 Persistence: Saved 873 PnL points to wfa_outputs\oos_equity_curve_SLV_SIVR_15m_20251107_002538_0.1.csv
OOS Period (2024-12-24 15:45:00+00:00 to 2024-12-27 20:45:00+00:00): PnL: $-29.47 | Sharpe: -10.6888 | Calmar: -94.2934 | Trades: 3

############################################################
📈 OVERALL SIMULATION PERFORMANCE (Walk-Forward Test)
############################################################
Timeframe Used: 1Min, Value: 15
ADF Cointegration Filter Threshold: 0.1
Total OOS Windows Tested: 81
Total Trades Executed: 873
--- Final Performance Metrics ---
Total PnL: $-116.14
Overall Sharpe Ratio (Annualized): -0.1235
Overall Calmar Ratio (Annualized): -0.0167
Maximum Dollar Drawdown (MDD): $273.63

--- Execution Time ---
Total Elapsed Time: 66.80 seconds
############################################################
[0m