--- Dynamic Timeframe Configuration ---
TimeFrame Selected: 1Min, Value: 15
Bars per Trading Day: 26
Annualization Factor (Bars/Year): 6552
Statistical Lookback Bars: 145
Optimization Lookback Bars: 1268
---------------------------------------
--- Diagnostic Check ---
API Key ID Length: 26
API Secret Key Length: 44
StockHistoricalDataClient initialized successfully. Starting data fetch...
--------------------------
Pre-compiling Numba function for first run optimization...
Numba pre-compilation complete.
Fetching data from 2020-01-01 to 2024-12-30...
Fetching 15Min data for GS...
Fetching 15Min data for JPM...
Data acquired successfully. Total 1Min RTH bars: 32502
Skipping full pre-calculation. Metrics will be calculated inside the WFA loop.

============================================================
📈 Starting Rolling Backtest: IS Optimization Window=1268 bars, Shift=15 days
   Data already processed with Statistical Rolling Window: 145 bars
   ADF Cointegration Filter: p-value < 0.05
============================================================

--- Window 1 Boundary Check ---
IS Period RTH Bars: 980. Start: 2020-01-17 15:00:00+00:00 | End: 2020-03-12 18:15:00+00:00
OOS Start Bar Index: 1268 | Time: 2020-03-12 18:30:00+00:00
ADF Test Result: p-value=0.5611 (Required < 0.05) | OLS Beta: 0.9205
Filter ON: Spread not stationary (p-value too high). Skipping optimization and OOS test.

--- Window 2 Boundary Check ---
IS Period RTH Bars: 980. Start: 2020-02-10 15:00:00+00:00 | End: 2020-04-02 18:15:00+00:00
OOS Start Bar Index: 1658 | Time: 2020-04-02 18:30:00+00:00
ADF Test Result: p-value=0.0199 (Required < 0.05) | OLS Beta: 0.9712
Filter OFF: Spread is stationary. Proceeding with optimization.
IS Optimization Time: 0.07 seconds.
Optimal Params (Sharpe=4.6624, Calmar=55.5467): Z_E=2.1, Z_X=0.5, Z_SL=3.6
📊 Persistence: Saved 100 PnL points to wfa_outputs\oos_equity_curve_GS_JPM_15m_20251105_164349_0.05.csv
OOS Period (2020-04-02 18:30:00+00:00 to 2020-04-24 18:15:00+00:00): PnL: $-316.20 | Sharpe: -4.9999 | Calmar: -11.6975 | Trades: 100

--- Window 3 Boundary Check ---
IS Period RTH Bars: 980. Start: 2020-03-03 15:00:00+00:00 | End: 2020-04-24 18:15:00+00:00
OOS Start Bar Index: 2048 | Time: 2020-04-24 18:30:00+00:00
ADF Test Result: p-value=0.4455 (Required < 0.05) | OLS Beta: 1.0411
Filter ON: Spread not stationary (p-value too high). Skipping optimization and OOS test.

--- Window 4 Boundary Check ---
IS Period RTH Bars: 980. Start: 2020-03-24 14:00:00+00:00 | End: 2020-05-15 18:15:00+00:00
OOS Start Bar Index: 2438 | Time: 2020-05-15 18:30:00+00:00
ADF Test Result: p-value=0.4220 (Required < 0.05) | OLS Beta: 1.0105
Filter ON: Spread not stationary (p-value too high). Skipping optimization and OOS test.

--- Window 5 Boundary Check ---
IS Period RTH Bars: 980. Start: 2020-04-15 14:00:00+00:00 | End: 2020-06-08 18:15:00+00:00
OOS Start Bar Index: 2828 | Time: 2020-06-08 18:30:00+00:00
ADF Test Result: p-value=0.2057 (Required < 0.05) | OLS Beta: 1.0544
Filter ON: Spread not stationary (p-value too high). Skipping optimization and OOS test.

--- Window 6 Boundary Check ---
IS Period RTH Bars: 980. Start: 2020-05-06 14:00:00+00:00 | End: 2020-06-29 18:15:00+00:00
OOS Start Bar Index: 3218 | Time: 2020-06-29 18:30:00+00:00
ADF Test Result: p-value=0.2030 (Required < 0.05) | OLS Beta: 1.0243
Filter ON: Spread not stationary (p-value too high). Skipping optimization and OOS test.

--- Window 7 Boundary Check ---
IS Period RTH Bars: 980. Start: 2020-05-28 14:00:00+00:00 | End: 2020-07-21 18:15:00+00:00
OOS Start Bar Index: 3608 | Time: 2020-07-21 18:30:00+00:00
ADF Test Result: p-value=0.3646 (Required < 0.05) | OLS Beta: 0.6234
Filter ON: Spread not stationary (p-value too high). Skipping optimization and OOS test.

--- Window 8 Boundary Check ---
IS Period RTH Bars: 980. Start: 2020-06-18 14:00:00+00:00 | End: 2020-08-11 18:15:00+00:00
OOS Start Bar Index: 3998 | Time: 2020-08-11 18:30:00+00:00
ADF Test Result: p-value=0.2499 (Required < 0.05) | OLS Beta: 0.8052
Filter ON: Spread not stationary (p-value too high). Skipping optimization and OOS test.

--- Window 9 Boundary Check ---
IS Period RTH Bars: 980. Start: 2020-07-10 14:00:00+00:00 | End: 2020-09-01 18:15:00+00:00
OOS Start Bar Index: 4388 | Time: 2020-09-01 18:30:00+00:00
ADF Test Result: p-value=0.3708 (Required < 0.05) | OLS Beta: 0.6458
Filter ON: Spread not stationary (p-value too high). Skipping optimization and OOS test.

--- Window 10 Boundary Check ---
IS Period RTH Bars: 980. Start: 2020-07-31 14:00:00+00:00 | End: 2020-09-23 18:15:00+00:00
OOS Start Bar Index: 4778 | Time: 2020-09-23 18:30:00+00:00
ADF Test Result: p-value=0.3466 (Required < 0.05) | OLS Beta: 0.8477
Filter ON: Spread not stationary (p-value too high). Skipping optimization and OOS test.

--- Window 11 Boundary Check ---
IS Period RTH Bars: 980. Start: 2020-08-21 14:00:00+00:00 | End: 2020-10-14 18:15:00+00:00
OOS Start Bar Index: 5168 | Time: 2020-10-14 18:30:00+00:00
ADF Test Result: p-value=0.1686 (Required < 0.05) | OLS Beta: 0.8373
Filter ON: Spread not stationary (p-value too high). Skipping optimization and OOS test.

--- Window 12 Boundary Check ---
IS Period RTH Bars: 980. Start: 2020-09-14 14:00:00+00:00 | End: 2020-11-04 19:15:00+00:00
OOS Start Bar Index: 5558 | Time: 2020-11-04 19:30:00+00:00
ADF Test Result: p-value=0.4384 (Required < 0.05) | OLS Beta: 0.7132
Filter ON: Spread not stationary (p-value too high). Skipping optimization and OOS test.

--- Window 13 Boundary Check ---
IS Period RTH Bars: 980. Start: 2020-10-05 14:00:00+00:00 | End: 2020-11-25 19:15:00+00:00
OOS Start Bar Index: 5948 | Time: 2020-11-25 19:30:00+00:00
ADF Test Result: p-value=0.6947 (Required < 0.05) | OLS Beta: 0.6970
Filter ON: Spread not stationary (p-value too high). Skipping optimization and OOS test.

--- Window 14 Boundary Check ---
IS Period RTH Bars: 980. Start: 2020-10-26 14:00:00+00:00 | End: 2020-12-18 14:45:00+00:00
OOS Start Bar Index: 6338 | Time: 2020-12-18 15:00:00+00:00
ADF Test Result: p-value=0.5234 (Required < 0.05) | OLS Beta: 1.0526
Filter ON: Spread not stationary (p-value too high). Skipping optimization and OOS test.

--- Window 15 Boundary Check ---
IS Period RTH Bars: 980. Start: 2020-11-16 15:00:00+00:00 | End: 2021-01-12 16:30:00+00:00
OOS Start Bar Index: 6728 | Time: 2021-01-12 16:45:00+00:00
ADF Test Result: p-value=0.2921 (Required < 0.05) | OLS Beta: 1.6168
Filter ON: Spread not stationary (p-value too high). Skipping optimization and OOS test.

--- Window 16 Boundary Check ---
IS Period RTH Bars: 980. Start: 2020-12-08 17:00:00+00:00 | End: 2021-02-03 16:30:00+00:00
OOS Start Bar Index: 7118 | Time: 2021-02-03 16:45:00+00:00
ADF Test Result: p-value=0.0003 (Required < 0.05) | OLS Beta: 1.3728
Filter OFF: Spread is stationary. Proceeding with optimization.
IS Optimization Time: 0.07 seconds.
Optimal Params (Sharpe=4.7000, Calmar=33.8980): Z_E=1.9, Z_X=0.5, Z_SL=3.6
📊 Persistence: Saved 134 PnL points to wfa_outputs\oos_equity_curve_GS_JPM_15m_20251105_164349_0.05.csv
OOS Period (2021-02-03 16:45:00+00:00 to 2021-02-25 16:30:00+00:00): PnL: $32.32 | Sharpe: 1.2622 | Calmar: 7.3749 | Trades: 34

--- Window 17 Boundary Check ---
IS Period RTH Bars: 980. Start: 2020-12-30 18:45:00+00:00 | End: 2021-02-25 16:30:00+00:00
OOS Start Bar Index: 7508 | Time: 2021-02-25 16:45:00+00:00
ADF Test Result: p-value=0.0009 (Required < 0.05) | OLS Beta: 1.0451
Filter OFF: Spread is stationary. Proceeding with optimization.
IS Optimization Time: 0.07 seconds.
Optimal Params (Sharpe=4.3946, Calmar=25.2977): Z_E=1.9, Z_X=0.5, Z_SL=3.6
📊 Persistence: Saved 191 PnL points to wfa_outputs\oos_equity_curve_GS_JPM_15m_20251105_164349_0.05.csv
OOS Period (2021-02-25 16:45:00+00:00 to 2021-03-18 15:30:00+00:00): PnL: $-91.97 | Sharpe: -2.1118 | Calmar: -6.2024 | Trades: 57

--- Window 18 Boundary Check ---
IS Period RTH Bars: 980. Start: 2021-01-22 18:45:00+00:00 | End: 2021-03-18 15:30:00+00:00
OOS Start Bar Index: 7898 | Time: 2021-03-18 15:45:00+00:00
ADF Test Result: p-value=0.0872 (Required < 0.05) | OLS Beta: 1.1959
Filter ON: Spread not stationary (p-value too high). Skipping optimization and OOS test.

--- Window 19 Boundary Check ---
IS Period RTH Bars: 980. Start: 2021-02-12 18:45:00+00:00 | End: 2021-04-09 15:30:00+00:00
OOS Start Bar Index: 8288 | Time: 2021-04-09 15:45:00+00:00
ADF Test Result: p-value=0.4426 (Required < 0.05) | OLS Beta: 1.1831
Filter ON: Spread not stationary (p-value too high). Skipping optimization and OOS test.

--- Window 20 Boundary Check ---
IS Period RTH Bars: 980. Start: 2021-03-08 18:45:00+00:00 | End: 2021-05-03 15:15:00+00:00
OOS Start Bar Index: 8678 | Time: 2021-05-03 15:30:00+00:00
ADF Test Result: p-value=0.6729 (Required < 0.05) | OLS Beta: 0.4501
Filter ON: Spread not stationary (p-value too high). Skipping optimization and OOS test.

--- Window 21 Boundary Check ---
IS Period RTH Bars: 980. Start: 2021-03-29 17:45:00+00:00 | End: 2021-05-24 15:15:00+00:00
OOS Start Bar Index: 9068 | Time: 2021-05-24 15:30:00+00:00
ADF Test Result: p-value=0.4224 (Required < 0.05) | OLS Beta: 1.1974
Filter ON: Spread not stationary (p-value too high). Skipping optimization and OOS test.

--- Window 22 Boundary Check ---
IS Period RTH Bars: 980. Start: 2021-04-21 17:30:00+00:00 | End: 2021-06-15 15:15:00+00:00
OOS Start Bar Index: 9458 | Time: 2021-06-15 15:30:00+00:00
ADF Test Result: p-value=0.9721 (Required < 0.05) | OLS Beta: 1.1378
Filter ON: Spread not stationary (p-value too high). Skipping optimization and OOS test.

--- Window 23 Boundary Check ---
IS Period RTH Bars: 980. Start: 2021-05-12 17:30:00+00:00 | End: 2021-07-07 15:15:00+00:00
OOS Start Bar Index: 9848 | Time: 2021-07-07 15:30:00+00:00
ADF Test Result: p-value=0.3921 (Required < 0.05) | OLS Beta: 0.4414
Filter ON: Spread not stationary (p-value too high). Skipping optimization and OOS test.

--- Window 24 Boundary Check ---
IS Period RTH Bars: 980. Start: 2021-06-03 17:30:00+00:00 | End: 2021-07-28 15:15:00+00:00
OOS Start Bar Index: 10238 | Time: 2021-07-28 15:30:00+00:00
ADF Test Result: p-value=0.3269 (Required < 0.05) | OLS Beta: 0.7610
Filter ON: Spread not stationary (p-value too high). Skipping optimization and OOS test.

--- Window 25 Boundary Check ---
IS Period RTH Bars: 980. Start: 2021-06-24 17:30:00+00:00 | End: 2021-08-18 15:15:00+00:00
OOS Start Bar Index: 10628 | Time: 2021-08-18 15:30:00+00:00
ADF Test Result: p-value=0.5880 (Required < 0.05) | OLS Beta: 1.6457
Filter ON: Spread not stationary (p-value too high). Skipping optimization and OOS test.

--- Window 26 Boundary Check ---
IS Period RTH Bars: 980. Start: 2021-07-16 17:30:00+00:00 | End: 2021-09-09 15:15:00+00:00
OOS Start Bar Index: 11018 | Time: 2021-09-09 15:30:00+00:00
ADF Test Result: p-value=0.0031 (Required < 0.05) | OLS Beta: 1.7274
Filter OFF: Spread is stationary. Proceeding with optimization.
IS Optimization Time: 0.07 seconds.
Optimal Params (Sharpe=4.8454, Calmar=1787.0742): Z_E=2.5, Z_X=0.5, Z_SL=4.2
📊 Persistence: Saved 260 PnL points to wfa_outputs\oos_equity_curve_GS_JPM_15m_20251105_164349_0.05.csv
OOS Period (2021-09-09 15:30:00+00:00 to 2021-09-30 15:15:00+00:00): PnL: $-66.12 | Sharpe: -1.8526 | Calmar: -6.5798 | Trades: 69

--- Window 27 Boundary Check ---
IS Period RTH Bars: 980. Start: 2021-08-06 17:30:00+00:00 | End: 2021-09-30 15:15:00+00:00
OOS Start Bar Index: 11408 | Time: 2021-09-30 15:30:00+00:00
ADF Test Result: p-value=0.9704 (Required < 0.05) | OLS Beta: 0.4394
Filter ON: Spread not stationary (p-value too high). Skipping optimization and OOS test.

--- Window 28 Boundary Check ---
IS Period RTH Bars: 980. Start: 2021-08-27 17:30:00+00:00 | End: 2021-10-21 15:15:00+00:00
OOS Start Bar Index: 11798 | Time: 2021-10-21 15:30:00+00:00
ADF Test Result: p-value=0.3449 (Required < 0.05) | OLS Beta: -0.0238
Filter ON: Spread not stationary (p-value too high). Skipping optimization and OOS test.

--- Window 29 Boundary Check ---
IS Period RTH Bars: 980. Start: 2021-09-20 17:30:00+00:00 | End: 2021-11-12 16:00:00+00:00
OOS Start Bar Index: 12188 | Time: 2021-11-12 16:15:00+00:00
ADF Test Result: p-value=0.6152 (Required < 0.05) | OLS Beta: 0.8220
Filter ON: Spread not stationary (p-value too high). Skipping optimization and OOS test.

--- Window 30 Boundary Check ---
IS Period RTH Bars: 980. Start: 2021-10-11 17:30:00+00:00 | End: 2021-12-06 17:30:00+00:00
OOS Start Bar Index: 12578 | Time: 2021-12-06 17:45:00+00:00
ADF Test Result: p-value=0.0009 (Required < 0.05) | OLS Beta: 1.2346
Filter OFF: Spread is stationary. Proceeding with optimization.
IS Optimization Time: 0.07 seconds.
Optimal Params (Sharpe=-0.9453, Calmar=-2.4565): Z_E=2.5, Z_X=0.3, Z_SL=3.6
📊 Persistence: Saved 267 PnL points to wfa_outputs\oos_equity_curve_GS_JPM_15m_20251105_164349_0.05.csv
OOS Period (2021-12-06 17:45:00+00:00 to 2021-12-28 17:30:00+00:00): PnL: $-37.30 | Sharpe: -1.6961 | Calmar: -5.9244 | Trades: 7

--- Window 31 Boundary Check ---
IS Period RTH Bars: 980. Start: 2021-11-02 17:15:00+00:00 | End: 2021-12-28 17:30:00+00:00
OOS Start Bar Index: 12968 | Time: 2021-12-28 17:45:00+00:00
ADF Test Result: p-value=0.0267 (Required < 0.05) | OLS Beta: 0.8503
Filter OFF: Spread is stationary. Proceeding with optimization.
IS Optimization Time: 0.07 seconds.
Optimal Params (Sharpe=4.2634, Calmar=73.3697): Z_E=2.5, Z_X=0.9, Z_SL=3.3
📊 Persistence: Saved 291 PnL points to wfa_outputs\oos_equity_curve_GS_JPM_15m_20251105_164349_0.05.csv
OOS Period (2021-12-28 17:45:00+00:00 to 2022-01-19 17:30:00+00:00): PnL: $28.01 | Sharpe: 0.9188 | Calmar: 4.6527 | Trades: 24

--- Window 32 Boundary Check ---
IS Period RTH Bars: 980. Start: 2021-11-23 18:15:00+00:00 | End: 2022-01-19 17:30:00+00:00
OOS Start Bar Index: 13358 | Time: 2022-01-19 17:45:00+00:00
ADF Test Result: p-value=0.4776 (Required < 0.05) | OLS Beta: 0.8331
Filter ON: Spread not stationary (p-value too high). Skipping optimization and OOS test.

--- Window 33 Boundary Check ---
IS Period RTH Bars: 980. Start: 2021-12-15 19:45:00+00:00 | End: 2022-02-09 17:30:00+00:00
OOS Start Bar Index: 13748 | Time: 2022-02-09 17:45:00+00:00
ADF Test Result: p-value=0.0786 (Required < 0.05) | OLS Beta: 1.1212
Filter ON: Spread not stationary (p-value too high). Skipping optimization and OOS test.

--- Window 34 Boundary Check ---
IS Period RTH Bars: 980. Start: 2022-01-06 19:45:00+00:00 | End: 2022-03-03 17:30:00+00:00
OOS Start Bar Index: 14138 | Time: 2022-03-03 17:45:00+00:00
ADF Test Result: p-value=0.1335 (Required < 0.05) | OLS Beta: 0.9512
Filter ON: Spread not stationary (p-value too high). Skipping optimization and OOS test.

--- Window 35 Boundary Check ---
IS Period RTH Bars: 980. Start: 2022-01-28 19:45:00+00:00 | End: 2022-03-25 16:15:00+00:00
OOS Start Bar Index: 14528 | Time: 2022-03-25 16:30:00+00:00
ADF Test Result: p-value=0.3433 (Required < 0.05) | OLS Beta: 0.6132
Filter ON: Spread not stationary (p-value too high). Skipping optimization and OOS test.

--- Window 36 Boundary Check ---
IS Period RTH Bars: 980. Start: 2022-02-18 19:45:00+00:00 | End: 2022-04-18 16:15:00+00:00
OOS Start Bar Index: 14918 | Time: 2022-04-18 16:30:00+00:00
ADF Test Result: p-value=0.1410 (Required < 0.05) | OLS Beta: 0.4816
Filter ON: Spread not stationary (p-value too high). Skipping optimization and OOS test.

--- Window 37 Boundary Check ---
IS Period RTH Bars: 980. Start: 2022-03-15 18:30:00+00:00 | End: 2022-05-09 16:15:00+00:00
OOS Start Bar Index: 15308 | Time: 2022-05-09 16:30:00+00:00
ADF Test Result: p-value=0.3245 (Required < 0.05) | OLS Beta: 0.5931
Filter ON: Spread not stationary (p-value too high). Skipping optimization and OOS test.

--- Window 38 Boundary Check ---
IS Period RTH Bars: 980. Start: 2022-04-05 18:30:00+00:00 | End: 2022-05-31 16:15:00+00:00
OOS Start Bar Index: 15698 | Time: 2022-05-31 16:30:00+00:00
ADF Test Result: p-value=0.1633 (Required < 0.05) | OLS Beta: 0.6456
Filter ON: Spread not stationary (p-value too high). Skipping optimization and OOS test.

--- Window 39 Boundary Check ---
IS Period RTH Bars: 980. Start: 2022-04-27 18:30:00+00:00 | End: 2022-06-22 16:15:00+00:00
OOS Start Bar Index: 16088 | Time: 2022-06-22 16:30:00+00:00
ADF Test Result: p-value=0.2865 (Required < 0.05) | OLS Beta: 0.8578
Filter ON: Spread not stationary (p-value too high). Skipping optimization and OOS test.

--- Window 40 Boundary Check ---
IS Period RTH Bars: 980. Start: 2022-05-18 18:30:00+00:00 | End: 2022-07-14 16:15:00+00:00
OOS Start Bar Index: 16478 | Time: 2022-07-14 16:30:00+00:00
ADF Test Result: p-value=0.3224 (Required < 0.05) | OLS Beta: 0.7221
Filter ON: Spread not stationary (p-value too high). Skipping optimization and OOS test.

--- Window 41 Boundary Check ---
IS Period RTH Bars: 980. Start: 2022-06-09 18:30:00+00:00 | End: 2022-08-04 16:15:00+00:00
OOS Start Bar Index: 16868 | Time: 2022-08-04 16:30:00+00:00
ADF Test Result: p-value=0.9698 (Required < 0.05) | OLS Beta: 0.8165
Filter ON: Spread not stationary (p-value too high). Skipping optimization and OOS test.

--- Window 42 Boundary Check ---
IS Period RTH Bars: 980. Start: 2022-07-01 18:30:00+00:00 | End: 2022-08-25 16:15:00+00:00
OOS Start Bar Index: 17258 | Time: 2022-08-25 16:30:00+00:00
ADF Test Result: p-value=0.2939 (Required < 0.05) | OLS Beta: 1.8907
Filter ON: Spread not stationary (p-value too high). Skipping optimization and OOS test.

--- Window 43 Boundary Check ---
IS Period RTH Bars: 980. Start: 2022-07-25 18:30:00+00:00 | End: 2022-09-16 16:15:00+00:00
OOS Start Bar Index: 17648 | Time: 2022-09-16 16:30:00+00:00
ADF Test Result: p-value=0.3906 (Required < 0.05) | OLS Beta: 0.9202
Filter ON: Spread not stationary (p-value too high). Skipping optimization and OOS test.

--- Window 44 Boundary Check ---
IS Period RTH Bars: 980. Start: 2022-08-15 18:30:00+00:00 | End: 2022-10-07 16:15:00+00:00
OOS Start Bar Index: 18038 | Time: 2022-10-07 16:30:00+00:00
ADF Test Result: p-value=0.3290 (Required < 0.05) | OLS Beta: 1.2385
Filter ON: Spread not stationary (p-value too high). Skipping optimization and OOS test.

--- Window 45 Boundary Check ---
IS Period RTH Bars: 980. Start: 2022-09-06 18:30:00+00:00 | End: 2022-10-28 16:15:00+00:00
OOS Start Bar Index: 18428 | Time: 2022-10-28 16:30:00+00:00
ADF Test Result: p-value=0.2409 (Required < 0.05) | OLS Beta: 0.7702
Filter ON: Spread not stationary (p-value too high). Skipping optimization and OOS test.

--- Window 46 Boundary Check ---
IS Period RTH Bars: 980. Start: 2022-09-27 18:30:00+00:00 | End: 2022-11-18 17:15:00+00:00
OOS Start Bar Index: 18818 | Time: 2022-11-18 17:30:00+00:00
ADF Test Result: p-value=0.6949 (Required < 0.05) | OLS Beta: 0.9650
Filter ON: Spread not stationary (p-value too high). Skipping optimization and OOS test.

--- Window 47 Boundary Check ---
IS Period RTH Bars: 980. Start: 2022-10-18 18:30:00+00:00 | End: 2022-12-12 19:45:00+00:00
OOS Start Bar Index: 19208 | Time: 2022-12-12 20:00:00+00:00
ADF Test Result: p-value=0.0851 (Required < 0.05) | OLS Beta: 1.4788
Filter ON: Spread not stationary (p-value too high). Skipping optimization and OOS test.

--- Window 48 Boundary Check ---
IS Period RTH Bars: 980. Start: 2022-11-08 19:30:00+00:00 | End: 2023-01-04 19:45:00+00:00
OOS Start Bar Index: 19598 | Time: 2023-01-04 20:00:00+00:00
ADF Test Result: p-value=0.8942 (Required < 0.05) | OLS Beta: 1.6782
Filter ON: Spread not stationary (p-value too high). Skipping optimization and OOS test.

--- Window 49 Boundary Check ---
IS Period RTH Bars: 980. Start: 2022-12-01 15:30:00+00:00 | End: 2023-01-26 19:45:00+00:00
OOS Start Bar Index: 19988 | Time: 2023-01-26 20:00:00+00:00
ADF Test Result: p-value=0.0968 (Required < 0.05) | OLS Beta: 0.2338
Filter ON: Spread not stationary (p-value too high). Skipping optimization and OOS test.

--- Window 50 Boundary Check ---
IS Period RTH Bars: 980. Start: 2022-12-22 15:30:00+00:00 | End: 2023-02-16 19:45:00+00:00
OOS Start Bar Index: 20378 | Time: 2023-02-16 20:00:00+00:00
ADF Test Result: p-value=0.0503 (Required < 0.05) | OLS Beta: 0.9734
Filter ON: Spread not stationary (p-value too high). Skipping optimization and OOS test.

--- Window 51 Boundary Check ---
IS Period RTH Bars: 980. Start: 2023-01-17 15:30:00+00:00 | End: 2023-03-10 19:45:00+00:00
OOS Start Bar Index: 20768 | Time: 2023-03-10 20:00:00+00:00
ADF Test Result: p-value=0.1523 (Required < 0.05) | OLS Beta: 0.9625
Filter ON: Spread not stationary (p-value too high). Skipping optimization and OOS test.

--- Window 52 Boundary Check ---
IS Period RTH Bars: 980. Start: 2023-02-07 15:30:00+00:00 | End: 2023-03-31 18:45:00+00:00
OOS Start Bar Index: 21158 | Time: 2023-03-31 19:00:00+00:00
ADF Test Result: p-value=0.0783 (Required < 0.05) | OLS Beta: 1.3440
Filter ON: Spread not stationary (p-value too high). Skipping optimization and OOS test.

--- Window 53 Boundary Check ---
IS Period RTH Bars: 980. Start: 2023-03-01 15:30:00+00:00 | End: 2023-04-24 18:45:00+00:00
OOS Start Bar Index: 21548 | Time: 2023-04-24 19:00:00+00:00
ADF Test Result: p-value=0.2085 (Required < 0.05) | OLS Beta: 0.7907
Filter ON: Spread not stationary (p-value too high). Skipping optimization and OOS test.

--- Window 54 Boundary Check ---
IS Period RTH Bars: 980. Start: 2023-03-22 14:30:00+00:00 | End: 2023-05-15 18:45:00+00:00
OOS Start Bar Index: 21938 | Time: 2023-05-15 19:00:00+00:00
ADF Test Result: p-value=0.4402 (Required < 0.05) | OLS Beta: 0.5134
Filter ON: Spread not stationary (p-value too high). Skipping optimization and OOS test.

--- Window 55 Boundary Check ---
IS Period RTH Bars: 980. Start: 2023-04-13 14:30:00+00:00 | End: 2023-06-06 18:45:00+00:00
OOS Start Bar Index: 22328 | Time: 2023-06-06 19:00:00+00:00
ADF Test Result: p-value=0.1347 (Required < 0.05) | OLS Beta: 0.6239
Filter ON: Spread not stationary (p-value too high). Skipping optimization and OOS test.

--- Window 56 Boundary Check ---
IS Period RTH Bars: 980. Start: 2023-05-04 14:30:00+00:00 | End: 2023-06-28 18:45:00+00:00
OOS Start Bar Index: 22718 | Time: 2023-06-28 19:00:00+00:00
ADF Test Result: p-value=0.6440 (Required < 0.05) | OLS Beta: 0.8696
Filter ON: Spread not stationary (p-value too high). Skipping optimization and OOS test.

--- Window 57 Boundary Check ---
IS Period RTH Bars: 980. Start: 2023-05-25 14:30:00+00:00 | End: 2023-07-21 14:45:00+00:00
OOS Start Bar Index: 23108 | Time: 2023-07-21 15:00:00+00:00
ADF Test Result: p-value=0.7347 (Required < 0.05) | OLS Beta: 0.2848
Filter ON: Spread not stationary (p-value too high). Skipping optimization and OOS test.

--- Window 58 Boundary Check ---
IS Period RTH Bars: 980. Start: 2023-06-16 14:30:00+00:00 | End: 2023-08-11 14:45:00+00:00
OOS Start Bar Index: 23498 | Time: 2023-08-11 15:00:00+00:00
ADF Test Result: p-value=0.1198 (Required < 0.05) | OLS Beta: 0.9104
Filter ON: Spread not stationary (p-value too high). Skipping optimization and OOS test.

--- Window 59 Boundary Check ---
IS Period RTH Bars: 980. Start: 2023-07-11 17:00:00+00:00 | End: 2023-09-01 14:45:00+00:00
OOS Start Bar Index: 23888 | Time: 2023-09-01 15:00:00+00:00
ADF Test Result: p-value=0.1324 (Required < 0.05) | OLS Beta: 1.4438
Filter ON: Spread not stationary (p-value too high). Skipping optimization and OOS test.

--- Window 60 Boundary Check ---
IS Period RTH Bars: 980. Start: 2023-08-01 17:00:00+00:00 | End: 2023-09-25 14:45:00+00:00
OOS Start Bar Index: 24278 | Time: 2023-09-25 15:00:00+00:00
ADF Test Result: p-value=0.6777 (Required < 0.05) | OLS Beta: 0.9576
Filter ON: Spread not stationary (p-value too high). Skipping optimization and OOS test.

--- Window 61 Boundary Check ---
IS Period RTH Bars: 980. Start: 2023-08-22 17:00:00+00:00 | End: 2023-10-16 14:45:00+00:00
OOS Start Bar Index: 24668 | Time: 2023-10-16 15:00:00+00:00
ADF Test Result: p-value=0.8706 (Required < 0.05) | OLS Beta: 1.1722
Filter ON: Spread not stationary (p-value too high). Skipping optimization and OOS test.

--- Window 62 Boundary Check ---
IS Period RTH Bars: 980. Start: 2023-09-13 17:00:00+00:00 | End: 2023-11-06 15:45:00+00:00
OOS Start Bar Index: 25058 | Time: 2023-11-06 16:00:00+00:00
ADF Test Result: p-value=0.5627 (Required < 0.05) | OLS Beta: 1.3161
Filter ON: Spread not stationary (p-value too high). Skipping optimization and OOS test.

--- Window 63 Boundary Check ---
IS Period RTH Bars: 980. Start: 2023-10-04 17:00:00+00:00 | End: 2023-11-28 18:00:00+00:00
OOS Start Bar Index: 25448 | Time: 2023-11-28 18:15:00+00:00
ADF Test Result: p-value=0.6125 (Required < 0.05) | OLS Beta: 1.1619
Filter ON: Spread not stationary (p-value too high). Skipping optimization and OOS test.

--- Window 64 Boundary Check ---
IS Period RTH Bars: 980. Start: 2023-10-25 17:00:00+00:00 | End: 2023-12-19 18:00:00+00:00
OOS Start Bar Index: 25838 | Time: 2023-12-19 18:15:00+00:00
ADF Test Result: p-value=0.1811 (Required < 0.05) | OLS Beta: 1.1898
Filter ON: Spread not stationary (p-value too high). Skipping optimization and OOS test.

--- Window 65 Boundary Check ---
IS Period RTH Bars: 980. Start: 2023-11-15 18:00:00+00:00 | End: 2024-01-11 18:00:00+00:00
OOS Start Bar Index: 26228 | Time: 2024-01-11 18:15:00+00:00
ADF Test Result: p-value=0.0438 (Required < 0.05) | OLS Beta: 1.2486
Filter OFF: Spread is stationary. Proceeding with optimization.
IS Optimization Time: 0.08 seconds.
Optimal Params (Sharpe=5.3860, Calmar=57.3118): Z_E=2.7, Z_X=1.1, Z_SL=3.6
📊 Persistence: Saved 292 PnL points to wfa_outputs\oos_equity_curve_GS_JPM_15m_20251105_164349_0.05.csv
OOS Period (2024-01-11 18:15:00+00:00 to 2024-02-02 18:00:00+00:00): PnL: $6.45 | Sharpe: 4.1040 | Calmar: 0.0000 | Trades: 1

--- Window 66 Boundary Check ---
IS Period RTH Bars: 980. Start: 2023-12-07 20:15:00+00:00 | End: 2024-02-02 18:00:00+00:00
OOS Start Bar Index: 26618 | Time: 2024-02-02 18:15:00+00:00
ADF Test Result: p-value=0.0557 (Required < 0.05) | OLS Beta: 0.8222
Filter ON: Spread not stationary (p-value too high). Skipping optimization and OOS test.

--- Window 67 Boundary Check ---
IS Period RTH Bars: 980. Start: 2023-12-29 20:15:00+00:00 | End: 2024-02-26 18:00:00+00:00
OOS Start Bar Index: 27008 | Time: 2024-02-26 18:15:00+00:00
ADF Test Result: p-value=0.0002 (Required < 0.05) | OLS Beta: 0.3246
Filter OFF: Spread is stationary. Proceeding with optimization.
IS Optimization Time: 0.12 seconds.
Optimal Params (Sharpe=4.8735, Calmar=80.3141): Z_E=2.7, Z_X=1.5, Z_SL=3.3
📊 Persistence: Saved 292 PnL points to wfa_outputs\oos_equity_curve_GS_JPM_15m_20251105_164349_0.05.csv
OOS Period (2024-02-26 18:15:00+00:00 to 2024-03-18 17:00:00+00:00): PnL: $0.00 | Sharpe: 0.0000 | Calmar: 0.0000 | Trades: 0

--- Window 68 Boundary Check ---
IS Period RTH Bars: 980. Start: 2024-01-23 20:15:00+00:00 | End: 2024-03-18 17:00:00+00:00
OOS Start Bar Index: 27398 | Time: 2024-03-18 17:15:00+00:00
ADF Test Result: p-value=0.0029 (Required < 0.05) | OLS Beta: 0.3026
Filter OFF: Spread is stationary. Proceeding with optimization.
IS Optimization Time: 0.08 seconds.
Optimal Params (Sharpe=3.5276, Calmar=20.0258): Z_E=2.5, Z_X=0.5, Z_SL=3.3
📊 Persistence: Saved 436 PnL points to wfa_outputs\oos_equity_curve_GS_JPM_15m_20251105_164349_0.05.csv
OOS Period (2024-03-18 17:15:00+00:00 to 2024-04-09 17:00:00+00:00): PnL: $36.47 | Sharpe: 0.8169 | Calmar: 4.6654 | Trades: 144

--- Window 69 Boundary Check ---
IS Period RTH Bars: 980. Start: 2024-02-13 20:15:00+00:00 | End: 2024-04-09 17:00:00+00:00
OOS Start Bar Index: 27788 | Time: 2024-04-09 17:15:00+00:00
ADF Test Result: p-value=0.2366 (Required < 0.05) | OLS Beta: 0.6932
Filter ON: Spread not stationary (p-value too high). Skipping optimization and OOS test.

--- Window 70 Boundary Check ---
IS Period RTH Bars: 980. Start: 2024-03-06 20:15:00+00:00 | End: 2024-04-30 17:00:00+00:00
OOS Start Bar Index: 28178 | Time: 2024-04-30 17:15:00+00:00
ADF Test Result: p-value=0.7594 (Required < 0.05) | OLS Beta: 0.5098
Filter ON: Spread not stationary (p-value too high). Skipping optimization and OOS test.

--- Window 71 Boundary Check ---
IS Period RTH Bars: 980. Start: 2024-03-27 19:15:00+00:00 | End: 2024-05-21 17:00:00+00:00
OOS Start Bar Index: 28568 | Time: 2024-05-21 17:15:00+00:00
ADF Test Result: p-value=0.9005 (Required < 0.05) | OLS Beta: 1.0068
Filter ON: Spread not stationary (p-value too high). Skipping optimization and OOS test.

--- Window 72 Boundary Check ---
IS Period RTH Bars: 980. Start: 2024-04-18 19:15:00+00:00 | End: 2024-06-12 17:00:00+00:00
OOS Start Bar Index: 28958 | Time: 2024-06-12 17:15:00+00:00
ADF Test Result: p-value=0.3368 (Required < 0.05) | OLS Beta: 1.4794
Filter ON: Spread not stationary (p-value too high). Skipping optimization and OOS test.

--- Window 73 Boundary Check ---
IS Period RTH Bars: 980. Start: 2024-05-09 19:15:00+00:00 | End: 2024-07-05 19:15:00+00:00
OOS Start Bar Index: 29348 | Time: 2024-07-05 19:30:00+00:00
ADF Test Result: p-value=0.0180 (Required < 0.05) | OLS Beta: 0.4729
Filter OFF: Spread is stationary. Proceeding with optimization.
IS Optimization Time: 0.11 seconds.
Optimal Params (Sharpe=5.2239, Calmar=97.0047): Z_E=3.1, Z_X=0.5, Z_SL=3.3
📊 Persistence: Saved 572 PnL points to wfa_outputs\oos_equity_curve_GS_JPM_15m_20251105_164349_0.05.csv
OOS Period (2024-07-05 19:30:00+00:00 to 2024-07-26 19:15:00+00:00): PnL: $-144.07 | Sharpe: -2.3658 | Calmar: -8.0279 | Trades: 136

--- Window 74 Boundary Check ---
IS Period RTH Bars: 980. Start: 2024-05-31 19:15:00+00:00 | End: 2024-07-26 19:15:00+00:00
OOS Start Bar Index: 29738 | Time: 2024-07-26 19:30:00+00:00
ADF Test Result: p-value=0.0637 (Required < 0.05) | OLS Beta: 1.0147
Filter ON: Spread not stationary (p-value too high). Skipping optimization and OOS test.

--- Window 75 Boundary Check ---
IS Period RTH Bars: 980. Start: 2024-06-24 19:15:00+00:00 | End: 2024-08-16 19:15:00+00:00
OOS Start Bar Index: 30128 | Time: 2024-08-16 19:30:00+00:00
ADF Test Result: p-value=0.1747 (Required < 0.05) | OLS Beta: 1.1614
Filter ON: Spread not stationary (p-value too high). Skipping optimization and OOS test.

--- Window 76 Boundary Check ---
IS Period RTH Bars: 980. Start: 2024-07-17 15:00:00+00:00 | End: 2024-09-09 19:15:00+00:00
OOS Start Bar Index: 30518 | Time: 2024-09-09 19:30:00+00:00
ADF Test Result: p-value=0.1505 (Required < 0.05) | OLS Beta: 0.6379
Filter ON: Spread not stationary (p-value too high). Skipping optimization and OOS test.

--- Window 77 Boundary Check ---
IS Period RTH Bars: 980. Start: 2024-08-07 15:00:00+00:00 | End: 2024-09-30 19:15:00+00:00
OOS Start Bar Index: 30908 | Time: 2024-09-30 19:30:00+00:00
ADF Test Result: p-value=0.2645 (Required < 0.05) | OLS Beta: 0.5822
Filter ON: Spread not stationary (p-value too high). Skipping optimization and OOS test.

--- Window 78 Boundary Check ---
IS Period RTH Bars: 980. Start: 2024-08-28 15:00:00+00:00 | End: 2024-10-21 19:15:00+00:00
OOS Start Bar Index: 31298 | Time: 2024-10-21 19:30:00+00:00
ADF Test Result: p-value=0.2995 (Required < 0.05) | OLS Beta: 0.8177
Filter ON: Spread not stationary (p-value too high). Skipping optimization and OOS test.

--- Window 79 Boundary Check ---
IS Period RTH Bars: 980. Start: 2024-09-19 15:00:00+00:00 | End: 2024-11-11 20:15:00+00:00
OOS Start Bar Index: 31688 | Time: 2024-11-11 20:30:00+00:00
ADF Test Result: p-value=0.5660 (Required < 0.05) | OLS Beta: 1.1108
Filter ON: Spread not stationary (p-value too high). Skipping optimization and OOS test.

--- Window 80 Boundary Check ---
IS Period RTH Bars: 980. Start: 2024-10-10 15:00:00+00:00 | End: 2024-12-04 16:30:00+00:00
OOS Start Bar Index: 32078 | Time: 2024-12-04 16:45:00+00:00
ADF Test Result: p-value=0.0254 (Required < 0.05) | OLS Beta: 1.3988
Filter OFF: Spread is stationary. Proceeding with optimization.
IS Optimization Time: 0.08 seconds.
Optimal Params (Sharpe=2.6060, Calmar=20.3115): Z_E=3.3, Z_X=1.5, Z_SL=3.6
📊 Persistence: Saved 572 PnL points to wfa_outputs\oos_equity_curve_GS_JPM_15m_20251105_164349_0.05.csv
OOS Period (2024-12-04 16:45:00+00:00 to 2024-12-26 18:45:00+00:00): PnL: $0.00 | Sharpe: 0.0000 | Calmar: 0.0000 | Trades: 0

--- Window 81 Boundary Check ---
IS Period RTH Bars: 980. Start: 2024-10-31 15:00:00+00:00 | End: 2024-12-26 18:45:00+00:00
OOS Start Bar Index: 32468 | Time: 2024-12-26 19:00:00+00:00
ADF Test Result: p-value=0.0756 (Required < 0.05) | OLS Beta: 1.3298
Filter ON: Spread not stationary (p-value too high). Skipping optimization and OOS test.

############################################################
📈 OVERALL SIMULATION PERFORMANCE (Walk-Forward Test)
############################################################
Timeframe Used: 1Min, Value: 15
ADF Cointegration Filter Threshold: 0.05
Total OOS Windows Tested: 81
Total Trades Executed: 572
--- Final Performance Metrics ---
Total PnL: $-552.42
Overall Sharpe Ratio (Annualized): -0.2305
Overall Calmar Ratio (Annualized): -0.0520
Maximum Dollar Drawdown (MDD): $476.58

--- Execution Time ---
Total Elapsed Time: 46.16 seconds
############################################################
[0m