--- Dynamic Timeframe Configuration ---
TimeFrame Selected: 1Min, Value: 1
Bars per Trading Day: 390
Annualization Factor (Bars/Year): 98280
Statistical Lookback Bars: 2184
Optimization Lookback Bars: 19032
---------------------------------------
--- Diagnostic Check ---
API Key ID Length: 26
API Secret Key Length: 44
StockHistoricalDataClient initialized successfully. Starting data fetch...
--------------------------
Pre-compiling Numba function for first run optimization...
Numba pre-compilation complete.
Fetching data from 2020-01-08 to 2025-01-06...
Fetching 1Min data for SAP...
Fetching 1Min data for JPM...
Data acquired successfully. Total 1Min RTH bars: 436140
Skipping full pre-calculation. Metrics will be calculated inside the WFA loop.

============================================================
📈 Starting Rolling Backtest: IS Optimization Window=19032 bars, Shift=15 days
   Data already processed with Statistical Rolling Window: 2184 bars
   ADF Cointegration Filter: p-value < 0.05
============================================================

--- Window 1 Boundary Check ---
IS Period RTH Bars: 14666. Start: 2020-01-28 16:57:00+00:00 | End: 2020-03-27 14:23:00+00:00
OOS Start Bar Index: 19032 | Time: 2020-03-27 14:24:00+00:00
ADF Test Result: p-value=0.1051 (Required < 0.05) | OLS Beta: 0.6453
Filter ON: Spread not stationary (p-value too high). Skipping optimization and OOS test.

--- Window 2 Boundary Check ---
IS Period RTH Bars: 14666. Start: 2020-02-24 16:43:00+00:00 | End: 2020-04-21 13:31:00+00:00
OOS Start Bar Index: 24882 | Time: 2020-04-21 13:32:00+00:00
ADF Test Result: p-value=0.7382 (Required < 0.05) | OLS Beta: 0.5659
Filter ON: Spread not stationary (p-value too high). Skipping optimization and OOS test.

--- Window 3 Boundary Check ---
IS Period RTH Bars: 14666. Start: 2020-03-17 15:40:00+00:00 | End: 2020-05-13 15:50:00+00:00
OOS Start Bar Index: 30732 | Time: 2020-05-13 15:51:00+00:00
ADF Test Result: p-value=0.0601 (Required < 0.05) | OLS Beta: 1.0099
Filter ON: Spread not stationary (p-value too high). Skipping optimization and OOS test.

--- Window 4 Boundary Check ---
IS Period RTH Bars: 14666. Start: 2020-04-07 19:48:00+00:00 | End: 2020-06-05 19:57:00+00:00
OOS Start Bar Index: 36582 | Time: 2020-06-05 19:58:00+00:00
ADF Test Result: p-value=0.0754 (Required < 0.05) | OLS Beta: 0.7246
Filter ON: Spread not stationary (p-value too high). Skipping optimization and OOS test.

--- Window 5 Boundary Check ---
IS Period RTH Bars: 14666. Start: 2020-04-30 19:14:00+00:00 | End: 2020-07-01 16:46:00+00:00
OOS Start Bar Index: 42432 | Time: 2020-07-01 16:47:00+00:00
ADF Test Result: p-value=0.8886 (Required < 0.05) | OLS Beta: 0.8516
Filter ON: Spread not stationary (p-value too high). Skipping optimization and OOS test.

--- Window 6 Boundary Check ---
IS Period RTH Bars: 14666. Start: 2020-05-26 16:22:00+00:00 | End: 2020-07-27 16:04:00+00:00
OOS Start Bar Index: 48282 | Time: 2020-07-27 16:05:00+00:00
ADF Test Result: p-value=0.6919 (Required < 0.05) | OLS Beta: -0.2753
Filter ON: Spread not stationary (p-value too high). Skipping optimization and OOS test.

--- Window 7 Boundary Check ---
IS Period RTH Bars: 14666. Start: 2020-06-18 14:42:00+00:00 | End: 2020-08-21 14:49:00+00:00
OOS Start Bar Index: 54132 | Time: 2020-08-21 14:51:00+00:00
ADF Test Result: p-value=0.0419 (Required < 0.05) | OLS Beta: 1.2088
Filter OFF: Spread is stationary. Proceeding with optimization.
IS Optimization Time: 0.05 seconds.
Optimal Params (Sharpe=4.4085, Calmar=0.0000): Z_E=3.3, Z_X=0.3, Z_SL=3.6
📊 Persistence: Saved 0 PnL points to wfa_outputs\oos_equity_curve_SAP_JPM_1m_20251107_194356_0.05.csv
OOS Period (2020-08-21 14:51:00+00:00 to 2020-09-17 16:55:00+00:00): PnL: $0.00 | Sharpe: 0.0000 | Calmar: 0.0000 | Trades: 0

--- Window 8 Boundary Check ---
IS Period RTH Bars: 14666. Start: 2020-07-14 19:26:00+00:00 | End: 2020-09-17 16:55:00+00:00
OOS Start Bar Index: 59982 | Time: 2020-09-17 16:57:00+00:00
ADF Test Result: p-value=0.0050 (Required < 0.05) | OLS Beta: 0.1347
Filter OFF: Spread is stationary. Proceeding with optimization.
IS Optimization Time: 0.05 seconds.
Optimal Params (Sharpe=4.3746, Calmar=33.2966): Z_E=1.9, Z_X=0.3, Z_SL=4.5
📊 Persistence: Saved 1 PnL points to wfa_outputs\oos_equity_curve_SAP_JPM_1m_20251107_194356_0.05.csv
OOS Period (2020-09-17 16:57:00+00:00 to 2020-10-14 15:10:00+00:00): PnL: $148.86 | Sharpe: 4.0991 | Calmar: 0.0000 | Trades: 1

--- Window 9 Boundary Check ---
IS Period RTH Bars: 14666. Start: 2020-08-07 16:21:00+00:00 | End: 2020-10-14 15:10:00+00:00
OOS Start Bar Index: 65832 | Time: 2020-10-14 15:11:00+00:00
ADF Test Result: p-value=0.0717 (Required < 0.05) | OLS Beta: 0.4346
Filter ON: Spread not stationary (p-value too high). Skipping optimization and OOS test.

--- Window 10 Boundary Check ---
IS Period RTH Bars: 14666. Start: 2020-09-03 16:38:00+00:00 | End: 2020-11-05 18:11:00+00:00
OOS Start Bar Index: 71682 | Time: 2020-11-05 18:12:00+00:00
ADF Test Result: p-value=0.8094 (Required < 0.05) | OLS Beta: -0.5846
Filter ON: Spread not stationary (p-value too high). Skipping optimization and OOS test.

--- Window 11 Boundary Check ---
IS Period RTH Bars: 14666. Start: 2020-09-30 15:15:00+00:00 | End: 2020-11-30 18:30:00+00:00
OOS Start Bar Index: 77532 | Time: 2020-11-30 18:31:00+00:00
ADF Test Result: p-value=0.5848 (Required < 0.05) | OLS Beta: -0.7716
Filter ON: Spread not stationary (p-value too high). Skipping optimization and OOS test.

--- Window 12 Boundary Check ---
IS Period RTH Bars: 14666. Start: 2020-10-26 19:23:00+00:00 | End: 2020-12-23 15:56:00+00:00
OOS Start Bar Index: 83382 | Time: 2020-12-23 15:57:00+00:00
ADF Test Result: p-value=0.0566 (Required < 0.05) | OLS Beta: 0.5369
Filter ON: Spread not stationary (p-value too high). Skipping optimization and OOS test.

--- Window 13 Boundary Check ---
IS Period RTH Bars: 14666. Start: 2020-11-17 16:04:00+00:00 | End: 2021-01-20 15:10:00+00:00
OOS Start Bar Index: 89232 | Time: 2021-01-20 15:11:00+00:00
ADF Test Result: p-value=0.3028 (Required < 0.05) | OLS Beta: 0.3640
Filter ON: Spread not stationary (p-value too high). Skipping optimization and OOS test.

--- Window 14 Boundary Check ---
IS Period RTH Bars: 14666. Start: 2020-12-10 20:21:00+00:00 | End: 2021-02-11 15:12:00+00:00
OOS Start Bar Index: 95082 | Time: 2021-02-11 15:13:00+00:00
ADF Test Result: p-value=0.0891 (Required < 0.05) | OLS Beta: 0.1818
Filter ON: Spread not stationary (p-value too high). Skipping optimization and OOS test.

--- Window 15 Boundary Check ---
IS Period RTH Bars: 14666. Start: 2021-01-07 14:44:00+00:00 | End: 2021-03-08 16:38:00+00:00
OOS Start Bar Index: 100932 | Time: 2021-03-08 16:39:00+00:00
ADF Test Result: p-value=0.0219 (Required < 0.05) | OLS Beta: -0.3056
Filter OFF: Spread is stationary. Proceeding with optimization.
IS Optimization Time: 0.05 seconds.
Optimal Params (Sharpe=5.8100, Calmar=51.4807): Z_E=1.9, Z_X=1.1, Z_SL=3.6
📊 Persistence: Saved 2 PnL points to wfa_outputs\oos_equity_curve_SAP_JPM_1m_20251107_194356_0.05.csv
OOS Period (2021-03-08 16:39:00+00:00 to 2021-03-30 16:32:00+00:00): PnL: $36.00 | Sharpe: 4.0991 | Calmar: 0.0000 | Trades: 1

--- Window 16 Boundary Check ---
IS Period RTH Bars: 14666. Start: 2021-01-29 19:41:00+00:00 | End: 2021-03-30 16:32:00+00:00
OOS Start Bar Index: 106782 | Time: 2021-03-30 16:33:00+00:00
ADF Test Result: p-value=0.0050 (Required < 0.05) | OLS Beta: -0.4327
Filter OFF: Spread is stationary. Proceeding with optimization.
IS Optimization Time: 0.05 seconds.
Optimal Params (Sharpe=6.9884, Calmar=85.0437): Z_E=1.9, Z_X=0.3, Z_SL=3.6
📊 Persistence: Saved 1929 PnL points to wfa_outputs\oos_equity_curve_SAP_JPM_1m_20251107_194356_0.05.csv
OOS Period (2021-03-30 16:33:00+00:00 to 2021-04-23 18:37:00+00:00): PnL: $-796.97 | Sharpe: -9.2595 | Calmar: -8.5746 | Trades: 1927

--- Window 17 Boundary Check ---
IS Period RTH Bars: 14666. Start: 2021-02-24 15:07:00+00:00 | End: 2021-04-23 18:37:00+00:00
OOS Start Bar Index: 112632 | Time: 2021-04-23 18:38:00+00:00
ADF Test Result: p-value=0.9837 (Required < 0.05) | OLS Beta: -0.2975
Filter ON: Spread not stationary (p-value too high). Skipping optimization and OOS test.

--- Window 18 Boundary Check ---
IS Period RTH Bars: 14666. Start: 2021-03-18 15:47:00+00:00 | End: 2021-05-18 16:01:00+00:00
OOS Start Bar Index: 118482 | Time: 2021-05-18 16:04:00+00:00
ADF Test Result: p-value=0.3142 (Required < 0.05) | OLS Beta: 0.5906
Filter ON: Spread not stationary (p-value too high). Skipping optimization and OOS test.

--- Window 19 Boundary Check ---
IS Period RTH Bars: 14666. Start: 2021-04-12 16:26:00+00:00 | End: 2021-06-15 16:44:00+00:00
OOS Start Bar Index: 124332 | Time: 2021-06-15 16:45:00+00:00
ADF Test Result: p-value=0.1159 (Required < 0.05) | OLS Beta: 0.0351
Filter ON: Spread not stationary (p-value too high). Skipping optimization and OOS test.

--- Window 20 Boundary Check ---
IS Period RTH Bars: 14666. Start: 2021-05-06 13:36:00+00:00 | End: 2021-07-12 14:46:00+00:00
OOS Start Bar Index: 130182 | Time: 2021-07-12 14:47:00+00:00
ADF Test Result: p-value=0.4867 (Required < 0.05) | OLS Beta: -0.2368
Filter ON: Spread not stationary (p-value too high). Skipping optimization and OOS test.

--- Window 21 Boundary Check ---
IS Period RTH Bars: 14666. Start: 2021-06-01 19:35:00+00:00 | End: 2021-08-04 13:47:00+00:00
OOS Start Bar Index: 136032 | Time: 2021-08-04 13:48:00+00:00
ADF Test Result: p-value=0.2119 (Required < 0.05) | OLS Beta: -0.0616
Filter ON: Spread not stationary (p-value too high). Skipping optimization and OOS test.

--- Window 22 Boundary Check ---
IS Period RTH Bars: 14666. Start: 2021-06-28 14:01:00+00:00 | End: 2021-08-31 18:45:00+00:00
OOS Start Bar Index: 141882 | Time: 2021-08-31 18:47:00+00:00
ADF Test Result: p-value=0.0582 (Required < 0.05) | OLS Beta: 0.5356
Filter ON: Spread not stationary (p-value too high). Skipping optimization and OOS test.

--- Window 23 Boundary Check ---
IS Period RTH Bars: 14666. Start: 2021-07-22 16:35:00+00:00 | End: 2021-09-28 18:59:00+00:00
OOS Start Bar Index: 147732 | Time: 2021-09-28 19:00:00+00:00
ADF Test Result: p-value=0.8371 (Required < 0.05) | OLS Beta: 0.3086
Filter ON: Spread not stationary (p-value too high). Skipping optimization and OOS test.

--- Window 24 Boundary Check ---
IS Period RTH Bars: 14666. Start: 2021-08-17 15:34:00+00:00 | End: 2021-10-22 18:07:00+00:00
OOS Start Bar Index: 153582 | Time: 2021-10-22 18:09:00+00:00
ADF Test Result: p-value=0.3456 (Required < 0.05) | OLS Beta: -0.6057
Filter ON: Spread not stationary (p-value too high). Skipping optimization and OOS test.

--- Window 25 Boundary Check ---
IS Period RTH Bars: 14666. Start: 2021-09-15 15:42:00+00:00 | End: 2021-11-19 20:19:00+00:00
OOS Start Bar Index: 159432 | Time: 2021-11-19 20:20:00+00:00
ADF Test Result: p-value=0.4618 (Required < 0.05) | OLS Beta: 0.1076
Filter ON: Spread not stationary (p-value too high). Skipping optimization and OOS test.

--- Window 26 Boundary Check ---
IS Period RTH Bars: 14666. Start: 2021-10-11 18:47:00+00:00 | End: 2021-12-16 14:50:00+00:00
OOS Start Bar Index: 165282 | Time: 2021-12-16 14:51:00+00:00
ADF Test Result: p-value=0.0608 (Required < 0.05) | OLS Beta: 1.2770
Filter ON: Spread not stationary (p-value too high). Skipping optimization and OOS test.

--- Window 27 Boundary Check ---
IS Period RTH Bars: 14666. Start: 2021-11-05 17:18:00+00:00 | End: 2022-01-12 16:09:00+00:00
OOS Start Bar Index: 171132 | Time: 2022-01-12 16:10:00+00:00
ADF Test Result: p-value=0.2888 (Required < 0.05) | OLS Beta: 0.5031
Filter ON: Spread not stationary (p-value too high). Skipping optimization and OOS test.

--- Window 28 Boundary Check ---
IS Period RTH Bars: 14666. Start: 2021-12-03 16:48:00+00:00 | End: 2022-02-07 16:17:00+00:00
OOS Start Bar Index: 176982 | Time: 2022-02-07 16:18:00+00:00
ADF Test Result: p-value=0.2814 (Required < 0.05) | OLS Beta: 0.5892
Filter ON: Spread not stationary (p-value too high). Skipping optimization and OOS test.

--- Window 29 Boundary Check ---
IS Period RTH Bars: 14666. Start: 2021-12-30 15:46:00+00:00 | End: 2022-03-02 15:26:00+00:00
OOS Start Bar Index: 182832 | Time: 2022-03-02 15:27:00+00:00
ADF Test Result: p-value=0.5201 (Required < 0.05) | OLS Beta: 0.9785
Filter ON: Spread not stationary (p-value too high). Skipping optimization and OOS test.

--- Window 30 Boundary Check ---
IS Period RTH Bars: 14666. Start: 2022-01-26 14:46:00+00:00 | End: 2022-03-24 18:35:00+00:00
OOS Start Bar Index: 188682 | Time: 2022-03-24 18:37:00+00:00
ADF Test Result: p-value=0.0370 (Required < 0.05) | OLS Beta: 0.7902
Filter OFF: Spread is stationary. Proceeding with optimization.
IS Optimization Time: 0.05 seconds.
Optimal Params (Sharpe=3.8072, Calmar=25.0452): Z_E=3.3, Z_X=0.3, Z_SL=4.8
📊 Persistence: Saved 1929 PnL points to wfa_outputs\oos_equity_curve_SAP_JPM_1m_20251107_194356_0.05.csv
OOS Period (2022-03-24 18:37:00+00:00 to 2022-04-18 17:23:00+00:00): PnL: $0.00 | Sharpe: 0.0000 | Calmar: 0.0000 | Trades: 0

--- Window 31 Boundary Check ---
IS Period RTH Bars: 14666. Start: 2022-02-17 16:22:00+00:00 | End: 2022-04-18 17:23:00+00:00
OOS Start Bar Index: 194532 | Time: 2022-04-18 17:24:00+00:00
ADF Test Result: p-value=0.0340 (Required < 0.05) | OLS Beta: 0.4696
Filter OFF: Spread is stationary. Proceeding with optimization.
IS Optimization Time: 0.05 seconds.
Optimal Params (Sharpe=5.1204, Calmar=50.5808): Z_E=3.3, Z_X=0.3, Z_SL=3.9
📊 Persistence: Saved 2311 PnL points to wfa_outputs\oos_equity_curve_SAP_JPM_1m_20251107_194356_0.05.csv
OOS Period (2022-04-18 17:24:00+00:00 to 2022-05-09 18:31:00+00:00): PnL: $-144.98 | Sharpe: -3.8466 | Calmar: -9.1426 | Trades: 382

--- Window 32 Boundary Check ---
IS Period RTH Bars: 14666. Start: 2022-03-14 18:28:00+00:00 | End: 2022-05-09 18:31:00+00:00
OOS Start Bar Index: 200382 | Time: 2022-05-09 18:32:00+00:00
ADF Test Result: p-value=0.0554 (Required < 0.05) | OLS Beta: 0.9031
Filter ON: Spread not stationary (p-value too high). Skipping optimization and OOS test.

--- Window 33 Boundary Check ---
IS Period RTH Bars: 14666. Start: 2022-04-05 17:09:00+00:00 | End: 2022-06-01 14:08:00+00:00
OOS Start Bar Index: 206232 | Time: 2022-06-01 14:09:00+00:00
ADF Test Result: p-value=0.1542 (Required < 0.05) | OLS Beta: 0.8181
Filter ON: Spread not stationary (p-value too high). Skipping optimization and OOS test.

--- Window 34 Boundary Check ---
IS Period RTH Bars: 14666. Start: 2022-04-28 14:03:00+00:00 | End: 2022-06-23 17:49:00+00:00
OOS Start Bar Index: 212082 | Time: 2022-06-23 17:50:00+00:00
ADF Test Result: p-value=0.0449 (Required < 0.05) | OLS Beta: 0.5677
Filter OFF: Spread is stationary. Proceeding with optimization.
IS Optimization Time: 0.05 seconds.
Optimal Params (Sharpe=3.0561, Calmar=10.2234): Z_E=2.9, Z_X=1.5, Z_SL=3.3
📊 Persistence: Saved 2868 PnL points to wfa_outputs\oos_equity_curve_SAP_JPM_1m_20251107_194356_0.05.csv
OOS Period (2022-06-23 17:50:00+00:00 to 2022-07-18 14:22:00+00:00): PnL: $-172.62 | Sharpe: -3.8386 | Calmar: -7.3788 | Trades: 557

--- Window 35 Boundary Check ---
IS Period RTH Bars: 14666. Start: 2022-05-19 15:33:00+00:00 | End: 2022-07-18 14:22:00+00:00
OOS Start Bar Index: 217932 | Time: 2022-07-18 14:23:00+00:00
ADF Test Result: p-value=0.2821 (Required < 0.05) | OLS Beta: 0.7534
Filter ON: Spread not stationary (p-value too high). Skipping optimization and OOS test.

--- Window 36 Boundary Check ---
IS Period RTH Bars: 14666. Start: 2022-06-10 19:30:00+00:00 | End: 2022-08-08 17:49:00+00:00
OOS Start Bar Index: 223782 | Time: 2022-08-08 17:50:00+00:00
ADF Test Result: p-value=0.0442 (Required < 0.05) | OLS Beta: 1.1583
Filter OFF: Spread is stationary. Proceeding with optimization.
IS Optimization Time: 0.05 seconds.
Optimal Params (Sharpe=7.8547, Calmar=216.4245): Z_E=2.5, Z_X=1.5, Z_SL=4.8
📊 Persistence: Saved 2869 PnL points to wfa_outputs\oos_equity_curve_SAP_JPM_1m_20251107_194356_0.05.csv
OOS Period (2022-08-08 17:50:00+00:00 to 2022-08-30 19:45:00+00:00): PnL: $-97.11 | Sharpe: -4.0991 | Calmar: -15.3411 | Trades: 1

--- Window 37 Boundary Check ---
IS Period RTH Bars: 14666. Start: 2022-07-06 15:13:00+00:00 | End: 2022-08-30 19:45:00+00:00
OOS Start Bar Index: 229632 | Time: 2022-08-30 19:46:00+00:00
ADF Test Result: p-value=0.6356 (Required < 0.05) | OLS Beta: 0.6503
Filter ON: Spread not stationary (p-value too high). Skipping optimization and OOS test.

--- Window 38 Boundary Check ---
IS Period RTH Bars: 14666. Start: 2022-07-27 17:27:00+00:00 | End: 2022-09-22 17:17:00+00:00
OOS Start Bar Index: 235482 | Time: 2022-09-22 17:18:00+00:00
ADF Test Result: p-value=0.8629 (Required < 0.05) | OLS Beta: 0.6933
Filter ON: Spread not stationary (p-value too high). Skipping optimization and OOS test.

--- Window 39 Boundary Check ---
IS Period RTH Bars: 14666. Start: 2022-08-18 18:36:00+00:00 | End: 2022-10-13 18:37:00+00:00
OOS Start Bar Index: 241332 | Time: 2022-10-13 18:38:00+00:00
ADF Test Result: p-value=0.1643 (Required < 0.05) | OLS Beta: 0.5204
Filter ON: Spread not stationary (p-value too high). Skipping optimization and OOS test.

--- Window 40 Boundary Check ---
IS Period RTH Bars: 14666. Start: 2022-09-12 17:44:00+00:00 | End: 2022-11-04 13:51:00+00:00
OOS Start Bar Index: 247182 | Time: 2022-11-04 13:52:00+00:00
ADF Test Result: p-value=0.3679 (Required < 0.05) | OLS Beta: 0.8329
Filter ON: Spread not stationary (p-value too high). Skipping optimization and OOS test.

--- Window 41 Boundary Check ---
IS Period RTH Bars: 14666. Start: 2022-10-04 13:54:00+00:00 | End: 2022-11-29 14:48:00+00:00
OOS Start Bar Index: 253032 | Time: 2022-11-29 14:49:00+00:00
ADF Test Result: p-value=0.4631 (Required < 0.05) | OLS Beta: 1.0539
Filter ON: Spread not stationary (p-value too high). Skipping optimization and OOS test.

--- Window 42 Boundary Check ---
IS Period RTH Bars: 14666. Start: 2022-10-25 15:26:00+00:00 | End: 2022-12-21 15:42:00+00:00
OOS Start Bar Index: 258882 | Time: 2022-12-21 15:43:00+00:00
ADF Test Result: p-value=0.2247 (Required < 0.05) | OLS Beta: 1.7278
Filter ON: Spread not stationary (p-value too high). Skipping optimization and OOS test.

--- Window 43 Boundary Check ---
IS Period RTH Bars: 14666. Start: 2022-11-15 18:23:00+00:00 | End: 2023-01-17 15:59:00+00:00
OOS Start Bar Index: 264732 | Time: 2023-01-17 16:00:00+00:00
ADF Test Result: p-value=0.1892 (Required < 0.05) | OLS Beta: 1.0106
Filter ON: Spread not stationary (p-value too high). Skipping optimization and OOS test.

--- Window 44 Boundary Check ---
IS Period RTH Bars: 14666. Start: 2022-12-09 14:46:00+00:00 | End: 2023-02-07 19:37:00+00:00
OOS Start Bar Index: 270582 | Time: 2023-02-07 19:38:00+00:00
ADF Test Result: p-value=0.1603 (Required < 0.05) | OLS Beta: 1.5026
Filter ON: Spread not stationary (p-value too high). Skipping optimization and OOS test.

--- Window 45 Boundary Check ---
IS Period RTH Bars: 14666. Start: 2023-01-04 16:39:00+00:00 | End: 2023-03-03 18:19:00+00:00
OOS Start Bar Index: 276432 | Time: 2023-03-03 18:20:00+00:00
ADF Test Result: p-value=0.0852 (Required < 0.05) | OLS Beta: 0.8010
Filter ON: Spread not stationary (p-value too high). Skipping optimization and OOS test.

--- Window 46 Boundary Check ---
IS Period RTH Bars: 14666. Start: 2023-01-26 19:34:00+00:00 | End: 2023-03-27 19:07:00+00:00
OOS Start Bar Index: 282282 | Time: 2023-03-27 19:08:00+00:00
ADF Test Result: p-value=0.0696 (Required < 0.05) | OLS Beta: -0.2489
Filter ON: Spread not stationary (p-value too high). Skipping optimization and OOS test.

--- Window 47 Boundary Check ---
IS Period RTH Bars: 14666. Start: 2023-02-21 15:41:00+00:00 | End: 2023-04-19 19:59:00+00:00
OOS Start Bar Index: 288132 | Time: 2023-04-20 13:30:00+00:00
ADF Test Result: p-value=0.7429 (Required < 0.05) | OLS Beta: -0.4132
Filter ON: Spread not stationary (p-value too high). Skipping optimization and OOS test.

--- Window 48 Boundary Check ---
IS Period RTH Bars: 14666. Start: 2023-03-15 17:49:00+00:00 | End: 2023-05-12 14:07:00+00:00
OOS Start Bar Index: 293982 | Time: 2023-05-12 14:08:00+00:00
ADF Test Result: p-value=0.0456 (Required < 0.05) | OLS Beta: 0.6853
Filter OFF: Spread is stationary. Proceeding with optimization.
IS Optimization Time: 0.05 seconds.
Optimal Params (Sharpe=3.1837, Calmar=37.2664): Z_E=1.9, Z_X=0.9, Z_SL=4.8
📊 Persistence: Saved 2869 PnL points to wfa_outputs\oos_equity_curve_SAP_JPM_1m_20251107_194356_0.05.csv
OOS Period (2023-05-12 14:08:00+00:00 to 2023-06-06 16:45:00+00:00): PnL: $0.00 | Sharpe: 0.0000 | Calmar: 0.0000 | Trades: 0

--- Window 49 Boundary Check ---
IS Period RTH Bars: 14666. Start: 2023-04-10 13:39:00+00:00 | End: 2023-06-06 16:45:00+00:00
OOS Start Bar Index: 299832 | Time: 2023-06-06 16:46:00+00:00
ADF Test Result: p-value=0.2273 (Required < 0.05) | OLS Beta: 0.3082
Filter ON: Spread not stationary (p-value too high). Skipping optimization and OOS test.

--- Window 50 Boundary Check ---
IS Period RTH Bars: 14666. Start: 2023-05-01 19:14:00+00:00 | End: 2023-06-30 16:54:00+00:00
OOS Start Bar Index: 305682 | Time: 2023-06-30 16:56:00+00:00
ADF Test Result: p-value=0.0147 (Required < 0.05) | OLS Beta: 0.5110
Filter OFF: Spread is stationary. Proceeding with optimization.
IS Optimization Time: 0.05 seconds.
Optimal Params (Sharpe=4.7267, Calmar=48.3805): Z_E=3.3, Z_X=1.3, Z_SL=3.6
📊 Persistence: Saved 3756 PnL points to wfa_outputs\oos_equity_curve_SAP_JPM_1m_20251107_194356_0.05.csv
OOS Period (2023-06-30 16:56:00+00:00 to 2023-07-25 18:32:00+00:00): PnL: $-62.80 | Sharpe: -1.5676 | Calmar: -4.9261 | Trades: 887

--- Window 51 Boundary Check ---
IS Period RTH Bars: 14666. Start: 2023-05-24 14:28:00+00:00 | End: 2023-07-25 18:32:00+00:00
OOS Start Bar Index: 311532 | Time: 2023-07-25 18:33:00+00:00
ADF Test Result: p-value=0.7997 (Required < 0.05) | OLS Beta: 0.4179
Filter ON: Spread not stationary (p-value too high). Skipping optimization and OOS test.

--- Window 52 Boundary Check ---
IS Period RTH Bars: 14666. Start: 2023-06-16 19:34:00+00:00 | End: 2023-08-17 15:29:00+00:00
OOS Start Bar Index: 317382 | Time: 2023-08-17 15:30:00+00:00
ADF Test Result: p-value=0.4494 (Required < 0.05) | OLS Beta: 0.1044
Filter ON: Spread not stationary (p-value too high). Skipping optimization and OOS test.

--- Window 53 Boundary Check ---
IS Period RTH Bars: 14666. Start: 2023-07-13 19:24:00+00:00 | End: 2023-09-12 16:42:00+00:00
OOS Start Bar Index: 323232 | Time: 2023-09-12 16:43:00+00:00
ADF Test Result: p-value=0.1422 (Required < 0.05) | OLS Beta: -0.3446
Filter ON: Spread not stationary (p-value too high). Skipping optimization and OOS test.

--- Window 54 Boundary Check ---
IS Period RTH Bars: 14666. Start: 2023-08-04 19:17:00+00:00 | End: 2023-10-05 14:50:00+00:00
OOS Start Bar Index: 329082 | Time: 2023-10-05 14:51:00+00:00
ADF Test Result: p-value=0.6525 (Required < 0.05) | OLS Beta: 0.3684
Filter ON: Spread not stationary (p-value too high). Skipping optimization and OOS test.

--- Window 55 Boundary Check ---
IS Period RTH Bars: 14666. Start: 2023-08-29 17:11:00+00:00 | End: 2023-10-26 19:28:00+00:00
OOS Start Bar Index: 334932 | Time: 2023-10-26 19:29:00+00:00
ADF Test Result: p-value=0.2806 (Required < 0.05) | OLS Beta: 0.2130
Filter ON: Spread not stationary (p-value too high). Skipping optimization and OOS test.

--- Window 56 Boundary Check ---
IS Period RTH Bars: 14666. Start: 2023-09-22 19:56:00+00:00 | End: 2023-11-20 20:29:00+00:00
OOS Start Bar Index: 340782 | Time: 2023-11-20 20:30:00+00:00
ADF Test Result: p-value=0.8708 (Required < 0.05) | OLS Beta: 0.8601
Filter ON: Spread not stationary (p-value too high). Skipping optimization and OOS test.

--- Window 57 Boundary Check ---
IS Period RTH Bars: 14666. Start: 2023-10-16 19:59:00+00:00 | End: 2023-12-15 16:10:00+00:00
OOS Start Bar Index: 346632 | Time: 2023-12-15 16:11:00+00:00
ADF Test Result: p-value=0.0905 (Required < 0.05) | OLS Beta: 1.3700
Filter ON: Spread not stationary (p-value too high). Skipping optimization and OOS test.

--- Window 58 Boundary Check ---
IS Period RTH Bars: 14666. Start: 2023-11-08 15:43:00+00:00 | End: 2024-01-10 20:39:00+00:00
OOS Start Bar Index: 352482 | Time: 2024-01-10 20:40:00+00:00
ADF Test Result: p-value=0.2289 (Required < 0.05) | OLS Beta: 0.1550
Filter ON: Spread not stationary (p-value too high). Skipping optimization and OOS test.

--- Window 59 Boundary Check ---
IS Period RTH Bars: 14666. Start: 2023-12-04 19:04:00+00:00 | End: 2024-02-05 14:49:00+00:00
OOS Start Bar Index: 358332 | Time: 2024-02-05 14:50:00+00:00
ADF Test Result: p-value=0.9006 (Required < 0.05) | OLS Beta: 0.5301
Filter ON: Spread not stationary (p-value too high). Skipping optimization and OOS test.

--- Window 60 Boundary Check ---
IS Period RTH Bars: 14666. Start: 2023-12-28 18:05:00+00:00 | End: 2024-02-29 15:45:00+00:00
OOS Start Bar Index: 364182 | Time: 2024-02-29 15:47:00+00:00
ADF Test Result: p-value=0.4155 (Required < 0.05) | OLS Beta: 1.9946
Filter ON: Spread not stationary (p-value too high). Skipping optimization and OOS test.

--- Window 61 Boundary Check ---
IS Period RTH Bars: 14666. Start: 2024-01-24 14:37:00+00:00 | End: 2024-03-25 14:24:00+00:00
OOS Start Bar Index: 370032 | Time: 2024-03-25 14:25:00+00:00
ADF Test Result: p-value=0.1115 (Required < 0.05) | OLS Beta: 0.8161
Filter ON: Spread not stationary (p-value too high). Skipping optimization and OOS test.

--- Window 62 Boundary Check ---
IS Period RTH Bars: 14666. Start: 2024-02-15 18:47:00+00:00 | End: 2024-04-18 18:14:00+00:00
OOS Start Bar Index: 375882 | Time: 2024-04-18 18:15:00+00:00
ADF Test Result: p-value=0.3479 (Required < 0.05) | OLS Beta: 0.6626
Filter ON: Spread not stationary (p-value too high). Skipping optimization and OOS test.

--- Window 63 Boundary Check ---
IS Period RTH Bars: 14666. Start: 2024-03-12 15:46:00+00:00 | End: 2024-05-13 17:43:00+00:00
OOS Start Bar Index: 381732 | Time: 2024-05-13 17:46:00+00:00
ADF Test Result: p-value=0.0999 (Required < 0.05) | OLS Beta: 0.7872
Filter ON: Spread not stationary (p-value too high). Skipping optimization and OOS test.

--- Window 64 Boundary Check ---
IS Period RTH Bars: 14666. Start: 2024-04-08 14:20:00+00:00 | End: 2024-06-07 15:42:00+00:00
OOS Start Bar Index: 387582 | Time: 2024-06-07 15:43:00+00:00
ADF Test Result: p-value=0.1446 (Required < 0.05) | OLS Beta: 0.6988
Filter ON: Spread not stationary (p-value too high). Skipping optimization and OOS test.

--- Window 65 Boundary Check ---
IS Period RTH Bars: 14666. Start: 2024-04-30 17:47:00+00:00 | End: 2024-07-03 16:26:00+00:00
OOS Start Bar Index: 393432 | Time: 2024-07-03 16:27:00+00:00
ADF Test Result: p-value=0.2779 (Required < 0.05) | OLS Beta: 0.7662
Filter ON: Spread not stationary (p-value too high). Skipping optimization and OOS test.

--- Window 66 Boundary Check ---
IS Period RTH Bars: 14666. Start: 2024-05-24 17:17:00+00:00 | End: 2024-07-30 13:54:00+00:00
OOS Start Bar Index: 399282 | Time: 2024-07-30 13:55:00+00:00
ADF Test Result: p-value=0.2258 (Required < 0.05) | OLS Beta: 0.9098
Filter ON: Spread not stationary (p-value too high). Skipping optimization and OOS test.

--- Window 67 Boundary Check ---
IS Period RTH Bars: 14666. Start: 2024-06-20 19:40:00+00:00 | End: 2024-08-22 16:11:00+00:00
OOS Start Bar Index: 405132 | Time: 2024-08-22 16:12:00+00:00
ADF Test Result: p-value=0.1907 (Required < 0.05) | OLS Beta: 0.7417
Filter ON: Spread not stationary (p-value too high). Skipping optimization and OOS test.

--- Window 68 Boundary Check ---
IS Period RTH Bars: 14666. Start: 2024-07-17 18:57:00+00:00 | End: 2024-09-18 15:34:00+00:00
OOS Start Bar Index: 410982 | Time: 2024-09-18 15:35:00+00:00
ADF Test Result: p-value=0.1877 (Required < 0.05) | OLS Beta: 0.5310
Filter ON: Spread not stationary (p-value too high). Skipping optimization and OOS test.

--- Window 69 Boundary Check ---
IS Period RTH Bars: 14666. Start: 2024-08-09 15:18:00+00:00 | End: 2024-10-11 18:21:00+00:00
OOS Start Bar Index: 416832 | Time: 2024-10-11 18:23:00+00:00
ADF Test Result: p-value=0.2433 (Required < 0.05) | OLS Beta: -0.0437
Filter ON: Spread not stationary (p-value too high). Skipping optimization and OOS test.

--- Window 70 Boundary Check ---
IS Period RTH Bars: 14666. Start: 2024-09-05 16:24:00+00:00 | End: 2024-11-05 17:55:00+00:00
OOS Start Bar Index: 422682 | Time: 2024-11-05 17:56:00+00:00
ADF Test Result: p-value=0.0333 (Required < 0.05) | OLS Beta: 0.6184
Filter OFF: Spread is stationary. Proceeding with optimization.
IS Optimization Time: 0.05 seconds.
Optimal Params (Sharpe=4.0118, Calmar=21.9606): Z_E=2.7, Z_X=1.3, Z_SL=3.9
📊 Persistence: Saved 3758 PnL points to wfa_outputs\oos_equity_curve_SAP_JPM_1m_20251107_194356_0.05.csv
OOS Period (2024-11-05 17:56:00+00:00 to 2024-11-29 17:41:00+00:00): PnL: $291.32 | Sharpe: 5.2041 | Calmar: 0.0000 | Trades: 2

--- Window 71 Boundary Check ---
IS Period RTH Bars: 14666. Start: 2024-10-01 13:48:00+00:00 | End: 2024-11-29 17:41:00+00:00
OOS Start Bar Index: 428532 | Time: 2024-11-29 17:42:00+00:00
ADF Test Result: p-value=0.1261 (Required < 0.05) | OLS Beta: 0.2073
Filter ON: Spread not stationary (p-value too high). Skipping optimization and OOS test.

--- Window 72 Boundary Check ---
IS Period RTH Bars: 14666. Start: 2024-10-24 14:13:00+00:00 | End: 2024-12-26 18:56:00+00:00
OOS Start Bar Index: 434382 | Time: 2024-12-26 18:57:00+00:00
ADF Test Result: p-value=0.8022 (Required < 0.05) | OLS Beta: 0.1050
Filter ON: Spread not stationary (p-value too high). Skipping optimization and OOS test.

############################################################
📈 OVERALL SIMULATION PERFORMANCE (Walk-Forward Test)
############################################################
Timeframe Used: 1Min, Value: 1
ADF Cointegration Filter Threshold: 0.05
Total OOS Windows Tested: 72
Total Trades Executed: 3758
--- Final Performance Metrics ---
Total PnL: $-798.30
Overall Sharpe Ratio (Annualized): -0.3129
Overall Calmar Ratio (Annualized): -0.0289
Maximum Dollar Drawdown (MDD): $1,299.57

--- Execution Time ---
Total Elapsed Time: 83.63 seconds
############################################################
[0m