--- Dynamic Timeframe Configuration ---
TimeFrame Selected: 1Min, Value: 1
Bars per Trading Day: 390
Annualization Factor (Bars/Year): 98280
Statistical Lookback Bars: 2184
Optimization Lookback Bars: 19032
---------------------------------------
--- Diagnostic Check ---
API Key ID Length: 26
API Secret Key Length: 44
StockHistoricalDataClient initialized successfully. Starting data fetch...
--------------------------
Pre-compiling Numba function for first run optimization...
Numba pre-compilation complete.
Fetching data from 2020-01-15 to 2025-01-13...
Fetching 1Min data for SAP...
Fetching 1Min data for JPM...
Data acquired successfully. Total 1Min RTH bars: 436053
Skipping full pre-calculation. Metrics will be calculated inside the WFA loop.

============================================================
📈 Starting Rolling Backtest: IS Optimization Window=19032 bars, Shift=15 days
   Data already processed with Statistical Rolling Window: 2184 bars
   ADF Cointegration Filter: p-value < 0.05
============================================================

--- Window 1 Boundary Check ---
IS Period RTH Bars: 14666. Start: 2020-02-03 18:15:00+00:00 | End: 2020-04-02 15:19:00+00:00
OOS Start Bar Index: 19032 | Time: 2020-04-02 15:20:00+00:00
ADF Test Result: p-value=0.1555 (Required < 0.05) | OLS Beta: 0.6257
Filter ON: Spread not stationary (p-value too high). Skipping optimization and OOS test.

--- Window 2 Boundary Check ---
IS Period RTH Bars: 14666. Start: 2020-02-28 18:26:00+00:00 | End: 2020-04-27 14:17:00+00:00
OOS Start Bar Index: 24882 | Time: 2020-04-27 14:18:00+00:00
ADF Test Result: p-value=0.4482 (Required < 0.05) | OLS Beta: 0.6231
Filter ON: Spread not stationary (p-value too high). Skipping optimization and OOS test.

--- Window 3 Boundary Check ---
IS Period RTH Bars: 14666. Start: 2020-03-23 15:50:00+00:00 | End: 2020-05-19 18:00:00+00:00
OOS Start Bar Index: 30732 | Time: 2020-05-19 18:01:00+00:00
ADF Test Result: p-value=0.1712 (Required < 0.05) | OLS Beta: 0.7022
Filter ON: Spread not stationary (p-value too high). Skipping optimization and OOS test.

--- Window 4 Boundary Check ---
IS Period RTH Bars: 14666. Start: 2020-04-15 14:23:00+00:00 | End: 2020-06-12 15:33:00+00:00
OOS Start Bar Index: 36582 | Time: 2020-06-12 15:34:00+00:00
ADF Test Result: p-value=0.1136 (Required < 0.05) | OLS Beta: 0.8078
Filter ON: Spread not stationary (p-value too high). Skipping optimization and OOS test.

--- Window 5 Boundary Check ---
IS Period RTH Bars: 14666. Start: 2020-05-07 14:42:00+00:00 | End: 2020-07-09 14:12:00+00:00
OOS Start Bar Index: 42432 | Time: 2020-07-09 14:13:00+00:00
ADF Test Result: p-value=0.9910 (Required < 0.05) | OLS Beta: 0.7056
Filter ON: Spread not stationary (p-value too high). Skipping optimization and OOS test.

--- Window 6 Boundary Check ---
IS Period RTH Bars: 14666. Start: 2020-06-01 19:48:00+00:00 | End: 2020-07-31 18:39:00+00:00
OOS Start Bar Index: 48282 | Time: 2020-07-31 18:40:00+00:00
ADF Test Result: p-value=0.5219 (Required < 0.05) | OLS Beta: -0.3474
Filter ON: Spread not stationary (p-value too high). Skipping optimization and OOS test.

--- Window 7 Boundary Check ---
IS Period RTH Bars: 14666. Start: 2020-06-24 19:32:00+00:00 | End: 2020-08-28 14:53:00+00:00
OOS Start Bar Index: 54132 | Time: 2020-08-28 14:54:00+00:00
ADF Test Result: p-value=0.0426 (Required < 0.05) | OLS Beta: 1.2163
Filter OFF: Spread is stationary. Proceeding with optimization.
IS Optimization Time: 0.05 seconds.
Optimal Params (Sharpe=5.2610, Calmar=86.8209): Z_E=1.9, Z_X=0.3, Z_SL=3.6
📊 Persistence: Saved 1 PnL points to wfa_outputs\oos_equity_curve_SAP_JPM_1m_20251107_194521_0.05.csv
OOS Period (2020-08-28 14:54:00+00:00 to 2020-09-24 14:58:00+00:00): PnL: $299.21 | Sharpe: 4.0991 | Calmar: 0.0000 | Trades: 1

--- Window 8 Boundary Check ---
IS Period RTH Bars: 14666. Start: 2020-07-21 16:05:00+00:00 | End: 2020-09-24 14:58:00+00:00
OOS Start Bar Index: 59982 | Time: 2020-09-24 14:59:00+00:00
ADF Test Result: p-value=0.0215 (Required < 0.05) | OLS Beta: 0.3357
Filter OFF: Spread is stationary. Proceeding with optimization.
IS Optimization Time: 0.05 seconds.
Optimal Params (Sharpe=4.8040, Calmar=38.1507): Z_E=1.9, Z_X=0.3, Z_SL=4.5
📊 Persistence: Saved 38 PnL points to wfa_outputs\oos_equity_curve_SAP_JPM_1m_20251107_194521_0.05.csv
OOS Period (2020-09-24 14:59:00+00:00 to 2020-10-21 14:44:00+00:00): PnL: $-278.83 | Sharpe: -3.4313 | Calmar: -9.5436 | Trades: 37

--- Window 9 Boundary Check ---
IS Period RTH Bars: 14666. Start: 2020-08-14 17:35:00+00:00 | End: 2020-10-21 14:44:00+00:00
OOS Start Bar Index: 65832 | Time: 2020-10-21 14:45:00+00:00
ADF Test Result: p-value=0.4850 (Required < 0.05) | OLS Beta: 0.3271
Filter ON: Spread not stationary (p-value too high). Skipping optimization and OOS test.

--- Window 10 Boundary Check ---
IS Period RTH Bars: 14666. Start: 2020-09-10 19:54:00+00:00 | End: 2020-11-11 18:04:00+00:00
OOS Start Bar Index: 71682 | Time: 2020-11-11 18:05:00+00:00
ADF Test Result: p-value=0.5540 (Required < 0.05) | OLS Beta: -1.1390
Filter ON: Spread not stationary (p-value too high). Skipping optimization and OOS test.

--- Window 11 Boundary Check ---
IS Period RTH Bars: 14666. Start: 2020-10-07 15:31:00+00:00 | End: 2020-12-07 14:30:00+00:00
OOS Start Bar Index: 77532 | Time: 2020-12-07 14:31:00+00:00
ADF Test Result: p-value=0.5102 (Required < 0.05) | OLS Beta: -0.4549
Filter ON: Spread not stationary (p-value too high). Skipping optimization and OOS test.

--- Window 12 Boundary Check ---
IS Period RTH Bars: 14666. Start: 2020-10-30 18:59:00+00:00 | End: 2020-12-31 15:51:00+00:00
OOS Start Bar Index: 83382 | Time: 2020-12-31 15:52:00+00:00
ADF Test Result: p-value=0.1867 (Required < 0.05) | OLS Beta: 0.6328
Filter ON: Spread not stationary (p-value too high). Skipping optimization and OOS test.

--- Window 13 Boundary Check ---
IS Period RTH Bars: 14666. Start: 2020-11-23 16:49:00+00:00 | End: 2021-01-26 16:14:00+00:00
OOS Start Bar Index: 89232 | Time: 2021-01-26 16:15:00+00:00
ADF Test Result: p-value=0.3570 (Required < 0.05) | OLS Beta: 0.2905
Filter ON: Spread not stationary (p-value too high). Skipping optimization and OOS test.

--- Window 14 Boundary Check ---
IS Period RTH Bars: 14666. Start: 2020-12-17 16:20:00+00:00 | End: 2021-02-18 17:00:00+00:00
OOS Start Bar Index: 95082 | Time: 2021-02-18 17:01:00+00:00
ADF Test Result: p-value=0.0393 (Required < 0.05) | OLS Beta: 0.0476
Filter OFF: Spread is stationary. Proceeding with optimization.
IS Optimization Time: 0.05 seconds.
Optimal Params (Sharpe=5.9949, Calmar=62.6550): Z_E=1.9, Z_X=1.1, Z_SL=3.3
📊 Persistence: Saved 267 PnL points to wfa_outputs\oos_equity_curve_SAP_JPM_1m_20251107_194521_0.05.csv
OOS Period (2021-02-18 17:01:00+00:00 to 2021-03-12 18:29:00+00:00): PnL: $-114.24 | Sharpe: -0.9687 | Calmar: -5.8472 | Trades: 229

--- Window 15 Boundary Check ---
IS Period RTH Bars: 14666. Start: 2021-01-13 16:03:00+00:00 | End: 2021-03-12 18:29:00+00:00
OOS Start Bar Index: 100932 | Time: 2021-03-12 18:30:00+00:00
ADF Test Result: p-value=0.0190 (Required < 0.05) | OLS Beta: -0.2824
Filter OFF: Spread is stationary. Proceeding with optimization.
IS Optimization Time: 0.05 seconds.
Optimal Params (Sharpe=6.1505, Calmar=42.6151): Z_E=1.9, Z_X=1.1, Z_SL=3.6
📊 Persistence: Saved 269 PnL points to wfa_outputs\oos_equity_curve_SAP_JPM_1m_20251107_194521_0.05.csv
OOS Period (2021-03-12 18:30:00+00:00 to 2021-04-06 18:34:00+00:00): PnL: $-94.78 | Sharpe: -5.6154 | Calmar: -13.6940 | Trades: 2

--- Window 16 Boundary Check ---
IS Period RTH Bars: 14666. Start: 2021-02-04 20:43:00+00:00 | End: 2021-04-06 18:34:00+00:00
OOS Start Bar Index: 106782 | Time: 2021-04-06 18:35:00+00:00
ADF Test Result: p-value=0.1200 (Required < 0.05) | OLS Beta: -0.5394
Filter ON: Spread not stationary (p-value too high). Skipping optimization and OOS test.

--- Window 17 Boundary Check ---
IS Period RTH Bars: 14666. Start: 2021-03-02 17:13:00+00:00 | End: 2021-04-30 14:17:00+00:00
OOS Start Bar Index: 112632 | Time: 2021-04-30 14:18:00+00:00
ADF Test Result: p-value=0.9473 (Required < 0.05) | OLS Beta: -0.6077
Filter ON: Spread not stationary (p-value too high). Skipping optimization and OOS test.

--- Window 18 Boundary Check ---
IS Period RTH Bars: 14666. Start: 2021-03-24 17:16:00+00:00 | End: 2021-05-25 17:31:00+00:00
OOS Start Bar Index: 118482 | Time: 2021-05-25 17:32:00+00:00
ADF Test Result: p-value=0.3630 (Required < 0.05) | OLS Beta: 0.5547
Filter ON: Spread not stationary (p-value too high). Skipping optimization and OOS test.

--- Window 19 Boundary Check ---
IS Period RTH Bars: 14666. Start: 2021-04-16 18:17:00+00:00 | End: 2021-06-22 14:05:00+00:00
OOS Start Bar Index: 124332 | Time: 2021-06-22 14:06:00+00:00
ADF Test Result: p-value=0.1413 (Required < 0.05) | OLS Beta: -0.0893
Filter ON: Spread not stationary (p-value too high). Skipping optimization and OOS test.

--- Window 20 Boundary Check ---
IS Period RTH Bars: 14666. Start: 2021-05-12 14:49:00+00:00 | End: 2021-07-16 17:57:00+00:00
OOS Start Bar Index: 130182 | Time: 2021-07-16 18:00:00+00:00
ADF Test Result: p-value=0.2220 (Required < 0.05) | OLS Beta: -0.2888
Filter ON: Spread not stationary (p-value too high). Skipping optimization and OOS test.

--- Window 21 Boundary Check ---
IS Period RTH Bars: 14666. Start: 2021-06-09 14:30:00+00:00 | End: 2021-08-10 19:32:00+00:00
OOS Start Bar Index: 136032 | Time: 2021-08-10 19:33:00+00:00
ADF Test Result: p-value=0.0607 (Required < 0.05) | OLS Beta: 0.3115
Filter ON: Spread not stationary (p-value too high). Skipping optimization and OOS test.

--- Window 22 Boundary Check ---
IS Period RTH Bars: 14666. Start: 2021-07-06 14:20:00+00:00 | End: 2021-09-09 14:26:00+00:00
OOS Start Bar Index: 141882 | Time: 2021-09-09 14:27:00+00:00
ADF Test Result: p-value=0.0197 (Required < 0.05) | OLS Beta: 0.5655
Filter OFF: Spread is stationary. Proceeding with optimization.
IS Optimization Time: 0.05 seconds.
Optimal Params (Sharpe=5.0282, Calmar=42.1070): Z_E=2.5, Z_X=0.5, Z_SL=4.8
📊 Persistence: Saved 1170 PnL points to wfa_outputs\oos_equity_curve_SAP_JPM_1m_20251107_194521_0.05.csv
OOS Period (2021-09-09 14:27:00+00:00 to 2021-10-05 17:39:00+00:00): PnL: $-507.58 | Sharpe: -6.0725 | Calmar: -9.5330 | Trades: 901

--- Window 23 Boundary Check ---
IS Period RTH Bars: 14666. Start: 2021-07-28 18:58:00+00:00 | End: 2021-10-05 17:39:00+00:00
OOS Start Bar Index: 147732 | Time: 2021-10-05 17:41:00+00:00
ADF Test Result: p-value=0.5364 (Required < 0.05) | OLS Beta: -0.4533
Filter ON: Spread not stationary (p-value too high). Skipping optimization and OOS test.

--- Window 24 Boundary Check ---
IS Period RTH Bars: 14666. Start: 2021-08-24 16:46:00+00:00 | End: 2021-11-01 15:21:00+00:00
OOS Start Bar Index: 153582 | Time: 2021-11-01 15:22:00+00:00
ADF Test Result: p-value=0.4856 (Required < 0.05) | OLS Beta: -0.3705
Filter ON: Spread not stationary (p-value too high). Skipping optimization and OOS test.

--- Window 25 Boundary Check ---
IS Period RTH Bars: 14666. Start: 2021-09-21 19:18:00+00:00 | End: 2021-11-29 19:18:00+00:00
OOS Start Bar Index: 159432 | Time: 2021-11-29 19:19:00+00:00
ADF Test Result: p-value=0.5423 (Required < 0.05) | OLS Beta: 0.3785
Filter ON: Spread not stationary (p-value too high). Skipping optimization and OOS test.

--- Window 26 Boundary Check ---
IS Period RTH Bars: 14666. Start: 2021-10-18 16:11:00+00:00 | End: 2021-12-22 18:37:00+00:00
OOS Start Bar Index: 165282 | Time: 2021-12-22 18:38:00+00:00
ADF Test Result: p-value=0.3655 (Required < 0.05) | OLS Beta: 0.9975
Filter ON: Spread not stationary (p-value too high). Skipping optimization and OOS test.

--- Window 27 Boundary Check ---
IS Period RTH Bars: 14666. Start: 2021-11-15 14:32:00+00:00 | End: 2022-01-19 18:23:00+00:00
OOS Start Bar Index: 171132 | Time: 2022-01-19 18:24:00+00:00
ADF Test Result: p-value=0.3905 (Required < 0.05) | OLS Beta: 0.1272
Filter ON: Spread not stationary (p-value too high). Skipping optimization and OOS test.

--- Window 28 Boundary Check ---
IS Period RTH Bars: 14666. Start: 2021-12-09 20:39:00+00:00 | End: 2022-02-11 18:41:00+00:00
OOS Start Bar Index: 176982 | Time: 2022-02-11 18:42:00+00:00
ADF Test Result: p-value=0.8184 (Required < 0.05) | OLS Beta: 0.6148
Filter ON: Spread not stationary (p-value too high). Skipping optimization and OOS test.

--- Window 29 Boundary Check ---
IS Period RTH Bars: 14666. Start: 2022-01-06 15:17:00+00:00 | End: 2022-03-09 15:16:00+00:00
OOS Start Bar Index: 182832 | Time: 2022-03-09 15:17:00+00:00
ADF Test Result: p-value=0.6203 (Required < 0.05) | OLS Beta: 0.9985
Filter ON: Spread not stationary (p-value too high). Skipping optimization and OOS test.

--- Window 30 Boundary Check ---
IS Period RTH Bars: 14666. Start: 2022-02-01 16:10:00+00:00 | End: 2022-03-30 19:59:00+00:00
OOS Start Bar Index: 188682 | Time: 2022-03-31 13:30:00+00:00
ADF Test Result: p-value=0.1276 (Required < 0.05) | OLS Beta: 0.7519
Filter ON: Spread not stationary (p-value too high). Skipping optimization and OOS test.

--- Window 31 Boundary Check ---
IS Period RTH Bars: 14666. Start: 2022-02-24 16:57:00+00:00 | End: 2022-04-22 17:21:00+00:00
OOS Start Bar Index: 194532 | Time: 2022-04-22 17:22:00+00:00
ADF Test Result: p-value=0.0067 (Required < 0.05) | OLS Beta: 0.6135
Filter OFF: Spread is stationary. Proceeding with optimization.
IS Optimization Time: 0.05 seconds.
Optimal Params (Sharpe=6.4648, Calmar=102.3245): Z_E=2.7, Z_X=1.3, Z_SL=3.6
📊 Persistence: Saved 1578 PnL points to wfa_outputs\oos_equity_curve_SAP_JPM_1m_20251107_194521_0.05.csv
OOS Period (2022-04-22 17:22:00+00:00 to 2022-05-13 18:30:00+00:00): PnL: $32.37 | Sharpe: 0.5036 | Calmar: 2.8278 | Trades: 408

--- Window 32 Boundary Check ---
IS Period RTH Bars: 14666. Start: 2022-03-18 19:38:00+00:00 | End: 2022-05-13 18:30:00+00:00
OOS Start Bar Index: 200382 | Time: 2022-05-13 18:31:00+00:00
ADF Test Result: p-value=0.0263 (Required < 0.05) | OLS Beta: 0.8928
Filter OFF: Spread is stationary. Proceeding with optimization.
IS Optimization Time: 0.05 seconds.
Optimal Params (Sharpe=5.9518, Calmar=59.4848): Z_E=2.7, Z_X=1.5, Z_SL=3.9
📊 Persistence: Saved 1580 PnL points to wfa_outputs\oos_equity_curve_SAP_JPM_1m_20251107_194521_0.05.csv
OOS Period (2022-05-13 18:31:00+00:00 to 2022-06-07 15:23:00+00:00): PnL: $303.30 | Sharpe: 5.7422 | Calmar: 0.0000 | Trades: 2

--- Window 33 Boundary Check ---
IS Period RTH Bars: 14666. Start: 2022-04-11 18:52:00+00:00 | End: 2022-06-07 15:23:00+00:00
OOS Start Bar Index: 206232 | Time: 2022-06-07 15:24:00+00:00
ADF Test Result: p-value=0.0904 (Required < 0.05) | OLS Beta: 0.6493
Filter ON: Spread not stationary (p-value too high). Skipping optimization and OOS test.

--- Window 34 Boundary Check ---
IS Period RTH Bars: 14666. Start: 2022-05-04 13:59:00+00:00 | End: 2022-06-29 18:26:00+00:00
OOS Start Bar Index: 212082 | Time: 2022-06-29 18:27:00+00:00
ADF Test Result: p-value=0.0310 (Required < 0.05) | OLS Beta: 0.5265
Filter OFF: Spread is stationary. Proceeding with optimization.
IS Optimization Time: 0.05 seconds.
Optimal Params (Sharpe=3.7352, Calmar=13.7535): Z_E=2.9, Z_X=1.5, Z_SL=3.3
📊 Persistence: Saved 2324 PnL points to wfa_outputs\oos_equity_curve_SAP_JPM_1m_20251107_194521_0.05.csv
OOS Period (2022-06-29 18:27:00+00:00 to 2022-07-22 14:12:00+00:00): PnL: $746.15 | Sharpe: 6.2658 | Calmar: 120.0222 | Trades: 744

--- Window 35 Boundary Check ---
IS Period RTH Bars: 14666. Start: 2022-05-25 15:17:00+00:00 | End: 2022-07-22 14:12:00+00:00
OOS Start Bar Index: 217932 | Time: 2022-07-22 14:13:00+00:00
ADF Test Result: p-value=0.1445 (Required < 0.05) | OLS Beta: 0.7617
Filter ON: Spread not stationary (p-value too high). Skipping optimization and OOS test.

--- Window 36 Boundary Check ---
IS Period RTH Bars: 14666. Start: 2022-06-16 19:19:00+00:00 | End: 2022-08-12 19:48:00+00:00
OOS Start Bar Index: 223782 | Time: 2022-08-12 19:49:00+00:00
ADF Test Result: p-value=0.0640 (Required < 0.05) | OLS Beta: 1.0717
Filter ON: Spread not stationary (p-value too high). Skipping optimization and OOS test.

--- Window 37 Boundary Check ---
IS Period RTH Bars: 14666. Start: 2022-07-12 16:04:00+00:00 | End: 2022-09-07 13:33:00+00:00
OOS Start Bar Index: 229632 | Time: 2022-09-07 13:34:00+00:00
ADF Test Result: p-value=0.5603 (Required < 0.05) | OLS Beta: 0.7531
Filter ON: Spread not stationary (p-value too high). Skipping optimization and OOS test.

--- Window 38 Boundary Check ---
IS Period RTH Bars: 14666. Start: 2022-08-02 18:15:00+00:00 | End: 2022-09-28 17:03:00+00:00
OOS Start Bar Index: 235482 | Time: 2022-09-28 17:04:00+00:00
ADF Test Result: p-value=0.4293 (Required < 0.05) | OLS Beta: 1.0746
Filter ON: Spread not stationary (p-value too high). Skipping optimization and OOS test.

--- Window 39 Boundary Check ---
IS Period RTH Bars: 14666. Start: 2022-08-25 13:44:00+00:00 | End: 2022-10-19 18:23:00+00:00
OOS Start Bar Index: 241332 | Time: 2022-10-19 18:24:00+00:00
ADF Test Result: p-value=0.2238 (Required < 0.05) | OLS Beta: 0.4647
Filter ON: Spread not stationary (p-value too high). Skipping optimization and OOS test.

--- Window 40 Boundary Check ---
IS Period RTH Bars: 14666. Start: 2022-09-16 17:57:00+00:00 | End: 2022-11-10 15:07:00+00:00
OOS Start Bar Index: 247182 | Time: 2022-11-10 15:08:00+00:00
ADF Test Result: p-value=0.3830 (Required < 0.05) | OLS Beta: 0.8421
Filter ON: Spread not stationary (p-value too high). Skipping optimization and OOS test.

--- Window 41 Boundary Check ---
IS Period RTH Bars: 14666. Start: 2022-10-10 13:54:00+00:00 | End: 2022-12-05 16:08:00+00:00
OOS Start Bar Index: 253032 | Time: 2022-12-05 16:09:00+00:00
ADF Test Result: p-value=0.5819 (Required < 0.05) | OLS Beta: 1.1492
Filter ON: Spread not stationary (p-value too high). Skipping optimization and OOS test.

--- Window 42 Boundary Check ---
IS Period RTH Bars: 14666. Start: 2022-10-31 15:24:00+00:00 | End: 2022-12-28 17:33:00+00:00
OOS Start Bar Index: 258882 | Time: 2022-12-28 17:34:00+00:00
ADF Test Result: p-value=0.1728 (Required < 0.05) | OLS Beta: 2.0832
Filter ON: Spread not stationary (p-value too high). Skipping optimization and OOS test.

--- Window 43 Boundary Check ---
IS Period RTH Bars: 14666. Start: 2022-11-21 18:25:00+00:00 | End: 2023-01-23 16:20:00+00:00
OOS Start Bar Index: 264732 | Time: 2023-01-23 16:21:00+00:00
ADF Test Result: p-value=0.3362 (Required < 0.05) | OLS Beta: 1.2050
Filter ON: Spread not stationary (p-value too high). Skipping optimization and OOS test.

--- Window 44 Boundary Check ---
IS Period RTH Bars: 14666. Start: 2022-12-15 16:35:00+00:00 | End: 2023-02-14 15:55:00+00:00
OOS Start Bar Index: 270582 | Time: 2023-02-14 15:56:00+00:00
ADF Test Result: p-value=0.1348 (Required < 0.05) | OLS Beta: 1.5110
Filter ON: Spread not stationary (p-value too high). Skipping optimization and OOS test.

--- Window 45 Boundary Check ---
IS Period RTH Bars: 14666. Start: 2023-01-10 17:10:00+00:00 | End: 2023-03-09 20:56:00+00:00
OOS Start Bar Index: 276432 | Time: 2023-03-09 20:57:00+00:00
ADF Test Result: p-value=0.0560 (Required < 0.05) | OLS Beta: 0.1762
Filter ON: Spread not stationary (p-value too high). Skipping optimization and OOS test.

--- Window 46 Boundary Check ---
IS Period RTH Bars: 14666. Start: 2023-02-01 20:19:00+00:00 | End: 2023-04-03 14:49:00+00:00
OOS Start Bar Index: 282282 | Time: 2023-04-03 14:50:00+00:00
ADF Test Result: p-value=0.1762 (Required < 0.05) | OLS Beta: -0.3382
Filter ON: Spread not stationary (p-value too high). Skipping optimization and OOS test.

--- Window 47 Boundary Check ---
IS Period RTH Bars: 14666. Start: 2023-02-27 17:53:00+00:00 | End: 2023-04-25 19:57:00+00:00
OOS Start Bar Index: 288132 | Time: 2023-04-25 19:58:00+00:00
ADF Test Result: p-value=0.8392 (Required < 0.05) | OLS Beta: -0.0438
Filter ON: Spread not stationary (p-value too high). Skipping optimization and OOS test.

--- Window 48 Boundary Check ---
IS Period RTH Bars: 14666. Start: 2023-03-21 18:55:00+00:00 | End: 2023-05-18 15:12:00+00:00
OOS Start Bar Index: 293982 | Time: 2023-05-18 15:13:00+00:00
ADF Test Result: p-value=0.2004 (Required < 0.05) | OLS Beta: 0.5812
Filter ON: Spread not stationary (p-value too high). Skipping optimization and OOS test.

--- Window 49 Boundary Check ---
IS Period RTH Bars: 14666. Start: 2023-04-14 14:47:00+00:00 | End: 2023-06-13 13:51:00+00:00
OOS Start Bar Index: 299832 | Time: 2023-06-13 13:52:00+00:00
ADF Test Result: p-value=0.1137 (Required < 0.05) | OLS Beta: -0.1887
Filter ON: Spread not stationary (p-value too high). Skipping optimization and OOS test.

--- Window 50 Boundary Check ---
IS Period RTH Bars: 14666. Start: 2023-05-08 14:37:00+00:00 | End: 2023-07-10 14:55:00+00:00
OOS Start Bar Index: 305682 | Time: 2023-07-10 14:56:00+00:00
ADF Test Result: p-value=0.0463 (Required < 0.05) | OLS Beta: 0.4135
Filter OFF: Spread is stationary. Proceeding with optimization.
IS Optimization Time: 0.05 seconds.
Optimal Params (Sharpe=5.2781, Calmar=43.6709): Z_E=1.9, Z_X=0.3, Z_SL=4.2
📊 Persistence: Saved 3185 PnL points to wfa_outputs\oos_equity_curve_SAP_JPM_1m_20251107_194521_0.05.csv
OOS Period (2023-07-10 14:56:00+00:00 to 2023-07-31 19:15:00+00:00): PnL: $-118.88 | Sharpe: -1.1869 | Calmar: -6.6154 | Trades: 861

--- Window 51 Boundary Check ---
IS Period RTH Bars: 14666. Start: 2023-05-31 15:50:00+00:00 | End: 2023-07-31 19:15:00+00:00
OOS Start Bar Index: 311532 | Time: 2023-07-31 19:16:00+00:00
ADF Test Result: p-value=0.4456 (Required < 0.05) | OLS Beta: 0.2464
Filter ON: Spread not stationary (p-value too high). Skipping optimization and OOS test.

--- Window 52 Boundary Check ---
IS Period RTH Bars: 14666. Start: 2023-06-26 15:01:00+00:00 | End: 2023-08-23 17:43:00+00:00
OOS Start Bar Index: 317382 | Time: 2023-08-23 17:44:00+00:00
ADF Test Result: p-value=0.5172 (Required < 0.05) | OLS Beta: 0.0749
Filter ON: Spread not stationary (p-value too high). Skipping optimization and OOS test.

--- Window 53 Boundary Check ---
IS Period RTH Bars: 14666. Start: 2023-07-19 19:40:00+00:00 | End: 2023-09-19 14:03:00+00:00
OOS Start Bar Index: 323232 | Time: 2023-09-19 14:04:00+00:00
ADF Test Result: p-value=0.0004 (Required < 0.05) | OLS Beta: -0.3473
Filter OFF: Spread is stationary. Proceeding with optimization.
IS Optimization Time: 0.05 seconds.
Optimal Params (Sharpe=1.8490, Calmar=16.8886): Z_E=3.1, Z_X=0.3, Z_SL=4.5
📊 Persistence: Saved 4764 PnL points to wfa_outputs\oos_equity_curve_SAP_JPM_1m_20251107_194521_0.05.csv
OOS Period (2023-09-19 14:04:00+00:00 to 2023-10-11 16:18:00+00:00): PnL: $-105.07 | Sharpe: -1.6134 | Calmar: -6.6382 | Trades: 1579

--- Window 54 Boundary Check ---
IS Period RTH Bars: 14666. Start: 2023-08-11 14:20:00+00:00 | End: 2023-10-11 16:18:00+00:00
OOS Start Bar Index: 329082 | Time: 2023-10-11 16:19:00+00:00
ADF Test Result: p-value=0.6032 (Required < 0.05) | OLS Beta: 0.7242
Filter ON: Spread not stationary (p-value too high). Skipping optimization and OOS test.

--- Window 55 Boundary Check ---
IS Period RTH Bars: 14666. Start: 2023-09-06 15:29:00+00:00 | End: 2023-11-02 14:49:00+00:00
OOS Start Bar Index: 334932 | Time: 2023-11-02 14:50:00+00:00
ADF Test Result: p-value=0.3181 (Required < 0.05) | OLS Beta: -0.0649
Filter ON: Spread not stationary (p-value too high). Skipping optimization and OOS test.

--- Window 56 Boundary Check ---
IS Period RTH Bars: 14666. Start: 2023-09-29 14:57:00+00:00 | End: 2023-11-28 19:49:00+00:00
OOS Start Bar Index: 340782 | Time: 2023-11-28 19:50:00+00:00
ADF Test Result: p-value=0.5883 (Required < 0.05) | OLS Beta: 1.3462
Filter ON: Spread not stationary (p-value too high). Skipping optimization and OOS test.

--- Window 57 Boundary Check ---
IS Period RTH Bars: 14666. Start: 2023-10-20 19:45:00+00:00 | End: 2023-12-21 18:07:00+00:00
OOS Start Bar Index: 346632 | Time: 2023-12-21 18:08:00+00:00
ADF Test Result: p-value=0.6522 (Required < 0.05) | OLS Beta: 1.0016
Filter ON: Spread not stationary (p-value too high). Skipping optimization and OOS test.

--- Window 58 Boundary Check ---
IS Period RTH Bars: 14666. Start: 2023-11-14 19:30:00+00:00 | End: 2024-01-18 17:05:00+00:00
OOS Start Bar Index: 352482 | Time: 2024-01-18 17:06:00+00:00
ADF Test Result: p-value=0.1783 (Required < 0.05) | OLS Beta: -0.0642
Filter ON: Spread not stationary (p-value too high). Skipping optimization and OOS test.

--- Window 59 Boundary Check ---
IS Period RTH Bars: 14666. Start: 2023-12-11 15:18:00+00:00 | End: 2024-02-09 19:23:00+00:00
OOS Start Bar Index: 358332 | Time: 2024-02-09 19:24:00+00:00
ADF Test Result: p-value=0.6603 (Required < 0.05) | OLS Beta: 1.3839
Filter ON: Spread not stationary (p-value too high). Skipping optimization and OOS test.

--- Window 60 Boundary Check ---
IS Period RTH Bars: 14666. Start: 2024-01-04 19:47:00+00:00 | End: 2024-03-06 18:40:00+00:00
OOS Start Bar Index: 364182 | Time: 2024-03-06 18:41:00+00:00
ADF Test Result: p-value=0.0399 (Required < 0.05) | OLS Beta: 1.6345
Filter OFF: Spread is stationary. Proceeding with optimization.
IS Optimization Time: 0.05 seconds.
Optimal Params (Sharpe=-0.4181, Calmar=-1.1669): Z_E=3.1, Z_X=0.9, Z_SL=3.3
📊 Persistence: Saved 4764 PnL points to wfa_outputs\oos_equity_curve_SAP_JPM_1m_20251107_194521_0.05.csv
OOS Period (2024-03-06 18:41:00+00:00 to 2024-04-02 13:55:00+00:00): PnL: $0.00 | Sharpe: 0.0000 | Calmar: 0.0000 | Trades: 0

--- Window 61 Boundary Check ---
IS Period RTH Bars: 14666. Start: 2024-01-30 15:04:00+00:00 | End: 2024-04-02 13:55:00+00:00
OOS Start Bar Index: 370032 | Time: 2024-04-02 13:56:00+00:00
ADF Test Result: p-value=0.1613 (Required < 0.05) | OLS Beta: 0.8130
Filter ON: Spread not stationary (p-value too high). Skipping optimization and OOS test.

--- Window 62 Boundary Check ---
IS Period RTH Bars: 14666. Start: 2024-02-23 15:05:00+00:00 | End: 2024-04-24 18:56:00+00:00
OOS Start Bar Index: 375882 | Time: 2024-04-24 18:57:00+00:00
ADF Test Result: p-value=0.4132 (Required < 0.05) | OLS Beta: 0.5645
Filter ON: Spread not stationary (p-value too high). Skipping optimization and OOS test.

--- Window 63 Boundary Check ---
IS Period RTH Bars: 14666. Start: 2024-03-18 18:49:00+00:00 | End: 2024-05-20 17:21:00+00:00
OOS Start Bar Index: 381732 | Time: 2024-05-20 17:22:00+00:00
ADF Test Result: p-value=0.2036 (Required < 0.05) | OLS Beta: 0.8063
Filter ON: Spread not stationary (p-value too high). Skipping optimization and OOS test.

--- Window 64 Boundary Check ---
IS Period RTH Bars: 14666. Start: 2024-04-12 16:39:00+00:00 | End: 2024-06-14 13:54:00+00:00
OOS Start Bar Index: 387582 | Time: 2024-06-14 13:55:00+00:00
ADF Test Result: p-value=0.2190 (Required < 0.05) | OLS Beta: 0.6887
Filter ON: Spread not stationary (p-value too high). Skipping optimization and OOS test.

--- Window 65 Boundary Check ---
IS Period RTH Bars: 14666. Start: 2024-05-07 15:25:00+00:00 | End: 2024-07-11 18:04:00+00:00
OOS Start Bar Index: 393432 | Time: 2024-07-11 18:05:00+00:00
ADF Test Result: p-value=0.3418 (Required < 0.05) | OLS Beta: 0.7276
Filter ON: Spread not stationary (p-value too high). Skipping optimization and OOS test.

--- Window 66 Boundary Check ---
IS Period RTH Bars: 14666. Start: 2024-06-03 13:51:00+00:00 | End: 2024-08-05 16:31:00+00:00
OOS Start Bar Index: 399282 | Time: 2024-08-05 16:32:00+00:00
ADF Test Result: p-value=0.0659 (Required < 0.05) | OLS Beta: 0.8317
Filter ON: Spread not stationary (p-value too high). Skipping optimization and OOS test.

--- Window 67 Boundary Check ---
IS Period RTH Bars: 14666. Start: 2024-06-27 15:39:00+00:00 | End: 2024-08-29 13:35:00+00:00
OOS Start Bar Index: 405132 | Time: 2024-08-29 13:36:00+00:00
ADF Test Result: p-value=0.2224 (Required < 0.05) | OLS Beta: 0.7490
Filter ON: Spread not stationary (p-value too high). Skipping optimization and OOS test.

--- Window 68 Boundary Check ---
IS Period RTH Bars: 14666. Start: 2024-07-24 13:45:00+00:00 | End: 2024-09-25 14:18:00+00:00
OOS Start Bar Index: 410982 | Time: 2024-09-25 14:19:00+00:00
ADF Test Result: p-value=0.7402 (Required < 0.05) | OLS Beta: 0.5269
Filter ON: Spread not stationary (p-value too high). Skipping optimization and OOS test.

--- Window 69 Boundary Check ---
IS Period RTH Bars: 14666. Start: 2024-08-16 14:09:00+00:00 | End: 2024-10-18 16:11:00+00:00
OOS Start Bar Index: 416832 | Time: 2024-10-18 16:12:00+00:00
ADF Test Result: p-value=0.4762 (Required < 0.05) | OLS Beta: 0.0515
Filter ON: Spread not stationary (p-value too high). Skipping optimization and OOS test.

--- Window 70 Boundary Check ---
IS Period RTH Bars: 14666. Start: 2024-09-11 19:02:00+00:00 | End: 2024-11-11 19:41:00+00:00
OOS Start Bar Index: 422682 | Time: 2024-11-11 19:43:00+00:00
ADF Test Result: p-value=0.0090 (Required < 0.05) | OLS Beta: 0.4103
Filter OFF: Spread is stationary. Proceeding with optimization.
IS Optimization Time: 0.05 seconds.
Optimal Params (Sharpe=4.6884, Calmar=25.6035): Z_E=2.7, Z_X=1.3, Z_SL=4.2
📊 Persistence: Saved 4767 PnL points to wfa_outputs\oos_equity_curve_SAP_JPM_1m_20251107_194521_0.05.csv
OOS Period (2024-11-11 19:43:00+00:00 to 2024-12-06 17:26:00+00:00): PnL: $339.37 | Sharpe: 5.0603 | Calmar: 143.3727 | Trades: 3

--- Window 71 Boundary Check ---
IS Period RTH Bars: 14666. Start: 2024-10-07 16:27:00+00:00 | End: 2024-12-06 17:26:00+00:00
OOS Start Bar Index: 428532 | Time: 2024-12-06 17:27:00+00:00
ADF Test Result: p-value=0.6112 (Required < 0.05) | OLS Beta: 0.2323
Filter ON: Spread not stationary (p-value too high). Skipping optimization and OOS test.

--- Window 72 Boundary Check ---
IS Period RTH Bars: 14666. Start: 2024-10-30 15:41:00+00:00 | End: 2025-01-03 16:00:00+00:00
OOS Start Bar Index: 434382 | Time: 2025-01-03 16:01:00+00:00
ADF Test Result: p-value=0.6566 (Required < 0.05) | OLS Beta: 0.1231
Filter ON: Spread not stationary (p-value too high). Skipping optimization and OOS test.

############################################################
📈 OVERALL SIMULATION PERFORMANCE (Walk-Forward Test)
############################################################
Timeframe Used: 1Min, Value: 1
ADF Cointegration Filter Threshold: 0.05
Total OOS Windows Tested: 72
Total Trades Executed: 4767
--- Final Performance Metrics ---
Total PnL: $501.03
Overall Sharpe Ratio (Annualized): 0.0950
Overall Calmar Ratio (Annualized): 0.0180
Maximum Dollar Drawdown (MDD): $1,199.30

--- Execution Time ---
Total Elapsed Time: 87.19 seconds
############################################################
[0m