--- Dynamic Timeframe Configuration ---
TimeFrame Selected: 1Hour, Value: 1
Bars per Trading Day: 6
Annualization Factor (Bars/Year): 1512
Statistical Lookback Bars: 33
Optimization Lookback Bars: 292
---------------------------------------
--- Diagnostic Check ---
API Key ID Length: 26
API Secret Key Length: 44
StockHistoricalDataClient initialized successfully. Starting data fetch...
--------------------------
Pre-compiling Numba function for first run optimization...
Numba pre-compilation complete.
Fetching data from 2020-01-01 to 2024-12-30...
Fetching 1Hour data for AVGO...
Fetching 1Hour data for NVDA...
Data acquired successfully. Total 1Hour RTH bars: 7529
Skipping full pre-calculation. Metrics will be calculated inside the WFA loop.

============================================================
📈 Starting Rolling Backtest: IS Optimization Window=292 bars, Shift=15 days
   Data already processed with Statistical Rolling Window: 33 bars
   ADF Cointegration Filter: p-value < 0.05
============================================================

--- Window 1 Boundary Check ---
IS Period RTH Bars: 228. Start: 2020-01-16 19:00:00+00:00 | End: 2020-03-12 17:00:00+00:00
OOS Start Bar Index: 292 | Time: 2020-03-12 18:00:00+00:00
ADF Test Result: p-value=0.9989 (Required < 0.05) | OLS Beta: 0.1531
Filter ON: Spread not stationary (p-value too high). Skipping optimization and OOS test.

--- Window 2 Boundary Check ---
IS Period RTH Bars: 228. Start: 2020-02-07 19:00:00+00:00 | End: 2020-04-02 17:00:00+00:00
OOS Start Bar Index: 382 | Time: 2020-04-02 18:00:00+00:00
ADF Test Result: p-value=0.0418 (Required < 0.05) | OLS Beta: 1.4440
Filter OFF: Spread is stationary. Proceeding with optimization.
IS Optimization Time: 0.07 seconds.
Optimal Params (Sharpe=4.2802, Calmar=303.6189): Z_E=1.9, Z_X=0.9, Z_SL=3.3
📊 Persistence: Saved 1 PnL points to wfa_outputs\oos_equity_curve_AVGO_NVDA_1h_20251105_150740_0.05.csv
OOS Period (2020-04-02 18:00:00+00:00 to 2020-04-24 17:00:00+00:00): PnL: $251.54 | Sharpe: 4.1217 | Calmar: 0.0000 | Trades: 1

--- Window 3 Boundary Check ---
IS Period RTH Bars: 228. Start: 2020-03-02 19:00:00+00:00 | End: 2020-04-24 17:00:00+00:00
OOS Start Bar Index: 472 | Time: 2020-04-24 18:00:00+00:00
ADF Test Result: p-value=0.0804 (Required < 0.05) | OLS Beta: 1.1123
Filter ON: Spread not stationary (p-value too high). Skipping optimization and OOS test.

--- Window 4 Boundary Check ---
IS Period RTH Bars: 228. Start: 2020-03-23 18:00:00+00:00 | End: 2020-05-15 17:00:00+00:00
OOS Start Bar Index: 562 | Time: 2020-05-15 18:00:00+00:00
ADF Test Result: p-value=0.0870 (Required < 0.05) | OLS Beta: 0.6925
Filter ON: Spread not stationary (p-value too high). Skipping optimization and OOS test.

--- Window 5 Boundary Check ---
IS Period RTH Bars: 228. Start: 2020-04-14 18:00:00+00:00 | End: 2020-06-08 17:00:00+00:00
OOS Start Bar Index: 652 | Time: 2020-06-08 18:00:00+00:00
ADF Test Result: p-value=0.7707 (Required < 0.05) | OLS Beta: 0.4937
Filter ON: Spread not stationary (p-value too high). Skipping optimization and OOS test.

--- Window 6 Boundary Check ---
IS Period RTH Bars: 228. Start: 2020-05-05 18:00:00+00:00 | End: 2020-06-29 17:00:00+00:00
OOS Start Bar Index: 742 | Time: 2020-06-29 18:00:00+00:00
ADF Test Result: p-value=0.3108 (Required < 0.05) | OLS Beta: 0.8150
Filter ON: Spread not stationary (p-value too high). Skipping optimization and OOS test.

--- Window 7 Boundary Check ---
IS Period RTH Bars: 228. Start: 2020-05-27 18:00:00+00:00 | End: 2020-07-21 17:00:00+00:00
OOS Start Bar Index: 832 | Time: 2020-07-21 18:00:00+00:00
ADF Test Result: p-value=0.0781 (Required < 0.05) | OLS Beta: 0.3713
Filter ON: Spread not stationary (p-value too high). Skipping optimization and OOS test.

--- Window 8 Boundary Check ---
IS Period RTH Bars: 228. Start: 2020-06-17 18:00:00+00:00 | End: 2020-08-11 17:00:00+00:00
OOS Start Bar Index: 922 | Time: 2020-08-11 18:00:00+00:00
ADF Test Result: p-value=0.4058 (Required < 0.05) | OLS Beta: 0.2215
Filter ON: Spread not stationary (p-value too high). Skipping optimization and OOS test.

--- Window 9 Boundary Check ---
IS Period RTH Bars: 228. Start: 2020-07-09 18:00:00+00:00 | End: 2020-09-01 17:00:00+00:00
OOS Start Bar Index: 1012 | Time: 2020-09-01 18:00:00+00:00
ADF Test Result: p-value=0.1761 (Required < 0.05) | OLS Beta: 0.3702
Filter ON: Spread not stationary (p-value too high). Skipping optimization and OOS test.

--- Window 10 Boundary Check ---
IS Period RTH Bars: 228. Start: 2020-07-30 18:00:00+00:00 | End: 2020-09-23 17:00:00+00:00
OOS Start Bar Index: 1102 | Time: 2020-09-23 18:00:00+00:00
ADF Test Result: p-value=0.5599 (Required < 0.05) | OLS Beta: 0.5154
Filter ON: Spread not stationary (p-value too high). Skipping optimization and OOS test.

--- Window 11 Boundary Check ---
IS Period RTH Bars: 228. Start: 2020-08-20 18:00:00+00:00 | End: 2020-10-14 17:00:00+00:00
OOS Start Bar Index: 1192 | Time: 2020-10-14 18:00:00+00:00
ADF Test Result: p-value=0.2725 (Required < 0.05) | OLS Beta: 0.4756
Filter ON: Spread not stationary (p-value too high). Skipping optimization and OOS test.

--- Window 12 Boundary Check ---
IS Period RTH Bars: 228. Start: 2020-09-11 18:00:00+00:00 | End: 2020-11-04 18:00:00+00:00
OOS Start Bar Index: 1282 | Time: 2020-11-04 19:00:00+00:00
ADF Test Result: p-value=0.0805 (Required < 0.05) | OLS Beta: 0.5076
Filter ON: Spread not stationary (p-value too high). Skipping optimization and OOS test.

--- Window 13 Boundary Check ---
IS Period RTH Bars: 228. Start: 2020-10-02 18:00:00+00:00 | End: 2020-11-25 18:00:00+00:00
OOS Start Bar Index: 1372 | Time: 2020-11-25 19:00:00+00:00
ADF Test Result: p-value=0.8281 (Required < 0.05) | OLS Beta: 0.4962
Filter ON: Spread not stationary (p-value too high). Skipping optimization and OOS test.

--- Window 14 Boundary Check ---
IS Period RTH Bars: 228. Start: 2020-10-23 18:00:00+00:00 | End: 2020-12-17 20:00:00+00:00
OOS Start Bar Index: 1462 | Time: 2020-12-18 15:00:00+00:00
ADF Test Result: p-value=0.9556 (Required < 0.05) | OLS Beta: 0.5660
Filter ON: Spread not stationary (p-value too high). Skipping optimization and OOS test.

--- Window 15 Boundary Check ---
IS Period RTH Bars: 228. Start: 2020-11-13 19:00:00+00:00 | End: 2021-01-12 16:00:00+00:00
OOS Start Bar Index: 1552 | Time: 2021-01-12 17:00:00+00:00
ADF Test Result: p-value=0.7107 (Required < 0.05) | OLS Beta: -0.4910
Filter ON: Spread not stationary (p-value too high). Skipping optimization and OOS test.

--- Window 16 Boundary Check ---
IS Period RTH Bars: 228. Start: 2020-12-08 15:00:00+00:00 | End: 2021-02-03 16:00:00+00:00
OOS Start Bar Index: 1642 | Time: 2021-02-03 17:00:00+00:00
ADF Test Result: p-value=0.3528 (Required < 0.05) | OLS Beta: 1.0529
Filter ON: Spread not stationary (p-value too high). Skipping optimization and OOS test.

--- Window 17 Boundary Check ---
IS Period RTH Bars: 228. Start: 2020-12-30 17:00:00+00:00 | End: 2021-02-25 16:00:00+00:00
OOS Start Bar Index: 1732 | Time: 2021-02-25 17:00:00+00:00
ADF Test Result: p-value=0.2531 (Required < 0.05) | OLS Beta: 0.5702
Filter ON: Spread not stationary (p-value too high). Skipping optimization and OOS test.

--- Window 18 Boundary Check ---
IS Period RTH Bars: 228. Start: 2021-01-22 17:00:00+00:00 | End: 2021-03-18 15:00:00+00:00
OOS Start Bar Index: 1822 | Time: 2021-03-18 16:00:00+00:00
ADF Test Result: p-value=0.2953 (Required < 0.05) | OLS Beta: 0.3985
Filter ON: Spread not stationary (p-value too high). Skipping optimization and OOS test.

--- Window 19 Boundary Check ---
IS Period RTH Bars: 228. Start: 2021-02-12 17:00:00+00:00 | End: 2021-04-09 15:00:00+00:00
OOS Start Bar Index: 1912 | Time: 2021-04-09 16:00:00+00:00
ADF Test Result: p-value=0.0903 (Required < 0.05) | OLS Beta: 0.4091
Filter ON: Spread not stationary (p-value too high). Skipping optimization and OOS test.

--- Window 20 Boundary Check ---
IS Period RTH Bars: 228. Start: 2021-03-08 17:00:00+00:00 | End: 2021-04-30 15:00:00+00:00
OOS Start Bar Index: 2002 | Time: 2021-04-30 16:00:00+00:00
ADF Test Result: p-value=0.1817 (Required < 0.05) | OLS Beta: 0.1482
Filter ON: Spread not stationary (p-value too high). Skipping optimization and OOS test.

--- Window 21 Boundary Check ---
IS Period RTH Bars: 228. Start: 2021-03-29 16:00:00+00:00 | End: 2021-05-21 15:00:00+00:00
OOS Start Bar Index: 2092 | Time: 2021-05-21 16:00:00+00:00
ADF Test Result: p-value=0.3321 (Required < 0.05) | OLS Beta: 0.2249
Filter ON: Spread not stationary (p-value too high). Skipping optimization and OOS test.

--- Window 22 Boundary Check ---
IS Period RTH Bars: 228. Start: 2021-04-20 16:00:00+00:00 | End: 2021-06-14 15:00:00+00:00
OOS Start Bar Index: 2182 | Time: 2021-06-14 16:00:00+00:00
ADF Test Result: p-value=0.1299 (Required < 0.05) | OLS Beta: 0.3196
Filter ON: Spread not stationary (p-value too high). Skipping optimization and OOS test.

--- Window 23 Boundary Check ---
IS Period RTH Bars: 228. Start: 2021-05-11 16:00:00+00:00 | End: 2021-07-06 15:00:00+00:00
OOS Start Bar Index: 2272 | Time: 2021-07-06 16:00:00+00:00
ADF Test Result: p-value=0.0835 (Required < 0.05) | OLS Beta: 0.2237
Filter ON: Spread not stationary (p-value too high). Skipping optimization and OOS test.

--- Window 24 Boundary Check ---
IS Period RTH Bars: 228. Start: 2021-06-02 16:00:00+00:00 | End: 2021-07-27 15:00:00+00:00
OOS Start Bar Index: 2362 | Time: 2021-07-27 16:00:00+00:00
ADF Test Result: p-value=0.0160 (Required < 0.05) | OLS Beta: 0.1655
Filter OFF: Spread is stationary. Proceeding with optimization.
IS Optimization Time: 0.06 seconds.
Optimal Params (Sharpe=3.6276, Calmar=0.0000): Z_E=2.9, Z_X=0.3, Z_SL=3.3
📊 Persistence: Saved 2 PnL points to wfa_outputs\oos_equity_curve_AVGO_NVDA_1h_20251105_150740_0.05.csv
OOS Period (2021-07-27 16:00:00+00:00 to 2021-08-17 15:00:00+00:00): PnL: $195.25 | Sharpe: 4.1217 | Calmar: 0.0000 | Trades: 1

--- Window 25 Boundary Check ---
IS Period RTH Bars: 228. Start: 2021-06-23 16:00:00+00:00 | End: 2021-08-17 15:00:00+00:00
OOS Start Bar Index: 2452 | Time: 2021-08-17 16:00:00+00:00
ADF Test Result: p-value=0.0910 (Required < 0.05) | OLS Beta: 0.2201
Filter ON: Spread not stationary (p-value too high). Skipping optimization and OOS test.

--- Window 26 Boundary Check ---
IS Period RTH Bars: 228. Start: 2021-07-15 16:00:00+00:00 | End: 2021-09-08 15:00:00+00:00
OOS Start Bar Index: 2542 | Time: 2021-09-08 16:00:00+00:00
ADF Test Result: p-value=0.0485 (Required < 0.05) | OLS Beta: 0.2125
Filter OFF: Spread is stationary. Proceeding with optimization.
IS Optimization Time: 0.06 seconds.
Optimal Params (Sharpe=5.7097, Calmar=108.5234): Z_E=2.1, Z_X=1.1, Z_SL=3.3
📊 Persistence: Saved 9 PnL points to wfa_outputs\oos_equity_curve_AVGO_NVDA_1h_20251105_150740_0.05.csv
OOS Period (2021-09-08 16:00:00+00:00 to 2021-09-29 15:00:00+00:00): PnL: $195.16 | Sharpe: 3.1256 | Calmar: 40.2484 | Trades: 7

--- Window 27 Boundary Check ---
IS Period RTH Bars: 228. Start: 2021-08-05 16:00:00+00:00 | End: 2021-09-29 15:00:00+00:00
OOS Start Bar Index: 2632 | Time: 2021-09-29 16:00:00+00:00
ADF Test Result: p-value=0.6182 (Required < 0.05) | OLS Beta: 0.2810
Filter ON: Spread not stationary (p-value too high). Skipping optimization and OOS test.

--- Window 28 Boundary Check ---
IS Period RTH Bars: 228. Start: 2021-08-26 16:00:00+00:00 | End: 2021-10-20 15:00:00+00:00
OOS Start Bar Index: 2722 | Time: 2021-10-20 16:00:00+00:00
ADF Test Result: p-value=0.1330 (Required < 0.05) | OLS Beta: 0.2308
Filter ON: Spread not stationary (p-value too high). Skipping optimization and OOS test.

--- Window 29 Boundary Check ---
IS Period RTH Bars: 228. Start: 2021-09-17 16:00:00+00:00 | End: 2021-11-10 16:00:00+00:00
OOS Start Bar Index: 2812 | Time: 2021-11-10 17:00:00+00:00
ADF Test Result: p-value=0.0271 (Required < 0.05) | OLS Beta: 0.3476
Filter OFF: Spread is stationary. Proceeding with optimization.
IS Optimization Time: 0.05 seconds.
Optimal Params (Sharpe=5.8073, Calmar=0.0000): Z_E=1.9, Z_X=0.3, Z_SL=3.3
📊 Persistence: Saved 18 PnL points to wfa_outputs\oos_equity_curve_AVGO_NVDA_1h_20251105_150740_0.05.csv
OOS Period (2021-11-10 17:00:00+00:00 to 2021-12-02 17:00:00+00:00): PnL: $179.54 | Sharpe: 3.3927 | Calmar: 26.3320 | Trades: 9

--- Window 30 Boundary Check ---
IS Period RTH Bars: 228. Start: 2021-10-08 16:00:00+00:00 | End: 2021-12-02 17:00:00+00:00
OOS Start Bar Index: 2902 | Time: 2021-12-02 18:00:00+00:00
ADF Test Result: p-value=0.1243 (Required < 0.05) | OLS Beta: 0.2928
Filter ON: Spread not stationary (p-value too high). Skipping optimization and OOS test.

--- Window 31 Boundary Check ---
IS Period RTH Bars: 228. Start: 2021-10-29 16:00:00+00:00 | End: 2021-12-23 17:00:00+00:00
OOS Start Bar Index: 2992 | Time: 2021-12-23 18:00:00+00:00
ADF Test Result: p-value=0.9314 (Required < 0.05) | OLS Beta: -0.0978
Filter ON: Spread not stationary (p-value too high). Skipping optimization and OOS test.

--- Window 32 Boundary Check ---
IS Period RTH Bars: 228. Start: 2021-11-19 17:00:00+00:00 | End: 2022-01-14 17:00:00+00:00
OOS Start Bar Index: 3082 | Time: 2022-01-14 18:00:00+00:00
ADF Test Result: p-value=0.5319 (Required < 0.05) | OLS Beta: -0.6030
Filter ON: Spread not stationary (p-value too high). Skipping optimization and OOS test.

--- Window 33 Boundary Check ---
IS Period RTH Bars: 228. Start: 2021-12-13 18:00:00+00:00 | End: 2022-02-07 17:00:00+00:00
OOS Start Bar Index: 3172 | Time: 2022-02-07 18:00:00+00:00
ADF Test Result: p-value=0.1336 (Required < 0.05) | OLS Beta: 0.6750
Filter ON: Spread not stationary (p-value too high). Skipping optimization and OOS test.

--- Window 34 Boundary Check ---
IS Period RTH Bars: 228. Start: 2022-01-04 18:00:00+00:00 | End: 2022-03-01 17:00:00+00:00
OOS Start Bar Index: 3262 | Time: 2022-03-01 18:00:00+00:00
ADF Test Result: p-value=0.1016 (Required < 0.05) | OLS Beta: 0.5913
Filter ON: Spread not stationary (p-value too high). Skipping optimization and OOS test.

--- Window 35 Boundary Check ---
IS Period RTH Bars: 228. Start: 2022-01-26 18:00:00+00:00 | End: 2022-03-22 16:00:00+00:00
OOS Start Bar Index: 3352 | Time: 2022-03-22 17:00:00+00:00
ADF Test Result: p-value=0.0407 (Required < 0.05) | OLS Beta: 0.2903
Filter OFF: Spread is stationary. Proceeding with optimization.
IS Optimization Time: 0.07 seconds.
Optimal Params (Sharpe=5.7856, Calmar=88.4067): Z_E=1.9, Z_X=0.7, Z_SL=3.3
📊 Persistence: Saved 19 PnL points to wfa_outputs\oos_equity_curve_AVGO_NVDA_1h_20251105_150740_0.05.csv
OOS Period (2022-03-22 17:00:00+00:00 to 2022-04-12 16:00:00+00:00): PnL: $-82.89 | Sharpe: -4.1217 | Calmar: -16.2796 | Trades: 1

--- Window 36 Boundary Check ---
IS Period RTH Bars: 228. Start: 2022-02-16 18:00:00+00:00 | End: 2022-04-12 16:00:00+00:00
OOS Start Bar Index: 3442 | Time: 2022-04-12 17:00:00+00:00
ADF Test Result: p-value=0.1115 (Required < 0.05) | OLS Beta: 0.3720
Filter ON: Spread not stationary (p-value too high). Skipping optimization and OOS test.

--- Window 37 Boundary Check ---
IS Period RTH Bars: 228. Start: 2022-03-10 18:00:00+00:00 | End: 2022-05-04 16:00:00+00:00
OOS Start Bar Index: 3532 | Time: 2022-05-04 17:00:00+00:00
ADF Test Result: p-value=0.0656 (Required < 0.05) | OLS Beta: 0.2329
Filter ON: Spread not stationary (p-value too high). Skipping optimization and OOS test.

--- Window 38 Boundary Check ---
IS Period RTH Bars: 228. Start: 2022-03-31 17:00:00+00:00 | End: 2022-05-25 16:00:00+00:00
OOS Start Bar Index: 3622 | Time: 2022-05-25 17:00:00+00:00
ADF Test Result: p-value=0.4376 (Required < 0.05) | OLS Beta: 0.2353
Filter ON: Spread not stationary (p-value too high). Skipping optimization and OOS test.

--- Window 39 Boundary Check ---
IS Period RTH Bars: 228. Start: 2022-04-22 17:00:00+00:00 | End: 2022-06-16 16:00:00+00:00
OOS Start Bar Index: 3712 | Time: 2022-06-16 17:00:00+00:00
ADF Test Result: p-value=0.6350 (Required < 0.05) | OLS Beta: 0.4490
Filter ON: Spread not stationary (p-value too high). Skipping optimization and OOS test.

--- Window 40 Boundary Check ---
IS Period RTH Bars: 228. Start: 2022-05-13 17:00:00+00:00 | End: 2022-07-11 16:00:00+00:00
OOS Start Bar Index: 3802 | Time: 2022-07-11 17:00:00+00:00
ADF Test Result: p-value=0.1068 (Required < 0.05) | OLS Beta: 0.7644
Filter ON: Spread not stationary (p-value too high). Skipping optimization and OOS test.

--- Window 41 Boundary Check ---
IS Period RTH Bars: 228. Start: 2022-06-06 17:00:00+00:00 | End: 2022-08-01 16:00:00+00:00
OOS Start Bar Index: 3892 | Time: 2022-08-01 17:00:00+00:00
ADF Test Result: p-value=0.3479 (Required < 0.05) | OLS Beta: 0.5895
Filter ON: Spread not stationary (p-value too high). Skipping optimization and OOS test.

--- Window 42 Boundary Check ---
IS Period RTH Bars: 228. Start: 2022-06-28 17:00:00+00:00 | End: 2022-08-22 16:00:00+00:00
OOS Start Bar Index: 3982 | Time: 2022-08-22 17:00:00+00:00
ADF Test Result: p-value=0.1476 (Required < 0.05) | OLS Beta: 0.5942
Filter ON: Spread not stationary (p-value too high). Skipping optimization and OOS test.

--- Window 43 Boundary Check ---
IS Period RTH Bars: 228. Start: 2022-07-20 17:00:00+00:00 | End: 2022-09-13 16:00:00+00:00
OOS Start Bar Index: 4072 | Time: 2022-09-13 17:00:00+00:00
ADF Test Result: p-value=0.0931 (Required < 0.05) | OLS Beta: 0.2609
Filter ON: Spread not stationary (p-value too high). Skipping optimization and OOS test.

--- Window 44 Boundary Check ---
IS Period RTH Bars: 228. Start: 2022-08-10 17:00:00+00:00 | End: 2022-10-04 16:00:00+00:00
OOS Start Bar Index: 4162 | Time: 2022-10-04 17:00:00+00:00
ADF Test Result: p-value=0.3048 (Required < 0.05) | OLS Beta: 0.3659
Filter ON: Spread not stationary (p-value too high). Skipping optimization and OOS test.

--- Window 45 Boundary Check ---
IS Period RTH Bars: 228. Start: 2022-08-31 17:00:00+00:00 | End: 2022-10-25 16:00:00+00:00
OOS Start Bar Index: 4252 | Time: 2022-10-25 17:00:00+00:00
ADF Test Result: p-value=0.0042 (Required < 0.05) | OLS Beta: 0.8359
Filter OFF: Spread is stationary. Proceeding with optimization.
IS Optimization Time: 0.07 seconds.
Optimal Params (Sharpe=4.4242, Calmar=0.0000): Z_E=2.5, Z_X=0.5, Z_SL=3.3
📊 Persistence: Saved 42 PnL points to wfa_outputs\oos_equity_curve_AVGO_NVDA_1h_20251105_150740_0.05.csv
OOS Period (2022-10-25 17:00:00+00:00 to 2022-11-15 17:00:00+00:00): PnL: $-366.83 | Sharpe: -4.0231 | Calmar: -13.0233 | Trades: 23

--- Window 46 Boundary Check ---
IS Period RTH Bars: 228. Start: 2022-09-22 17:00:00+00:00 | End: 2022-11-15 17:00:00+00:00
OOS Start Bar Index: 4342 | Time: 2022-11-15 18:00:00+00:00
ADF Test Result: p-value=0.0511 (Required < 0.05) | OLS Beta: 0.4707
Filter ON: Spread not stationary (p-value too high). Skipping optimization and OOS test.

--- Window 47 Boundary Check ---
IS Period RTH Bars: 228. Start: 2022-10-13 17:00:00+00:00 | End: 2022-12-07 17:00:00+00:00
OOS Start Bar Index: 4432 | Time: 2022-12-07 18:00:00+00:00
ADF Test Result: p-value=0.0313 (Required < 0.05) | OLS Beta: 0.6200
Filter OFF: Spread is stationary. Proceeding with optimization.
IS Optimization Time: 0.96 seconds.
Optimal Params (Sharpe=3.5262, Calmar=191.8786): Z_E=2.5, Z_X=1.1, Z_SL=3.3
📊 Persistence: Saved 59 PnL points to wfa_outputs\oos_equity_curve_AVGO_NVDA_1h_20251105_150740_0.05.csv
OOS Period (2022-12-07 18:00:00+00:00 to 2022-12-29 17:00:00+00:00): PnL: $-151.77 | Sharpe: -4.1322 | Calmar: -8.9519 | Trades: 17

--- Window 48 Boundary Check ---
IS Period RTH Bars: 228. Start: 2022-11-03 17:00:00+00:00 | End: 2022-12-29 17:00:00+00:00
OOS Start Bar Index: 4522 | Time: 2022-12-29 18:00:00+00:00
ADF Test Result: p-value=0.9266 (Required < 0.05) | OLS Beta: 0.5157
Filter ON: Spread not stationary (p-value too high). Skipping optimization and OOS test.

--- Window 49 Boundary Check ---
IS Period RTH Bars: 228. Start: 2022-11-25 18:00:00+00:00 | End: 2023-01-23 17:00:00+00:00
OOS Start Bar Index: 4612 | Time: 2023-01-23 18:00:00+00:00
ADF Test Result: p-value=0.3184 (Required < 0.05) | OLS Beta: 0.0459
Filter ON: Spread not stationary (p-value too high). Skipping optimization and OOS test.

--- Window 50 Boundary Check ---
IS Period RTH Bars: 228. Start: 2022-12-16 18:00:00+00:00 | End: 2023-02-13 17:00:00+00:00
OOS Start Bar Index: 4702 | Time: 2023-02-13 18:00:00+00:00
ADF Test Result: p-value=0.0207 (Required < 0.05) | OLS Beta: 0.1915
Filter OFF: Spread is stationary. Proceeding with optimization.
IS Optimization Time: 0.07 seconds.
Optimal Params (Sharpe=4.8164, Calmar=0.0000): Z_E=1.9, Z_X=0.3, Z_SL=3.3
📊 Persistence: Saved 60 PnL points to wfa_outputs\oos_equity_curve_AVGO_NVDA_1h_20251105_150740_0.05.csv
OOS Period (2023-02-13 18:00:00+00:00 to 2023-03-07 17:00:00+00:00): PnL: $732.07 | Sharpe: 4.1217 | Calmar: 0.0000 | Trades: 1

--- Window 51 Boundary Check ---
IS Period RTH Bars: 228. Start: 2023-01-10 18:00:00+00:00 | End: 2023-03-07 17:00:00+00:00
OOS Start Bar Index: 4792 | Time: 2023-03-07 18:00:00+00:00
ADF Test Result: p-value=0.4348 (Required < 0.05) | OLS Beta: 0.1520
Filter ON: Spread not stationary (p-value too high). Skipping optimization and OOS test.

--- Window 52 Boundary Check ---
IS Period RTH Bars: 228. Start: 2023-02-01 18:00:00+00:00 | End: 2023-03-28 16:00:00+00:00
OOS Start Bar Index: 4882 | Time: 2023-03-28 17:00:00+00:00
ADF Test Result: p-value=0.2970 (Required < 0.05) | OLS Beta: 0.3385
Filter ON: Spread not stationary (p-value too high). Skipping optimization and OOS test.

--- Window 53 Boundary Check ---
IS Period RTH Bars: 228. Start: 2023-02-23 18:00:00+00:00 | End: 2023-04-19 16:00:00+00:00
OOS Start Bar Index: 4972 | Time: 2023-04-19 17:00:00+00:00
ADF Test Result: p-value=0.0669 (Required < 0.05) | OLS Beta: 0.2792
Filter ON: Spread not stationary (p-value too high). Skipping optimization and OOS test.

--- Window 54 Boundary Check ---
IS Period RTH Bars: 228. Start: 2023-03-16 17:00:00+00:00 | End: 2023-05-10 16:00:00+00:00
OOS Start Bar Index: 5062 | Time: 2023-05-10 17:00:00+00:00
ADF Test Result: p-value=0.0070 (Required < 0.05) | OLS Beta: -0.0334
Filter OFF: Spread is stationary. Proceeding with optimization.
IS Optimization Time: 0.05 seconds.
Optimal Params (Sharpe=2.6927, Calmar=0.0000): Z_E=2.9, Z_X=0.5, Z_SL=3.3
📊 Persistence: Saved 90 PnL points to wfa_outputs\oos_equity_curve_AVGO_NVDA_1h_20251105_150740_0.05.csv
OOS Period (2023-05-10 17:00:00+00:00 to 2023-06-01 16:00:00+00:00): PnL: $-578.79 | Sharpe: -6.4588 | Calmar: -8.3835 | Trades: 30

--- Window 55 Boundary Check ---
IS Period RTH Bars: 228. Start: 2023-04-06 17:00:00+00:00 | End: 2023-06-01 16:00:00+00:00
OOS Start Bar Index: 5152 | Time: 2023-06-01 17:00:00+00:00
ADF Test Result: p-value=0.2630 (Required < 0.05) | OLS Beta: 0.6507
Filter ON: Spread not stationary (p-value too high). Skipping optimization and OOS test.

--- Window 56 Boundary Check ---
IS Period RTH Bars: 228. Start: 2023-04-28 17:00:00+00:00 | End: 2023-06-23 16:00:00+00:00
OOS Start Bar Index: 5242 | Time: 2023-06-23 17:00:00+00:00
ADF Test Result: p-value=0.0426 (Required < 0.05) | OLS Beta: 0.7798
Filter OFF: Spread is stationary. Proceeding with optimization.
IS Optimization Time: 0.07 seconds.
Optimal Params (Sharpe=0.9266, Calmar=4.3138): Z_E=2.3, Z_X=0.7, Z_SL=3.3
📊 Persistence: Saved 90 PnL points to wfa_outputs\oos_equity_curve_AVGO_NVDA_1h_20251105_150740_0.05.csv
OOS Period (2023-06-23 17:00:00+00:00 to 2023-07-17 17:00:00+00:00): PnL: $0.00 | Sharpe: 0.0000 | Calmar: 0.0000 | Trades: 0

--- Window 57 Boundary Check ---
IS Period RTH Bars: 228. Start: 2023-05-19 17:00:00+00:00 | End: 2023-07-17 17:00:00+00:00
OOS Start Bar Index: 5332 | Time: 2023-07-17 18:00:00+00:00
ADF Test Result: p-value=0.0044 (Required < 0.05) | OLS Beta: 0.7341
Filter OFF: Spread is stationary. Proceeding with optimization.
IS Optimization Time: 0.07 seconds.
Optimal Params (Sharpe=1.3978, Calmar=5.6659): Z_E=2.3, Z_X=0.3, Z_SL=3.3
📊 Persistence: Saved 90 PnL points to wfa_outputs\oos_equity_curve_AVGO_NVDA_1h_20251105_150740_0.05.csv
OOS Period (2023-07-17 18:00:00+00:00 to 2023-08-07 17:00:00+00:00): PnL: $0.00 | Sharpe: 0.0000 | Calmar: 0.0000 | Trades: 0

--- Window 58 Boundary Check ---
IS Period RTH Bars: 228. Start: 2023-06-12 17:00:00+00:00 | End: 2023-08-07 17:00:00+00:00
OOS Start Bar Index: 5422 | Time: 2023-08-07 18:00:00+00:00
ADF Test Result: p-value=0.0448 (Required < 0.05) | OLS Beta: 0.5094
Filter OFF: Spread is stationary. Proceeding with optimization.
IS Optimization Time: 0.05 seconds.
Optimal Params (Sharpe=4.9637, Calmar=119338.9629): Z_E=1.9, Z_X=0.3, Z_SL=3.3
📊 Persistence: Saved 102 PnL points to wfa_outputs\oos_equity_curve_AVGO_NVDA_1h_20251105_150740_0.05.csv
OOS Period (2023-08-07 18:00:00+00:00 to 2023-08-28 17:00:00+00:00): PnL: $-204.67 | Sharpe: -4.4816 | Calmar: -14.7761 | Trades: 12

--- Window 59 Boundary Check ---
IS Period RTH Bars: 228. Start: 2023-07-05 18:00:00+00:00 | End: 2023-08-28 17:00:00+00:00
OOS Start Bar Index: 5512 | Time: 2023-08-28 18:00:00+00:00
ADF Test Result: p-value=0.6546 (Required < 0.05) | OLS Beta: 0.4500
Filter ON: Spread not stationary (p-value too high). Skipping optimization and OOS test.

--- Window 60 Boundary Check ---
IS Period RTH Bars: 228. Start: 2023-07-26 18:00:00+00:00 | End: 2023-09-19 17:00:00+00:00
OOS Start Bar Index: 5602 | Time: 2023-09-19 18:00:00+00:00
ADF Test Result: p-value=0.4072 (Required < 0.05) | OLS Beta: 0.4136
Filter ON: Spread not stationary (p-value too high). Skipping optimization and OOS test.

--- Window 61 Boundary Check ---
IS Period RTH Bars: 228. Start: 2023-08-16 18:00:00+00:00 | End: 2023-10-10 17:00:00+00:00
OOS Start Bar Index: 5692 | Time: 2023-10-10 18:00:00+00:00
ADF Test Result: p-value=0.0246 (Required < 0.05) | OLS Beta: 0.4884
Filter OFF: Spread is stationary. Proceeding with optimization.
IS Optimization Time: 0.05 seconds.
Optimal Params (Sharpe=4.0919, Calmar=89.7586): Z_E=2.7, Z_X=0.3, Z_SL=3.3
📊 Persistence: Saved 135 PnL points to wfa_outputs\oos_equity_curve_AVGO_NVDA_1h_20251105_150740_0.05.csv
OOS Period (2023-10-10 18:00:00+00:00 to 2023-10-31 17:00:00+00:00): PnL: $-135.19 | Sharpe: -2.5898 | Calmar: -10.6541 | Trades: 33

--- Window 62 Boundary Check ---
IS Period RTH Bars: 228. Start: 2023-09-07 18:00:00+00:00 | End: 2023-10-31 17:00:00+00:00
OOS Start Bar Index: 5782 | Time: 2023-10-31 18:00:00+00:00
ADF Test Result: p-value=0.3595 (Required < 0.05) | OLS Beta: 0.3188
Filter ON: Spread not stationary (p-value too high). Skipping optimization and OOS test.

--- Window 63 Boundary Check ---
IS Period RTH Bars: 228. Start: 2023-09-28 18:00:00+00:00 | End: 2023-11-21 18:00:00+00:00
OOS Start Bar Index: 5872 | Time: 2023-11-21 19:00:00+00:00
ADF Test Result: p-value=0.6660 (Required < 0.05) | OLS Beta: 0.7357
Filter ON: Spread not stationary (p-value too high). Skipping optimization and OOS test.

--- Window 64 Boundary Check ---
IS Period RTH Bars: 228. Start: 2023-10-19 18:00:00+00:00 | End: 2023-12-13 19:00:00+00:00
OOS Start Bar Index: 5962 | Time: 2023-12-13 20:00:00+00:00
ADF Test Result: p-value=0.8575 (Required < 0.05) | OLS Beta: 0.8366
Filter ON: Spread not stationary (p-value too high). Skipping optimization and OOS test.

--- Window 65 Boundary Check ---
IS Period RTH Bars: 228. Start: 2023-11-09 19:00:00+00:00 | End: 2024-01-05 19:00:00+00:00
OOS Start Bar Index: 6052 | Time: 2024-01-05 20:00:00+00:00
ADF Test Result: p-value=0.3623 (Required < 0.05) | OLS Beta: 1.8096
Filter ON: Spread not stationary (p-value too high). Skipping optimization and OOS test.

--- Window 66 Boundary Check ---
IS Period RTH Bars: 228. Start: 2023-12-01 20:00:00+00:00 | End: 2024-01-29 19:00:00+00:00
OOS Start Bar Index: 6142 | Time: 2024-01-29 20:00:00+00:00
ADF Test Result: p-value=0.3079 (Required < 0.05) | OLS Beta: 0.6805
Filter ON: Spread not stationary (p-value too high). Skipping optimization and OOS test.

--- Window 67 Boundary Check ---
IS Period RTH Bars: 228. Start: 2023-12-22 20:00:00+00:00 | End: 2024-02-20 19:00:00+00:00
OOS Start Bar Index: 6232 | Time: 2024-02-20 20:00:00+00:00
ADF Test Result: p-value=0.1269 (Required < 0.05) | OLS Beta: 0.4098
Filter ON: Spread not stationary (p-value too high). Skipping optimization and OOS test.

--- Window 68 Boundary Check ---
IS Period RTH Bars: 228. Start: 2024-01-17 20:00:00+00:00 | End: 2024-03-12 18:00:00+00:00
OOS Start Bar Index: 6322 | Time: 2024-03-12 19:00:00+00:00
ADF Test Result: p-value=0.1502 (Required < 0.05) | OLS Beta: 0.3079
Filter ON: Spread not stationary (p-value too high). Skipping optimization and OOS test.

--- Window 69 Boundary Check ---
IS Period RTH Bars: 228. Start: 2024-02-07 20:00:00+00:00 | End: 2024-04-03 18:00:00+00:00
OOS Start Bar Index: 6412 | Time: 2024-04-03 19:00:00+00:00
ADF Test Result: p-value=0.1149 (Required < 0.05) | OLS Beta: 0.2191
Filter ON: Spread not stationary (p-value too high). Skipping optimization and OOS test.

--- Window 70 Boundary Check ---
IS Period RTH Bars: 228. Start: 2024-02-29 20:00:00+00:00 | End: 2024-04-24 18:00:00+00:00
OOS Start Bar Index: 6502 | Time: 2024-04-24 19:00:00+00:00
ADF Test Result: p-value=0.1008 (Required < 0.05) | OLS Beta: 0.4029
Filter ON: Spread not stationary (p-value too high). Skipping optimization and OOS test.

--- Window 71 Boundary Check ---
IS Period RTH Bars: 228. Start: 2024-03-21 19:00:00+00:00 | End: 2024-05-15 18:00:00+00:00
OOS Start Bar Index: 6592 | Time: 2024-05-15 19:00:00+00:00
ADF Test Result: p-value=0.3278 (Required < 0.05) | OLS Beta: 0.5745
Filter ON: Spread not stationary (p-value too high). Skipping optimization and OOS test.

--- Window 72 Boundary Check ---
IS Period RTH Bars: 228. Start: 2024-04-12 19:00:00+00:00 | End: 2024-06-06 18:00:00+00:00
OOS Start Bar Index: 6682 | Time: 2024-06-06 19:00:00+00:00
ADF Test Result: p-value=0.1432 (Required < 0.05) | OLS Beta: 0.2365
Filter ON: Spread not stationary (p-value too high). Skipping optimization and OOS test.

--- Window 73 Boundary Check ---
IS Period RTH Bars: 228. Start: 2024-05-03 19:00:00+00:00 | End: 2024-06-28 18:00:00+00:00
OOS Start Bar Index: 6772 | Time: 2024-06-28 19:00:00+00:00
ADF Test Result: p-value=0.6012 (Required < 0.05) | OLS Beta: 0.5282
Filter ON: Spread not stationary (p-value too high). Skipping optimization and OOS test.

--- Window 74 Boundary Check ---
IS Period RTH Bars: 228. Start: 2024-05-24 19:00:00+00:00 | End: 2024-07-22 18:00:00+00:00
OOS Start Bar Index: 6862 | Time: 2024-07-22 19:00:00+00:00
ADF Test Result: p-value=0.0839 (Required < 0.05) | OLS Beta: 1.5751
Filter ON: Spread not stationary (p-value too high). Skipping optimization and OOS test.

--- Window 75 Boundary Check ---
IS Period RTH Bars: 228. Start: 2024-06-17 19:00:00+00:00 | End: 2024-08-12 18:00:00+00:00
OOS Start Bar Index: 6952 | Time: 2024-08-12 19:00:00+00:00
ADF Test Result: p-value=0.0071 (Required < 0.05) | OLS Beta: 0.7772
Filter OFF: Spread is stationary. Proceeding with optimization.
IS Optimization Time: 0.05 seconds.
Optimal Params (Sharpe=3.7263, Calmar=76.5177): Z_E=2.3, Z_X=0.9, Z_SL=3.3
📊 Persistence: Saved 136 PnL points to wfa_outputs\oos_equity_curve_AVGO_NVDA_1h_20251105_150740_0.05.csv
OOS Period (2024-08-12 19:00:00+00:00 to 2024-09-03 18:00:00+00:00): PnL: $214.65 | Sharpe: 4.1217 | Calmar: 0.0000 | Trades: 1

--- Window 76 Boundary Check ---
IS Period RTH Bars: 228. Start: 2024-07-10 19:00:00+00:00 | End: 2024-09-03 18:00:00+00:00
OOS Start Bar Index: 7042 | Time: 2024-09-03 19:00:00+00:00
ADF Test Result: p-value=0.0127 (Required < 0.05) | OLS Beta: 0.6845
Filter OFF: Spread is stationary. Proceeding with optimization.
IS Optimization Time: 0.04 seconds.
Optimal Params (Sharpe=5.6523, Calmar=257.2548): Z_E=1.9, Z_X=0.5, Z_SL=3.3
📊 Persistence: Saved 152 PnL points to wfa_outputs\oos_equity_curve_AVGO_NVDA_1h_20251105_150740_0.05.csv
OOS Period (2024-09-03 19:00:00+00:00 to 2024-09-24 18:00:00+00:00): PnL: $659.60 | Sharpe: 4.3438 | Calmar: 78.3113 | Trades: 16

--- Window 77 Boundary Check ---
IS Period RTH Bars: 228. Start: 2024-07-31 19:00:00+00:00 | End: 2024-09-24 18:00:00+00:00
OOS Start Bar Index: 7132 | Time: 2024-09-24 19:00:00+00:00
ADF Test Result: p-value=0.5299 (Required < 0.05) | OLS Beta: 0.7043
Filter ON: Spread not stationary (p-value too high). Skipping optimization and OOS test.

--- Window 78 Boundary Check ---
IS Period RTH Bars: 228. Start: 2024-08-21 19:00:00+00:00 | End: 2024-10-15 18:00:00+00:00
OOS Start Bar Index: 7222 | Time: 2024-10-15 19:00:00+00:00
ADF Test Result: p-value=0.2936 (Required < 0.05) | OLS Beta: 0.8113
Filter ON: Spread not stationary (p-value too high). Skipping optimization and OOS test.

--- Window 79 Boundary Check ---
IS Period RTH Bars: 228. Start: 2024-09-12 19:00:00+00:00 | End: 2024-11-05 19:00:00+00:00
OOS Start Bar Index: 7312 | Time: 2024-11-05 20:00:00+00:00
ADF Test Result: p-value=0.2055 (Required < 0.05) | OLS Beta: 0.2861
Filter ON: Spread not stationary (p-value too high). Skipping optimization and OOS test.

--- Window 80 Boundary Check ---
IS Period RTH Bars: 228. Start: 2024-10-03 19:00:00+00:00 | End: 2024-11-26 19:00:00+00:00
OOS Start Bar Index: 7402 | Time: 2024-11-26 20:00:00+00:00
ADF Test Result: p-value=0.5838 (Required < 0.05) | OLS Beta: -0.1068
Filter ON: Spread not stationary (p-value too high). Skipping optimization and OOS test.

--- Window 81 Boundary Check ---
IS Period RTH Bars: 228. Start: 2024-10-24 19:00:00+00:00 | End: 2024-12-18 19:00:00+00:00
OOS Start Bar Index: 7492 | Time: 2024-12-18 20:00:00+00:00
ADF Test Result: p-value=0.6884 (Required < 0.05) | OLS Beta: -1.1982
Filter ON: Spread not stationary (p-value too high). Skipping optimization and OOS test.

############################################################
📈 OVERALL SIMULATION PERFORMANCE (Walk-Forward Test)
############################################################
Timeframe Used: 1Hour, Value: 1
ADF Cointegration Filter Threshold: 0.05
Total OOS Windows Tested: 81
Total Trades Executed: 152
--- Final Performance Metrics ---
Total PnL: $907.66
Overall Sharpe Ratio (Annualized): 0.1487
Overall Calmar Ratio (Annualized): 0.0380
Maximum Dollar Drawdown (MDD): $967.51

--- Execution Time ---
Total Elapsed Time: 50.72 seconds
############################################################
[0m