--- Dynamic Timeframe Configuration ---
TimeFrame Selected: 1Min, Value: 15
Bars per Trading Day: 26
Annualization Factor (Bars/Year): 6552
Statistical Lookback Bars: 145
Optimization Lookback Bars: 1268
---------------------------------------
--- Diagnostic Check ---
API Key ID Length: 26
API Secret Key Length: 44
StockHistoricalDataClient initialized successfully. Starting data fetch...
--------------------------
Pre-compiling Numba function for first run optimization...
Numba pre-compilation complete.
Fetching data from 2020-01-01 to 2024-12-30...
Fetching 15Min data for AVGO...
Fetching 15Min data for NVDA...
Data acquired successfully. Total 1Min RTH bars: 32600
Skipping full pre-calculation. Metrics will be calculated inside the WFA loop.

============================================================
📈 Starting Rolling Backtest: IS Optimization Window=1268 bars, Shift=15 days
   Data already processed with Statistical Rolling Window: 145 bars
   ADF Cointegration Filter: p-value < 0.1
============================================================

--- Window 1 Boundary Check ---
IS Period RTH Bars: 980. Start: 2020-01-17 15:00:00+00:00 | End: 2020-03-12 18:15:00+00:00
OOS Start Bar Index: 1268 | Time: 2020-03-12 18:30:00+00:00
ADF Test Result: p-value=0.9980 (Required < 0.10) | OLS Beta: 0.1827
Filter ON: Spread not stationary (p-value too high). Skipping optimization and OOS test.

--- Window 2 Boundary Check ---
IS Period RTH Bars: 980. Start: 2020-02-10 15:00:00+00:00 | End: 2020-04-02 18:15:00+00:00
OOS Start Bar Index: 1658 | Time: 2020-04-02 18:30:00+00:00
ADF Test Result: p-value=0.0168 (Required < 0.10) | OLS Beta: 1.4432
Filter OFF: Spread is stationary. Proceeding with optimization.
IS Optimization Time: 0.09 seconds.
Optimal Params (Sharpe=6.2174, Calmar=113.9456): Z_E=1.9, Z_X=0.5, Z_SL=4.8
📊 Persistence: Saved 1 PnL points to wfa_outputs\oos_equity_curve_AVGO_NVDA_15m_20251105_151016_0.1.csv
OOS Period (2020-04-02 18:30:00+00:00 to 2020-04-24 18:15:00+00:00): PnL: $200.69 | Sharpe: 4.1040 | Calmar: 0.0000 | Trades: 1

--- Window 3 Boundary Check ---
IS Period RTH Bars: 980. Start: 2020-03-03 15:00:00+00:00 | End: 2020-04-24 18:15:00+00:00
OOS Start Bar Index: 2048 | Time: 2020-04-24 18:30:00+00:00
ADF Test Result: p-value=0.0122 (Required < 0.10) | OLS Beta: 1.1023
Filter OFF: Spread is stationary. Proceeding with optimization.
IS Optimization Time: 0.08 seconds.
Optimal Params (Sharpe=5.9626, Calmar=0.0000): Z_E=2.5, Z_X=0.9, Z_SL=3.6
📊 Persistence: Saved 5 PnL points to wfa_outputs\oos_equity_curve_AVGO_NVDA_15m_20251105_151016_0.1.csv
OOS Period (2020-04-24 18:30:00+00:00 to 2020-05-15 18:15:00+00:00): PnL: $-260.09 | Sharpe: -4.1511 | Calmar: -14.0353 | Trades: 4

--- Window 4 Boundary Check ---
IS Period RTH Bars: 980. Start: 2020-03-24 14:00:00+00:00 | End: 2020-05-15 18:15:00+00:00
OOS Start Bar Index: 2438 | Time: 2020-05-15 18:30:00+00:00
ADF Test Result: p-value=0.1830 (Required < 0.10) | OLS Beta: 0.6537
Filter ON: Spread not stationary (p-value too high). Skipping optimization and OOS test.

--- Window 5 Boundary Check ---
IS Period RTH Bars: 980. Start: 2020-04-15 14:00:00+00:00 | End: 2020-06-08 18:15:00+00:00
OOS Start Bar Index: 2828 | Time: 2020-06-08 18:30:00+00:00
ADF Test Result: p-value=0.8081 (Required < 0.10) | OLS Beta: 0.4992
Filter ON: Spread not stationary (p-value too high). Skipping optimization and OOS test.

--- Window 6 Boundary Check ---
IS Period RTH Bars: 980. Start: 2020-05-06 14:00:00+00:00 | End: 2020-06-29 18:15:00+00:00
OOS Start Bar Index: 3218 | Time: 2020-06-29 18:30:00+00:00
ADF Test Result: p-value=0.3542 (Required < 0.10) | OLS Beta: 0.8291
Filter ON: Spread not stationary (p-value too high). Skipping optimization and OOS test.

--- Window 7 Boundary Check ---
IS Period RTH Bars: 980. Start: 2020-05-28 14:00:00+00:00 | End: 2020-07-21 18:15:00+00:00
OOS Start Bar Index: 3608 | Time: 2020-07-21 18:30:00+00:00
ADF Test Result: p-value=0.0586 (Required < 0.10) | OLS Beta: 0.3546
Filter OFF: Spread is stationary. Proceeding with optimization.
IS Optimization Time: 0.08 seconds.
Optimal Params (Sharpe=4.2743, Calmar=0.0000): Z_E=3.3, Z_X=1.1, Z_SL=3.6
📊 Persistence: Saved 5 PnL points to wfa_outputs\oos_equity_curve_AVGO_NVDA_15m_20251105_151016_0.1.csv
OOS Period (2020-07-21 18:30:00+00:00 to 2020-08-11 18:15:00+00:00): PnL: $0.00 | Sharpe: 0.0000 | Calmar: 0.0000 | Trades: 0

--- Window 8 Boundary Check ---
IS Period RTH Bars: 980. Start: 2020-06-18 14:00:00+00:00 | End: 2020-08-11 18:15:00+00:00
OOS Start Bar Index: 3998 | Time: 2020-08-11 18:30:00+00:00
ADF Test Result: p-value=0.4361 (Required < 0.10) | OLS Beta: 0.2252
Filter ON: Spread not stationary (p-value too high). Skipping optimization and OOS test.

--- Window 9 Boundary Check ---
IS Period RTH Bars: 980. Start: 2020-07-10 14:00:00+00:00 | End: 2020-09-01 18:15:00+00:00
OOS Start Bar Index: 4388 | Time: 2020-09-01 18:30:00+00:00
ADF Test Result: p-value=0.2435 (Required < 0.10) | OLS Beta: 0.3727
Filter ON: Spread not stationary (p-value too high). Skipping optimization and OOS test.

--- Window 10 Boundary Check ---
IS Period RTH Bars: 980. Start: 2020-07-31 14:00:00+00:00 | End: 2020-09-23 18:15:00+00:00
OOS Start Bar Index: 4778 | Time: 2020-09-23 18:30:00+00:00
ADF Test Result: p-value=0.7210 (Required < 0.10) | OLS Beta: 0.5083
Filter ON: Spread not stationary (p-value too high). Skipping optimization and OOS test.

--- Window 11 Boundary Check ---
IS Period RTH Bars: 980. Start: 2020-08-21 14:00:00+00:00 | End: 2020-10-14 18:15:00+00:00
OOS Start Bar Index: 5168 | Time: 2020-10-14 18:30:00+00:00
ADF Test Result: p-value=0.1561 (Required < 0.10) | OLS Beta: 0.4600
Filter ON: Spread not stationary (p-value too high). Skipping optimization and OOS test.

--- Window 12 Boundary Check ---
IS Period RTH Bars: 980. Start: 2020-09-14 14:00:00+00:00 | End: 2020-11-04 19:15:00+00:00
OOS Start Bar Index: 5558 | Time: 2020-11-04 19:30:00+00:00
ADF Test Result: p-value=0.1628 (Required < 0.10) | OLS Beta: 0.5165
Filter ON: Spread not stationary (p-value too high). Skipping optimization and OOS test.

--- Window 13 Boundary Check ---
IS Period RTH Bars: 980. Start: 2020-10-05 14:00:00+00:00 | End: 2020-11-25 19:15:00+00:00
OOS Start Bar Index: 5948 | Time: 2020-11-25 19:30:00+00:00
ADF Test Result: p-value=0.7854 (Required < 0.10) | OLS Beta: 0.4918
Filter ON: Spread not stationary (p-value too high). Skipping optimization and OOS test.

--- Window 14 Boundary Check ---
IS Period RTH Bars: 980. Start: 2020-10-26 14:00:00+00:00 | End: 2020-12-18 15:30:00+00:00
OOS Start Bar Index: 6338 | Time: 2020-12-18 15:45:00+00:00
ADF Test Result: p-value=0.9722 (Required < 0.10) | OLS Beta: 0.5725
Filter ON: Spread not stationary (p-value too high). Skipping optimization and OOS test.

--- Window 15 Boundary Check ---
IS Period RTH Bars: 980. Start: 2020-11-16 15:00:00+00:00 | End: 2021-01-12 18:00:00+00:00
OOS Start Bar Index: 6728 | Time: 2021-01-12 18:15:00+00:00
ADF Test Result: p-value=0.7462 (Required < 0.10) | OLS Beta: -0.4184
Filter ON: Spread not stationary (p-value too high). Skipping optimization and OOS test.

--- Window 16 Boundary Check ---
IS Period RTH Bars: 980. Start: 2020-12-08 17:45:00+00:00 | End: 2021-02-03 18:00:00+00:00
OOS Start Bar Index: 7118 | Time: 2021-02-03 18:15:00+00:00
ADF Test Result: p-value=0.3513 (Required < 0.10) | OLS Beta: 1.0973
Filter ON: Spread not stationary (p-value too high). Skipping optimization and OOS test.

--- Window 17 Boundary Check ---
IS Period RTH Bars: 980. Start: 2020-12-30 20:15:00+00:00 | End: 2021-02-25 18:00:00+00:00
OOS Start Bar Index: 7508 | Time: 2021-02-25 18:15:00+00:00
ADF Test Result: p-value=0.2352 (Required < 0.10) | OLS Beta: 0.5610
Filter ON: Spread not stationary (p-value too high). Skipping optimization and OOS test.

--- Window 18 Boundary Check ---
IS Period RTH Bars: 980. Start: 2021-01-22 20:15:00+00:00 | End: 2021-03-18 17:00:00+00:00
OOS Start Bar Index: 7898 | Time: 2021-03-18 17:15:00+00:00
ADF Test Result: p-value=0.2517 (Required < 0.10) | OLS Beta: 0.3892
Filter ON: Spread not stationary (p-value too high). Skipping optimization and OOS test.

--- Window 19 Boundary Check ---
IS Period RTH Bars: 980. Start: 2021-02-12 20:15:00+00:00 | End: 2021-04-09 17:00:00+00:00
OOS Start Bar Index: 8288 | Time: 2021-04-09 17:15:00+00:00
ADF Test Result: p-value=0.1373 (Required < 0.10) | OLS Beta: 0.4106
Filter ON: Spread not stationary (p-value too high). Skipping optimization and OOS test.

--- Window 20 Boundary Check ---
IS Period RTH Bars: 980. Start: 2021-03-08 20:15:00+00:00 | End: 2021-04-30 17:00:00+00:00
OOS Start Bar Index: 8678 | Time: 2021-04-30 17:15:00+00:00
ADF Test Result: p-value=0.0148 (Required < 0.10) | OLS Beta: 0.1273
Filter OFF: Spread is stationary. Proceeding with optimization.
IS Optimization Time: 0.08 seconds.
Optimal Params (Sharpe=-1.3450, Calmar=-3.0235): Z_E=2.5, Z_X=0.7, Z_SL=3.6
📊 Persistence: Saved 19 PnL points to wfa_outputs\oos_equity_curve_AVGO_NVDA_15m_20251105_151016_0.1.csv
OOS Period (2021-04-30 17:15:00+00:00 to 2021-05-21 17:00:00+00:00): PnL: $-17.27 | Sharpe: -0.1551 | Calmar: -0.7573 | Trades: 14

--- Window 21 Boundary Check ---
IS Period RTH Bars: 980. Start: 2021-03-29 19:15:00+00:00 | End: 2021-05-21 17:00:00+00:00
OOS Start Bar Index: 9068 | Time: 2021-05-21 17:15:00+00:00
ADF Test Result: p-value=0.4148 (Required < 0.10) | OLS Beta: 0.2586
Filter ON: Spread not stationary (p-value too high). Skipping optimization and OOS test.

--- Window 22 Boundary Check ---
IS Period RTH Bars: 980. Start: 2021-04-20 19:15:00+00:00 | End: 2021-06-14 17:00:00+00:00
OOS Start Bar Index: 9458 | Time: 2021-06-14 17:15:00+00:00
ADF Test Result: p-value=0.1308 (Required < 0.10) | OLS Beta: 0.3208
Filter ON: Spread not stationary (p-value too high). Skipping optimization and OOS test.

--- Window 23 Boundary Check ---
IS Period RTH Bars: 980. Start: 2021-05-11 19:15:00+00:00 | End: 2021-07-06 17:00:00+00:00
OOS Start Bar Index: 9848 | Time: 2021-07-06 17:15:00+00:00
ADF Test Result: p-value=0.0860 (Required < 0.10) | OLS Beta: 0.2206
Filter OFF: Spread is stationary. Proceeding with optimization.
IS Optimization Time: 0.09 seconds.
Optimal Params (Sharpe=4.9845, Calmar=39.2670): Z_E=2.5, Z_X=0.3, Z_SL=3.3
📊 Persistence: Saved 19 PnL points to wfa_outputs\oos_equity_curve_AVGO_NVDA_15m_20251105_151016_0.1.csv
OOS Period (2021-07-06 17:15:00+00:00 to 2021-07-27 17:00:00+00:00): PnL: $0.00 | Sharpe: 0.0000 | Calmar: 0.0000 | Trades: 0

--- Window 24 Boundary Check ---
IS Period RTH Bars: 980. Start: 2021-06-02 19:15:00+00:00 | End: 2021-07-27 17:00:00+00:00
OOS Start Bar Index: 10238 | Time: 2021-07-27 17:15:00+00:00
ADF Test Result: p-value=0.0045 (Required < 0.10) | OLS Beta: 0.1722
Filter OFF: Spread is stationary. Proceeding with optimization.
IS Optimization Time: 0.08 seconds.
Optimal Params (Sharpe=6.0972, Calmar=0.0000): Z_E=2.7, Z_X=0.3, Z_SL=3.3
📊 Persistence: Saved 23 PnL points to wfa_outputs\oos_equity_curve_AVGO_NVDA_15m_20251105_151016_0.1.csv
OOS Period (2021-07-27 17:15:00+00:00 to 2021-08-17 17:00:00+00:00): PnL: $161.09 | Sharpe: 3.4006 | Calmar: 84.8015 | Trades: 4

--- Window 25 Boundary Check ---
IS Period RTH Bars: 980. Start: 2021-06-23 19:15:00+00:00 | End: 2021-08-17 17:00:00+00:00
OOS Start Bar Index: 10628 | Time: 2021-08-17 17:15:00+00:00
ADF Test Result: p-value=0.0569 (Required < 0.10) | OLS Beta: 0.2101
Filter OFF: Spread is stationary. Proceeding with optimization.
IS Optimization Time: 0.09 seconds.
Optimal Params (Sharpe=6.7539, Calmar=0.0000): Z_E=2.7, Z_X=0.9, Z_SL=3.3
📊 Persistence: Saved 23 PnL points to wfa_outputs\oos_equity_curve_AVGO_NVDA_15m_20251105_151016_0.1.csv
OOS Period (2021-08-17 17:15:00+00:00 to 2021-09-08 17:00:00+00:00): PnL: $0.00 | Sharpe: 0.0000 | Calmar: 0.0000 | Trades: 0

--- Window 26 Boundary Check ---
IS Period RTH Bars: 980. Start: 2021-07-15 19:15:00+00:00 | End: 2021-09-08 17:00:00+00:00
OOS Start Bar Index: 11018 | Time: 2021-09-08 17:15:00+00:00
ADF Test Result: p-value=0.0304 (Required < 0.10) | OLS Beta: 0.2148
Filter OFF: Spread is stationary. Proceeding with optimization.
IS Optimization Time: 0.09 seconds.
Optimal Params (Sharpe=5.6947, Calmar=0.0000): Z_E=2.7, Z_X=0.9, Z_SL=4.5
📊 Persistence: Saved 25 PnL points to wfa_outputs\oos_equity_curve_AVGO_NVDA_15m_20251105_151016_0.1.csv
OOS Period (2021-09-08 17:15:00+00:00 to 2021-09-29 17:00:00+00:00): PnL: $297.06 | Sharpe: 5.6121 | Calmar: 0.0000 | Trades: 2

--- Window 27 Boundary Check ---
IS Period RTH Bars: 980. Start: 2021-08-05 19:15:00+00:00 | End: 2021-09-29 17:00:00+00:00
OOS Start Bar Index: 11408 | Time: 2021-09-29 17:15:00+00:00
ADF Test Result: p-value=0.3280 (Required < 0.10) | OLS Beta: 0.2809
Filter ON: Spread not stationary (p-value too high). Skipping optimization and OOS test.

--- Window 28 Boundary Check ---
IS Period RTH Bars: 980. Start: 2021-08-26 19:15:00+00:00 | End: 2021-10-20 17:00:00+00:00
OOS Start Bar Index: 11798 | Time: 2021-10-20 17:15:00+00:00
ADF Test Result: p-value=0.0691 (Required < 0.10) | OLS Beta: 0.2347
Filter OFF: Spread is stationary. Proceeding with optimization.
IS Optimization Time: 0.08 seconds.
Optimal Params (Sharpe=6.2349, Calmar=652.8489): Z_E=2.3, Z_X=1.5, Z_SL=3.3
📊 Persistence: Saved 54 PnL points to wfa_outputs\oos_equity_curve_AVGO_NVDA_15m_20251105_151016_0.1.csv
OOS Period (2021-10-20 17:15:00+00:00 to 2021-11-10 18:00:00+00:00): PnL: $-16.94 | Sharpe: -0.2941 | Calmar: -1.9195 | Trades: 29

--- Window 29 Boundary Check ---
IS Period RTH Bars: 980. Start: 2021-09-17 19:15:00+00:00 | End: 2021-11-10 18:00:00+00:00
OOS Start Bar Index: 12188 | Time: 2021-11-10 18:15:00+00:00
ADF Test Result: p-value=0.0315 (Required < 0.10) | OLS Beta: 0.3462
Filter OFF: Spread is stationary. Proceeding with optimization.
IS Optimization Time: 0.08 seconds.
Optimal Params (Sharpe=5.3603, Calmar=62.9057): Z_E=2.1, Z_X=0.3, Z_SL=4.5
📊 Persistence: Saved 56 PnL points to wfa_outputs\oos_equity_curve_AVGO_NVDA_15m_20251105_151016_0.1.csv
OOS Period (2021-11-10 18:15:00+00:00 to 2021-12-02 20:15:00+00:00): PnL: $160.78 | Sharpe: 3.1275 | Calmar: 66.7480 | Trades: 2

--- Window 30 Boundary Check ---
IS Period RTH Bars: 980. Start: 2021-10-08 19:15:00+00:00 | End: 2021-12-02 20:15:00+00:00
OOS Start Bar Index: 12578 | Time: 2021-12-02 20:30:00+00:00
ADF Test Result: p-value=0.1078 (Required < 0.10) | OLS Beta: 0.2907
Filter ON: Spread not stationary (p-value too high). Skipping optimization and OOS test.

--- Window 31 Boundary Check ---
IS Period RTH Bars: 980. Start: 2021-10-29 19:15:00+00:00 | End: 2021-12-23 20:15:00+00:00
OOS Start Bar Index: 12968 | Time: 2021-12-23 20:30:00+00:00
ADF Test Result: p-value=0.8957 (Required < 0.10) | OLS Beta: -0.1410
Filter ON: Spread not stationary (p-value too high). Skipping optimization and OOS test.

--- Window 32 Boundary Check ---
IS Period RTH Bars: 980. Start: 2021-11-19 20:15:00+00:00 | End: 2022-01-14 20:15:00+00:00
OOS Start Bar Index: 13358 | Time: 2022-01-14 20:30:00+00:00
ADF Test Result: p-value=0.5291 (Required < 0.10) | OLS Beta: -0.5547
Filter ON: Spread not stationary (p-value too high). Skipping optimization and OOS test.

--- Window 33 Boundary Check ---
IS Period RTH Bars: 980. Start: 2021-12-14 16:00:00+00:00 | End: 2022-02-07 20:15:00+00:00
OOS Start Bar Index: 13748 | Time: 2022-02-07 20:30:00+00:00
ADF Test Result: p-value=0.0961 (Required < 0.10) | OLS Beta: 0.6773
Filter OFF: Spread is stationary. Proceeding with optimization.
IS Optimization Time: 0.09 seconds.
Optimal Params (Sharpe=4.8834, Calmar=50.7092): Z_E=2.3, Z_X=1.5, Z_SL=3.9
📊 Persistence: Saved 56 PnL points to wfa_outputs\oos_equity_curve_AVGO_NVDA_15m_20251105_151016_0.1.csv
OOS Period (2022-02-07 20:30:00+00:00 to 2022-03-01 20:15:00+00:00): PnL: $0.00 | Sharpe: 0.0000 | Calmar: 0.0000 | Trades: 0

--- Window 34 Boundary Check ---
IS Period RTH Bars: 980. Start: 2022-01-05 16:00:00+00:00 | End: 2022-03-01 20:15:00+00:00
OOS Start Bar Index: 14138 | Time: 2022-03-01 20:30:00+00:00
ADF Test Result: p-value=0.1524 (Required < 0.10) | OLS Beta: 0.5719
Filter ON: Spread not stationary (p-value too high). Skipping optimization and OOS test.

--- Window 35 Boundary Check ---
IS Period RTH Bars: 980. Start: 2022-01-27 16:00:00+00:00 | End: 2022-03-22 19:15:00+00:00
OOS Start Bar Index: 14528 | Time: 2022-03-22 19:30:00+00:00
ADF Test Result: p-value=0.0447 (Required < 0.10) | OLS Beta: 0.2909
Filter OFF: Spread is stationary. Proceeding with optimization.
IS Optimization Time: 0.08 seconds.
Optimal Params (Sharpe=5.9847, Calmar=43.2482): Z_E=2.1, Z_X=0.5, Z_SL=3.9
📊 Persistence: Saved 57 PnL points to wfa_outputs\oos_equity_curve_AVGO_NVDA_15m_20251105_151016_0.1.csv
OOS Period (2022-03-22 19:30:00+00:00 to 2022-04-12 19:15:00+00:00): PnL: $91.18 | Sharpe: 4.1040 | Calmar: 0.0000 | Trades: 1

--- Window 36 Boundary Check ---
IS Period RTH Bars: 980. Start: 2022-02-17 16:00:00+00:00 | End: 2022-04-12 19:15:00+00:00
OOS Start Bar Index: 14918 | Time: 2022-04-12 19:30:00+00:00
ADF Test Result: p-value=0.1205 (Required < 0.10) | OLS Beta: 0.3676
Filter ON: Spread not stationary (p-value too high). Skipping optimization and OOS test.

--- Window 37 Boundary Check ---
IS Period RTH Bars: 980. Start: 2022-03-11 16:00:00+00:00 | End: 2022-05-04 19:15:00+00:00
OOS Start Bar Index: 15308 | Time: 2022-05-04 19:30:00+00:00
ADF Test Result: p-value=0.0600 (Required < 0.10) | OLS Beta: 0.2291
Filter OFF: Spread is stationary. Proceeding with optimization.
IS Optimization Time: 0.08 seconds.
Optimal Params (Sharpe=7.2342, Calmar=138.0091): Z_E=2.1, Z_X=1.5, Z_SL=3.6
📊 Persistence: Saved 82 PnL points to wfa_outputs\oos_equity_curve_AVGO_NVDA_15m_20251105_151016_0.1.csv
OOS Period (2022-05-04 19:30:00+00:00 to 2022-05-25 19:15:00+00:00): PnL: $381.35 | Sharpe: 2.1843 | Calmar: 26.1639 | Trades: 25

--- Window 38 Boundary Check ---
IS Period RTH Bars: 980. Start: 2022-04-01 15:00:00+00:00 | End: 2022-05-25 19:15:00+00:00
OOS Start Bar Index: 15698 | Time: 2022-05-25 19:30:00+00:00
ADF Test Result: p-value=0.4197 (Required < 0.10) | OLS Beta: 0.2365
Filter ON: Spread not stationary (p-value too high). Skipping optimization and OOS test.

--- Window 39 Boundary Check ---
IS Period RTH Bars: 980. Start: 2022-04-25 15:00:00+00:00 | End: 2022-06-16 19:15:00+00:00
OOS Start Bar Index: 16088 | Time: 2022-06-16 19:30:00+00:00
ADF Test Result: p-value=0.7160 (Required < 0.10) | OLS Beta: 0.4666
Filter ON: Spread not stationary (p-value too high). Skipping optimization and OOS test.

--- Window 40 Boundary Check ---
IS Period RTH Bars: 980. Start: 2022-05-16 15:00:00+00:00 | End: 2022-07-11 19:15:00+00:00
OOS Start Bar Index: 16478 | Time: 2022-07-11 19:30:00+00:00
ADF Test Result: p-value=0.0571 (Required < 0.10) | OLS Beta: 0.7556
Filter OFF: Spread is stationary. Proceeding with optimization.
IS Optimization Time: 0.09 seconds.
Optimal Params (Sharpe=3.6586, Calmar=0.0000): Z_E=3.3, Z_X=1.3, Z_SL=4.5
📊 Persistence: Saved 82 PnL points to wfa_outputs\oos_equity_curve_AVGO_NVDA_15m_20251105_151016_0.1.csv
OOS Period (2022-07-11 19:30:00+00:00 to 2022-08-01 19:15:00+00:00): PnL: $0.00 | Sharpe: 0.0000 | Calmar: 0.0000 | Trades: 0

--- Window 41 Boundary Check ---
IS Period RTH Bars: 980. Start: 2022-06-07 15:00:00+00:00 | End: 2022-08-01 19:15:00+00:00
OOS Start Bar Index: 16868 | Time: 2022-08-01 19:30:00+00:00
ADF Test Result: p-value=0.2462 (Required < 0.10) | OLS Beta: 0.5742
Filter ON: Spread not stationary (p-value too high). Skipping optimization and OOS test.

--- Window 42 Boundary Check ---
IS Period RTH Bars: 980. Start: 2022-06-29 15:00:00+00:00 | End: 2022-08-22 19:15:00+00:00
OOS Start Bar Index: 17258 | Time: 2022-08-22 19:30:00+00:00
ADF Test Result: p-value=0.1756 (Required < 0.10) | OLS Beta: 0.5932
Filter ON: Spread not stationary (p-value too high). Skipping optimization and OOS test.

--- Window 43 Boundary Check ---
IS Period RTH Bars: 980. Start: 2022-07-21 15:00:00+00:00 | End: 2022-09-13 19:15:00+00:00
OOS Start Bar Index: 17648 | Time: 2022-09-13 19:30:00+00:00
ADF Test Result: p-value=0.0451 (Required < 0.10) | OLS Beta: 0.2588
Filter OFF: Spread is stationary. Proceeding with optimization.
IS Optimization Time: 0.08 seconds.
Optimal Params (Sharpe=6.4699, Calmar=134.5581): Z_E=1.9, Z_X=1.3, Z_SL=3.6
📊 Persistence: Saved 89 PnL points to wfa_outputs\oos_equity_curve_AVGO_NVDA_15m_20251105_151016_0.1.csv
OOS Period (2022-09-13 19:30:00+00:00 to 2022-10-04 19:15:00+00:00): PnL: $24.91 | Sharpe: 0.2332 | Calmar: 1.3509 | Trades: 7

--- Window 44 Boundary Check ---
IS Period RTH Bars: 980. Start: 2022-08-11 15:00:00+00:00 | End: 2022-10-04 19:15:00+00:00
OOS Start Bar Index: 18038 | Time: 2022-10-04 19:30:00+00:00
ADF Test Result: p-value=0.2787 (Required < 0.10) | OLS Beta: 0.3644
Filter ON: Spread not stationary (p-value too high). Skipping optimization and OOS test.

--- Window 45 Boundary Check ---
IS Period RTH Bars: 980. Start: 2022-09-01 15:00:00+00:00 | End: 2022-10-25 19:15:00+00:00
OOS Start Bar Index: 18428 | Time: 2022-10-25 19:30:00+00:00
ADF Test Result: p-value=0.2131 (Required < 0.10) | OLS Beta: 0.8846
Filter ON: Spread not stationary (p-value too high). Skipping optimization and OOS test.

--- Window 46 Boundary Check ---
IS Period RTH Bars: 980. Start: 2022-09-23 15:00:00+00:00 | End: 2022-11-15 20:15:00+00:00
OOS Start Bar Index: 18818 | Time: 2022-11-15 20:30:00+00:00
ADF Test Result: p-value=0.0884 (Required < 0.10) | OLS Beta: 0.4749
Filter OFF: Spread is stationary. Proceeding with optimization.
IS Optimization Time: 0.08 seconds.
Optimal Params (Sharpe=4.6768, Calmar=0.0000): Z_E=3.1, Z_X=1.5, Z_SL=4.2
📊 Persistence: Saved 89 PnL points to wfa_outputs\oos_equity_curve_AVGO_NVDA_15m_20251105_151016_0.1.csv
OOS Period (2022-11-15 20:30:00+00:00 to 2022-12-08 15:45:00+00:00): PnL: $0.00 | Sharpe: 0.0000 | Calmar: 0.0000 | Trades: 0

--- Window 47 Boundary Check ---
IS Period RTH Bars: 980. Start: 2022-10-14 15:00:00+00:00 | End: 2022-12-08 15:45:00+00:00
OOS Start Bar Index: 19208 | Time: 2022-12-08 16:00:00+00:00
ADF Test Result: p-value=0.0275 (Required < 0.10) | OLS Beta: 0.6230
Filter OFF: Spread is stationary. Proceeding with optimization.
IS Optimization Time: 0.08 seconds.
Optimal Params (Sharpe=3.3719, Calmar=33.6392): Z_E=3.3, Z_X=1.1, Z_SL=4.2
📊 Persistence: Saved 156 PnL points to wfa_outputs\oos_equity_curve_AVGO_NVDA_15m_20251105_151016_0.1.csv
OOS Period (2022-12-08 16:00:00+00:00 to 2022-12-30 15:45:00+00:00): PnL: $-295.85 | Sharpe: -5.8885 | Calmar: -10.9138 | Trades: 67

--- Window 48 Boundary Check ---
IS Period RTH Bars: 980. Start: 2022-11-04 15:00:00+00:00 | End: 2022-12-30 15:45:00+00:00
OOS Start Bar Index: 19598 | Time: 2022-12-30 16:00:00+00:00
ADF Test Result: p-value=0.8653 (Required < 0.10) | OLS Beta: 0.4266
Filter ON: Spread not stationary (p-value too high). Skipping optimization and OOS test.

--- Window 49 Boundary Check ---
IS Period RTH Bars: 980. Start: 2022-11-28 18:00:00+00:00 | End: 2023-01-24 15:45:00+00:00
OOS Start Bar Index: 19988 | Time: 2023-01-24 16:00:00+00:00
ADF Test Result: p-value=0.2794 (Required < 0.10) | OLS Beta: 0.0706
Filter ON: Spread not stationary (p-value too high). Skipping optimization and OOS test.

--- Window 50 Boundary Check ---
IS Period RTH Bars: 980. Start: 2022-12-19 18:00:00+00:00 | End: 2023-02-14 15:45:00+00:00
OOS Start Bar Index: 20378 | Time: 2023-02-14 16:00:00+00:00
ADF Test Result: p-value=0.0205 (Required < 0.10) | OLS Beta: 0.1881
Filter OFF: Spread is stationary. Proceeding with optimization.
IS Optimization Time: 0.08 seconds.
Optimal Params (Sharpe=6.5857, Calmar=477.0833): Z_E=1.9, Z_X=1.1, Z_SL=4.2
📊 Persistence: Saved 158 PnL points to wfa_outputs\oos_equity_curve_AVGO_NVDA_15m_20251105_151016_0.1.csv
OOS Period (2023-02-14 16:00:00+00:00 to 2023-03-08 15:45:00+00:00): PnL: $150.83 | Sharpe: 5.8097 | Calmar: 0.0000 | Trades: 2

--- Window 51 Boundary Check ---
IS Period RTH Bars: 980. Start: 2023-01-11 18:00:00+00:00 | End: 2023-03-08 15:45:00+00:00
OOS Start Bar Index: 20768 | Time: 2023-03-08 16:00:00+00:00
ADF Test Result: p-value=0.5003 (Required < 0.10) | OLS Beta: 0.1594
Filter ON: Spread not stationary (p-value too high). Skipping optimization and OOS test.

--- Window 52 Boundary Check ---
IS Period RTH Bars: 980. Start: 2023-02-02 18:00:00+00:00 | End: 2023-03-29 14:45:00+00:00
OOS Start Bar Index: 21158 | Time: 2023-03-29 15:00:00+00:00
ADF Test Result: p-value=0.3001 (Required < 0.10) | OLS Beta: 0.3427
Filter ON: Spread not stationary (p-value too high). Skipping optimization and OOS test.

--- Window 53 Boundary Check ---
IS Period RTH Bars: 980. Start: 2023-02-24 18:00:00+00:00 | End: 2023-04-20 14:45:00+00:00
OOS Start Bar Index: 21548 | Time: 2023-04-20 15:00:00+00:00
ADF Test Result: p-value=0.0182 (Required < 0.10) | OLS Beta: 0.2515
Filter OFF: Spread is stationary. Proceeding with optimization.
IS Optimization Time: 0.08 seconds.
Optimal Params (Sharpe=1.7596, Calmar=11.2197): Z_E=1.9, Z_X=0.3, Z_SL=3.3
📊 Persistence: Saved 159 PnL points to wfa_outputs\oos_equity_curve_AVGO_NVDA_15m_20251105_151016_0.1.csv
OOS Period (2023-04-20 15:00:00+00:00 to 2023-05-11 14:45:00+00:00): PnL: $99.27 | Sharpe: 4.1040 | Calmar: 0.0000 | Trades: 1

--- Window 54 Boundary Check ---
IS Period RTH Bars: 980. Start: 2023-03-17 17:00:00+00:00 | End: 2023-05-11 14:45:00+00:00
OOS Start Bar Index: 21938 | Time: 2023-05-11 15:00:00+00:00
ADF Test Result: p-value=0.0088 (Required < 0.10) | OLS Beta: -0.0538
Filter OFF: Spread is stationary. Proceeding with optimization.
IS Optimization Time: 0.08 seconds.
Optimal Params (Sharpe=3.2609, Calmar=0.0000): Z_E=2.9, Z_X=0.3, Z_SL=3.6
📊 Persistence: Saved 298 PnL points to wfa_outputs\oos_equity_curve_AVGO_NVDA_15m_20251105_151016_0.1.csv
OOS Period (2023-05-11 15:00:00+00:00 to 2023-06-02 14:45:00+00:00): PnL: $-1,856.58 | Sharpe: -7.3122 | Calmar: -4.6494 | Trades: 139

--- Window 55 Boundary Check ---
IS Period RTH Bars: 980. Start: 2023-04-10 17:00:00+00:00 | End: 2023-06-02 14:45:00+00:00
OOS Start Bar Index: 22328 | Time: 2023-06-02 15:00:00+00:00
ADF Test Result: p-value=0.0015 (Required < 0.10) | OLS Beta: 0.6573
Filter OFF: Spread is stationary. Proceeding with optimization.
IS Optimization Time: 0.09 seconds.
Optimal Params (Sharpe=2.0041, Calmar=11.7129): Z_E=2.9, Z_X=0.3, Z_SL=3.9
📊 Persistence: Saved 299 PnL points to wfa_outputs\oos_equity_curve_AVGO_NVDA_15m_20251105_151016_0.1.csv
OOS Period (2023-06-02 15:00:00+00:00 to 2023-06-26 14:45:00+00:00): PnL: $410.60 | Sharpe: 4.1040 | Calmar: 0.0000 | Trades: 1

--- Window 56 Boundary Check ---
IS Period RTH Bars: 980. Start: 2023-05-01 17:00:00+00:00 | End: 2023-06-26 14:45:00+00:00
OOS Start Bar Index: 22718 | Time: 2023-06-26 15:00:00+00:00
ADF Test Result: p-value=0.0001 (Required < 0.10) | OLS Beta: 0.7786
Filter OFF: Spread is stationary. Proceeding with optimization.
IS Optimization Time: 0.08 seconds.
Optimal Params (Sharpe=1.2482, Calmar=5.3908): Z_E=3.3, Z_X=1.3, Z_SL=3.9
📊 Persistence: Saved 299 PnL points to wfa_outputs\oos_equity_curve_AVGO_NVDA_15m_20251105_151016_0.1.csv
OOS Period (2023-06-26 15:00:00+00:00 to 2023-07-18 16:30:00+00:00): PnL: $0.00 | Sharpe: 0.0000 | Calmar: 0.0000 | Trades: 0

--- Window 57 Boundary Check ---
IS Period RTH Bars: 980. Start: 2023-05-22 17:00:00+00:00 | End: 2023-07-18 16:30:00+00:00
OOS Start Bar Index: 23108 | Time: 2023-07-18 16:45:00+00:00
ADF Test Result: p-value=0.0004 (Required < 0.10) | OLS Beta: 0.7246
Filter OFF: Spread is stationary. Proceeding with optimization.
IS Optimization Time: 0.08 seconds.
Optimal Params (Sharpe=0.4036, Calmar=1.6746): Z_E=3.3, Z_X=1.3, Z_SL=3.9
📊 Persistence: Saved 299 PnL points to wfa_outputs\oos_equity_curve_AVGO_NVDA_15m_20251105_151016_0.1.csv
OOS Period (2023-07-18 16:45:00+00:00 to 2023-08-08 16:30:00+00:00): PnL: $0.00 | Sharpe: 0.0000 | Calmar: 0.0000 | Trades: 0

--- Window 58 Boundary Check ---
IS Period RTH Bars: 980. Start: 2023-06-13 17:00:00+00:00 | End: 2023-08-08 16:30:00+00:00
OOS Start Bar Index: 23498 | Time: 2023-08-08 16:45:00+00:00
ADF Test Result: p-value=0.0492 (Required < 0.10) | OLS Beta: 0.5341
Filter OFF: Spread is stationary. Proceeding with optimization.
IS Optimization Time: 0.09 seconds.
Optimal Params (Sharpe=3.1010, Calmar=9.9315): Z_E=1.9, Z_X=0.5, Z_SL=3.3
📊 Persistence: Saved 359 PnL points to wfa_outputs\oos_equity_curve_AVGO_NVDA_15m_20251105_151016_0.1.csv
OOS Period (2023-08-08 16:45:00+00:00 to 2023-08-29 16:30:00+00:00): PnL: $-58.01 | Sharpe: -1.3800 | Calmar: -6.8052 | Trades: 60

--- Window 59 Boundary Check ---
IS Period RTH Bars: 980. Start: 2023-07-06 18:45:00+00:00 | End: 2023-08-29 16:30:00+00:00
OOS Start Bar Index: 23888 | Time: 2023-08-29 16:45:00+00:00
ADF Test Result: p-value=0.5677 (Required < 0.10) | OLS Beta: 0.4192
Filter ON: Spread not stationary (p-value too high). Skipping optimization and OOS test.

--- Window 60 Boundary Check ---
IS Period RTH Bars: 980. Start: 2023-07-27 18:45:00+00:00 | End: 2023-09-20 16:30:00+00:00
OOS Start Bar Index: 24278 | Time: 2023-09-20 16:45:00+00:00
ADF Test Result: p-value=0.1489 (Required < 0.10) | OLS Beta: 0.3978
Filter ON: Spread not stationary (p-value too high). Skipping optimization and OOS test.

--- Window 61 Boundary Check ---
IS Period RTH Bars: 980. Start: 2023-08-17 18:45:00+00:00 | End: 2023-10-11 16:30:00+00:00
OOS Start Bar Index: 24668 | Time: 2023-10-11 16:45:00+00:00
ADF Test Result: p-value=0.0057 (Required < 0.10) | OLS Beta: 0.4877
Filter OFF: Spread is stationary. Proceeding with optimization.
IS Optimization Time: 0.08 seconds.
Optimal Params (Sharpe=3.8824, Calmar=922.9683): Z_E=3.1, Z_X=0.3, Z_SL=3.3
📊 Persistence: Saved 509 PnL points to wfa_outputs\oos_equity_curve_AVGO_NVDA_15m_20251105_151016_0.1.csv
OOS Period (2023-10-11 16:45:00+00:00 to 2023-11-01 16:30:00+00:00): PnL: $-108.26 | Sharpe: -1.8846 | Calmar: -6.8386 | Trades: 150

--- Window 62 Boundary Check ---
IS Period RTH Bars: 980. Start: 2023-09-08 18:45:00+00:00 | End: 2023-11-01 16:30:00+00:00
OOS Start Bar Index: 25058 | Time: 2023-11-01 16:45:00+00:00
ADF Test Result: p-value=0.3889 (Required < 0.10) | OLS Beta: 0.3224
Filter ON: Spread not stationary (p-value too high). Skipping optimization and OOS test.

--- Window 63 Boundary Check ---
IS Period RTH Bars: 980. Start: 2023-09-29 18:45:00+00:00 | End: 2023-11-22 17:30:00+00:00
OOS Start Bar Index: 25448 | Time: 2023-11-22 17:45:00+00:00
ADF Test Result: p-value=0.5292 (Required < 0.10) | OLS Beta: 0.7424
Filter ON: Spread not stationary (p-value too high). Skipping optimization and OOS test.

--- Window 64 Boundary Check ---
IS Period RTH Bars: 980. Start: 2023-10-20 18:45:00+00:00 | End: 2023-12-14 19:30:00+00:00
OOS Start Bar Index: 25838 | Time: 2023-12-14 19:45:00+00:00
ADF Test Result: p-value=0.9288 (Required < 0.10) | OLS Beta: 0.8863
Filter ON: Spread not stationary (p-value too high). Skipping optimization and OOS test.

--- Window 65 Boundary Check ---
IS Period RTH Bars: 980. Start: 2023-11-10 19:45:00+00:00 | End: 2024-01-08 19:30:00+00:00
OOS Start Bar Index: 26228 | Time: 2024-01-08 19:45:00+00:00
ADF Test Result: p-value=0.4672 (Required < 0.10) | OLS Beta: 1.6810
Filter ON: Spread not stationary (p-value too high). Skipping optimization and OOS test.

--- Window 66 Boundary Check ---
IS Period RTH Bars: 980. Start: 2023-12-05 15:15:00+00:00 | End: 2024-01-30 19:30:00+00:00
OOS Start Bar Index: 26618 | Time: 2024-01-30 19:45:00+00:00
ADF Test Result: p-value=0.1931 (Required < 0.10) | OLS Beta: 0.6267
Filter ON: Spread not stationary (p-value too high). Skipping optimization and OOS test.

--- Window 67 Boundary Check ---
IS Period RTH Bars: 980. Start: 2023-12-27 15:15:00+00:00 | End: 2024-02-21 19:30:00+00:00
OOS Start Bar Index: 27008 | Time: 2024-02-21 19:45:00+00:00
ADF Test Result: p-value=0.3399 (Required < 0.10) | OLS Beta: 0.4182
Filter ON: Spread not stationary (p-value too high). Skipping optimization and OOS test.

--- Window 68 Boundary Check ---
IS Period RTH Bars: 980. Start: 2024-01-19 15:15:00+00:00 | End: 2024-03-13 18:30:00+00:00
OOS Start Bar Index: 27398 | Time: 2024-03-13 18:45:00+00:00
ADF Test Result: p-value=0.4406 (Required < 0.10) | OLS Beta: 0.2737
Filter ON: Spread not stationary (p-value too high). Skipping optimization and OOS test.

--- Window 69 Boundary Check ---
IS Period RTH Bars: 980. Start: 2024-02-09 15:15:00+00:00 | End: 2024-04-04 18:30:00+00:00
OOS Start Bar Index: 27788 | Time: 2024-04-04 18:45:00+00:00
ADF Test Result: p-value=0.2378 (Required < 0.10) | OLS Beta: 0.2438
Filter ON: Spread not stationary (p-value too high). Skipping optimization and OOS test.

--- Window 70 Boundary Check ---
IS Period RTH Bars: 980. Start: 2024-03-04 15:15:00+00:00 | End: 2024-04-25 18:30:00+00:00
OOS Start Bar Index: 28178 | Time: 2024-04-25 18:45:00+00:00
ADF Test Result: p-value=0.0441 (Required < 0.10) | OLS Beta: 0.4811
Filter OFF: Spread is stationary. Proceeding with optimization.
IS Optimization Time: 0.09 seconds.
Optimal Params (Sharpe=2.1314, Calmar=9.4233): Z_E=2.3, Z_X=0.7, Z_SL=3.6
📊 Persistence: Saved 509 PnL points to wfa_outputs\oos_equity_curve_AVGO_NVDA_15m_20251105_151016_0.1.csv
OOS Period (2024-04-25 18:45:00+00:00 to 2024-05-16 18:30:00+00:00): PnL: $0.00 | Sharpe: 0.0000 | Calmar: 0.0000 | Trades: 0

--- Window 71 Boundary Check ---
IS Period RTH Bars: 980. Start: 2024-03-25 14:15:00+00:00 | End: 2024-05-16 18:30:00+00:00
OOS Start Bar Index: 28568 | Time: 2024-05-16 18:45:00+00:00
ADF Test Result: p-value=0.2399 (Required < 0.10) | OLS Beta: 0.6121
Filter ON: Spread not stationary (p-value too high). Skipping optimization and OOS test.

--- Window 72 Boundary Check ---
IS Period RTH Bars: 980. Start: 2024-04-16 14:15:00+00:00 | End: 2024-06-07 18:30:00+00:00
OOS Start Bar Index: 28958 | Time: 2024-06-07 18:45:00+00:00
ADF Test Result: p-value=0.5466 (Required < 0.10) | OLS Beta: 0.2344
Filter ON: Spread not stationary (p-value too high). Skipping optimization and OOS test.

--- Window 73 Boundary Check ---
IS Period RTH Bars: 980. Start: 2024-05-07 14:15:00+00:00 | End: 2024-07-01 18:30:00+00:00
OOS Start Bar Index: 29348 | Time: 2024-07-01 18:45:00+00:00
ADF Test Result: p-value=0.7026 (Required < 0.10) | OLS Beta: 0.5327
Filter ON: Spread not stationary (p-value too high). Skipping optimization and OOS test.

--- Window 74 Boundary Check ---
IS Period RTH Bars: 980. Start: 2024-05-29 14:15:00+00:00 | End: 2024-07-23 18:45:00+00:00
OOS Start Bar Index: 29738 | Time: 2024-07-23 19:00:00+00:00
ADF Test Result: p-value=0.0772 (Required < 0.10) | OLS Beta: 1.6221
Filter OFF: Spread is stationary. Proceeding with optimization.
IS Optimization Time: 0.08 seconds.
Optimal Params (Sharpe=6.6305, Calmar=19283.4881): Z_E=2.3, Z_X=1.5, Z_SL=4.2
📊 Persistence: Saved 557 PnL points to wfa_outputs\oos_equity_curve_AVGO_NVDA_15m_20251105_151016_0.1.csv
OOS Period (2024-07-23 19:00:00+00:00 to 2024-08-13 18:45:00+00:00): PnL: $145.72 | Sharpe: 0.8351 | Calmar: 4.1148 | Trades: 48

--- Window 75 Boundary Check ---
IS Period RTH Bars: 980. Start: 2024-06-20 14:15:00+00:00 | End: 2024-08-13 18:45:00+00:00
OOS Start Bar Index: 30128 | Time: 2024-08-13 19:00:00+00:00
ADF Test Result: p-value=0.0068 (Required < 0.10) | OLS Beta: 0.7615
Filter OFF: Spread is stationary. Proceeding with optimization.
IS Optimization Time: 0.09 seconds.
Optimal Params (Sharpe=6.1130, Calmar=493.0342): Z_E=1.9, Z_X=1.5, Z_SL=3.3
📊 Persistence: Saved 560 PnL points to wfa_outputs\oos_equity_curve_AVGO_NVDA_15m_20251105_151016_0.1.csv
OOS Period (2024-08-13 19:00:00+00:00 to 2024-09-04 18:45:00+00:00): PnL: $115.43 | Sharpe: 2.9675 | Calmar: 30.9263 | Trades: 3

--- Window 76 Boundary Check ---
IS Period RTH Bars: 980. Start: 2024-07-12 14:30:00+00:00 | End: 2024-09-04 18:45:00+00:00
OOS Start Bar Index: 30518 | Time: 2024-09-04 19:00:00+00:00
ADF Test Result: p-value=0.0339 (Required < 0.10) | OLS Beta: 0.6619
Filter OFF: Spread is stationary. Proceeding with optimization.
IS Optimization Time: 0.08 seconds.
Optimal Params (Sharpe=6.6069, Calmar=4448.4384): Z_E=1.9, Z_X=0.3, Z_SL=3.3
📊 Persistence: Saved 634 PnL points to wfa_outputs\oos_equity_curve_AVGO_NVDA_15m_20251105_151016_0.1.csv
OOS Period (2024-09-04 19:00:00+00:00 to 2024-09-25 18:45:00+00:00): PnL: $878.57 | Sharpe: 4.7065 | Calmar: 147.4306 | Trades: 74

--- Window 77 Boundary Check ---
IS Period RTH Bars: 980. Start: 2024-08-02 14:30:00+00:00 | End: 2024-09-25 18:45:00+00:00
OOS Start Bar Index: 30908 | Time: 2024-09-25 19:00:00+00:00
ADF Test Result: p-value=0.3401 (Required < 0.10) | OLS Beta: 0.7199
Filter ON: Spread not stationary (p-value too high). Skipping optimization and OOS test.

--- Window 78 Boundary Check ---
IS Period RTH Bars: 980. Start: 2024-08-23 14:30:00+00:00 | End: 2024-10-16 18:45:00+00:00
OOS Start Bar Index: 31298 | Time: 2024-10-16 19:00:00+00:00
ADF Test Result: p-value=0.2760 (Required < 0.10) | OLS Beta: 0.8118
Filter ON: Spread not stationary (p-value too high). Skipping optimization and OOS test.

--- Window 79 Boundary Check ---
IS Period RTH Bars: 980. Start: 2024-09-16 14:30:00+00:00 | End: 2024-11-06 19:45:00+00:00
OOS Start Bar Index: 31688 | Time: 2024-11-06 20:00:00+00:00
ADF Test Result: p-value=0.1095 (Required < 0.10) | OLS Beta: 0.2655
Filter ON: Spread not stationary (p-value too high). Skipping optimization and OOS test.

--- Window 80 Boundary Check ---
IS Period RTH Bars: 980. Start: 2024-10-07 14:30:00+00:00 | End: 2024-11-27 19:45:00+00:00
OOS Start Bar Index: 32078 | Time: 2024-11-27 20:00:00+00:00
ADF Test Result: p-value=0.8012 (Required < 0.10) | OLS Beta: -0.0468
Filter ON: Spread not stationary (p-value too high). Skipping optimization and OOS test.

--- Window 81 Boundary Check ---
IS Period RTH Bars: 980. Start: 2024-10-28 14:30:00+00:00 | End: 2024-12-19 20:15:00+00:00
OOS Start Bar Index: 32468 | Time: 2024-12-19 20:30:00+00:00
ADF Test Result: p-value=0.4513 (Required < 0.10) | OLS Beta: -1.4328
Filter ON: Spread not stationary (p-value too high). Skipping optimization and OOS test.

############################################################
📈 OVERALL SIMULATION PERFORMANCE (Walk-Forward Test)
############################################################
Timeframe Used: 1Min, Value: 15
ADF Cointegration Filter Threshold: 0.1
Total OOS Windows Tested: 81
Total Trades Executed: 634
--- Final Performance Metrics ---
Total PnL: $504.49
Overall Sharpe Ratio (Annualized): 0.0536
Overall Calmar Ratio (Annualized): 0.0092
Maximum Dollar Drawdown (MDD): $2,255.07

--- Execution Time ---
Total Elapsed Time: 55.94 seconds
############################################################
[0m