--- Dynamic Timeframe Configuration ---
TimeFrame Selected: 1Min, Value: 1
Bars per Trading Day: 390
Annualization Factor (Bars/Year): 98280
Statistical Lookback Bars: 2184
Optimization Lookback Bars: 19032
---------------------------------------
--- Diagnostic Check ---
API Key ID Length: 26
API Secret Key Length: 44
StockHistoricalDataClient initialized successfully. Starting data fetch...
--------------------------
Pre-compiling Numba function for first run optimization...
Numba pre-compilation complete.
Fetching data from 2020-01-22 to 2025-01-20...
Fetching 1Min data for AVGO...
Fetching 1Min data for NVDA...
Data acquired successfully. Total 1Min RTH bars: 480411
Skipping full pre-calculation. Metrics will be calculated inside the WFA loop.

============================================================
📈 Starting Rolling Backtest: IS Optimization Window=19032 bars, Shift=15 days
   Data already processed with Statistical Rolling Window: 2184 bars
   ADF Cointegration Filter: p-value < 0.05
============================================================

--- Window 1 Boundary Check ---
IS Period RTH Bars: 14666. Start: 2020-02-06 15:57:00+00:00 | End: 2020-04-01 14:06:00+00:00
OOS Start Bar Index: 19032 | Time: 2020-04-01 14:07:00+00:00
ADF Test Result: p-value=0.0591 (Required < 0.05) | OLS Beta: 1.4268
Filter ON: Spread not stationary (p-value too high). Skipping optimization and OOS test.

--- Window 2 Boundary Check ---
IS Period RTH Bars: 14666. Start: 2020-02-28 16:44:00+00:00 | End: 2020-04-23 14:12:00+00:00
OOS Start Bar Index: 24882 | Time: 2020-04-23 14:13:00+00:00
ADF Test Result: p-value=0.0254 (Required < 0.05) | OLS Beta: 1.1354
Filter OFF: Spread is stationary. Proceeding with optimization.
IS Optimization Time: 0.06 seconds.
Optimal Params (Sharpe=7.8680, Calmar=122.7324): Z_E=1.9, Z_X=1.5, Z_SL=3.6
📊 Persistence: Saved 3 PnL points to wfa_outputs\oos_equity_curve_AVGO_NVDA_1m_20251105_152034_0.05.csv
OOS Period (2020-04-23 14:13:00+00:00 to 2020-05-14 14:44:00+00:00): PnL: $-243.16 | Sharpe: -3.6703 | Calmar: -10.8852 | Trades: 3

--- Window 3 Boundary Check ---
IS Period RTH Bars: 14666. Start: 2020-03-20 16:41:00+00:00 | End: 2020-05-14 14:44:00+00:00
OOS Start Bar Index: 30732 | Time: 2020-05-14 14:45:00+00:00
ADF Test Result: p-value=0.2316 (Required < 0.05) | OLS Beta: 0.8193
Filter ON: Spread not stationary (p-value too high). Skipping optimization and OOS test.

--- Window 4 Boundary Check ---
IS Period RTH Bars: 14666. Start: 2020-04-13 16:41:00+00:00 | End: 2020-06-05 15:17:00+00:00
OOS Start Bar Index: 36582 | Time: 2020-06-05 15:18:00+00:00
ADF Test Result: p-value=0.9482 (Required < 0.05) | OLS Beta: 0.4276
Filter ON: Spread not stationary (p-value too high). Skipping optimization and OOS test.

--- Window 5 Boundary Check ---
IS Period RTH Bars: 14666. Start: 2020-05-04 17:04:00+00:00 | End: 2020-06-26 15:25:00+00:00
OOS Start Bar Index: 42432 | Time: 2020-06-26 15:26:00+00:00
ADF Test Result: p-value=0.4460 (Required < 0.05) | OLS Beta: 0.7721
Filter ON: Spread not stationary (p-value too high). Skipping optimization and OOS test.

--- Window 6 Boundary Check ---
IS Period RTH Bars: 14666. Start: 2020-05-26 17:44:00+00:00 | End: 2020-07-20 16:02:00+00:00
OOS Start Bar Index: 48282 | Time: 2020-07-20 16:03:00+00:00
ADF Test Result: p-value=0.0710 (Required < 0.05) | OLS Beta: 0.4242
Filter ON: Spread not stationary (p-value too high). Skipping optimization and OOS test.

--- Window 7 Boundary Check ---
IS Period RTH Bars: 14666. Start: 2020-06-16 17:54:00+00:00 | End: 2020-08-10 16:38:00+00:00
OOS Start Bar Index: 54132 | Time: 2020-08-10 16:39:00+00:00
ADF Test Result: p-value=0.0961 (Required < 0.05) | OLS Beta: 0.1992
Filter ON: Spread not stationary (p-value too high). Skipping optimization and OOS test.

--- Window 8 Boundary Check ---
IS Period RTH Bars: 14666. Start: 2020-07-08 18:22:00+00:00 | End: 2020-08-31 18:52:00+00:00
OOS Start Bar Index: 59982 | Time: 2020-08-31 18:53:00+00:00
ADF Test Result: p-value=0.0316 (Required < 0.05) | OLS Beta: 0.3493
Filter OFF: Spread is stationary. Proceeding with optimization.
IS Optimization Time: 0.11 seconds.
Optimal Params (Sharpe=3.7521, Calmar=15.3656): Z_E=1.9, Z_X=0.5, Z_SL=4.5
📊 Persistence: Saved 2067 PnL points to wfa_outputs\oos_equity_curve_AVGO_NVDA_1m_20251105_152034_0.05.csv
OOS Period (2020-08-31 18:53:00+00:00 to 2020-09-22 19:05:00+00:00): PnL: $-948.94 | Sharpe: -8.2373 | Calmar: -7.8463 | Trades: 2064

--- Window 9 Boundary Check ---
IS Period RTH Bars: 14666. Start: 2020-07-29 19:00:00+00:00 | End: 2020-09-22 19:05:00+00:00
OOS Start Bar Index: 65832 | Time: 2020-09-22 19:06:00+00:00
ADF Test Result: p-value=0.5502 (Required < 0.05) | OLS Beta: 0.5276
Filter ON: Spread not stationary (p-value too high). Skipping optimization and OOS test.

--- Window 10 Boundary Check ---
IS Period RTH Bars: 14666. Start: 2020-08-20 13:47:00+00:00 | End: 2020-10-13 19:55:00+00:00
OOS Start Bar Index: 71682 | Time: 2020-10-13 19:56:00+00:00
ADF Test Result: p-value=0.2630 (Required < 0.05) | OLS Beta: 0.4832
Filter ON: Spread not stationary (p-value too high). Skipping optimization and OOS test.

--- Window 11 Boundary Check ---
IS Period RTH Bars: 14666. Start: 2020-09-11 14:59:00+00:00 | End: 2020-11-04 17:04:00+00:00
OOS Start Bar Index: 77532 | Time: 2020-11-04 17:05:00+00:00
ADF Test Result: p-value=0.1017 (Required < 0.05) | OLS Beta: 0.5052
Filter ON: Spread not stationary (p-value too high). Skipping optimization and OOS test.

--- Window 12 Boundary Check ---
IS Period RTH Bars: 14666. Start: 2020-10-02 15:29:00+00:00 | End: 2020-11-25 20:07:00+00:00
OOS Start Bar Index: 83382 | Time: 2020-11-25 20:08:00+00:00
ADF Test Result: p-value=0.7005 (Required < 0.05) | OLS Beta: 0.5038
Filter ON: Spread not stationary (p-value too high). Skipping optimization and OOS test.

--- Window 13 Boundary Check ---
IS Period RTH Bars: 14666. Start: 2020-10-23 17:43:00+00:00 | End: 2020-12-18 18:16:00+00:00
OOS Start Bar Index: 89232 | Time: 2020-12-18 18:17:00+00:00
ADF Test Result: p-value=0.9825 (Required < 0.05) | OLS Beta: 0.5538
Filter ON: Spread not stationary (p-value too high). Skipping optimization and OOS test.

--- Window 14 Boundary Check ---
IS Period RTH Bars: 14666. Start: 2020-11-13 20:30:00+00:00 | End: 2021-01-13 17:54:00+00:00
OOS Start Bar Index: 95082 | Time: 2021-01-13 17:55:00+00:00
ADF Test Result: p-value=0.6343 (Required < 0.05) | OLS Beta: -0.2562
Filter ON: Spread not stationary (p-value too high). Skipping optimization and OOS test.

--- Window 15 Boundary Check ---
IS Period RTH Bars: 14666. Start: 2020-12-08 20:29:00+00:00 | End: 2021-02-04 19:35:00+00:00
OOS Start Bar Index: 100932 | Time: 2021-02-04 19:36:00+00:00
ADF Test Result: p-value=0.2878 (Required < 0.05) | OLS Beta: 1.1960
Filter ON: Spread not stationary (p-value too high). Skipping optimization and OOS test.

--- Window 16 Boundary Check ---
IS Period RTH Bars: 14666. Start: 2020-12-31 19:29:00+00:00 | End: 2021-03-01 14:57:00+00:00
OOS Start Bar Index: 106782 | Time: 2021-03-01 14:58:00+00:00
ADF Test Result: p-value=0.3965 (Required < 0.05) | OLS Beta: 0.5455
Filter ON: Spread not stationary (p-value too high). Skipping optimization and OOS test.

--- Window 17 Boundary Check ---
IS Period RTH Bars: 14666. Start: 2021-01-26 14:56:00+00:00 | End: 2021-03-22 14:15:00+00:00
OOS Start Bar Index: 112632 | Time: 2021-03-22 14:16:00+00:00
ADF Test Result: p-value=0.2592 (Required < 0.05) | OLS Beta: 0.3766
Filter ON: Spread not stationary (p-value too high). Skipping optimization and OOS test.

--- Window 18 Boundary Check ---
IS Period RTH Bars: 14666. Start: 2021-02-17 16:52:00+00:00 | End: 2021-04-13 15:37:00+00:00
OOS Start Bar Index: 118482 | Time: 2021-04-13 15:38:00+00:00
ADF Test Result: p-value=0.1807 (Required < 0.05) | OLS Beta: 0.4154
Filter ON: Spread not stationary (p-value too high). Skipping optimization and OOS test.

--- Window 19 Boundary Check ---
IS Period RTH Bars: 14666. Start: 2021-03-10 17:40:00+00:00 | End: 2021-05-04 17:19:00+00:00
OOS Start Bar Index: 124332 | Time: 2021-05-04 17:20:00+00:00
ADF Test Result: p-value=0.2312 (Required < 0.05) | OLS Beta: 0.0676
Filter ON: Spread not stationary (p-value too high). Skipping optimization and OOS test.

--- Window 20 Boundary Check ---
IS Period RTH Bars: 14666. Start: 2021-03-31 17:10:00+00:00 | End: 2021-05-25 19:36:00+00:00
OOS Start Bar Index: 130182 | Time: 2021-05-25 19:37:00+00:00
ADF Test Result: p-value=0.6008 (Required < 0.05) | OLS Beta: 0.3055
Filter ON: Spread not stationary (p-value too high). Skipping optimization and OOS test.

--- Window 21 Boundary Check ---
IS Period RTH Bars: 14666. Start: 2021-04-22 19:16:00+00:00 | End: 2021-06-17 15:43:00+00:00
OOS Start Bar Index: 136032 | Time: 2021-06-17 15:44:00+00:00
ADF Test Result: p-value=0.1629 (Required < 0.05) | OLS Beta: 0.3011
Filter ON: Spread not stationary (p-value too high). Skipping optimization and OOS test.

--- Window 22 Boundary Check ---
IS Period RTH Bars: 14666. Start: 2021-05-14 14:07:00+00:00 | End: 2021-07-09 18:25:00+00:00
OOS Start Bar Index: 141882 | Time: 2021-07-09 18:26:00+00:00
ADF Test Result: p-value=0.0289 (Required < 0.05) | OLS Beta: 0.1784
Filter OFF: Spread is stationary. Proceeding with optimization.
IS Optimization Time: 0.05 seconds.
Optimal Params (Sharpe=2.2388, Calmar=12.4037): Z_E=2.7, Z_X=1.1, Z_SL=4.5
📊 Persistence: Saved 2069 PnL points to wfa_outputs\oos_equity_curve_AVGO_NVDA_1m_20251105_152034_0.05.csv
OOS Period (2021-07-09 18:26:00+00:00 to 2021-08-02 16:06:00+00:00): PnL: $209.63 | Sharpe: 4.6344 | Calmar: 0.0000 | Trades: 2

--- Window 23 Boundary Check ---
IS Period RTH Bars: 14666. Start: 2021-06-07 16:28:00+00:00 | End: 2021-08-02 16:06:00+00:00
OOS Start Bar Index: 147732 | Time: 2021-08-02 16:07:00+00:00
ADF Test Result: p-value=0.1330 (Required < 0.05) | OLS Beta: 0.2084
Filter ON: Spread not stationary (p-value too high). Skipping optimization and OOS test.

--- Window 24 Boundary Check ---
IS Period RTH Bars: 14666. Start: 2021-06-28 19:51:00+00:00 | End: 2021-08-24 15:29:00+00:00
OOS Start Bar Index: 153582 | Time: 2021-08-24 15:30:00+00:00
ADF Test Result: p-value=0.0419 (Required < 0.05) | OLS Beta: 0.1510
Filter OFF: Spread is stationary. Proceeding with optimization.
IS Optimization Time: 0.06 seconds.
Optimal Params (Sharpe=5.8668, Calmar=46.6622): Z_E=2.5, Z_X=0.7, Z_SL=4.2
📊 Persistence: Saved 2072 PnL points to wfa_outputs\oos_equity_curve_AVGO_NVDA_1m_20251105_152034_0.05.csv
OOS Period (2021-08-24 15:30:00+00:00 to 2021-09-15 18:18:00+00:00): PnL: $347.89 | Sharpe: 4.3180 | Calmar: 77.3628 | Trades: 3

--- Window 25 Boundary Check ---
IS Period RTH Bars: 14666. Start: 2021-07-21 15:58:00+00:00 | End: 2021-09-15 18:18:00+00:00
OOS Start Bar Index: 159432 | Time: 2021-09-15 18:19:00+00:00
ADF Test Result: p-value=0.1107 (Required < 0.05) | OLS Beta: 0.2245
Filter ON: Spread not stationary (p-value too high). Skipping optimization and OOS test.

--- Window 26 Boundary Check ---
IS Period RTH Bars: 14666. Start: 2021-08-12 15:34:00+00:00 | End: 2021-10-07 14:29:00+00:00
OOS Start Bar Index: 165282 | Time: 2021-10-07 14:30:00+00:00
ADF Test Result: p-value=0.2803 (Required < 0.05) | OLS Beta: 0.2765
Filter ON: Spread not stationary (p-value too high). Skipping optimization and OOS test.

--- Window 27 Boundary Check ---
IS Period RTH Bars: 14666. Start: 2021-09-02 19:56:00+00:00 | End: 2021-10-28 17:58:00+00:00
OOS Start Bar Index: 171132 | Time: 2021-10-28 17:59:00+00:00
ADF Test Result: p-value=0.1257 (Required < 0.05) | OLS Beta: 0.4286
Filter ON: Spread not stationary (p-value too high). Skipping optimization and OOS test.

--- Window 28 Boundary Check ---
IS Period RTH Bars: 14666. Start: 2021-09-27 15:59:00+00:00 | End: 2021-11-19 16:39:00+00:00
OOS Start Bar Index: 176982 | Time: 2021-11-19 16:40:00+00:00
ADF Test Result: p-value=0.0142 (Required < 0.05) | OLS Beta: 0.3520
Filter OFF: Spread is stationary. Proceeding with optimization.
IS Optimization Time: 0.06 seconds.
Optimal Params (Sharpe=3.1827, Calmar=16.6373): Z_E=1.9, Z_X=0.9, Z_SL=3.3
📊 Persistence: Saved 2764 PnL points to wfa_outputs\oos_equity_curve_AVGO_NVDA_1m_20251105_152034_0.05.csv
OOS Period (2021-11-19 16:40:00+00:00 to 2021-12-14 14:34:00+00:00): PnL: $-511.73 | Sharpe: -3.9217 | Calmar: -7.8001 | Trades: 692

--- Window 29 Boundary Check ---
IS Period RTH Bars: 14666. Start: 2021-10-18 18:42:00+00:00 | End: 2021-12-14 14:34:00+00:00
OOS Start Bar Index: 182832 | Time: 2021-12-14 14:35:00+00:00
ADF Test Result: p-value=0.9437 (Required < 0.05) | OLS Beta: 0.2873
Filter ON: Spread not stationary (p-value too high). Skipping optimization and OOS test.

--- Window 30 Boundary Check ---
IS Period RTH Bars: 14666. Start: 2021-11-09 16:20:00+00:00 | End: 2022-01-05 17:08:00+00:00
OOS Start Bar Index: 188682 | Time: 2022-01-05 17:09:00+00:00
ADF Test Result: p-value=0.3352 (Required < 0.05) | OLS Beta: -0.8202
Filter ON: Spread not stationary (p-value too high). Skipping optimization and OOS test.

--- Window 31 Boundary Check ---
IS Period RTH Bars: 14666. Start: 2021-12-02 16:40:00+00:00 | End: 2022-01-27 17:42:00+00:00
OOS Start Bar Index: 194532 | Time: 2022-01-27 17:43:00+00:00
ADF Test Result: p-value=0.0468 (Required < 0.05) | OLS Beta: 0.4164
Filter OFF: Spread is stationary. Proceeding with optimization.
IS Optimization Time: 0.06 seconds.
Optimal Params (Sharpe=1.8778, Calmar=5.2771): Z_E=3.1, Z_X=1.1, Z_SL=3.3
📊 Persistence: Saved 2764 PnL points to wfa_outputs\oos_equity_curve_AVGO_NVDA_1m_20251105_152034_0.05.csv
OOS Period (2022-01-27 17:43:00+00:00 to 2022-02-17 18:47:00+00:00): PnL: $0.00 | Sharpe: 0.0000 | Calmar: 0.0000 | Trades: 0

--- Window 32 Boundary Check ---
IS Period RTH Bars: 14666. Start: 2021-12-23 17:22:00+00:00 | End: 2022-02-17 18:47:00+00:00
OOS Start Bar Index: 200382 | Time: 2022-02-17 18:48:00+00:00
ADF Test Result: p-value=0.1162 (Required < 0.05) | OLS Beta: 0.6910
Filter ON: Spread not stationary (p-value too high). Skipping optimization and OOS test.

--- Window 33 Boundary Check ---
IS Period RTH Bars: 14666. Start: 2022-01-14 20:08:00+00:00 | End: 2022-03-11 19:43:00+00:00
OOS Start Bar Index: 206232 | Time: 2022-03-11 19:44:00+00:00
ADF Test Result: p-value=0.5144 (Required < 0.05) | OLS Beta: 0.3221
Filter ON: Spread not stationary (p-value too high). Skipping optimization and OOS test.

--- Window 34 Boundary Check ---
IS Period RTH Bars: 14666. Start: 2022-02-07 20:34:00+00:00 | End: 2022-04-04 14:24:00+00:00
OOS Start Bar Index: 212082 | Time: 2022-04-04 14:25:00+00:00
ADF Test Result: p-value=0.2020 (Required < 0.05) | OLS Beta: 0.3670
Filter ON: Spread not stationary (p-value too high). Skipping optimization and OOS test.

--- Window 35 Boundary Check ---
IS Period RTH Bars: 14666. Start: 2022-03-02 15:20:00+00:00 | End: 2022-04-26 15:50:00+00:00
OOS Start Bar Index: 217932 | Time: 2022-04-26 15:51:00+00:00
ADF Test Result: p-value=0.0217 (Required < 0.05) | OLS Beta: 0.2380
Filter OFF: Spread is stationary. Proceeding with optimization.
IS Optimization Time: 0.08 seconds.
Optimal Params (Sharpe=3.5441, Calmar=15.8639): Z_E=2.7, Z_X=1.1, Z_SL=3.6
📊 Persistence: Saved 2849 PnL points to wfa_outputs\oos_equity_curve_AVGO_NVDA_1m_20251105_152034_0.05.csv
OOS Period (2022-04-26 15:51:00+00:00 to 2022-05-17 16:45:00+00:00): PnL: $-213.13 | Sharpe: -5.1260 | Calmar: -14.6328 | Trades: 85

--- Window 36 Boundary Check ---
IS Period RTH Bars: 14666. Start: 2022-03-23 15:28:00+00:00 | End: 2022-05-17 16:45:00+00:00
OOS Start Bar Index: 223782 | Time: 2022-05-17 16:46:00+00:00
ADF Test Result: p-value=0.1913 (Required < 0.05) | OLS Beta: 0.1932
Filter ON: Spread not stationary (p-value too high). Skipping optimization and OOS test.

--- Window 37 Boundary Check ---
IS Period RTH Bars: 14666. Start: 2022-04-13 17:51:00+00:00 | End: 2022-06-08 17:54:00+00:00
OOS Start Bar Index: 229632 | Time: 2022-06-08 17:55:00+00:00
ADF Test Result: p-value=0.2798 (Required < 0.05) | OLS Beta: 0.2871
Filter ON: Spread not stationary (p-value too high). Skipping optimization and OOS test.

--- Window 38 Boundary Check ---
IS Period RTH Bars: 14666. Start: 2022-05-05 18:51:00+00:00 | End: 2022-06-30 19:44:00+00:00
OOS Start Bar Index: 235482 | Time: 2022-06-30 19:45:00+00:00
ADF Test Result: p-value=0.4632 (Required < 0.05) | OLS Beta: 0.7160
Filter ON: Spread not stationary (p-value too high). Skipping optimization and OOS test.

--- Window 39 Boundary Check ---
IS Period RTH Bars: 14666. Start: 2022-05-26 19:42:00+00:00 | End: 2022-07-25 14:55:00+00:00
OOS Start Bar Index: 241332 | Time: 2022-07-25 14:56:00+00:00
ADF Test Result: p-value=0.2774 (Required < 0.05) | OLS Beta: 0.6800
Filter ON: Spread not stationary (p-value too high). Skipping optimization and OOS test.

--- Window 40 Boundary Check ---
IS Period RTH Bars: 14666. Start: 2022-06-21 14:24:00+00:00 | End: 2022-08-15 18:17:00+00:00
OOS Start Bar Index: 247182 | Time: 2022-08-15 18:18:00+00:00
ADF Test Result: p-value=0.0796 (Required < 0.05) | OLS Beta: 0.5746
Filter ON: Spread not stationary (p-value too high). Skipping optimization and OOS test.

--- Window 41 Boundary Check ---
IS Period RTH Bars: 14666. Start: 2022-07-13 16:23:00+00:00 | End: 2022-09-07 14:02:00+00:00
OOS Start Bar Index: 253032 | Time: 2022-09-07 14:03:00+00:00
ADF Test Result: p-value=0.3907 (Required < 0.05) | OLS Beta: 0.3759
Filter ON: Spread not stationary (p-value too high). Skipping optimization and OOS test.

--- Window 42 Boundary Check ---
IS Period RTH Bars: 14666. Start: 2022-08-03 19:08:00+00:00 | End: 2022-09-28 15:18:00+00:00
OOS Start Bar Index: 258882 | Time: 2022-09-28 15:19:00+00:00
ADF Test Result: p-value=0.2566 (Required < 0.05) | OLS Beta: 0.3196
Filter ON: Spread not stationary (p-value too high). Skipping optimization and OOS test.

--- Window 43 Boundary Check ---
IS Period RTH Bars: 14666. Start: 2022-08-25 16:03:00+00:00 | End: 2022-10-19 16:14:00+00:00
OOS Start Bar Index: 264732 | Time: 2022-10-19 16:15:00+00:00
ADF Test Result: p-value=0.5481 (Required < 0.05) | OLS Beta: 0.5604
Filter ON: Spread not stationary (p-value too high). Skipping optimization and OOS test.

--- Window 44 Boundary Check ---
IS Period RTH Bars: 14666. Start: 2022-09-16 17:20:00+00:00 | End: 2022-11-09 19:03:00+00:00
OOS Start Bar Index: 270582 | Time: 2022-11-09 19:04:00+00:00
ADF Test Result: p-value=0.1433 (Required < 0.05) | OLS Beta: 0.4783
Filter ON: Spread not stationary (p-value too high). Skipping optimization and OOS test.

--- Window 45 Boundary Check ---
IS Period RTH Bars: 14666. Start: 2022-10-07 18:25:00+00:00 | End: 2022-12-02 17:36:00+00:00
OOS Start Bar Index: 276432 | Time: 2022-12-02 17:37:00+00:00
ADF Test Result: p-value=0.0354 (Required < 0.05) | OLS Beta: 0.5877
Filter OFF: Spread is stationary. Proceeding with optimization.
IS Optimization Time: 0.06 seconds.
Optimal Params (Sharpe=1.3974, Calmar=8.3069): Z_E=3.3, Z_X=0.7, Z_SL=4.5
📊 Persistence: Saved 3139 PnL points to wfa_outputs\oos_equity_curve_AVGO_NVDA_1m_20251105_152034_0.05.csv
OOS Period (2022-12-02 17:37:00+00:00 to 2022-12-23 18:33:00+00:00): PnL: $-227.92 | Sharpe: -5.5501 | Calmar: -12.1115 | Trades: 290

--- Window 46 Boundary Check ---
IS Period RTH Bars: 14666. Start: 2022-10-28 19:44:00+00:00 | End: 2022-12-23 18:33:00+00:00
OOS Start Bar Index: 282282 | Time: 2022-12-23 18:35:00+00:00
ADF Test Result: p-value=0.9726 (Required < 0.05) | OLS Beta: 0.7487
Filter ON: Spread not stationary (p-value too high). Skipping optimization and OOS test.

--- Window 47 Boundary Check ---
IS Period RTH Bars: 14666. Start: 2022-11-21 15:52:00+00:00 | End: 2023-01-18 20:43:00+00:00
OOS Start Bar Index: 288132 | Time: 2023-01-18 20:44:00+00:00
ADF Test Result: p-value=0.3353 (Required < 0.05) | OLS Beta: 0.0231
Filter ON: Spread not stationary (p-value too high). Skipping optimization and OOS test.

--- Window 48 Boundary Check ---
IS Period RTH Bars: 14666. Start: 2022-12-13 20:41:00+00:00 | End: 2023-02-09 16:40:00+00:00
OOS Start Bar Index: 293982 | Time: 2023-02-09 16:41:00+00:00
ADF Test Result: p-value=0.0942 (Required < 0.05) | OLS Beta: 0.1965
Filter ON: Spread not stationary (p-value too high). Skipping optimization and OOS test.

--- Window 49 Boundary Check ---
IS Period RTH Bars: 14666. Start: 2023-01-06 16:06:00+00:00 | End: 2023-03-03 18:04:00+00:00
OOS Start Bar Index: 299832 | Time: 2023-03-03 18:05:00+00:00
ADF Test Result: p-value=0.2132 (Required < 0.05) | OLS Beta: 0.1006
Filter ON: Spread not stationary (p-value too high). Skipping optimization and OOS test.

--- Window 50 Boundary Check ---
IS Period RTH Bars: 14666. Start: 2023-01-30 18:15:00+00:00 | End: 2023-03-24 17:57:00+00:00
OOS Start Bar Index: 305682 | Time: 2023-03-24 17:58:00+00:00
ADF Test Result: p-value=0.3053 (Required < 0.05) | OLS Beta: 0.3257
Filter ON: Spread not stationary (p-value too high). Skipping optimization and OOS test.

--- Window 51 Boundary Check ---
IS Period RTH Bars: 14666. Start: 2023-02-21 20:04:00+00:00 | End: 2023-04-18 14:34:00+00:00
OOS Start Bar Index: 311532 | Time: 2023-04-18 14:35:00+00:00
ADF Test Result: p-value=0.4150 (Required < 0.05) | OLS Beta: 0.3200
Filter ON: Spread not stationary (p-value too high). Skipping optimization and OOS test.

--- Window 52 Boundary Check ---
IS Period RTH Bars: 14666. Start: 2023-03-15 13:34:00+00:00 | End: 2023-05-09 17:42:00+00:00
OOS Start Bar Index: 317382 | Time: 2023-05-09 17:43:00+00:00
ADF Test Result: p-value=0.0294 (Required < 0.05) | OLS Beta: 0.0339
Filter OFF: Spread is stationary. Proceeding with optimization.
IS Optimization Time: 0.06 seconds.
Optimal Params (Sharpe=3.5937, Calmar=379.2360): Z_E=3.1, Z_X=0.5, Z_SL=4.5
📊 Persistence: Saved 4766 PnL points to wfa_outputs\oos_equity_curve_AVGO_NVDA_1m_20251105_152034_0.05.csv
OOS Period (2023-05-09 17:43:00+00:00 to 2023-05-31 19:44:00+00:00): PnL: $-364.68 | Sharpe: -2.5420 | Calmar: -3.2254 | Trades: 1627

--- Window 53 Boundary Check ---
IS Period RTH Bars: 14666. Start: 2023-04-05 15:19:00+00:00 | End: 2023-05-31 19:44:00+00:00
OOS Start Bar Index: 323232 | Time: 2023-05-31 19:45:00+00:00
ADF Test Result: p-value=0.0270 (Required < 0.05) | OLS Beta: 0.6392
Filter OFF: Spread is stationary. Proceeding with optimization.
IS Optimization Time: 0.06 seconds.
Optimal Params (Sharpe=0.7570, Calmar=2.3033): Z_E=3.1, Z_X=0.3, Z_SL=3.9
📊 Persistence: Saved 4767 PnL points to wfa_outputs\oos_equity_curve_AVGO_NVDA_1m_20251105_152034_0.05.csv
OOS Period (2023-05-31 19:45:00+00:00 to 2023-06-23 13:48:00+00:00): PnL: $419.90 | Sharpe: 4.0991 | Calmar: 0.0000 | Trades: 1

--- Window 54 Boundary Check ---
IS Period RTH Bars: 14666. Start: 2023-04-27 18:38:00+00:00 | End: 2023-06-23 13:48:00+00:00
OOS Start Bar Index: 329082 | Time: 2023-06-23 13:49:00+00:00
ADF Test Result: p-value=0.0012 (Required < 0.05) | OLS Beta: 0.7800
Filter OFF: Spread is stationary. Proceeding with optimization.
IS Optimization Time: 0.05 seconds.
Optimal Params (Sharpe=0.1450, Calmar=0.4121): Z_E=3.3, Z_X=0.3, Z_SL=3.9
📊 Persistence: Saved 4767 PnL points to wfa_outputs\oos_equity_curve_AVGO_NVDA_1m_20251105_152034_0.05.csv
OOS Period (2023-06-23 13:49:00+00:00 to 2023-07-17 18:00:00+00:00): PnL: $0.00 | Sharpe: 0.0000 | Calmar: 0.0000 | Trades: 0

--- Window 55 Boundary Check ---
IS Period RTH Bars: 14666. Start: 2023-05-19 15:31:00+00:00 | End: 2023-07-17 18:00:00+00:00
OOS Start Bar Index: 334932 | Time: 2023-07-17 18:01:00+00:00
ADF Test Result: p-value=0.0053 (Required < 0.05) | OLS Beta: 0.7354
Filter OFF: Spread is stationary. Proceeding with optimization.
IS Optimization Time: 0.06 seconds.
Optimal Params (Sharpe=-0.6273, Calmar=-1.3517): Z_E=2.7, Z_X=0.3, Z_SL=3.3
📊 Persistence: Saved 4767 PnL points to wfa_outputs\oos_equity_curve_AVGO_NVDA_1m_20251105_152034_0.05.csv
OOS Period (2023-07-17 18:01:00+00:00 to 2023-08-07 19:35:00+00:00): PnL: $0.00 | Sharpe: 0.0000 | Calmar: 0.0000 | Trades: 0

--- Window 56 Boundary Check ---
IS Period RTH Bars: 14666. Start: 2023-06-12 16:11:00+00:00 | End: 2023-08-07 19:35:00+00:00
OOS Start Bar Index: 340782 | Time: 2023-08-07 19:36:00+00:00
ADF Test Result: p-value=0.0446 (Required < 0.05) | OLS Beta: 0.5087
Filter OFF: Spread is stationary. Proceeding with optimization.
IS Optimization Time: 0.06 seconds.
Optimal Params (Sharpe=3.3273, Calmar=10.1927): Z_E=1.9, Z_X=0.3, Z_SL=3.3
📊 Persistence: Saved 5533 PnL points to wfa_outputs\oos_equity_curve_AVGO_NVDA_1m_20251105_152034_0.05.csv
OOS Period (2023-08-07 19:36:00+00:00 to 2023-08-29 15:21:00+00:00): PnL: $-301.39 | Sharpe: -5.8521 | Calmar: -9.9694 | Trades: 766

--- Window 57 Boundary Check ---
IS Period RTH Bars: 14666. Start: 2023-07-06 13:32:00+00:00 | End: 2023-08-29 15:21:00+00:00
OOS Start Bar Index: 346632 | Time: 2023-08-29 15:22:00+00:00
ADF Test Result: p-value=0.5337 (Required < 0.05) | OLS Beta: 0.4291
Filter ON: Spread not stationary (p-value too high). Skipping optimization and OOS test.

--- Window 58 Boundary Check ---
IS Period RTH Bars: 14666. Start: 2023-07-27 14:31:00+00:00 | End: 2023-09-20 17:28:00+00:00
OOS Start Bar Index: 352482 | Time: 2023-09-20 17:29:00+00:00
ADF Test Result: p-value=0.1576 (Required < 0.05) | OLS Beta: 0.4060
Filter ON: Spread not stationary (p-value too high). Skipping optimization and OOS test.

--- Window 59 Boundary Check ---
IS Period RTH Bars: 14666. Start: 2023-08-17 17:02:00+00:00 | End: 2023-10-12 14:47:00+00:00
OOS Start Bar Index: 358332 | Time: 2023-10-12 14:48:00+00:00
ADF Test Result: p-value=0.0369 (Required < 0.05) | OLS Beta: 0.4941
Filter OFF: Spread is stationary. Proceeding with optimization.
IS Optimization Time: 0.06 seconds.
Optimal Params (Sharpe=3.5810, Calmar=11.2889): Z_E=1.9, Z_X=0.3, Z_SL=3.3
📊 Persistence: Saved 7768 PnL points to wfa_outputs\oos_equity_curve_AVGO_NVDA_1m_20251105_152034_0.05.csv
OOS Period (2023-10-12 14:48:00+00:00 to 2023-11-02 16:32:00+00:00): PnL: $-54.35 | Sharpe: -0.7192 | Calmar: -2.6367 | Trades: 2235

--- Window 60 Boundary Check ---
IS Period RTH Bars: 14666. Start: 2023-09-08 18:14:00+00:00 | End: 2023-11-02 16:32:00+00:00
OOS Start Bar Index: 364182 | Time: 2023-11-02 16:33:00+00:00
ADF Test Result: p-value=0.4542 (Required < 0.05) | OLS Beta: 0.3207
Filter ON: Spread not stationary (p-value too high). Skipping optimization and OOS test.

--- Window 61 Boundary Check ---
IS Period RTH Bars: 14666. Start: 2023-10-02 14:34:00+00:00 | End: 2023-11-27 15:41:00+00:00
OOS Start Bar Index: 370032 | Time: 2023-11-27 15:42:00+00:00
ADF Test Result: p-value=0.4089 (Required < 0.05) | OLS Beta: 0.7612
Filter ON: Spread not stationary (p-value too high). Skipping optimization and OOS test.

--- Window 62 Boundary Check ---
IS Period RTH Bars: 14666. Start: 2023-10-23 18:01:00+00:00 | End: 2023-12-18 15:57:00+00:00
OOS Start Bar Index: 375882 | Time: 2023-12-18 15:58:00+00:00
ADF Test Result: p-value=0.9585 (Required < 0.05) | OLS Beta: 0.9661
Filter ON: Spread not stationary (p-value too high). Skipping optimization and OOS test.

--- Window 63 Boundary Check ---
IS Period RTH Bars: 14666. Start: 2023-11-14 14:46:00+00:00 | End: 2024-01-10 17:18:00+00:00
OOS Start Bar Index: 381732 | Time: 2024-01-10 17:19:00+00:00
ADF Test Result: p-value=0.7329 (Required < 0.05) | OLS Beta: 1.2902
Filter ON: Spread not stationary (p-value too high). Skipping optimization and OOS test.

--- Window 64 Boundary Check ---
IS Period RTH Bars: 14666. Start: 2023-12-06 18:29:00+00:00 | End: 2024-02-01 19:06:00+00:00
OOS Start Bar Index: 387582 | Time: 2024-02-01 19:07:00+00:00
ADF Test Result: p-value=0.0383 (Required < 0.05) | OLS Beta: 0.5418
Filter OFF: Spread is stationary. Proceeding with optimization.
IS Optimization Time: 0.06 seconds.
Optimal Params (Sharpe=-3.9697, Calmar=-4.6325): Z_E=2.7, Z_X=1.3, Z_SL=4.5
📊 Persistence: Saved 7768 PnL points to wfa_outputs\oos_equity_curve_AVGO_NVDA_1m_20251105_152034_0.05.csv
OOS Period (2024-02-01 19:07:00+00:00 to 2024-02-26 14:42:00+00:00): PnL: $0.00 | Sharpe: 0.0000 | Calmar: 0.0000 | Trades: 0

--- Window 65 Boundary Check ---
IS Period RTH Bars: 14666. Start: 2023-12-28 18:56:00+00:00 | End: 2024-02-26 14:42:00+00:00
OOS Start Bar Index: 393432 | Time: 2024-02-26 14:43:00+00:00
ADF Test Result: p-value=0.2944 (Required < 0.05) | OLS Beta: 0.4254
Filter ON: Spread not stationary (p-value too high). Skipping optimization and OOS test.

--- Window 66 Boundary Check ---
IS Period RTH Bars: 14666. Start: 2024-01-22 20:29:00+00:00 | End: 2024-03-18 16:12:00+00:00
OOS Start Bar Index: 399282 | Time: 2024-03-18 16:13:00+00:00
ADF Test Result: p-value=0.5446 (Required < 0.05) | OLS Beta: 0.2330
Filter ON: Spread not stationary (p-value too high). Skipping optimization and OOS test.

--- Window 67 Boundary Check ---
IS Period RTH Bars: 14666. Start: 2024-02-13 16:03:00+00:00 | End: 2024-04-09 18:22:00+00:00
OOS Start Bar Index: 405132 | Time: 2024-04-09 18:23:00+00:00
ADF Test Result: p-value=0.3235 (Required < 0.05) | OLS Beta: 0.2593
Filter ON: Spread not stationary (p-value too high). Skipping optimization and OOS test.

--- Window 68 Boundary Check ---
IS Period RTH Bars: 14666. Start: 2024-03-06 19:37:00+00:00 | End: 2024-05-01 14:27:00+00:00
OOS Start Bar Index: 410982 | Time: 2024-05-01 14:28:00+00:00
ADF Test Result: p-value=0.2294 (Required < 0.05) | OLS Beta: 0.5115
Filter ON: Spread not stationary (p-value too high). Skipping optimization and OOS test.

--- Window 69 Boundary Check ---
IS Period RTH Bars: 14666. Start: 2024-03-27 19:35:00+00:00 | End: 2024-05-22 19:08:00+00:00
OOS Start Bar Index: 416832 | Time: 2024-05-22 19:09:00+00:00
ADF Test Result: p-value=0.1178 (Required < 0.05) | OLS Beta: 0.7206
Filter ON: Spread not stationary (p-value too high). Skipping optimization and OOS test.

--- Window 70 Boundary Check ---
IS Period RTH Bars: 14666. Start: 2024-04-19 15:23:00+00:00 | End: 2024-06-14 14:05:00+00:00
OOS Start Bar Index: 422682 | Time: 2024-06-14 14:06:00+00:00
ADF Test Result: p-value=0.8957 (Required < 0.05) | OLS Beta: 0.3121
Filter ON: Spread not stationary (p-value too high). Skipping optimization and OOS test.

--- Window 71 Boundary Check ---
IS Period RTH Bars: 14666. Start: 2024-05-10 19:56:00+00:00 | End: 2024-07-09 16:32:00+00:00
OOS Start Bar Index: 428532 | Time: 2024-07-09 16:33:00+00:00
ADF Test Result: p-value=0.7086 (Required < 0.05) | OLS Beta: 0.6040
Filter ON: Spread not stationary (p-value too high). Skipping optimization and OOS test.

--- Window 72 Boundary Check ---
IS Period RTH Bars: 14666. Start: 2024-06-04 16:17:00+00:00 | End: 2024-07-30 16:32:00+00:00
OOS Start Bar Index: 434382 | Time: 2024-07-30 16:33:00+00:00
ADF Test Result: p-value=0.1862 (Required < 0.05) | OLS Beta: 1.1181
Filter ON: Spread not stationary (p-value too high). Skipping optimization and OOS test.

--- Window 73 Boundary Check ---
IS Period RTH Bars: 14666. Start: 2024-06-26 16:40:00+00:00 | End: 2024-08-20 16:32:00+00:00
OOS Start Bar Index: 440232 | Time: 2024-08-20 16:33:00+00:00
ADF Test Result: p-value=0.0025 (Required < 0.05) | OLS Beta: 0.7634
Filter OFF: Spread is stationary. Proceeding with optimization.
IS Optimization Time: 0.06 seconds.
Optimal Params (Sharpe=8.1136, Calmar=363.0936): Z_E=2.3, Z_X=1.5, Z_SL=4.2
📊 Persistence: Saved 7772 PnL points to wfa_outputs\oos_equity_curve_AVGO_NVDA_1m_20251105_152034_0.05.csv
OOS Period (2024-08-20 16:33:00+00:00 to 2024-09-11 16:32:00+00:00): PnL: $737.52 | Sharpe: 7.3682 | Calmar: 0.0000 | Trades: 4

--- Window 74 Boundary Check ---
IS Period RTH Bars: 14666. Start: 2024-07-18 19:07:00+00:00 | End: 2024-09-11 16:32:00+00:00
OOS Start Bar Index: 446082 | Time: 2024-09-11 16:33:00+00:00
ADF Test Result: p-value=0.0027 (Required < 0.05) | OLS Beta: 0.6595
Filter OFF: Spread is stationary. Proceeding with optimization.
IS Optimization Time: 0.06 seconds.
Optimal Params (Sharpe=7.8916, Calmar=44.6922): Z_E=1.9, Z_X=1.5, Z_SL=4.2
📊 Persistence: Saved 8679 PnL points to wfa_outputs\oos_equity_curve_AVGO_NVDA_1m_20251105_152034_0.05.csv
OOS Period (2024-09-11 16:33:00+00:00 to 2024-10-02 16:32:00+00:00): PnL: $-433.25 | Sharpe: -5.5862 | Calmar: -11.4576 | Trades: 907

--- Window 75 Boundary Check ---
IS Period RTH Bars: 14666. Start: 2024-08-08 19:07:00+00:00 | End: 2024-10-02 16:32:00+00:00
OOS Start Bar Index: 451932 | Time: 2024-10-02 16:33:00+00:00
ADF Test Result: p-value=0.5144 (Required < 0.05) | OLS Beta: 0.7047
Filter ON: Spread not stationary (p-value too high). Skipping optimization and OOS test.

--- Window 76 Boundary Check ---
IS Period RTH Bars: 14666. Start: 2024-08-29 19:07:00+00:00 | End: 2024-10-23 16:32:00+00:00
OOS Start Bar Index: 457782 | Time: 2024-10-23 16:33:00+00:00
ADF Test Result: p-value=0.2236 (Required < 0.05) | OLS Beta: 0.7594
Filter ON: Spread not stationary (p-value too high). Skipping optimization and OOS test.

--- Window 77 Boundary Check ---
IS Period RTH Bars: 14666. Start: 2024-09-20 19:07:00+00:00 | End: 2024-11-13 17:32:00+00:00
OOS Start Bar Index: 463632 | Time: 2024-11-13 17:33:00+00:00
ADF Test Result: p-value=0.1227 (Required < 0.05) | OLS Beta: 0.1723
Filter ON: Spread not stationary (p-value too high). Skipping optimization and OOS test.

--- Window 78 Boundary Check ---
IS Period RTH Bars: 14666. Start: 2024-10-11 19:07:00+00:00 | End: 2024-12-05 19:57:00+00:00
OOS Start Bar Index: 469482 | Time: 2024-12-05 19:58:00+00:00
ADF Test Result: p-value=0.3169 (Required < 0.05) | OLS Beta: 0.2824
Filter ON: Spread not stationary (p-value too high). Skipping optimization and OOS test.

--- Window 79 Boundary Check ---
IS Period RTH Bars: 14666. Start: 2024-11-01 19:07:00+00:00 | End: 2024-12-27 20:50:00+00:00
OOS Start Bar Index: 475332 | Time: 2024-12-27 20:51:00+00:00
ADF Test Result: p-value=0.4754 (Required < 0.05) | OLS Beta: -1.9582
Filter ON: Spread not stationary (p-value too high). Skipping optimization and OOS test.

############################################################
📈 OVERALL SIMULATION PERFORMANCE (Walk-Forward Test)
############################################################
Timeframe Used: 1Min, Value: 1
ADF Cointegration Filter Threshold: 0.05
Total OOS Windows Tested: 79
Total Trades Executed: 8679
--- Final Performance Metrics ---
Total PnL: $-1,583.60
Overall Sharpe Ratio (Annualized): -0.2495
Overall Calmar Ratio (Annualized): -0.0264
Maximum Dollar Drawdown (MDD): $2,766.70

--- Execution Time ---
Total Elapsed Time: 126.10 seconds
############################################################
[0m