--- Dynamic Timeframe Configuration ---
TimeFrame Selected: 1Min, Value: 1
Bars per Trading Day: 390
Annualization Factor (Bars/Year): 98280
Statistical Lookback Bars: 2184
Optimization Lookback Bars: 19032
---------------------------------------
--- Diagnostic Check ---
API Key ID Length: 26
API Secret Key Length: 44
StockHistoricalDataClient initialized successfully. Starting data fetch...
--------------------------
Pre-compiling Numba function for first run optimization...
Numba pre-compilation complete.
Fetching data from 2020-01-01 to 2024-12-30...
Fetching 1Min data for RCL...
Fetching 1Min data for CUK...
Data acquired successfully. Total 1Min RTH bars: 460786
Skipping full pre-calculation. Metrics will be calculated inside the WFA loop.

============================================================
📈 Starting Rolling Backtest: IS Optimization Window=19032 bars, Shift=15 days
   Data already processed with Statistical Rolling Window: 2184 bars
   ADF Cointegration Filter: p-value < 0.1
============================================================

--- Window 1 Boundary Check ---
IS Period RTH Bars: 14666. Start: 2020-01-27 15:05:00+00:00 | End: 2020-03-26 19:39:00+00:00
OOS Start Bar Index: 19032 | Time: 2020-03-26 19:40:00+00:00
ADF Test Result: p-value=0.2729 (Required < 0.10) | OLS Beta: 1.0626
Filter ON: Spread not stationary (p-value too high). Skipping optimization and OOS test.

--- Window 2 Boundary Check ---
IS Period RTH Bars: 14666. Start: 2020-02-24 16:38:00+00:00 | End: 2020-04-20 14:24:00+00:00
OOS Start Bar Index: 24882 | Time: 2020-04-20 14:25:00+00:00
ADF Test Result: p-value=0.3808 (Required < 0.10) | OLS Beta: 0.8532
Filter ON: Spread not stationary (p-value too high). Skipping optimization and OOS test.

--- Window 3 Boundary Check ---
IS Period RTH Bars: 14666. Start: 2020-03-17 14:41:00+00:00 | End: 2020-05-11 18:45:00+00:00
OOS Start Bar Index: 30732 | Time: 2020-05-11 18:46:00+00:00
ADF Test Result: p-value=0.0850 (Required < 0.10) | OLS Beta: 1.1275
Filter OFF: Spread is stationary. Proceeding with optimization.
IS Optimization Time: 0.05 seconds.
Optimal Params (Sharpe=3.4703, Calmar=22.8073): Z_E=1.9, Z_X=0.7, Z_SL=3.6
📊 Persistence: Saved 1 PnL points to wfa_outputs\oos_equity_curve_RCL_CUK_1m_20251107_195242_0.1.csv
OOS Period (2020-05-11 18:46:00+00:00 to 2020-06-03 15:14:00+00:00): PnL: $-10.67 | Sharpe: -4.0991 | Calmar: -15.8448 | Trades: 1

--- Window 4 Boundary Check ---
IS Period RTH Bars: 14666. Start: 2020-04-07 16:10:00+00:00 | End: 2020-06-03 15:14:00+00:00
OOS Start Bar Index: 36582 | Time: 2020-06-03 15:15:00+00:00
ADF Test Result: p-value=0.0897 (Required < 0.10) | OLS Beta: 1.3335
Filter OFF: Spread is stationary. Proceeding with optimization.
IS Optimization Time: 0.05 seconds.
Optimal Params (Sharpe=3.9731, Calmar=17.2090): Z_E=3.3, Z_X=0.9, Z_SL=3.6
📊 Persistence: Saved 2 PnL points to wfa_outputs\oos_equity_curve_RCL_CUK_1m_20251107_195242_0.1.csv
OOS Period (2020-06-03 15:15:00+00:00 to 2020-06-24 16:58:00+00:00): PnL: $401.96 | Sharpe: 4.0991 | Calmar: 0.0000 | Trades: 1

--- Window 5 Boundary Check ---
IS Period RTH Bars: 14666. Start: 2020-04-29 18:52:00+00:00 | End: 2020-06-24 16:58:00+00:00
OOS Start Bar Index: 42432 | Time: 2020-06-24 16:59:00+00:00
ADF Test Result: p-value=0.0260 (Required < 0.10) | OLS Beta: 1.2253
Filter OFF: Spread is stationary. Proceeding with optimization.
IS Optimization Time: 0.05 seconds.
Optimal Params (Sharpe=3.5316, Calmar=19.9319): Z_E=3.3, Z_X=0.9, Z_SL=3.6
📊 Persistence: Saved 467 PnL points to wfa_outputs\oos_equity_curve_RCL_CUK_1m_20251107_195242_0.1.csv
OOS Period (2020-06-24 16:59:00+00:00 to 2020-07-16 18:40:00+00:00): PnL: $-214.52 | Sharpe: -3.2656 | Calmar: -7.5890 | Trades: 465

--- Window 6 Boundary Check ---
IS Period RTH Bars: 14666. Start: 2020-05-21 15:59:00+00:00 | End: 2020-07-16 18:40:00+00:00
OOS Start Bar Index: 48282 | Time: 2020-07-16 18:41:00+00:00
ADF Test Result: p-value=0.1347 (Required < 0.10) | OLS Beta: 0.8070
Filter ON: Spread not stationary (p-value too high). Skipping optimization and OOS test.

--- Window 7 Boundary Check ---
IS Period RTH Bars: 14666. Start: 2020-06-12 18:16:00+00:00 | End: 2020-08-07 16:29:00+00:00
OOS Start Bar Index: 54132 | Time: 2020-08-07 16:30:00+00:00
ADF Test Result: p-value=0.1215 (Required < 0.10) | OLS Beta: 0.5565
Filter ON: Spread not stationary (p-value too high). Skipping optimization and OOS test.

--- Window 8 Boundary Check ---
IS Period RTH Bars: 14666. Start: 2020-07-07 13:39:00+00:00 | End: 2020-08-31 16:27:00+00:00
OOS Start Bar Index: 59982 | Time: 2020-08-31 16:28:00+00:00
ADF Test Result: p-value=0.6814 (Required < 0.10) | OLS Beta: 1.2574
Filter ON: Spread not stationary (p-value too high). Skipping optimization and OOS test.

--- Window 9 Boundary Check ---
IS Period RTH Bars: 14666. Start: 2020-07-28 16:44:00+00:00 | End: 2020-09-22 18:56:00+00:00
OOS Start Bar Index: 65832 | Time: 2020-09-22 18:57:00+00:00
ADF Test Result: p-value=0.8083 (Required < 0.10) | OLS Beta: 1.2240
Filter ON: Spread not stationary (p-value too high). Skipping optimization and OOS test.

--- Window 10 Boundary Check ---
IS Period RTH Bars: 14666. Start: 2020-08-19 14:47:00+00:00 | End: 2020-10-14 15:38:00+00:00
OOS Start Bar Index: 71682 | Time: 2020-10-14 15:40:00+00:00
ADF Test Result: p-value=0.0325 (Required < 0.10) | OLS Beta: 0.6549
Filter OFF: Spread is stationary. Proceeding with optimization.
IS Optimization Time: 0.06 seconds.
Optimal Params (Sharpe=2.8494, Calmar=8.7133): Z_E=1.9, Z_X=0.7, Z_SL=3.6
📊 Persistence: Saved 1047 PnL points to wfa_outputs\oos_equity_curve_RCL_CUK_1m_20251107_195242_0.1.csv
OOS Period (2020-10-14 15:40:00+00:00 to 2020-11-04 20:54:00+00:00): PnL: $-97.90 | Sharpe: -1.0488 | Calmar: -3.6606 | Trades: 580

--- Window 11 Boundary Check ---
IS Period RTH Bars: 14666. Start: 2020-09-11 13:58:00+00:00 | End: 2020-11-04 20:54:00+00:00
OOS Start Bar Index: 77532 | Time: 2020-11-04 20:55:00+00:00
ADF Test Result: p-value=0.1612 (Required < 0.10) | OLS Beta: 1.0409
Filter ON: Spread not stationary (p-value too high). Skipping optimization and OOS test.

--- Window 12 Boundary Check ---
IS Period RTH Bars: 14666. Start: 2020-10-02 16:02:00+00:00 | End: 2020-11-27 16:12:00+00:00
OOS Start Bar Index: 83382 | Time: 2020-11-27 16:13:00+00:00
ADF Test Result: p-value=0.3882 (Required < 0.10) | OLS Beta: 0.8281
Filter ON: Spread not stationary (p-value too high). Skipping optimization and OOS test.

--- Window 13 Boundary Check ---
IS Period RTH Bars: 14666. Start: 2020-10-26 13:45:00+00:00 | End: 2020-12-21 14:35:00+00:00
OOS Start Bar Index: 89232 | Time: 2020-12-21 14:36:00+00:00
ADF Test Result: p-value=0.7468 (Required < 0.10) | OLS Beta: 0.6578
Filter ON: Spread not stationary (p-value too high). Skipping optimization and OOS test.

--- Window 14 Boundary Check ---
IS Period RTH Bars: 14666. Start: 2020-11-16 17:56:00+00:00 | End: 2021-01-14 16:41:00+00:00
OOS Start Bar Index: 95082 | Time: 2021-01-14 16:43:00+00:00
ADF Test Result: p-value=0.3669 (Required < 0.10) | OLS Beta: 0.4044
Filter ON: Spread not stationary (p-value too high). Skipping optimization and OOS test.

--- Window 15 Boundary Check ---
IS Period RTH Bars: 14666. Start: 2020-12-09 15:40:00+00:00 | End: 2021-02-05 20:35:00+00:00
OOS Start Bar Index: 100932 | Time: 2021-02-05 20:36:00+00:00
ADF Test Result: p-value=0.1858 (Required < 0.10) | OLS Beta: 0.8212
Filter ON: Spread not stationary (p-value too high). Skipping optimization and OOS test.

--- Window 16 Boundary Check ---
IS Period RTH Bars: 14666. Start: 2021-01-04 17:00:00+00:00 | End: 2021-03-02 17:04:00+00:00
OOS Start Bar Index: 106782 | Time: 2021-03-02 17:05:00+00:00
ADF Test Result: p-value=0.3773 (Required < 0.10) | OLS Beta: 0.9470
Filter ON: Spread not stationary (p-value too high). Skipping optimization and OOS test.

--- Window 17 Boundary Check ---
IS Period RTH Bars: 14666. Start: 2021-01-27 15:21:00+00:00 | End: 2021-03-23 18:42:00+00:00
OOS Start Bar Index: 112632 | Time: 2021-03-23 18:43:00+00:00
ADF Test Result: p-value=0.2058 (Required < 0.10) | OLS Beta: 0.9190
Filter ON: Spread not stationary (p-value too high). Skipping optimization and OOS test.

--- Window 18 Boundary Check ---
IS Period RTH Bars: 14666. Start: 2021-02-18 19:18:00+00:00 | End: 2021-04-15 15:32:00+00:00
OOS Start Bar Index: 118482 | Time: 2021-04-15 15:33:00+00:00
ADF Test Result: p-value=0.3350 (Required < 0.10) | OLS Beta: 0.7100
Filter ON: Spread not stationary (p-value too high). Skipping optimization and OOS test.

--- Window 19 Boundary Check ---
IS Period RTH Bars: 14666. Start: 2021-03-11 20:04:00+00:00 | End: 2021-05-10 14:16:00+00:00
OOS Start Bar Index: 124332 | Time: 2021-05-10 14:17:00+00:00
ADF Test Result: p-value=0.1102 (Required < 0.10) | OLS Beta: 0.8036
Filter ON: Spread not stationary (p-value too high). Skipping optimization and OOS test.

--- Window 20 Boundary Check ---
IS Period RTH Bars: 14666. Start: 2021-04-05 16:50:00+00:00 | End: 2021-06-02 14:43:00+00:00
OOS Start Bar Index: 130182 | Time: 2021-06-02 14:44:00+00:00
ADF Test Result: p-value=0.0026 (Required < 0.10) | OLS Beta: 1.0738
Filter OFF: Spread is stationary. Proceeding with optimization.
IS Optimization Time: 0.05 seconds.
Optimal Params (Sharpe=8.8030, Calmar=144.4204): Z_E=2.1, Z_X=1.3, Z_SL=4.5
📊 Persistence: Saved 1335 PnL points to wfa_outputs\oos_equity_curve_RCL_CUK_1m_20251107_195242_0.1.csv
OOS Period (2021-06-02 14:44:00+00:00 to 2021-06-24 16:21:00+00:00): PnL: $27.87 | Sharpe: 0.4758 | Calmar: 2.5489 | Trades: 288

--- Window 21 Boundary Check ---
IS Period RTH Bars: 14666. Start: 2021-04-28 14:09:00+00:00 | End: 2021-06-24 16:21:00+00:00
OOS Start Bar Index: 136032 | Time: 2021-06-24 16:22:00+00:00
ADF Test Result: p-value=0.1819 (Required < 0.10) | OLS Beta: 0.8880
Filter ON: Spread not stationary (p-value too high). Skipping optimization and OOS test.

--- Window 22 Boundary Check ---
IS Period RTH Bars: 14666. Start: 2021-05-20 13:39:00+00:00 | End: 2021-07-19 13:32:00+00:00
OOS Start Bar Index: 141882 | Time: 2021-07-19 13:33:00+00:00
ADF Test Result: p-value=0.2879 (Required < 0.10) | OLS Beta: 0.7826
Filter ON: Spread not stationary (p-value too high). Skipping optimization and OOS test.

--- Window 23 Boundary Check ---
IS Period RTH Bars: 14666. Start: 2021-06-14 14:44:00+00:00 | End: 2021-08-09 15:55:00+00:00
OOS Start Bar Index: 147732 | Time: 2021-08-09 15:56:00+00:00
ADF Test Result: p-value=0.0755 (Required < 0.10) | OLS Beta: 0.6800
Filter OFF: Spread is stationary. Proceeding with optimization.
IS Optimization Time: 0.06 seconds.
Optimal Params (Sharpe=-0.1002, Calmar=-0.4161): Z_E=2.5, Z_X=0.3, Z_SL=4.5
📊 Persistence: Saved 1335 PnL points to wfa_outputs\oos_equity_curve_RCL_CUK_1m_20251107_195242_0.1.csv
OOS Period (2021-08-09 15:56:00+00:00 to 2021-08-31 14:17:00+00:00): PnL: $0.00 | Sharpe: 0.0000 | Calmar: 0.0000 | Trades: 0

--- Window 24 Boundary Check ---
IS Period RTH Bars: 14666. Start: 2021-07-07 14:30:00+00:00 | End: 2021-08-31 14:17:00+00:00
OOS Start Bar Index: 153582 | Time: 2021-08-31 14:18:00+00:00
ADF Test Result: p-value=0.1106 (Required < 0.10) | OLS Beta: 0.8487
Filter ON: Spread not stationary (p-value too high). Skipping optimization and OOS test.

--- Window 25 Boundary Check ---
IS Period RTH Bars: 14666. Start: 2021-07-28 17:06:00+00:00 | End: 2021-09-22 18:04:00+00:00
OOS Start Bar Index: 159432 | Time: 2021-09-22 18:05:00+00:00
ADF Test Result: p-value=0.5121 (Required < 0.10) | OLS Beta: 1.0241
Filter ON: Spread not stationary (p-value too high). Skipping optimization and OOS test.

--- Window 26 Boundary Check ---
IS Period RTH Bars: 14666. Start: 2021-08-19 15:20:00+00:00 | End: 2021-10-14 13:34:00+00:00
OOS Start Bar Index: 165282 | Time: 2021-10-14 13:35:00+00:00
ADF Test Result: p-value=0.3901 (Required < 0.10) | OLS Beta: 1.0262
Filter ON: Spread not stationary (p-value too high). Skipping optimization and OOS test.

--- Window 27 Boundary Check ---
IS Period RTH Bars: 14666. Start: 2021-09-10 17:50:00+00:00 | End: 2021-11-05 17:06:00+00:00
OOS Start Bar Index: 171132 | Time: 2021-11-05 17:07:00+00:00
ADF Test Result: p-value=0.9794 (Required < 0.10) | OLS Beta: 0.6432
Filter ON: Spread not stationary (p-value too high). Skipping optimization and OOS test.

--- Window 28 Boundary Check ---
IS Period RTH Bars: 14666. Start: 2021-10-04 14:50:00+00:00 | End: 2021-11-30 17:31:00+00:00
OOS Start Bar Index: 176982 | Time: 2021-11-30 17:32:00+00:00
ADF Test Result: p-value=0.2847 (Required < 0.10) | OLS Beta: 0.7900
Filter ON: Spread not stationary (p-value too high). Skipping optimization and OOS test.

--- Window 29 Boundary Check ---
IS Period RTH Bars: 14666. Start: 2021-10-26 18:06:00+00:00 | End: 2021-12-21 18:07:00+00:00
OOS Start Bar Index: 182832 | Time: 2021-12-21 18:08:00+00:00
ADF Test Result: p-value=0.0459 (Required < 0.10) | OLS Beta: 0.9120
Filter OFF: Spread is stationary. Proceeding with optimization.
IS Optimization Time: 0.05 seconds.
Optimal Params (Sharpe=7.0559, Calmar=49.9073): Z_E=2.1, Z_X=0.9, Z_SL=4.8
📊 Persistence: Saved 1337 PnL points to wfa_outputs\oos_equity_curve_RCL_CUK_1m_20251107_195242_0.1.csv
OOS Period (2021-12-21 18:08:00+00:00 to 2022-01-12 20:27:00+00:00): PnL: $33.18 | Sharpe: 1.4250 | Calmar: 11.5197 | Trades: 2

--- Window 30 Boundary Check ---
IS Period RTH Bars: 14666. Start: 2021-11-17 15:50:00+00:00 | End: 2022-01-12 20:27:00+00:00
OOS Start Bar Index: 188682 | Time: 2022-01-12 20:28:00+00:00
ADF Test Result: p-value=0.0410 (Required < 0.10) | OLS Beta: 0.7845
Filter OFF: Spread is stationary. Proceeding with optimization.
IS Optimization Time: 0.05 seconds.
Optimal Params (Sharpe=8.9228, Calmar=71.0834): Z_E=2.1, Z_X=0.9, Z_SL=4.2
📊 Persistence: Saved 1338 PnL points to wfa_outputs\oos_equity_curve_RCL_CUK_1m_20251107_195242_0.1.csv
OOS Period (2022-01-12 20:28:00+00:00 to 2022-02-04 19:48:00+00:00): PnL: $115.93 | Sharpe: 4.0991 | Calmar: 0.0000 | Trades: 1

--- Window 31 Boundary Check ---
IS Period RTH Bars: 14666. Start: 2021-12-09 20:17:00+00:00 | End: 2022-02-04 19:48:00+00:00
OOS Start Bar Index: 194532 | Time: 2022-02-04 19:49:00+00:00
ADF Test Result: p-value=0.0761 (Required < 0.10) | OLS Beta: 0.7000
Filter OFF: Spread is stationary. Proceeding with optimization.
IS Optimization Time: 0.05 seconds.
Optimal Params (Sharpe=6.9181, Calmar=46.5207): Z_E=1.9, Z_X=1.3, Z_SL=4.2
📊 Persistence: Saved 1341 PnL points to wfa_outputs\oos_equity_curve_RCL_CUK_1m_20251107_195242_0.1.csv
OOS Period (2022-02-04 19:49:00+00:00 to 2022-02-28 20:11:00+00:00): PnL: $52.04 | Sharpe: 4.2988 | Calmar: 55.0950 | Trades: 3

--- Window 32 Boundary Check ---
IS Period RTH Bars: 14666. Start: 2022-01-03 15:36:00+00:00 | End: 2022-02-28 20:11:00+00:00
OOS Start Bar Index: 200382 | Time: 2022-02-28 20:12:00+00:00
ADF Test Result: p-value=0.0937 (Required < 0.10) | OLS Beta: 0.6881
Filter OFF: Spread is stationary. Proceeding with optimization.
IS Optimization Time: 0.05 seconds.
Optimal Params (Sharpe=6.6298, Calmar=44.3020): Z_E=1.9, Z_X=1.3, Z_SL=4.2
📊 Persistence: Saved 1346 PnL points to wfa_outputs\oos_equity_curve_RCL_CUK_1m_20251107_195242_0.1.csv
OOS Period (2022-02-28 20:12:00+00:00 to 2022-03-22 19:25:00+00:00): PnL: $311.68 | Sharpe: 8.9372 | Calmar: 0.0000 | Trades: 5

--- Window 33 Boundary Check ---
IS Period RTH Bars: 14666. Start: 2022-01-26 15:41:00+00:00 | End: 2022-03-22 19:25:00+00:00
OOS Start Bar Index: 206232 | Time: 2022-03-22 19:26:00+00:00
ADF Test Result: p-value=0.0183 (Required < 0.10) | OLS Beta: 0.8324
Filter OFF: Spread is stationary. Proceeding with optimization.
IS Optimization Time: 0.06 seconds.
Optimal Params (Sharpe=4.5715, Calmar=23.0933): Z_E=1.9, Z_X=0.3, Z_SL=3.6
📊 Persistence: Saved 3801 PnL points to wfa_outputs\oos_equity_curve_RCL_CUK_1m_20251107_195242_0.1.csv
OOS Period (2022-03-22 19:26:00+00:00 to 2022-04-13 14:17:00+00:00): PnL: $-28.30 | Sharpe: -0.4898 | Calmar: -2.8613 | Trades: 2455

--- Window 34 Boundary Check ---
IS Period RTH Bars: 14666. Start: 2022-02-16 16:05:00+00:00 | End: 2022-04-13 14:17:00+00:00
OOS Start Bar Index: 212082 | Time: 2022-04-13 14:18:00+00:00
ADF Test Result: p-value=0.8340 (Required < 0.10) | OLS Beta: 0.8074
Filter ON: Spread not stationary (p-value too high). Skipping optimization and OOS test.

--- Window 35 Boundary Check ---
IS Period RTH Bars: 14666. Start: 2022-03-11 16:19:00+00:00 | End: 2022-05-05 15:47:00+00:00
OOS Start Bar Index: 217932 | Time: 2022-05-05 15:48:00+00:00
ADF Test Result: p-value=0.2817 (Required < 0.10) | OLS Beta: 0.6217
Filter ON: Spread not stationary (p-value too high). Skipping optimization and OOS test.

--- Window 36 Boundary Check ---
IS Period RTH Bars: 14666. Start: 2022-04-01 16:04:00+00:00 | End: 2022-05-26 16:22:00+00:00
OOS Start Bar Index: 223782 | Time: 2022-05-26 16:23:00+00:00
ADF Test Result: p-value=0.5060 (Required < 0.10) | OLS Beta: 1.0329
Filter ON: Spread not stationary (p-value too high). Skipping optimization and OOS test.

--- Window 37 Boundary Check ---
IS Period RTH Bars: 14666. Start: 2022-04-25 17:51:00+00:00 | End: 2022-06-17 18:32:00+00:00
OOS Start Bar Index: 229632 | Time: 2022-06-17 18:33:00+00:00
ADF Test Result: p-value=0.0664 (Required < 0.10) | OLS Beta: 1.1611
Filter OFF: Spread is stationary. Proceeding with optimization.
IS Optimization Time: 0.06 seconds.
Optimal Params (Sharpe=3.2913, Calmar=18.7158): Z_E=3.3, Z_X=0.3, Z_SL=4.5
📊 Persistence: Saved 3801 PnL points to wfa_outputs\oos_equity_curve_RCL_CUK_1m_20251107_195242_0.1.csv
OOS Period (2022-06-17 18:33:00+00:00 to 2022-07-13 13:41:00+00:00): PnL: $0.00 | Sharpe: 0.0000 | Calmar: 0.0000 | Trades: 0

--- Window 38 Boundary Check ---
IS Period RTH Bars: 14666. Start: 2022-05-16 18:29:00+00:00 | End: 2022-07-13 13:41:00+00:00
OOS Start Bar Index: 235482 | Time: 2022-07-13 13:42:00+00:00
ADF Test Result: p-value=0.0846 (Required < 0.10) | OLS Beta: 1.1200
Filter OFF: Spread is stationary. Proceeding with optimization.
IS Optimization Time: 0.05 seconds.
Optimal Params (Sharpe=5.2791, Calmar=89.2112): Z_E=3.3, Z_X=0.7, Z_SL=4.5
📊 Persistence: Saved 3803 PnL points to wfa_outputs\oos_equity_curve_RCL_CUK_1m_20251107_195242_0.1.csv
OOS Period (2022-07-13 13:42:00+00:00 to 2022-08-03 18:04:00+00:00): PnL: $628.83 | Sharpe: 5.7950 | Calmar: 0.0000 | Trades: 2

--- Window 39 Boundary Check ---
IS Period RTH Bars: 14666. Start: 2022-06-08 14:13:00+00:00 | End: 2022-08-03 18:04:00+00:00
OOS Start Bar Index: 241332 | Time: 2022-08-03 18:05:00+00:00
ADF Test Result: p-value=0.3765 (Required < 0.10) | OLS Beta: 1.0689
Filter ON: Spread not stationary (p-value too high). Skipping optimization and OOS test.

--- Window 40 Boundary Check ---
IS Period RTH Bars: 14666. Start: 2022-06-30 15:34:00+00:00 | End: 2022-08-25 16:29:00+00:00
OOS Start Bar Index: 247182 | Time: 2022-08-25 16:30:00+00:00
ADF Test Result: p-value=0.7331 (Required < 0.10) | OLS Beta: 1.0739
Filter ON: Spread not stationary (p-value too high). Skipping optimization and OOS test.

--- Window 41 Boundary Check ---
IS Period RTH Bars: 14666. Start: 2022-07-22 17:45:00+00:00 | End: 2022-09-19 14:14:00+00:00
OOS Start Bar Index: 253032 | Time: 2022-09-19 14:15:00+00:00
ADF Test Result: p-value=0.9079 (Required < 0.10) | OLS Beta: 1.1413
Filter ON: Spread not stationary (p-value too high). Skipping optimization and OOS test.

--- Window 42 Boundary Check ---
IS Period RTH Bars: 14666. Start: 2022-08-15 16:10:00+00:00 | End: 2022-10-10 15:49:00+00:00
OOS Start Bar Index: 258882 | Time: 2022-10-10 15:50:00+00:00
ADF Test Result: p-value=0.5099 (Required < 0.10) | OLS Beta: 0.2226
Filter ON: Spread not stationary (p-value too high). Skipping optimization and OOS test.

--- Window 43 Boundary Check ---
IS Period RTH Bars: 14666. Start: 2022-09-07 14:24:00+00:00 | End: 2022-10-31 19:32:00+00:00
OOS Start Bar Index: 264732 | Time: 2022-10-31 19:33:00+00:00
ADF Test Result: p-value=0.5707 (Required < 0.10) | OLS Beta: 0.3237
Filter ON: Spread not stationary (p-value too high). Skipping optimization and OOS test.

--- Window 44 Boundary Check ---
IS Period RTH Bars: 14666. Start: 2022-09-28 17:36:00+00:00 | End: 2022-11-22 17:47:00+00:00
OOS Start Bar Index: 270582 | Time: 2022-11-22 17:48:00+00:00
ADF Test Result: p-value=0.0719 (Required < 0.10) | OLS Beta: 0.8144
Filter OFF: Spread is stationary. Proceeding with optimization.
IS Optimization Time: 0.05 seconds.
Optimal Params (Sharpe=3.5517, Calmar=0.0000): Z_E=3.3, Z_X=1.5, Z_SL=3.9
📊 Persistence: Saved 3803 PnL points to wfa_outputs\oos_equity_curve_RCL_CUK_1m_20251107_195242_0.1.csv
OOS Period (2022-11-22 17:48:00+00:00 to 2022-12-16 15:20:00+00:00): PnL: $0.00 | Sharpe: 0.0000 | Calmar: 0.0000 | Trades: 0

--- Window 45 Boundary Check ---
IS Period RTH Bars: 14666. Start: 2022-10-19 19:41:00+00:00 | End: 2022-12-16 15:20:00+00:00
OOS Start Bar Index: 276432 | Time: 2022-12-16 15:21:00+00:00
ADF Test Result: p-value=0.3226 (Required < 0.10) | OLS Beta: 0.8235
Filter ON: Spread not stationary (p-value too high). Skipping optimization and OOS test.

--- Window 46 Boundary Check ---
IS Period RTH Bars: 14666. Start: 2022-11-10 18:12:00+00:00 | End: 2023-01-11 15:31:00+00:00
OOS Start Bar Index: 282282 | Time: 2023-01-11 15:32:00+00:00
ADF Test Result: p-value=0.1337 (Required < 0.10) | OLS Beta: 0.7080
Filter ON: Spread not stationary (p-value too high). Skipping optimization and OOS test.

--- Window 47 Boundary Check ---
IS Period RTH Bars: 14666. Start: 2022-12-05 19:57:00+00:00 | End: 2023-02-03 14:36:00+00:00
OOS Start Bar Index: 288132 | Time: 2023-02-03 14:37:00+00:00
ADF Test Result: p-value=0.0299 (Required < 0.10) | OLS Beta: 0.7776
Filter OFF: Spread is stationary. Proceeding with optimization.
IS Optimization Time: 0.06 seconds.
Optimal Params (Sharpe=9.3946, Calmar=74.6076): Z_E=1.9, Z_X=1.5, Z_SL=4.2
📊 Persistence: Saved 5974 PnL points to wfa_outputs\oos_equity_curve_RCL_CUK_1m_20251107_195242_0.1.csv
OOS Period (2023-02-03 14:37:00+00:00 to 2023-02-27 20:14:00+00:00): PnL: $-530.05 | Sharpe: -7.3051 | Calmar: -10.0201 | Trades: 2171

--- Window 48 Boundary Check ---
IS Period RTH Bars: 14666. Start: 2022-12-28 20:39:00+00:00 | End: 2023-02-27 20:14:00+00:00
OOS Start Bar Index: 293982 | Time: 2023-02-27 20:15:00+00:00
ADF Test Result: p-value=0.7609 (Required < 0.10) | OLS Beta: 0.9876
Filter ON: Spread not stationary (p-value too high). Skipping optimization and OOS test.

--- Window 49 Boundary Check ---
IS Period RTH Bars: 14666. Start: 2023-01-24 14:36:00+00:00 | End: 2023-03-21 16:12:00+00:00
OOS Start Bar Index: 299832 | Time: 2023-03-21 16:13:00+00:00
ADF Test Result: p-value=0.3639 (Required < 0.10) | OLS Beta: 0.5038
Filter ON: Spread not stationary (p-value too high). Skipping optimization and OOS test.

--- Window 50 Boundary Check ---
IS Period RTH Bars: 14666. Start: 2023-02-14 18:45:00+00:00 | End: 2023-04-13 14:20:00+00:00
OOS Start Bar Index: 305682 | Time: 2023-04-13 14:21:00+00:00
ADF Test Result: p-value=0.9036 (Required < 0.10) | OLS Beta: 0.7418
Filter ON: Spread not stationary (p-value too high). Skipping optimization and OOS test.

--- Window 51 Boundary Check ---
IS Period RTH Bars: 14666. Start: 2023-03-09 19:04:00+00:00 | End: 2023-05-05 15:30:00+00:00
OOS Start Bar Index: 311532 | Time: 2023-05-05 15:32:00+00:00
ADF Test Result: p-value=0.9814 (Required < 0.10) | OLS Beta: 0.3379
Filter ON: Spread not stationary (p-value too high). Skipping optimization and OOS test.

--- Window 52 Boundary Check ---
IS Period RTH Bars: 14666. Start: 2023-03-30 19:54:00+00:00 | End: 2023-05-30 15:30:00+00:00
OOS Start Bar Index: 317382 | Time: 2023-05-30 15:31:00+00:00
ADF Test Result: p-value=0.4396 (Required < 0.10) | OLS Beta: 1.3652
Filter ON: Spread not stationary (p-value too high). Skipping optimization and OOS test.

--- Window 53 Boundary Check ---
IS Period RTH Bars: 14666. Start: 2023-04-25 14:55:00+00:00 | End: 2023-06-22 14:01:00+00:00
OOS Start Bar Index: 323232 | Time: 2023-06-22 14:02:00+00:00
ADF Test Result: p-value=0.1211 (Required < 0.10) | OLS Beta: 0.6948
Filter ON: Spread not stationary (p-value too high). Skipping optimization and OOS test.

--- Window 54 Boundary Check ---
IS Period RTH Bars: 14666. Start: 2023-05-17 13:58:00+00:00 | End: 2023-07-14 19:29:00+00:00
OOS Start Bar Index: 329082 | Time: 2023-07-14 19:30:00+00:00
ADF Test Result: p-value=0.6614 (Required < 0.10) | OLS Beta: 0.4581
Filter ON: Spread not stationary (p-value too high). Skipping optimization and OOS test.

--- Window 55 Boundary Check ---
IS Period RTH Bars: 14666. Start: 2023-06-09 14:25:00+00:00 | End: 2023-08-07 17:13:00+00:00
OOS Start Bar Index: 334932 | Time: 2023-08-07 17:14:00+00:00
ADF Test Result: p-value=0.6723 (Required < 0.10) | OLS Beta: 0.3561
Filter ON: Spread not stationary (p-value too high). Skipping optimization and OOS test.

--- Window 56 Boundary Check ---
IS Period RTH Bars: 14666. Start: 2023-07-05 14:11:00+00:00 | End: 2023-08-29 19:55:00+00:00
OOS Start Bar Index: 340782 | Time: 2023-08-29 19:56:00+00:00
ADF Test Result: p-value=0.3647 (Required < 0.10) | OLS Beta: 0.2148
Filter ON: Spread not stationary (p-value too high). Skipping optimization and OOS test.

--- Window 57 Boundary Check ---
IS Period RTH Bars: 14666. Start: 2023-07-26 17:28:00+00:00 | End: 2023-09-22 18:50:00+00:00
OOS Start Bar Index: 346632 | Time: 2023-09-22 18:51:00+00:00
ADF Test Result: p-value=0.0000 (Required < 0.10) | OLS Beta: 0.5287
Filter OFF: Spread is stationary. Proceeding with optimization.
IS Optimization Time: 0.06 seconds.
Optimal Params (Sharpe=4.1673, Calmar=29.2283): Z_E=2.7, Z_X=1.5, Z_SL=3.3
📊 Persistence: Saved 5976 PnL points to wfa_outputs\oos_equity_curve_RCL_CUK_1m_20251107_195242_0.1.csv
OOS Period (2023-09-22 18:51:00+00:00 to 2023-10-16 19:06:00+00:00): PnL: $117.11 | Sharpe: 5.6843 | Calmar: 0.0000 | Trades: 2

--- Window 58 Boundary Check ---
IS Period RTH Bars: 14666. Start: 2023-08-17 17:01:00+00:00 | End: 2023-10-16 19:06:00+00:00
OOS Start Bar Index: 352482 | Time: 2023-10-16 19:07:00+00:00
ADF Test Result: p-value=0.0030 (Required < 0.10) | OLS Beta: 0.5427
Filter OFF: Spread is stationary. Proceeding with optimization.
IS Optimization Time: 0.05 seconds.
Optimal Params (Sharpe=7.7709, Calmar=115.8784): Z_E=1.9, Z_X=0.3, Z_SL=4.2
📊 Persistence: Saved 6499 PnL points to wfa_outputs\oos_equity_curve_RCL_CUK_1m_20251107_195242_0.1.csv
OOS Period (2023-10-16 19:07:00+00:00 to 2023-11-07 20:46:00+00:00): PnL: $432.30 | Sharpe: 5.2998 | Calmar: 36.7484 | Trades: 523

--- Window 59 Boundary Check ---
IS Period RTH Bars: 14666. Start: 2023-09-12 14:33:00+00:00 | End: 2023-11-07 20:46:00+00:00
OOS Start Bar Index: 358332 | Time: 2023-11-07 20:47:00+00:00
ADF Test Result: p-value=0.6654 (Required < 0.10) | OLS Beta: 0.5295
Filter ON: Spread not stationary (p-value too high). Skipping optimization and OOS test.

--- Window 60 Boundary Check ---
IS Period RTH Bars: 14666. Start: 2023-10-04 16:45:00+00:00 | End: 2023-12-01 20:28:00+00:00
OOS Start Bar Index: 364182 | Time: 2023-12-01 20:29:00+00:00
ADF Test Result: p-value=0.1585 (Required < 0.10) | OLS Beta: 0.9448
Filter ON: Spread not stationary (p-value too high). Skipping optimization and OOS test.

--- Window 61 Boundary Check ---
IS Period RTH Bars: 14666. Start: 2023-10-26 18:22:00+00:00 | End: 2023-12-26 18:41:00+00:00
OOS Start Bar Index: 370032 | Time: 2023-12-26 18:42:00+00:00
ADF Test Result: p-value=0.2801 (Required < 0.10) | OLS Beta: 0.7202
Filter ON: Spread not stationary (p-value too high). Skipping optimization and OOS test.

--- Window 62 Boundary Check ---
IS Period RTH Bars: 14666. Start: 2023-11-17 20:42:00+00:00 | End: 2024-01-19 18:18:00+00:00
OOS Start Bar Index: 375882 | Time: 2024-01-19 18:19:00+00:00
ADF Test Result: p-value=0.8561 (Required < 0.10) | OLS Beta: 0.6498
Filter ON: Spread not stationary (p-value too high). Skipping optimization and OOS test.

--- Window 63 Boundary Check ---
IS Period RTH Bars: 14666. Start: 2023-12-13 19:19:00+00:00 | End: 2024-02-12 14:37:00+00:00
OOS Start Bar Index: 381732 | Time: 2024-02-12 14:38:00+00:00
ADF Test Result: p-value=0.1282 (Required < 0.10) | OLS Beta: 0.1818
Filter ON: Spread not stationary (p-value too high). Skipping optimization and OOS test.

--- Window 64 Boundary Check ---
IS Period RTH Bars: 14666. Start: 2024-01-08 17:23:00+00:00 | End: 2024-03-05 19:48:00+00:00
OOS Start Bar Index: 387582 | Time: 2024-03-05 19:50:00+00:00
ADF Test Result: p-value=0.2951 (Required < 0.10) | OLS Beta: 0.4662
Filter ON: Spread not stationary (p-value too high). Skipping optimization and OOS test.

--- Window 65 Boundary Check ---
IS Period RTH Bars: 14666. Start: 2024-01-31 16:17:00+00:00 | End: 2024-03-27 18:24:00+00:00
OOS Start Bar Index: 393432 | Time: 2024-03-27 18:25:00+00:00
ADF Test Result: p-value=0.0649 (Required < 0.10) | OLS Beta: 1.1183
Filter OFF: Spread is stationary. Proceeding with optimization.
IS Optimization Time: 0.05 seconds.
Optimal Params (Sharpe=6.4506, Calmar=56.8321): Z_E=1.9, Z_X=0.3, Z_SL=4.8
📊 Persistence: Saved 8874 PnL points to wfa_outputs\oos_equity_curve_RCL_CUK_1m_20251107_195242_0.1.csv
OOS Period (2024-03-27 18:25:00+00:00 to 2024-04-19 15:39:00+00:00): PnL: $-1,013.55 | Sharpe: -11.3808 | Calmar: -7.9663 | Trades: 2375

--- Window 66 Boundary Check ---
IS Period RTH Bars: 14666. Start: 2024-02-22 20:00:00+00:00 | End: 2024-04-19 15:39:00+00:00
OOS Start Bar Index: 399282 | Time: 2024-04-19 15:40:00+00:00
ADF Test Result: p-value=0.4710 (Required < 0.10) | OLS Beta: 0.2090
Filter ON: Spread not stationary (p-value too high). Skipping optimization and OOS test.

--- Window 67 Boundary Check ---
IS Period RTH Bars: 14666. Start: 2024-03-15 17:33:00+00:00 | End: 2024-05-14 14:02:00+00:00
OOS Start Bar Index: 405132 | Time: 2024-05-14 14:03:00+00:00
ADF Test Result: p-value=0.3940 (Required < 0.10) | OLS Beta: 0.1049
Filter ON: Spread not stationary (p-value too high). Skipping optimization and OOS test.

--- Window 68 Boundary Check ---
IS Period RTH Bars: 14666. Start: 2024-04-09 16:23:00+00:00 | End: 2024-06-06 18:30:00+00:00
OOS Start Bar Index: 410982 | Time: 2024-06-06 18:32:00+00:00
ADF Test Result: p-value=0.0852 (Required < 0.10) | OLS Beta: 1.0072
Filter OFF: Spread is stationary. Proceeding with optimization.
IS Optimization Time: 0.05 seconds.
Optimal Params (Sharpe=0.3357, Calmar=0.9763): Z_E=1.9, Z_X=0.5, Z_SL=3.3
📊 Persistence: Saved 8966 PnL points to wfa_outputs\oos_equity_curve_RCL_CUK_1m_20251107_195242_0.1.csv
OOS Period (2024-06-06 18:32:00+00:00 to 2024-07-02 14:40:00+00:00): PnL: $-156.63 | Sharpe: -2.4246 | Calmar: -7.1621 | Trades: 92

--- Window 69 Boundary Check ---
IS Period RTH Bars: 14666. Start: 2024-05-01 15:53:00+00:00 | End: 2024-07-02 14:40:00+00:00
OOS Start Bar Index: 416832 | Time: 2024-07-02 14:41:00+00:00
ADF Test Result: p-value=0.0648 (Required < 0.10) | OLS Beta: 0.5511
Filter OFF: Spread is stationary. Proceeding with optimization.
IS Optimization Time: 0.05 seconds.
Optimal Params (Sharpe=2.8979, Calmar=31.7922): Z_E=3.3, Z_X=0.3, Z_SL=3.9
📊 Persistence: Saved 8966 PnL points to wfa_outputs\oos_equity_curve_RCL_CUK_1m_20251107_195242_0.1.csv
OOS Period (2024-07-02 14:41:00+00:00 to 2024-07-25 18:46:00+00:00): PnL: $0.00 | Sharpe: 0.0000 | Calmar: 0.0000 | Trades: 0

--- Window 70 Boundary Check ---
IS Period RTH Bars: 14666. Start: 2024-05-24 15:31:00+00:00 | End: 2024-07-25 18:46:00+00:00
OOS Start Bar Index: 422682 | Time: 2024-07-25 18:47:00+00:00
ADF Test Result: p-value=0.0723 (Required < 0.10) | OLS Beta: 0.5376
Filter OFF: Spread is stationary. Proceeding with optimization.
IS Optimization Time: 0.05 seconds.
Optimal Params (Sharpe=3.0239, Calmar=7.0868): Z_E=1.9, Z_X=0.3, Z_SL=3.6
📊 Persistence: Saved 9786 PnL points to wfa_outputs\oos_equity_curve_RCL_CUK_1m_20251107_195242_0.1.csv
OOS Period (2024-07-25 18:47:00+00:00 to 2024-08-16 16:33:00+00:00): PnL: $645.98 | Sharpe: 3.2067 | Calmar: 68.5313 | Trades: 820

--- Window 71 Boundary Check ---
IS Period RTH Bars: 14666. Start: 2024-06-20 14:39:00+00:00 | End: 2024-08-16 16:33:00+00:00
OOS Start Bar Index: 428532 | Time: 2024-08-16 16:34:00+00:00
ADF Test Result: p-value=0.3657 (Required < 0.10) | OLS Beta: 0.3993
Filter ON: Spread not stationary (p-value too high). Skipping optimization and OOS test.

--- Window 72 Boundary Check ---
IS Period RTH Bars: 14666. Start: 2024-07-15 17:40:00+00:00 | End: 2024-09-11 15:05:00+00:00
OOS Start Bar Index: 434382 | Time: 2024-09-11 15:06:00+00:00
ADF Test Result: p-value=0.3705 (Required < 0.10) | OLS Beta: 0.4038
Filter ON: Spread not stationary (p-value too high). Skipping optimization and OOS test.

--- Window 73 Boundary Check ---
IS Period RTH Bars: 14666. Start: 2024-08-06 17:04:00+00:00 | End: 2024-10-03 16:25:00+00:00
OOS Start Bar Index: 440232 | Time: 2024-10-03 16:26:00+00:00
ADF Test Result: p-value=0.2777 (Required < 0.10) | OLS Beta: 0.6032
Filter ON: Spread not stationary (p-value too high). Skipping optimization and OOS test.

--- Window 74 Boundary Check ---
IS Period RTH Bars: 14666. Start: 2024-08-28 18:28:00+00:00 | End: 2024-10-28 13:34:00+00:00
OOS Start Bar Index: 446082 | Time: 2024-10-28 13:35:00+00:00
ADF Test Result: p-value=0.1766 (Required < 0.10) | OLS Beta: 0.8236
Filter ON: Spread not stationary (p-value too high). Skipping optimization and OOS test.

--- Window 75 Boundary Check ---
IS Period RTH Bars: 14666. Start: 2024-09-23 14:50:00+00:00 | End: 2024-11-19 15:20:00+00:00
OOS Start Bar Index: 451932 | Time: 2024-11-19 15:21:00+00:00
ADF Test Result: p-value=0.0175 (Required < 0.10) | OLS Beta: 0.8802
Filter OFF: Spread is stationary. Proceeding with optimization.
IS Optimization Time: 0.05 seconds.
Optimal Params (Sharpe=2.5855, Calmar=12.5267): Z_E=2.3, Z_X=1.1, Z_SL=3.6
📊 Persistence: Saved 9788 PnL points to wfa_outputs\oos_equity_curve_RCL_CUK_1m_20251107_195242_0.1.csv
OOS Period (2024-11-19 15:21:00+00:00 to 2024-12-13 19:16:00+00:00): PnL: $272.11 | Sharpe: 5.7854 | Calmar: 0.0000 | Trades: 2

--- Window 76 Boundary Check ---
IS Period RTH Bars: 14666. Start: 2024-10-15 16:17:00+00:00 | End: 2024-12-13 19:16:00+00:00
OOS Start Bar Index: 457782 | Time: 2024-12-13 19:17:00+00:00
ADF Test Result: p-value=0.0066 (Required < 0.10) | OLS Beta: 1.0371
Filter OFF: Spread is stationary. Proceeding with optimization.
IS Optimization Time: 0.05 seconds.
Optimal Params (Sharpe=4.4957, Calmar=15.2637): Z_E=3.1, Z_X=0.5, Z_SL=3.3
📊 Persistence: Saved 9922 PnL points to wfa_outputs\oos_equity_curve_RCL_CUK_1m_20251107_195242_0.1.csv
OOS Period (2024-12-13 19:17:00+00:00 to 2024-12-27 20:59:00+00:00): PnL: $-4.45 | Sharpe: -0.1527 | Calmar: -0.5986 | Trades: 134

############################################################
📈 OVERALL SIMULATION PERFORMANCE (Walk-Forward Test)
############################################################
Timeframe Used: 1Min, Value: 1
ADF Cointegration Filter Threshold: 0.1
Total OOS Windows Tested: 76
Total Trades Executed: 9922
--- Final Performance Metrics ---
Total PnL: $982.91
Overall Sharpe Ratio (Annualized): 0.1444
Overall Calmar Ratio (Annualized): 0.0246
Maximum Dollar Drawdown (MDD): $1,564.69

--- Execution Time ---
Total Elapsed Time: 94.85 seconds
############################################################
[0m