--- Dynamic Timeframe Configuration ---
TimeFrame Selected: 1Min, Value: 1
Bars per Trading Day: 390
Annualization Factor (Bars/Year): 98280
Statistical Lookback Bars: 2184
Optimization Lookback Bars: 19032
---------------------------------------
--- Diagnostic Check ---
API Key ID Length: 26
API Secret Key Length: 44
StockHistoricalDataClient initialized successfully. Starting data fetch...
--------------------------
Pre-compiling Numba function for first run optimization...
Numba pre-compilation complete.
Fetching data from 2020-01-08 to 2025-01-06...
Fetching 1Min data for MRK...
Fetching 1Min data for JNJ...
Data acquired successfully. Total 1Min RTH bars: 486597
Skipping full pre-calculation. Metrics will be calculated inside the WFA loop.

============================================================
📈 Starting Rolling Backtest: IS Optimization Window=19032 bars, Shift=15 days
   Data already processed with Statistical Rolling Window: 2184 bars
   ADF Cointegration Filter: p-value < 0.05
============================================================

--- Window 1 Boundary Check ---
IS Period RTH Bars: 14666. Start: 2020-01-24 15:47:00+00:00 | End: 2020-03-18 19:41:00+00:00
OOS Start Bar Index: 19032 | Time: 2020-03-18 19:42:00+00:00
ADF Test Result: p-value=0.4357 (Required < 0.05) | OLS Beta: 0.8804
Filter ON: Spread not stationary (p-value too high). Skipping optimization and OOS test.

--- Window 2 Boundary Check ---
IS Period RTH Bars: 14666. Start: 2020-02-14 15:47:00+00:00 | End: 2020-04-08 19:41:00+00:00
OOS Start Bar Index: 24882 | Time: 2020-04-08 19:42:00+00:00
ADF Test Result: p-value=0.0060 (Required < 0.05) | OLS Beta: 0.7789
Filter OFF: Spread is stationary. Proceeding with optimization.
IS Optimization Time: 0.13 seconds.
Optimal Params (Sharpe=12.1452, Calmar=137.4780): Z_E=1.9, Z_X=1.5, Z_SL=3.6
📊 Persistence: Saved 9 PnL points to wfa_outputs\oos_equity_curve_MRK_JNJ_1m_20251108_110420_0.05.csv
OOS Period (2020-04-08 19:42:00+00:00 to 2020-04-30 19:41:00+00:00): PnL: $191.25 | Sharpe: 2.4392 | Calmar: 18.8844 | Trades: 9

--- Window 3 Boundary Check ---
IS Period RTH Bars: 14666. Start: 2020-03-09 15:02:00+00:00 | End: 2020-04-30 19:41:00+00:00
OOS Start Bar Index: 30732 | Time: 2020-04-30 19:42:00+00:00
ADF Test Result: p-value=0.0248 (Required < 0.05) | OLS Beta: 0.6592
Filter OFF: Spread is stationary. Proceeding with optimization.
IS Optimization Time: 0.13 seconds.
Optimal Params (Sharpe=7.9674, Calmar=85.9668): Z_E=1.9, Z_X=0.7, Z_SL=4.2
📊 Persistence: Saved 11 PnL points to wfa_outputs\oos_equity_curve_MRK_JNJ_1m_20251108_110420_0.05.csv
OOS Period (2020-04-30 19:42:00+00:00 to 2020-05-21 19:41:00+00:00): PnL: $166.56 | Sharpe: 3.3189 | Calmar: 92.4425 | Trades: 2

--- Window 4 Boundary Check ---
IS Period RTH Bars: 14666. Start: 2020-03-30 15:46:00+00:00 | End: 2020-05-21 19:41:00+00:00
OOS Start Bar Index: 36582 | Time: 2020-05-21 19:42:00+00:00
ADF Test Result: p-value=0.2351 (Required < 0.05) | OLS Beta: 0.3367
Filter ON: Spread not stationary (p-value too high). Skipping optimization and OOS test.

--- Window 5 Boundary Check ---
IS Period RTH Bars: 14666. Start: 2020-04-21 15:46:00+00:00 | End: 2020-06-12 19:41:00+00:00
OOS Start Bar Index: 42432 | Time: 2020-06-12 19:42:00+00:00
ADF Test Result: p-value=0.2877 (Required < 0.05) | OLS Beta: 0.7346
Filter ON: Spread not stationary (p-value too high). Skipping optimization and OOS test.

--- Window 6 Boundary Check ---
IS Period RTH Bars: 14666. Start: 2020-05-12 15:46:00+00:00 | End: 2020-07-06 19:41:00+00:00
OOS Start Bar Index: 48282 | Time: 2020-07-06 19:42:00+00:00
ADF Test Result: p-value=0.4380 (Required < 0.05) | OLS Beta: 0.6991
Filter ON: Spread not stationary (p-value too high). Skipping optimization and OOS test.

--- Window 7 Boundary Check ---
IS Period RTH Bars: 14666. Start: 2020-06-03 15:46:00+00:00 | End: 2020-07-27 19:42:00+00:00
OOS Start Bar Index: 54132 | Time: 2020-07-27 19:43:00+00:00
ADF Test Result: p-value=0.2600 (Required < 0.05) | OLS Beta: 0.6678
Filter ON: Spread not stationary (p-value too high). Skipping optimization and OOS test.

--- Window 8 Boundary Check ---
IS Period RTH Bars: 14666. Start: 2020-06-24 15:46:00+00:00 | End: 2020-08-17 19:42:00+00:00
OOS Start Bar Index: 59982 | Time: 2020-08-17 19:43:00+00:00
ADF Test Result: p-value=0.8552 (Required < 0.05) | OLS Beta: 0.7350
Filter ON: Spread not stationary (p-value too high). Skipping optimization and OOS test.

--- Window 9 Boundary Check ---
IS Period RTH Bars: 14666. Start: 2020-07-16 15:47:00+00:00 | End: 2020-09-08 19:42:00+00:00
OOS Start Bar Index: 65832 | Time: 2020-09-08 19:43:00+00:00
ADF Test Result: p-value=0.5856 (Required < 0.05) | OLS Beta: 1.4226
Filter ON: Spread not stationary (p-value too high). Skipping optimization and OOS test.

--- Window 10 Boundary Check ---
IS Period RTH Bars: 14666. Start: 2020-08-06 15:47:00+00:00 | End: 2020-09-29 19:44:00+00:00
OOS Start Bar Index: 71682 | Time: 2020-09-29 19:45:00+00:00
ADF Test Result: p-value=0.1793 (Required < 0.05) | OLS Beta: 0.6742
Filter ON: Spread not stationary (p-value too high). Skipping optimization and OOS test.

--- Window 11 Boundary Check ---
IS Period RTH Bars: 14666. Start: 2020-08-27 15:47:00+00:00 | End: 2020-10-20 19:46:00+00:00
OOS Start Bar Index: 77532 | Time: 2020-10-20 19:47:00+00:00
ADF Test Result: p-value=0.8238 (Required < 0.05) | OLS Beta: 0.6044
Filter ON: Spread not stationary (p-value too high). Skipping optimization and OOS test.

--- Window 12 Boundary Check ---
IS Period RTH Bars: 14666. Start: 2020-09-18 15:48:00+00:00 | End: 2020-11-10 20:46:00+00:00
OOS Start Bar Index: 83382 | Time: 2020-11-10 20:47:00+00:00
ADF Test Result: p-value=0.1077 (Required < 0.05) | OLS Beta: 0.6629
Filter ON: Spread not stationary (p-value too high). Skipping optimization and OOS test.

--- Window 13 Boundary Check ---
IS Period RTH Bars: 14666. Start: 2020-10-09 15:51:00+00:00 | End: 2020-12-03 17:16:00+00:00
OOS Start Bar Index: 89232 | Time: 2020-12-03 17:17:00+00:00
ADF Test Result: p-value=0.0639 (Required < 0.05) | OLS Beta: 0.5818
Filter ON: Spread not stationary (p-value too high). Skipping optimization and OOS test.

--- Window 14 Boundary Check ---
IS Period RTH Bars: 14666. Start: 2020-10-30 15:51:00+00:00 | End: 2020-12-24 17:19:00+00:00
OOS Start Bar Index: 95082 | Time: 2020-12-24 17:20:00+00:00
ADF Test Result: p-value=0.0173 (Required < 0.05) | OLS Beta: 0.3988
Filter OFF: Spread is stationary. Proceeding with optimization.
IS Optimization Time: 0.13 seconds.
Optimal Params (Sharpe=-0.2964, Calmar=-1.0030): Z_E=2.7, Z_X=0.3, Z_SL=3.6
📊 Persistence: Saved 11 PnL points to wfa_outputs\oos_equity_curve_MRK_JNJ_1m_20251108_110420_0.05.csv
OOS Period (2020-12-24 17:20:00+00:00 to 2021-01-19 20:17:00+00:00): PnL: $0.00 | Sharpe: 0.0000 | Calmar: 0.0000 | Trades: 0

--- Window 15 Boundary Check ---
IS Period RTH Bars: 14666. Start: 2020-11-20 16:52:00+00:00 | End: 2021-01-19 20:17:00+00:00
OOS Start Bar Index: 100932 | Time: 2021-01-19 20:18:00+00:00
ADF Test Result: p-value=0.1990 (Required < 0.05) | OLS Beta: 0.3677
Filter ON: Spread not stationary (p-value too high). Skipping optimization and OOS test.

--- Window 16 Boundary Check ---
IS Period RTH Bars: 14666. Start: 2020-12-14 19:54:00+00:00 | End: 2021-02-09 20:18:00+00:00
OOS Start Bar Index: 106782 | Time: 2021-02-09 20:19:00+00:00
ADF Test Result: p-value=0.8176 (Required < 0.05) | OLS Beta: -0.2006
Filter ON: Spread not stationary (p-value too high). Skipping optimization and OOS test.

--- Window 17 Boundary Check ---
IS Period RTH Bars: 14666. Start: 2021-01-07 16:22:00+00:00 | End: 2021-03-03 20:18:00+00:00
OOS Start Bar Index: 112632 | Time: 2021-03-03 20:19:00+00:00
ADF Test Result: p-value=0.7618 (Required < 0.05) | OLS Beta: -0.5768
Filter ON: Spread not stationary (p-value too high). Skipping optimization and OOS test.

--- Window 18 Boundary Check ---
IS Period RTH Bars: 14666. Start: 2021-01-29 16:22:00+00:00 | End: 2021-03-24 19:19:00+00:00
OOS Start Bar Index: 118482 | Time: 2021-03-24 19:20:00+00:00
ADF Test Result: p-value=0.5353 (Required < 0.05) | OLS Beta: 0.3406
Filter ON: Spread not stationary (p-value too high). Skipping optimization and OOS test.

--- Window 19 Boundary Check ---
IS Period RTH Bars: 14666. Start: 2021-02-22 16:23:00+00:00 | End: 2021-04-15 19:19:00+00:00
OOS Start Bar Index: 124332 | Time: 2021-04-15 19:20:00+00:00
ADF Test Result: p-value=0.3288 (Required < 0.05) | OLS Beta: 0.9739
Filter ON: Spread not stationary (p-value too high). Skipping optimization and OOS test.

--- Window 20 Boundary Check ---
IS Period RTH Bars: 14666. Start: 2021-03-15 15:24:00+00:00 | End: 2021-05-07 19:25:00+00:00
OOS Start Bar Index: 130182 | Time: 2021-05-07 19:26:00+00:00
ADF Test Result: p-value=0.1577 (Required < 0.05) | OLS Beta: 0.3324
Filter ON: Spread not stationary (p-value too high). Skipping optimization and OOS test.

--- Window 21 Boundary Check ---
IS Period RTH Bars: 14666. Start: 2021-04-06 15:24:00+00:00 | End: 2021-05-28 19:27:00+00:00
OOS Start Bar Index: 136032 | Time: 2021-05-28 19:28:00+00:00
ADF Test Result: p-value=0.3651 (Required < 0.05) | OLS Beta: 0.5217
Filter ON: Spread not stationary (p-value too high). Skipping optimization and OOS test.

--- Window 22 Boundary Check ---
IS Period RTH Bars: 14666. Start: 2021-04-28 15:25:00+00:00 | End: 2021-06-21 19:27:00+00:00
OOS Start Bar Index: 141882 | Time: 2021-06-21 19:28:00+00:00
ADF Test Result: p-value=0.1984 (Required < 0.05) | OLS Beta: 1.0649
Filter ON: Spread not stationary (p-value too high). Skipping optimization and OOS test.

--- Window 23 Boundary Check ---
IS Period RTH Bars: 14666. Start: 2021-05-19 15:31:00+00:00 | End: 2021-07-13 19:32:00+00:00
OOS Start Bar Index: 147732 | Time: 2021-07-13 19:33:00+00:00
ADF Test Result: p-value=0.5880 (Required < 0.05) | OLS Beta: 0.6969
Filter ON: Spread not stationary (p-value too high). Skipping optimization and OOS test.

--- Window 24 Boundary Check ---
IS Period RTH Bars: 14666. Start: 2021-06-10 15:32:00+00:00 | End: 2021-08-03 19:37:00+00:00
OOS Start Bar Index: 153582 | Time: 2021-08-03 19:38:00+00:00
ADF Test Result: p-value=0.1254 (Required < 0.05) | OLS Beta: 0.2376
Filter ON: Spread not stationary (p-value too high). Skipping optimization and OOS test.

--- Window 25 Boundary Check ---
IS Period RTH Bars: 14666. Start: 2021-07-01 15:36:00+00:00 | End: 2021-08-24 19:37:00+00:00
OOS Start Bar Index: 159432 | Time: 2021-08-24 19:38:00+00:00
ADF Test Result: p-value=0.3679 (Required < 0.05) | OLS Beta: 0.0614
Filter ON: Spread not stationary (p-value too high). Skipping optimization and OOS test.

--- Window 26 Boundary Check ---
IS Period RTH Bars: 14666. Start: 2021-07-23 15:40:00+00:00 | End: 2021-09-15 19:38:00+00:00
OOS Start Bar Index: 165282 | Time: 2021-09-15 19:39:00+00:00
ADF Test Result: p-value=0.1944 (Required < 0.05) | OLS Beta: 0.9240
Filter ON: Spread not stationary (p-value too high). Skipping optimization and OOS test.

--- Window 27 Boundary Check ---
IS Period RTH Bars: 14666. Start: 2021-08-13 15:42:00+00:00 | End: 2021-10-06 19:38:00+00:00
OOS Start Bar Index: 171132 | Time: 2021-10-06 19:39:00+00:00
ADF Test Result: p-value=0.7897 (Required < 0.05) | OLS Beta: 0.1185
Filter ON: Spread not stationary (p-value too high). Skipping optimization and OOS test.

--- Window 28 Boundary Check ---
IS Period RTH Bars: 14666. Start: 2021-09-03 15:42:00+00:00 | End: 2021-10-28 19:38:00+00:00
OOS Start Bar Index: 176982 | Time: 2021-10-28 19:39:00+00:00
ADF Test Result: p-value=0.6061 (Required < 0.05) | OLS Beta: -1.1896
Filter ON: Spread not stationary (p-value too high). Skipping optimization and OOS test.

--- Window 29 Boundary Check ---
IS Period RTH Bars: 14666. Start: 2021-09-27 15:43:00+00:00 | End: 2021-11-18 20:38:00+00:00
OOS Start Bar Index: 182832 | Time: 2021-11-18 20:39:00+00:00
ADF Test Result: p-value=0.1147 (Required < 0.05) | OLS Beta: 1.1158
Filter ON: Spread not stationary (p-value too high). Skipping optimization and OOS test.

--- Window 30 Boundary Check ---
IS Period RTH Bars: 14666. Start: 2021-10-18 15:43:00+00:00 | End: 2021-12-13 16:55:00+00:00
OOS Start Bar Index: 188682 | Time: 2021-12-13 16:56:00+00:00
ADF Test Result: p-value=0.9179 (Required < 0.05) | OLS Beta: 0.9011
Filter ON: Spread not stationary (p-value too high). Skipping optimization and OOS test.

--- Window 31 Boundary Check ---
IS Period RTH Bars: 14666. Start: 2021-11-09 16:43:00+00:00 | End: 2022-01-04 16:56:00+00:00
OOS Start Bar Index: 194532 | Time: 2022-01-04 16:57:00+00:00
ADF Test Result: p-value=0.6162 (Required < 0.05) | OLS Beta: -0.3181
Filter ON: Spread not stationary (p-value too high). Skipping optimization and OOS test.

--- Window 32 Boundary Check ---
IS Period RTH Bars: 14666. Start: 2021-12-01 19:29:00+00:00 | End: 2022-01-27 15:41:00+00:00
OOS Start Bar Index: 200382 | Time: 2022-01-27 15:42:00+00:00
ADF Test Result: p-value=0.7578 (Required < 0.05) | OLS Beta: 0.9561
Filter ON: Spread not stationary (p-value too high). Skipping optimization and OOS test.

--- Window 33 Boundary Check ---
IS Period RTH Bars: 14666. Start: 2021-12-22 19:30:00+00:00 | End: 2022-02-17 15:46:00+00:00
OOS Start Bar Index: 206232 | Time: 2022-02-17 15:47:00+00:00
ADF Test Result: p-value=0.4118 (Required < 0.05) | OLS Beta: 0.1043
Filter ON: Spread not stationary (p-value too high). Skipping optimization and OOS test.

--- Window 34 Boundary Check ---
IS Period RTH Bars: 14666. Start: 2022-01-13 19:31:00+00:00 | End: 2022-03-14 14:53:00+00:00
OOS Start Bar Index: 212082 | Time: 2022-03-14 14:54:00+00:00
ADF Test Result: p-value=0.3458 (Required < 0.05) | OLS Beta: 0.6614
Filter ON: Spread not stationary (p-value too high). Skipping optimization and OOS test.

--- Window 35 Boundary Check ---
IS Period RTH Bars: 14666. Start: 2022-02-07 18:16:00+00:00 | End: 2022-04-04 14:56:00+00:00
OOS Start Bar Index: 217932 | Time: 2022-04-04 14:57:00+00:00
ADF Test Result: p-value=0.4717 (Required < 0.05) | OLS Beta: 0.8649
Filter ON: Spread not stationary (p-value too high). Skipping optimization and OOS test.

--- Window 36 Boundary Check ---
IS Period RTH Bars: 14666. Start: 2022-03-01 18:24:00+00:00 | End: 2022-04-26 14:56:00+00:00
OOS Start Bar Index: 223782 | Time: 2022-04-26 14:57:00+00:00
ADF Test Result: p-value=0.0441 (Required < 0.05) | OLS Beta: 1.4722
Filter OFF: Spread is stationary. Proceeding with optimization.
IS Optimization Time: 0.13 seconds.
Optimal Params (Sharpe=4.8035, Calmar=32.0382): Z_E=3.1, Z_X=0.3, Z_SL=3.9
📊 Persistence: Saved 1248 PnL points to wfa_outputs\oos_equity_curve_MRK_JNJ_1m_20251108_110420_0.05.csv
OOS Period (2022-04-26 14:57:00+00:00 to 2022-05-17 14:56:00+00:00): PnL: $-249.05 | Sharpe: -7.5639 | Calmar: -13.7828 | Trades: 1237

--- Window 37 Boundary Check ---
IS Period RTH Bars: 14666. Start: 2022-03-23 17:30:00+00:00 | End: 2022-05-17 14:56:00+00:00
OOS Start Bar Index: 229632 | Time: 2022-05-17 14:57:00+00:00
ADF Test Result: p-value=0.8517 (Required < 0.05) | OLS Beta: 0.2711
Filter ON: Spread not stationary (p-value too high). Skipping optimization and OOS test.

--- Window 38 Boundary Check ---
IS Period RTH Bars: 14666. Start: 2022-04-13 17:31:00+00:00 | End: 2022-06-08 14:56:00+00:00
OOS Start Bar Index: 235482 | Time: 2022-06-08 14:57:00+00:00
ADF Test Result: p-value=0.1123 (Required < 0.05) | OLS Beta: -0.8023
Filter ON: Spread not stationary (p-value too high). Skipping optimization and OOS test.

--- Window 39 Boundary Check ---
IS Period RTH Bars: 14666. Start: 2022-05-05 17:31:00+00:00 | End: 2022-06-30 14:56:00+00:00
OOS Start Bar Index: 241332 | Time: 2022-06-30 14:57:00+00:00
ADF Test Result: p-value=0.1395 (Required < 0.05) | OLS Beta: 1.4085
Filter ON: Spread not stationary (p-value too high). Skipping optimization and OOS test.

--- Window 40 Boundary Check ---
IS Period RTH Bars: 14666. Start: 2022-05-26 17:31:00+00:00 | End: 2022-07-22 14:57:00+00:00
OOS Start Bar Index: 247182 | Time: 2022-07-22 14:58:00+00:00
ADF Test Result: p-value=0.4917 (Required < 0.05) | OLS Beta: 1.3001
Filter ON: Spread not stationary (p-value too high). Skipping optimization and OOS test.

--- Window 41 Boundary Check ---
IS Period RTH Bars: 14666. Start: 2022-06-17 17:31:00+00:00 | End: 2022-08-12 14:57:00+00:00
OOS Start Bar Index: 253032 | Time: 2022-08-12 14:58:00+00:00
ADF Test Result: p-value=0.0849 (Required < 0.05) | OLS Beta: 0.9253
Filter ON: Spread not stationary (p-value too high). Skipping optimization and OOS test.

--- Window 42 Boundary Check ---
IS Period RTH Bars: 14666. Start: 2022-07-12 17:32:00+00:00 | End: 2022-09-02 14:59:00+00:00
OOS Start Bar Index: 258882 | Time: 2022-09-02 15:00:00+00:00
ADF Test Result: p-value=0.4012 (Required < 0.05) | OLS Beta: 0.5022
Filter ON: Spread not stationary (p-value too high). Skipping optimization and OOS test.

--- Window 43 Boundary Check ---
IS Period RTH Bars: 14666. Start: 2022-08-02 17:32:00+00:00 | End: 2022-09-26 15:00:00+00:00
OOS Start Bar Index: 264732 | Time: 2022-09-26 15:01:00+00:00
ADF Test Result: p-value=0.3467 (Required < 0.05) | OLS Beta: 0.3258
Filter ON: Spread not stationary (p-value too high). Skipping optimization and OOS test.

--- Window 44 Boundary Check ---
IS Period RTH Bars: 14666. Start: 2022-08-23 17:32:00+00:00 | End: 2022-10-17 15:01:00+00:00
OOS Start Bar Index: 270582 | Time: 2022-10-17 15:02:00+00:00
ADF Test Result: p-value=0.5926 (Required < 0.05) | OLS Beta: -0.1210
Filter ON: Spread not stationary (p-value too high). Skipping optimization and OOS test.

--- Window 45 Boundary Check ---
IS Period RTH Bars: 14666. Start: 2022-09-14 17:34:00+00:00 | End: 2022-11-07 16:01:00+00:00
OOS Start Bar Index: 276432 | Time: 2022-11-07 16:02:00+00:00
ADF Test Result: p-value=0.4307 (Required < 0.05) | OLS Beta: 2.0406
Filter ON: Spread not stationary (p-value too high). Skipping optimization and OOS test.

--- Window 46 Boundary Check ---
IS Period RTH Bars: 14666. Start: 2022-10-05 17:36:00+00:00 | End: 2022-11-29 18:59:00+00:00
OOS Start Bar Index: 282282 | Time: 2022-11-29 19:00:00+00:00
ADF Test Result: p-value=0.0005 (Required < 0.05) | OLS Beta: 1.8043
Filter OFF: Spread is stationary. Proceeding with optimization.
IS Optimization Time: 0.12 seconds.
Optimal Params (Sharpe=6.6677, Calmar=73.8821): Z_E=2.7, Z_X=0.5, Z_SL=4.2
📊 Persistence: Saved 1266 PnL points to wfa_outputs\oos_equity_curve_MRK_JNJ_1m_20251108_110420_0.05.csv
OOS Period (2022-11-29 19:00:00+00:00 to 2022-12-20 18:59:00+00:00): PnL: $78.14 | Sharpe: 2.2125 | Calmar: 19.2334 | Trades: 18

--- Window 47 Boundary Check ---
IS Period RTH Bars: 14666. Start: 2022-10-26 17:36:00+00:00 | End: 2022-12-20 18:59:00+00:00
OOS Start Bar Index: 288132 | Time: 2022-12-20 19:00:00+00:00
ADF Test Result: p-value=0.0294 (Required < 0.05) | OLS Beta: 2.2836
Filter OFF: Spread is stationary. Proceeding with optimization.
IS Optimization Time: 0.13 seconds.
Optimal Params (Sharpe=6.0746, Calmar=87.1042): Z_E=2.7, Z_X=0.3, Z_SL=3.9
📊 Persistence: Saved 1538 PnL points to wfa_outputs\oos_equity_curve_MRK_JNJ_1m_20251108_110420_0.05.csv
OOS Period (2022-12-20 19:00:00+00:00 to 2023-01-12 19:00:00+00:00): PnL: $-6.19 | Sharpe: -0.1714 | Calmar: -0.6706 | Trades: 272

--- Window 48 Boundary Check ---
IS Period RTH Bars: 14666. Start: 2022-11-16 18:36:00+00:00 | End: 2023-01-12 19:00:00+00:00
OOS Start Bar Index: 293982 | Time: 2023-01-12 19:01:00+00:00
ADF Test Result: p-value=0.2269 (Required < 0.05) | OLS Beta: 1.5599
Filter ON: Spread not stationary (p-value too high). Skipping optimization and OOS test.

--- Window 49 Boundary Check ---
IS Period RTH Bars: 14666. Start: 2022-12-09 15:04:00+00:00 | End: 2023-02-03 19:00:00+00:00
OOS Start Bar Index: 299832 | Time: 2023-02-03 19:01:00+00:00
ADF Test Result: p-value=0.5225 (Required < 0.05) | OLS Beta: 0.5964
Filter ON: Spread not stationary (p-value too high). Skipping optimization and OOS test.

--- Window 50 Boundary Check ---
IS Period RTH Bars: 14666. Start: 2023-01-03 15:04:00+00:00 | End: 2023-02-27 19:01:00+00:00
OOS Start Bar Index: 305682 | Time: 2023-02-27 19:02:00+00:00
ADF Test Result: p-value=0.5802 (Required < 0.05) | OLS Beta: 0.3613
Filter ON: Spread not stationary (p-value too high). Skipping optimization and OOS test.

--- Window 51 Boundary Check ---
IS Period RTH Bars: 14666. Start: 2023-01-25 15:05:00+00:00 | End: 2023-03-20 18:01:00+00:00
OOS Start Bar Index: 311532 | Time: 2023-03-20 18:02:00+00:00
ADF Test Result: p-value=0.0289 (Required < 0.05) | OLS Beta: -0.1796
Filter OFF: Spread is stationary. Proceeding with optimization.
IS Optimization Time: 0.12 seconds.
Optimal Params (Sharpe=3.5495, Calmar=22.1878): Z_E=3.3, Z_X=0.3, Z_SL=3.6
📊 Persistence: Saved 1780 PnL points to wfa_outputs\oos_equity_curve_MRK_JNJ_1m_20251108_110420_0.05.csv
OOS Period (2023-03-20 18:02:00+00:00 to 2023-04-11 18:02:00+00:00): PnL: $-271.06 | Sharpe: -6.9791 | Calmar: -12.7453 | Trades: 242

--- Window 52 Boundary Check ---
IS Period RTH Bars: 14666. Start: 2023-02-15 15:06:00+00:00 | End: 2023-04-11 18:02:00+00:00
OOS Start Bar Index: 317382 | Time: 2023-04-11 18:03:00+00:00
ADF Test Result: p-value=0.0094 (Required < 0.05) | OLS Beta: 0.7054
Filter OFF: Spread is stationary. Proceeding with optimization.
IS Optimization Time: 0.14 seconds.
Optimal Params (Sharpe=4.7651, Calmar=909.5690): Z_E=3.3, Z_X=0.3, Z_SL=3.6
📊 Persistence: Saved 1881 PnL points to wfa_outputs\oos_equity_curve_MRK_JNJ_1m_20251108_110420_0.05.csv
OOS Period (2023-04-11 18:03:00+00:00 to 2023-05-02 18:03:00+00:00): PnL: $128.73 | Sharpe: 2.2912 | Calmar: 29.5134 | Trades: 101

--- Window 53 Boundary Check ---
IS Period RTH Bars: 14666. Start: 2023-03-09 15:06:00+00:00 | End: 2023-05-02 18:03:00+00:00
OOS Start Bar Index: 323232 | Time: 2023-05-02 18:04:00+00:00
ADF Test Result: p-value=0.0207 (Required < 0.05) | OLS Beta: 1.0778
Filter OFF: Spread is stationary. Proceeding with optimization.
IS Optimization Time: 0.13 seconds.
Optimal Params (Sharpe=7.1753, Calmar=0.0000): Z_E=2.7, Z_X=1.5, Z_SL=3.9
📊 Persistence: Saved 1944 PnL points to wfa_outputs\oos_equity_curve_MRK_JNJ_1m_20251108_110420_0.05.csv
OOS Period (2023-05-02 18:04:00+00:00 to 2023-05-23 18:07:00+00:00): PnL: $-39.98 | Sharpe: -1.4602 | Calmar: -5.3271 | Trades: 63

--- Window 54 Boundary Check ---
IS Period RTH Bars: 14666. Start: 2023-03-30 14:06:00+00:00 | End: 2023-05-23 18:07:00+00:00
OOS Start Bar Index: 329082 | Time: 2023-05-23 18:08:00+00:00
ADF Test Result: p-value=0.2713 (Required < 0.05) | OLS Beta: 0.7556
Filter ON: Spread not stationary (p-value too high). Skipping optimization and OOS test.

--- Window 55 Boundary Check ---
IS Period RTH Bars: 14666. Start: 2023-04-21 14:07:00+00:00 | End: 2023-06-14 18:14:00+00:00
OOS Start Bar Index: 334932 | Time: 2023-06-14 18:15:00+00:00
ADF Test Result: p-value=0.9140 (Required < 0.05) | OLS Beta: 0.8091
Filter ON: Spread not stationary (p-value too high). Skipping optimization and OOS test.

--- Window 56 Boundary Check ---
IS Period RTH Bars: 14666. Start: 2023-05-12 14:08:00+00:00 | End: 2023-07-10 14:49:00+00:00
OOS Start Bar Index: 340782 | Time: 2023-07-10 14:50:00+00:00
ADF Test Result: p-value=0.1556 (Required < 0.05) | OLS Beta: 0.1740
Filter ON: Spread not stationary (p-value too high). Skipping optimization and OOS test.

--- Window 57 Boundary Check ---
IS Period RTH Bars: 14666. Start: 2023-06-05 14:18:00+00:00 | End: 2023-07-31 14:53:00+00:00
OOS Start Bar Index: 346632 | Time: 2023-07-31 14:54:00+00:00
ADF Test Result: p-value=0.5572 (Required < 0.05) | OLS Beta: -0.0304
Filter ON: Spread not stationary (p-value too high). Skipping optimization and OOS test.

--- Window 58 Boundary Check ---
IS Period RTH Bars: 14666. Start: 2023-06-27 14:24:00+00:00 | End: 2023-08-21 14:53:00+00:00
OOS Start Bar Index: 352482 | Time: 2023-08-21 14:54:00+00:00
ADF Test Result: p-value=0.3060 (Required < 0.05) | OLS Beta: -0.1966
Filter ON: Spread not stationary (p-value too high). Skipping optimization and OOS test.

--- Window 59 Boundary Check ---
IS Period RTH Bars: 14666. Start: 2023-07-19 17:24:00+00:00 | End: 2023-09-12 14:55:00+00:00
OOS Start Bar Index: 358332 | Time: 2023-09-12 14:56:00+00:00
ADF Test Result: p-value=0.0274 (Required < 0.05) | OLS Beta: -0.1715
Filter OFF: Spread is stationary. Proceeding with optimization.
IS Optimization Time: 0.12 seconds.
Optimal Params (Sharpe=6.3258, Calmar=136.4025): Z_E=2.7, Z_X=1.3, Z_SL=3.3
📊 Persistence: Saved 2323 PnL points to wfa_outputs\oos_equity_curve_MRK_JNJ_1m_20251108_110420_0.05.csv
OOS Period (2023-09-12 14:56:00+00:00 to 2023-10-03 14:59:00+00:00): PnL: $-83.99 | Sharpe: -3.6088 | Calmar: -12.4359 | Trades: 379

--- Window 60 Boundary Check ---
IS Period RTH Bars: 14666. Start: 2023-08-09 17:28:00+00:00 | End: 2023-10-03 14:59:00+00:00
OOS Start Bar Index: 364182 | Time: 2023-10-03 15:00:00+00:00
ADF Test Result: p-value=0.3518 (Required < 0.05) | OLS Beta: 0.2994
Filter ON: Spread not stationary (p-value too high). Skipping optimization and OOS test.

--- Window 61 Boundary Check ---
IS Period RTH Bars: 14666. Start: 2023-08-30 17:30:00+00:00 | End: 2023-10-24 14:59:00+00:00
OOS Start Bar Index: 370032 | Time: 2023-10-24 15:00:00+00:00
ADF Test Result: p-value=0.2733 (Required < 0.05) | OLS Beta: 0.9416
Filter ON: Spread not stationary (p-value too high). Skipping optimization and OOS test.

--- Window 62 Boundary Check ---
IS Period RTH Bars: 14666. Start: 2023-09-21 17:34:00+00:00 | End: 2023-11-14 16:01:00+00:00
OOS Start Bar Index: 375882 | Time: 2023-11-14 16:02:00+00:00
ADF Test Result: p-value=0.0141 (Required < 0.05) | OLS Beta: 0.2391
Filter OFF: Spread is stationary. Proceeding with optimization.
IS Optimization Time: 0.12 seconds.
Optimal Params (Sharpe=5.2593, Calmar=21.5151): Z_E=2.9, Z_X=1.5, Z_SL=3.9
📊 Persistence: Saved 2324 PnL points to wfa_outputs\oos_equity_curve_MRK_JNJ_1m_20251108_110420_0.05.csv
OOS Period (2023-11-14 16:02:00+00:00 to 2023-12-06 18:58:00+00:00): PnL: $141.44 | Sharpe: 4.0991 | Calmar: 0.0000 | Trades: 1

--- Window 63 Boundary Check ---
IS Period RTH Bars: 14666. Start: 2023-10-12 17:34:00+00:00 | End: 2023-12-06 18:58:00+00:00
OOS Start Bar Index: 381732 | Time: 2023-12-06 18:59:00+00:00
ADF Test Result: p-value=0.1619 (Required < 0.05) | OLS Beta: 0.2352
Filter ON: Spread not stationary (p-value too high). Skipping optimization and OOS test.

--- Window 64 Boundary Check ---
IS Period RTH Bars: 14666. Start: 2023-11-02 17:35:00+00:00 | End: 2023-12-28 19:00:00+00:00
OOS Start Bar Index: 387582 | Time: 2023-12-28 19:01:00+00:00
ADF Test Result: p-value=0.8525 (Required < 0.05) | OLS Beta: 0.6839
Filter ON: Spread not stationary (p-value too high). Skipping optimization and OOS test.

--- Window 65 Boundary Check ---
IS Period RTH Bars: 14666. Start: 2023-11-27 15:03:00+00:00 | End: 2024-01-22 19:00:00+00:00
OOS Start Bar Index: 393432 | Time: 2024-01-22 19:01:00+00:00
ADF Test Result: p-value=0.1038 (Required < 0.05) | OLS Beta: 2.6984
Filter ON: Spread not stationary (p-value too high). Skipping optimization and OOS test.

--- Window 66 Boundary Check ---
IS Period RTH Bars: 14666. Start: 2023-12-18 15:05:00+00:00 | End: 2024-02-12 19:00:00+00:00
OOS Start Bar Index: 399282 | Time: 2024-02-12 19:01:00+00:00
ADF Test Result: p-value=0.8567 (Required < 0.05) | OLS Beta: 1.2967
Filter ON: Spread not stationary (p-value too high). Skipping optimization and OOS test.

--- Window 67 Boundary Check ---
IS Period RTH Bars: 14666. Start: 2024-01-10 15:05:00+00:00 | End: 2024-03-05 19:02:00+00:00
OOS Start Bar Index: 405132 | Time: 2024-03-05 19:03:00+00:00
ADF Test Result: p-value=0.5220 (Required < 0.05) | OLS Beta: -0.3854
Filter ON: Spread not stationary (p-value too high). Skipping optimization and OOS test.

--- Window 68 Boundary Check ---
IS Period RTH Bars: 14666. Start: 2024-02-01 15:05:00+00:00 | End: 2024-03-26 18:06:00+00:00
OOS Start Bar Index: 410982 | Time: 2024-03-26 18:07:00+00:00
ADF Test Result: p-value=0.4961 (Required < 0.05) | OLS Beta: 0.0173
Filter ON: Spread not stationary (p-value too high). Skipping optimization and OOS test.

--- Window 69 Boundary Check ---
IS Period RTH Bars: 14666. Start: 2024-02-23 15:07:00+00:00 | End: 2024-04-17 18:08:00+00:00
OOS Start Bar Index: 416832 | Time: 2024-04-17 18:09:00+00:00
ADF Test Result: p-value=0.3846 (Required < 0.05) | OLS Beta: -0.1427
Filter ON: Spread not stationary (p-value too high). Skipping optimization and OOS test.

--- Window 70 Boundary Check ---
IS Period RTH Bars: 14666. Start: 2024-03-15 14:09:00+00:00 | End: 2024-05-08 18:10:00+00:00
OOS Start Bar Index: 422682 | Time: 2024-05-08 18:11:00+00:00
ADF Test Result: p-value=0.1991 (Required < 0.05) | OLS Beta: -0.1335
Filter ON: Spread not stationary (p-value too high). Skipping optimization and OOS test.

--- Window 71 Boundary Check ---
IS Period RTH Bars: 14666. Start: 2024-04-08 14:11:00+00:00 | End: 2024-05-30 18:15:00+00:00
OOS Start Bar Index: 428532 | Time: 2024-05-30 18:16:00+00:00
ADF Test Result: p-value=0.0922 (Required < 0.05) | OLS Beta: 0.4693
Filter ON: Spread not stationary (p-value too high). Skipping optimization and OOS test.

--- Window 72 Boundary Check ---
IS Period RTH Bars: 14666. Start: 2024-04-29 14:14:00+00:00 | End: 2024-06-21 18:17:00+00:00
OOS Start Bar Index: 434382 | Time: 2024-06-21 18:18:00+00:00
ADF Test Result: p-value=0.0251 (Required < 0.05) | OLS Beta: 0.3696
Filter OFF: Spread is stationary. Proceeding with optimization.
IS Optimization Time: 0.12 seconds.
Optimal Params (Sharpe=4.5185, Calmar=29.2102): Z_E=2.5, Z_X=0.9, Z_SL=3.6
📊 Persistence: Saved 2345 PnL points to wfa_outputs\oos_equity_curve_MRK_JNJ_1m_20251108_110420_0.05.csv
OOS Period (2024-06-21 18:18:00+00:00 to 2024-07-16 14:48:00+00:00): PnL: $334.28 | Sharpe: 4.9548 | Calmar: 60.8026 | Trades: 21

--- Window 73 Boundary Check ---
IS Period RTH Bars: 14666. Start: 2024-05-20 14:19:00+00:00 | End: 2024-07-16 14:48:00+00:00
OOS Start Bar Index: 440232 | Time: 2024-07-16 14:49:00+00:00
ADF Test Result: p-value=0.1950 (Required < 0.05) | OLS Beta: 0.5157
Filter ON: Spread not stationary (p-value too high). Skipping optimization and OOS test.

--- Window 74 Boundary Check ---
IS Period RTH Bars: 14666. Start: 2024-06-11 14:22:00+00:00 | End: 2024-08-06 14:48:00+00:00
OOS Start Bar Index: 446082 | Time: 2024-08-06 14:49:00+00:00
ADF Test Result: p-value=0.4145 (Required < 0.05) | OLS Beta: -0.8038
Filter ON: Spread not stationary (p-value too high). Skipping optimization and OOS test.

--- Window 75 Boundary Check ---
IS Period RTH Bars: 14666. Start: 2024-07-03 14:25:00+00:00 | End: 2024-08-27 14:50:00+00:00
OOS Start Bar Index: 451932 | Time: 2024-08-27 14:51:00+00:00
ADF Test Result: p-value=0.2932 (Required < 0.05) | OLS Beta: -1.0648
Filter ON: Spread not stationary (p-value too high). Skipping optimization and OOS test.

--- Window 76 Boundary Check ---
IS Period RTH Bars: 14666. Start: 2024-07-25 17:23:00+00:00 | End: 2024-09-18 14:50:00+00:00
OOS Start Bar Index: 457782 | Time: 2024-09-18 14:51:00+00:00
ADF Test Result: p-value=0.0124 (Required < 0.05) | OLS Beta: 0.3257
Filter OFF: Spread is stationary. Proceeding with optimization.
IS Optimization Time: 0.13 seconds.
Optimal Params (Sharpe=1.2187, Calmar=3.0478): Z_E=3.3, Z_X=1.5, Z_SL=4.5
📊 Persistence: Saved 2345 PnL points to wfa_outputs\oos_equity_curve_MRK_JNJ_1m_20251108_110420_0.05.csv
OOS Period (2024-09-18 14:51:00+00:00 to 2024-10-09 14:50:00+00:00): PnL: $0.00 | Sharpe: 0.0000 | Calmar: 0.0000 | Trades: 0

--- Window 77 Boundary Check ---
IS Period RTH Bars: 14666. Start: 2024-08-15 17:23:00+00:00 | End: 2024-10-09 14:50:00+00:00
OOS Start Bar Index: 463632 | Time: 2024-10-09 14:51:00+00:00
ADF Test Result: p-value=0.4030 (Required < 0.05) | OLS Beta: 0.8466
Filter ON: Spread not stationary (p-value too high). Skipping optimization and OOS test.

--- Window 78 Boundary Check ---
IS Period RTH Bars: 14666. Start: 2024-09-06 17:25:00+00:00 | End: 2024-10-30 14:50:00+00:00
OOS Start Bar Index: 469482 | Time: 2024-10-30 14:51:00+00:00
ADF Test Result: p-value=0.7421 (Required < 0.05) | OLS Beta: 1.3475
Filter ON: Spread not stationary (p-value too high). Skipping optimization and OOS test.

--- Window 79 Boundary Check ---
IS Period RTH Bars: 14666. Start: 2024-09-27 17:25:00+00:00 | End: 2024-11-20 15:51:00+00:00
OOS Start Bar Index: 475332 | Time: 2024-11-20 15:52:00+00:00
ADF Test Result: p-value=0.2175 (Required < 0.05) | OLS Beta: 1.6370
Filter ON: Spread not stationary (p-value too high). Skipping optimization and OOS test.

--- Window 80 Boundary Check ---
IS Period RTH Bars: 14666. Start: 2024-10-18 17:25:00+00:00 | End: 2024-12-12 18:49:00+00:00
OOS Start Bar Index: 481182 | Time: 2024-12-12 18:50:00+00:00
ADF Test Result: p-value=0.2283 (Required < 0.05) | OLS Beta: 0.6258
Filter ON: Spread not stationary (p-value too high). Skipping optimization and OOS test.

############################################################
📈 OVERALL SIMULATION PERFORMANCE (Walk-Forward Test)
############################################################
Timeframe Used: 1Min, Value: 1
ADF Cointegration Filter Threshold: 0.05
Total OOS Windows Tested: 80
Total Trades Executed: 2345
--- Final Performance Metrics ---
Total PnL: $390.13
Overall Sharpe Ratio (Annualized): 0.1289
Overall Calmar Ratio (Annualized): 0.0329
Maximum Dollar Drawdown (MDD): $513.02

--- Execution Time ---
Total Elapsed Time: 142.81 seconds
############################################################
[0m