--- Dynamic Timeframe Configuration ---
TimeFrame Selected: 1Min, Value: 1
Bars per Trading Day: 390
Annualization Factor (Bars/Year): 98280
Statistical Lookback Bars: 2184
Optimization Lookback Bars: 19032
---------------------------------------
--- Diagnostic Check ---
API Key ID Length: 26
API Secret Key Length: 44
StockHistoricalDataClient initialized successfully. Starting data fetch...
--------------------------
Pre-compiling Numba function for first run optimization...
Numba pre-compilation complete.
Fetching data from 2020-01-22 to 2025-01-20...
Fetching 1Min data for MRK...
Fetching 1Min data for JNJ...
Data acquired successfully. Total 1Min RTH bars: 486597
Skipping full pre-calculation. Metrics will be calculated inside the WFA loop.

============================================================
📈 Starting Rolling Backtest: IS Optimization Window=19032 bars, Shift=15 days
   Data already processed with Statistical Rolling Window: 2184 bars
   ADF Cointegration Filter: p-value < 0.05
============================================================

--- Window 1 Boundary Check ---
IS Period RTH Bars: 14666. Start: 2020-02-06 15:47:00+00:00 | End: 2020-03-31 19:41:00+00:00
OOS Start Bar Index: 19032 | Time: 2020-03-31 19:42:00+00:00
ADF Test Result: p-value=0.0125 (Required < 0.05) | OLS Beta: 0.7846
Filter OFF: Spread is stationary. Proceeding with optimization.
IS Optimization Time: 0.13 seconds.
Optimal Params (Sharpe=11.9951, Calmar=135.1138): Z_E=1.9, Z_X=1.5, Z_SL=3.6
📊 Persistence: Saved 4 PnL points to wfa_outputs\oos_equity_curve_MRK_JNJ_1m_20251108_110914_0.05.csv
OOS Period (2020-03-31 19:42:00+00:00 to 2020-04-22 19:41:00+00:00): PnL: $-72.71 | Sharpe: -1.5943 | Calmar: -6.4958 | Trades: 4

--- Window 2 Boundary Check ---
IS Period RTH Bars: 14666. Start: 2020-02-28 15:47:00+00:00 | End: 2020-04-22 19:41:00+00:00
OOS Start Bar Index: 24882 | Time: 2020-04-22 19:42:00+00:00
ADF Test Result: p-value=0.0693 (Required < 0.05) | OLS Beta: 0.7537
Filter ON: Spread not stationary (p-value too high). Skipping optimization and OOS test.

--- Window 3 Boundary Check ---
IS Period RTH Bars: 14666. Start: 2020-03-20 15:46:00+00:00 | End: 2020-05-13 19:41:00+00:00
OOS Start Bar Index: 30732 | Time: 2020-05-13 19:42:00+00:00
ADF Test Result: p-value=0.2034 (Required < 0.05) | OLS Beta: 0.5578
Filter ON: Spread not stationary (p-value too high). Skipping optimization and OOS test.

--- Window 4 Boundary Check ---
IS Period RTH Bars: 14666. Start: 2020-04-13 15:46:00+00:00 | End: 2020-06-04 19:41:00+00:00
OOS Start Bar Index: 36582 | Time: 2020-06-04 19:42:00+00:00
ADF Test Result: p-value=0.1887 (Required < 0.05) | OLS Beta: 0.5369
Filter ON: Spread not stationary (p-value too high). Skipping optimization and OOS test.

--- Window 5 Boundary Check ---
IS Period RTH Bars: 14666. Start: 2020-05-04 15:46:00+00:00 | End: 2020-06-25 19:41:00+00:00
OOS Start Bar Index: 42432 | Time: 2020-06-25 19:42:00+00:00
ADF Test Result: p-value=0.3583 (Required < 0.05) | OLS Beta: 0.7299
Filter ON: Spread not stationary (p-value too high). Skipping optimization and OOS test.

--- Window 6 Boundary Check ---
IS Period RTH Bars: 14666. Start: 2020-05-26 15:46:00+00:00 | End: 2020-07-17 19:42:00+00:00
OOS Start Bar Index: 48282 | Time: 2020-07-17 19:43:00+00:00
ADF Test Result: p-value=0.2331 (Required < 0.05) | OLS Beta: 0.8403
Filter ON: Spread not stationary (p-value too high). Skipping optimization and OOS test.

--- Window 7 Boundary Check ---
IS Period RTH Bars: 14666. Start: 2020-06-16 15:46:00+00:00 | End: 2020-08-07 19:42:00+00:00
OOS Start Bar Index: 54132 | Time: 2020-08-07 19:43:00+00:00
ADF Test Result: p-value=0.2475 (Required < 0.05) | OLS Beta: 0.5981
Filter ON: Spread not stationary (p-value too high). Skipping optimization and OOS test.

--- Window 8 Boundary Check ---
IS Period RTH Bars: 14666. Start: 2020-07-08 15:46:00+00:00 | End: 2020-08-28 19:42:00+00:00
OOS Start Bar Index: 59982 | Time: 2020-08-28 19:43:00+00:00
ADF Test Result: p-value=0.5350 (Required < 0.05) | OLS Beta: 1.4006
Filter ON: Spread not stationary (p-value too high). Skipping optimization and OOS test.

--- Window 9 Boundary Check ---
IS Period RTH Bars: 14666. Start: 2020-07-29 15:47:00+00:00 | End: 2020-09-21 19:43:00+00:00
OOS Start Bar Index: 65832 | Time: 2020-09-21 19:44:00+00:00
ADF Test Result: p-value=0.3352 (Required < 0.05) | OLS Beta: 1.0883
Filter ON: Spread not stationary (p-value too high). Skipping optimization and OOS test.

--- Window 10 Boundary Check ---
IS Period RTH Bars: 14666. Start: 2020-08-19 15:47:00+00:00 | End: 2020-10-12 19:46:00+00:00
OOS Start Bar Index: 71682 | Time: 2020-10-12 19:47:00+00:00
ADF Test Result: p-value=0.9105 (Required < 0.05) | OLS Beta: 0.4819
Filter ON: Spread not stationary (p-value too high). Skipping optimization and OOS test.

--- Window 11 Boundary Check ---
IS Period RTH Bars: 14666. Start: 2020-09-10 15:47:00+00:00 | End: 2020-11-02 20:46:00+00:00
OOS Start Bar Index: 77532 | Time: 2020-11-02 20:47:00+00:00
ADF Test Result: p-value=0.5681 (Required < 0.05) | OLS Beta: 0.9338
Filter ON: Spread not stationary (p-value too high). Skipping optimization and OOS test.

--- Window 12 Boundary Check ---
IS Period RTH Bars: 14666. Start: 2020-10-01 15:50:00+00:00 | End: 2020-11-23 20:47:00+00:00
OOS Start Bar Index: 83382 | Time: 2020-11-23 20:48:00+00:00
ADF Test Result: p-value=0.0482 (Required < 0.05) | OLS Beta: 0.5753
Filter OFF: Spread is stationary. Proceeding with optimization.
IS Optimization Time: 0.13 seconds.
Optimal Params (Sharpe=3.3634, Calmar=12.2626): Z_E=2.3, Z_X=1.5, Z_SL=3.9
📊 Persistence: Saved 4 PnL points to wfa_outputs\oos_equity_curve_MRK_JNJ_1m_20251108_110914_0.05.csv
OOS Period (2020-11-23 20:48:00+00:00 to 2020-12-16 17:19:00+00:00): PnL: $0.00 | Sharpe: 0.0000 | Calmar: 0.0000 | Trades: 0

--- Window 13 Boundary Check ---
IS Period RTH Bars: 14666. Start: 2020-10-22 15:51:00+00:00 | End: 2020-12-16 17:19:00+00:00
OOS Start Bar Index: 89232 | Time: 2020-12-16 17:20:00+00:00
ADF Test Result: p-value=0.0556 (Required < 0.05) | OLS Beta: 0.6647
Filter ON: Spread not stationary (p-value too high). Skipping optimization and OOS test.

--- Window 14 Boundary Check ---
IS Period RTH Bars: 14666. Start: 2020-11-12 16:52:00+00:00 | End: 2021-01-08 20:17:00+00:00
OOS Start Bar Index: 95082 | Time: 2021-01-08 20:18:00+00:00
ADF Test Result: p-value=0.1330 (Required < 0.05) | OLS Beta: 0.3135
Filter ON: Spread not stationary (p-value too high). Skipping optimization and OOS test.

--- Window 15 Boundary Check ---
IS Period RTH Bars: 14666. Start: 2020-12-04 19:51:00+00:00 | End: 2021-02-01 20:17:00+00:00
OOS Start Bar Index: 100932 | Time: 2021-02-01 20:18:00+00:00
ADF Test Result: p-value=0.6053 (Required < 0.05) | OLS Beta: -0.0679
Filter ON: Spread not stationary (p-value too high). Skipping optimization and OOS test.

--- Window 16 Boundary Check ---
IS Period RTH Bars: 14666. Start: 2020-12-29 16:22:00+00:00 | End: 2021-02-23 20:18:00+00:00
OOS Start Bar Index: 106782 | Time: 2021-02-23 20:19:00+00:00
ADF Test Result: p-value=0.5743 (Required < 0.05) | OLS Beta: -0.9218
Filter ON: Spread not stationary (p-value too high). Skipping optimization and OOS test.

--- Window 17 Boundary Check ---
IS Period RTH Bars: 14666. Start: 2021-01-21 16:22:00+00:00 | End: 2021-03-16 19:19:00+00:00
OOS Start Bar Index: 112632 | Time: 2021-03-16 19:20:00+00:00
ADF Test Result: p-value=0.0380 (Required < 0.05) | OLS Beta: 0.6961
Filter OFF: Spread is stationary. Proceeding with optimization.
IS Optimization Time: 0.12 seconds.
Optimal Params (Sharpe=1.8752, Calmar=7.6858): Z_E=2.7, Z_X=0.7, Z_SL=4.5
📊 Persistence: Saved 4 PnL points to wfa_outputs\oos_equity_curve_MRK_JNJ_1m_20251108_110914_0.05.csv
OOS Period (2021-03-16 19:20:00+00:00 to 2021-04-07 19:19:00+00:00): PnL: $0.00 | Sharpe: 0.0000 | Calmar: 0.0000 | Trades: 0

--- Window 18 Boundary Check ---
IS Period RTH Bars: 14666. Start: 2021-02-11 16:23:00+00:00 | End: 2021-04-07 19:19:00+00:00
OOS Start Bar Index: 118482 | Time: 2021-04-07 19:20:00+00:00
ADF Test Result: p-value=0.3784 (Required < 0.05) | OLS Beta: 0.7319
Filter ON: Spread not stationary (p-value too high). Skipping optimization and OOS test.

--- Window 19 Boundary Check ---
IS Period RTH Bars: 14666. Start: 2021-03-05 16:24:00+00:00 | End: 2021-04-29 19:20:00+00:00
OOS Start Bar Index: 124332 | Time: 2021-04-29 19:21:00+00:00
ADF Test Result: p-value=0.3728 (Required < 0.05) | OLS Beta: 0.8538
Filter ON: Spread not stationary (p-value too high). Skipping optimization and OOS test.

--- Window 20 Boundary Check ---
IS Period RTH Bars: 14666. Start: 2021-03-26 15:24:00+00:00 | End: 2021-05-20 19:26:00+00:00
OOS Start Bar Index: 130182 | Time: 2021-05-20 19:27:00+00:00
ADF Test Result: p-value=0.0983 (Required < 0.05) | OLS Beta: 0.6088
Filter ON: Spread not stationary (p-value too high). Skipping optimization and OOS test.

--- Window 21 Boundary Check ---
IS Period RTH Bars: 14666. Start: 2021-04-20 15:25:00+00:00 | End: 2021-06-11 19:27:00+00:00
OOS Start Bar Index: 136032 | Time: 2021-06-11 19:28:00+00:00
ADF Test Result: p-value=0.3515 (Required < 0.05) | OLS Beta: 0.9063
Filter ON: Spread not stationary (p-value too high). Skipping optimization and OOS test.

--- Window 22 Boundary Check ---
IS Period RTH Bars: 14666. Start: 2021-05-11 15:30:00+00:00 | End: 2021-07-02 19:32:00+00:00
OOS Start Bar Index: 141882 | Time: 2021-07-02 19:33:00+00:00
ADF Test Result: p-value=0.6615 (Required < 0.05) | OLS Beta: 0.7409
Filter ON: Spread not stationary (p-value too high). Skipping optimization and OOS test.

--- Window 23 Boundary Check ---
IS Period RTH Bars: 14666. Start: 2021-06-02 15:32:00+00:00 | End: 2021-07-26 19:35:00+00:00
OOS Start Bar Index: 147732 | Time: 2021-07-26 19:36:00+00:00
ADF Test Result: p-value=0.5164 (Required < 0.05) | OLS Beta: 0.5781
Filter ON: Spread not stationary (p-value too high). Skipping optimization and OOS test.

--- Window 24 Boundary Check ---
IS Period RTH Bars: 14666. Start: 2021-06-23 15:32:00+00:00 | End: 2021-08-16 19:37:00+00:00
OOS Start Bar Index: 153582 | Time: 2021-08-16 19:38:00+00:00
ADF Test Result: p-value=0.1338 (Required < 0.05) | OLS Beta: -0.1631
Filter ON: Spread not stationary (p-value too high). Skipping optimization and OOS test.

--- Window 25 Boundary Check ---
IS Period RTH Bars: 14666. Start: 2021-07-15 15:38:00+00:00 | End: 2021-09-07 19:37:00+00:00
OOS Start Bar Index: 159432 | Time: 2021-09-07 19:38:00+00:00
ADF Test Result: p-value=0.2711 (Required < 0.05) | OLS Beta: 0.2846
Filter ON: Spread not stationary (p-value too high). Skipping optimization and OOS test.

--- Window 26 Boundary Check ---
IS Period RTH Bars: 14666. Start: 2021-08-05 15:42:00+00:00 | End: 2021-09-28 19:38:00+00:00
OOS Start Bar Index: 165282 | Time: 2021-09-28 19:39:00+00:00
ADF Test Result: p-value=0.2651 (Required < 0.05) | OLS Beta: 0.8514
Filter ON: Spread not stationary (p-value too high). Skipping optimization and OOS test.

--- Window 27 Boundary Check ---
IS Period RTH Bars: 14666. Start: 2021-08-26 15:42:00+00:00 | End: 2021-10-19 19:38:00+00:00
OOS Start Bar Index: 171132 | Time: 2021-10-19 19:39:00+00:00
ADF Test Result: p-value=0.4897 (Required < 0.05) | OLS Beta: -0.6259
Filter ON: Spread not stationary (p-value too high). Skipping optimization and OOS test.

--- Window 28 Boundary Check ---
IS Period RTH Bars: 14666. Start: 2021-09-17 15:43:00+00:00 | End: 2021-11-10 20:38:00+00:00
OOS Start Bar Index: 176982 | Time: 2021-11-10 20:39:00+00:00
ADF Test Result: p-value=0.4307 (Required < 0.05) | OLS Beta: -0.5632
Filter ON: Spread not stationary (p-value too high). Skipping optimization and OOS test.

--- Window 29 Boundary Check ---
IS Period RTH Bars: 14666. Start: 2021-10-08 15:43:00+00:00 | End: 2021-12-03 16:54:00+00:00
OOS Start Bar Index: 182832 | Time: 2021-12-03 16:55:00+00:00
ADF Test Result: p-value=0.1333 (Required < 0.05) | OLS Beta: 2.6584
Filter ON: Spread not stationary (p-value too high). Skipping optimization and OOS test.

--- Window 30 Boundary Check ---
IS Period RTH Bars: 14666. Start: 2021-11-01 15:43:00+00:00 | End: 2021-12-27 16:55:00+00:00
OOS Start Bar Index: 188682 | Time: 2021-12-27 16:56:00+00:00
ADF Test Result: p-value=0.4632 (Required < 0.05) | OLS Beta: -0.5747
Filter ON: Spread not stationary (p-value too high). Skipping optimization and OOS test.

--- Window 31 Boundary Check ---
IS Period RTH Bars: 14666. Start: 2021-11-22 16:43:00+00:00 | End: 2022-01-18 16:56:00+00:00
OOS Start Bar Index: 194532 | Time: 2022-01-18 16:57:00+00:00
ADF Test Result: p-value=0.6182 (Required < 0.05) | OLS Beta: 0.4743
Filter ON: Spread not stationary (p-value too high). Skipping optimization and OOS test.

--- Window 32 Boundary Check ---
IS Period RTH Bars: 14666. Start: 2021-12-14 19:30:00+00:00 | End: 2022-02-09 15:43:00+00:00
OOS Start Bar Index: 200382 | Time: 2022-02-09 15:44:00+00:00
ADF Test Result: p-value=0.2232 (Required < 0.05) | OLS Beta: 0.0016
Filter ON: Spread not stationary (p-value too high). Skipping optimization and OOS test.

--- Window 33 Boundary Check ---
IS Period RTH Bars: 14666. Start: 2022-01-05 19:31:00+00:00 | End: 2022-03-03 15:49:00+00:00
OOS Start Bar Index: 206232 | Time: 2022-03-03 15:50:00+00:00
ADF Test Result: p-value=0.6214 (Required < 0.05) | OLS Beta: 0.8447
Filter ON: Spread not stationary (p-value too high). Skipping optimization and OOS test.

--- Window 34 Boundary Check ---
IS Period RTH Bars: 14666. Start: 2022-01-28 18:16:00+00:00 | End: 2022-03-25 14:56:00+00:00
OOS Start Bar Index: 212082 | Time: 2022-03-25 14:57:00+00:00
ADF Test Result: p-value=0.1379 (Required < 0.05) | OLS Beta: 0.7275
Filter ON: Spread not stationary (p-value too high). Skipping optimization and OOS test.

--- Window 35 Boundary Check ---
IS Period RTH Bars: 14666. Start: 2022-02-18 18:22:00+00:00 | End: 2022-04-18 14:56:00+00:00
OOS Start Bar Index: 217932 | Time: 2022-04-18 14:57:00+00:00
ADF Test Result: p-value=0.6311 (Required < 0.05) | OLS Beta: 1.1874
Filter ON: Spread not stationary (p-value too high). Skipping optimization and OOS test.

--- Window 36 Boundary Check ---
IS Period RTH Bars: 14666. Start: 2022-03-15 17:28:00+00:00 | End: 2022-05-09 14:56:00+00:00
OOS Start Bar Index: 223782 | Time: 2022-05-09 14:57:00+00:00
ADF Test Result: p-value=0.5818 (Required < 0.05) | OLS Beta: 1.3376
Filter ON: Spread not stationary (p-value too high). Skipping optimization and OOS test.

--- Window 37 Boundary Check ---
IS Period RTH Bars: 14666. Start: 2022-04-05 17:31:00+00:00 | End: 2022-05-31 14:56:00+00:00
OOS Start Bar Index: 229632 | Time: 2022-05-31 14:57:00+00:00
ADF Test Result: p-value=0.1019 (Required < 0.05) | OLS Beta: -0.8351
Filter ON: Spread not stationary (p-value too high). Skipping optimization and OOS test.

--- Window 38 Boundary Check ---
IS Period RTH Bars: 14666. Start: 2022-04-27 17:31:00+00:00 | End: 2022-06-22 14:56:00+00:00
OOS Start Bar Index: 235482 | Time: 2022-06-22 14:57:00+00:00
ADF Test Result: p-value=0.0118 (Required < 0.05) | OLS Beta: 0.9359
Filter OFF: Spread is stationary. Proceeding with optimization.
IS Optimization Time: 0.12 seconds.
Optimal Params (Sharpe=-0.6591, Calmar=-1.8958): Z_E=2.5, Z_X=0.9, Z_SL=4.2
📊 Persistence: Saved 5 PnL points to wfa_outputs\oos_equity_curve_MRK_JNJ_1m_20251108_110914_0.05.csv
OOS Period (2022-06-22 14:57:00+00:00 to 2022-07-14 14:57:00+00:00): PnL: $20.98 | Sharpe: 4.0991 | Calmar: 0.0000 | Trades: 1

--- Window 39 Boundary Check ---
IS Period RTH Bars: 14666. Start: 2022-05-18 17:31:00+00:00 | End: 2022-07-14 14:57:00+00:00
OOS Start Bar Index: 241332 | Time: 2022-07-14 14:58:00+00:00
ADF Test Result: p-value=0.4364 (Required < 0.05) | OLS Beta: 1.4334
Filter ON: Spread not stationary (p-value too high). Skipping optimization and OOS test.

--- Window 40 Boundary Check ---
IS Period RTH Bars: 14666. Start: 2022-06-09 17:31:00+00:00 | End: 2022-08-04 14:57:00+00:00
OOS Start Bar Index: 247182 | Time: 2022-08-04 14:58:00+00:00
ADF Test Result: p-value=0.2784 (Required < 0.05) | OLS Beta: 1.4047
Filter ON: Spread not stationary (p-value too high). Skipping optimization and OOS test.

--- Window 41 Boundary Check ---
IS Period RTH Bars: 14666. Start: 2022-07-01 17:31:00+00:00 | End: 2022-08-25 14:57:00+00:00
OOS Start Bar Index: 253032 | Time: 2022-08-25 14:58:00+00:00
ADF Test Result: p-value=0.3809 (Required < 0.05) | OLS Beta: 0.4844
Filter ON: Spread not stationary (p-value too high). Skipping optimization and OOS test.

--- Window 42 Boundary Check ---
IS Period RTH Bars: 14666. Start: 2022-07-25 17:32:00+00:00 | End: 2022-09-16 14:59:00+00:00
OOS Start Bar Index: 258882 | Time: 2022-09-16 15:00:00+00:00
ADF Test Result: p-value=0.2919 (Required < 0.05) | OLS Beta: 0.3134
Filter ON: Spread not stationary (p-value too high). Skipping optimization and OOS test.

--- Window 43 Boundary Check ---
IS Period RTH Bars: 14666. Start: 2022-08-15 17:32:00+00:00 | End: 2022-10-07 15:01:00+00:00
OOS Start Bar Index: 264732 | Time: 2022-10-07 15:02:00+00:00
ADF Test Result: p-value=0.5333 (Required < 0.05) | OLS Beta: 1.2346
Filter ON: Spread not stationary (p-value too high). Skipping optimization and OOS test.

--- Window 44 Boundary Check ---
IS Period RTH Bars: 14666. Start: 2022-09-06 17:34:00+00:00 | End: 2022-10-28 15:01:00+00:00
OOS Start Bar Index: 270582 | Time: 2022-10-28 15:02:00+00:00
ADF Test Result: p-value=0.5339 (Required < 0.05) | OLS Beta: 1.7750
Filter ON: Spread not stationary (p-value too high). Skipping optimization and OOS test.

--- Window 45 Boundary Check ---
IS Period RTH Bars: 14666. Start: 2022-09-27 17:35:00+00:00 | End: 2022-11-18 16:02:00+00:00
OOS Start Bar Index: 276432 | Time: 2022-11-18 16:03:00+00:00
ADF Test Result: p-value=0.0473 (Required < 0.05) | OLS Beta: 1.9538
Filter OFF: Spread is stationary. Proceeding with optimization.
IS Optimization Time: 0.13 seconds.
Optimal Params (Sharpe=7.7324, Calmar=90.0265): Z_E=2.7, Z_X=0.9, Z_SL=4.2
📊 Persistence: Saved 5 PnL points to wfa_outputs\oos_equity_curve_MRK_JNJ_1m_20251108_110914_0.05.csv
OOS Period (2022-11-18 16:03:00+00:00 to 2022-12-12 18:59:00+00:00): PnL: $0.00 | Sharpe: 0.0000 | Calmar: 0.0000 | Trades: 0

--- Window 46 Boundary Check ---
IS Period RTH Bars: 14666. Start: 2022-10-18 17:36:00+00:00 | End: 2022-12-12 18:59:00+00:00
OOS Start Bar Index: 282282 | Time: 2022-12-12 19:00:00+00:00
ADF Test Result: p-value=0.0083 (Required < 0.05) | OLS Beta: 2.0731
Filter OFF: Spread is stationary. Proceeding with optimization.
IS Optimization Time: 0.12 seconds.
Optimal Params (Sharpe=6.3503, Calmar=64.1680): Z_E=2.7, Z_X=0.9, Z_SL=3.9
📊 Persistence: Saved 6 PnL points to wfa_outputs\oos_equity_curve_MRK_JNJ_1m_20251108_110914_0.05.csv
OOS Period (2022-12-12 19:00:00+00:00 to 2023-01-04 18:59:00+00:00): PnL: $87.71 | Sharpe: 4.0991 | Calmar: 0.0000 | Trades: 1

--- Window 47 Boundary Check ---
IS Period RTH Bars: 14666. Start: 2022-11-08 18:36:00+00:00 | End: 2023-01-04 18:59:00+00:00
OOS Start Bar Index: 288132 | Time: 2023-01-04 19:00:00+00:00
ADF Test Result: p-value=0.0791 (Required < 0.05) | OLS Beta: 2.2987
Filter ON: Spread not stationary (p-value too high). Skipping optimization and OOS test.

--- Window 48 Boundary Check ---
IS Period RTH Bars: 14666. Start: 2022-12-01 15:04:00+00:00 | End: 2023-01-26 19:00:00+00:00
OOS Start Bar Index: 293982 | Time: 2023-01-26 19:01:00+00:00
ADF Test Result: p-value=0.2587 (Required < 0.05) | OLS Beta: 0.3069
Filter ON: Spread not stationary (p-value too high). Skipping optimization and OOS test.

--- Window 49 Boundary Check ---
IS Period RTH Bars: 14666. Start: 2022-12-22 15:04:00+00:00 | End: 2023-02-16 19:01:00+00:00
OOS Start Bar Index: 299832 | Time: 2023-02-16 19:02:00+00:00
ADF Test Result: p-value=0.3906 (Required < 0.05) | OLS Beta: 0.5567
Filter ON: Spread not stationary (p-value too high). Skipping optimization and OOS test.

--- Window 50 Boundary Check ---
IS Period RTH Bars: 14666. Start: 2023-01-17 15:05:00+00:00 | End: 2023-03-10 19:01:00+00:00
OOS Start Bar Index: 305682 | Time: 2023-03-10 19:02:00+00:00
ADF Test Result: p-value=0.0989 (Required < 0.05) | OLS Beta: -0.0240
Filter ON: Spread not stationary (p-value too high). Skipping optimization and OOS test.

--- Window 51 Boundary Check ---
IS Period RTH Bars: 14666. Start: 2023-02-07 15:06:00+00:00 | End: 2023-03-31 18:01:00+00:00
OOS Start Bar Index: 311532 | Time: 2023-03-31 18:02:00+00:00
ADF Test Result: p-value=0.0073 (Required < 0.05) | OLS Beta: 0.2170
Filter OFF: Spread is stationary. Proceeding with optimization.
IS Optimization Time: 0.12 seconds.
Optimal Params (Sharpe=3.8413, Calmar=606.6128): Z_E=3.3, Z_X=0.3, Z_SL=3.6
📊 Persistence: Saved 1500 PnL points to wfa_outputs\oos_equity_curve_MRK_JNJ_1m_20251108_110914_0.05.csv
OOS Period (2023-03-31 18:02:00+00:00 to 2023-04-24 18:02:00+00:00): PnL: $-300.30 | Sharpe: -6.6991 | Calmar: -11.4522 | Trades: 1494

--- Window 52 Boundary Check ---
IS Period RTH Bars: 14666. Start: 2023-03-01 15:06:00+00:00 | End: 2023-04-24 18:02:00+00:00
OOS Start Bar Index: 317382 | Time: 2023-04-24 18:03:00+00:00
ADF Test Result: p-value=0.0710 (Required < 0.05) | OLS Beta: 0.9757
Filter ON: Spread not stationary (p-value too high). Skipping optimization and OOS test.

--- Window 53 Boundary Check ---
IS Period RTH Bars: 14666. Start: 2023-03-22 14:06:00+00:00 | End: 2023-05-15 18:03:00+00:00
OOS Start Bar Index: 323232 | Time: 2023-05-15 18:04:00+00:00
ADF Test Result: p-value=0.7345 (Required < 0.05) | OLS Beta: 1.2042
Filter ON: Spread not stationary (p-value too high). Skipping optimization and OOS test.

--- Window 54 Boundary Check ---
IS Period RTH Bars: 14666. Start: 2023-04-13 14:07:00+00:00 | End: 2023-06-06 18:13:00+00:00
OOS Start Bar Index: 329082 | Time: 2023-06-06 18:14:00+00:00
ADF Test Result: p-value=0.6404 (Required < 0.05) | OLS Beta: 0.7160
Filter ON: Spread not stationary (p-value too high). Skipping optimization and OOS test.

--- Window 55 Boundary Check ---
IS Period RTH Bars: 14666. Start: 2023-05-04 14:08:00+00:00 | End: 2023-06-28 18:21:00+00:00
OOS Start Bar Index: 334932 | Time: 2023-06-28 18:22:00+00:00
ADF Test Result: p-value=0.3903 (Required < 0.05) | OLS Beta: 0.1636
Filter ON: Spread not stationary (p-value too high). Skipping optimization and OOS test.

--- Window 56 Boundary Check ---
IS Period RTH Bars: 14666. Start: 2023-05-25 14:12:00+00:00 | End: 2023-07-21 14:49:00+00:00
OOS Start Bar Index: 340782 | Time: 2023-07-21 14:50:00+00:00
ADF Test Result: p-value=0.5337 (Required < 0.05) | OLS Beta: 0.3798
Filter ON: Spread not stationary (p-value too high). Skipping optimization and OOS test.

--- Window 57 Boundary Check ---
IS Period RTH Bars: 14666. Start: 2023-06-16 14:21:00+00:00 | End: 2023-08-11 14:53:00+00:00
OOS Start Bar Index: 346632 | Time: 2023-08-11 14:54:00+00:00
ADF Test Result: p-value=0.4531 (Required < 0.05) | OLS Beta: -0.2984
Filter ON: Spread not stationary (p-value too high). Skipping optimization and OOS test.

--- Window 58 Boundary Check ---
IS Period RTH Bars: 14666. Start: 2023-07-11 17:24:00+00:00 | End: 2023-09-01 14:55:00+00:00
OOS Start Bar Index: 352482 | Time: 2023-09-01 14:56:00+00:00
ADF Test Result: p-value=0.1421 (Required < 0.05) | OLS Beta: -0.0382
Filter ON: Spread not stationary (p-value too high). Skipping optimization and OOS test.

--- Window 59 Boundary Check ---
IS Period RTH Bars: 14666. Start: 2023-08-01 17:28:00+00:00 | End: 2023-09-25 14:59:00+00:00
OOS Start Bar Index: 358332 | Time: 2023-09-25 15:00:00+00:00
ADF Test Result: p-value=0.0472 (Required < 0.05) | OLS Beta: -0.1526
Filter OFF: Spread is stationary. Proceeding with optimization.
IS Optimization Time: 0.12 seconds.
Optimal Params (Sharpe=5.2745, Calmar=82.4004): Z_E=2.9, Z_X=0.7, Z_SL=3.3
📊 Persistence: Saved 3018 PnL points to wfa_outputs\oos_equity_curve_MRK_JNJ_1m_20251108_110914_0.05.csv
OOS Period (2023-09-25 15:00:00+00:00 to 2023-10-16 14:59:00+00:00): PnL: $-112.92 | Sharpe: -2.1767 | Calmar: -7.3042 | Trades: 1518

--- Window 60 Boundary Check ---
IS Period RTH Bars: 14666. Start: 2023-08-22 17:30:00+00:00 | End: 2023-10-16 14:59:00+00:00
OOS Start Bar Index: 364182 | Time: 2023-10-16 15:00:00+00:00
ADF Test Result: p-value=0.0006 (Required < 0.05) | OLS Beta: 1.0576
Filter OFF: Spread is stationary. Proceeding with optimization.
IS Optimization Time: 0.13 seconds.
Optimal Params (Sharpe=4.9769, Calmar=37.1928): Z_E=2.9, Z_X=0.3, Z_SL=3.6
📊 Persistence: Saved 4738 PnL points to wfa_outputs\oos_equity_curve_MRK_JNJ_1m_20251108_110914_0.05.csv
OOS Period (2023-10-16 15:00:00+00:00 to 2023-11-06 16:01:00+00:00): PnL: $-92.74 | Sharpe: -2.8412 | Calmar: -5.2972 | Trades: 1720

--- Window 61 Boundary Check ---
IS Period RTH Bars: 14666. Start: 2023-09-13 17:30:00+00:00 | End: 2023-11-06 16:01:00+00:00
OOS Start Bar Index: 370032 | Time: 2023-11-06 16:02:00+00:00
ADF Test Result: p-value=0.1529 (Required < 0.05) | OLS Beta: 0.4239
Filter ON: Spread not stationary (p-value too high). Skipping optimization and OOS test.

--- Window 62 Boundary Check ---
IS Period RTH Bars: 14666. Start: 2023-10-04 17:34:00+00:00 | End: 2023-11-28 18:58:00+00:00
OOS Start Bar Index: 375882 | Time: 2023-11-28 18:59:00+00:00
ADF Test Result: p-value=0.0543 (Required < 0.05) | OLS Beta: 0.1786
Filter ON: Spread not stationary (p-value too high). Skipping optimization and OOS test.

--- Window 63 Boundary Check ---
IS Period RTH Bars: 14666. Start: 2023-10-25 17:34:00+00:00 | End: 2023-12-19 19:00:00+00:00
OOS Start Bar Index: 381732 | Time: 2023-12-19 19:01:00+00:00
ADF Test Result: p-value=0.4107 (Required < 0.05) | OLS Beta: 0.3836
Filter ON: Spread not stationary (p-value too high). Skipping optimization and OOS test.

--- Window 64 Boundary Check ---
IS Period RTH Bars: 14666. Start: 2023-11-15 18:36:00+00:00 | End: 2024-01-11 19:00:00+00:00
OOS Start Bar Index: 387582 | Time: 2024-01-11 19:01:00+00:00
ADF Test Result: p-value=0.4509 (Required < 0.05) | OLS Beta: 1.8874
Filter ON: Spread not stationary (p-value too high). Skipping optimization and OOS test.

--- Window 65 Boundary Check ---
IS Period RTH Bars: 14666. Start: 2023-12-08 15:04:00+00:00 | End: 2024-02-02 19:00:00+00:00
OOS Start Bar Index: 393432 | Time: 2024-02-02 19:01:00+00:00
ADF Test Result: p-value=0.9325 (Required < 0.05) | OLS Beta: 2.8672
Filter ON: Spread not stationary (p-value too high). Skipping optimization and OOS test.

--- Window 66 Boundary Check ---
IS Period RTH Bars: 14666. Start: 2024-01-02 15:05:00+00:00 | End: 2024-02-26 19:02:00+00:00
OOS Start Bar Index: 399282 | Time: 2024-02-26 19:03:00+00:00
ADF Test Result: p-value=0.3751 (Required < 0.05) | OLS Beta: -1.4399
Filter ON: Spread not stationary (p-value too high). Skipping optimization and OOS test.

--- Window 67 Boundary Check ---
IS Period RTH Bars: 14666. Start: 2024-01-24 15:05:00+00:00 | End: 2024-03-18 18:04:00+00:00
OOS Start Bar Index: 405132 | Time: 2024-03-18 18:05:00+00:00
ADF Test Result: p-value=0.2913 (Required < 0.05) | OLS Beta: 0.0113
Filter ON: Spread not stationary (p-value too high). Skipping optimization and OOS test.

--- Window 68 Boundary Check ---
IS Period RTH Bars: 14666. Start: 2024-02-14 15:06:00+00:00 | End: 2024-04-09 18:06:00+00:00
OOS Start Bar Index: 410982 | Time: 2024-04-09 18:07:00+00:00
ADF Test Result: p-value=0.4955 (Required < 0.05) | OLS Beta: -0.2541
Filter ON: Spread not stationary (p-value too high). Skipping optimization and OOS test.

--- Window 69 Boundary Check ---
IS Period RTH Bars: 14666. Start: 2024-03-07 15:07:00+00:00 | End: 2024-04-30 18:09:00+00:00
OOS Start Bar Index: 416832 | Time: 2024-04-30 18:10:00+00:00
ADF Test Result: p-value=0.3669 (Required < 0.05) | OLS Beta: -0.3244
Filter ON: Spread not stationary (p-value too high). Skipping optimization and OOS test.

--- Window 70 Boundary Check ---
IS Period RTH Bars: 14666. Start: 2024-03-28 14:11:00+00:00 | End: 2024-05-21 18:14:00+00:00
OOS Start Bar Index: 422682 | Time: 2024-05-21 18:15:00+00:00
ADF Test Result: p-value=0.1894 (Required < 0.05) | OLS Beta: 0.3595
Filter ON: Spread not stationary (p-value too high). Skipping optimization and OOS test.

--- Window 71 Boundary Check ---
IS Period RTH Bars: 14666. Start: 2024-04-19 14:14:00+00:00 | End: 2024-06-12 18:17:00+00:00
OOS Start Bar Index: 428532 | Time: 2024-06-12 18:18:00+00:00
ADF Test Result: p-value=0.0373 (Required < 0.05) | OLS Beta: 0.3768
Filter OFF: Spread is stationary. Proceeding with optimization.
IS Optimization Time: 0.13 seconds.
Optimal Params (Sharpe=1.3561, Calmar=3.8873): Z_E=2.5, Z_X=0.9, Z_SL=3.6
📊 Persistence: Saved 4739 PnL points to wfa_outputs\oos_equity_curve_MRK_JNJ_1m_20251108_110914_0.05.csv
OOS Period (2024-06-12 18:18:00+00:00 to 2024-07-08 14:47:00+00:00): PnL: $148.02 | Sharpe: 4.0991 | Calmar: 0.0000 | Trades: 1

--- Window 72 Boundary Check ---
IS Period RTH Bars: 14666. Start: 2024-05-10 14:16:00+00:00 | End: 2024-07-08 14:47:00+00:00
OOS Start Bar Index: 434382 | Time: 2024-07-08 14:48:00+00:00
ADF Test Result: p-value=0.1453 (Required < 0.05) | OLS Beta: 0.4593
Filter ON: Spread not stationary (p-value too high). Skipping optimization and OOS test.

--- Window 73 Boundary Check ---
IS Period RTH Bars: 14666. Start: 2024-06-03 14:20:00+00:00 | End: 2024-07-29 14:48:00+00:00
OOS Start Bar Index: 440232 | Time: 2024-07-29 14:49:00+00:00
ADF Test Result: p-value=0.1009 (Required < 0.05) | OLS Beta: -0.2890
Filter ON: Spread not stationary (p-value too high). Skipping optimization and OOS test.

--- Window 74 Boundary Check ---
IS Period RTH Bars: 14666. Start: 2024-06-25 14:22:00+00:00 | End: 2024-08-19 14:48:00+00:00
OOS Start Bar Index: 446082 | Time: 2024-08-19 14:49:00+00:00
ADF Test Result: p-value=0.1997 (Required < 0.05) | OLS Beta: -1.1394
Filter ON: Spread not stationary (p-value too high). Skipping optimization and OOS test.

--- Window 75 Boundary Check ---
IS Period RTH Bars: 14666. Start: 2024-07-17 17:23:00+00:00 | End: 2024-09-10 14:50:00+00:00
OOS Start Bar Index: 451932 | Time: 2024-09-10 14:51:00+00:00
ADF Test Result: p-value=0.3028 (Required < 0.05) | OLS Beta: -0.5448
Filter ON: Spread not stationary (p-value too high). Skipping optimization and OOS test.

--- Window 76 Boundary Check ---
IS Period RTH Bars: 14666. Start: 2024-08-07 17:23:00+00:00 | End: 2024-10-01 14:50:00+00:00
OOS Start Bar Index: 457782 | Time: 2024-10-01 14:51:00+00:00
ADF Test Result: p-value=0.0052 (Required < 0.05) | OLS Beta: 0.5962
Filter OFF: Spread is stationary. Proceeding with optimization.
IS Optimization Time: 0.12 seconds.
Optimal Params (Sharpe=2.5887, Calmar=0.0000): Z_E=3.3, Z_X=1.1, Z_SL=3.6
📊 Persistence: Saved 6506 PnL points to wfa_outputs\oos_equity_curve_MRK_JNJ_1m_20251108_110914_0.05.csv
OOS Period (2024-10-01 14:51:00+00:00 to 2024-10-22 14:50:00+00:00): PnL: $-491.21 | Sharpe: -11.5553 | Calmar: -11.1765 | Trades: 1767

--- Window 77 Boundary Check ---
IS Period RTH Bars: 14666. Start: 2024-08-28 17:25:00+00:00 | End: 2024-10-22 14:50:00+00:00
OOS Start Bar Index: 463632 | Time: 2024-10-22 14:51:00+00:00
ADF Test Result: p-value=0.7028 (Required < 0.05) | OLS Beta: 1.2581
Filter ON: Spread not stationary (p-value too high). Skipping optimization and OOS test.

--- Window 78 Boundary Check ---
IS Period RTH Bars: 14666. Start: 2024-09-19 17:25:00+00:00 | End: 2024-11-12 15:51:00+00:00
OOS Start Bar Index: 469482 | Time: 2024-11-12 15:52:00+00:00
ADF Test Result: p-value=0.5164 (Required < 0.05) | OLS Beta: 1.7646
Filter ON: Spread not stationary (p-value too high). Skipping optimization and OOS test.

--- Window 79 Boundary Check ---
IS Period RTH Bars: 14666. Start: 2024-10-10 17:25:00+00:00 | End: 2024-12-04 18:49:00+00:00
OOS Start Bar Index: 475332 | Time: 2024-12-04 18:50:00+00:00
ADF Test Result: p-value=0.0713 (Required < 0.05) | OLS Beta: 1.3461
Filter ON: Spread not stationary (p-value too high). Skipping optimization and OOS test.

--- Window 80 Boundary Check ---
IS Period RTH Bars: 14666. Start: 2024-10-31 17:25:00+00:00 | End: 2024-12-27 15:14:00+00:00
OOS Start Bar Index: 481182 | Time: 2024-12-27 15:15:00+00:00
ADF Test Result: p-value=0.1659 (Required < 0.05) | OLS Beta: 0.0730
Filter ON: Spread not stationary (p-value too high). Skipping optimization and OOS test.

############################################################
📈 OVERALL SIMULATION PERFORMANCE (Walk-Forward Test)
############################################################
Timeframe Used: 1Min, Value: 1
ADF Cointegration Filter Threshold: 0.05
Total OOS Windows Tested: 80
Total Trades Executed: 6506
--- Final Performance Metrics ---
Total PnL: $-813.17
Overall Sharpe Ratio (Annualized): -0.3769
Overall Calmar Ratio (Annualized): -0.0411
Maximum Dollar Drawdown (MDD): $849.87

--- Execution Time ---
Total Elapsed Time: 141.82 seconds
############################################################
[0m