--- Dynamic Timeframe Configuration ---
TimeFrame Selected: 1Min, Value: 15
Bars per Trading Day: 26
Annualization Factor (Bars/Year): 6552
Statistical Lookback Bars: 145
Optimization Lookback Bars: 1268
---------------------------------------
--- Diagnostic Check ---
API Key ID Length: 26
API Secret Key Length: 44
StockHistoricalDataClient initialized successfully. Starting data fetch...
--------------------------
Pre-compiling Numba function for first run optimization...
Numba pre-compilation complete.
Fetching data from 2020-01-01 to 2024-12-30...
Fetching 15Min data for AOS...
Fetching 15Min data for MAS...
Data acquired successfully. Total 1Min RTH bars: 32461
Skipping full pre-calculation. Metrics will be calculated inside the WFA loop.

============================================================
📈 Starting Rolling Backtest: IS Optimization Window=1268 bars, Shift=15 days
   Data already processed with Statistical Rolling Window: 145 bars
   ADF Cointegration Filter: p-value < 0.05
============================================================

--- Window 1 Boundary Check ---
IS Period RTH Bars: 980. Start: 2020-01-17 15:00:00+00:00 | End: 2020-03-12 18:15:00+00:00
OOS Start Bar Index: 1268 | Time: 2020-03-12 18:30:00+00:00
ADF Test Result: p-value=0.0990 (Required < 0.05) | OLS Beta: 0.5238
Filter ON: Spread not stationary (p-value too high). Skipping optimization and OOS test.

--- Window 2 Boundary Check ---
IS Period RTH Bars: 980. Start: 2020-02-10 15:00:00+00:00 | End: 2020-04-02 18:30:00+00:00
OOS Start Bar Index: 1658 | Time: 2020-04-02 18:45:00+00:00
ADF Test Result: p-value=0.0118 (Required < 0.05) | OLS Beta: 0.4548
Filter OFF: Spread is stationary. Proceeding with optimization.
IS Optimization Time: 0.03 seconds.
Optimal Params (Sharpe=5.8507, Calmar=143.6212): Z_E=2.1, Z_X=1.3, Z_SL=3.3
📊 Persistence: Saved 0 PnL points to wfa_outputs\oos_equity_curve_AOS_MAS_15m_20251109_015151_0.05.csv
OOS Period (2020-04-02 18:45:00+00:00 to 2020-04-24 18:30:00+00:00): PnL: $0.00 | Sharpe: 0.0000 | Calmar: 0.0000 | Trades: 0

--- Window 3 Boundary Check ---
IS Period RTH Bars: 980. Start: 2020-03-03 15:00:00+00:00 | End: 2020-04-24 18:30:00+00:00
OOS Start Bar Index: 2048 | Time: 2020-04-24 18:45:00+00:00
ADF Test Result: p-value=0.0011 (Required < 0.05) | OLS Beta: 0.4125
Filter OFF: Spread is stationary. Proceeding with optimization.
IS Optimization Time: 0.03 seconds.
Optimal Params (Sharpe=6.1800, Calmar=654.6671): Z_E=2.1, Z_X=0.7, Z_SL=3.6
📊 Persistence: Saved 51 PnL points to wfa_outputs\oos_equity_curve_AOS_MAS_15m_20251109_015151_0.05.csv
OOS Period (2020-04-24 18:45:00+00:00 to 2020-05-15 18:30:00+00:00): PnL: $175.95 | Sharpe: 1.3945 | Calmar: 10.2464 | Trades: 51

--- Window 4 Boundary Check ---
IS Period RTH Bars: 980. Start: 2020-03-24 14:15:00+00:00 | End: 2020-05-15 18:30:00+00:00
OOS Start Bar Index: 2438 | Time: 2020-05-15 18:45:00+00:00
ADF Test Result: p-value=0.0604 (Required < 0.05) | OLS Beta: 0.6775
Filter ON: Spread not stationary (p-value too high). Skipping optimization and OOS test.

--- Window 5 Boundary Check ---
IS Period RTH Bars: 980. Start: 2020-04-15 14:15:00+00:00 | End: 2020-06-08 18:30:00+00:00
OOS Start Bar Index: 2828 | Time: 2020-06-08 18:45:00+00:00
ADF Test Result: p-value=0.5714 (Required < 0.05) | OLS Beta: 0.8913
Filter ON: Spread not stationary (p-value too high). Skipping optimization and OOS test.

--- Window 6 Boundary Check ---
IS Period RTH Bars: 980. Start: 2020-05-06 14:15:00+00:00 | End: 2020-06-29 18:30:00+00:00
OOS Start Bar Index: 3218 | Time: 2020-06-29 18:45:00+00:00
ADF Test Result: p-value=0.5533 (Required < 0.05) | OLS Beta: 0.8020
Filter ON: Spread not stationary (p-value too high). Skipping optimization and OOS test.

--- Window 7 Boundary Check ---
IS Period RTH Bars: 980. Start: 2020-05-28 14:15:00+00:00 | End: 2020-07-21 18:30:00+00:00
OOS Start Bar Index: 3608 | Time: 2020-07-21 18:45:00+00:00
ADF Test Result: p-value=0.6523 (Required < 0.05) | OLS Beta: 0.4652
Filter ON: Spread not stationary (p-value too high). Skipping optimization and OOS test.

--- Window 8 Boundary Check ---
IS Period RTH Bars: 980. Start: 2020-06-18 14:15:00+00:00 | End: 2020-08-11 18:30:00+00:00
OOS Start Bar Index: 3998 | Time: 2020-08-11 18:45:00+00:00
ADF Test Result: p-value=0.4600 (Required < 0.05) | OLS Beta: 0.3896
Filter ON: Spread not stationary (p-value too high). Skipping optimization and OOS test.

--- Window 9 Boundary Check ---
IS Period RTH Bars: 980. Start: 2020-07-10 14:15:00+00:00 | End: 2020-09-01 18:30:00+00:00
OOS Start Bar Index: 4388 | Time: 2020-09-01 18:45:00+00:00
ADF Test Result: p-value=0.0995 (Required < 0.05) | OLS Beta: -0.1017
Filter ON: Spread not stationary (p-value too high). Skipping optimization and OOS test.

--- Window 10 Boundary Check ---
IS Period RTH Bars: 980. Start: 2020-07-31 14:15:00+00:00 | End: 2020-09-23 18:30:00+00:00
OOS Start Bar Index: 4778 | Time: 2020-09-23 18:45:00+00:00
ADF Test Result: p-value=0.6405 (Required < 0.05) | OLS Beta: -0.0747
Filter ON: Spread not stationary (p-value too high). Skipping optimization and OOS test.

--- Window 11 Boundary Check ---
IS Period RTH Bars: 980. Start: 2020-08-21 14:15:00+00:00 | End: 2020-10-14 18:30:00+00:00
OOS Start Bar Index: 5168 | Time: 2020-10-14 18:45:00+00:00
ADF Test Result: p-value=0.4371 (Required < 0.05) | OLS Beta: -0.8758
Filter ON: Spread not stationary (p-value too high). Skipping optimization and OOS test.

--- Window 12 Boundary Check ---
IS Period RTH Bars: 980. Start: 2020-09-14 14:15:00+00:00 | End: 2020-11-04 19:30:00+00:00
OOS Start Bar Index: 5558 | Time: 2020-11-04 19:45:00+00:00
ADF Test Result: p-value=0.0282 (Required < 0.05) | OLS Beta: 0.1033
Filter OFF: Spread is stationary. Proceeding with optimization.
IS Optimization Time: 0.03 seconds.
Optimal Params (Sharpe=5.2436, Calmar=109.5192): Z_E=2.5, Z_X=0.3, Z_SL=4.5
📊 Persistence: Saved 52 PnL points to wfa_outputs\oos_equity_curve_AOS_MAS_15m_20251109_015151_0.05.csv
OOS Period (2020-11-04 19:45:00+00:00 to 2020-11-25 19:30:00+00:00): PnL: $136.83 | Sharpe: 4.1040 | Calmar: 0.0000 | Trades: 1

--- Window 13 Boundary Check ---
IS Period RTH Bars: 980. Start: 2020-10-05 14:15:00+00:00 | End: 2020-11-25 19:30:00+00:00
OOS Start Bar Index: 5948 | Time: 2020-11-25 19:45:00+00:00
ADF Test Result: p-value=0.2666 (Required < 0.05) | OLS Beta: 0.3181
Filter ON: Spread not stationary (p-value too high). Skipping optimization and OOS test.

--- Window 14 Boundary Check ---
IS Period RTH Bars: 980. Start: 2020-10-26 14:15:00+00:00 | End: 2020-12-18 15:45:00+00:00
OOS Start Bar Index: 6338 | Time: 2020-12-18 16:00:00+00:00
ADF Test Result: p-value=0.1546 (Required < 0.05) | OLS Beta: -0.0134
Filter ON: Spread not stationary (p-value too high). Skipping optimization and OOS test.

--- Window 15 Boundary Check ---
IS Period RTH Bars: 980. Start: 2020-11-16 15:15:00+00:00 | End: 2021-01-12 18:30:00+00:00
OOS Start Bar Index: 6728 | Time: 2021-01-12 18:45:00+00:00
ADF Test Result: p-value=0.2171 (Required < 0.05) | OLS Beta: 0.2354
Filter ON: Spread not stationary (p-value too high). Skipping optimization and OOS test.

--- Window 16 Boundary Check ---
IS Period RTH Bars: 980. Start: 2020-12-08 18:00:00+00:00 | End: 2021-02-03 18:30:00+00:00
OOS Start Bar Index: 7118 | Time: 2021-02-03 18:45:00+00:00
ADF Test Result: p-value=0.0031 (Required < 0.05) | OLS Beta: 0.5198
Filter OFF: Spread is stationary. Proceeding with optimization.
IS Optimization Time: 0.03 seconds.
Optimal Params (Sharpe=5.2404, Calmar=109.7002): Z_E=2.5, Z_X=0.3, Z_SL=4.5
📊 Persistence: Saved 103 PnL points to wfa_outputs\oos_equity_curve_AOS_MAS_15m_20251109_015151_0.05.csv
OOS Period (2021-02-03 18:45:00+00:00 to 2021-02-25 18:30:00+00:00): PnL: $-296.11 | Sharpe: -4.0165 | Calmar: -9.6776 | Trades: 51

--- Window 17 Boundary Check ---
IS Period RTH Bars: 980. Start: 2020-12-30 20:45:00+00:00 | End: 2021-02-25 18:30:00+00:00
OOS Start Bar Index: 7508 | Time: 2021-02-25 18:45:00+00:00
ADF Test Result: p-value=0.3298 (Required < 0.05) | OLS Beta: 0.1533
Filter ON: Spread not stationary (p-value too high). Skipping optimization and OOS test.

--- Window 18 Boundary Check ---
IS Period RTH Bars: 980. Start: 2021-01-22 20:45:00+00:00 | End: 2021-03-18 17:30:00+00:00
OOS Start Bar Index: 7898 | Time: 2021-03-18 17:45:00+00:00
ADF Test Result: p-value=0.5137 (Required < 0.05) | OLS Beta: 0.6520
Filter ON: Spread not stationary (p-value too high). Skipping optimization and OOS test.

--- Window 19 Boundary Check ---
IS Period RTH Bars: 980. Start: 2021-02-12 20:45:00+00:00 | End: 2021-04-09 17:30:00+00:00
OOS Start Bar Index: 8288 | Time: 2021-04-09 17:45:00+00:00
ADF Test Result: p-value=0.6136 (Required < 0.05) | OLS Beta: 0.9193
Filter ON: Spread not stationary (p-value too high). Skipping optimization and OOS test.

--- Window 20 Boundary Check ---
IS Period RTH Bars: 980. Start: 2021-03-08 20:45:00+00:00 | End: 2021-05-03 17:15:00+00:00
OOS Start Bar Index: 8678 | Time: 2021-05-03 17:30:00+00:00
ADF Test Result: p-value=0.0781 (Required < 0.05) | OLS Beta: 0.2958
Filter ON: Spread not stationary (p-value too high). Skipping optimization and OOS test.

--- Window 21 Boundary Check ---
IS Period RTH Bars: 980. Start: 2021-03-29 19:45:00+00:00 | End: 2021-05-24 17:15:00+00:00
OOS Start Bar Index: 9068 | Time: 2021-05-24 17:30:00+00:00
ADF Test Result: p-value=0.4330 (Required < 0.05) | OLS Beta: 0.4200
Filter ON: Spread not stationary (p-value too high). Skipping optimization and OOS test.

--- Window 22 Boundary Check ---
IS Period RTH Bars: 980. Start: 2021-04-21 19:30:00+00:00 | End: 2021-06-15 17:15:00+00:00
OOS Start Bar Index: 9458 | Time: 2021-06-15 17:30:00+00:00
ADF Test Result: p-value=0.1679 (Required < 0.05) | OLS Beta: 0.1681
Filter ON: Spread not stationary (p-value too high). Skipping optimization and OOS test.

--- Window 23 Boundary Check ---
IS Period RTH Bars: 980. Start: 2021-05-12 19:30:00+00:00 | End: 2021-07-07 17:15:00+00:00
OOS Start Bar Index: 9848 | Time: 2021-07-07 17:30:00+00:00
ADF Test Result: p-value=0.5773 (Required < 0.05) | OLS Beta: 0.2915
Filter ON: Spread not stationary (p-value too high). Skipping optimization and OOS test.

--- Window 24 Boundary Check ---
IS Period RTH Bars: 980. Start: 2021-06-03 19:30:00+00:00 | End: 2021-07-28 17:15:00+00:00
OOS Start Bar Index: 10238 | Time: 2021-07-28 17:30:00+00:00
ADF Test Result: p-value=0.2709 (Required < 0.05) | OLS Beta: -0.1144
Filter ON: Spread not stationary (p-value too high). Skipping optimization and OOS test.

--- Window 25 Boundary Check ---
IS Period RTH Bars: 980. Start: 2021-06-24 19:30:00+00:00 | End: 2021-08-18 17:15:00+00:00
OOS Start Bar Index: 10628 | Time: 2021-08-18 17:30:00+00:00
ADF Test Result: p-value=0.0180 (Required < 0.05) | OLS Beta: 0.2959
Filter OFF: Spread is stationary. Proceeding with optimization.
IS Optimization Time: 0.03 seconds.
Optimal Params (Sharpe=6.6585, Calmar=478.9647): Z_E=2.7, Z_X=1.5, Z_SL=3.3
📊 Persistence: Saved 103 PnL points to wfa_outputs\oos_equity_curve_AOS_MAS_15m_20251109_015151_0.05.csv
OOS Period (2021-08-18 17:30:00+00:00 to 2021-09-09 17:15:00+00:00): PnL: $0.00 | Sharpe: 0.0000 | Calmar: 0.0000 | Trades: 0

--- Window 26 Boundary Check ---
IS Period RTH Bars: 980. Start: 2021-07-16 19:30:00+00:00 | End: 2021-09-09 17:15:00+00:00
OOS Start Bar Index: 11018 | Time: 2021-09-09 17:30:00+00:00
ADF Test Result: p-value=0.1729 (Required < 0.05) | OLS Beta: 0.5764
Filter ON: Spread not stationary (p-value too high). Skipping optimization and OOS test.

--- Window 27 Boundary Check ---
IS Period RTH Bars: 980. Start: 2021-08-06 19:30:00+00:00 | End: 2021-09-30 17:15:00+00:00
OOS Start Bar Index: 11408 | Time: 2021-09-30 17:30:00+00:00
ADF Test Result: p-value=0.3989 (Required < 0.05) | OLS Beta: 1.2257
Filter ON: Spread not stationary (p-value too high). Skipping optimization and OOS test.

--- Window 28 Boundary Check ---
IS Period RTH Bars: 980. Start: 2021-08-27 19:30:00+00:00 | End: 2021-10-21 17:15:00+00:00
OOS Start Bar Index: 11798 | Time: 2021-10-21 17:30:00+00:00
ADF Test Result: p-value=0.6892 (Required < 0.05) | OLS Beta: 1.3393
Filter ON: Spread not stationary (p-value too high). Skipping optimization and OOS test.

--- Window 29 Boundary Check ---
IS Period RTH Bars: 980. Start: 2021-09-20 19:30:00+00:00 | End: 2021-11-12 18:00:00+00:00
OOS Start Bar Index: 12188 | Time: 2021-11-12 18:15:00+00:00
ADF Test Result: p-value=0.5452 (Required < 0.05) | OLS Beta: 1.2180
Filter ON: Spread not stationary (p-value too high). Skipping optimization and OOS test.

--- Window 30 Boundary Check ---
IS Period RTH Bars: 980. Start: 2021-10-11 19:30:00+00:00 | End: 2021-12-06 20:45:00+00:00
OOS Start Bar Index: 12578 | Time: 2021-12-07 14:30:00+00:00
ADF Test Result: p-value=0.2319 (Required < 0.05) | OLS Beta: 1.5746
Filter ON: Spread not stationary (p-value too high). Skipping optimization and OOS test.

--- Window 31 Boundary Check ---
IS Period RTH Bars: 980. Start: 2021-11-02 19:15:00+00:00 | End: 2021-12-28 20:45:00+00:00
OOS Start Bar Index: 12968 | Time: 2021-12-29 14:30:00+00:00
ADF Test Result: p-value=0.0018 (Required < 0.05) | OLS Beta: 0.9216
Filter OFF: Spread is stationary. Proceeding with optimization.
IS Optimization Time: 0.03 seconds.
Optimal Params (Sharpe=3.7409, Calmar=82.0102): Z_E=2.9, Z_X=0.3, Z_SL=4.2
📊 Persistence: Saved 104 PnL points to wfa_outputs\oos_equity_curve_AOS_MAS_15m_20251109_015151_0.05.csv
OOS Period (2021-12-29 14:30:00+00:00 to 2022-01-19 20:45:00+00:00): PnL: $160.63 | Sharpe: 4.1040 | Calmar: 0.0000 | Trades: 1

--- Window 32 Boundary Check ---
IS Period RTH Bars: 980. Start: 2021-11-23 20:15:00+00:00 | End: 2022-01-19 20:45:00+00:00
OOS Start Bar Index: 13358 | Time: 2022-01-20 14:30:00+00:00
ADF Test Result: p-value=0.0063 (Required < 0.05) | OLS Beta: 0.9605
Filter OFF: Spread is stationary. Proceeding with optimization.
IS Optimization Time: 0.03 seconds.
Optimal Params (Sharpe=4.2180, Calmar=31.5133): Z_E=2.9, Z_X=0.3, Z_SL=4.2
📊 Persistence: Saved 107 PnL points to wfa_outputs\oos_equity_curve_AOS_MAS_15m_20251109_015151_0.05.csv
OOS Period (2022-01-20 14:30:00+00:00 to 2022-02-10 19:30:00+00:00): PnL: $162.49 | Sharpe: 3.7526 | Calmar: 46.6608 | Trades: 3

--- Window 33 Boundary Check ---
IS Period RTH Bars: 980. Start: 2021-12-16 16:30:00+00:00 | End: 2022-02-10 19:30:00+00:00
OOS Start Bar Index: 13748 | Time: 2022-02-10 19:45:00+00:00
ADF Test Result: p-value=0.0164 (Required < 0.05) | OLS Beta: 0.9851
Filter OFF: Spread is stationary. Proceeding with optimization.
IS Optimization Time: 0.03 seconds.
Optimal Params (Sharpe=2.5191, Calmar=11.2051): Z_E=2.9, Z_X=1.1, Z_SL=4.8
📊 Persistence: Saved 107 PnL points to wfa_outputs\oos_equity_curve_AOS_MAS_15m_20251109_015151_0.05.csv
OOS Period (2022-02-10 19:45:00+00:00 to 2022-03-04 19:30:00+00:00): PnL: $0.00 | Sharpe: 0.0000 | Calmar: 0.0000 | Trades: 0

--- Window 34 Boundary Check ---
IS Period RTH Bars: 980. Start: 2022-01-07 16:30:00+00:00 | End: 2022-03-04 19:30:00+00:00
OOS Start Bar Index: 14138 | Time: 2022-03-04 19:45:00+00:00
ADF Test Result: p-value=0.0237 (Required < 0.05) | OLS Beta: 0.8946
Filter OFF: Spread is stationary. Proceeding with optimization.
IS Optimization Time: 0.03 seconds.
Optimal Params (Sharpe=2.8464, Calmar=16.7314): Z_E=2.9, Z_X=1.1, Z_SL=4.8
📊 Persistence: Saved 109 PnL points to wfa_outputs\oos_equity_curve_AOS_MAS_15m_20251109_015151_0.05.csv
OOS Period (2022-03-04 19:45:00+00:00 to 2022-03-28 18:15:00+00:00): PnL: $287.04 | Sharpe: 5.7729 | Calmar: 0.0000 | Trades: 2

--- Window 35 Boundary Check ---
IS Period RTH Bars: 980. Start: 2022-02-01 15:15:00+00:00 | End: 2022-03-28 18:15:00+00:00
OOS Start Bar Index: 14528 | Time: 2022-03-28 18:30:00+00:00
ADF Test Result: p-value=0.2170 (Required < 0.05) | OLS Beta: 0.8184
Filter ON: Spread not stationary (p-value too high). Skipping optimization and OOS test.

--- Window 36 Boundary Check ---
IS Period RTH Bars: 980. Start: 2022-02-23 15:15:00+00:00 | End: 2022-04-19 18:15:00+00:00
OOS Start Bar Index: 14918 | Time: 2022-04-19 18:30:00+00:00
ADF Test Result: p-value=0.0167 (Required < 0.05) | OLS Beta: 0.4902
Filter OFF: Spread is stationary. Proceeding with optimization.
IS Optimization Time: 0.03 seconds.
Optimal Params (Sharpe=5.4043, Calmar=0.0000): Z_E=2.7, Z_X=0.3, Z_SL=3.6
📊 Persistence: Saved 242 PnL points to wfa_outputs\oos_equity_curve_AOS_MAS_15m_20251109_015151_0.05.csv
OOS Period (2022-04-19 18:30:00+00:00 to 2022-05-10 18:15:00+00:00): PnL: $8.37 | Sharpe: 0.1179 | Calmar: 0.4355 | Trades: 133

--- Window 37 Boundary Check ---
IS Period RTH Bars: 980. Start: 2022-03-17 14:00:00+00:00 | End: 2022-05-10 18:15:00+00:00
OOS Start Bar Index: 15308 | Time: 2022-05-10 18:30:00+00:00
ADF Test Result: p-value=0.7392 (Required < 0.05) | OLS Beta: 0.0327
Filter ON: Spread not stationary (p-value too high). Skipping optimization and OOS test.

--- Window 38 Boundary Check ---
IS Period RTH Bars: 980. Start: 2022-04-07 14:00:00+00:00 | End: 2022-06-01 18:15:00+00:00
OOS Start Bar Index: 15698 | Time: 2022-06-01 18:30:00+00:00
ADF Test Result: p-value=0.0553 (Required < 0.05) | OLS Beta: -0.6225
Filter ON: Spread not stationary (p-value too high). Skipping optimization and OOS test.

--- Window 39 Boundary Check ---
IS Period RTH Bars: 980. Start: 2022-04-29 14:00:00+00:00 | End: 2022-06-23 18:15:00+00:00
OOS Start Bar Index: 16088 | Time: 2022-06-23 18:30:00+00:00
ADF Test Result: p-value=0.2009 (Required < 0.05) | OLS Beta: 0.7408
Filter ON: Spread not stationary (p-value too high). Skipping optimization and OOS test.

--- Window 40 Boundary Check ---
IS Period RTH Bars: 980. Start: 2022-05-20 14:00:00+00:00 | End: 2022-07-15 18:15:00+00:00
OOS Start Bar Index: 16478 | Time: 2022-07-15 18:30:00+00:00
ADF Test Result: p-value=0.0880 (Required < 0.05) | OLS Beta: 0.7751
Filter ON: Spread not stationary (p-value too high). Skipping optimization and OOS test.

--- Window 41 Boundary Check ---
IS Period RTH Bars: 980. Start: 2022-06-13 14:00:00+00:00 | End: 2022-08-05 18:15:00+00:00
OOS Start Bar Index: 16868 | Time: 2022-08-05 18:30:00+00:00
ADF Test Result: p-value=0.6202 (Required < 0.05) | OLS Beta: 0.7880
Filter ON: Spread not stationary (p-value too high). Skipping optimization and OOS test.

--- Window 42 Boundary Check ---
IS Period RTH Bars: 980. Start: 2022-07-06 14:00:00+00:00 | End: 2022-08-26 18:15:00+00:00
OOS Start Bar Index: 17258 | Time: 2022-08-26 18:30:00+00:00
ADF Test Result: p-value=0.6600 (Required < 0.05) | OLS Beta: 0.7991
Filter ON: Spread not stationary (p-value too high). Skipping optimization and OOS test.

--- Window 43 Boundary Check ---
IS Period RTH Bars: 980. Start: 2022-07-27 14:00:00+00:00 | End: 2022-09-19 18:15:00+00:00
OOS Start Bar Index: 17648 | Time: 2022-09-19 18:30:00+00:00
ADF Test Result: p-value=0.2054 (Required < 0.05) | OLS Beta: 1.3250
Filter ON: Spread not stationary (p-value too high). Skipping optimization and OOS test.

--- Window 44 Boundary Check ---
IS Period RTH Bars: 980. Start: 2022-08-17 14:00:00+00:00 | End: 2022-10-10 18:15:00+00:00
OOS Start Bar Index: 18038 | Time: 2022-10-10 18:30:00+00:00
ADF Test Result: p-value=0.5342 (Required < 0.05) | OLS Beta: 1.4954
Filter ON: Spread not stationary (p-value too high). Skipping optimization and OOS test.

--- Window 45 Boundary Check ---
IS Period RTH Bars: 980. Start: 2022-09-08 14:00:00+00:00 | End: 2022-10-31 18:15:00+00:00
OOS Start Bar Index: 18428 | Time: 2022-10-31 18:30:00+00:00
ADF Test Result: p-value=0.8933 (Required < 0.05) | OLS Beta: 0.6656
Filter ON: Spread not stationary (p-value too high). Skipping optimization and OOS test.

--- Window 46 Boundary Check ---
IS Period RTH Bars: 980. Start: 2022-09-29 14:00:00+00:00 | End: 2022-11-21 19:15:00+00:00
OOS Start Bar Index: 18818 | Time: 2022-11-21 19:30:00+00:00
ADF Test Result: p-value=0.9472 (Required < 0.05) | OLS Beta: 0.3666
Filter ON: Spread not stationary (p-value too high). Skipping optimization and OOS test.

--- Window 47 Boundary Check ---
IS Period RTH Bars: 980. Start: 2022-10-20 14:00:00+00:00 | End: 2022-12-14 15:30:00+00:00
OOS Start Bar Index: 19208 | Time: 2022-12-14 15:45:00+00:00
ADF Test Result: p-value=0.2929 (Required < 0.05) | OLS Beta: 0.9162
Filter ON: Spread not stationary (p-value too high). Skipping optimization and OOS test.

--- Window 48 Boundary Check ---
IS Period RTH Bars: 980. Start: 2022-11-10 15:00:00+00:00 | End: 2023-01-06 15:30:00+00:00
OOS Start Bar Index: 19598 | Time: 2023-01-06 15:45:00+00:00
ADF Test Result: p-value=0.2615 (Required < 0.05) | OLS Beta: 0.7130
Filter ON: Spread not stationary (p-value too high). Skipping optimization and OOS test.

--- Window 49 Boundary Check ---
IS Period RTH Bars: 980. Start: 2022-12-02 17:45:00+00:00 | End: 2023-01-30 15:30:00+00:00
OOS Start Bar Index: 19988 | Time: 2023-01-30 15:45:00+00:00
ADF Test Result: p-value=0.1505 (Required < 0.05) | OLS Beta: 0.6843
Filter ON: Spread not stationary (p-value too high). Skipping optimization and OOS test.

--- Window 50 Boundary Check ---
IS Period RTH Bars: 980. Start: 2022-12-23 17:45:00+00:00 | End: 2023-02-21 15:30:00+00:00
OOS Start Bar Index: 20378 | Time: 2023-02-21 15:45:00+00:00
ADF Test Result: p-value=0.2165 (Required < 0.05) | OLS Beta: 1.0658
Filter ON: Spread not stationary (p-value too high). Skipping optimization and OOS test.

--- Window 51 Boundary Check ---
IS Period RTH Bars: 980. Start: 2023-01-18 17:45:00+00:00 | End: 2023-03-14 14:30:00+00:00
OOS Start Bar Index: 20768 | Time: 2023-03-14 14:45:00+00:00
ADF Test Result: p-value=0.6695 (Required < 0.05) | OLS Beta: 1.0575
Filter ON: Spread not stationary (p-value too high). Skipping optimization and OOS test.

--- Window 52 Boundary Check ---
IS Period RTH Bars: 980. Start: 2023-02-08 17:45:00+00:00 | End: 2023-04-04 14:30:00+00:00
OOS Start Bar Index: 21158 | Time: 2023-04-04 14:45:00+00:00
ADF Test Result: p-value=0.0043 (Required < 0.05) | OLS Beta: -0.0606
Filter OFF: Spread is stationary. Proceeding with optimization.
IS Optimization Time: 0.02 seconds.
Optimal Params (Sharpe=5.0792, Calmar=30.4683): Z_E=1.9, Z_X=0.9, Z_SL=3.3
📊 Persistence: Saved 250 PnL points to wfa_outputs\oos_equity_curve_AOS_MAS_15m_20251109_015151_0.05.csv
OOS Period (2023-04-04 14:45:00+00:00 to 2023-04-26 14:30:00+00:00): PnL: $367.84 | Sharpe: 3.7888 | Calmar: 39.2421 | Trades: 8

--- Window 53 Boundary Check ---
IS Period RTH Bars: 980. Start: 2023-03-02 17:45:00+00:00 | End: 2023-04-26 14:30:00+00:00
OOS Start Bar Index: 21548 | Time: 2023-04-26 14:45:00+00:00
ADF Test Result: p-value=0.1159 (Required < 0.05) | OLS Beta: 0.2723
Filter ON: Spread not stationary (p-value too high). Skipping optimization and OOS test.

--- Window 54 Boundary Check ---
IS Period RTH Bars: 980. Start: 2023-03-23 16:45:00+00:00 | End: 2023-05-17 14:30:00+00:00
OOS Start Bar Index: 21938 | Time: 2023-05-17 14:45:00+00:00
ADF Test Result: p-value=0.0614 (Required < 0.05) | OLS Beta: 0.4388
Filter ON: Spread not stationary (p-value too high). Skipping optimization and OOS test.

--- Window 55 Boundary Check ---
IS Period RTH Bars: 980. Start: 2023-04-14 16:45:00+00:00 | End: 2023-06-08 14:30:00+00:00
OOS Start Bar Index: 22328 | Time: 2023-06-08 14:45:00+00:00
ADF Test Result: p-value=0.0055 (Required < 0.05) | OLS Beta: 0.5446
Filter OFF: Spread is stationary. Proceeding with optimization.
IS Optimization Time: 0.03 seconds.
Optimal Params (Sharpe=4.3250, Calmar=31.3260): Z_E=1.9, Z_X=0.5, Z_SL=3.3
📊 Persistence: Saved 252 PnL points to wfa_outputs\oos_equity_curve_AOS_MAS_15m_20251109_015151_0.05.csv
OOS Period (2023-06-08 14:45:00+00:00 to 2023-06-30 14:30:00+00:00): PnL: $253.65 | Sharpe: 5.6959 | Calmar: 0.0000 | Trades: 2

--- Window 56 Boundary Check ---
IS Period RTH Bars: 980. Start: 2023-05-05 16:45:00+00:00 | End: 2023-06-30 14:30:00+00:00
OOS Start Bar Index: 22718 | Time: 2023-06-30 14:45:00+00:00
ADF Test Result: p-value=0.0316 (Required < 0.05) | OLS Beta: 0.5613
Filter OFF: Spread is stationary. Proceeding with optimization.
IS Optimization Time: 0.03 seconds.
Optimal Params (Sharpe=1.8542, Calmar=5.4250): Z_E=2.7, Z_X=0.3, Z_SL=3.3
📊 Persistence: Saved 286 PnL points to wfa_outputs\oos_equity_curve_AOS_MAS_15m_20251109_015151_0.05.csv
OOS Period (2023-06-30 14:45:00+00:00 to 2023-07-24 17:15:00+00:00): PnL: $-43.69 | Sharpe: -2.0323 | Calmar: -4.9227 | Trades: 34

--- Window 57 Boundary Check ---
IS Period RTH Bars: 980. Start: 2023-05-26 16:45:00+00:00 | End: 2023-07-24 17:15:00+00:00
OOS Start Bar Index: 23108 | Time: 2023-07-24 17:30:00+00:00
ADF Test Result: p-value=0.1538 (Required < 0.05) | OLS Beta: 0.7059
Filter ON: Spread not stationary (p-value too high). Skipping optimization and OOS test.

--- Window 58 Boundary Check ---
IS Period RTH Bars: 980. Start: 2023-06-20 16:45:00+00:00 | End: 2023-08-14 17:15:00+00:00
OOS Start Bar Index: 23498 | Time: 2023-08-14 17:30:00+00:00
ADF Test Result: p-value=0.5206 (Required < 0.05) | OLS Beta: 0.5771
Filter ON: Spread not stationary (p-value too high). Skipping optimization and OOS test.

--- Window 59 Boundary Check ---
IS Period RTH Bars: 980. Start: 2023-07-12 19:30:00+00:00 | End: 2023-09-05 17:15:00+00:00
OOS Start Bar Index: 23888 | Time: 2023-09-05 17:30:00+00:00
ADF Test Result: p-value=0.3264 (Required < 0.05) | OLS Beta: 0.8799
Filter ON: Spread not stationary (p-value too high). Skipping optimization and OOS test.

--- Window 60 Boundary Check ---
IS Period RTH Bars: 980. Start: 2023-08-02 19:30:00+00:00 | End: 2023-09-26 17:15:00+00:00
OOS Start Bar Index: 24278 | Time: 2023-09-26 17:30:00+00:00
ADF Test Result: p-value=0.0350 (Required < 0.05) | OLS Beta: 1.0531
Filter OFF: Spread is stationary. Proceeding with optimization.
IS Optimization Time: 0.03 seconds.
Optimal Params (Sharpe=4.5610, Calmar=36.7808): Z_E=2.9, Z_X=0.7, Z_SL=3.3
📊 Persistence: Saved 396 PnL points to wfa_outputs\oos_equity_curve_AOS_MAS_15m_20251109_015151_0.05.csv
OOS Period (2023-09-26 17:30:00+00:00 to 2023-10-17 17:15:00+00:00): PnL: $-396.66 | Sharpe: -11.4158 | Calmar: -11.8400 | Trades: 110

--- Window 61 Boundary Check ---
IS Period RTH Bars: 980. Start: 2023-08-23 19:30:00+00:00 | End: 2023-10-17 17:15:00+00:00
OOS Start Bar Index: 24668 | Time: 2023-10-17 17:30:00+00:00
ADF Test Result: p-value=0.9827 (Required < 0.05) | OLS Beta: 0.5446
Filter ON: Spread not stationary (p-value too high). Skipping optimization and OOS test.

--- Window 62 Boundary Check ---
IS Period RTH Bars: 980. Start: 2023-09-14 19:30:00+00:00 | End: 2023-11-07 18:15:00+00:00
OOS Start Bar Index: 25058 | Time: 2023-11-07 18:30:00+00:00
ADF Test Result: p-value=0.6799 (Required < 0.05) | OLS Beta: 0.1588
Filter ON: Spread not stationary (p-value too high). Skipping optimization and OOS test.

--- Window 63 Boundary Check ---
IS Period RTH Bars: 980. Start: 2023-10-05 19:30:00+00:00 | End: 2023-11-29 20:45:00+00:00
OOS Start Bar Index: 25448 | Time: 2023-11-30 14:30:00+00:00
ADF Test Result: p-value=0.0105 (Required < 0.05) | OLS Beta: 0.6536
Filter OFF: Spread is stationary. Proceeding with optimization.
IS Optimization Time: 0.03 seconds.
Optimal Params (Sharpe=4.1828, Calmar=0.0000): Z_E=3.3, Z_X=0.7, Z_SL=3.6
📊 Persistence: Saved 401 PnL points to wfa_outputs\oos_equity_curve_AOS_MAS_15m_20251109_015151_0.05.csv
OOS Period (2023-11-30 14:30:00+00:00 to 2023-12-20 20:45:00+00:00): PnL: $146.16 | Sharpe: 4.1376 | Calmar: 209.1903 | Trades: 5

--- Window 64 Boundary Check ---
IS Period RTH Bars: 980. Start: 2023-10-26 19:30:00+00:00 | End: 2023-12-20 20:45:00+00:00
OOS Start Bar Index: 25838 | Time: 2023-12-21 14:30:00+00:00
ADF Test Result: p-value=0.0399 (Required < 0.05) | OLS Beta: 0.5296
Filter OFF: Spread is stationary. Proceeding with optimization.
IS Optimization Time: 0.03 seconds.
Optimal Params (Sharpe=-2.1383, Calmar=-4.3746): Z_E=1.9, Z_X=0.7, Z_SL=3.6
📊 Persistence: Saved 403 PnL points to wfa_outputs\oos_equity_curve_AOS_MAS_15m_20251109_015151_0.05.csv
OOS Period (2023-12-21 14:30:00+00:00 to 2024-01-12 20:45:00+00:00): PnL: $197.81 | Sharpe: 5.7998 | Calmar: 0.0000 | Trades: 2

--- Window 65 Boundary Check ---
IS Period RTH Bars: 980. Start: 2023-11-16 20:30:00+00:00 | End: 2024-01-12 20:45:00+00:00
OOS Start Bar Index: 26228 | Time: 2024-01-16 14:30:00+00:00
ADF Test Result: p-value=0.2303 (Required < 0.05) | OLS Beta: 0.5215
Filter ON: Spread not stationary (p-value too high). Skipping optimization and OOS test.

--- Window 66 Boundary Check ---
IS Period RTH Bars: 980. Start: 2023-12-11 16:30:00+00:00 | End: 2024-02-05 20:45:00+00:00
OOS Start Bar Index: 26618 | Time: 2024-02-06 14:30:00+00:00
ADF Test Result: p-value=0.4133 (Required < 0.05) | OLS Beta: 0.1676
Filter ON: Spread not stationary (p-value too high). Skipping optimization and OOS test.

--- Window 67 Boundary Check ---
IS Period RTH Bars: 980. Start: 2024-01-03 16:30:00+00:00 | End: 2024-02-27 20:45:00+00:00
OOS Start Bar Index: 27008 | Time: 2024-02-28 14:30:00+00:00
ADF Test Result: p-value=0.0257 (Required < 0.05) | OLS Beta: 0.1241
Filter OFF: Spread is stationary. Proceeding with optimization.
IS Optimization Time: 0.03 seconds.
Optimal Params (Sharpe=3.6443, Calmar=0.0000): Z_E=2.7, Z_X=1.5, Z_SL=3.9
📊 Persistence: Saved 516 PnL points to wfa_outputs\oos_equity_curve_AOS_MAS_15m_20251109_015151_0.05.csv
OOS Period (2024-02-28 14:30:00+00:00 to 2024-03-19 19:45:00+00:00): PnL: $-177.77 | Sharpe: -3.6252 | Calmar: -10.5125 | Trades: 113

--- Window 68 Boundary Check ---
IS Period RTH Bars: 980. Start: 2024-01-25 16:30:00+00:00 | End: 2024-03-19 19:45:00+00:00
OOS Start Bar Index: 27398 | Time: 2024-03-20 13:30:00+00:00
ADF Test Result: p-value=0.4648 (Required < 0.05) | OLS Beta: 0.5409
Filter ON: Spread not stationary (p-value too high). Skipping optimization and OOS test.

--- Window 69 Boundary Check ---
IS Period RTH Bars: 980. Start: 2024-02-15 16:30:00+00:00 | End: 2024-04-10 19:45:00+00:00
OOS Start Bar Index: 27788 | Time: 2024-04-11 13:30:00+00:00
ADF Test Result: p-value=0.7272 (Required < 0.05) | OLS Beta: 1.0912
Filter ON: Spread not stationary (p-value too high). Skipping optimization and OOS test.

--- Window 70 Boundary Check ---
IS Period RTH Bars: 980. Start: 2024-03-08 16:30:00+00:00 | End: 2024-05-01 19:45:00+00:00
OOS Start Bar Index: 28178 | Time: 2024-05-02 13:30:00+00:00
ADF Test Result: p-value=0.0165 (Required < 0.05) | OLS Beta: 0.4169
Filter OFF: Spread is stationary. Proceeding with optimization.
IS Optimization Time: 0.03 seconds.
Optimal Params (Sharpe=4.2365, Calmar=65.5131): Z_E=3.1, Z_X=0.9, Z_SL=3.6
📊 Persistence: Saved 516 PnL points to wfa_outputs\oos_equity_curve_AOS_MAS_15m_20251109_015151_0.05.csv
OOS Period (2024-05-02 13:30:00+00:00 to 2024-05-22 19:45:00+00:00): PnL: $0.00 | Sharpe: 0.0000 | Calmar: 0.0000 | Trades: 0

--- Window 71 Boundary Check ---
IS Period RTH Bars: 980. Start: 2024-04-01 15:30:00+00:00 | End: 2024-05-22 19:45:00+00:00
OOS Start Bar Index: 28568 | Time: 2024-05-23 13:30:00+00:00
ADF Test Result: p-value=0.0474 (Required < 0.05) | OLS Beta: 0.3424
Filter OFF: Spread is stationary. Proceeding with optimization.
IS Optimization Time: 0.03 seconds.
Optimal Params (Sharpe=5.4218, Calmar=52.9257): Z_E=1.9, Z_X=1.5, Z_SL=3.6
📊 Persistence: Saved 519 PnL points to wfa_outputs\oos_equity_curve_AOS_MAS_15m_20251109_015151_0.05.csv
OOS Period (2024-05-23 13:30:00+00:00 to 2024-06-13 19:45:00+00:00): PnL: $207.85 | Sharpe: 5.8886 | Calmar: 0.0000 | Trades: 3

--- Window 72 Boundary Check ---
IS Period RTH Bars: 980. Start: 2024-04-22 15:30:00+00:00 | End: 2024-06-13 19:45:00+00:00
OOS Start Bar Index: 28958 | Time: 2024-06-14 13:30:00+00:00
ADF Test Result: p-value=0.0025 (Required < 0.05) | OLS Beta: 0.9254
Filter OFF: Spread is stationary. Proceeding with optimization.
IS Optimization Time: 0.03 seconds.
Optimal Params (Sharpe=6.7103, Calmar=131.4688): Z_E=1.9, Z_X=0.9, Z_SL=3.6
📊 Persistence: Saved 522 PnL points to wfa_outputs\oos_equity_curve_AOS_MAS_15m_20251109_015151_0.05.csv
OOS Period (2024-06-14 13:30:00+00:00 to 2024-07-09 16:00:00+00:00): PnL: $215.13 | Sharpe: 7.0722 | Calmar: 0.0000 | Trades: 3

--- Window 73 Boundary Check ---
IS Period RTH Bars: 980. Start: 2024-05-13 15:30:00+00:00 | End: 2024-07-09 16:00:00+00:00
OOS Start Bar Index: 29348 | Time: 2024-07-09 16:15:00+00:00
ADF Test Result: p-value=0.2227 (Required < 0.05) | OLS Beta: 0.7113
Filter ON: Spread not stationary (p-value too high). Skipping optimization and OOS test.

--- Window 74 Boundary Check ---
IS Period RTH Bars: 980. Start: 2024-06-04 15:30:00+00:00 | End: 2024-07-30 16:00:00+00:00
OOS Start Bar Index: 29738 | Time: 2024-07-30 16:15:00+00:00
ADF Test Result: p-value=0.3643 (Required < 0.05) | OLS Beta: 0.4619
Filter ON: Spread not stationary (p-value too high). Skipping optimization and OOS test.

--- Window 75 Boundary Check ---
IS Period RTH Bars: 980. Start: 2024-06-26 15:30:00+00:00 | End: 2024-08-20 16:00:00+00:00
OOS Start Bar Index: 30128 | Time: 2024-08-20 16:15:00+00:00
ADF Test Result: p-value=0.5434 (Required < 0.05) | OLS Beta: 0.1480
Filter ON: Spread not stationary (p-value too high). Skipping optimization and OOS test.

--- Window 76 Boundary Check ---
IS Period RTH Bars: 980. Start: 2024-07-18 18:15:00+00:00 | End: 2024-09-11 16:00:00+00:00
OOS Start Bar Index: 30518 | Time: 2024-09-11 16:15:00+00:00
ADF Test Result: p-value=0.0793 (Required < 0.05) | OLS Beta: -0.0619
Filter ON: Spread not stationary (p-value too high). Skipping optimization and OOS test.

--- Window 77 Boundary Check ---
IS Period RTH Bars: 980. Start: 2024-08-08 18:15:00+00:00 | End: 2024-10-02 16:00:00+00:00
OOS Start Bar Index: 30908 | Time: 2024-10-02 16:15:00+00:00
ADF Test Result: p-value=0.4475 (Required < 0.05) | OLS Beta: 0.7914
Filter ON: Spread not stationary (p-value too high). Skipping optimization and OOS test.

--- Window 78 Boundary Check ---
IS Period RTH Bars: 980. Start: 2024-08-29 18:15:00+00:00 | End: 2024-10-23 16:00:00+00:00
OOS Start Bar Index: 31298 | Time: 2024-10-23 16:15:00+00:00
ADF Test Result: p-value=0.8526 (Required < 0.05) | OLS Beta: 0.6931
Filter ON: Spread not stationary (p-value too high). Skipping optimization and OOS test.

--- Window 79 Boundary Check ---
IS Period RTH Bars: 980. Start: 2024-09-20 18:15:00+00:00 | End: 2024-11-13 17:00:00+00:00
OOS Start Bar Index: 31688 | Time: 2024-11-13 17:15:00+00:00
ADF Test Result: p-value=0.7402 (Required < 0.05) | OLS Beta: 1.6280
Filter ON: Spread not stationary (p-value too high). Skipping optimization and OOS test.

--- Window 80 Boundary Check ---
IS Period RTH Bars: 980. Start: 2024-10-11 18:15:00+00:00 | End: 2024-12-05 19:45:00+00:00
OOS Start Bar Index: 32078 | Time: 2024-12-05 20:00:00+00:00
ADF Test Result: p-value=0.1358 (Required < 0.05) | OLS Beta: 1.0938
Filter ON: Spread not stationary (p-value too high). Skipping optimization and OOS test.

############################################################
📈 OVERALL SIMULATION PERFORMANCE (Walk-Forward Test)
############################################################
Timeframe Used: 1Min, Value: 15
ADF Cointegration Filter Threshold: 0.05
Total OOS Windows Tested: 80
Total Trades Executed: 522
--- Final Performance Metrics ---
Total PnL: $1,405.52
Overall Sharpe Ratio (Annualized): 0.3135
Overall Calmar Ratio (Annualized): 0.1250
Maximum Dollar Drawdown (MDD): $470.48

--- Execution Time ---
Total Elapsed Time: 32.90 seconds
############################################################
[0m