--- Dynamic Timeframe Configuration ---
TimeFrame Selected: 1Min, Value: 1
Bars per Trading Day: 390
Annualization Factor (Bars/Year): 98280
Statistical Lookback Bars: 2184
Optimization Lookback Bars: 19032
---------------------------------------
--- Diagnostic Check ---
API Key ID Length: 26
API Secret Key Length: 44
StockHistoricalDataClient initialized successfully. Starting data fetch...
--------------------------
Pre-compiling Numba function for first run optimization...
Numba pre-compilation complete.
Fetching data from 2020-01-15 to 2025-01-13...
Fetching 1Min data for UNP...
Fetching 1Min data for CSX...
Data acquired successfully. Total 1Min RTH bars: 482878
Skipping full pre-calculation. Metrics will be calculated inside the WFA loop.

============================================================
📈 Starting Rolling Backtest: IS Optimization Window=19032 bars, Shift=15 days
   Data already processed with Statistical Rolling Window: 2184 bars
   ADF Cointegration Filter: p-value < 0.05
============================================================

--- Window 1 Boundary Check ---
IS Period RTH Bars: 14666. Start: 2020-01-31 15:48:00+00:00 | End: 2020-03-26 14:08:00+00:00
OOS Start Bar Index: 19032 | Time: 2020-03-26 14:09:00+00:00
ADF Test Result: p-value=0.0963 (Required < 0.05) | OLS Beta: 0.9163
Filter ON: Spread not stationary (p-value too high). Skipping optimization and OOS test.

--- Window 2 Boundary Check ---
IS Period RTH Bars: 14666. Start: 2020-02-24 16:20:00+00:00 | End: 2020-04-17 14:09:00+00:00
OOS Start Bar Index: 24882 | Time: 2020-04-17 14:10:00+00:00
ADF Test Result: p-value=0.0852 (Required < 0.05) | OLS Beta: 0.7904
Filter ON: Spread not stationary (p-value too high). Skipping optimization and OOS test.

--- Window 3 Boundary Check ---
IS Period RTH Bars: 14666. Start: 2020-03-16 16:27:00+00:00 | End: 2020-05-08 14:09:00+00:00
OOS Start Bar Index: 30732 | Time: 2020-05-08 14:10:00+00:00
ADF Test Result: p-value=0.0088 (Required < 0.05) | OLS Beta: 1.0414
Filter OFF: Spread is stationary. Proceeding with optimization.
IS Optimization Time: 0.19 seconds.
Optimal Params (Sharpe=1.9577, Calmar=12.2373): Z_E=3.3, Z_X=1.3, Z_SL=4.8
📊 Persistence: Saved 0 PnL points to wfa_outputs\oos_equity_curve_UNP_CSX_1m_20251105_154458_0.05.csv
OOS Period (2020-05-08 14:10:00+00:00 to 2020-06-01 14:18:00+00:00): PnL: $0.00 | Sharpe: 0.0000 | Calmar: 0.0000 | Trades: 0

--- Window 4 Boundary Check ---
IS Period RTH Bars: 14666. Start: 2020-04-06 16:43:00+00:00 | End: 2020-06-01 14:18:00+00:00
OOS Start Bar Index: 36582 | Time: 2020-06-01 14:19:00+00:00
ADF Test Result: p-value=0.0439 (Required < 0.05) | OLS Beta: 0.9238
Filter OFF: Spread is stationary. Proceeding with optimization.
IS Optimization Time: 0.15 seconds.
Optimal Params (Sharpe=3.4282, Calmar=18.2874): Z_E=2.7, Z_X=1.5, Z_SL=4.8
📊 Persistence: Saved 1 PnL points to wfa_outputs\oos_equity_curve_UNP_CSX_1m_20251105_154458_0.05.csv
OOS Period (2020-06-01 14:19:00+00:00 to 2020-06-22 14:19:00+00:00): PnL: $92.56 | Sharpe: 4.0991 | Calmar: 0.0000 | Trades: 1

--- Window 5 Boundary Check ---
IS Period RTH Bars: 14666. Start: 2020-04-28 16:44:00+00:00 | End: 2020-06-22 14:19:00+00:00
OOS Start Bar Index: 42432 | Time: 2020-06-22 14:20:00+00:00
ADF Test Result: p-value=0.1270 (Required < 0.05) | OLS Beta: 0.9320
Filter ON: Spread not stationary (p-value too high). Skipping optimization and OOS test.

--- Window 6 Boundary Check ---
IS Period RTH Bars: 14666. Start: 2020-05-19 16:46:00+00:00 | End: 2020-07-14 14:23:00+00:00
OOS Start Bar Index: 48282 | Time: 2020-07-14 14:24:00+00:00
ADF Test Result: p-value=0.1097 (Required < 0.05) | OLS Beta: 0.8047
Filter ON: Spread not stationary (p-value too high). Skipping optimization and OOS test.

--- Window 7 Boundary Check ---
IS Period RTH Bars: 14666. Start: 2020-06-10 16:53:00+00:00 | End: 2020-08-04 14:24:00+00:00
OOS Start Bar Index: 54132 | Time: 2020-08-04 14:25:00+00:00
ADF Test Result: p-value=0.0519 (Required < 0.05) | OLS Beta: 1.0775
Filter ON: Spread not stationary (p-value too high). Skipping optimization and OOS test.

--- Window 8 Boundary Check ---
IS Period RTH Bars: 14666. Start: 2020-07-01 16:55:00+00:00 | End: 2020-08-25 14:41:00+00:00
OOS Start Bar Index: 59982 | Time: 2020-08-25 14:42:00+00:00
ADF Test Result: p-value=0.0117 (Required < 0.05) | OLS Beta: 1.4691
Filter OFF: Spread is stationary. Proceeding with optimization.
IS Optimization Time: 0.15 seconds.
Optimal Params (Sharpe=7.0103, Calmar=0.0000): Z_E=2.3, Z_X=0.5, Z_SL=3.6
📊 Persistence: Saved 124 PnL points to wfa_outputs\oos_equity_curve_UNP_CSX_1m_20251105_154458_0.05.csv
OOS Period (2020-08-25 14:42:00+00:00 to 2020-09-16 14:54:00+00:00): PnL: $138.58 | Sharpe: 3.8245 | Calmar: 29.3994 | Trades: 123

--- Window 9 Boundary Check ---
IS Period RTH Bars: 14666. Start: 2020-07-23 16:58:00+00:00 | End: 2020-09-16 14:54:00+00:00
OOS Start Bar Index: 65832 | Time: 2020-09-16 14:55:00+00:00
ADF Test Result: p-value=0.1502 (Required < 0.05) | OLS Beta: 1.2757
Filter ON: Spread not stationary (p-value too high). Skipping optimization and OOS test.

--- Window 10 Boundary Check ---
IS Period RTH Bars: 14666. Start: 2020-08-13 17:00:00+00:00 | End: 2020-10-07 15:03:00+00:00
OOS Start Bar Index: 71682 | Time: 2020-10-07 15:04:00+00:00
ADF Test Result: p-value=0.5734 (Required < 0.05) | OLS Beta: 0.8019
Filter ON: Spread not stationary (p-value too high). Skipping optimization and OOS test.

--- Window 11 Boundary Check ---
IS Period RTH Bars: 14666. Start: 2020-09-03 17:27:00+00:00 | End: 2020-10-28 15:20:00+00:00
OOS Start Bar Index: 77532 | Time: 2020-10-28 15:21:00+00:00
ADF Test Result: p-value=0.9864 (Required < 0.05) | OLS Beta: 0.6795
Filter ON: Spread not stationary (p-value too high). Skipping optimization and OOS test.

--- Window 12 Boundary Check ---
IS Period RTH Bars: 14666. Start: 2020-09-25 17:35:00+00:00 | End: 2020-11-18 16:28:00+00:00
OOS Start Bar Index: 83382 | Time: 2020-11-18 16:29:00+00:00
ADF Test Result: p-value=0.7349 (Required < 0.05) | OLS Beta: 0.2055
Filter ON: Spread not stationary (p-value too high). Skipping optimization and OOS test.

--- Window 13 Boundary Check ---
IS Period RTH Bars: 14666. Start: 2020-10-16 17:51:00+00:00 | End: 2020-12-10 20:23:00+00:00
OOS Start Bar Index: 89232 | Time: 2020-12-10 20:24:00+00:00
ADF Test Result: p-value=0.0232 (Required < 0.05) | OLS Beta: 0.6697
Filter OFF: Spread is stationary. Proceeding with optimization.
IS Optimization Time: 0.14 seconds.
Optimal Params (Sharpe=6.0860, Calmar=37.2379): Z_E=1.9, Z_X=1.5, Z_SL=3.6
📊 Persistence: Saved 124 PnL points to wfa_outputs\oos_equity_curve_UNP_CSX_1m_20251105_154458_0.05.csv
OOS Period (2020-12-10 20:24:00+00:00 to 2021-01-05 17:38:00+00:00): PnL: $0.00 | Sharpe: 0.0000 | Calmar: 0.0000 | Trades: 0

--- Window 14 Boundary Check ---
IS Period RTH Bars: 14666. Start: 2020-11-06 18:55:00+00:00 | End: 2021-01-05 17:38:00+00:00
OOS Start Bar Index: 95082 | Time: 2021-01-05 17:39:00+00:00
ADF Test Result: p-value=0.0556 (Required < 0.05) | OLS Beta: 0.7960
Filter ON: Spread not stationary (p-value too high). Skipping optimization and OOS test.

--- Window 15 Boundary Check ---
IS Period RTH Bars: 14666. Start: 2020-12-01 16:03:00+00:00 | End: 2021-01-27 17:59:00+00:00
OOS Start Bar Index: 100932 | Time: 2021-01-27 18:00:00+00:00
ADF Test Result: p-value=0.4221 (Required < 0.05) | OLS Beta: 0.9745
Filter ON: Spread not stationary (p-value too high). Skipping optimization and OOS test.

--- Window 16 Boundary Check ---
IS Period RTH Bars: 14666. Start: 2020-12-22 16:40:00+00:00 | End: 2021-02-18 18:04:00+00:00
OOS Start Bar Index: 106782 | Time: 2021-02-18 18:05:00+00:00
ADF Test Result: p-value=0.0358 (Required < 0.05) | OLS Beta: 0.8718
Filter OFF: Spread is stationary. Proceeding with optimization.
IS Optimization Time: 0.13 seconds.
Optimal Params (Sharpe=4.4669, Calmar=24.6479): Z_E=1.9, Z_X=1.5, Z_SL=4.2
📊 Persistence: Saved 125 PnL points to wfa_outputs\oos_equity_curve_UNP_CSX_1m_20251105_154458_0.05.csv
OOS Period (2021-02-18 18:05:00+00:00 to 2021-03-11 18:06:00+00:00): PnL: $15.10 | Sharpe: 4.0991 | Calmar: 0.0000 | Trades: 1

--- Window 17 Boundary Check ---
IS Period RTH Bars: 14666. Start: 2021-01-14 20:26:00+00:00 | End: 2021-03-11 18:06:00+00:00
OOS Start Bar Index: 112632 | Time: 2021-03-11 18:07:00+00:00
ADF Test Result: p-value=0.0871 (Required < 0.05) | OLS Beta: 0.7745
Filter ON: Spread not stationary (p-value too high). Skipping optimization and OOS test.

--- Window 18 Boundary Check ---
IS Period RTH Bars: 14666. Start: 2021-02-05 20:36:00+00:00 | End: 2021-04-01 17:10:00+00:00
OOS Start Bar Index: 118482 | Time: 2021-04-01 17:11:00+00:00
ADF Test Result: p-value=0.0513 (Required < 0.05) | OLS Beta: 0.7592
Filter ON: Spread not stationary (p-value too high). Skipping optimization and OOS test.

--- Window 19 Boundary Check ---
IS Period RTH Bars: 14666. Start: 2021-03-01 20:40:00+00:00 | End: 2021-04-26 17:33:00+00:00
OOS Start Bar Index: 124332 | Time: 2021-04-26 17:34:00+00:00
ADF Test Result: p-value=0.0507 (Required < 0.05) | OLS Beta: 0.6815
Filter ON: Spread not stationary (p-value too high). Skipping optimization and OOS test.

--- Window 20 Boundary Check ---
IS Period RTH Bars: 14666. Start: 2021-03-22 19:43:00+00:00 | End: 2021-05-17 17:57:00+00:00
OOS Start Bar Index: 130182 | Time: 2021-05-17 17:58:00+00:00
ADF Test Result: p-value=0.0006 (Required < 0.05) | OLS Beta: 0.5251
Filter OFF: Spread is stationary. Proceeding with optimization.
IS Optimization Time: 0.13 seconds.
Optimal Params (Sharpe=5.1446, Calmar=30.2267): Z_E=2.1, Z_X=0.9, Z_SL=4.8
📊 Persistence: Saved 125 PnL points to wfa_outputs\oos_equity_curve_UNP_CSX_1m_20251105_154458_0.05.csv
OOS Period (2021-05-17 17:58:00+00:00 to 2021-06-08 18:15:00+00:00): PnL: $0.00 | Sharpe: 0.0000 | Calmar: 0.0000 | Trades: 0

--- Window 21 Boundary Check ---
IS Period RTH Bars: 14666. Start: 2021-04-14 13:32:00+00:00 | End: 2021-06-08 18:15:00+00:00
OOS Start Bar Index: 136032 | Time: 2021-06-08 18:16:00+00:00
ADF Test Result: p-value=0.0361 (Required < 0.05) | OLS Beta: 0.3338
Filter OFF: Spread is stationary. Proceeding with optimization.
IS Optimization Time: 0.14 seconds.
Optimal Params (Sharpe=4.1783, Calmar=24.7455): Z_E=2.1, Z_X=0.9, Z_SL=4.8
📊 Persistence: Saved 126 PnL points to wfa_outputs\oos_equity_curve_UNP_CSX_1m_20251105_154458_0.05.csv
OOS Period (2021-06-08 18:16:00+00:00 to 2021-06-29 18:31:00+00:00): PnL: $84.10 | Sharpe: 4.0991 | Calmar: 0.0000 | Trades: 1

--- Window 22 Boundary Check ---
IS Period RTH Bars: 14666. Start: 2021-05-06 13:50:00+00:00 | End: 2021-06-29 18:31:00+00:00
OOS Start Bar Index: 141882 | Time: 2021-06-29 18:32:00+00:00
ADF Test Result: p-value=0.0019 (Required < 0.05) | OLS Beta: 0.5256
Filter OFF: Spread is stationary. Proceeding with optimization.
IS Optimization Time: 0.14 seconds.
Optimal Params (Sharpe=2.8749, Calmar=13.5587): Z_E=2.3, Z_X=0.9, Z_SL=3.3
📊 Persistence: Saved 322 PnL points to wfa_outputs\oos_equity_curve_UNP_CSX_1m_20251105_154458_0.05.csv
OOS Period (2021-06-29 18:32:00+00:00 to 2021-07-21 18:34:00+00:00): PnL: $101.38 | Sharpe: 3.2646 | Calmar: 38.5394 | Trades: 196

--- Window 23 Boundary Check ---
IS Period RTH Bars: 14666. Start: 2021-05-27 14:08:00+00:00 | End: 2021-07-21 18:34:00+00:00
OOS Start Bar Index: 147732 | Time: 2021-07-21 18:35:00+00:00
ADF Test Result: p-value=0.0164 (Required < 0.05) | OLS Beta: 0.5910
Filter OFF: Spread is stationary. Proceeding with optimization.
IS Optimization Time: 0.13 seconds.
Optimal Params (Sharpe=2.0323, Calmar=7.3026): Z_E=1.9, Z_X=0.9, Z_SL=3.3
📊 Persistence: Saved 348 PnL points to wfa_outputs\oos_equity_curve_UNP_CSX_1m_20251105_154458_0.05.csv
OOS Period (2021-07-21 18:35:00+00:00 to 2021-08-11 18:52:00+00:00): PnL: $112.11 | Sharpe: 3.5609 | Calmar: 28.7364 | Trades: 26

--- Window 24 Boundary Check ---
IS Period RTH Bars: 14666. Start: 2021-06-18 14:32:00+00:00 | End: 2021-08-11 18:52:00+00:00
OOS Start Bar Index: 153582 | Time: 2021-08-11 18:54:00+00:00
ADF Test Result: p-value=0.0546 (Required < 0.05) | OLS Beta: 0.4638
Filter ON: Spread not stationary (p-value too high). Skipping optimization and OOS test.

--- Window 25 Boundary Check ---
IS Period RTH Bars: 14666. Start: 2021-07-12 14:38:00+00:00 | End: 2021-09-01 19:13:00+00:00
OOS Start Bar Index: 159432 | Time: 2021-09-01 19:14:00+00:00
ADF Test Result: p-value=0.1005 (Required < 0.05) | OLS Beta: 0.4739
Filter ON: Spread not stationary (p-value too high). Skipping optimization and OOS test.

--- Window 26 Boundary Check ---
IS Period RTH Bars: 14666. Start: 2021-08-02 14:47:00+00:00 | End: 2021-09-23 19:18:00+00:00
OOS Start Bar Index: 165282 | Time: 2021-09-23 19:19:00+00:00
ADF Test Result: p-value=0.2039 (Required < 0.05) | OLS Beta: 0.9881
Filter ON: Spread not stationary (p-value too high). Skipping optimization and OOS test.

--- Window 27 Boundary Check ---
IS Period RTH Bars: 14666. Start: 2021-08-23 15:09:00+00:00 | End: 2021-10-14 19:24:00+00:00
OOS Start Bar Index: 171132 | Time: 2021-10-14 19:25:00+00:00
ADF Test Result: p-value=0.0477 (Required < 0.05) | OLS Beta: 0.9597
Filter OFF: Spread is stationary. Proceeding with optimization.
IS Optimization Time: 0.15 seconds.
Optimal Params (Sharpe=6.9362, Calmar=41.5328): Z_E=1.9, Z_X=1.5, Z_SL=4.5
📊 Persistence: Saved 356 PnL points to wfa_outputs\oos_equity_curve_UNP_CSX_1m_20251105_154458_0.05.csv
OOS Period (2021-10-14 19:25:00+00:00 to 2021-11-05 19:43:00+00:00): PnL: $189.74 | Sharpe: 6.2537 | Calmar: 164.8957 | Trades: 8

--- Window 28 Boundary Check ---
IS Period RTH Bars: 14666. Start: 2021-09-14 15:20:00+00:00 | End: 2021-11-05 19:43:00+00:00
OOS Start Bar Index: 176982 | Time: 2021-11-05 19:44:00+00:00
ADF Test Result: p-value=0.0069 (Required < 0.05) | OLS Beta: 1.0385
Filter OFF: Spread is stationary. Proceeding with optimization.
IS Optimization Time: 0.15 seconds.
Optimal Params (Sharpe=3.6204, Calmar=9.7287): Z_E=2.3, Z_X=1.5, Z_SL=3.3
📊 Persistence: Saved 746 PnL points to wfa_outputs\oos_equity_curve_UNP_CSX_1m_20251105_154458_0.05.csv
OOS Period (2021-11-05 19:44:00+00:00 to 2021-11-30 18:12:00+00:00): PnL: $73.79 | Sharpe: 2.2595 | Calmar: 15.0234 | Trades: 390

--- Window 29 Boundary Check ---
IS Period RTH Bars: 14666. Start: 2021-10-05 15:23:00+00:00 | End: 2021-11-30 18:12:00+00:00
OOS Start Bar Index: 182832 | Time: 2021-11-30 18:13:00+00:00
ADF Test Result: p-value=0.0250 (Required < 0.05) | OLS Beta: 1.1735
Filter OFF: Spread is stationary. Proceeding with optimization.
IS Optimization Time: 0.15 seconds.
Optimal Params (Sharpe=1.0101, Calmar=2.8281): Z_E=3.1, Z_X=0.7, Z_SL=3.3
📊 Persistence: Saved 746 PnL points to wfa_outputs\oos_equity_curve_UNP_CSX_1m_20251105_154458_0.05.csv
OOS Period (2021-11-30 18:13:00+00:00 to 2021-12-21 19:04:00+00:00): PnL: $0.00 | Sharpe: 0.0000 | Calmar: 0.0000 | Trades: 0

--- Window 30 Boundary Check ---
IS Period RTH Bars: 14666. Start: 2021-10-27 15:30:00+00:00 | End: 2021-12-21 19:04:00+00:00
OOS Start Bar Index: 188682 | Time: 2021-12-21 19:05:00+00:00
ADF Test Result: p-value=0.0249 (Required < 0.05) | OLS Beta: 0.7302
Filter OFF: Spread is stationary. Proceeding with optimization.
IS Optimization Time: 0.14 seconds.
Optimal Params (Sharpe=6.1206, Calmar=32.5048): Z_E=1.9, Z_X=0.5, Z_SL=3.6
📊 Persistence: Saved 748 PnL points to wfa_outputs\oos_equity_curve_UNP_CSX_1m_20251105_154458_0.05.csv
OOS Period (2021-12-21 19:05:00+00:00 to 2022-01-13 14:56:00+00:00): PnL: $33.28 | Sharpe: 1.1088 | Calmar: 7.9370 | Trades: 2

--- Window 31 Boundary Check ---
IS Period RTH Bars: 14666. Start: 2021-11-17 17:31:00+00:00 | End: 2022-01-13 14:56:00+00:00
OOS Start Bar Index: 194532 | Time: 2022-01-13 14:57:00+00:00
ADF Test Result: p-value=0.0122 (Required < 0.05) | OLS Beta: 0.8823
Filter OFF: Spread is stationary. Proceeding with optimization.
IS Optimization Time: 0.13 seconds.
Optimal Params (Sharpe=6.7971, Calmar=62.2418): Z_E=2.1, Z_X=0.5, Z_SL=4.8
📊 Persistence: Saved 2700 PnL points to wfa_outputs\oos_equity_curve_UNP_CSX_1m_20251105_154458_0.05.csv
OOS Period (2022-01-13 14:57:00+00:00 to 2022-02-07 14:51:00+00:00): PnL: $-372.75 | Sharpe: -5.1162 | Calmar: -9.2912 | Trades: 1952

--- Window 32 Boundary Check ---
IS Period RTH Bars: 14666. Start: 2021-12-10 14:46:00+00:00 | End: 2022-02-07 14:51:00+00:00
OOS Start Bar Index: 200382 | Time: 2022-02-07 14:52:00+00:00
ADF Test Result: p-value=0.0866 (Required < 0.05) | OLS Beta: 0.2818
Filter ON: Spread not stationary (p-value too high). Skipping optimization and OOS test.

--- Window 33 Boundary Check ---
IS Period RTH Bars: 14666. Start: 2022-01-03 17:06:00+00:00 | End: 2022-03-01 14:54:00+00:00
OOS Start Bar Index: 206232 | Time: 2022-03-01 14:55:00+00:00
ADF Test Result: p-value=0.0521 (Required < 0.05) | OLS Beta: 0.2985
Filter ON: Spread not stationary (p-value too high). Skipping optimization and OOS test.

--- Window 34 Boundary Check ---
IS Period RTH Bars: 14666. Start: 2022-01-26 16:20:00+00:00 | End: 2022-03-23 13:53:00+00:00
OOS Start Bar Index: 212082 | Time: 2022-03-23 13:54:00+00:00
ADF Test Result: p-value=0.2288 (Required < 0.05) | OLS Beta: 0.9611
Filter ON: Spread not stationary (p-value too high). Skipping optimization and OOS test.

--- Window 35 Boundary Check ---
IS Period RTH Bars: 14666. Start: 2022-02-16 17:29:00+00:00 | End: 2022-04-13 13:55:00+00:00
OOS Start Bar Index: 217932 | Time: 2022-04-13 13:56:00+00:00
ADF Test Result: p-value=0.2605 (Required < 0.05) | OLS Beta: 1.0096
Filter ON: Spread not stationary (p-value too high). Skipping optimization and OOS test.

--- Window 36 Boundary Check ---
IS Period RTH Bars: 14666. Start: 2022-03-11 17:28:00+00:00 | End: 2022-05-05 13:57:00+00:00
OOS Start Bar Index: 223782 | Time: 2022-05-05 13:58:00+00:00
ADF Test Result: p-value=0.3564 (Required < 0.05) | OLS Beta: 1.4591
Filter ON: Spread not stationary (p-value too high). Skipping optimization and OOS test.

--- Window 37 Boundary Check ---
IS Period RTH Bars: 14666. Start: 2022-04-01 16:30:00+00:00 | End: 2022-05-26 14:03:00+00:00
OOS Start Bar Index: 229632 | Time: 2022-05-26 14:04:00+00:00
ADF Test Result: p-value=0.1128 (Required < 0.05) | OLS Beta: 0.9866
Filter ON: Spread not stationary (p-value too high). Skipping optimization and OOS test.

--- Window 38 Boundary Check ---
IS Period RTH Bars: 14666. Start: 2022-04-25 16:32:00+00:00 | End: 2022-06-17 14:15:00+00:00
OOS Start Bar Index: 235482 | Time: 2022-06-17 14:16:00+00:00
ADF Test Result: p-value=0.0577 (Required < 0.05) | OLS Beta: 0.6845
Filter ON: Spread not stationary (p-value too high). Skipping optimization and OOS test.

--- Window 39 Boundary Check ---
IS Period RTH Bars: 14666. Start: 2022-05-16 16:34:00+00:00 | End: 2022-07-12 14:22:00+00:00
OOS Start Bar Index: 241332 | Time: 2022-07-12 14:23:00+00:00
ADF Test Result: p-value=0.0745 (Required < 0.05) | OLS Beta: 0.5688
Filter ON: Spread not stationary (p-value too high). Skipping optimization and OOS test.

--- Window 40 Boundary Check ---
IS Period RTH Bars: 14666. Start: 2022-06-07 16:43:00+00:00 | End: 2022-08-02 14:25:00+00:00
OOS Start Bar Index: 247182 | Time: 2022-08-02 14:26:00+00:00
ADF Test Result: p-value=0.0454 (Required < 0.05) | OLS Beta: 0.5510
Filter OFF: Spread is stationary. Proceeding with optimization.
IS Optimization Time: 0.13 seconds.
Optimal Params (Sharpe=0.3840, Calmar=1.2010): Z_E=1.9, Z_X=0.5, Z_SL=4.8
📊 Persistence: Saved 2701 PnL points to wfa_outputs\oos_equity_curve_UNP_CSX_1m_20251105_154458_0.05.csv
OOS Period (2022-08-02 14:26:00+00:00 to 2022-08-23 14:45:00+00:00): PnL: $-130.50 | Sharpe: -4.0991 | Calmar: -15.6331 | Trades: 1

--- Window 41 Boundary Check ---
IS Period RTH Bars: 14666. Start: 2022-06-29 16:55:00+00:00 | End: 2022-08-23 14:45:00+00:00
OOS Start Bar Index: 253032 | Time: 2022-08-23 14:46:00+00:00
ADF Test Result: p-value=0.3059 (Required < 0.05) | OLS Beta: 0.7338
Filter ON: Spread not stationary (p-value too high). Skipping optimization and OOS test.

--- Window 42 Boundary Check ---
IS Period RTH Bars: 14666. Start: 2022-07-21 16:58:00+00:00 | End: 2022-09-14 14:58:00+00:00
OOS Start Bar Index: 258882 | Time: 2022-09-14 14:59:00+00:00
ADF Test Result: p-value=0.2028 (Required < 0.05) | OLS Beta: 0.9395
Filter ON: Spread not stationary (p-value too high). Skipping optimization and OOS test.

--- Window 43 Boundary Check ---
IS Period RTH Bars: 14666. Start: 2022-08-11 17:06:00+00:00 | End: 2022-10-05 15:09:00+00:00
OOS Start Bar Index: 264732 | Time: 2022-10-05 15:10:00+00:00
ADF Test Result: p-value=0.0001 (Required < 0.05) | OLS Beta: 0.7985
Filter OFF: Spread is stationary. Proceeding with optimization.
IS Optimization Time: 0.13 seconds.
Optimal Params (Sharpe=3.3486, Calmar=15.5070): Z_E=2.1, Z_X=0.7, Z_SL=3.9
📊 Persistence: Saved 4101 PnL points to wfa_outputs\oos_equity_curve_UNP_CSX_1m_20251105_154458_0.05.csv
OOS Period (2022-10-05 15:10:00+00:00 to 2022-10-26 15:18:00+00:00): PnL: $-95.64 | Sharpe: -1.9595 | Calmar: -5.7390 | Trades: 1400

--- Window 44 Boundary Check ---
IS Period RTH Bars: 14666. Start: 2022-09-01 17:32:00+00:00 | End: 2022-10-26 15:18:00+00:00
OOS Start Bar Index: 270582 | Time: 2022-10-26 15:19:00+00:00
ADF Test Result: p-value=0.8993 (Required < 0.05) | OLS Beta: 0.9513
Filter ON: Spread not stationary (p-value too high). Skipping optimization and OOS test.

--- Window 45 Boundary Check ---
IS Period RTH Bars: 14666. Start: 2022-09-23 17:40:00+00:00 | End: 2022-11-16 16:25:00+00:00
OOS Start Bar Index: 276432 | Time: 2022-11-16 16:26:00+00:00
ADF Test Result: p-value=0.3544 (Required < 0.05) | OLS Beta: 0.4799
Filter ON: Spread not stationary (p-value too high). Skipping optimization and OOS test.

--- Window 46 Boundary Check ---
IS Period RTH Bars: 14666. Start: 2022-10-14 17:48:00+00:00 | End: 2022-12-08 19:36:00+00:00
OOS Start Bar Index: 282282 | Time: 2022-12-08 19:37:00+00:00
ADF Test Result: p-value=0.1614 (Required < 0.05) | OLS Beta: 0.7679
Filter ON: Spread not stationary (p-value too high). Skipping optimization and OOS test.

--- Window 47 Boundary Check ---
IS Period RTH Bars: 14666. Start: 2022-11-04 17:58:00+00:00 | End: 2022-12-30 20:42:00+00:00
OOS Start Bar Index: 288132 | Time: 2022-12-30 20:43:00+00:00
ADF Test Result: p-value=0.0616 (Required < 0.05) | OLS Beta: 0.7940
Filter ON: Spread not stationary (p-value too high). Skipping optimization and OOS test.

--- Window 48 Boundary Check ---
IS Period RTH Bars: 14666. Start: 2022-11-29 15:33:00+00:00 | End: 2023-01-25 15:07:00+00:00
OOS Start Bar Index: 293982 | Time: 2023-01-25 15:08:00+00:00
ADF Test Result: p-value=0.1955 (Required < 0.05) | OLS Beta: 0.6562
Filter ON: Spread not stationary (p-value too high). Skipping optimization and OOS test.

--- Window 49 Boundary Check ---
IS Period RTH Bars: 14666. Start: 2022-12-20 16:05:00+00:00 | End: 2023-02-15 15:20:00+00:00
OOS Start Bar Index: 299832 | Time: 2023-02-15 15:21:00+00:00
ADF Test Result: p-value=0.3899 (Required < 0.05) | OLS Beta: 0.6942
Filter ON: Spread not stationary (p-value too high). Skipping optimization and OOS test.

--- Window 50 Boundary Check ---
IS Period RTH Bars: 14666. Start: 2023-01-12 17:14:00+00:00 | End: 2023-03-09 15:22:00+00:00
OOS Start Bar Index: 305682 | Time: 2023-03-09 15:23:00+00:00
ADF Test Result: p-value=0.2402 (Required < 0.05) | OLS Beta: 0.7558
Filter ON: Spread not stationary (p-value too high). Skipping optimization and OOS test.

--- Window 51 Boundary Check ---
IS Period RTH Bars: 14666. Start: 2023-02-03 17:44:00+00:00 | End: 2023-03-30 14:22:00+00:00
OOS Start Bar Index: 311532 | Time: 2023-03-30 14:23:00+00:00
ADF Test Result: p-value=0.2678 (Required < 0.05) | OLS Beta: 0.8153
Filter ON: Spread not stationary (p-value too high). Skipping optimization and OOS test.

--- Window 52 Boundary Check ---
IS Period RTH Bars: 14666. Start: 2023-02-27 17:55:00+00:00 | End: 2023-04-21 14:30:00+00:00
OOS Start Bar Index: 317382 | Time: 2023-04-21 14:31:00+00:00
ADF Test Result: p-value=0.5304 (Required < 0.05) | OLS Beta: 1.1081
Filter ON: Spread not stationary (p-value too high). Skipping optimization and OOS test.

--- Window 53 Boundary Check ---
IS Period RTH Bars: 14666. Start: 2023-03-20 16:57:00+00:00 | End: 2023-05-12 15:10:00+00:00
OOS Start Bar Index: 323232 | Time: 2023-05-12 15:11:00+00:00
ADF Test Result: p-value=0.2562 (Required < 0.05) | OLS Beta: 0.4180
Filter ON: Spread not stationary (p-value too high). Skipping optimization and OOS test.

--- Window 54 Boundary Check ---
IS Period RTH Bars: 14666. Start: 2023-04-11 17:02:00+00:00 | End: 2023-06-05 16:37:00+00:00
OOS Start Bar Index: 329082 | Time: 2023-06-05 16:38:00+00:00
ADF Test Result: p-value=0.0738 (Required < 0.05) | OLS Beta: 0.2607
Filter ON: Spread not stationary (p-value too high). Skipping optimization and OOS test.

--- Window 55 Boundary Check ---
IS Period RTH Bars: 14666. Start: 2023-05-02 17:22:00+00:00 | End: 2023-06-27 17:09:00+00:00
OOS Start Bar Index: 334932 | Time: 2023-06-27 17:10:00+00:00
ADF Test Result: p-value=0.0066 (Required < 0.05) | OLS Beta: 0.6918
Filter OFF: Spread is stationary. Proceeding with optimization.
IS Optimization Time: 0.14 seconds.
Optimal Params (Sharpe=5.0586, Calmar=158.8505): Z_E=3.3, Z_X=0.3, Z_SL=4.8
📊 Persistence: Saved 4687 PnL points to wfa_outputs\oos_equity_curve_UNP_CSX_1m_20251105_154458_0.05.csv
OOS Period (2023-06-27 17:10:00+00:00 to 2023-07-20 14:20:00+00:00): PnL: $-120.94 | Sharpe: -5.1576 | Calmar: -12.2909 | Trades: 586

--- Window 56 Boundary Check ---
IS Period RTH Bars: 14666. Start: 2023-05-23 18:48:00+00:00 | End: 2023-07-20 14:20:00+00:00
OOS Start Bar Index: 340782 | Time: 2023-07-20 14:21:00+00:00
ADF Test Result: p-value=0.8489 (Required < 0.05) | OLS Beta: 0.8119
Filter ON: Spread not stationary (p-value too high). Skipping optimization and OOS test.

--- Window 57 Boundary Check ---
IS Period RTH Bars: 14666. Start: 2023-06-14 19:29:00+00:00 | End: 2023-08-10 14:45:00+00:00
OOS Start Bar Index: 346632 | Time: 2023-08-10 14:46:00+00:00
ADF Test Result: p-value=0.3341 (Required < 0.05) | OLS Beta: -1.1508
Filter ON: Spread not stationary (p-value too high). Skipping optimization and OOS test.

--- Window 58 Boundary Check ---
IS Period RTH Bars: 14666. Start: 2023-07-10 16:34:00+00:00 | End: 2023-08-31 15:27:00+00:00
OOS Start Bar Index: 352482 | Time: 2023-08-31 15:28:00+00:00
ADF Test Result: p-value=0.1257 (Required < 0.05) | OLS Beta: -0.3724
Filter ON: Spread not stationary (p-value too high). Skipping optimization and OOS test.

--- Window 59 Boundary Check ---
IS Period RTH Bars: 14666. Start: 2023-07-31 17:01:00+00:00 | End: 2023-09-22 16:28:00+00:00
OOS Start Bar Index: 358332 | Time: 2023-09-22 16:29:00+00:00
ADF Test Result: p-value=0.9790 (Required < 0.05) | OLS Beta: 0.5883
Filter ON: Spread not stationary (p-value too high). Skipping optimization and OOS test.

--- Window 60 Boundary Check ---
IS Period RTH Bars: 14666. Start: 2023-08-21 17:43:00+00:00 | End: 2023-10-13 17:14:00+00:00
OOS Start Bar Index: 364182 | Time: 2023-10-13 17:15:00+00:00
ADF Test Result: p-value=0.5456 (Required < 0.05) | OLS Beta: -0.1074
Filter ON: Spread not stationary (p-value too high). Skipping optimization and OOS test.

--- Window 61 Boundary Check ---
IS Period RTH Bars: 14666. Start: 2023-09-12 18:18:00+00:00 | End: 2023-11-03 17:39:00+00:00
OOS Start Bar Index: 370032 | Time: 2023-11-03 17:40:00+00:00
ADF Test Result: p-value=0.3643 (Required < 0.05) | OLS Beta: 0.4610
Filter ON: Spread not stationary (p-value too high). Skipping optimization and OOS test.

--- Window 62 Boundary Check ---
IS Period RTH Bars: 14666. Start: 2023-10-03 19:27:00+00:00 | End: 2023-11-28 16:03:00+00:00
OOS Start Bar Index: 375882 | Time: 2023-11-28 16:04:00+00:00
ADF Test Result: p-value=0.3813 (Required < 0.05) | OLS Beta: 0.7808
Filter ON: Spread not stationary (p-value too high). Skipping optimization and OOS test.

--- Window 63 Boundary Check ---
IS Period RTH Bars: 14666. Start: 2023-10-24 19:53:00+00:00 | End: 2023-12-19 17:37:00+00:00
OOS Start Bar Index: 381732 | Time: 2023-12-19 17:38:00+00:00
ADF Test Result: p-value=0.0665 (Required < 0.05) | OLS Beta: 1.0776
Filter ON: Spread not stationary (p-value too high). Skipping optimization and OOS test.

--- Window 64 Boundary Check ---
IS Period RTH Bars: 14666. Start: 2023-11-15 15:18:00+00:00 | End: 2024-01-11 20:14:00+00:00
OOS Start Bar Index: 387582 | Time: 2024-01-11 20:15:00+00:00
ADF Test Result: p-value=0.3058 (Required < 0.05) | OLS Beta: 1.1004
Filter ON: Spread not stationary (p-value too high). Skipping optimization and OOS test.

--- Window 65 Boundary Check ---
IS Period RTH Bars: 14666. Start: 2023-12-07 19:31:00+00:00 | End: 2024-02-02 20:50:00+00:00
OOS Start Bar Index: 393432 | Time: 2024-02-02 20:51:00+00:00
ADF Test Result: p-value=0.1590 (Required < 0.05) | OLS Beta: 0.6715
Filter ON: Spread not stationary (p-value too high). Skipping optimization and OOS test.

--- Window 66 Boundary Check ---
IS Period RTH Bars: 14666. Start: 2024-01-02 15:35:00+00:00 | End: 2024-02-27 15:41:00+00:00
OOS Start Bar Index: 399282 | Time: 2024-02-27 15:42:00+00:00
ADF Test Result: p-value=0.0263 (Required < 0.05) | OLS Beta: 0.6187
Filter OFF: Spread is stationary. Proceeding with optimization.
IS Optimization Time: 0.14 seconds.
Optimal Params (Sharpe=0.0950, Calmar=0.2408): Z_E=1.9, Z_X=0.5, Z_SL=3.9
📊 Persistence: Saved 4689 PnL points to wfa_outputs\oos_equity_curve_UNP_CSX_1m_20251105_154458_0.05.csv
OOS Period (2024-02-27 15:42:00+00:00 to 2024-03-19 16:27:00+00:00): PnL: $15.41 | Sharpe: 0.6506 | Calmar: 4.4763 | Trades: 2

--- Window 67 Boundary Check ---
IS Period RTH Bars: 14666. Start: 2024-01-24 16:36:00+00:00 | End: 2024-03-19 16:27:00+00:00
OOS Start Bar Index: 405132 | Time: 2024-03-19 16:28:00+00:00
ADF Test Result: p-value=0.2060 (Required < 0.05) | OLS Beta: 0.5461
Filter ON: Spread not stationary (p-value too high). Skipping optimization and OOS test.

--- Window 68 Boundary Check ---
IS Period RTH Bars: 14666. Start: 2024-02-14 17:19:00+00:00 | End: 2024-04-10 17:49:00+00:00
OOS Start Bar Index: 410982 | Time: 2024-04-10 17:50:00+00:00
ADF Test Result: p-value=0.1169 (Required < 0.05) | OLS Beta: 0.8473
Filter ON: Spread not stationary (p-value too high). Skipping optimization and OOS test.

--- Window 69 Boundary Check ---
IS Period RTH Bars: 14666. Start: 2024-03-07 18:49:00+00:00 | End: 2024-05-01 19:22:00+00:00
OOS Start Bar Index: 416832 | Time: 2024-05-01 19:23:00+00:00
ADF Test Result: p-value=0.3540 (Required < 0.05) | OLS Beta: 0.4919
Filter ON: Spread not stationary (p-value too high). Skipping optimization and OOS test.

--- Window 70 Boundary Check ---
IS Period RTH Bars: 14666. Start: 2024-03-28 19:44:00+00:00 | End: 2024-05-23 16:20:00+00:00
OOS Start Bar Index: 422682 | Time: 2024-05-23 16:21:00+00:00
ADF Test Result: p-value=0.3840 (Required < 0.05) | OLS Beta: 0.0839
Filter ON: Spread not stationary (p-value too high). Skipping optimization and OOS test.

--- Window 71 Boundary Check ---
IS Period RTH Bars: 14666. Start: 2024-04-22 14:35:00+00:00 | End: 2024-06-14 17:40:00+00:00
OOS Start Bar Index: 428532 | Time: 2024-06-14 17:41:00+00:00
ADF Test Result: p-value=0.1358 (Required < 0.05) | OLS Beta: 1.3724
Filter ON: Spread not stationary (p-value too high). Skipping optimization and OOS test.

--- Window 72 Boundary Check ---
IS Period RTH Bars: 14666. Start: 2024-05-13 16:59:00+00:00 | End: 2024-07-10 15:12:00+00:00
OOS Start Bar Index: 434382 | Time: 2024-07-10 15:13:00+00:00
ADF Test Result: p-value=0.3050 (Required < 0.05) | OLS Beta: 1.3408
Filter ON: Spread not stationary (p-value too high). Skipping optimization and OOS test.

--- Window 73 Boundary Check ---
IS Period RTH Bars: 14666. Start: 2024-06-04 19:31:00+00:00 | End: 2024-07-31 15:56:00+00:00
OOS Start Bar Index: 440232 | Time: 2024-07-31 15:57:00+00:00
ADF Test Result: p-value=0.3679 (Required < 0.05) | OLS Beta: 1.1808
Filter ON: Spread not stationary (p-value too high). Skipping optimization and OOS test.

--- Window 74 Boundary Check ---
IS Period RTH Bars: 14666. Start: 2024-06-27 14:13:00+00:00 | End: 2024-08-21 18:53:00+00:00
OOS Start Bar Index: 446082 | Time: 2024-08-21 18:54:00+00:00
ADF Test Result: p-value=0.8024 (Required < 0.05) | OLS Beta: 1.0449
Filter ON: Spread not stationary (p-value too high). Skipping optimization and OOS test.

--- Window 75 Boundary Check ---
IS Period RTH Bars: 14666. Start: 2024-07-19 18:10:00+00:00 | End: 2024-09-13 15:17:00+00:00
OOS Start Bar Index: 451932 | Time: 2024-09-13 15:18:00+00:00
ADF Test Result: p-value=0.7781 (Required < 0.05) | OLS Beta: 0.4727
Filter ON: Spread not stationary (p-value too high). Skipping optimization and OOS test.

--- Window 76 Boundary Check ---
IS Period RTH Bars: 14666. Start: 2024-08-09 19:44:00+00:00 | End: 2024-10-04 17:07:00+00:00
OOS Start Bar Index: 457782 | Time: 2024-10-04 17:08:00+00:00
ADF Test Result: p-value=0.6133 (Required < 0.05) | OLS Beta: 0.5046
Filter ON: Spread not stationary (p-value too high). Skipping optimization and OOS test.

--- Window 77 Boundary Check ---
IS Period RTH Bars: 14666. Start: 2024-09-03 17:01:00+00:00 | End: 2024-10-25 19:08:00+00:00
OOS Start Bar Index: 463632 | Time: 2024-10-25 19:09:00+00:00
ADF Test Result: p-value=0.6429 (Required < 0.05) | OLS Beta: 0.3323
Filter ON: Spread not stationary (p-value too high). Skipping optimization and OOS test.

--- Window 78 Boundary Check ---
IS Period RTH Bars: 14666. Start: 2024-09-24 18:45:00+00:00 | End: 2024-11-18 14:55:00+00:00
OOS Start Bar Index: 469482 | Time: 2024-11-18 14:56:00+00:00
ADF Test Result: p-value=0.3584 (Required < 0.05) | OLS Beta: 0.4135
Filter ON: Spread not stationary (p-value too high). Skipping optimization and OOS test.

--- Window 79 Boundary Check ---
IS Period RTH Bars: 14666. Start: 2024-10-16 14:37:00+00:00 | End: 2024-12-10 20:01:00+00:00
OOS Start Bar Index: 475332 | Time: 2024-12-10 20:02:00+00:00
ADF Test Result: p-value=0.1623 (Required < 0.05) | OLS Beta: 0.4424
Filter ON: Spread not stationary (p-value too high). Skipping optimization and OOS test.

--- Window 80 Boundary Check ---
IS Period RTH Bars: 14666. Start: 2024-11-06 16:46:00+00:00 | End: 2025-01-03 18:14:00+00:00
OOS Start Bar Index: 481182 | Time: 2025-01-03 18:15:00+00:00
ADF Test Result: p-value=0.1884 (Required < 0.05) | OLS Beta: 0.4749
Filter ON: Spread not stationary (p-value too high). Skipping optimization and OOS test.

############################################################
📈 OVERALL SIMULATION PERFORMANCE (Walk-Forward Test)
############################################################
Timeframe Used: 1Min, Value: 1
ADF Cointegration Filter Threshold: 0.05
Total OOS Windows Tested: 80
Total Trades Executed: 4689
--- Final Performance Metrics ---
Total PnL: $136.20
Overall Sharpe Ratio (Annualized): 0.0568
Overall Calmar Ratio (Annualized): 0.0087
Maximum Dollar Drawdown (MDD): $771.23

--- Execution Time ---
Total Elapsed Time: 141.83 seconds
############################################################
[0m