--- Dynamic Timeframe Configuration ---
TimeFrame Selected: 1Min, Value: 1
Bars per Trading Day: 390
Annualization Factor (Bars/Year): 98280
Statistical Lookback Bars: 2184
Optimization Lookback Bars: 19032
---------------------------------------
--- Diagnostic Check ---
API Key ID Length: 26
API Secret Key Length: 44
StockHistoricalDataClient initialized successfully. Starting data fetch...
--------------------------
Pre-compiling Numba function for first run optimization...
Numba pre-compilation complete.
Fetching data from 2020-01-08 to 2025-01-06...
Fetching 1Min data for UNP...
Fetching 1Min data for CSX...
Data acquired successfully. Total 1Min RTH bars: 483281
Skipping full pre-calculation. Metrics will be calculated inside the WFA loop.

============================================================
📈 Starting Rolling Backtest: IS Optimization Window=19032 bars, Shift=15 days
   Data already processed with Statistical Rolling Window: 2184 bars
   ADF Cointegration Filter: p-value < 0.05
============================================================

--- Window 1 Boundary Check ---
IS Period RTH Bars: 14666. Start: 2020-01-24 15:53:00+00:00 | End: 2020-03-19 14:15:00+00:00
OOS Start Bar Index: 19032 | Time: 2020-03-19 14:16:00+00:00
ADF Test Result: p-value=0.2149 (Required < 0.05) | OLS Beta: 0.8912
Filter ON: Spread not stationary (p-value too high). Skipping optimization and OOS test.

--- Window 2 Boundary Check ---
IS Period RTH Bars: 14666. Start: 2020-02-14 16:22:00+00:00 | End: 2020-04-09 14:15:00+00:00
OOS Start Bar Index: 24882 | Time: 2020-04-09 14:16:00+00:00
ADF Test Result: p-value=0.0791 (Required < 0.05) | OLS Beta: 0.8245
Filter ON: Spread not stationary (p-value too high). Skipping optimization and OOS test.

--- Window 3 Boundary Check ---
IS Period RTH Bars: 14666. Start: 2020-03-09 15:55:00+00:00 | End: 2020-05-01 14:16:00+00:00
OOS Start Bar Index: 30732 | Time: 2020-05-01 14:17:00+00:00
ADF Test Result: p-value=0.0130 (Required < 0.05) | OLS Beta: 0.9817
Filter OFF: Spread is stationary. Proceeding with optimization.
IS Optimization Time: 0.14 seconds.
Optimal Params (Sharpe=2.8654, Calmar=20.8283): Z_E=3.3, Z_X=1.1, Z_SL=4.8
📊 Persistence: Saved 0 PnL points to wfa_outputs\oos_equity_curve_UNP_CSX_1m_20251105_154228_0.05.csv
OOS Period (2020-05-01 14:17:00+00:00 to 2020-05-22 14:20:00+00:00): PnL: $0.00 | Sharpe: 0.0000 | Calmar: 0.0000 | Trades: 0

--- Window 4 Boundary Check ---
IS Period RTH Bars: 14666. Start: 2020-03-30 16:50:00+00:00 | End: 2020-05-22 14:20:00+00:00
OOS Start Bar Index: 36582 | Time: 2020-05-22 14:21:00+00:00
ADF Test Result: p-value=0.0303 (Required < 0.05) | OLS Beta: 0.8795
Filter OFF: Spread is stationary. Proceeding with optimization.
IS Optimization Time: 0.16 seconds.
Optimal Params (Sharpe=4.7394, Calmar=36.9493): Z_E=1.9, Z_X=0.5, Z_SL=4.8
📊 Persistence: Saved 1 PnL points to wfa_outputs\oos_equity_curve_UNP_CSX_1m_20251105_154228_0.05.csv
OOS Period (2020-05-22 14:21:00+00:00 to 2020-06-15 14:25:00+00:00): PnL: $136.75 | Sharpe: 4.0991 | Calmar: 0.0000 | Trades: 1

--- Window 5 Boundary Check ---
IS Period RTH Bars: 14666. Start: 2020-04-21 16:51:00+00:00 | End: 2020-06-15 14:25:00+00:00
OOS Start Bar Index: 42432 | Time: 2020-06-15 14:26:00+00:00
ADF Test Result: p-value=0.0130 (Required < 0.05) | OLS Beta: 0.9095
Filter OFF: Spread is stationary. Proceeding with optimization.
IS Optimization Time: 0.16 seconds.
Optimal Params (Sharpe=3.4199, Calmar=18.6668): Z_E=3.1, Z_X=0.5, Z_SL=4.8
📊 Persistence: Saved 1 PnL points to wfa_outputs\oos_equity_curve_UNP_CSX_1m_20251105_154228_0.05.csv
OOS Period (2020-06-15 14:26:00+00:00 to 2020-07-07 14:29:00+00:00): PnL: $0.00 | Sharpe: 0.0000 | Calmar: 0.0000 | Trades: 0

--- Window 6 Boundary Check ---
IS Period RTH Bars: 14666. Start: 2020-05-12 16:53:00+00:00 | End: 2020-07-07 14:29:00+00:00
OOS Start Bar Index: 48282 | Time: 2020-07-07 14:30:00+00:00
ADF Test Result: p-value=0.0776 (Required < 0.05) | OLS Beta: 0.9191
Filter ON: Spread not stationary (p-value too high). Skipping optimization and OOS test.

--- Window 7 Boundary Check ---
IS Period RTH Bars: 14666. Start: 2020-06-03 17:00:00+00:00 | End: 2020-07-28 14:30:00+00:00
OOS Start Bar Index: 54132 | Time: 2020-07-28 14:31:00+00:00
ADF Test Result: p-value=0.1781 (Required < 0.05) | OLS Beta: 0.9337
Filter ON: Spread not stationary (p-value too high). Skipping optimization and OOS test.

--- Window 8 Boundary Check ---
IS Period RTH Bars: 14666. Start: 2020-06-24 17:01:00+00:00 | End: 2020-08-18 14:35:00+00:00
OOS Start Bar Index: 59982 | Time: 2020-08-18 14:36:00+00:00
ADF Test Result: p-value=0.0147 (Required < 0.05) | OLS Beta: 1.3707
Filter OFF: Spread is stationary. Proceeding with optimization.
IS Optimization Time: 0.13 seconds.
Optimal Params (Sharpe=8.0712, Calmar=127.9525): Z_E=2.1, Z_X=1.5, Z_SL=3.6
📊 Persistence: Saved 4 PnL points to wfa_outputs\oos_equity_curve_UNP_CSX_1m_20251105_154228_0.05.csv
OOS Period (2020-08-18 14:36:00+00:00 to 2020-09-09 14:59:00+00:00): PnL: $97.58 | Sharpe: 7.0750 | Calmar: 0.0000 | Trades: 3

--- Window 9 Boundary Check ---
IS Period RTH Bars: 14666. Start: 2020-07-16 17:05:00+00:00 | End: 2020-09-09 14:59:00+00:00
OOS Start Bar Index: 65832 | Time: 2020-09-09 15:00:00+00:00
ADF Test Result: p-value=0.1401 (Required < 0.05) | OLS Beta: 1.3948
Filter ON: Spread not stationary (p-value too high). Skipping optimization and OOS test.

--- Window 10 Boundary Check ---
IS Period RTH Bars: 14666. Start: 2020-08-06 17:06:00+00:00 | End: 2020-09-30 15:10:00+00:00
OOS Start Bar Index: 71682 | Time: 2020-09-30 15:11:00+00:00
ADF Test Result: p-value=0.0181 (Required < 0.05) | OLS Beta: 0.9004
Filter OFF: Spread is stationary. Proceeding with optimization.
IS Optimization Time: 0.13 seconds.
Optimal Params (Sharpe=3.4191, Calmar=20.5428): Z_E=1.9, Z_X=0.3, Z_SL=3.9
📊 Persistence: Saved 44 PnL points to wfa_outputs\oos_equity_curve_UNP_CSX_1m_20251105_154228_0.05.csv
OOS Period (2020-09-30 15:11:00+00:00 to 2020-10-21 15:27:00+00:00): PnL: $195.04 | Sharpe: 2.6877 | Calmar: 32.8560 | Trades: 40

--- Window 11 Boundary Check ---
IS Period RTH Bars: 14666. Start: 2020-08-27 17:31:00+00:00 | End: 2020-10-21 15:27:00+00:00
OOS Start Bar Index: 77532 | Time: 2020-10-21 15:28:00+00:00
ADF Test Result: p-value=0.1066 (Required < 0.05) | OLS Beta: 1.1801
Filter ON: Spread not stationary (p-value too high). Skipping optimization and OOS test.

--- Window 12 Boundary Check ---
IS Period RTH Bars: 14666. Start: 2020-09-18 17:36:00+00:00 | End: 2020-11-11 16:27:00+00:00
OOS Start Bar Index: 83382 | Time: 2020-11-11 16:28:00+00:00
ADF Test Result: p-value=0.6459 (Required < 0.05) | OLS Beta: 0.0628
Filter ON: Spread not stationary (p-value too high). Skipping optimization and OOS test.

--- Window 13 Boundary Check ---
IS Period RTH Bars: 14666. Start: 2020-10-09 17:50:00+00:00 | End: 2020-12-03 20:07:00+00:00
OOS Start Bar Index: 89232 | Time: 2020-12-03 20:08:00+00:00
ADF Test Result: p-value=0.4268 (Required < 0.05) | OLS Beta: 0.4687
Filter ON: Spread not stationary (p-value too high). Skipping optimization and OOS test.

--- Window 14 Boundary Check ---
IS Period RTH Bars: 14666. Start: 2020-10-30 18:02:00+00:00 | End: 2020-12-28 17:21:00+00:00
OOS Start Bar Index: 95082 | Time: 2020-12-28 17:22:00+00:00
ADF Test Result: p-value=0.0001 (Required < 0.05) | OLS Beta: 1.1367
Filter OFF: Spread is stationary. Proceeding with optimization.
IS Optimization Time: 0.15 seconds.
Optimal Params (Sharpe=6.3025, Calmar=80.2525): Z_E=3.3, Z_X=1.5, Z_SL=3.9
📊 Persistence: Saved 981 PnL points to wfa_outputs\oos_equity_curve_UNP_CSX_1m_20251105_154228_0.05.csv
OOS Period (2020-12-28 17:22:00+00:00 to 2021-01-20 18:04:00+00:00): PnL: $17.63 | Sharpe: 0.5184 | Calmar: 2.8822 | Trades: 937

--- Window 15 Boundary Check ---
IS Period RTH Bars: 14666. Start: 2020-11-20 19:23:00+00:00 | End: 2021-01-20 18:04:00+00:00
OOS Start Bar Index: 100932 | Time: 2021-01-20 18:05:00+00:00
ADF Test Result: p-value=0.5173 (Required < 0.05) | OLS Beta: 1.1761
Filter ON: Spread not stationary (p-value too high). Skipping optimization and OOS test.

--- Window 16 Boundary Check ---
IS Period RTH Bars: 14666. Start: 2020-12-15 16:38:00+00:00 | End: 2021-02-10 18:10:00+00:00
OOS Start Bar Index: 106782 | Time: 2021-02-10 18:11:00+00:00
ADF Test Result: p-value=0.0519 (Required < 0.05) | OLS Beta: 0.8951
Filter ON: Spread not stationary (p-value too high). Skipping optimization and OOS test.

--- Window 17 Boundary Check ---
IS Period RTH Bars: 14666. Start: 2021-01-07 20:20:00+00:00 | End: 2021-03-04 18:13:00+00:00
OOS Start Bar Index: 112632 | Time: 2021-03-04 18:14:00+00:00
ADF Test Result: p-value=0.0978 (Required < 0.05) | OLS Beta: 0.7926
Filter ON: Spread not stationary (p-value too high). Skipping optimization and OOS test.

--- Window 18 Boundary Check ---
IS Period RTH Bars: 14666. Start: 2021-01-29 20:41:00+00:00 | End: 2021-03-25 17:15:00+00:00
OOS Start Bar Index: 118482 | Time: 2021-03-25 17:16:00+00:00
ADF Test Result: p-value=0.0188 (Required < 0.05) | OLS Beta: 0.6759
Filter OFF: Spread is stationary. Proceeding with optimization.
IS Optimization Time: 0.13 seconds.
Optimal Params (Sharpe=2.3485, Calmar=12.1287): Z_E=3.3, Z_X=0.3, Z_SL=4.8
📊 Persistence: Saved 981 PnL points to wfa_outputs\oos_equity_curve_UNP_CSX_1m_20251105_154228_0.05.csv
OOS Period (2021-03-25 17:16:00+00:00 to 2021-04-16 17:40:00+00:00): PnL: $0.00 | Sharpe: 0.0000 | Calmar: 0.0000 | Trades: 0

--- Window 19 Boundary Check ---
IS Period RTH Bars: 14666. Start: 2021-02-22 20:46:00+00:00 | End: 2021-04-16 17:40:00+00:00
OOS Start Bar Index: 124332 | Time: 2021-04-16 17:41:00+00:00
ADF Test Result: p-value=0.0015 (Required < 0.05) | OLS Beta: 0.9665
Filter OFF: Spread is stationary. Proceeding with optimization.
IS Optimization Time: 0.13 seconds.
Optimal Params (Sharpe=6.8933, Calmar=42.8188): Z_E=2.1, Z_X=0.7, Z_SL=4.8
📊 Persistence: Saved 1197 PnL points to wfa_outputs\oos_equity_curve_UNP_CSX_1m_20251105_154228_0.05.csv
OOS Period (2021-04-16 17:41:00+00:00 to 2021-05-10 17:53:00+00:00): PnL: $-28.45 | Sharpe: -0.5500 | Calmar: -1.7168 | Trades: 216

--- Window 20 Boundary Check ---
IS Period RTH Bars: 14666. Start: 2021-03-15 19:49:00+00:00 | End: 2021-05-10 17:53:00+00:00
OOS Start Bar Index: 130182 | Time: 2021-05-10 17:54:00+00:00
ADF Test Result: p-value=0.0449 (Required < 0.05) | OLS Beta: 0.5733
Filter OFF: Spread is stationary. Proceeding with optimization.
IS Optimization Time: 0.13 seconds.
Optimal Params (Sharpe=4.9031, Calmar=30.2749): Z_E=2.1, Z_X=0.9, Z_SL=4.8
📊 Persistence: Saved 1197 PnL points to wfa_outputs\oos_equity_curve_UNP_CSX_1m_20251105_154228_0.05.csv
OOS Period (2021-05-10 17:54:00+00:00 to 2021-06-01 18:13:00+00:00): PnL: $0.00 | Sharpe: 0.0000 | Calmar: 0.0000 | Trades: 0

--- Window 21 Boundary Check ---
IS Period RTH Bars: 14666. Start: 2021-04-06 19:56:00+00:00 | End: 2021-06-01 18:13:00+00:00
OOS Start Bar Index: 136032 | Time: 2021-06-01 18:14:00+00:00
ADF Test Result: p-value=0.0321 (Required < 0.05) | OLS Beta: 0.3614
Filter OFF: Spread is stationary. Proceeding with optimization.
IS Optimization Time: 0.15 seconds.
Optimal Params (Sharpe=5.1425, Calmar=30.1982): Z_E=2.1, Z_X=0.9, Z_SL=4.8
📊 Persistence: Saved 1198 PnL points to wfa_outputs\oos_equity_curve_UNP_CSX_1m_20251105_154228_0.05.csv
OOS Period (2021-06-01 18:14:00+00:00 to 2021-06-22 18:34:00+00:00): PnL: $74.66 | Sharpe: 4.0991 | Calmar: 0.0000 | Trades: 1

--- Window 22 Boundary Check ---
IS Period RTH Bars: 14666. Start: 2021-04-29 13:51:00+00:00 | End: 2021-06-22 18:34:00+00:00
OOS Start Bar Index: 141882 | Time: 2021-06-22 18:35:00+00:00
ADF Test Result: p-value=0.0144 (Required < 0.05) | OLS Beta: 0.5210
Filter OFF: Spread is stationary. Proceeding with optimization.
IS Optimization Time: 0.13 seconds.
Optimal Params (Sharpe=4.1430, Calmar=30.0670): Z_E=2.1, Z_X=0.9, Z_SL=3.3
📊 Persistence: Saved 1346 PnL points to wfa_outputs\oos_equity_curve_UNP_CSX_1m_20251105_154228_0.05.csv
OOS Period (2021-06-22 18:35:00+00:00 to 2021-07-14 18:40:00+00:00): PnL: $7.00 | Sharpe: 0.2465 | Calmar: 0.8767 | Trades: 148

--- Window 23 Boundary Check ---
IS Period RTH Bars: 14666. Start: 2021-05-20 14:13:00+00:00 | End: 2021-07-14 18:40:00+00:00
OOS Start Bar Index: 147732 | Time: 2021-07-14 18:41:00+00:00
ADF Test Result: p-value=0.0393 (Required < 0.05) | OLS Beta: 0.4905
Filter OFF: Spread is stationary. Proceeding with optimization.
IS Optimization Time: 0.14 seconds.
Optimal Params (Sharpe=1.4192, Calmar=5.6590): Z_E=3.1, Z_X=0.3, Z_SL=3.3
📊 Persistence: Saved 1346 PnL points to wfa_outputs\oos_equity_curve_UNP_CSX_1m_20251105_154228_0.05.csv
OOS Period (2021-07-14 18:41:00+00:00 to 2021-08-04 18:53:00+00:00): PnL: $0.00 | Sharpe: 0.0000 | Calmar: 0.0000 | Trades: 0

--- Window 24 Boundary Check ---
IS Period RTH Bars: 14666. Start: 2021-06-11 14:29:00+00:00 | End: 2021-08-04 18:53:00+00:00
OOS Start Bar Index: 153582 | Time: 2021-08-04 18:54:00+00:00
ADF Test Result: p-value=0.1076 (Required < 0.05) | OLS Beta: 0.4977
Filter ON: Spread not stationary (p-value too high). Skipping optimization and OOS test.

--- Window 25 Boundary Check ---
IS Period RTH Bars: 14666. Start: 2021-07-02 14:43:00+00:00 | End: 2021-08-25 19:17:00+00:00
OOS Start Bar Index: 159432 | Time: 2021-08-25 19:18:00+00:00
ADF Test Result: p-value=0.0862 (Required < 0.05) | OLS Beta: 0.4663
Filter ON: Spread not stationary (p-value too high). Skipping optimization and OOS test.

--- Window 26 Boundary Check ---
IS Period RTH Bars: 14666. Start: 2021-07-26 14:50:00+00:00 | End: 2021-09-16 19:23:00+00:00
OOS Start Bar Index: 165282 | Time: 2021-09-16 19:24:00+00:00
ADF Test Result: p-value=0.6193 (Required < 0.05) | OLS Beta: 0.8777
Filter ON: Spread not stationary (p-value too high). Skipping optimization and OOS test.

--- Window 27 Boundary Check ---
IS Period RTH Bars: 14666. Start: 2021-08-16 15:10:00+00:00 | End: 2021-10-07 19:25:00+00:00
OOS Start Bar Index: 171132 | Time: 2021-10-07 19:26:00+00:00
ADF Test Result: p-value=0.0834 (Required < 0.05) | OLS Beta: 0.9813
Filter ON: Spread not stationary (p-value too high). Skipping optimization and OOS test.

--- Window 28 Boundary Check ---
IS Period RTH Bars: 14666. Start: 2021-09-07 15:25:00+00:00 | End: 2021-10-29 19:41:00+00:00
OOS Start Bar Index: 176982 | Time: 2021-10-29 19:42:00+00:00
ADF Test Result: p-value=0.0110 (Required < 0.05) | OLS Beta: 0.9997
Filter OFF: Spread is stationary. Proceeding with optimization.
IS Optimization Time: 0.14 seconds.
Optimal Params (Sharpe=1.9593, Calmar=5.6068): Z_E=2.3, Z_X=1.5, Z_SL=3.3
📊 Persistence: Saved 1697 PnL points to wfa_outputs\oos_equity_curve_UNP_CSX_1m_20251105_154228_0.05.csv
OOS Period (2021-10-29 19:42:00+00:00 to 2021-11-22 15:10:00+00:00): PnL: $78.66 | Sharpe: 2.9022 | Calmar: 16.5554 | Trades: 351

--- Window 29 Boundary Check ---
IS Period RTH Bars: 14666. Start: 2021-09-28 15:30:00+00:00 | End: 2021-11-22 15:10:00+00:00
OOS Start Bar Index: 182832 | Time: 2021-11-22 15:11:00+00:00
ADF Test Result: p-value=0.0684 (Required < 0.05) | OLS Beta: 1.1053
Filter ON: Spread not stationary (p-value too high). Skipping optimization and OOS test.

--- Window 30 Boundary Check ---
IS Period RTH Bars: 14666. Start: 2021-10-19 15:37:00+00:00 | End: 2021-12-14 18:52:00+00:00
OOS Start Bar Index: 188682 | Time: 2021-12-14 18:53:00+00:00
ADF Test Result: p-value=0.0221 (Required < 0.05) | OLS Beta: 0.9552
Filter OFF: Spread is stationary. Proceeding with optimization.
IS Optimization Time: 0.16 seconds.
Optimal Params (Sharpe=2.9356, Calmar=11.3270): Z_E=2.3, Z_X=0.7, Z_SL=3.3
📊 Persistence: Saved 1697 PnL points to wfa_outputs\oos_equity_curve_UNP_CSX_1m_20251105_154228_0.05.csv
OOS Period (2021-12-14 18:53:00+00:00 to 2022-01-06 14:45:00+00:00): PnL: $0.00 | Sharpe: 0.0000 | Calmar: 0.0000 | Trades: 0

--- Window 31 Boundary Check ---
IS Period RTH Bars: 14666. Start: 2021-11-10 17:12:00+00:00 | End: 2022-01-06 14:45:00+00:00
OOS Start Bar Index: 194532 | Time: 2022-01-06 14:46:00+00:00
ADF Test Result: p-value=0.0247 (Required < 0.05) | OLS Beta: 0.7615
Filter OFF: Spread is stationary. Proceeding with optimization.
IS Optimization Time: 0.14 seconds.
Optimal Params (Sharpe=6.6032, Calmar=38.1309): Z_E=1.9, Z_X=0.5, Z_SL=4.8
📊 Persistence: Saved 2690 PnL points to wfa_outputs\oos_equity_curve_UNP_CSX_1m_20251105_154228_0.05.csv
OOS Period (2022-01-06 14:46:00+00:00 to 2022-01-31 14:53:00+00:00): PnL: $-177.09 | Sharpe: -2.5520 | Calmar: -5.3844 | Trades: 993

--- Window 32 Boundary Check ---
IS Period RTH Bars: 14666. Start: 2021-12-02 20:54:00+00:00 | End: 2022-01-31 14:53:00+00:00
OOS Start Bar Index: 200382 | Time: 2022-01-31 14:54:00+00:00
ADF Test Result: p-value=0.0356 (Required < 0.05) | OLS Beta: 0.3190
Filter OFF: Spread is stationary. Proceeding with optimization.
IS Optimization Time: 0.14 seconds.
Optimal Params (Sharpe=1.7109, Calmar=3.8246): Z_E=2.1, Z_X=0.3, Z_SL=3.3
📊 Persistence: Saved 2697 PnL points to wfa_outputs\oos_equity_curve_UNP_CSX_1m_20251105_154228_0.05.csv
OOS Period (2022-01-31 14:54:00+00:00 to 2022-02-22 15:01:00+00:00): PnL: $137.63 | Sharpe: 2.5193 | Calmar: 21.2615 | Trades: 7

--- Window 33 Boundary Check ---
IS Period RTH Bars: 14666. Start: 2021-12-27 15:44:00+00:00 | End: 2022-02-22 15:01:00+00:00
OOS Start Bar Index: 206232 | Time: 2022-02-22 15:02:00+00:00
ADF Test Result: p-value=0.1168 (Required < 0.05) | OLS Beta: 0.2835
Filter ON: Spread not stationary (p-value too high). Skipping optimization and OOS test.

--- Window 34 Boundary Check ---
IS Period RTH Bars: 14666. Start: 2022-01-18 17:42:00+00:00 | End: 2022-03-16 14:00:00+00:00
OOS Start Bar Index: 212082 | Time: 2022-03-16 14:01:00+00:00
ADF Test Result: p-value=0.2936 (Required < 0.05) | OLS Beta: 0.7582
Filter ON: Spread not stationary (p-value too high). Skipping optimization and OOS test.

--- Window 35 Boundary Check ---
IS Period RTH Bars: 14666. Start: 2022-02-09 17:35:00+00:00 | End: 2022-04-06 14:02:00+00:00
OOS Start Bar Index: 217932 | Time: 2022-04-06 14:03:00+00:00
ADF Test Result: p-value=0.1168 (Required < 0.05) | OLS Beta: 1.0038
Filter ON: Spread not stationary (p-value too high). Skipping optimization and OOS test.

--- Window 36 Boundary Check ---
IS Period RTH Bars: 14666. Start: 2022-03-03 17:36:00+00:00 | End: 2022-04-28 14:04:00+00:00
OOS Start Bar Index: 223782 | Time: 2022-04-28 14:05:00+00:00
ADF Test Result: p-value=0.3761 (Required < 0.05) | OLS Beta: 1.1929
Filter ON: Spread not stationary (p-value too high). Skipping optimization and OOS test.

--- Window 37 Boundary Check ---
IS Period RTH Bars: 14666. Start: 2022-03-25 16:37:00+00:00 | End: 2022-05-19 14:06:00+00:00
OOS Start Bar Index: 229632 | Time: 2022-05-19 14:07:00+00:00
ADF Test Result: p-value=0.1911 (Required < 0.05) | OLS Beta: 1.4988
Filter ON: Spread not stationary (p-value too high). Skipping optimization and OOS test.

--- Window 38 Boundary Check ---
IS Period RTH Bars: 14666. Start: 2022-04-18 16:38:00+00:00 | End: 2022-06-10 14:19:00+00:00
OOS Start Bar Index: 235482 | Time: 2022-06-10 14:20:00+00:00
ADF Test Result: p-value=0.0508 (Required < 0.05) | OLS Beta: 0.7625
Filter ON: Spread not stationary (p-value too high). Skipping optimization and OOS test.

--- Window 39 Boundary Check ---
IS Period RTH Bars: 14666. Start: 2022-05-09 16:39:00+00:00 | End: 2022-07-05 14:29:00+00:00
OOS Start Bar Index: 241332 | Time: 2022-07-05 14:30:00+00:00
ADF Test Result: p-value=0.0520 (Required < 0.05) | OLS Beta: 0.5531
Filter ON: Spread not stationary (p-value too high). Skipping optimization and OOS test.

--- Window 40 Boundary Check ---
IS Period RTH Bars: 14666. Start: 2022-05-31 16:47:00+00:00 | End: 2022-07-26 14:32:00+00:00
OOS Start Bar Index: 247182 | Time: 2022-07-26 14:33:00+00:00
ADF Test Result: p-value=0.0601 (Required < 0.05) | OLS Beta: 0.5441
Filter ON: Spread not stationary (p-value too high). Skipping optimization and OOS test.

--- Window 41 Boundary Check ---
IS Period RTH Bars: 14666. Start: 2022-06-22 16:57:00+00:00 | End: 2022-08-16 14:40:00+00:00
OOS Start Bar Index: 253032 | Time: 2022-08-16 14:41:00+00:00
ADF Test Result: p-value=0.3239 (Required < 0.05) | OLS Beta: 0.6662
Filter ON: Spread not stationary (p-value too high). Skipping optimization and OOS test.

--- Window 42 Boundary Check ---
IS Period RTH Bars: 14666. Start: 2022-07-14 17:04:00+00:00 | End: 2022-09-07 15:05:00+00:00
OOS Start Bar Index: 258882 | Time: 2022-09-07 15:06:00+00:00
ADF Test Result: p-value=0.5186 (Required < 0.05) | OLS Beta: 0.8132
Filter ON: Spread not stationary (p-value too high). Skipping optimization and OOS test.

--- Window 43 Boundary Check ---
IS Period RTH Bars: 14666. Start: 2022-08-04 17:07:00+00:00 | End: 2022-09-28 15:12:00+00:00
OOS Start Bar Index: 264732 | Time: 2022-09-28 15:13:00+00:00
ADF Test Result: p-value=0.0030 (Required < 0.05) | OLS Beta: 0.7635
Filter OFF: Spread is stationary. Proceeding with optimization.
IS Optimization Time: 0.13 seconds.
Optimal Params (Sharpe=3.4434, Calmar=17.2939): Z_E=1.9, Z_X=0.7, Z_SL=3.9
📊 Persistence: Saved 2882 PnL points to wfa_outputs\oos_equity_curve_UNP_CSX_1m_20251105_154228_0.05.csv
OOS Period (2022-09-28 15:13:00+00:00 to 2022-10-19 15:21:00+00:00): PnL: $-54.17 | Sharpe: -1.5792 | Calmar: -6.5156 | Trades: 185

--- Window 44 Boundary Check ---
IS Period RTH Bars: 14666. Start: 2022-08-25 17:35:00+00:00 | End: 2022-10-19 15:21:00+00:00
OOS Start Bar Index: 270582 | Time: 2022-10-19 15:22:00+00:00
ADF Test Result: p-value=0.0367 (Required < 0.05) | OLS Beta: 0.8864
Filter OFF: Spread is stationary. Proceeding with optimization.
IS Optimization Time: 0.14 seconds.
Optimal Params (Sharpe=4.0869, Calmar=20.1014): Z_E=2.1, Z_X=0.7, Z_SL=3.9
📊 Persistence: Saved 5596 PnL points to wfa_outputs\oos_equity_curve_UNP_CSX_1m_20251105_154228_0.05.csv
OOS Period (2022-10-19 15:22:00+00:00 to 2022-11-09 16:30:00+00:00): PnL: $15.12 | Sharpe: 0.3019 | Calmar: 1.6273 | Trades: 2714

--- Window 45 Boundary Check ---
IS Period RTH Bars: 14666. Start: 2022-09-16 17:40:00+00:00 | End: 2022-11-09 16:30:00+00:00
OOS Start Bar Index: 276432 | Time: 2022-11-09 16:31:00+00:00
ADF Test Result: p-value=0.3856 (Required < 0.05) | OLS Beta: 0.3796
Filter ON: Spread not stationary (p-value too high). Skipping optimization and OOS test.

--- Window 46 Boundary Check ---
IS Period RTH Bars: 14666. Start: 2022-10-07 17:53:00+00:00 | End: 2022-12-01 19:36:00+00:00
OOS Start Bar Index: 282282 | Time: 2022-12-01 19:37:00+00:00
ADF Test Result: p-value=0.2614 (Required < 0.05) | OLS Beta: 0.6412
Filter ON: Spread not stationary (p-value too high). Skipping optimization and OOS test.

--- Window 47 Boundary Check ---
IS Period RTH Bars: 14666. Start: 2022-10-28 18:02:00+00:00 | End: 2022-12-22 20:08:00+00:00
OOS Start Bar Index: 288132 | Time: 2022-12-22 20:09:00+00:00
ADF Test Result: p-value=0.0897 (Required < 0.05) | OLS Beta: 0.8919
Filter ON: Spread not stationary (p-value too high). Skipping optimization and OOS test.

--- Window 48 Boundary Check ---
IS Period RTH Bars: 14666. Start: 2022-11-18 19:08:00+00:00 | End: 2023-01-18 15:02:00+00:00
OOS Start Bar Index: 293982 | Time: 2023-01-18 15:03:00+00:00
ADF Test Result: p-value=0.0051 (Required < 0.05) | OLS Beta: 0.6548
Filter OFF: Spread is stationary. Proceeding with optimization.
IS Optimization Time: 0.12 seconds.
Optimal Params (Sharpe=3.5084, Calmar=15.8065): Z_E=2.1, Z_X=1.1, Z_SL=3.3
📊 Persistence: Saved 6200 PnL points to wfa_outputs\oos_equity_curve_UNP_CSX_1m_20251105_154228_0.05.csv
OOS Period (2023-01-18 15:03:00+00:00 to 2023-02-08 15:21:00+00:00): PnL: $446.34 | Sharpe: 8.0456 | Calmar: 134.5959 | Trades: 604

--- Window 49 Boundary Check ---
IS Period RTH Bars: 14666. Start: 2022-12-13 16:02:00+00:00 | End: 2023-02-08 15:21:00+00:00
OOS Start Bar Index: 299832 | Time: 2023-02-08 15:22:00+00:00
ADF Test Result: p-value=0.1177 (Required < 0.05) | OLS Beta: 0.7507
Filter ON: Spread not stationary (p-value too high). Skipping optimization and OOS test.

--- Window 50 Boundary Check ---
IS Period RTH Bars: 14666. Start: 2023-01-05 16:58:00+00:00 | End: 2023-03-02 15:27:00+00:00
OOS Start Bar Index: 305682 | Time: 2023-03-02 15:28:00+00:00
ADF Test Result: p-value=0.2181 (Required < 0.05) | OLS Beta: 0.9690
Filter ON: Spread not stationary (p-value too high). Skipping optimization and OOS test.

--- Window 51 Boundary Check ---
IS Period RTH Bars: 14666. Start: 2023-01-27 17:49:00+00:00 | End: 2023-03-23 14:29:00+00:00
OOS Start Bar Index: 311532 | Time: 2023-03-23 14:30:00+00:00
ADF Test Result: p-value=0.2147 (Required < 0.05) | OLS Beta: 0.8394
Filter ON: Spread not stationary (p-value too high). Skipping optimization and OOS test.

--- Window 52 Boundary Check ---
IS Period RTH Bars: 14666. Start: 2023-02-17 18:02:00+00:00 | End: 2023-04-14 14:35:00+00:00
OOS Start Bar Index: 317382 | Time: 2023-04-14 14:36:00+00:00
ADF Test Result: p-value=0.1385 (Required < 0.05) | OLS Beta: 1.0186
Filter ON: Spread not stationary (p-value too high). Skipping optimization and OOS test.

--- Window 53 Boundary Check ---
IS Period RTH Bars: 14666. Start: 2023-03-13 17:04:00+00:00 | End: 2023-05-05 15:00:00+00:00
OOS Start Bar Index: 323232 | Time: 2023-05-05 15:01:00+00:00
ADF Test Result: p-value=0.1983 (Required < 0.05) | OLS Beta: 0.5001
Filter ON: Spread not stationary (p-value too high). Skipping optimization and OOS test.

--- Window 54 Boundary Check ---
IS Period RTH Bars: 14666. Start: 2023-04-03 17:05:00+00:00 | End: 2023-05-26 16:31:00+00:00
OOS Start Bar Index: 329082 | Time: 2023-05-26 16:32:00+00:00
ADF Test Result: p-value=0.0933 (Required < 0.05) | OLS Beta: 0.1624
Filter ON: Spread not stationary (p-value too high). Skipping optimization and OOS test.

--- Window 55 Boundary Check ---
IS Period RTH Bars: 14666. Start: 2023-04-25 17:13:00+00:00 | End: 2023-06-20 17:04:00+00:00
OOS Start Bar Index: 334932 | Time: 2023-06-20 17:05:00+00:00
ADF Test Result: p-value=0.0045 (Required < 0.05) | OLS Beta: 0.6720
Filter OFF: Spread is stationary. Proceeding with optimization.
IS Optimization Time: 0.14 seconds.
Optimal Params (Sharpe=6.7290, Calmar=40.2040): Z_E=1.9, Z_X=1.5, Z_SL=4.8
📊 Persistence: Saved 6206 PnL points to wfa_outputs\oos_equity_curve_UNP_CSX_1m_20251105_154228_0.05.csv
OOS Period (2023-06-20 17:05:00+00:00 to 2023-07-13 14:14:00+00:00): PnL: $40.73 | Sharpe: 2.7329 | Calmar: 14.8866 | Trades: 6

--- Window 56 Boundary Check ---
IS Period RTH Bars: 14666. Start: 2023-05-16 18:12:00+00:00 | End: 2023-07-13 14:14:00+00:00
OOS Start Bar Index: 340782 | Time: 2023-07-13 14:15:00+00:00
ADF Test Result: p-value=0.0532 (Required < 0.05) | OLS Beta: 0.7028
Filter ON: Spread not stationary (p-value too high). Skipping optimization and OOS test.

--- Window 57 Boundary Check ---
IS Period RTH Bars: 14666. Start: 2023-06-07 19:22:00+00:00 | End: 2023-08-03 14:36:00+00:00
OOS Start Bar Index: 346632 | Time: 2023-08-03 14:37:00+00:00
ADF Test Result: p-value=0.8797 (Required < 0.05) | OLS Beta: 0.4039
Filter ON: Spread not stationary (p-value too high). Skipping optimization and OOS test.

--- Window 58 Boundary Check ---
IS Period RTH Bars: 14666. Start: 2023-06-29 19:53:00+00:00 | End: 2023-08-24 15:30:00+00:00
OOS Start Bar Index: 352482 | Time: 2023-08-24 15:31:00+00:00
ADF Test Result: p-value=0.3337 (Required < 0.05) | OLS Beta: -0.6327
Filter ON: Spread not stationary (p-value too high). Skipping optimization and OOS test.

--- Window 59 Boundary Check ---
IS Period RTH Bars: 14666. Start: 2023-07-24 17:05:00+00:00 | End: 2023-09-15 15:57:00+00:00
OOS Start Bar Index: 358332 | Time: 2023-09-15 15:58:00+00:00
ADF Test Result: p-value=0.0730 (Required < 0.05) | OLS Beta: 0.5240
Filter ON: Spread not stationary (p-value too high). Skipping optimization and OOS test.

--- Window 60 Boundary Check ---
IS Period RTH Bars: 14666. Start: 2023-08-14 17:36:00+00:00 | End: 2023-10-06 17:07:00+00:00
OOS Start Bar Index: 364182 | Time: 2023-10-06 17:08:00+00:00
ADF Test Result: p-value=0.7181 (Required < 0.05) | OLS Beta: -0.0714
Filter ON: Spread not stationary (p-value too high). Skipping optimization and OOS test.

--- Window 61 Boundary Check ---
IS Period RTH Bars: 14666. Start: 2023-09-05 18:10:00+00:00 | End: 2023-10-27 17:25:00+00:00
OOS Start Bar Index: 370032 | Time: 2023-10-27 17:26:00+00:00
ADF Test Result: p-value=0.2201 (Required < 0.05) | OLS Beta: 0.2709
Filter ON: Spread not stationary (p-value too high). Skipping optimization and OOS test.

--- Window 62 Boundary Check ---
IS Period RTH Bars: 14666. Start: 2023-09-26 19:20:00+00:00 | End: 2023-11-17 19:29:00+00:00
OOS Start Bar Index: 375882 | Time: 2023-11-17 19:30:00+00:00
ADF Test Result: p-value=0.7133 (Required < 0.05) | OLS Beta: 0.4825
Filter ON: Spread not stationary (p-value too high). Skipping optimization and OOS test.

--- Window 63 Boundary Check ---
IS Period RTH Bars: 14666. Start: 2023-10-17 19:59:00+00:00 | End: 2023-12-12 17:31:00+00:00
OOS Start Bar Index: 381732 | Time: 2023-12-12 17:32:00+00:00
ADF Test Result: p-value=0.0008 (Required < 0.05) | OLS Beta: 1.0035
Filter OFF: Spread is stationary. Proceeding with optimization.
IS Optimization Time: 0.15 seconds.
Optimal Params (Sharpe=4.0500, Calmar=96.4646): Z_E=2.3, Z_X=1.1, Z_SL=4.8
📊 Persistence: Saved 6247 PnL points to wfa_outputs\oos_equity_curve_UNP_CSX_1m_20251105_154228_0.05.csv
OOS Period (2023-12-12 17:32:00+00:00 to 2024-01-04 19:52:00+00:00): PnL: $91.92 | Sharpe: 1.7368 | Calmar: 10.9126 | Trades: 41

--- Window 64 Boundary Check ---
IS Period RTH Bars: 14666. Start: 2023-11-08 15:07:00+00:00 | End: 2024-01-04 19:52:00+00:00
OOS Start Bar Index: 387582 | Time: 2024-01-04 19:53:00+00:00
ADF Test Result: p-value=0.0727 (Required < 0.05) | OLS Beta: 1.1402
Filter ON: Spread not stationary (p-value too high). Skipping optimization and OOS test.

--- Window 65 Boundary Check ---
IS Period RTH Bars: 14666. Start: 2023-11-30 19:07:00+00:00 | End: 2024-01-26 20:39:00+00:00
OOS Start Bar Index: 393432 | Time: 2024-01-26 20:40:00+00:00
ADF Test Result: p-value=0.3940 (Required < 0.05) | OLS Beta: 0.9120
Filter ON: Spread not stationary (p-value too high). Skipping optimization and OOS test.

--- Window 66 Boundary Check ---
IS Period RTH Bars: 14666. Start: 2023-12-21 20:33:00+00:00 | End: 2024-02-20 15:06:00+00:00
OOS Start Bar Index: 399282 | Time: 2024-02-20 15:07:00+00:00
ADF Test Result: p-value=0.2563 (Required < 0.05) | OLS Beta: 0.5250
Filter ON: Spread not stationary (p-value too high). Skipping optimization and OOS test.

--- Window 67 Boundary Check ---
IS Period RTH Bars: 14666. Start: 2024-01-17 16:34:00+00:00 | End: 2024-03-12 15:52:00+00:00
OOS Start Bar Index: 405132 | Time: 2024-03-12 15:53:00+00:00
ADF Test Result: p-value=0.0353 (Required < 0.05) | OLS Beta: 0.5675
Filter OFF: Spread is stationary. Proceeding with optimization.
IS Optimization Time: 0.13 seconds.
Optimal Params (Sharpe=0.8393, Calmar=2.1295): Z_E=2.1, Z_X=0.5, Z_SL=3.9
📊 Persistence: Saved 6250 PnL points to wfa_outputs\oos_equity_curve_UNP_CSX_1m_20251105_154228_0.05.csv
OOS Period (2024-03-12 15:53:00+00:00 to 2024-04-03 17:35:00+00:00): PnL: $146.96 | Sharpe: 5.4284 | Calmar: 301.5147 | Trades: 3

--- Window 68 Boundary Check ---
IS Period RTH Bars: 14666. Start: 2024-02-07 17:05:00+00:00 | End: 2024-04-03 17:35:00+00:00
OOS Start Bar Index: 410982 | Time: 2024-04-03 17:36:00+00:00
ADF Test Result: p-value=0.1431 (Required < 0.05) | OLS Beta: 0.7911
Filter ON: Spread not stationary (p-value too high). Skipping optimization and OOS test.

--- Window 69 Boundary Check ---
IS Period RTH Bars: 14666. Start: 2024-02-29 18:27:00+00:00 | End: 2024-04-24 18:50:00+00:00
OOS Start Bar Index: 416832 | Time: 2024-04-24 18:51:00+00:00
ADF Test Result: p-value=0.0182 (Required < 0.05) | OLS Beta: 0.7932
Filter OFF: Spread is stationary. Proceeding with optimization.
IS Optimization Time: 0.13 seconds.
Optimal Params (Sharpe=7.9741, Calmar=74.4116): Z_E=2.9, Z_X=1.5, Z_SL=3.3
📊 Persistence: Saved 9057 PnL points to wfa_outputs\oos_equity_curve_UNP_CSX_1m_20251105_154228_0.05.csv
OOS Period (2024-04-24 18:51:00+00:00 to 2024-05-16 15:19:00+00:00): PnL: $-286.58 | Sharpe: -6.0259 | Calmar: -11.9550 | Trades: 2807

--- Window 70 Boundary Check ---
IS Period RTH Bars: 14666. Start: 2024-03-21 19:27:00+00:00 | End: 2024-05-16 15:19:00+00:00
OOS Start Bar Index: 422682 | Time: 2024-05-16 15:20:00+00:00
ADF Test Result: p-value=0.5342 (Required < 0.05) | OLS Beta: 0.1955
Filter ON: Spread not stationary (p-value too high). Skipping optimization and OOS test.

--- Window 71 Boundary Check ---
IS Period RTH Bars: 14666. Start: 2024-04-15 14:20:00+00:00 | End: 2024-06-07 17:21:00+00:00
OOS Start Bar Index: 428532 | Time: 2024-06-07 17:22:00+00:00
ADF Test Result: p-value=0.5872 (Required < 0.05) | OLS Beta: 0.5128
Filter ON: Spread not stationary (p-value too high). Skipping optimization and OOS test.

--- Window 72 Boundary Check ---
IS Period RTH Bars: 14666. Start: 2024-05-06 15:46:00+00:00 | End: 2024-07-01 18:23:00+00:00
OOS Start Bar Index: 434382 | Time: 2024-07-01 18:24:00+00:00
ADF Test Result: p-value=0.4455 (Required < 0.05) | OLS Beta: 1.7196
Filter ON: Spread not stationary (p-value too high). Skipping optimization and OOS test.

--- Window 73 Boundary Check ---
IS Period RTH Bars: 14666. Start: 2024-05-28 19:17:00+00:00 | End: 2024-07-24 15:45:00+00:00
OOS Start Bar Index: 440232 | Time: 2024-07-24 15:46:00+00:00
ADF Test Result: p-value=0.8994 (Required < 0.05) | OLS Beta: 1.0689
Filter ON: Spread not stationary (p-value too high). Skipping optimization and OOS test.

--- Window 74 Boundary Check ---
IS Period RTH Bars: 14666. Start: 2024-06-20 13:55:00+00:00 | End: 2024-08-14 17:45:00+00:00
OOS Start Bar Index: 446082 | Time: 2024-08-14 17:46:00+00:00
ADF Test Result: p-value=0.6504 (Required < 0.05) | OLS Beta: 1.2937
Filter ON: Spread not stationary (p-value too high). Skipping optimization and OOS test.

--- Window 75 Boundary Check ---
IS Period RTH Bars: 14666. Start: 2024-07-12 18:10:00+00:00 | End: 2024-09-06 14:51:00+00:00
OOS Start Bar Index: 451932 | Time: 2024-09-06 14:52:00+00:00
ADF Test Result: p-value=0.4424 (Required < 0.05) | OLS Beta: 0.3299
Filter ON: Spread not stationary (p-value too high). Skipping optimization and OOS test.

--- Window 76 Boundary Check ---
IS Period RTH Bars: 14666. Start: 2024-08-02 18:51:00+00:00 | End: 2024-09-27 16:25:00+00:00
OOS Start Bar Index: 457782 | Time: 2024-09-27 16:26:00+00:00
ADF Test Result: p-value=0.5571 (Required < 0.05) | OLS Beta: 0.7215
Filter ON: Spread not stationary (p-value too high). Skipping optimization and OOS test.

--- Window 77 Boundary Check ---
IS Period RTH Bars: 14666. Start: 2024-08-26 15:52:00+00:00 | End: 2024-10-18 18:56:00+00:00
OOS Start Bar Index: 463632 | Time: 2024-10-18 18:57:00+00:00
ADF Test Result: p-value=0.3798 (Required < 0.05) | OLS Beta: -0.0715
Filter ON: Spread not stationary (p-value too high). Skipping optimization and OOS test.

--- Window 78 Boundary Check ---
IS Period RTH Bars: 14666. Start: 2024-09-17 18:31:00+00:00 | End: 2024-11-08 20:57:00+00:00
OOS Start Bar Index: 469482 | Time: 2024-11-08 20:58:00+00:00
ADF Test Result: p-value=0.1107 (Required < 0.05) | OLS Beta: 0.6382
Filter ON: Spread not stationary (p-value too high). Skipping optimization and OOS test.

--- Window 79 Boundary Check ---
IS Period RTH Bars: 14666. Start: 2024-10-09 13:54:00+00:00 | End: 2024-12-03 19:42:00+00:00
OOS Start Bar Index: 475332 | Time: 2024-12-03 19:43:00+00:00
ADF Test Result: p-value=0.4288 (Required < 0.05) | OLS Beta: 0.4635
Filter ON: Spread not stationary (p-value too high). Skipping optimization and OOS test.

--- Window 80 Boundary Check ---
IS Period RTH Bars: 14666. Start: 2024-10-30 15:25:00+00:00 | End: 2024-12-26 17:13:00+00:00
OOS Start Bar Index: 481182 | Time: 2024-12-26 17:15:00+00:00
ADF Test Result: p-value=0.1779 (Required < 0.05) | OLS Beta: 0.5169
Filter ON: Spread not stationary (p-value too high). Skipping optimization and OOS test.

############################################################
📈 OVERALL SIMULATION PERFORMANCE (Walk-Forward Test)
############################################################
Timeframe Used: 1Min, Value: 1
ADF Cointegration Filter Threshold: 0.05
Total OOS Windows Tested: 80
Total Trades Executed: 9057
--- Final Performance Metrics ---
Total PnL: $939.73
Overall Sharpe Ratio (Annualized): 0.2758
Overall Calmar Ratio (Annualized): 0.1004
Maximum Dollar Drawdown (MDD): $426.38

--- Execution Time ---
Total Elapsed Time: 141.95 seconds
############################################################
[0m