--- Dynamic Timeframe Configuration ---
TimeFrame Selected: 1Min, Value: 1
Bars per Trading Day: 390
Annualization Factor (Bars/Year): 98280
Statistical Lookback Bars: 2184
Optimization Lookback Bars: 19032
---------------------------------------
--- Diagnostic Check ---
API Key ID Length: 26
API Secret Key Length: 44
StockHistoricalDataClient initialized successfully. Starting data fetch...
--------------------------
Pre-compiling Numba function for first run optimization...
Numba pre-compilation complete.
Fetching data from 2020-01-15 to 2025-01-13...
Fetching 1Min data for GLD...
Fetching 1Min data for OUNZ...
Data acquired successfully. Total 1Min RTH bars: 231013
Skipping full pre-calculation. Metrics will be calculated inside the WFA loop.

============================================================
📈 Starting Rolling Backtest: IS Optimization Window=19032 bars, Shift=15 days
   Data already processed with Statistical Rolling Window: 2184 bars
   ADF Cointegration Filter: p-value < 0.05
============================================================

--- Window 1 Boundary Check ---
IS Period RTH Bars: 14666. Start: 2020-04-03 16:34:00+00:00 | End: 2020-08-07 18:30:00+00:00
OOS Start Bar Index: 19032 | Time: 2020-08-07 18:31:00+00:00
ADF Test Result: p-value=0.0000 (Required < 0.05) | OLS Beta: 0.9989
Filter OFF: Spread is stationary. Proceeding with optimization.
IS Optimization Time: 0.06 seconds.
Optimal Params (Sharpe=4.0519, Calmar=9.1602): Z_E=3.3, Z_X=0.5, Z_SL=3.9
📊 Persistence: Saved 10 PnL points to wfa_outputs\oos_equity_curve_GLD_OUNZ_1m_20251107_202407_0.05.csv
OOS Period (2020-08-07 18:31:00+00:00 to 2020-09-16 19:03:00+00:00): PnL: $-19.50 | Sharpe: -4.1539 | Calmar: -6.2101 | Trades: 10

--- Window 2 Boundary Check ---
IS Period RTH Bars: 14666. Start: 2020-05-27 14:48:00+00:00 | End: 2020-09-16 19:03:00+00:00
OOS Start Bar Index: 24882 | Time: 2020-09-16 19:04:00+00:00
ADF Test Result: p-value=0.0000 (Required < 0.05) | OLS Beta: 0.9994
Filter OFF: Spread is stationary. Proceeding with optimization.
IS Optimization Time: 0.06 seconds.
Optimal Params (Sharpe=2.2335, Calmar=3.3044): Z_E=2.5, Z_X=0.3, Z_SL=3.9
📊 Persistence: Saved 108 PnL points to wfa_outputs\oos_equity_curve_GLD_OUNZ_1m_20251107_202407_0.05.csv
OOS Period (2020-09-16 19:04:00+00:00 to 2020-11-09 20:22:00+00:00): PnL: $-4.55 | Sharpe: -0.8277 | Calmar: -1.0523 | Trades: 98

--- Window 3 Boundary Check ---
IS Period RTH Bars: 14666. Start: 2020-07-23 14:11:00+00:00 | End: 2020-11-09 20:22:00+00:00
OOS Start Bar Index: 30732 | Time: 2020-11-09 20:24:00+00:00
ADF Test Result: p-value=0.0000 (Required < 0.05) | OLS Beta: 1.0028
Filter OFF: Spread is stationary. Proceeding with optimization.
IS Optimization Time: 0.06 seconds.
Optimal Params (Sharpe=1.3481, Calmar=2.3040): Z_E=1.9, Z_X=1.5, Z_SL=3.6
📊 Persistence: Saved 595 PnL points to wfa_outputs\oos_equity_curve_GLD_OUNZ_1m_20251107_202407_0.05.csv
OOS Period (2020-11-09 20:24:00+00:00 to 2021-01-07 20:24:00+00:00): PnL: $-1.97 | Sharpe: -0.1831 | Calmar: -0.4285 | Trades: 487

--- Window 4 Boundary Check ---
IS Period RTH Bars: 14666. Start: 2020-08-25 18:29:00+00:00 | End: 2021-01-07 20:24:00+00:00
OOS Start Bar Index: 36582 | Time: 2021-01-07 20:25:00+00:00
ADF Test Result: p-value=0.0000 (Required < 0.05) | OLS Beta: 1.0049
Filter OFF: Spread is stationary. Proceeding with optimization.
IS Optimization Time: 0.06 seconds.
Optimal Params (Sharpe=0.6596, Calmar=0.8505): Z_E=2.9, Z_X=0.3, Z_SL=3.9
📊 Persistence: Saved 709 PnL points to wfa_outputs\oos_equity_curve_GLD_OUNZ_1m_20251107_202407_0.05.csv
OOS Period (2021-01-07 20:25:00+00:00 to 2021-03-04 17:40:00+00:00): PnL: $27.86 | Sharpe: 4.0237 | Calmar: 12.1506 | Trades: 114

--- Window 5 Boundary Check ---
IS Period RTH Bars: 14666. Start: 2020-10-12 19:52:00+00:00 | End: 2021-03-04 17:40:00+00:00
OOS Start Bar Index: 42432 | Time: 2021-03-04 17:42:00+00:00
ADF Test Result: p-value=0.0000 (Required < 0.05) | OLS Beta: 1.0055
Filter OFF: Spread is stationary. Proceeding with optimization.
IS Optimization Time: 0.06 seconds.
Optimal Params (Sharpe=6.4545, Calmar=7.2233): Z_E=3.1, Z_X=1.5, Z_SL=4.2
📊 Persistence: Saved 743 PnL points to wfa_outputs\oos_equity_curve_GLD_OUNZ_1m_20251107_202407_0.05.csv
OOS Period (2021-03-04 17:42:00+00:00 to 2021-05-12 15:33:00+00:00): PnL: $-23.27 | Sharpe: -5.4778 | Calmar: -4.2942 | Trades: 34

--- Window 6 Boundary Check ---
IS Period RTH Bars: 14666. Start: 2020-12-10 18:36:00+00:00 | End: 2021-05-12 15:33:00+00:00
OOS Start Bar Index: 48282 | Time: 2021-05-12 15:34:00+00:00
ADF Test Result: p-value=0.0000 (Required < 0.05) | OLS Beta: 1.0038
Filter OFF: Spread is stationary. Proceeding with optimization.
IS Optimization Time: 0.06 seconds.
Optimal Params (Sharpe=8.4538, Calmar=19.5891): Z_E=1.9, Z_X=1.5, Z_SL=3.6
📊 Persistence: Saved 1706 PnL points to wfa_outputs\oos_equity_curve_GLD_OUNZ_1m_20251107_202407_0.05.csv
OOS Period (2021-05-12 15:34:00+00:00 to 2021-07-28 15:29:00+00:00): PnL: $27.21 | Sharpe: 1.8725 | Calmar: 2.1811 | Trades: 963

--- Window 7 Boundary Check ---
IS Period RTH Bars: 14666. Start: 2021-02-04 17:08:00+00:00 | End: 2021-07-28 15:29:00+00:00
OOS Start Bar Index: 54132 | Time: 2021-07-28 15:33:00+00:00
ADF Test Result: p-value=0.0000 (Required < 0.05) | OLS Beta: 0.9974
Filter OFF: Spread is stationary. Proceeding with optimization.
IS Optimization Time: 0.06 seconds.
Optimal Params (Sharpe=3.6420, Calmar=4.2561): Z_E=1.9, Z_X=1.5, Z_SL=3.3
📊 Persistence: Saved 2556 PnL points to wfa_outputs\oos_equity_curve_GLD_OUNZ_1m_20251107_202407_0.05.csv
OOS Period (2021-07-28 15:33:00+00:00 to 2021-10-15 18:38:00+00:00): PnL: $11.96 | Sharpe: 0.7999 | Calmar: 0.6182 | Trades: 850

--- Window 8 Boundary Check ---
IS Period RTH Bars: 14666. Start: 2021-04-06 15:45:00+00:00 | End: 2021-10-15 18:38:00+00:00
OOS Start Bar Index: 59982 | Time: 2021-10-15 18:39:00+00:00
ADF Test Result: p-value=0.0004 (Required < 0.05) | OLS Beta: 1.0037
Filter OFF: Spread is stationary. Proceeding with optimization.
IS Optimization Time: 0.06 seconds.
Optimal Params (Sharpe=6.5290, Calmar=6.6795): Z_E=1.9, Z_X=0.3, Z_SL=4.2
📊 Persistence: Saved 2762 PnL points to wfa_outputs\oos_equity_curve_GLD_OUNZ_1m_20251107_202407_0.05.csv
OOS Period (2021-10-15 18:39:00+00:00 to 2021-12-27 16:17:00+00:00): PnL: $43.35 | Sharpe: 6.0799 | Calmar: 10.6865 | Trades: 206

--- Window 9 Boundary Check ---
IS Period RTH Bars: 14666. Start: 2021-06-16 18:10:00+00:00 | End: 2021-12-27 16:17:00+00:00
OOS Start Bar Index: 65832 | Time: 2021-12-27 16:35:00+00:00
ADF Test Result: p-value=0.0000 (Required < 0.05) | OLS Beta: 0.9998
Filter OFF: Spread is stationary. Proceeding with optimization.
IS Optimization Time: 0.05 seconds.
Optimal Params (Sharpe=5.8367, Calmar=8.9340): Z_E=2.1, Z_X=1.3, Z_SL=3.9
📊 Persistence: Saved 3294 PnL points to wfa_outputs\oos_equity_curve_GLD_OUNZ_1m_20251107_202407_0.05.csv
OOS Period (2021-12-27 16:35:00+00:00 to 2022-02-28 20:02:00+00:00): PnL: $131.86 | Sharpe: 10.7226 | Calmar: 26.8153 | Trades: 532

--- Window 10 Boundary Check ---
IS Period RTH Bars: 14666. Start: 2021-09-09 19:58:00+00:00 | End: 2022-02-28 20:02:00+00:00
OOS Start Bar Index: 71682 | Time: 2022-02-28 20:05:00+00:00
ADF Test Result: p-value=0.0000 (Required < 0.05) | OLS Beta: 0.9946
Filter OFF: Spread is stationary. Proceeding with optimization.
IS Optimization Time: 0.05 seconds.
Optimal Params (Sharpe=7.3379, Calmar=15.1451): Z_E=1.9, Z_X=0.5, Z_SL=4.5
📊 Persistence: Saved 3568 PnL points to wfa_outputs\oos_equity_curve_GLD_OUNZ_1m_20251107_202407_0.05.csv
OOS Period (2022-02-28 20:05:00+00:00 to 2022-04-04 17:42:00+00:00): PnL: $-10.96 | Sharpe: -1.2543 | Calmar: -2.1673 | Trades: 274

--- Window 11 Boundary Check ---
IS Period RTH Bars: 14666. Start: 2021-11-19 20:14:00+00:00 | End: 2022-04-04 17:42:00+00:00
OOS Start Bar Index: 77532 | Time: 2022-04-04 17:43:00+00:00
ADF Test Result: p-value=0.0000 (Required < 0.05) | OLS Beta: 0.9963
Filter OFF: Spread is stationary. Proceeding with optimization.
IS Optimization Time: 0.06 seconds.
Optimal Params (Sharpe=4.7707, Calmar=7.4593): Z_E=1.9, Z_X=0.5, Z_SL=4.5
📊 Persistence: Saved 3890 PnL points to wfa_outputs\oos_equity_curve_GLD_OUNZ_1m_20251107_202407_0.05.csv
OOS Period (2022-04-04 17:43:00+00:00 to 2022-05-12 17:10:00+00:00): PnL: $69.28 | Sharpe: 8.5682 | Calmar: 27.3213 | Trades: 322

--- Window 12 Boundary Check ---
IS Period RTH Bars: 14666. Start: 2022-01-27 15:31:00+00:00 | End: 2022-05-12 17:10:00+00:00
OOS Start Bar Index: 83382 | Time: 2022-05-12 17:11:00+00:00
ADF Test Result: p-value=0.0000 (Required < 0.05) | OLS Beta: 0.9999
Filter OFF: Spread is stationary. Proceeding with optimization.
IS Optimization Time: 0.06 seconds.
Optimal Params (Sharpe=1.1909, Calmar=1.7418): Z_E=1.9, Z_X=1.5, Z_SL=4.2
📊 Persistence: Saved 4486 PnL points to wfa_outputs\oos_equity_curve_GLD_OUNZ_1m_20251107_202407_0.05.csv
OOS Period (2022-05-12 17:11:00+00:00 to 2022-06-28 19:38:00+00:00): PnL: $-20.56 | Sharpe: -1.8528 | Calmar: -3.0293 | Trades: 596

--- Window 13 Boundary Check ---
IS Period RTH Bars: 14666. Start: 2022-03-15 17:35:00+00:00 | End: 2022-06-28 19:38:00+00:00
OOS Start Bar Index: 89232 | Time: 2022-06-28 19:49:00+00:00
ADF Test Result: p-value=0.0000 (Required < 0.05) | OLS Beta: 1.0037
Filter OFF: Spread is stationary. Proceeding with optimization.
IS Optimization Time: 0.06 seconds.
Optimal Params (Sharpe=0.3977, Calmar=0.3942): Z_E=2.3, Z_X=0.3, Z_SL=4.5
📊 Persistence: Saved 4635 PnL points to wfa_outputs\oos_equity_curve_GLD_OUNZ_1m_20251107_202407_0.05.csv
OOS Period (2022-06-28 19:49:00+00:00 to 2022-08-15 16:18:00+00:00): PnL: $-12.55 | Sharpe: -2.2233 | Calmar: -4.0601 | Trades: 149

--- Window 14 Boundary Check ---
IS Period RTH Bars: 14666. Start: 2022-04-25 19:03:00+00:00 | End: 2022-08-15 16:18:00+00:00
OOS Start Bar Index: 95082 | Time: 2022-08-15 16:20:00+00:00
ADF Test Result: p-value=0.0000 (Required < 0.05) | OLS Beta: 1.0033
Filter OFF: Spread is stationary. Proceeding with optimization.
IS Optimization Time: 0.05 seconds.
Optimal Params (Sharpe=3.7403, Calmar=5.8018): Z_E=2.3, Z_X=0.3, Z_SL=3.3
📊 Persistence: Saved 4801 PnL points to wfa_outputs\oos_equity_curve_GLD_OUNZ_1m_20251107_202407_0.05.csv
OOS Period (2022-08-15 16:20:00+00:00 to 2022-09-27 19:01:00+00:00): PnL: $-19.24 | Sharpe: -2.2382 | Calmar: -3.0079 | Trades: 166

--- Window 15 Boundary Check ---
IS Period RTH Bars: 14666. Start: 2022-06-06 16:25:00+00:00 | End: 2022-09-27 19:01:00+00:00
OOS Start Bar Index: 100932 | Time: 2022-09-27 19:02:00+00:00
ADF Test Result: p-value=0.0000 (Required < 0.05) | OLS Beta: 1.0033
Filter OFF: Spread is stationary. Proceeding with optimization.
IS Optimization Time: 0.06 seconds.
Optimal Params (Sharpe=5.6432, Calmar=10.3974): Z_E=1.9, Z_X=0.3, Z_SL=3.3
📊 Persistence: Saved 5127 PnL points to wfa_outputs\oos_equity_curve_GLD_OUNZ_1m_20251107_202407_0.05.csv
OOS Period (2022-09-27 19:02:00+00:00 to 2022-11-09 16:25:00+00:00): PnL: $12.27 | Sharpe: 1.2250 | Calmar: 2.1206 | Trades: 326

--- Window 16 Boundary Check ---
IS Period RTH Bars: 14666. Start: 2022-07-21 15:52:00+00:00 | End: 2022-11-09 16:25:00+00:00
OOS Start Bar Index: 106782 | Time: 2022-11-09 16:28:00+00:00
ADF Test Result: p-value=0.0000 (Required < 0.05) | OLS Beta: 1.0034
Filter OFF: Spread is stationary. Proceeding with optimization.
IS Optimization Time: 0.06 seconds.
Optimal Params (Sharpe=7.2371, Calmar=13.1063): Z_E=1.9, Z_X=0.3, Z_SL=4.2
📊 Persistence: Saved 5389 PnL points to wfa_outputs\oos_equity_curve_GLD_OUNZ_1m_20251107_202407_0.05.csv
OOS Period (2022-11-09 16:28:00+00:00 to 2022-12-28 20:43:00+00:00): PnL: $92.24 | Sharpe: 11.5257 | Calmar: 39.8616 | Trades: 262

--- Window 17 Boundary Check ---
IS Period RTH Bars: 14666. Start: 2022-09-07 15:00:00+00:00 | End: 2022-12-28 20:43:00+00:00
OOS Start Bar Index: 112632 | Time: 2022-12-28 20:47:00+00:00
ADF Test Result: p-value=0.0000 (Required < 0.05) | OLS Beta: 0.9969
Filter OFF: Spread is stationary. Proceeding with optimization.
IS Optimization Time: 0.06 seconds.
Optimal Params (Sharpe=2.8352, Calmar=5.6583): Z_E=1.9, Z_X=0.9, Z_SL=4.8
📊 Persistence: Saved 5630 PnL points to wfa_outputs\oos_equity_curve_GLD_OUNZ_1m_20251107_202407_0.05.csv
OOS Period (2022-12-28 20:47:00+00:00 to 2023-02-10 15:04:00+00:00): PnL: $-1.83 | Sharpe: -0.2291 | Calmar: -0.2936 | Trades: 241

--- Window 18 Boundary Check ---
IS Period RTH Bars: 14666. Start: 2022-10-19 16:08:00+00:00 | End: 2023-02-10 15:04:00+00:00
OOS Start Bar Index: 118482 | Time: 2023-02-10 15:05:00+00:00
ADF Test Result: p-value=0.0000 (Required < 0.05) | OLS Beta: 0.9967
Filter OFF: Spread is stationary. Proceeding with optimization.
IS Optimization Time: 0.06 seconds.
Optimal Params (Sharpe=4.3950, Calmar=9.3942): Z_E=2.1, Z_X=0.5, Z_SL=4.5
📊 Persistence: Saved 5921 PnL points to wfa_outputs\oos_equity_curve_GLD_OUNZ_1m_20251107_202407_0.05.csv
OOS Period (2023-02-10 15:05:00+00:00 to 2023-03-21 16:22:00+00:00): PnL: $13.80 | Sharpe: 1.6840 | Calmar: 2.2960 | Trades: 291

--- Window 19 Boundary Check ---
IS Period RTH Bars: 14666. Start: 2022-12-02 15:16:00+00:00 | End: 2023-03-21 16:22:00+00:00
OOS Start Bar Index: 124332 | Time: 2023-03-21 16:23:00+00:00
ADF Test Result: p-value=0.0000 (Required < 0.05) | OLS Beta: 0.9972
Filter OFF: Spread is stationary. Proceeding with optimization.
IS Optimization Time: 0.06 seconds.
Optimal Params (Sharpe=2.7379, Calmar=8.2411): Z_E=2.9, Z_X=1.5, Z_SL=4.2
📊 Persistence: Saved 5950 PnL points to wfa_outputs\oos_equity_curve_GLD_OUNZ_1m_20251107_202407_0.05.csv
OOS Period (2023-03-21 16:23:00+00:00 to 2023-04-25 17:24:00+00:00): PnL: $-37.69 | Sharpe: -8.9327 | Calmar: -9.0279 | Trades: 29

--- Window 20 Boundary Check ---
IS Period RTH Bars: 14666. Start: 2023-01-23 17:07:00+00:00 | End: 2023-04-25 17:24:00+00:00
OOS Start Bar Index: 130182 | Time: 2023-04-25 17:25:00+00:00
ADF Test Result: p-value=0.0000 (Required < 0.05) | OLS Beta: 0.9974
Filter OFF: Spread is stationary. Proceeding with optimization.
IS Optimization Time: 0.06 seconds.
Optimal Params (Sharpe=1.9282, Calmar=3.1513): Z_E=1.9, Z_X=0.3, Z_SL=3.6
📊 Persistence: Saved 6257 PnL points to wfa_outputs\oos_equity_curve_GLD_OUNZ_1m_20251107_202407_0.05.csv
OOS Period (2023-04-25 17:25:00+00:00 to 2023-06-05 19:52:00+00:00): PnL: $52.41 | Sharpe: 6.1896 | Calmar: 23.2631 | Trades: 307

--- Window 21 Boundary Check ---
IS Period RTH Bars: 14666. Start: 2023-03-06 15:00:00+00:00 | End: 2023-06-05 19:52:00+00:00
OOS Start Bar Index: 136032 | Time: 2023-06-05 19:53:00+00:00
ADF Test Result: p-value=0.0000 (Required < 0.05) | OLS Beta: 0.9973
Filter OFF: Spread is stationary. Proceeding with optimization.
IS Optimization Time: 0.06 seconds.
Optimal Params (Sharpe=2.2486, Calmar=3.0833): Z_E=1.9, Z_X=1.1, Z_SL=3.6
📊 Persistence: Saved 6881 PnL points to wfa_outputs\oos_equity_curve_GLD_OUNZ_1m_20251107_202407_0.05.csv
OOS Period (2023-06-05 19:53:00+00:00 to 2023-07-21 17:14:00+00:00): PnL: $45.56 | Sharpe: 4.3831 | Calmar: 11.0292 | Trades: 624

--- Window 22 Boundary Check ---
IS Period RTH Bars: 14666. Start: 2023-04-06 14:08:00+00:00 | End: 2023-07-21 17:14:00+00:00
OOS Start Bar Index: 141882 | Time: 2023-07-21 17:17:00+00:00
ADF Test Result: p-value=0.0000 (Required < 0.05) | OLS Beta: 1.0041
Filter OFF: Spread is stationary. Proceeding with optimization.
IS Optimization Time: 0.06 seconds.
Optimal Params (Sharpe=5.6913, Calmar=20.3817): Z_E=1.9, Z_X=1.1, Z_SL=3.3
📊 Persistence: Saved 7207 PnL points to wfa_outputs\oos_equity_curve_GLD_OUNZ_1m_20251107_202407_0.05.csv
OOS Period (2023-07-21 17:17:00+00:00 to 2023-09-07 16:45:00+00:00): PnL: $99.71 | Sharpe: 14.4879 | Calmar: 58.1076 | Trades: 326

--- Window 23 Boundary Check ---
IS Period RTH Bars: 14666. Start: 2023-05-12 16:31:00+00:00 | End: 2023-09-07 16:45:00+00:00
OOS Start Bar Index: 147732 | Time: 2023-09-07 16:46:00+00:00
ADF Test Result: p-value=0.0000 (Required < 0.05) | OLS Beta: 1.0041
Filter OFF: Spread is stationary. Proceeding with optimization.
IS Optimization Time: 0.06 seconds.
Optimal Params (Sharpe=5.2088, Calmar=13.0807): Z_E=2.1, Z_X=0.3, Z_SL=3.3
📊 Persistence: Saved 7414 PnL points to wfa_outputs\oos_equity_curve_GLD_OUNZ_1m_20251107_202407_0.05.csv
OOS Period (2023-09-07 16:46:00+00:00 to 2023-10-16 17:06:00+00:00): PnL: $11.29 | Sharpe: 2.2800 | Calmar: 4.7987 | Trades: 207

--- Window 24 Boundary Check ---
IS Period RTH Bars: 14666. Start: 2023-06-27 18:21:00+00:00 | End: 2023-10-16 17:06:00+00:00
OOS Start Bar Index: 153582 | Time: 2023-10-16 17:08:00+00:00
ADF Test Result: p-value=0.0000 (Required < 0.05) | OLS Beta: 1.0039
Filter OFF: Spread is stationary. Proceeding with optimization.
IS Optimization Time: 0.06 seconds.
Optimal Params (Sharpe=7.5183, Calmar=21.8161): Z_E=2.1, Z_X=1.5, Z_SL=4.8
📊 Persistence: Saved 8173 PnL points to wfa_outputs\oos_equity_curve_GLD_OUNZ_1m_20251107_202407_0.05.csv
OOS Period (2023-10-16 17:08:00+00:00 to 2023-11-15 16:14:00+00:00): PnL: $25.77 | Sharpe: 2.5059 | Calmar: 7.9255 | Trades: 759

--- Window 25 Boundary Check ---
IS Period RTH Bars: 14666. Start: 2023-08-15 13:42:00+00:00 | End: 2023-11-15 16:14:00+00:00
OOS Start Bar Index: 159432 | Time: 2023-11-15 16:15:00+00:00
ADF Test Result: p-value=0.0000 (Required < 0.05) | OLS Beta: 0.9973
Filter OFF: Spread is stationary. Proceeding with optimization.
IS Optimization Time: 0.05 seconds.
Optimal Params (Sharpe=6.7315, Calmar=23.5772): Z_E=1.9, Z_X=0.5, Z_SL=3.9
📊 Persistence: Saved 8509 PnL points to wfa_outputs\oos_equity_curve_GLD_OUNZ_1m_20251107_202407_0.05.csv
OOS Period (2023-11-15 16:15:00+00:00 to 2023-12-21 17:50:00+00:00): PnL: $-2.59 | Sharpe: -0.4017 | Calmar: -0.6479 | Trades: 336

--- Window 26 Boundary Check ---
IS Period RTH Bars: 14666. Start: 2023-09-28 17:23:00+00:00 | End: 2023-12-21 17:50:00+00:00
OOS Start Bar Index: 165282 | Time: 2023-12-21 17:51:00+00:00
ADF Test Result: p-value=0.0000 (Required < 0.05) | OLS Beta: 0.9967
Filter OFF: Spread is stationary. Proceeding with optimization.
IS Optimization Time: 0.06 seconds.
Optimal Params (Sharpe=8.1648, Calmar=26.1893): Z_E=2.3, Z_X=0.3, Z_SL=3.3
📊 Persistence: Saved 8775 PnL points to wfa_outputs\oos_equity_curve_GLD_OUNZ_1m_20251107_202407_0.05.csv
OOS Period (2023-12-21 17:51:00+00:00 to 2024-02-01 15:03:00+00:00): PnL: $50.47 | Sharpe: 8.5884 | Calmar: 35.7035 | Trades: 266

--- Window 27 Boundary Check ---
IS Period RTH Bars: 14666. Start: 2023-10-31 15:37:00+00:00 | End: 2024-02-01 15:03:00+00:00
OOS Start Bar Index: 171132 | Time: 2024-02-01 15:04:00+00:00
ADF Test Result: p-value=0.0000 (Required < 0.05) | OLS Beta: 0.9933
Filter OFF: Spread is stationary. Proceeding with optimization.
IS Optimization Time: 0.06 seconds.
Optimal Params (Sharpe=6.9764, Calmar=17.2146): Z_E=2.5, Z_X=0.3, Z_SL=4.8
📊 Persistence: Saved 8893 PnL points to wfa_outputs\oos_equity_curve_GLD_OUNZ_1m_20251107_202407_0.05.csv
OOS Period (2024-02-01 15:04:00+00:00 to 2024-03-11 15:09:00+00:00): PnL: $38.80 | Sharpe: 9.8585 | Calmar: 47.5493 | Trades: 118

--- Window 28 Boundary Check ---
IS Period RTH Bars: 14666. Start: 2023-12-04 17:03:00+00:00 | End: 2024-03-11 15:09:00+00:00
OOS Start Bar Index: 176982 | Time: 2024-03-11 15:12:00+00:00
ADF Test Result: p-value=0.0000 (Required < 0.05) | OLS Beta: 0.9991
Filter OFF: Spread is stationary. Proceeding with optimization.
IS Optimization Time: 0.06 seconds.
Optimal Params (Sharpe=6.3899, Calmar=9.5010): Z_E=2.5, Z_X=0.3, Z_SL=4.8
📊 Persistence: Saved 8986 PnL points to wfa_outputs\oos_equity_curve_GLD_OUNZ_1m_20251107_202407_0.05.csv
OOS Period (2024-03-11 15:12:00+00:00 to 2024-04-12 17:09:00+00:00): PnL: $1.65 | Sharpe: 0.4066 | Calmar: 1.1289 | Trades: 93

--- Window 29 Boundary Check ---
IS Period RTH Bars: 14666. Start: 2024-01-11 16:50:00+00:00 | End: 2024-04-12 17:09:00+00:00
OOS Start Bar Index: 182832 | Time: 2024-04-12 17:10:00+00:00
ADF Test Result: p-value=0.0000 (Required < 0.05) | OLS Beta: 0.9987
Filter OFF: Spread is stationary. Proceeding with optimization.
IS Optimization Time: 0.06 seconds.
Optimal Params (Sharpe=3.6934, Calmar=8.4762): Z_E=2.5, Z_X=0.9, Z_SL=3.9
📊 Persistence: Saved 9087 PnL points to wfa_outputs\oos_equity_curve_GLD_OUNZ_1m_20251107_202407_0.05.csv
OOS Period (2024-04-12 17:10:00+00:00 to 2024-05-10 16:29:00+00:00): PnL: $13.87 | Sharpe: 3.1477 | Calmar: 9.5498 | Trades: 101

--- Window 30 Boundary Check ---
IS Period RTH Bars: 14666. Start: 2024-02-20 18:03:00+00:00 | End: 2024-05-10 16:29:00+00:00
OOS Start Bar Index: 188682 | Time: 2024-05-10 16:30:00+00:00
ADF Test Result: p-value=0.0000 (Required < 0.05) | OLS Beta: 0.9983
Filter OFF: Spread is stationary. Proceeding with optimization.
IS Optimization Time: 0.06 seconds.
Optimal Params (Sharpe=3.8665, Calmar=8.8995): Z_E=2.7, Z_X=0.7, Z_SL=3.9
📊 Persistence: Saved 9195 PnL points to wfa_outputs\oos_equity_curve_GLD_OUNZ_1m_20251107_202407_0.05.csv
OOS Period (2024-05-10 16:30:00+00:00 to 2024-06-12 18:36:00+00:00): PnL: $2.05 | Sharpe: 0.5146 | Calmar: 1.3622 | Trades: 108

--- Window 31 Boundary Check ---
IS Period RTH Bars: 14666. Start: 2024-03-28 15:01:00+00:00 | End: 2024-06-12 18:36:00+00:00
OOS Start Bar Index: 194532 | Time: 2024-06-12 18:37:00+00:00
ADF Test Result: p-value=0.0000 (Required < 0.05) | OLS Beta: 0.9982
Filter OFF: Spread is stationary. Proceeding with optimization.
IS Optimization Time: 0.06 seconds.
Optimal Params (Sharpe=6.2042, Calmar=17.5614): Z_E=2.3, Z_X=0.7, Z_SL=3.6
📊 Persistence: Saved 9388 PnL points to wfa_outputs\oos_equity_curve_GLD_OUNZ_1m_20251107_202407_0.05.csv
OOS Period (2024-06-12 18:37:00+00:00 to 2024-07-19 15:20:00+00:00): PnL: $6.11 | Sharpe: 1.1990 | Calmar: 1.6101 | Trades: 193

--- Window 32 Boundary Check ---
IS Period RTH Bars: 14666. Start: 2024-04-25 17:03:00+00:00 | End: 2024-07-19 15:20:00+00:00
OOS Start Bar Index: 200382 | Time: 2024-07-19 15:21:00+00:00
ADF Test Result: p-value=0.0000 (Required < 0.05) | OLS Beta: 0.9967
Filter OFF: Spread is stationary. Proceeding with optimization.
IS Optimization Time: 0.06 seconds.
Optimal Params (Sharpe=3.5328, Calmar=7.2481): Z_E=2.5, Z_X=1.5, Z_SL=3.6
📊 Persistence: Saved 9591 PnL points to wfa_outputs\oos_equity_curve_GLD_OUNZ_1m_20251107_202407_0.05.csv
OOS Period (2024-07-19 15:21:00+00:00 to 2024-08-20 16:00:00+00:00): PnL: $19.42 | Sharpe: 3.5562 | Calmar: 15.3288 | Trades: 203

--- Window 33 Boundary Check ---
IS Period RTH Bars: 14666. Start: 2024-05-28 16:17:00+00:00 | End: 2024-08-20 16:00:00+00:00
OOS Start Bar Index: 206232 | Time: 2024-08-20 16:01:00+00:00
ADF Test Result: p-value=0.0000 (Required < 0.05) | OLS Beta: 0.9957
Filter OFF: Spread is stationary. Proceeding with optimization.
IS Optimization Time: 0.06 seconds.
Optimal Params (Sharpe=4.9408, Calmar=15.1893): Z_E=2.1, Z_X=1.5, Z_SL=3.3
📊 Persistence: Saved 9776 PnL points to wfa_outputs\oos_equity_curve_GLD_OUNZ_1m_20251107_202407_0.05.csv
OOS Period (2024-08-20 16:01:00+00:00 to 2024-09-20 18:43:00+00:00): PnL: $-12.13 | Sharpe: -1.8834 | Calmar: -3.8822 | Trades: 185

--- Window 34 Boundary Check ---
IS Period RTH Bars: 14666. Start: 2024-07-02 14:43:00+00:00 | End: 2024-09-20 18:43:00+00:00
OOS Start Bar Index: 212082 | Time: 2024-09-20 18:44:00+00:00
ADF Test Result: p-value=0.0000 (Required < 0.05) | OLS Beta: 0.9965
Filter OFF: Spread is stationary. Proceeding with optimization.
IS Optimization Time: 0.06 seconds.
Optimal Params (Sharpe=4.1970, Calmar=8.1861): Z_E=2.1, Z_X=1.5, Z_SL=3.3
📊 Persistence: Saved 9913 PnL points to wfa_outputs\oos_equity_curve_GLD_OUNZ_1m_20251107_202407_0.05.csv
OOS Period (2024-09-20 18:44:00+00:00 to 2024-10-22 15:38:00+00:00): PnL: $-15.37 | Sharpe: -3.6462 | Calmar: -6.9553 | Trades: 137

--- Window 35 Boundary Check ---
IS Period RTH Bars: 14666. Start: 2024-08-02 18:05:00+00:00 | End: 2024-10-22 15:38:00+00:00
OOS Start Bar Index: 217932 | Time: 2024-10-22 15:39:00+00:00
ADF Test Result: p-value=0.0000 (Required < 0.05) | OLS Beta: 0.9980
Filter OFF: Spread is stationary. Proceeding with optimization.
IS Optimization Time: 0.06 seconds.
Optimal Params (Sharpe=1.0883, Calmar=1.8358): Z_E=1.9, Z_X=0.3, Z_SL=4.5
📊 Persistence: Saved 10208 PnL points to wfa_outputs\oos_equity_curve_GLD_OUNZ_1m_20251107_202407_0.05.csv
OOS Period (2024-10-22 15:39:00+00:00 to 2024-11-22 14:51:00+00:00): PnL: $84.97 | Sharpe: 13.5386 | Calmar: 69.0784 | Trades: 295

--- Window 36 Boundary Check ---
IS Period RTH Bars: 14666. Start: 2024-09-05 16:21:00+00:00 | End: 2024-11-22 14:51:00+00:00
OOS Start Bar Index: 223782 | Time: 2024-11-22 14:52:00+00:00
ADF Test Result: p-value=0.0000 (Required < 0.05) | OLS Beta: 0.9977
Filter OFF: Spread is stationary. Proceeding with optimization.
IS Optimization Time: 0.06 seconds.
Optimal Params (Sharpe=5.3220, Calmar=20.7903): Z_E=1.9, Z_X=0.3, Z_SL=4.2
📊 Persistence: Saved 10506 PnL points to wfa_outputs\oos_equity_curve_GLD_OUNZ_1m_20251107_202407_0.05.csv
OOS Period (2024-11-22 14:52:00+00:00 to 2025-01-02 16:14:00+00:00): PnL: $-5.92 | Sharpe: -1.0388 | Calmar: -1.5143 | Trades: 298

--- Window 37 Boundary Check ---
IS Period RTH Bars: 14666. Start: 2024-10-07 13:53:00+00:00 | End: 2025-01-02 16:14:00+00:00
OOS Start Bar Index: 229632 | Time: 2025-01-02 16:15:00+00:00
ADF Test Result: p-value=0.0000 (Required < 0.05) | OLS Beta: 1.0005
Filter OFF: Spread is stationary. Proceeding with optimization.
IS Optimization Time: 0.06 seconds.
Optimal Params (Sharpe=3.9382, Calmar=5.9955): Z_E=1.9, Z_X=0.7, Z_SL=4.8
📊 Persistence: Saved 10643 PnL points to wfa_outputs\oos_equity_curve_GLD_OUNZ_1m_20251107_202407_0.05.csv
OOS Period (2025-01-02 16:15:00+00:00 to 2025-01-10 20:59:00+00:00): PnL: $8.72 | Sharpe: 4.4283 | Calmar: 21.7002 | Trades: 137

############################################################
📈 OVERALL SIMULATION PERFORMANCE (Walk-Forward Test)
############################################################
Timeframe Used: 1Min, Value: 1
ADF Cointegration Filter Threshold: 0.05
Total OOS Windows Tested: 37
Total Trades Executed: 10643
--- Final Performance Metrics ---
Total PnL: $702.49
Overall Sharpe Ratio (Annualized): 0.7421
Overall Calmar Ratio (Annualized): 0.2585
Maximum Dollar Drawdown (MDD): $111.26

--- Execution Time ---
Total Elapsed Time: 66.90 seconds
############################################################
[0m