--- Dynamic Timeframe Configuration ---
TimeFrame Selected: 1Min, Value: 1
Bars per Trading Day: 390
Annualization Factor (Bars/Year): 98280
Statistical Lookback Bars: 2184
Optimization Lookback Bars: 19032
---------------------------------------
--- Diagnostic Check ---
API Key ID Length: 26
API Secret Key Length: 44
StockHistoricalDataClient initialized successfully. Starting data fetch...
--------------------------
Pre-compiling Numba function for first run optimization...
Numba pre-compilation complete.
Fetching data from 2020-01-15 to 2025-01-13...
Fetching 1Min data for USB...
Fetching 1Min data for PNC...
Data acquired successfully. Total 1Min RTH bars: 477863
Skipping full pre-calculation. Metrics will be calculated inside the WFA loop.

============================================================
📈 Starting Rolling Backtest: IS Optimization Window=19032 bars, Shift=15 days
   Data already processed with Statistical Rolling Window: 2184 bars
   ADF Cointegration Filter: p-value < 0.05
============================================================

--- Window 1 Boundary Check ---
IS Period RTH Bars: 14666. Start: 2020-01-31 15:55:00+00:00 | End: 2020-03-26 14:47:00+00:00
OOS Start Bar Index: 19032 | Time: 2020-03-26 14:48:00+00:00
ADF Test Result: p-value=0.0019 (Required < 0.05) | OLS Beta: 1.0151
Filter OFF: Spread is stationary. Proceeding with optimization.
IS Optimization Time: 0.15 seconds.
Optimal Params (Sharpe=4.2964, Calmar=23.0855): Z_E=2.5, Z_X=1.5, Z_SL=4.8
📊 Persistence: Saved 0 PnL points to wfa_outputs\oos_equity_curve_USB_PNC_1m_20251105_185034_0.05.csv
OOS Period (2020-03-26 14:48:00+00:00 to 2020-04-17 14:51:00+00:00): PnL: $0.00 | Sharpe: 0.0000 | Calmar: 0.0000 | Trades: 0

--- Window 2 Boundary Check ---
IS Period RTH Bars: 14666. Start: 2020-02-24 17:08:00+00:00 | End: 2020-04-17 14:51:00+00:00
OOS Start Bar Index: 24882 | Time: 2020-04-17 14:52:00+00:00
ADF Test Result: p-value=0.0107 (Required < 0.05) | OLS Beta: 1.0129
Filter OFF: Spread is stationary. Proceeding with optimization.
IS Optimization Time: 0.15 seconds.
Optimal Params (Sharpe=4.0188, Calmar=20.9230): Z_E=3.3, Z_X=0.7, Z_SL=4.8
📊 Persistence: Saved 1 PnL points to wfa_outputs\oos_equity_curve_USB_PNC_1m_20251105_185034_0.05.csv
OOS Period (2020-04-17 14:52:00+00:00 to 2020-05-08 15:15:00+00:00): PnL: $50.18 | Sharpe: 4.0991 | Calmar: 0.0000 | Trades: 1

--- Window 3 Boundary Check ---
IS Period RTH Bars: 14666. Start: 2020-03-16 17:06:00+00:00 | End: 2020-05-08 15:15:00+00:00
OOS Start Bar Index: 30732 | Time: 2020-05-08 15:16:00+00:00
ADF Test Result: p-value=0.0599 (Required < 0.05) | OLS Beta: 0.7175
Filter ON: Spread not stationary (p-value too high). Skipping optimization and OOS test.

--- Window 4 Boundary Check ---
IS Period RTH Bars: 14666. Start: 2020-04-06 17:26:00+00:00 | End: 2020-06-01 15:24:00+00:00
OOS Start Bar Index: 36582 | Time: 2020-06-01 15:25:00+00:00
ADF Test Result: p-value=0.4646 (Required < 0.05) | OLS Beta: 0.6475
Filter ON: Spread not stationary (p-value too high). Skipping optimization and OOS test.

--- Window 5 Boundary Check ---
IS Period RTH Bars: 14666. Start: 2020-04-28 17:31:00+00:00 | End: 2020-06-22 15:30:00+00:00
OOS Start Bar Index: 42432 | Time: 2020-06-22 15:31:00+00:00
ADF Test Result: p-value=0.7955 (Required < 0.05) | OLS Beta: 1.0636
Filter ON: Spread not stationary (p-value too high). Skipping optimization and OOS test.

--- Window 6 Boundary Check ---
IS Period RTH Bars: 14666. Start: 2020-05-19 17:59:00+00:00 | End: 2020-07-14 15:35:00+00:00
OOS Start Bar Index: 48282 | Time: 2020-07-14 15:36:00+00:00
ADF Test Result: p-value=0.2189 (Required < 0.05) | OLS Beta: 0.6269
Filter ON: Spread not stationary (p-value too high). Skipping optimization and OOS test.

--- Window 7 Boundary Check ---
IS Period RTH Bars: 14666. Start: 2020-06-10 18:02:00+00:00 | End: 2020-08-04 16:01:00+00:00
OOS Start Bar Index: 54132 | Time: 2020-08-04 16:02:00+00:00
ADF Test Result: p-value=0.0288 (Required < 0.05) | OLS Beta: 0.5613
Filter OFF: Spread is stationary. Proceeding with optimization.
IS Optimization Time: 0.15 seconds.
Optimal Params (Sharpe=6.2929, Calmar=136.6405): Z_E=2.5, Z_X=0.9, Z_SL=4.5
📊 Persistence: Saved 2 PnL points to wfa_outputs\oos_equity_curve_USB_PNC_1m_20251105_185034_0.05.csv
OOS Period (2020-08-04 16:02:00+00:00 to 2020-08-25 17:06:00+00:00): PnL: $65.16 | Sharpe: 4.0991 | Calmar: 0.0000 | Trades: 1

--- Window 8 Boundary Check ---
IS Period RTH Bars: 14666. Start: 2020-07-01 18:08:00+00:00 | End: 2020-08-25 17:06:00+00:00
OOS Start Bar Index: 59982 | Time: 2020-08-25 17:07:00+00:00
ADF Test Result: p-value=0.0582 (Required < 0.05) | OLS Beta: 0.4532
Filter ON: Spread not stationary (p-value too high). Skipping optimization and OOS test.

--- Window 9 Boundary Check ---
IS Period RTH Bars: 14666. Start: 2020-07-23 18:15:00+00:00 | End: 2020-09-16 18:05:00+00:00
OOS Start Bar Index: 65832 | Time: 2020-09-16 18:06:00+00:00
ADF Test Result: p-value=0.1440 (Required < 0.05) | OLS Beta: 0.5808
Filter ON: Spread not stationary (p-value too high). Skipping optimization and OOS test.

--- Window 10 Boundary Check ---
IS Period RTH Bars: 14666. Start: 2020-08-13 19:05:00+00:00 | End: 2020-10-07 18:39:00+00:00
OOS Start Bar Index: 71682 | Time: 2020-10-07 18:40:00+00:00
ADF Test Result: p-value=0.1322 (Required < 0.05) | OLS Beta: 0.9385
Filter ON: Spread not stationary (p-value too high). Skipping optimization and OOS test.

--- Window 11 Boundary Check ---
IS Period RTH Bars: 14666. Start: 2020-09-04 13:31:00+00:00 | End: 2020-10-28 19:17:00+00:00
OOS Start Bar Index: 77532 | Time: 2020-10-28 19:18:00+00:00
ADF Test Result: p-value=0.4074 (Required < 0.05) | OLS Beta: 1.2544
Filter ON: Spread not stationary (p-value too high). Skipping optimization and OOS test.

--- Window 12 Boundary Check ---
IS Period RTH Bars: 14666. Start: 2020-09-28 14:26:00+00:00 | End: 2020-11-18 20:38:00+00:00
OOS Start Bar Index: 83382 | Time: 2020-11-18 20:39:00+00:00
ADF Test Result: p-value=0.5711 (Required < 0.05) | OLS Beta: 1.0792
Filter ON: Spread not stationary (p-value too high). Skipping optimization and OOS test.

--- Window 13 Boundary Check ---
IS Period RTH Bars: 14666. Start: 2020-10-19 14:53:00+00:00 | End: 2020-12-11 18:07:00+00:00
OOS Start Bar Index: 89232 | Time: 2020-12-11 18:08:00+00:00
ADF Test Result: p-value=0.2497 (Required < 0.05) | OLS Beta: 0.6012
Filter ON: Spread not stationary (p-value too high). Skipping optimization and OOS test.

--- Window 14 Boundary Check ---
IS Period RTH Bars: 14666. Start: 2020-11-09 16:32:00+00:00 | End: 2021-01-06 16:58:00+00:00
OOS Start Bar Index: 95082 | Time: 2021-01-06 16:59:00+00:00
ADF Test Result: p-value=0.4302 (Required < 0.05) | OLS Beta: 0.3985
Filter ON: Spread not stationary (p-value too high). Skipping optimization and OOS test.

--- Window 15 Boundary Check ---
IS Period RTH Bars: 14666. Start: 2020-12-01 19:43:00+00:00 | End: 2021-01-28 17:32:00+00:00
OOS Start Bar Index: 100932 | Time: 2021-01-28 17:33:00+00:00
ADF Test Result: p-value=0.8148 (Required < 0.05) | OLS Beta: 0.7913
Filter ON: Spread not stationary (p-value too high). Skipping optimization and OOS test.

--- Window 16 Boundary Check ---
IS Period RTH Bars: 14666. Start: 2020-12-23 14:44:00+00:00 | End: 2021-02-19 19:04:00+00:00
OOS Start Bar Index: 106782 | Time: 2021-02-19 19:05:00+00:00
ADF Test Result: p-value=0.4992 (Required < 0.05) | OLS Beta: 0.7223
Filter ON: Spread not stationary (p-value too high). Skipping optimization and OOS test.

--- Window 17 Boundary Check ---
IS Period RTH Bars: 14666. Start: 2021-01-15 19:50:00+00:00 | End: 2021-03-12 19:57:00+00:00
OOS Start Bar Index: 112632 | Time: 2021-03-12 19:58:00+00:00
ADF Test Result: p-value=0.0144 (Required < 0.05) | OLS Beta: 0.9732
Filter OFF: Spread is stationary. Proceeding with optimization.
IS Optimization Time: 0.14 seconds.
Optimal Params (Sharpe=2.2044, Calmar=7.0465): Z_E=3.3, Z_X=1.1, Z_SL=4.5
📊 Persistence: Saved 222 PnL points to wfa_outputs\oos_equity_curve_USB_PNC_1m_20251105_185034_0.05.csv
OOS Period (2021-03-12 19:58:00+00:00 to 2021-04-06 13:36:00+00:00): PnL: $-45.36 | Sharpe: -1.8002 | Calmar: -6.8705 | Trades: 220

--- Window 18 Boundary Check ---
IS Period RTH Bars: 14666. Start: 2021-02-08 20:48:00+00:00 | End: 2021-04-06 13:36:00+00:00
OOS Start Bar Index: 118482 | Time: 2021-04-06 13:37:00+00:00
ADF Test Result: p-value=0.6110 (Required < 0.05) | OLS Beta: 1.3068
Filter ON: Spread not stationary (p-value too high). Skipping optimization and OOS test.

--- Window 19 Boundary Check ---
IS Period RTH Bars: 14666. Start: 2021-03-03 15:31:00+00:00 | End: 2021-04-28 15:01:00+00:00
OOS Start Bar Index: 124332 | Time: 2021-04-28 15:02:00+00:00
ADF Test Result: p-value=0.2757 (Required < 0.05) | OLS Beta: 1.2021
Filter ON: Spread not stationary (p-value too high). Skipping optimization and OOS test.

--- Window 20 Boundary Check ---
IS Period RTH Bars: 14666. Start: 2021-03-24 15:27:00+00:00 | End: 2021-05-19 16:49:00+00:00
OOS Start Bar Index: 130182 | Time: 2021-05-19 16:50:00+00:00
ADF Test Result: p-value=0.0539 (Required < 0.05) | OLS Beta: 0.7634
Filter ON: Spread not stationary (p-value too high). Skipping optimization and OOS test.

--- Window 21 Boundary Check ---
IS Period RTH Bars: 14666. Start: 2021-04-15 17:17:00+00:00 | End: 2021-06-11 14:05:00+00:00
OOS Start Bar Index: 136032 | Time: 2021-06-11 14:06:00+00:00
ADF Test Result: p-value=0.0000 (Required < 0.05) | OLS Beta: 0.6131
Filter OFF: Spread is stationary. Proceeding with optimization.
IS Optimization Time: 0.13 seconds.
Optimal Params (Sharpe=10.1545, Calmar=186.7492): Z_E=1.9, Z_X=0.5, Z_SL=4.8
📊 Persistence: Saved 2445 PnL points to wfa_outputs\oos_equity_curve_USB_PNC_1m_20251105_185034_0.05.csv
OOS Period (2021-06-11 14:06:00+00:00 to 2021-07-02 16:25:00+00:00): PnL: $-15.43 | Sharpe: -0.3603 | Calmar: -1.1412 | Trades: 2223

--- Window 22 Boundary Check ---
IS Period RTH Bars: 14666. Start: 2021-05-07 18:24:00+00:00 | End: 2021-07-02 16:25:00+00:00
OOS Start Bar Index: 141882 | Time: 2021-07-02 16:26:00+00:00
ADF Test Result: p-value=0.6198 (Required < 0.05) | OLS Beta: 1.2489
Filter ON: Spread not stationary (p-value too high). Skipping optimization and OOS test.

--- Window 23 Boundary Check ---
IS Period RTH Bars: 14666. Start: 2021-06-01 14:39:00+00:00 | End: 2021-07-26 18:19:00+00:00
OOS Start Bar Index: 147732 | Time: 2021-07-26 18:20:00+00:00
ADF Test Result: p-value=0.3860 (Required < 0.05) | OLS Beta: 1.0920
Filter ON: Spread not stationary (p-value too high). Skipping optimization and OOS test.

--- Window 24 Boundary Check ---
IS Period RTH Bars: 14666. Start: 2021-06-22 17:37:00+00:00 | End: 2021-08-17 16:17:00+00:00
OOS Start Bar Index: 153582 | Time: 2021-08-17 16:18:00+00:00
ADF Test Result: p-value=0.2093 (Required < 0.05) | OLS Beta: 0.7446
Filter ON: Spread not stationary (p-value too high). Skipping optimization and OOS test.

--- Window 25 Boundary Check ---
IS Period RTH Bars: 14666. Start: 2021-07-14 19:29:00+00:00 | End: 2021-09-08 18:30:00+00:00
OOS Start Bar Index: 159432 | Time: 2021-09-08 18:31:00+00:00
ADF Test Result: p-value=0.7527 (Required < 0.05) | OLS Beta: 0.5827
Filter ON: Spread not stationary (p-value too high). Skipping optimization and OOS test.

--- Window 26 Boundary Check ---
IS Period RTH Bars: 14666. Start: 2021-08-05 17:39:00+00:00 | End: 2021-09-30 14:16:00+00:00
OOS Start Bar Index: 165282 | Time: 2021-09-30 14:17:00+00:00
ADF Test Result: p-value=0.7814 (Required < 0.05) | OLS Beta: 0.9987
Filter ON: Spread not stationary (p-value too high). Skipping optimization and OOS test.

--- Window 27 Boundary Check ---
IS Period RTH Bars: 14666. Start: 2021-08-27 14:14:00+00:00 | End: 2021-10-21 16:11:00+00:00
OOS Start Bar Index: 171132 | Time: 2021-10-21 16:12:00+00:00
ADF Test Result: p-value=0.6905 (Required < 0.05) | OLS Beta: 1.1485
Filter ON: Spread not stationary (p-value too high). Skipping optimization and OOS test.

--- Window 28 Boundary Check ---
IS Period RTH Bars: 14666. Start: 2021-09-20 15:26:00+00:00 | End: 2021-11-12 20:01:00+00:00
OOS Start Bar Index: 176982 | Time: 2021-11-12 20:03:00+00:00
ADF Test Result: p-value=0.0093 (Required < 0.05) | OLS Beta: 0.4493
Filter OFF: Spread is stationary. Proceeding with optimization.
IS Optimization Time: 0.15 seconds.
Optimal Params (Sharpe=3.3299, Calmar=57.9498): Z_E=3.3, Z_X=0.9, Z_SL=4.5
📊 Persistence: Saved 2462 PnL points to wfa_outputs\oos_equity_curve_USB_PNC_1m_20251105_185034_0.05.csv
OOS Period (2021-11-12 20:03:00+00:00 to 2021-12-07 18:52:00+00:00): PnL: $130.72 | Sharpe: 2.0448 | Calmar: 13.0640 | Trades: 17

--- Window 29 Boundary Check ---
IS Period RTH Bars: 14666. Start: 2021-10-11 18:11:00+00:00 | End: 2021-12-07 18:52:00+00:00
OOS Start Bar Index: 182832 | Time: 2021-12-07 18:53:00+00:00
ADF Test Result: p-value=0.1466 (Required < 0.05) | OLS Beta: 0.8469
Filter ON: Spread not stationary (p-value too high). Skipping optimization and OOS test.

--- Window 30 Boundary Check ---
IS Period RTH Bars: 14666. Start: 2021-11-03 13:38:00+00:00 | End: 2021-12-30 18:17:00+00:00
OOS Start Bar Index: 188682 | Time: 2021-12-30 18:18:00+00:00
ADF Test Result: p-value=0.1986 (Required < 0.05) | OLS Beta: 1.3992
Filter ON: Spread not stationary (p-value too high). Skipping optimization and OOS test.

--- Window 31 Boundary Check ---
IS Period RTH Bars: 14666. Start: 2021-11-24 17:41:00+00:00 | End: 2022-01-21 20:36:00+00:00
OOS Start Bar Index: 194532 | Time: 2022-01-21 20:37:00+00:00
ADF Test Result: p-value=0.0253 (Required < 0.05) | OLS Beta: 0.8253
Filter OFF: Spread is stationary. Proceeding with optimization.
IS Optimization Time: 0.16 seconds.
Optimal Params (Sharpe=4.1918, Calmar=14.6827): Z_E=2.9, Z_X=1.5, Z_SL=4.8
📊 Persistence: Saved 2462 PnL points to wfa_outputs\oos_equity_curve_USB_PNC_1m_20251105_185034_0.05.csv
OOS Period (2022-01-21 20:37:00+00:00 to 2022-02-15 15:17:00+00:00): PnL: $0.00 | Sharpe: 0.0000 | Calmar: 0.0000 | Trades: 0

--- Window 32 Boundary Check ---
IS Period RTH Bars: 14666. Start: 2021-12-17 16:47:00+00:00 | End: 2022-02-15 15:17:00+00:00
OOS Start Bar Index: 200382 | Time: 2022-02-15 15:18:00+00:00
ADF Test Result: p-value=0.0129 (Required < 0.05) | OLS Beta: 0.8941
Filter OFF: Spread is stationary. Proceeding with optimization.
IS Optimization Time: 0.17 seconds.
Optimal Params (Sharpe=4.2330, Calmar=11.0256): Z_E=2.3, Z_X=1.5, Z_SL=3.6
📊 Persistence: Saved 2781 PnL points to wfa_outputs\oos_equity_curve_USB_PNC_1m_20251105_185034_0.05.csv
OOS Period (2022-02-15 15:18:00+00:00 to 2022-03-10 15:58:00+00:00): PnL: $45.83 | Sharpe: 1.4441 | Calmar: 6.4863 | Trades: 319

--- Window 33 Boundary Check ---
IS Period RTH Bars: 14666. Start: 2022-01-11 16:02:00+00:00 | End: 2022-03-10 15:58:00+00:00
OOS Start Bar Index: 206232 | Time: 2022-03-10 15:59:00+00:00
ADF Test Result: p-value=0.0290 (Required < 0.05) | OLS Beta: 0.7507
Filter OFF: Spread is stationary. Proceeding with optimization.
IS Optimization Time: 0.14 seconds.
Optimal Params (Sharpe=2.7238, Calmar=8.5813): Z_E=2.1, Z_X=1.3, Z_SL=3.9
📊 Persistence: Saved 2781 PnL points to wfa_outputs\oos_equity_curve_USB_PNC_1m_20251105_185034_0.05.csv
OOS Period (2022-03-10 15:59:00+00:00 to 2022-03-31 15:58:00+00:00): PnL: $0.00 | Sharpe: 0.0000 | Calmar: 0.0000 | Trades: 0

--- Window 34 Boundary Check ---
IS Period RTH Bars: 14666. Start: 2022-02-03 16:55:00+00:00 | End: 2022-03-31 15:58:00+00:00
OOS Start Bar Index: 212082 | Time: 2022-03-31 15:59:00+00:00
ADF Test Result: p-value=0.0798 (Required < 0.05) | OLS Beta: 0.6875
Filter ON: Spread not stationary (p-value too high). Skipping optimization and OOS test.

--- Window 35 Boundary Check ---
IS Period RTH Bars: 14666. Start: 2022-02-25 18:21:00+00:00 | End: 2022-04-22 16:08:00+00:00
OOS Start Bar Index: 217932 | Time: 2022-04-22 16:09:00+00:00
ADF Test Result: p-value=0.0550 (Required < 0.05) | OLS Beta: 0.8113
Filter ON: Spread not stationary (p-value too high). Skipping optimization and OOS test.

--- Window 36 Boundary Check ---
IS Period RTH Bars: 14666. Start: 2022-03-21 17:40:00+00:00 | End: 2022-05-13 16:27:00+00:00
OOS Start Bar Index: 223782 | Time: 2022-05-13 16:28:00+00:00
ADF Test Result: p-value=0.1601 (Required < 0.05) | OLS Beta: 0.8168
Filter ON: Spread not stationary (p-value too high). Skipping optimization and OOS test.

--- Window 37 Boundary Check ---
IS Period RTH Bars: 14666. Start: 2022-04-11 18:42:00+00:00 | End: 2022-06-06 16:49:00+00:00
OOS Start Bar Index: 229632 | Time: 2022-06-06 16:50:00+00:00
ADF Test Result: p-value=0.3870 (Required < 0.05) | OLS Beta: 0.5212
Filter ON: Spread not stationary (p-value too high). Skipping optimization and OOS test.

--- Window 38 Boundary Check ---
IS Period RTH Bars: 14666. Start: 2022-05-03 18:46:00+00:00 | End: 2022-06-28 17:48:00+00:00
OOS Start Bar Index: 235482 | Time: 2022-06-28 17:49:00+00:00
ADF Test Result: p-value=0.7203 (Required < 0.05) | OLS Beta: 0.8703
Filter ON: Spread not stationary (p-value too high). Skipping optimization and OOS test.

--- Window 39 Boundary Check ---
IS Period RTH Bars: 14666. Start: 2022-05-24 19:07:00+00:00 | End: 2022-07-20 18:12:00+00:00
OOS Start Bar Index: 241332 | Time: 2022-07-20 18:13:00+00:00
ADF Test Result: p-value=0.0075 (Required < 0.05) | OLS Beta: 1.1410
Filter OFF: Spread is stationary. Proceeding with optimization.
IS Optimization Time: 0.17 seconds.
Optimal Params (Sharpe=5.1362, Calmar=45.3642): Z_E=3.3, Z_X=1.3, Z_SL=4.2
📊 Persistence: Saved 2827 PnL points to wfa_outputs\oos_equity_curve_USB_PNC_1m_20251105_185034_0.05.csv
OOS Period (2022-07-20 18:13:00+00:00 to 2022-08-10 19:26:00+00:00): PnL: $-59.92 | Sharpe: -3.3898 | Calmar: -11.2964 | Trades: 46

--- Window 40 Boundary Check ---
IS Period RTH Bars: 14666. Start: 2022-06-16 13:43:00+00:00 | End: 2022-08-10 19:26:00+00:00
OOS Start Bar Index: 247182 | Time: 2022-08-10 19:27:00+00:00
ADF Test Result: p-value=0.0028 (Required < 0.05) | OLS Beta: 0.5501
Filter OFF: Spread is stationary. Proceeding with optimization.
IS Optimization Time: 0.14 seconds.
Optimal Params (Sharpe=7.0997, Calmar=81.9530): Z_E=1.9, Z_X=0.9, Z_SL=4.2
📊 Persistence: Saved 2828 PnL points to wfa_outputs\oos_equity_curve_USB_PNC_1m_20251105_185034_0.05.csv
OOS Period (2022-08-10 19:27:00+00:00 to 2022-09-01 15:38:00+00:00): PnL: $43.46 | Sharpe: 4.0991 | Calmar: 0.0000 | Trades: 1

--- Window 41 Boundary Check ---
IS Period RTH Bars: 14666. Start: 2022-07-11 14:09:00+00:00 | End: 2022-09-01 15:38:00+00:00
OOS Start Bar Index: 253032 | Time: 2022-09-01 15:39:00+00:00
ADF Test Result: p-value=0.0127 (Required < 0.05) | OLS Beta: 0.5379
Filter OFF: Spread is stationary. Proceeding with optimization.
IS Optimization Time: 0.14 seconds.
Optimal Params (Sharpe=6.7016, Calmar=80.0499): Z_E=1.9, Z_X=0.9, Z_SL=4.2
📊 Persistence: Saved 3207 PnL points to wfa_outputs\oos_equity_curve_USB_PNC_1m_20251105_185034_0.05.csv
OOS Period (2022-09-01 15:39:00+00:00 to 2022-09-23 16:22:00+00:00): PnL: $-281.86 | Sharpe: -6.2224 | Calmar: -12.5945 | Trades: 379

--- Window 42 Boundary Check ---
IS Period RTH Bars: 14666. Start: 2022-08-01 14:44:00+00:00 | End: 2022-09-23 16:22:00+00:00
OOS Start Bar Index: 258882 | Time: 2022-09-23 16:23:00+00:00
ADF Test Result: p-value=0.8251 (Required < 0.05) | OLS Beta: 0.8794
Filter ON: Spread not stationary (p-value too high). Skipping optimization and OOS test.

--- Window 43 Boundary Check ---
IS Period RTH Bars: 14666. Start: 2022-08-22 17:08:00+00:00 | End: 2022-10-14 16:55:00+00:00
OOS Start Bar Index: 264732 | Time: 2022-10-14 16:56:00+00:00
ADF Test Result: p-value=0.5127 (Required < 0.05) | OLS Beta: 1.3755
Filter ON: Spread not stationary (p-value too high). Skipping optimization and OOS test.

--- Window 44 Boundary Check ---
IS Period RTH Bars: 14666. Start: 2022-09-13 18:22:00+00:00 | End: 2022-11-04 17:45:00+00:00
OOS Start Bar Index: 270582 | Time: 2022-11-04 17:46:00+00:00
ADF Test Result: p-value=0.2509 (Required < 0.05) | OLS Beta: 0.8045
Filter ON: Spread not stationary (p-value too high). Skipping optimization and OOS test.

--- Window 45 Boundary Check ---
IS Period RTH Bars: 14666. Start: 2022-10-04 19:15:00+00:00 | End: 2022-11-29 15:57:00+00:00
OOS Start Bar Index: 276432 | Time: 2022-11-29 15:58:00+00:00
ADF Test Result: p-value=0.3334 (Required < 0.05) | OLS Beta: 0.7693
Filter ON: Spread not stationary (p-value too high). Skipping optimization and OOS test.

--- Window 46 Boundary Check ---
IS Period RTH Bars: 14666. Start: 2022-10-25 19:35:00+00:00 | End: 2022-12-20 16:21:00+00:00
OOS Start Bar Index: 282282 | Time: 2022-12-20 16:22:00+00:00
ADF Test Result: p-value=0.1195 (Required < 0.05) | OLS Beta: 0.3324
Filter ON: Spread not stationary (p-value too high). Skipping optimization and OOS test.

--- Window 47 Boundary Check ---
IS Period RTH Bars: 14666. Start: 2022-11-16 14:57:00+00:00 | End: 2023-01-12 18:02:00+00:00
OOS Start Bar Index: 288132 | Time: 2023-01-12 18:03:00+00:00
ADF Test Result: p-value=0.7173 (Required < 0.05) | OLS Beta: 0.7032
Filter ON: Spread not stationary (p-value too high). Skipping optimization and OOS test.

--- Window 48 Boundary Check ---
IS Period RTH Bars: 14666. Start: 2022-12-08 18:48:00+00:00 | End: 2023-02-03 18:26:00+00:00
OOS Start Bar Index: 293982 | Time: 2023-02-03 18:27:00+00:00
ADF Test Result: p-value=0.3222 (Required < 0.05) | OLS Beta: 1.2980
Filter ON: Spread not stationary (p-value too high). Skipping optimization and OOS test.

--- Window 49 Boundary Check ---
IS Period RTH Bars: 14666. Start: 2022-12-30 20:20:00+00:00 | End: 2023-02-27 19:19:00+00:00
OOS Start Bar Index: 299832 | Time: 2023-02-27 19:20:00+00:00
ADF Test Result: p-value=0.0193 (Required < 0.05) | OLS Beta: 0.5419
Filter OFF: Spread is stationary. Proceeding with optimization.
IS Optimization Time: 0.13 seconds.
Optimal Params (Sharpe=2.3815, Calmar=9.8872): Z_E=3.1, Z_X=0.3, Z_SL=4.8
📊 Persistence: Saved 4311 PnL points to wfa_outputs\oos_equity_curve_USB_PNC_1m_20251105_185034_0.05.csv
OOS Period (2023-02-27 19:20:00+00:00 to 2023-03-20 18:21:00+00:00): PnL: $-790.11 | Sharpe: -6.7851 | Calmar: -9.3762 | Trades: 1104

--- Window 50 Boundary Check ---
IS Period RTH Bars: 14666. Start: 2023-01-24 20:43:00+00:00 | End: 2023-03-20 18:21:00+00:00
OOS Start Bar Index: 305682 | Time: 2023-03-20 18:22:00+00:00
ADF Test Result: p-value=0.3542 (Required < 0.05) | OLS Beta: 1.2570
Filter ON: Spread not stationary (p-value too high). Skipping optimization and OOS test.

--- Window 51 Boundary Check ---
IS Period RTH Bars: 14666. Start: 2023-02-15 15:02:00+00:00 | End: 2023-04-11 18:28:00+00:00
OOS Start Bar Index: 311532 | Time: 2023-04-11 18:29:00+00:00
ADF Test Result: p-value=0.2674 (Required < 0.05) | OLS Beta: 1.2931
Filter ON: Spread not stationary (p-value too high). Skipping optimization and OOS test.

--- Window 52 Boundary Check ---
IS Period RTH Bars: 14666. Start: 2023-03-09 15:26:00+00:00 | End: 2023-05-02 18:31:00+00:00
OOS Start Bar Index: 317382 | Time: 2023-05-02 18:32:00+00:00
ADF Test Result: p-value=0.3098 (Required < 0.05) | OLS Beta: 0.8073
Filter ON: Spread not stationary (p-value too high). Skipping optimization and OOS test.

--- Window 53 Boundary Check ---
IS Period RTH Bars: 14666. Start: 2023-03-30 14:30:00+00:00 | End: 2023-05-23 18:48:00+00:00
OOS Start Bar Index: 323232 | Time: 2023-05-23 18:49:00+00:00
ADF Test Result: p-value=0.7523 (Required < 0.05) | OLS Beta: 1.3091
Filter ON: Spread not stationary (p-value too high). Skipping optimization and OOS test.

--- Window 54 Boundary Check ---
IS Period RTH Bars: 14666. Start: 2023-04-21 14:33:00+00:00 | End: 2023-06-14 19:20:00+00:00
OOS Start Bar Index: 329082 | Time: 2023-06-14 19:21:00+00:00
ADF Test Result: p-value=0.0119 (Required < 0.05) | OLS Beta: 0.9621
Filter OFF: Spread is stationary. Proceeding with optimization.
IS Optimization Time: 0.16 seconds.
Optimal Params (Sharpe=5.1839, Calmar=76.8979): Z_E=2.9, Z_X=1.3, Z_SL=4.2
📊 Persistence: Saved 4312 PnL points to wfa_outputs\oos_equity_curve_USB_PNC_1m_20251105_185034_0.05.csv
OOS Period (2023-06-14 19:21:00+00:00 to 2023-07-10 16:25:00+00:00): PnL: $-1.23 | Sharpe: -4.0991 | Calmar: -14.0934 | Trades: 1

--- Window 55 Boundary Check ---
IS Period RTH Bars: 14666. Start: 2023-05-12 14:40:00+00:00 | End: 2023-07-10 16:25:00+00:00
OOS Start Bar Index: 334932 | Time: 2023-07-10 16:26:00+00:00
ADF Test Result: p-value=0.5302 (Required < 0.05) | OLS Beta: 1.0911
Filter ON: Spread not stationary (p-value too high). Skipping optimization and OOS test.

--- Window 56 Boundary Check ---
IS Period RTH Bars: 14666. Start: 2023-06-05 15:11:00+00:00 | End: 2023-07-31 16:47:00+00:00
OOS Start Bar Index: 340782 | Time: 2023-07-31 16:48:00+00:00
ADF Test Result: p-value=0.1456 (Required < 0.05) | OLS Beta: 2.0700
Filter ON: Spread not stationary (p-value too high). Skipping optimization and OOS test.

--- Window 57 Boundary Check ---
IS Period RTH Bars: 14666. Start: 2023-06-27 15:41:00+00:00 | End: 2023-08-21 17:50:00+00:00
OOS Start Bar Index: 346632 | Time: 2023-08-21 17:52:00+00:00
ADF Test Result: p-value=0.7125 (Required < 0.05) | OLS Beta: 1.4658
Filter ON: Spread not stationary (p-value too high). Skipping optimization and OOS test.

--- Window 58 Boundary Check ---
IS Period RTH Bars: 14666. Start: 2023-07-19 19:14:00+00:00 | End: 2023-09-12 19:26:00+00:00
OOS Start Bar Index: 352482 | Time: 2023-09-12 19:27:00+00:00
ADF Test Result: p-value=0.3012 (Required < 0.05) | OLS Beta: 0.6636
Filter ON: Spread not stationary (p-value too high). Skipping optimization and OOS test.

--- Window 59 Boundary Check ---
IS Period RTH Bars: 14666. Start: 2023-08-09 19:44:00+00:00 | End: 2023-10-04 14:37:00+00:00
OOS Start Bar Index: 358332 | Time: 2023-10-04 14:38:00+00:00
ADF Test Result: p-value=0.9568 (Required < 0.05) | OLS Beta: 0.6693
Filter ON: Spread not stationary (p-value too high). Skipping optimization and OOS test.

--- Window 60 Boundary Check ---
IS Period RTH Bars: 14666. Start: 2023-08-31 14:45:00+00:00 | End: 2023-10-25 14:56:00+00:00
OOS Start Bar Index: 364182 | Time: 2023-10-25 14:57:00+00:00
ADF Test Result: p-value=0.4954 (Required < 0.05) | OLS Beta: 0.6422
Filter ON: Spread not stationary (p-value too high). Skipping optimization and OOS test.

--- Window 61 Boundary Check ---
IS Period RTH Bars: 14666. Start: 2023-09-22 16:26:00+00:00 | End: 2023-11-15 16:54:00+00:00
OOS Start Bar Index: 370032 | Time: 2023-11-15 16:55:00+00:00
ADF Test Result: p-value=0.6025 (Required < 0.05) | OLS Beta: 1.0015
Filter ON: Spread not stationary (p-value too high). Skipping optimization and OOS test.

--- Window 62 Boundary Check ---
IS Period RTH Bars: 14666. Start: 2023-10-13 17:26:00+00:00 | End: 2023-12-08 14:31:00+00:00
OOS Start Bar Index: 375882 | Time: 2023-12-08 14:32:00+00:00
ADF Test Result: p-value=0.0495 (Required < 0.05) | OLS Beta: 1.0969
Filter OFF: Spread is stationary. Proceeding with optimization.
IS Optimization Time: 0.14 seconds.
Optimal Params (Sharpe=2.5046, Calmar=14.7853): Z_E=3.3, Z_X=0.3, Z_SL=4.8
📊 Persistence: Saved 4312 PnL points to wfa_outputs\oos_equity_curve_USB_PNC_1m_20251105_185034_0.05.csv
OOS Period (2023-12-08 14:32:00+00:00 to 2024-01-02 16:21:00+00:00): PnL: $0.00 | Sharpe: 0.0000 | Calmar: 0.0000 | Trades: 0

--- Window 63 Boundary Check ---
IS Period RTH Bars: 14666. Start: 2023-11-03 17:46:00+00:00 | End: 2024-01-02 16:21:00+00:00
OOS Start Bar Index: 381732 | Time: 2024-01-02 16:22:00+00:00
ADF Test Result: p-value=0.0896 (Required < 0.05) | OLS Beta: 0.9868
Filter ON: Spread not stationary (p-value too high). Skipping optimization and OOS test.

--- Window 64 Boundary Check ---
IS Period RTH Bars: 14666. Start: 2023-11-28 16:53:00+00:00 | End: 2024-01-24 16:56:00+00:00
OOS Start Bar Index: 387582 | Time: 2024-01-24 16:57:00+00:00
ADF Test Result: p-value=0.3057 (Required < 0.05) | OLS Beta: 0.9725
Filter ON: Spread not stationary (p-value too high). Skipping optimization and OOS test.

--- Window 65 Boundary Check ---
IS Period RTH Bars: 14666. Start: 2023-12-19 17:27:00+00:00 | End: 2024-02-14 18:02:00+00:00
OOS Start Bar Index: 393432 | Time: 2024-02-14 18:03:00+00:00
ADF Test Result: p-value=0.0143 (Required < 0.05) | OLS Beta: 1.5806
Filter OFF: Spread is stationary. Proceeding with optimization.
IS Optimization Time: 0.19 seconds.
Optimal Params (Sharpe=5.4604, Calmar=45.8658): Z_E=1.9, Z_X=0.7, Z_SL=4.5
📊 Persistence: Saved 4323 PnL points to wfa_outputs\oos_equity_curve_USB_PNC_1m_20251105_185034_0.05.csv
OOS Period (2024-02-14 18:03:00+00:00 to 2024-03-07 18:55:00+00:00): PnL: $442.25 | Sharpe: 5.8870 | Calmar: 200.4071 | Trades: 11

--- Window 66 Boundary Check ---
IS Period RTH Bars: 14666. Start: 2024-01-11 19:26:00+00:00 | End: 2024-03-07 18:55:00+00:00
OOS Start Bar Index: 399282 | Time: 2024-03-07 18:56:00+00:00
ADF Test Result: p-value=0.2145 (Required < 0.05) | OLS Beta: 1.0471
Filter ON: Spread not stationary (p-value too high). Skipping optimization and OOS test.

--- Window 67 Boundary Check ---
IS Period RTH Bars: 14666. Start: 2024-02-02 20:11:00+00:00 | End: 2024-03-28 19:57:00+00:00
OOS Start Bar Index: 405132 | Time: 2024-03-28 19:58:00+00:00
ADF Test Result: p-value=0.1429 (Required < 0.05) | OLS Beta: 1.1103
Filter ON: Spread not stationary (p-value too high). Skipping optimization and OOS test.

--- Window 68 Boundary Check ---
IS Period RTH Bars: 14666. Start: 2024-02-26 20:57:00+00:00 | End: 2024-04-22 14:56:00+00:00
OOS Start Bar Index: 410982 | Time: 2024-04-22 14:57:00+00:00
ADF Test Result: p-value=0.6677 (Required < 0.05) | OLS Beta: 0.8195
Filter ON: Spread not stationary (p-value too high). Skipping optimization and OOS test.

--- Window 69 Boundary Check ---
IS Period RTH Bars: 14666. Start: 2024-03-19 14:50:00+00:00 | End: 2024-05-14 14:01:00+00:00
OOS Start Bar Index: 416832 | Time: 2024-05-14 14:02:00+00:00
ADF Test Result: p-value=0.5619 (Required < 0.05) | OLS Beta: 0.7648
Filter ON: Spread not stationary (p-value too high). Skipping optimization and OOS test.

--- Window 70 Boundary Check ---
IS Period RTH Bars: 14666. Start: 2024-04-10 17:02:00+00:00 | End: 2024-06-05 18:54:00+00:00
OOS Start Bar Index: 422682 | Time: 2024-06-05 18:55:00+00:00
ADF Test Result: p-value=0.5337 (Required < 0.05) | OLS Beta: 0.5685
Filter ON: Spread not stationary (p-value too high). Skipping optimization and OOS test.

--- Window 71 Boundary Check ---
IS Period RTH Bars: 14666. Start: 2024-05-01 19:43:00+00:00 | End: 2024-06-28 19:45:00+00:00
OOS Start Bar Index: 428532 | Time: 2024-06-28 19:46:00+00:00
ADF Test Result: p-value=0.1063 (Required < 0.05) | OLS Beta: 1.3125
Filter ON: Spread not stationary (p-value too high). Skipping optimization and OOS test.

--- Window 72 Boundary Check ---
IS Period RTH Bars: 14666. Start: 2024-05-23 19:38:00+00:00 | End: 2024-07-23 18:27:00+00:00
OOS Start Bar Index: 434382 | Time: 2024-07-23 18:28:00+00:00
ADF Test Result: p-value=0.1122 (Required < 0.05) | OLS Beta: 0.8681
Filter ON: Spread not stationary (p-value too high). Skipping optimization and OOS test.

--- Window 73 Boundary Check ---
IS Period RTH Bars: 14666. Start: 2024-06-17 19:40:00+00:00 | End: 2024-08-14 17:20:00+00:00
OOS Start Bar Index: 440232 | Time: 2024-08-14 17:21:00+00:00
ADF Test Result: p-value=0.3209 (Required < 0.05) | OLS Beta: 0.8563
Filter ON: Spread not stationary (p-value too high). Skipping optimization and OOS test.

--- Window 74 Boundary Check ---
IS Period RTH Bars: 14666. Start: 2024-07-12 13:41:00+00:00 | End: 2024-09-06 17:47:00+00:00
OOS Start Bar Index: 446082 | Time: 2024-09-06 17:48:00+00:00
ADF Test Result: p-value=0.0138 (Required < 0.05) | OLS Beta: 1.1734
Filter OFF: Spread is stationary. Proceeding with optimization.
IS Optimization Time: 0.15 seconds.
Optimal Params (Sharpe=0.5931, Calmar=2.9481): Z_E=3.1, Z_X=0.3, Z_SL=3.6
📊 Persistence: Saved 4326 PnL points to wfa_outputs\oos_equity_curve_USB_PNC_1m_20251105_185034_0.05.csv
OOS Period (2024-09-06 17:48:00+00:00 to 2024-09-30 17:04:00+00:00): PnL: $88.80 | Sharpe: 3.4689 | Calmar: 95.5380 | Trades: 3

--- Window 75 Boundary Check ---
IS Period RTH Bars: 14666. Start: 2024-08-02 16:22:00+00:00 | End: 2024-09-30 17:04:00+00:00
OOS Start Bar Index: 451932 | Time: 2024-09-30 17:06:00+00:00
ADF Test Result: p-value=0.1300 (Required < 0.05) | OLS Beta: 1.0369
Filter ON: Spread not stationary (p-value too high). Skipping optimization and OOS test.

--- Window 76 Boundary Check ---
IS Period RTH Bars: 14666. Start: 2024-08-26 18:13:00+00:00 | End: 2024-10-22 15:44:00+00:00
OOS Start Bar Index: 457782 | Time: 2024-10-22 15:45:00+00:00
ADF Test Result: p-value=0.0799 (Required < 0.05) | OLS Beta: 1.2063
Filter ON: Spread not stationary (p-value too high). Skipping optimization and OOS test.

--- Window 77 Boundary Check ---
IS Period RTH Bars: 14666. Start: 2024-09-18 16:04:00+00:00 | End: 2024-11-12 20:32:00+00:00
OOS Start Bar Index: 463632 | Time: 2024-11-12 20:33:00+00:00
ADF Test Result: p-value=0.6502 (Required < 0.05) | OLS Beta: 0.9837
Filter ON: Spread not stationary (p-value too high). Skipping optimization and OOS test.

--- Window 78 Boundary Check ---
IS Period RTH Bars: 14666. Start: 2024-10-10 17:06:00+00:00 | End: 2024-12-05 19:58:00+00:00
OOS Start Bar Index: 469482 | Time: 2024-12-05 19:59:00+00:00
ADF Test Result: p-value=0.0260 (Required < 0.05) | OLS Beta: 0.7063
Filter OFF: Spread is stationary. Proceeding with optimization.
IS Optimization Time: 0.15 seconds.
Optimal Params (Sharpe=1.7033, Calmar=6.0729): Z_E=3.1, Z_X=1.5, Z_SL=3.3
📊 Persistence: Saved 4326 PnL points to wfa_outputs\oos_equity_curve_USB_PNC_1m_20251105_185034_0.05.csv
OOS Period (2024-12-05 19:59:00+00:00 to 2024-12-31 15:33:00+00:00): PnL: $0.00 | Sharpe: 0.0000 | Calmar: 0.0000 | Trades: 0

--- Window 79 Boundary Check ---
IS Period RTH Bars: 14666. Start: 2024-11-01 14:13:00+00:00 | End: 2024-12-31 15:33:00+00:00
OOS Start Bar Index: 475332 | Time: 2024-12-31 15:34:00+00:00
ADF Test Result: p-value=0.2608 (Required < 0.05) | OLS Beta: 0.8076
Filter ON: Spread not stationary (p-value too high). Skipping optimization and OOS test.

############################################################
📈 OVERALL SIMULATION PERFORMANCE (Walk-Forward Test)
############################################################
Timeframe Used: 1Min, Value: 1
ADF Cointegration Filter Threshold: 0.05
Total OOS Windows Tested: 79
Total Trades Executed: 4326
--- Final Performance Metrics ---
Total PnL: $-327.50
Overall Sharpe Ratio (Annualized): -0.0946
Overall Calmar Ratio (Annualized): -0.0124
Maximum Dollar Drawdown (MDD): $1,141.95

--- Execution Time ---
Total Elapsed Time: 148.35 seconds
############################################################
[0m