--- Dynamic Timeframe Configuration ---
TimeFrame Selected: 1Hour, Value: 1
Bars per Trading Day: 6
Annualization Factor (Bars/Year): 1512
Statistical Lookback Bars: 33
Optimization Lookback Bars: 292
---------------------------------------
--- Diagnostic Check ---
API Key ID Length: 26
API Secret Key Length: 44
StockHistoricalDataClient initialized successfully. Starting data fetch...
--------------------------
Pre-compiling Numba function for first run optimization...
Numba pre-compilation complete.
Fetching data from 2020-01-01 to 2024-12-30...
Fetching 1Hour data for USB...
Fetching 1Hour data for PNC...
Data acquired successfully. Total 1Hour RTH bars: 7497
Skipping full pre-calculation. Metrics will be calculated inside the WFA loop.

============================================================
📈 Starting Rolling Backtest: IS Optimization Window=292 bars, Shift=15 days
   Data already processed with Statistical Rolling Window: 33 bars
   ADF Cointegration Filter: p-value < 0.1
============================================================

--- Window 1 Boundary Check ---
IS Period RTH Bars: 228. Start: 2020-01-16 19:00:00+00:00 | End: 2020-03-12 17:00:00+00:00
OOS Start Bar Index: 292 | Time: 2020-03-12 18:00:00+00:00
ADF Test Result: p-value=0.4551 (Required < 0.10) | OLS Beta: 0.9876
Filter ON: Spread not stationary (p-value too high). Skipping optimization and OOS test.

--- Window 2 Boundary Check ---
IS Period RTH Bars: 228. Start: 2020-02-07 19:00:00+00:00 | End: 2020-04-02 17:00:00+00:00
OOS Start Bar Index: 382 | Time: 2020-04-02 18:00:00+00:00
ADF Test Result: p-value=0.0035 (Required < 0.10) | OLS Beta: 1.0038
Filter OFF: Spread is stationary. Proceeding with optimization.
IS Optimization Time: 0.08 seconds.
Optimal Params (Sharpe=5.1631, Calmar=0.0000): Z_E=2.5, Z_X=1.5, Z_SL=3.3
📊 Persistence: Saved 1 PnL points to wfa_outputs\oos_equity_curve_USB_PNC_1h_20251105_184031_0.1.csv
OOS Period (2020-04-02 18:00:00+00:00 to 2020-04-24 17:00:00+00:00): PnL: $14.86 | Sharpe: 4.1217 | Calmar: 0.0000 | Trades: 1

--- Window 3 Boundary Check ---
IS Period RTH Bars: 228. Start: 2020-03-02 19:00:00+00:00 | End: 2020-04-24 17:00:00+00:00
OOS Start Bar Index: 472 | Time: 2020-04-24 18:00:00+00:00
ADF Test Result: p-value=0.2246 (Required < 0.10) | OLS Beta: 0.9913
Filter ON: Spread not stationary (p-value too high). Skipping optimization and OOS test.

--- Window 4 Boundary Check ---
IS Period RTH Bars: 228. Start: 2020-03-23 18:00:00+00:00 | End: 2020-05-15 17:00:00+00:00
OOS Start Bar Index: 562 | Time: 2020-05-15 18:00:00+00:00
ADF Test Result: p-value=0.9029 (Required < 0.10) | OLS Beta: 0.7132
Filter ON: Spread not stationary (p-value too high). Skipping optimization and OOS test.

--- Window 5 Boundary Check ---
IS Period RTH Bars: 228. Start: 2020-04-14 18:00:00+00:00 | End: 2020-06-08 17:00:00+00:00
OOS Start Bar Index: 652 | Time: 2020-06-08 18:00:00+00:00
ADF Test Result: p-value=0.1459 (Required < 0.10) | OLS Beta: 0.8521
Filter ON: Spread not stationary (p-value too high). Skipping optimization and OOS test.

--- Window 6 Boundary Check ---
IS Period RTH Bars: 228. Start: 2020-05-05 18:00:00+00:00 | End: 2020-06-29 17:00:00+00:00
OOS Start Bar Index: 742 | Time: 2020-06-29 18:00:00+00:00
ADF Test Result: p-value=0.9124 (Required < 0.10) | OLS Beta: 1.0109
Filter ON: Spread not stationary (p-value too high). Skipping optimization and OOS test.

--- Window 7 Boundary Check ---
IS Period RTH Bars: 228. Start: 2020-05-27 18:00:00+00:00 | End: 2020-07-21 17:00:00+00:00
OOS Start Bar Index: 832 | Time: 2020-07-21 18:00:00+00:00
ADF Test Result: p-value=0.1412 (Required < 0.10) | OLS Beta: 0.5220
Filter ON: Spread not stationary (p-value too high). Skipping optimization and OOS test.

--- Window 8 Boundary Check ---
IS Period RTH Bars: 228. Start: 2020-06-17 18:00:00+00:00 | End: 2020-08-11 17:00:00+00:00
OOS Start Bar Index: 922 | Time: 2020-08-11 18:00:00+00:00
ADF Test Result: p-value=0.0453 (Required < 0.10) | OLS Beta: 0.5607
Filter OFF: Spread is stationary. Proceeding with optimization.
IS Optimization Time: 0.07 seconds.
Optimal Params (Sharpe=5.0262, Calmar=85.8159): Z_E=2.3, Z_X=0.5, Z_SL=3.6
📊 Persistence: Saved 2 PnL points to wfa_outputs\oos_equity_curve_USB_PNC_1h_20251105_184031_0.1.csv
OOS Period (2020-08-11 18:00:00+00:00 to 2020-09-01 17:00:00+00:00): PnL: $-72.30 | Sharpe: -4.1217 | Calmar: -16.4194 | Trades: 1

--- Window 9 Boundary Check ---
IS Period RTH Bars: 228. Start: 2020-07-09 18:00:00+00:00 | End: 2020-09-01 17:00:00+00:00
OOS Start Bar Index: 1012 | Time: 2020-09-01 18:00:00+00:00
ADF Test Result: p-value=0.0325 (Required < 0.10) | OLS Beta: 0.3404
Filter OFF: Spread is stationary. Proceeding with optimization.
IS Optimization Time: 0.07 seconds.
Optimal Params (Sharpe=4.8510, Calmar=0.0000): Z_E=2.3, Z_X=0.3, Z_SL=3.3
📊 Persistence: Saved 2 PnL points to wfa_outputs\oos_equity_curve_USB_PNC_1h_20251105_184031_0.1.csv
OOS Period (2020-09-01 18:00:00+00:00 to 2020-09-23 17:00:00+00:00): PnL: $0.00 | Sharpe: 0.0000 | Calmar: 0.0000 | Trades: 0

--- Window 10 Boundary Check ---
IS Period RTH Bars: 228. Start: 2020-07-30 18:00:00+00:00 | End: 2020-09-23 17:00:00+00:00
OOS Start Bar Index: 1102 | Time: 2020-09-23 18:00:00+00:00
ADF Test Result: p-value=0.0695 (Required < 0.10) | OLS Beta: 0.7112
Filter OFF: Spread is stationary. Proceeding with optimization.
IS Optimization Time: 0.07 seconds.
Optimal Params (Sharpe=3.7566, Calmar=22.6986): Z_E=1.9, Z_X=0.7, Z_SL=3.3
📊 Persistence: Saved 5 PnL points to wfa_outputs\oos_equity_curve_USB_PNC_1h_20251105_184031_0.1.csv
OOS Period (2020-09-23 18:00:00+00:00 to 2020-10-14 17:00:00+00:00): PnL: $-176.46 | Sharpe: -5.2004 | Calmar: -14.0740 | Trades: 3

--- Window 11 Boundary Check ---
IS Period RTH Bars: 228. Start: 2020-08-20 18:00:00+00:00 | End: 2020-10-14 17:00:00+00:00
OOS Start Bar Index: 1192 | Time: 2020-10-14 18:00:00+00:00
ADF Test Result: p-value=0.9019 (Required < 0.10) | OLS Beta: 1.1098
Filter ON: Spread not stationary (p-value too high). Skipping optimization and OOS test.

--- Window 12 Boundary Check ---
IS Period RTH Bars: 228. Start: 2020-09-11 18:00:00+00:00 | End: 2020-11-04 18:00:00+00:00
OOS Start Bar Index: 1282 | Time: 2020-11-04 19:00:00+00:00
ADF Test Result: p-value=0.2626 (Required < 0.10) | OLS Beta: 1.2078
Filter ON: Spread not stationary (p-value too high). Skipping optimization and OOS test.

--- Window 13 Boundary Check ---
IS Period RTH Bars: 228. Start: 2020-10-02 18:00:00+00:00 | End: 2020-11-25 18:00:00+00:00
OOS Start Bar Index: 1372 | Time: 2020-11-25 19:00:00+00:00
ADF Test Result: p-value=0.1487 (Required < 0.10) | OLS Beta: 0.7544
Filter ON: Spread not stationary (p-value too high). Skipping optimization and OOS test.

--- Window 14 Boundary Check ---
IS Period RTH Bars: 228. Start: 2020-10-23 18:00:00+00:00 | End: 2020-12-17 20:00:00+00:00
OOS Start Bar Index: 1462 | Time: 2020-12-18 15:00:00+00:00
ADF Test Result: p-value=0.1750 (Required < 0.10) | OLS Beta: 0.5803
Filter ON: Spread not stationary (p-value too high). Skipping optimization and OOS test.

--- Window 15 Boundary Check ---
IS Period RTH Bars: 228. Start: 2020-11-13 19:00:00+00:00 | End: 2021-01-12 16:00:00+00:00
OOS Start Bar Index: 1552 | Time: 2021-01-12 17:00:00+00:00
ADF Test Result: p-value=0.0153 (Required < 0.10) | OLS Beta: 0.6201
Filter OFF: Spread is stationary. Proceeding with optimization.
IS Optimization Time: 0.08 seconds.
Optimal Params (Sharpe=1.2875, Calmar=5.2995): Z_E=2.7, Z_X=0.5, Z_SL=3.3
📊 Persistence: Saved 14 PnL points to wfa_outputs\oos_equity_curve_USB_PNC_1h_20251105_184031_0.1.csv
OOS Period (2021-01-12 17:00:00+00:00 to 2021-02-03 16:00:00+00:00): PnL: $-85.06 | Sharpe: -2.9883 | Calmar: -8.9964 | Trades: 9

--- Window 16 Boundary Check ---
IS Period RTH Bars: 228. Start: 2020-12-08 15:00:00+00:00 | End: 2021-02-03 16:00:00+00:00
OOS Start Bar Index: 1642 | Time: 2021-02-03 17:00:00+00:00
ADF Test Result: p-value=0.7277 (Required < 0.10) | OLS Beta: 0.8172
Filter ON: Spread not stationary (p-value too high). Skipping optimization and OOS test.

--- Window 17 Boundary Check ---
IS Period RTH Bars: 228. Start: 2020-12-30 17:00:00+00:00 | End: 2021-02-25 16:00:00+00:00
OOS Start Bar Index: 1732 | Time: 2021-02-25 17:00:00+00:00
ADF Test Result: p-value=0.2814 (Required < 0.10) | OLS Beta: 0.8289
Filter ON: Spread not stationary (p-value too high). Skipping optimization and OOS test.

--- Window 18 Boundary Check ---
IS Period RTH Bars: 228. Start: 2021-01-22 17:00:00+00:00 | End: 2021-03-18 15:00:00+00:00
OOS Start Bar Index: 1822 | Time: 2021-03-18 16:00:00+00:00
ADF Test Result: p-value=0.3794 (Required < 0.10) | OLS Beta: 1.0191
Filter ON: Spread not stationary (p-value too high). Skipping optimization and OOS test.

--- Window 19 Boundary Check ---
IS Period RTH Bars: 228. Start: 2021-02-12 17:00:00+00:00 | End: 2021-04-09 15:00:00+00:00
OOS Start Bar Index: 1912 | Time: 2021-04-09 16:00:00+00:00
ADF Test Result: p-value=0.4555 (Required < 0.10) | OLS Beta: 1.5869
Filter ON: Spread not stationary (p-value too high). Skipping optimization and OOS test.

--- Window 20 Boundary Check ---
IS Period RTH Bars: 228. Start: 2021-03-08 17:00:00+00:00 | End: 2021-05-03 15:00:00+00:00
OOS Start Bar Index: 2002 | Time: 2021-05-03 16:00:00+00:00
ADF Test Result: p-value=0.1486 (Required < 0.10) | OLS Beta: 1.0304
Filter ON: Spread not stationary (p-value too high). Skipping optimization and OOS test.

--- Window 21 Boundary Check ---
IS Period RTH Bars: 228. Start: 2021-03-29 16:00:00+00:00 | End: 2021-05-24 15:00:00+00:00
OOS Start Bar Index: 2092 | Time: 2021-05-24 16:00:00+00:00
ADF Test Result: p-value=0.0928 (Required < 0.10) | OLS Beta: 0.7043
Filter OFF: Spread is stationary. Proceeding with optimization.
IS Optimization Time: 0.07 seconds.
Optimal Params (Sharpe=4.3814, Calmar=24.0273): Z_E=1.9, Z_X=0.9, Z_SL=3.3
📊 Persistence: Saved 15 PnL points to wfa_outputs\oos_equity_curve_USB_PNC_1h_20251105_184031_0.1.csv
OOS Period (2021-05-24 16:00:00+00:00 to 2021-06-15 15:00:00+00:00): PnL: $-18.10 | Sharpe: -4.1217 | Calmar: -16.3894 | Trades: 1

--- Window 22 Boundary Check ---
IS Period RTH Bars: 228. Start: 2021-04-21 16:00:00+00:00 | End: 2021-06-15 15:00:00+00:00
OOS Start Bar Index: 2182 | Time: 2021-06-15 16:00:00+00:00
ADF Test Result: p-value=0.2605 (Required < 0.10) | OLS Beta: 0.6407
Filter ON: Spread not stationary (p-value too high). Skipping optimization and OOS test.

--- Window 23 Boundary Check ---
IS Period RTH Bars: 228. Start: 2021-05-12 16:00:00+00:00 | End: 2021-07-07 15:00:00+00:00
OOS Start Bar Index: 2272 | Time: 2021-07-07 16:00:00+00:00
ADF Test Result: p-value=0.4621 (Required < 0.10) | OLS Beta: 1.3165
Filter ON: Spread not stationary (p-value too high). Skipping optimization and OOS test.

--- Window 24 Boundary Check ---
IS Period RTH Bars: 228. Start: 2021-06-03 16:00:00+00:00 | End: 2021-07-28 15:00:00+00:00
OOS Start Bar Index: 2362 | Time: 2021-07-28 16:00:00+00:00
ADF Test Result: p-value=0.3463 (Required < 0.10) | OLS Beta: 1.0428
Filter ON: Spread not stationary (p-value too high). Skipping optimization and OOS test.

--- Window 25 Boundary Check ---
IS Period RTH Bars: 228. Start: 2021-06-24 16:00:00+00:00 | End: 2021-08-18 15:00:00+00:00
OOS Start Bar Index: 2452 | Time: 2021-08-18 16:00:00+00:00
ADF Test Result: p-value=0.2786 (Required < 0.10) | OLS Beta: 0.7486
Filter ON: Spread not stationary (p-value too high). Skipping optimization and OOS test.

--- Window 26 Boundary Check ---
IS Period RTH Bars: 228. Start: 2021-07-16 16:00:00+00:00 | End: 2021-09-09 15:00:00+00:00
OOS Start Bar Index: 2542 | Time: 2021-09-09 16:00:00+00:00
ADF Test Result: p-value=0.1172 (Required < 0.10) | OLS Beta: 0.5572
Filter ON: Spread not stationary (p-value too high). Skipping optimization and OOS test.

--- Window 27 Boundary Check ---
IS Period RTH Bars: 228. Start: 2021-08-06 16:00:00+00:00 | End: 2021-09-30 15:00:00+00:00
OOS Start Bar Index: 2632 | Time: 2021-09-30 16:00:00+00:00
ADF Test Result: p-value=0.4862 (Required < 0.10) | OLS Beta: 1.0066
Filter ON: Spread not stationary (p-value too high). Skipping optimization and OOS test.

--- Window 28 Boundary Check ---
IS Period RTH Bars: 228. Start: 2021-08-27 16:00:00+00:00 | End: 2021-10-21 15:00:00+00:00
OOS Start Bar Index: 2722 | Time: 2021-10-21 16:00:00+00:00
ADF Test Result: p-value=0.5350 (Required < 0.10) | OLS Beta: 1.1385
Filter ON: Spread not stationary (p-value too high). Skipping optimization and OOS test.

--- Window 29 Boundary Check ---
IS Period RTH Bars: 228. Start: 2021-09-20 16:00:00+00:00 | End: 2021-11-12 16:00:00+00:00
OOS Start Bar Index: 2812 | Time: 2021-11-12 17:00:00+00:00
ADF Test Result: p-value=0.0072 (Required < 0.10) | OLS Beta: 0.4387
Filter OFF: Spread is stationary. Proceeding with optimization.
IS Optimization Time: 0.09 seconds.
Optimal Params (Sharpe=2.8194, Calmar=56.6509): Z_E=3.3, Z_X=1.5, Z_SL=3.6
📊 Persistence: Saved 27 PnL points to wfa_outputs\oos_equity_curve_USB_PNC_1h_20251105_184031_0.1.csv
OOS Period (2021-11-12 17:00:00+00:00 to 2021-12-06 17:00:00+00:00): PnL: $124.08 | Sharpe: 2.9155 | Calmar: 23.2935 | Trades: 12

--- Window 30 Boundary Check ---
IS Period RTH Bars: 228. Start: 2021-10-11 16:00:00+00:00 | End: 2021-12-06 17:00:00+00:00
OOS Start Bar Index: 2902 | Time: 2021-12-06 18:00:00+00:00
ADF Test Result: p-value=0.2163 (Required < 0.10) | OLS Beta: 0.8356
Filter ON: Spread not stationary (p-value too high). Skipping optimization and OOS test.

--- Window 31 Boundary Check ---
IS Period RTH Bars: 228. Start: 2021-11-02 16:00:00+00:00 | End: 2021-12-28 17:00:00+00:00
OOS Start Bar Index: 2992 | Time: 2021-12-28 18:00:00+00:00
ADF Test Result: p-value=0.1248 (Required < 0.10) | OLS Beta: 1.3940
Filter ON: Spread not stationary (p-value too high). Skipping optimization and OOS test.

--- Window 32 Boundary Check ---
IS Period RTH Bars: 228. Start: 2021-11-23 17:00:00+00:00 | End: 2022-01-19 17:00:00+00:00
OOS Start Bar Index: 3082 | Time: 2022-01-19 18:00:00+00:00
ADF Test Result: p-value=0.0427 (Required < 0.10) | OLS Beta: 0.8417
Filter OFF: Spread is stationary. Proceeding with optimization.
IS Optimization Time: 0.10 seconds.
Optimal Params (Sharpe=0.9002, Calmar=3.1072): Z_E=2.1, Z_X=0.7, Z_SL=3.3
📊 Persistence: Saved 28 PnL points to wfa_outputs\oos_equity_curve_USB_PNC_1h_20251105_184031_0.1.csv
OOS Period (2022-01-19 18:00:00+00:00 to 2022-02-10 17:00:00+00:00): PnL: $146.61 | Sharpe: 4.1217 | Calmar: 0.0000 | Trades: 1

--- Window 33 Boundary Check ---
IS Period RTH Bars: 228. Start: 2021-12-15 18:00:00+00:00 | End: 2022-02-10 17:00:00+00:00
OOS Start Bar Index: 3172 | Time: 2022-02-10 18:00:00+00:00
ADF Test Result: p-value=0.0234 (Required < 0.10) | OLS Beta: 0.8897
Filter OFF: Spread is stationary. Proceeding with optimization.
IS Optimization Time: 0.08 seconds.
Optimal Params (Sharpe=3.6482, Calmar=0.0000): Z_E=3.1, Z_X=0.9, Z_SL=3.3
📊 Persistence: Saved 30 PnL points to wfa_outputs\oos_equity_curve_USB_PNC_1h_20251105_184031_0.1.csv
OOS Period (2022-02-10 18:00:00+00:00 to 2022-03-04 17:00:00+00:00): PnL: $-49.43 | Sharpe: -3.1721 | Calmar: -12.6115 | Trades: 2

--- Window 34 Boundary Check ---
IS Period RTH Bars: 228. Start: 2022-01-06 18:00:00+00:00 | End: 2022-03-04 17:00:00+00:00
OOS Start Bar Index: 3262 | Time: 2022-03-04 18:00:00+00:00
ADF Test Result: p-value=0.1146 (Required < 0.10) | OLS Beta: 0.7917
Filter ON: Spread not stationary (p-value too high). Skipping optimization and OOS test.

--- Window 35 Boundary Check ---
IS Period RTH Bars: 228. Start: 2022-01-31 18:00:00+00:00 | End: 2022-03-28 16:00:00+00:00
OOS Start Bar Index: 3352 | Time: 2022-03-28 17:00:00+00:00
ADF Test Result: p-value=0.0576 (Required < 0.10) | OLS Beta: 0.7009
Filter OFF: Spread is stationary. Proceeding with optimization.
IS Optimization Time: 0.05 seconds.
Optimal Params (Sharpe=2.5752, Calmar=0.0000): Z_E=2.7, Z_X=0.7, Z_SL=3.3
📊 Persistence: Saved 39 PnL points to wfa_outputs\oos_equity_curve_USB_PNC_1h_20251105_184031_0.1.csv
OOS Period (2022-03-28 17:00:00+00:00 to 2022-04-19 16:00:00+00:00): PnL: $74.65 | Sharpe: 1.2104 | Calmar: 7.9361 | Trades: 9

--- Window 36 Boundary Check ---
IS Period RTH Bars: 228. Start: 2022-02-22 18:00:00+00:00 | End: 2022-04-19 16:00:00+00:00
OOS Start Bar Index: 3442 | Time: 2022-04-19 17:00:00+00:00
ADF Test Result: p-value=0.0067 (Required < 0.10) | OLS Beta: 0.7827
Filter OFF: Spread is stationary. Proceeding with optimization.
IS Optimization Time: 0.06 seconds.
Optimal Params (Sharpe=3.6497, Calmar=0.0000): Z_E=2.7, Z_X=1.5, Z_SL=3.3
📊 Persistence: Saved 39 PnL points to wfa_outputs\oos_equity_curve_USB_PNC_1h_20251105_184031_0.1.csv
OOS Period (2022-04-19 17:00:00+00:00 to 2022-05-10 16:00:00+00:00): PnL: $0.00 | Sharpe: 0.0000 | Calmar: 0.0000 | Trades: 0

--- Window 37 Boundary Check ---
IS Period RTH Bars: 228. Start: 2022-03-16 17:00:00+00:00 | End: 2022-05-10 16:00:00+00:00
OOS Start Bar Index: 3532 | Time: 2022-05-10 17:00:00+00:00
ADF Test Result: p-value=0.0094 (Required < 0.10) | OLS Beta: 0.8971
Filter OFF: Spread is stationary. Proceeding with optimization.
IS Optimization Time: 0.06 seconds.
Optimal Params (Sharpe=3.6497, Calmar=0.0000): Z_E=2.9, Z_X=0.3, Z_SL=3.3
📊 Persistence: Saved 60 PnL points to wfa_outputs\oos_equity_curve_USB_PNC_1h_20251105_184031_0.1.csv
OOS Period (2022-05-10 17:00:00+00:00 to 2022-06-01 16:00:00+00:00): PnL: $142.32 | Sharpe: 4.7615 | Calmar: 57.4578 | Trades: 21

--- Window 38 Boundary Check ---
IS Period RTH Bars: 228. Start: 2022-04-06 17:00:00+00:00 | End: 2022-06-01 16:00:00+00:00
OOS Start Bar Index: 3622 | Time: 2022-06-01 17:00:00+00:00
ADF Test Result: p-value=0.1633 (Required < 0.10) | OLS Beta: 0.5031
Filter ON: Spread not stationary (p-value too high). Skipping optimization and OOS test.

--- Window 39 Boundary Check ---
IS Period RTH Bars: 228. Start: 2022-04-28 17:00:00+00:00 | End: 2022-06-23 16:00:00+00:00
OOS Start Bar Index: 3712 | Time: 2022-06-23 17:00:00+00:00
ADF Test Result: p-value=0.8174 (Required < 0.10) | OLS Beta: 0.8100
Filter ON: Spread not stationary (p-value too high). Skipping optimization and OOS test.

--- Window 40 Boundary Check ---
IS Period RTH Bars: 228. Start: 2022-05-19 17:00:00+00:00 | End: 2022-07-15 16:00:00+00:00
OOS Start Bar Index: 3802 | Time: 2022-07-15 17:00:00+00:00
ADF Test Result: p-value=0.0494 (Required < 0.10) | OLS Beta: 1.0955
Filter OFF: Spread is stationary. Proceeding with optimization.
IS Optimization Time: 0.11 seconds.
Optimal Params (Sharpe=4.1284, Calmar=0.0000): Z_E=2.3, Z_X=1.1, Z_SL=3.3
📊 Persistence: Saved 61 PnL points to wfa_outputs\oos_equity_curve_USB_PNC_1h_20251105_184031_0.1.csv
OOS Period (2022-07-15 17:00:00+00:00 to 2022-08-05 16:00:00+00:00): PnL: $3.92 | Sharpe: 4.1217 | Calmar: 0.0000 | Trades: 1

--- Window 41 Boundary Check ---
IS Period RTH Bars: 228. Start: 2022-06-10 17:00:00+00:00 | End: 2022-08-05 16:00:00+00:00
OOS Start Bar Index: 3892 | Time: 2022-08-05 17:00:00+00:00
ADF Test Result: p-value=0.0000 (Required < 0.10) | OLS Beta: 0.5922
Filter OFF: Spread is stationary. Proceeding with optimization.
IS Optimization Time: 0.07 seconds.
Optimal Params (Sharpe=4.6666, Calmar=0.0000): Z_E=2.7, Z_X=1.3, Z_SL=3.6
📊 Persistence: Saved 61 PnL points to wfa_outputs\oos_equity_curve_USB_PNC_1h_20251105_184031_0.1.csv
OOS Period (2022-08-05 17:00:00+00:00 to 2022-08-26 16:00:00+00:00): PnL: $0.00 | Sharpe: 0.0000 | Calmar: 0.0000 | Trades: 0

--- Window 42 Boundary Check ---
IS Period RTH Bars: 228. Start: 2022-07-05 17:00:00+00:00 | End: 2022-08-26 16:00:00+00:00
OOS Start Bar Index: 3982 | Time: 2022-08-26 17:00:00+00:00
ADF Test Result: p-value=0.0134 (Required < 0.10) | OLS Beta: 0.5192
Filter OFF: Spread is stationary. Proceeding with optimization.
IS Optimization Time: 0.08 seconds.
Optimal Params (Sharpe=3.9423, Calmar=0.0000): Z_E=2.9, Z_X=1.3, Z_SL=3.6
📊 Persistence: Saved 66 PnL points to wfa_outputs\oos_equity_curve_USB_PNC_1h_20251105_184031_0.1.csv
OOS Period (2022-08-26 17:00:00+00:00 to 2022-09-19 16:00:00+00:00): PnL: $37.95 | Sharpe: 1.7292 | Calmar: 9.2147 | Trades: 5

--- Window 43 Boundary Check ---
IS Period RTH Bars: 228. Start: 2022-07-26 17:00:00+00:00 | End: 2022-09-19 16:00:00+00:00
OOS Start Bar Index: 4072 | Time: 2022-09-19 17:00:00+00:00
ADF Test Result: p-value=0.0265 (Required < 0.10) | OLS Beta: 0.7425
Filter OFF: Spread is stationary. Proceeding with optimization.
IS Optimization Time: 0.09 seconds.
Optimal Params (Sharpe=0.2548, Calmar=0.8736): Z_E=2.3, Z_X=0.5, Z_SL=3.3
📊 Persistence: Saved 107 PnL points to wfa_outputs\oos_equity_curve_USB_PNC_1h_20251105_184031_0.1.csv
OOS Period (2022-09-19 17:00:00+00:00 to 2022-10-10 16:00:00+00:00): PnL: $-185.60 | Sharpe: -6.2871 | Calmar: -11.0668 | Trades: 41

--- Window 44 Boundary Check ---
IS Period RTH Bars: 228. Start: 2022-08-16 17:00:00+00:00 | End: 2022-10-10 16:00:00+00:00
OOS Start Bar Index: 4162 | Time: 2022-10-10 17:00:00+00:00
ADF Test Result: p-value=0.6567 (Required < 0.10) | OLS Beta: 1.2581
Filter ON: Spread not stationary (p-value too high). Skipping optimization and OOS test.

--- Window 45 Boundary Check ---
IS Period RTH Bars: 228. Start: 2022-09-07 17:00:00+00:00 | End: 2022-10-31 16:00:00+00:00
OOS Start Bar Index: 4252 | Time: 2022-10-31 17:00:00+00:00
ADF Test Result: p-value=0.2988 (Required < 0.10) | OLS Beta: 1.0344
Filter ON: Spread not stationary (p-value too high). Skipping optimization and OOS test.

--- Window 46 Boundary Check ---
IS Period RTH Bars: 228. Start: 2022-09-28 17:00:00+00:00 | End: 2022-11-21 17:00:00+00:00
OOS Start Bar Index: 4342 | Time: 2022-11-21 18:00:00+00:00
ADF Test Result: p-value=0.1210 (Required < 0.10) | OLS Beta: 0.7569
Filter ON: Spread not stationary (p-value too high). Skipping optimization and OOS test.

--- Window 47 Boundary Check ---
IS Period RTH Bars: 228. Start: 2022-10-19 17:00:00+00:00 | End: 2022-12-13 19:00:00+00:00
OOS Start Bar Index: 4432 | Time: 2022-12-13 20:00:00+00:00
ADF Test Result: p-value=0.7668 (Required < 0.10) | OLS Beta: 0.4969
Filter ON: Spread not stationary (p-value too high). Skipping optimization and OOS test.

--- Window 48 Boundary Check ---
IS Period RTH Bars: 228. Start: 2022-11-09 18:00:00+00:00 | End: 2023-01-05 19:00:00+00:00
OOS Start Bar Index: 4522 | Time: 2023-01-05 20:00:00+00:00
ADF Test Result: p-value=0.8301 (Required < 0.10) | OLS Beta: 0.4694
Filter ON: Spread not stationary (p-value too high). Skipping optimization and OOS test.

--- Window 49 Boundary Check ---
IS Period RTH Bars: 228. Start: 2022-12-01 20:00:00+00:00 | End: 2023-01-27 19:00:00+00:00
OOS Start Bar Index: 4612 | Time: 2023-01-27 20:00:00+00:00
ADF Test Result: p-value=0.2469 (Required < 0.10) | OLS Beta: 1.1426
Filter ON: Spread not stationary (p-value too high). Skipping optimization and OOS test.

--- Window 50 Boundary Check ---
IS Period RTH Bars: 228. Start: 2022-12-22 20:00:00+00:00 | End: 2023-02-17 19:00:00+00:00
OOS Start Bar Index: 4702 | Time: 2023-02-17 20:00:00+00:00
ADF Test Result: p-value=0.4197 (Required < 0.10) | OLS Beta: 1.0761
Filter ON: Spread not stationary (p-value too high). Skipping optimization and OOS test.

--- Window 51 Boundary Check ---
IS Period RTH Bars: 228. Start: 2023-01-17 20:00:00+00:00 | End: 2023-03-13 18:00:00+00:00
OOS Start Bar Index: 4792 | Time: 2023-03-13 19:00:00+00:00
ADF Test Result: p-value=0.1779 (Required < 0.10) | OLS Beta: 0.9714
Filter ON: Spread not stationary (p-value too high). Skipping optimization and OOS test.

--- Window 52 Boundary Check ---
IS Period RTH Bars: 228. Start: 2023-02-07 20:00:00+00:00 | End: 2023-04-03 18:00:00+00:00
OOS Start Bar Index: 4882 | Time: 2023-04-03 19:00:00+00:00
ADF Test Result: p-value=0.0925 (Required < 0.10) | OLS Beta: 1.3466
Filter OFF: Spread is stationary. Proceeding with optimization.
IS Optimization Time: 0.10 seconds.
Optimal Params (Sharpe=3.1139, Calmar=13.4225): Z_E=1.9, Z_X=0.7, Z_SL=3.3
📊 Persistence: Saved 112 PnL points to wfa_outputs\oos_equity_curve_USB_PNC_1h_20251105_184031_0.1.csv
OOS Period (2023-04-03 19:00:00+00:00 to 2023-04-25 18:00:00+00:00): PnL: $10.19 | Sharpe: 0.1619 | Calmar: 1.1633 | Trades: 5

--- Window 53 Boundary Check ---
IS Period RTH Bars: 228. Start: 2023-03-01 20:00:00+00:00 | End: 2023-04-25 18:00:00+00:00
OOS Start Bar Index: 4972 | Time: 2023-04-25 19:00:00+00:00
ADF Test Result: p-value=0.7265 (Required < 0.10) | OLS Beta: 1.3667
Filter ON: Spread not stationary (p-value too high). Skipping optimization and OOS test.

--- Window 54 Boundary Check ---
IS Period RTH Bars: 228. Start: 2023-03-22 19:00:00+00:00 | End: 2023-05-16 18:00:00+00:00
OOS Start Bar Index: 5062 | Time: 2023-05-16 19:00:00+00:00
ADF Test Result: p-value=0.6359 (Required < 0.10) | OLS Beta: 1.2890
Filter ON: Spread not stationary (p-value too high). Skipping optimization and OOS test.

--- Window 55 Boundary Check ---
IS Period RTH Bars: 228. Start: 2023-04-13 19:00:00+00:00 | End: 2023-06-07 18:00:00+00:00
OOS Start Bar Index: 5152 | Time: 2023-06-07 19:00:00+00:00
ADF Test Result: p-value=0.0160 (Required < 0.10) | OLS Beta: 1.1516
Filter OFF: Spread is stationary. Proceeding with optimization.
IS Optimization Time: 0.08 seconds.
Optimal Params (Sharpe=5.2775, Calmar=0.0000): Z_E=1.9, Z_X=1.5, Z_SL=3.6
📊 Persistence: Saved 112 PnL points to wfa_outputs\oos_equity_curve_USB_PNC_1h_20251105_184031_0.1.csv
OOS Period (2023-06-07 19:00:00+00:00 to 2023-06-29 18:00:00+00:00): PnL: $0.00 | Sharpe: 0.0000 | Calmar: 0.0000 | Trades: 0

--- Window 56 Boundary Check ---
IS Period RTH Bars: 228. Start: 2023-05-04 19:00:00+00:00 | End: 2023-06-29 18:00:00+00:00
OOS Start Bar Index: 5242 | Time: 2023-06-29 19:00:00+00:00
ADF Test Result: p-value=0.0160 (Required < 0.10) | OLS Beta: 1.0032
Filter OFF: Spread is stationary. Proceeding with optimization.
IS Optimization Time: 0.05 seconds.
Optimal Params (Sharpe=2.5752, Calmar=0.0000): Z_E=2.7, Z_X=1.3, Z_SL=3.3
📊 Persistence: Saved 146 PnL points to wfa_outputs\oos_equity_curve_USB_PNC_1h_20251105_184031_0.1.csv
OOS Period (2023-06-29 19:00:00+00:00 to 2023-07-21 19:00:00+00:00): PnL: $-96.05 | Sharpe: -3.5683 | Calmar: -9.9813 | Trades: 34

--- Window 57 Boundary Check ---
IS Period RTH Bars: 228. Start: 2023-05-25 19:00:00+00:00 | End: 2023-07-21 19:00:00+00:00
OOS Start Bar Index: 5332 | Time: 2023-07-24 14:00:00+00:00
ADF Test Result: p-value=0.4534 (Required < 0.10) | OLS Beta: 1.7649
Filter ON: Spread not stationary (p-value too high). Skipping optimization and OOS test.

--- Window 58 Boundary Check ---
IS Period RTH Bars: 228. Start: 2023-06-16 19:00:00+00:00 | End: 2023-08-11 19:00:00+00:00
OOS Start Bar Index: 5422 | Time: 2023-08-14 14:00:00+00:00
ADF Test Result: p-value=0.3680 (Required < 0.10) | OLS Beta: 2.0369
Filter ON: Spread not stationary (p-value too high). Skipping optimization and OOS test.

--- Window 59 Boundary Check ---
IS Period RTH Bars: 228. Start: 2023-07-12 14:00:00+00:00 | End: 2023-09-01 19:00:00+00:00
OOS Start Bar Index: 5512 | Time: 2023-09-05 14:00:00+00:00
ADF Test Result: p-value=0.1887 (Required < 0.10) | OLS Beta: 0.6688
Filter ON: Spread not stationary (p-value too high). Skipping optimization and OOS test.

--- Window 60 Boundary Check ---
IS Period RTH Bars: 228. Start: 2023-08-02 14:00:00+00:00 | End: 2023-09-25 19:00:00+00:00
OOS Start Bar Index: 5602 | Time: 2023-09-26 14:00:00+00:00
ADF Test Result: p-value=0.9343 (Required < 0.10) | OLS Beta: 0.8503
Filter ON: Spread not stationary (p-value too high). Skipping optimization and OOS test.

--- Window 61 Boundary Check ---
IS Period RTH Bars: 228. Start: 2023-08-23 14:00:00+00:00 | End: 2023-10-16 19:00:00+00:00
OOS Start Bar Index: 5692 | Time: 2023-10-17 14:00:00+00:00
ADF Test Result: p-value=0.6738 (Required < 0.10) | OLS Beta: -0.0234
Filter ON: Spread not stationary (p-value too high). Skipping optimization and OOS test.

--- Window 62 Boundary Check ---
IS Period RTH Bars: 228. Start: 2023-09-14 14:00:00+00:00 | End: 2023-11-06 20:00:00+00:00
OOS Start Bar Index: 5782 | Time: 2023-11-07 15:00:00+00:00
ADF Test Result: p-value=0.5156 (Required < 0.10) | OLS Beta: 0.8873
Filter ON: Spread not stationary (p-value too high). Skipping optimization and OOS test.

--- Window 63 Boundary Check ---
IS Period RTH Bars: 228. Start: 2023-10-05 14:00:00+00:00 | End: 2023-11-29 16:00:00+00:00
OOS Start Bar Index: 5872 | Time: 2023-11-29 17:00:00+00:00
ADF Test Result: p-value=0.1352 (Required < 0.10) | OLS Beta: 1.2295
Filter ON: Spread not stationary (p-value too high). Skipping optimization and OOS test.

--- Window 64 Boundary Check ---
IS Period RTH Bars: 228. Start: 2023-10-26 14:00:00+00:00 | End: 2023-12-20 16:00:00+00:00
OOS Start Bar Index: 5962 | Time: 2023-12-20 17:00:00+00:00
ADF Test Result: p-value=0.6140 (Required < 0.10) | OLS Beta: 1.0944
Filter ON: Spread not stationary (p-value too high). Skipping optimization and OOS test.

--- Window 65 Boundary Check ---
IS Period RTH Bars: 228. Start: 2023-11-16 15:00:00+00:00 | End: 2024-01-12 16:00:00+00:00
OOS Start Bar Index: 6052 | Time: 2024-01-12 17:00:00+00:00
ADF Test Result: p-value=0.1253 (Required < 0.10) | OLS Beta: 0.9570
Filter ON: Spread not stationary (p-value too high). Skipping optimization and OOS test.

--- Window 66 Boundary Check ---
IS Period RTH Bars: 228. Start: 2023-12-08 17:00:00+00:00 | End: 2024-02-05 16:00:00+00:00
OOS Start Bar Index: 6142 | Time: 2024-02-05 17:00:00+00:00
ADF Test Result: p-value=0.1978 (Required < 0.10) | OLS Beta: 0.9686
Filter ON: Spread not stationary (p-value too high). Skipping optimization and OOS test.

--- Window 67 Boundary Check ---
IS Period RTH Bars: 228. Start: 2024-01-02 17:00:00+00:00 | End: 2024-02-27 16:00:00+00:00
OOS Start Bar Index: 6232 | Time: 2024-02-27 17:00:00+00:00
ADF Test Result: p-value=0.1477 (Required < 0.10) | OLS Beta: 1.3301
Filter ON: Spread not stationary (p-value too high). Skipping optimization and OOS test.

--- Window 68 Boundary Check ---
IS Period RTH Bars: 228. Start: 2024-01-24 17:00:00+00:00 | End: 2024-03-19 15:00:00+00:00
OOS Start Bar Index: 6322 | Time: 2024-03-19 16:00:00+00:00
ADF Test Result: p-value=0.2698 (Required < 0.10) | OLS Beta: 1.1648
Filter ON: Spread not stationary (p-value too high). Skipping optimization and OOS test.

--- Window 69 Boundary Check ---
IS Period RTH Bars: 228. Start: 2024-02-14 17:00:00+00:00 | End: 2024-04-10 15:00:00+00:00
OOS Start Bar Index: 6412 | Time: 2024-04-10 16:00:00+00:00
ADF Test Result: p-value=0.0582 (Required < 0.10) | OLS Beta: 0.8102
Filter OFF: Spread is stationary. Proceeding with optimization.
IS Optimization Time: 0.08 seconds.
Optimal Params (Sharpe=5.1628, Calmar=61.8142): Z_E=1.9, Z_X=1.3, Z_SL=3.3
📊 Persistence: Saved 177 PnL points to wfa_outputs\oos_equity_curve_USB_PNC_1h_20251105_184031_0.1.csv
OOS Period (2024-04-10 16:00:00+00:00 to 2024-05-01 15:00:00+00:00): PnL: $-34.82 | Sharpe: -1.1237 | Calmar: -3.7403 | Trades: 31

--- Window 70 Boundary Check ---
IS Period RTH Bars: 228. Start: 2024-03-07 17:00:00+00:00 | End: 2024-05-01 15:00:00+00:00
OOS Start Bar Index: 6502 | Time: 2024-05-01 16:00:00+00:00
ADF Test Result: p-value=0.6839 (Required < 0.10) | OLS Beta: 0.5768
Filter ON: Spread not stationary (p-value too high). Skipping optimization and OOS test.

--- Window 71 Boundary Check ---
IS Period RTH Bars: 228. Start: 2024-03-28 16:00:00+00:00 | End: 2024-05-22 15:00:00+00:00
OOS Start Bar Index: 6592 | Time: 2024-05-22 16:00:00+00:00
ADF Test Result: p-value=0.2254 (Required < 0.10) | OLS Beta: 0.6469
Filter ON: Spread not stationary (p-value too high). Skipping optimization and OOS test.

--- Window 72 Boundary Check ---
IS Period RTH Bars: 228. Start: 2024-04-19 16:00:00+00:00 | End: 2024-06-13 15:00:00+00:00
OOS Start Bar Index: 6682 | Time: 2024-06-13 16:00:00+00:00
ADF Test Result: p-value=0.2652 (Required < 0.10) | OLS Beta: 1.2795
Filter ON: Spread not stationary (p-value too high). Skipping optimization and OOS test.

--- Window 73 Boundary Check ---
IS Period RTH Bars: 228. Start: 2024-05-10 16:00:00+00:00 | End: 2024-07-08 16:00:00+00:00
OOS Start Bar Index: 6772 | Time: 2024-07-08 17:00:00+00:00
ADF Test Result: p-value=0.2284 (Required < 0.10) | OLS Beta: 1.1000
Filter ON: Spread not stationary (p-value too high). Skipping optimization and OOS test.

--- Window 74 Boundary Check ---
IS Period RTH Bars: 228. Start: 2024-06-03 16:00:00+00:00 | End: 2024-07-29 16:00:00+00:00
OOS Start Bar Index: 6862 | Time: 2024-07-29 17:00:00+00:00
ADF Test Result: p-value=0.0761 (Required < 0.10) | OLS Beta: 0.8956
Filter OFF: Spread is stationary. Proceeding with optimization.
IS Optimization Time: 0.09 seconds.
Optimal Params (Sharpe=4.1434, Calmar=133.1162): Z_E=2.3, Z_X=0.7, Z_SL=3.3
📊 Persistence: Saved 178 PnL points to wfa_outputs\oos_equity_curve_USB_PNC_1h_20251105_184031_0.1.csv
OOS Period (2024-07-29 17:00:00+00:00 to 2024-08-19 16:00:00+00:00): PnL: $112.12 | Sharpe: 4.1217 | Calmar: 0.0000 | Trades: 1

--- Window 75 Boundary Check ---
IS Period RTH Bars: 228. Start: 2024-06-25 16:00:00+00:00 | End: 2024-08-19 16:00:00+00:00
OOS Start Bar Index: 6952 | Time: 2024-08-19 17:00:00+00:00
ADF Test Result: p-value=0.1204 (Required < 0.10) | OLS Beta: 0.8749
Filter ON: Spread not stationary (p-value too high). Skipping optimization and OOS test.

--- Window 76 Boundary Check ---
IS Period RTH Bars: 228. Start: 2024-07-17 17:00:00+00:00 | End: 2024-09-10 16:00:00+00:00
OOS Start Bar Index: 7042 | Time: 2024-09-10 17:00:00+00:00
ADF Test Result: p-value=0.0465 (Required < 0.10) | OLS Beta: 1.1950
Filter OFF: Spread is stationary. Proceeding with optimization.
IS Optimization Time: 0.09 seconds.
Optimal Params (Sharpe=2.9857, Calmar=279.9697): Z_E=2.7, Z_X=0.5, Z_SL=3.3
📊 Persistence: Saved 182 PnL points to wfa_outputs\oos_equity_curve_USB_PNC_1h_20251105_184031_0.1.csv
OOS Period (2024-09-10 17:00:00+00:00 to 2024-10-01 16:00:00+00:00): PnL: $38.77 | Sharpe: 2.2489 | Calmar: 25.6575 | Trades: 4

--- Window 77 Boundary Check ---
IS Period RTH Bars: 228. Start: 2024-08-07 17:00:00+00:00 | End: 2024-10-01 16:00:00+00:00
OOS Start Bar Index: 7132 | Time: 2024-10-01 17:00:00+00:00
ADF Test Result: p-value=0.1495 (Required < 0.10) | OLS Beta: 1.0004
Filter ON: Spread not stationary (p-value too high). Skipping optimization and OOS test.

--- Window 78 Boundary Check ---
IS Period RTH Bars: 228. Start: 2024-08-28 17:00:00+00:00 | End: 2024-10-22 16:00:00+00:00
OOS Start Bar Index: 7222 | Time: 2024-10-22 17:00:00+00:00
ADF Test Result: p-value=0.4452 (Required < 0.10) | OLS Beta: 1.2625
Filter ON: Spread not stationary (p-value too high). Skipping optimization and OOS test.

--- Window 79 Boundary Check ---
IS Period RTH Bars: 228. Start: 2024-09-19 17:00:00+00:00 | End: 2024-11-12 17:00:00+00:00
OOS Start Bar Index: 7312 | Time: 2024-11-12 18:00:00+00:00
ADF Test Result: p-value=0.6914 (Required < 0.10) | OLS Beta: 1.0043
Filter ON: Spread not stationary (p-value too high). Skipping optimization and OOS test.

--- Window 80 Boundary Check ---
IS Period RTH Bars: 228. Start: 2024-10-10 17:00:00+00:00 | End: 2024-12-04 19:00:00+00:00
OOS Start Bar Index: 7402 | Time: 2024-12-04 20:00:00+00:00
ADF Test Result: p-value=0.0330 (Required < 0.10) | OLS Beta: 0.7023
Filter OFF: Spread is stationary. Proceeding with optimization.
IS Optimization Time: 0.09 seconds.
Optimal Params (Sharpe=2.7948, Calmar=543.3236): Z_E=2.7, Z_X=0.7, Z_SL=3.3
📊 Persistence: Saved 182 PnL points to wfa_outputs\oos_equity_curve_USB_PNC_1h_20251105_184031_0.1.csv
OOS Period (2024-12-04 20:00:00+00:00 to 2024-12-27 15:00:00+00:00): PnL: $0.00 | Sharpe: 0.0000 | Calmar: 0.0000 | Trades: 0

--- Window 81 Boundary Check ---
IS Period RTH Bars: 228. Start: 2024-10-31 17:00:00+00:00 | End: 2024-12-27 15:00:00+00:00
OOS Start Bar Index: 7492 | Time: 2024-12-27 16:00:00+00:00
ADF Test Result: p-value=0.1976 (Required < 0.10) | OLS Beta: 0.7944
Filter ON: Spread not stationary (p-value too high). Skipping optimization and OOS test.

############################################################
📈 OVERALL SIMULATION PERFORMANCE (Walk-Forward Test)
############################################################
Timeframe Used: 1Hour, Value: 1
ADF Cointegration Filter Threshold: 0.1
Total OOS Windows Tested: 81
Total Trades Executed: 182
--- Final Performance Metrics ---
Total PnL: $-12.36
Overall Sharpe Ratio (Annualized): -0.0046
Overall Calmar Ratio (Annualized): -0.0012
Maximum Dollar Drawdown (MDD): $440.00

--- Execution Time ---
Total Elapsed Time: 38.94 seconds
############################################################
[0m