--- Dynamic Timeframe Configuration ---
TimeFrame Selected: 1Min, Value: 1
Bars per Trading Day: 390
Annualization Factor (Bars/Year): 98280
Statistical Lookback Bars: 2184
Optimization Lookback Bars: 19032
---------------------------------------
--- Diagnostic Check ---
API Key ID Length: 26
API Secret Key Length: 44
StockHistoricalDataClient initialized successfully. Starting data fetch...
--------------------------
Pre-compiling Numba function for first run optimization...
Numba pre-compilation complete.
Fetching data from 2020-01-01 to 2024-12-30...
Fetching 1Min data for USB...
Fetching 1Min data for PNC...
Data acquired successfully. Total 1Min RTH bars: 478398
Skipping full pre-calculation. Metrics will be calculated inside the WFA loop.

============================================================
📈 Starting Rolling Backtest: IS Optimization Window=19032 bars, Shift=15 days
   Data already processed with Statistical Rolling Window: 2184 bars
   ADF Cointegration Filter: p-value < 0.05
============================================================

--- Window 1 Boundary Check ---
IS Period RTH Bars: 14666. Start: 2020-01-17 16:06:00+00:00 | End: 2020-03-13 14:30:00+00:00
OOS Start Bar Index: 19032 | Time: 2020-03-13 14:31:00+00:00
ADF Test Result: p-value=0.9773 (Required < 0.05) | OLS Beta: 1.0033
Filter ON: Spread not stationary (p-value too high). Skipping optimization and OOS test.

--- Window 2 Boundary Check ---
IS Period RTH Bars: 14666. Start: 2020-02-10 16:38:00+00:00 | End: 2020-04-03 15:07:00+00:00
OOS Start Bar Index: 24882 | Time: 2020-04-03 15:08:00+00:00
ADF Test Result: p-value=0.0039 (Required < 0.05) | OLS Beta: 1.0043
Filter OFF: Spread is stationary. Proceeding with optimization.
IS Optimization Time: 0.17 seconds.
Optimal Params (Sharpe=4.2964, Calmar=24.1665): Z_E=2.5, Z_X=1.5, Z_SL=4.8
📊 Persistence: Saved 1 PnL points to wfa_outputs\oos_equity_curve_USB_PNC_1m_20251105_184256_0.05.csv
OOS Period (2020-04-03 15:08:00+00:00 to 2020-04-27 15:12:00+00:00): PnL: $78.65 | Sharpe: 4.0991 | Calmar: 0.0000 | Trades: 1

--- Window 3 Boundary Check ---
IS Period RTH Bars: 14666. Start: 2020-03-03 17:28:00+00:00 | End: 2020-04-27 15:12:00+00:00
OOS Start Bar Index: 30732 | Time: 2020-04-27 15:13:00+00:00
ADF Test Result: p-value=0.0950 (Required < 0.05) | OLS Beta: 0.9703
Filter ON: Spread not stationary (p-value too high). Skipping optimization and OOS test.

--- Window 4 Boundary Check ---
IS Period RTH Bars: 14666. Start: 2020-03-24 17:40:00+00:00 | End: 2020-05-18 15:43:00+00:00
OOS Start Bar Index: 36582 | Time: 2020-05-18 15:44:00+00:00
ADF Test Result: p-value=0.7439 (Required < 0.05) | OLS Beta: 0.6924
Filter ON: Spread not stationary (p-value too high). Skipping optimization and OOS test.

--- Window 5 Boundary Check ---
IS Period RTH Bars: 14666. Start: 2020-04-15 17:45:00+00:00 | End: 2020-06-09 15:46:00+00:00
OOS Start Bar Index: 42432 | Time: 2020-06-09 15:47:00+00:00
ADF Test Result: p-value=0.1421 (Required < 0.05) | OLS Beta: 0.8981
Filter ON: Spread not stationary (p-value too high). Skipping optimization and OOS test.

--- Window 6 Boundary Check ---
IS Period RTH Bars: 14666. Start: 2020-05-06 18:05:00+00:00 | End: 2020-06-30 15:50:00+00:00
OOS Start Bar Index: 48282 | Time: 2020-06-30 15:51:00+00:00
ADF Test Result: p-value=0.8568 (Required < 0.05) | OLS Beta: 1.0119
Filter ON: Spread not stationary (p-value too high). Skipping optimization and OOS test.

--- Window 7 Boundary Check ---
IS Period RTH Bars: 14666. Start: 2020-05-28 18:18:00+00:00 | End: 2020-07-22 15:56:00+00:00
OOS Start Bar Index: 54132 | Time: 2020-07-22 15:57:00+00:00
ADF Test Result: p-value=0.0564 (Required < 0.05) | OLS Beta: 0.5363
Filter ON: Spread not stationary (p-value too high). Skipping optimization and OOS test.

--- Window 8 Boundary Check ---
IS Period RTH Bars: 14666. Start: 2020-06-18 18:24:00+00:00 | End: 2020-08-12 16:43:00+00:00
OOS Start Bar Index: 59982 | Time: 2020-08-12 16:44:00+00:00
ADF Test Result: p-value=0.0276 (Required < 0.05) | OLS Beta: 0.5498
Filter OFF: Spread is stationary. Proceeding with optimization.
IS Optimization Time: 0.15 seconds.
Optimal Params (Sharpe=6.7505, Calmar=89.6460): Z_E=2.5, Z_X=0.9, Z_SL=4.5
📊 Persistence: Saved 2 PnL points to wfa_outputs\oos_equity_curve_USB_PNC_1m_20251105_184256_0.05.csv
OOS Period (2020-08-12 16:44:00+00:00 to 2020-09-02 17:42:00+00:00): PnL: $111.96 | Sharpe: 4.0991 | Calmar: 0.0000 | Trades: 1

--- Window 9 Boundary Check ---
IS Period RTH Bars: 14666. Start: 2020-07-10 18:29:00+00:00 | End: 2020-09-02 17:42:00+00:00
OOS Start Bar Index: 65832 | Time: 2020-09-02 17:43:00+00:00
ADF Test Result: p-value=0.0330 (Required < 0.05) | OLS Beta: 0.2937
Filter OFF: Spread is stationary. Proceeding with optimization.
IS Optimization Time: 0.17 seconds.
Optimal Params (Sharpe=5.1002, Calmar=68.9071): Z_E=2.7, Z_X=0.9, Z_SL=4.5
📊 Persistence: Saved 3 PnL points to wfa_outputs\oos_equity_curve_USB_PNC_1m_20251105_184256_0.05.csv
OOS Period (2020-09-02 17:43:00+00:00 to 2020-09-24 18:35:00+00:00): PnL: $15.21 | Sharpe: 4.0991 | Calmar: 0.0000 | Trades: 1

--- Window 10 Boundary Check ---
IS Period RTH Bars: 14666. Start: 2020-07-31 18:51:00+00:00 | End: 2020-09-24 18:35:00+00:00
OOS Start Bar Index: 71682 | Time: 2020-09-24 18:36:00+00:00
ADF Test Result: p-value=0.2351 (Required < 0.05) | OLS Beta: 0.7824
Filter ON: Spread not stationary (p-value too high). Skipping optimization and OOS test.

--- Window 11 Boundary Check ---
IS Period RTH Bars: 14666. Start: 2020-08-21 19:48:00+00:00 | End: 2020-10-15 19:04:00+00:00
OOS Start Bar Index: 77532 | Time: 2020-10-15 19:05:00+00:00
ADF Test Result: p-value=0.9716 (Required < 0.05) | OLS Beta: 1.0985
Filter ON: Spread not stationary (p-value too high). Skipping optimization and OOS test.

--- Window 12 Boundary Check ---
IS Period RTH Bars: 14666. Start: 2020-09-15 14:27:00+00:00 | End: 2020-11-05 20:46:00+00:00
OOS Start Bar Index: 83382 | Time: 2020-11-05 20:47:00+00:00
ADF Test Result: p-value=0.3598 (Required < 0.05) | OLS Beta: 1.2260
Filter ON: Spread not stationary (p-value too high). Skipping optimization and OOS test.

--- Window 13 Boundary Check ---
IS Period RTH Bars: 14666. Start: 2020-10-06 14:56:00+00:00 | End: 2020-11-30 17:27:00+00:00
OOS Start Bar Index: 89232 | Time: 2020-11-30 17:28:00+00:00
ADF Test Result: p-value=0.3276 (Required < 0.05) | OLS Beta: 0.6980
Filter ON: Spread not stationary (p-value too high). Skipping optimization and OOS test.

--- Window 14 Boundary Check ---
IS Period RTH Bars: 14666. Start: 2020-10-27 15:39:00+00:00 | End: 2020-12-21 18:48:00+00:00
OOS Start Bar Index: 95082 | Time: 2020-12-21 18:49:00+00:00
ADF Test Result: p-value=0.2711 (Required < 0.05) | OLS Beta: 0.5783
Filter ON: Spread not stationary (p-value too high). Skipping optimization and OOS test.

--- Window 15 Boundary Check ---
IS Period RTH Bars: 14666. Start: 2020-11-17 17:02:00+00:00 | End: 2021-01-14 17:29:00+00:00
OOS Start Bar Index: 100932 | Time: 2021-01-14 17:31:00+00:00
ADF Test Result: p-value=0.0020 (Required < 0.05) | OLS Beta: 0.7321
Filter OFF: Spread is stationary. Proceeding with optimization.
IS Optimization Time: 0.14 seconds.
Optimal Params (Sharpe=-2.4705, Calmar=-4.2624): Z_E=3.1, Z_X=0.9, Z_SL=3.3
📊 Persistence: Saved 1490 PnL points to wfa_outputs\oos_equity_curve_USB_PNC_1m_20251105_184256_0.05.csv
OOS Period (2021-01-14 17:31:00+00:00 to 2021-02-05 18:24:00+00:00): PnL: $-17.57 | Sharpe: -0.4167 | Calmar: -2.0282 | Trades: 1487

--- Window 16 Boundary Check ---
IS Period RTH Bars: 14666. Start: 2020-12-09 20:39:00+00:00 | End: 2021-02-05 18:24:00+00:00
OOS Start Bar Index: 106782 | Time: 2021-02-05 18:25:00+00:00
ADF Test Result: p-value=0.6490 (Required < 0.05) | OLS Beta: 0.7986
Filter ON: Spread not stationary (p-value too high). Skipping optimization and OOS test.

--- Window 17 Boundary Check ---
IS Period RTH Bars: 14666. Start: 2021-01-04 19:49:00+00:00 | End: 2021-03-01 19:41:00+00:00
OOS Start Bar Index: 112632 | Time: 2021-03-01 19:42:00+00:00
ADF Test Result: p-value=0.3540 (Required < 0.05) | OLS Beta: 0.8799
Filter ON: Spread not stationary (p-value too high). Skipping optimization and OOS test.

--- Window 18 Boundary Check ---
IS Period RTH Bars: 14666. Start: 2021-01-26 20:23:00+00:00 | End: 2021-03-22 19:31:00+00:00
OOS Start Bar Index: 118482 | Time: 2021-03-22 19:32:00+00:00
ADF Test Result: p-value=0.7087 (Required < 0.05) | OLS Beta: 1.0889
Filter ON: Spread not stationary (p-value too high). Skipping optimization and OOS test.

--- Window 19 Boundary Check ---
IS Period RTH Bars: 14666. Start: 2021-02-18 15:15:00+00:00 | End: 2021-04-14 14:53:00+00:00
OOS Start Bar Index: 124332 | Time: 2021-04-14 14:54:00+00:00
ADF Test Result: p-value=0.4808 (Required < 0.05) | OLS Beta: 1.5846
Filter ON: Spread not stationary (p-value too high). Skipping optimization and OOS test.

--- Window 20 Boundary Check ---
IS Period RTH Bars: 14666. Start: 2021-03-11 16:13:00+00:00 | End: 2021-05-06 16:03:00+00:00
OOS Start Bar Index: 130182 | Time: 2021-05-06 16:04:00+00:00
ADF Test Result: p-value=0.2417 (Required < 0.05) | OLS Beta: 0.9348
Filter ON: Spread not stationary (p-value too high). Skipping optimization and OOS test.

--- Window 21 Boundary Check ---
IS Period RTH Bars: 14666. Start: 2021-04-01 16:18:00+00:00 | End: 2021-05-27 18:15:00+00:00
OOS Start Bar Index: 136032 | Time: 2021-05-27 18:16:00+00:00
ADF Test Result: p-value=0.0001 (Required < 0.05) | OLS Beta: 0.6727
Filter OFF: Spread is stationary. Proceeding with optimization.
IS Optimization Time: 0.14 seconds.
Optimal Params (Sharpe=8.0606, Calmar=61.7637): Z_E=1.9, Z_X=0.7, Z_SL=4.8
📊 Persistence: Saved 1895 PnL points to wfa_outputs\oos_equity_curve_USB_PNC_1m_20251105_184256_0.05.csv
OOS Period (2021-05-27 18:16:00+00:00 to 2021-06-21 14:53:00+00:00): PnL: $-39.39 | Sharpe: -1.1570 | Calmar: -3.4011 | Trades: 405

--- Window 22 Boundary Check ---
IS Period RTH Bars: 14666. Start: 2021-04-26 17:53:00+00:00 | End: 2021-06-21 14:53:00+00:00
OOS Start Bar Index: 141882 | Time: 2021-06-21 14:54:00+00:00
ADF Test Result: p-value=0.3285 (Required < 0.05) | OLS Beta: 0.9251
Filter ON: Spread not stationary (p-value too high). Skipping optimization and OOS test.

--- Window 23 Boundary Check ---
IS Period RTH Bars: 14666. Start: 2021-05-17 19:42:00+00:00 | End: 2021-07-13 17:10:00+00:00
OOS Start Bar Index: 147732 | Time: 2021-07-13 17:11:00+00:00
ADF Test Result: p-value=0.4777 (Required < 0.05) | OLS Beta: 1.3338
Filter ON: Spread not stationary (p-value too high). Skipping optimization and OOS test.

--- Window 24 Boundary Check ---
IS Period RTH Bars: 14666. Start: 2021-06-09 16:28:00+00:00 | End: 2021-08-04 15:03:00+00:00
OOS Start Bar Index: 153582 | Time: 2021-08-04 15:04:00+00:00
ADF Test Result: p-value=0.4407 (Required < 0.05) | OLS Beta: 0.8589
Filter ON: Spread not stationary (p-value too high). Skipping optimization and OOS test.

--- Window 25 Boundary Check ---
IS Period RTH Bars: 14666. Start: 2021-06-30 18:55:00+00:00 | End: 2021-08-25 18:18:00+00:00
OOS Start Bar Index: 159432 | Time: 2021-08-25 18:19:00+00:00
ADF Test Result: p-value=0.2565 (Required < 0.05) | OLS Beta: 0.7801
Filter ON: Spread not stationary (p-value too high). Skipping optimization and OOS test.

--- Window 26 Boundary Check ---
IS Period RTH Bars: 14666. Start: 2021-07-23 13:52:00+00:00 | End: 2021-09-16 19:27:00+00:00
OOS Start Bar Index: 165282 | Time: 2021-09-16 19:28:00+00:00
ADF Test Result: p-value=0.4177 (Required < 0.05) | OLS Beta: 0.5473
Filter ON: Spread not stationary (p-value too high). Skipping optimization and OOS test.

--- Window 27 Boundary Check ---
IS Period RTH Bars: 14666. Start: 2021-08-13 18:46:00+00:00 | End: 2021-10-08 15:28:00+00:00
OOS Start Bar Index: 171132 | Time: 2021-10-08 15:29:00+00:00
ADF Test Result: p-value=0.5308 (Required < 0.05) | OLS Beta: 1.2482
Filter ON: Spread not stationary (p-value too high). Skipping optimization and OOS test.

--- Window 28 Boundary Check ---
IS Period RTH Bars: 14666. Start: 2021-09-07 14:50:00+00:00 | End: 2021-11-01 17:41:00+00:00
OOS Start Bar Index: 176982 | Time: 2021-11-01 17:42:00+00:00
ADF Test Result: p-value=0.5399 (Required < 0.05) | OLS Beta: 0.7417
Filter ON: Spread not stationary (p-value too high). Skipping optimization and OOS test.

--- Window 29 Boundary Check ---
IS Period RTH Bars: 14666. Start: 2021-09-28 17:04:00+00:00 | End: 2021-11-23 15:14:00+00:00
OOS Start Bar Index: 182832 | Time: 2021-11-23 15:15:00+00:00
ADF Test Result: p-value=0.1550 (Required < 0.05) | OLS Beta: 0.2409
Filter ON: Spread not stationary (p-value too high). Skipping optimization and OOS test.

--- Window 30 Boundary Check ---
IS Period RTH Bars: 14666. Start: 2021-10-19 19:00:00+00:00 | End: 2021-12-15 20:48:00+00:00
OOS Start Bar Index: 188682 | Time: 2021-12-15 20:49:00+00:00
ADF Test Result: p-value=0.1616 (Required < 0.05) | OLS Beta: 1.1284
Filter ON: Spread not stationary (p-value too high). Skipping optimization and OOS test.

--- Window 31 Boundary Check ---
IS Period RTH Bars: 14666. Start: 2021-11-11 16:07:00+00:00 | End: 2022-01-07 20:13:00+00:00
OOS Start Bar Index: 194532 | Time: 2022-01-07 20:14:00+00:00
ADF Test Result: p-value=0.2190 (Required < 0.05) | OLS Beta: 0.7508
Filter ON: Spread not stationary (p-value too high). Skipping optimization and OOS test.

--- Window 32 Boundary Check ---
IS Period RTH Bars: 14666. Start: 2021-12-06 15:01:00+00:00 | End: 2022-02-02 14:30:00+00:00
OOS Start Bar Index: 200382 | Time: 2022-02-02 14:31:00+00:00
ADF Test Result: p-value=0.0171 (Required < 0.05) | OLS Beta: 0.8231
Filter OFF: Spread is stationary. Proceeding with optimization.
IS Optimization Time: 0.15 seconds.
Optimal Params (Sharpe=3.9698, Calmar=13.6341): Z_E=2.9, Z_X=1.5, Z_SL=4.8
📊 Persistence: Saved 1895 PnL points to wfa_outputs\oos_equity_curve_USB_PNC_1m_20251105_184256_0.05.csv
OOS Period (2022-02-02 14:31:00+00:00 to 2022-02-24 16:03:00+00:00): PnL: $0.00 | Sharpe: 0.0000 | Calmar: 0.0000 | Trades: 0

--- Window 33 Boundary Check ---
IS Period RTH Bars: 14666. Start: 2021-12-28 19:57:00+00:00 | End: 2022-02-24 16:03:00+00:00
OOS Start Bar Index: 206232 | Time: 2022-02-24 16:04:00+00:00
ADF Test Result: p-value=0.0180 (Required < 0.05) | OLS Beta: 0.8893
Filter OFF: Spread is stationary. Proceeding with optimization.
IS Optimization Time: 0.13 seconds.
Optimal Params (Sharpe=4.3744, Calmar=12.5275): Z_E=1.9, Z_X=0.9, Z_SL=3.9
📊 Persistence: Saved 2057 PnL points to wfa_outputs\oos_equity_curve_USB_PNC_1m_20251105_184256_0.05.csv
OOS Period (2022-02-24 16:04:00+00:00 to 2022-03-18 15:21:00+00:00): PnL: $36.46 | Sharpe: 0.6150 | Calmar: 4.8188 | Trades: 162

--- Window 34 Boundary Check ---
IS Period RTH Bars: 14666. Start: 2022-01-20 16:59:00+00:00 | End: 2022-03-18 15:21:00+00:00
OOS Start Bar Index: 212082 | Time: 2022-03-18 15:22:00+00:00
ADF Test Result: p-value=0.0849 (Required < 0.05) | OLS Beta: 0.6784
Filter ON: Spread not stationary (p-value too high). Skipping optimization and OOS test.

--- Window 35 Boundary Check ---
IS Period RTH Bars: 14666. Start: 2022-02-11 18:08:00+00:00 | End: 2022-04-08 16:26:00+00:00
OOS Start Bar Index: 217932 | Time: 2022-04-08 16:27:00+00:00
ADF Test Result: p-value=0.1425 (Required < 0.05) | OLS Beta: 0.6920
Filter ON: Spread not stationary (p-value too high). Skipping optimization and OOS test.

--- Window 36 Boundary Check ---
IS Period RTH Bars: 14666. Start: 2022-03-07 18:48:00+00:00 | End: 2022-05-02 16:30:00+00:00
OOS Start Bar Index: 223782 | Time: 2022-05-02 16:31:00+00:00
ADF Test Result: p-value=0.0284 (Required < 0.05) | OLS Beta: 0.9088
Filter OFF: Spread is stationary. Proceeding with optimization.
IS Optimization Time: 0.14 seconds.
Optimal Params (Sharpe=2.8359, Calmar=12.4191): Z_E=3.1, Z_X=0.5, Z_SL=4.2
📊 Persistence: Saved 2655 PnL points to wfa_outputs\oos_equity_curve_USB_PNC_1m_20251105_184256_0.05.csv
OOS Period (2022-05-02 16:31:00+00:00 to 2022-05-23 16:50:00+00:00): PnL: $18.88 | Sharpe: 0.7465 | Calmar: 3.1487 | Trades: 598

--- Window 37 Boundary Check ---
IS Period RTH Bars: 14666. Start: 2022-03-29 18:44:00+00:00 | End: 2022-05-23 16:50:00+00:00
OOS Start Bar Index: 229632 | Time: 2022-05-23 16:51:00+00:00
ADF Test Result: p-value=0.2060 (Required < 0.05) | OLS Beta: 0.5889
Filter ON: Spread not stationary (p-value too high). Skipping optimization and OOS test.

--- Window 38 Boundary Check ---
IS Period RTH Bars: 14666. Start: 2022-04-20 19:01:00+00:00 | End: 2022-06-14 17:49:00+00:00
OOS Start Bar Index: 235482 | Time: 2022-06-14 17:50:00+00:00
ADF Test Result: p-value=0.8023 (Required < 0.05) | OLS Beta: 0.5887
Filter ON: Spread not stationary (p-value too high). Skipping optimization and OOS test.

--- Window 39 Boundary Check ---
IS Period RTH Bars: 14666. Start: 2022-05-11 19:15:00+00:00 | End: 2022-07-07 18:22:00+00:00
OOS Start Bar Index: 241332 | Time: 2022-07-07 18:23:00+00:00
ADF Test Result: p-value=0.8282 (Required < 0.05) | OLS Beta: 0.9788
Filter ON: Spread not stationary (p-value too high). Skipping optimization and OOS test.

--- Window 40 Boundary Check ---
IS Period RTH Bars: 14666. Start: 2022-06-02 19:35:00+00:00 | End: 2022-07-28 18:54:00+00:00
OOS Start Bar Index: 247182 | Time: 2022-07-28 18:55:00+00:00
ADF Test Result: p-value=0.5023 (Required < 0.05) | OLS Beta: 1.0594
Filter ON: Spread not stationary (p-value too high). Skipping optimization and OOS test.

--- Window 41 Boundary Check ---
IS Period RTH Bars: 14666. Start: 2022-06-27 14:11:00+00:00 | End: 2022-08-19 14:43:00+00:00
OOS Start Bar Index: 253032 | Time: 2022-08-19 14:44:00+00:00
ADF Test Result: p-value=0.0031 (Required < 0.05) | OLS Beta: 0.5386
Filter OFF: Spread is stationary. Proceeding with optimization.
IS Optimization Time: 0.14 seconds.
Optimal Params (Sharpe=7.3077, Calmar=96.5642): Z_E=1.9, Z_X=0.7, Z_SL=4.2
📊 Persistence: Saved 2657 PnL points to wfa_outputs\oos_equity_curve_USB_PNC_1m_20251105_184256_0.05.csv
OOS Period (2022-08-19 14:44:00+00:00 to 2022-09-12 16:05:00+00:00): PnL: $150.01 | Sharpe: 5.7742 | Calmar: 0.0000 | Trades: 2

--- Window 42 Boundary Check ---
IS Period RTH Bars: 14666. Start: 2022-07-19 14:36:00+00:00 | End: 2022-09-12 16:05:00+00:00
OOS Start Bar Index: 258882 | Time: 2022-09-12 16:06:00+00:00
ADF Test Result: p-value=0.0247 (Required < 0.05) | OLS Beta: 0.6223
Filter OFF: Spread is stationary. Proceeding with optimization.
IS Optimization Time: 0.14 seconds.
Optimal Params (Sharpe=6.8292, Calmar=222.2344): Z_E=1.9, Z_X=0.9, Z_SL=4.2
📊 Persistence: Saved 4300 PnL points to wfa_outputs\oos_equity_curve_USB_PNC_1m_20251105_184256_0.05.csv
OOS Period (2022-09-12 16:06:00+00:00 to 2022-10-03 16:58:00+00:00): PnL: $-213.77 | Sharpe: -4.3324 | Calmar: -9.1630 | Trades: 1643

--- Window 43 Boundary Check ---
IS Period RTH Bars: 14666. Start: 2022-08-09 15:42:00+00:00 | End: 2022-10-03 16:58:00+00:00
OOS Start Bar Index: 264732 | Time: 2022-10-03 16:59:00+00:00
ADF Test Result: p-value=0.7182 (Required < 0.05) | OLS Beta: 1.1237
Filter ON: Spread not stationary (p-value too high). Skipping optimization and OOS test.

--- Window 44 Boundary Check ---
IS Period RTH Bars: 14666. Start: 2022-08-30 18:27:00+00:00 | End: 2022-10-24 17:18:00+00:00
OOS Start Bar Index: 270582 | Time: 2022-10-24 17:19:00+00:00
ADF Test Result: p-value=0.8516 (Required < 0.05) | OLS Beta: 1.3333
Filter ON: Spread not stationary (p-value too high). Skipping optimization and OOS test.

--- Window 45 Boundary Check ---
IS Period RTH Bars: 14666. Start: 2022-09-21 19:11:00+00:00 | End: 2022-11-14 19:10:00+00:00
OOS Start Bar Index: 276432 | Time: 2022-11-14 19:11:00+00:00
ADF Test Result: p-value=0.2674 (Required < 0.05) | OLS Beta: 0.7029
Filter ON: Spread not stationary (p-value too high). Skipping optimization and OOS test.

--- Window 46 Boundary Check ---
IS Period RTH Bars: 14666. Start: 2022-10-12 19:49:00+00:00 | End: 2022-12-07 16:31:00+00:00
OOS Start Bar Index: 282282 | Time: 2022-12-07 16:32:00+00:00
ADF Test Result: p-value=0.3669 (Required < 0.05) | OLS Beta: 0.5969
Filter ON: Spread not stationary (p-value too high). Skipping optimization and OOS test.

--- Window 47 Boundary Check ---
IS Period RTH Bars: 14666. Start: 2022-11-03 14:01:00+00:00 | End: 2022-12-29 17:40:00+00:00
OOS Start Bar Index: 288132 | Time: 2022-12-29 17:41:00+00:00
ADF Test Result: p-value=0.0049 (Required < 0.05) | OLS Beta: 0.4426
Filter OFF: Spread is stationary. Proceeding with optimization.
IS Optimization Time: 0.18 seconds.
Optimal Params (Sharpe=4.8715, Calmar=268.5297): Z_E=3.1, Z_X=0.9, Z_SL=4.2
📊 Persistence: Saved 5750 PnL points to wfa_outputs\oos_equity_curve_USB_PNC_1m_20251105_184256_0.05.csv
OOS Period (2022-12-29 17:41:00+00:00 to 2023-01-23 18:24:00+00:00): PnL: $-230.52 | Sharpe: -4.1263 | Calmar: -11.5962 | Trades: 1450

--- Window 48 Boundary Check ---
IS Period RTH Bars: 14666. Start: 2022-11-25 15:41:00+00:00 | End: 2023-01-23 18:24:00+00:00
OOS Start Bar Index: 293982 | Time: 2023-01-23 18:25:00+00:00
ADF Test Result: p-value=0.5388 (Required < 0.05) | OLS Beta: 0.8005
Filter ON: Spread not stationary (p-value too high). Skipping optimization and OOS test.

--- Window 49 Boundary Check ---
IS Period RTH Bars: 14666. Start: 2022-12-16 19:13:00+00:00 | End: 2023-02-13 19:06:00+00:00
OOS Start Bar Index: 299832 | Time: 2023-02-13 19:07:00+00:00
ADF Test Result: p-value=0.4922 (Required < 0.05) | OLS Beta: 1.3473
Filter ON: Spread not stationary (p-value too high). Skipping optimization and OOS test.

--- Window 50 Boundary Check ---
IS Period RTH Bars: 14666. Start: 2023-01-10 20:51:00+00:00 | End: 2023-03-07 19:40:00+00:00
OOS Start Bar Index: 305682 | Time: 2023-03-07 19:41:00+00:00
ADF Test Result: p-value=0.0223 (Required < 0.05) | OLS Beta: 0.5786
Filter OFF: Spread is stationary. Proceeding with optimization.
IS Optimization Time: 0.17 seconds.
Optimal Params (Sharpe=3.4923, Calmar=0.0000): Z_E=3.1, Z_X=0.3, Z_SL=4.8
📊 Persistence: Saved 8100 PnL points to wfa_outputs\oos_equity_curve_USB_PNC_1m_20251105_184256_0.05.csv
OOS Period (2023-03-07 19:41:00+00:00 to 2023-03-28 18:41:00+00:00): PnL: $-700.19 | Sharpe: -4.6417 | Calmar: -9.2872 | Trades: 2350

--- Window 51 Boundary Check ---
IS Period RTH Bars: 14666. Start: 2023-02-02 14:45:00+00:00 | End: 2023-03-28 18:41:00+00:00
OOS Start Bar Index: 311532 | Time: 2023-03-28 18:42:00+00:00
ADF Test Result: p-value=0.1550 (Required < 0.05) | OLS Beta: 1.3003
Filter ON: Spread not stationary (p-value too high). Skipping optimization and OOS test.

--- Window 52 Boundary Check ---
IS Period RTH Bars: 14666. Start: 2023-02-24 15:41:00+00:00 | End: 2023-04-19 18:47:00+00:00
OOS Start Bar Index: 317382 | Time: 2023-04-19 18:48:00+00:00
ADF Test Result: p-value=0.4381 (Required < 0.05) | OLS Beta: 1.2624
Filter ON: Spread not stationary (p-value too high). Skipping optimization and OOS test.

--- Window 53 Boundary Check ---
IS Period RTH Bars: 14666. Start: 2023-03-17 14:45:00+00:00 | End: 2023-05-10 18:52:00+00:00
OOS Start Bar Index: 323232 | Time: 2023-05-10 18:53:00+00:00
ADF Test Result: p-value=0.7496 (Required < 0.05) | OLS Beta: 1.0540
Filter ON: Spread not stationary (p-value too high). Skipping optimization and OOS test.

--- Window 54 Boundary Check ---
IS Period RTH Bars: 14666. Start: 2023-04-10 14:52:00+00:00 | End: 2023-06-01 19:20:00+00:00
OOS Start Bar Index: 329082 | Time: 2023-06-01 19:21:00+00:00
ADF Test Result: p-value=0.2646 (Required < 0.05) | OLS Beta: 1.2308
Filter ON: Spread not stationary (p-value too high). Skipping optimization and OOS test.

--- Window 55 Boundary Check ---
IS Period RTH Bars: 14666. Start: 2023-05-01 14:55:00+00:00 | End: 2023-06-23 19:51:00+00:00
OOS Start Bar Index: 334932 | Time: 2023-06-23 19:52:00+00:00
ADF Test Result: p-value=0.0005 (Required < 0.05) | OLS Beta: 1.0184
Filter OFF: Spread is stationary. Proceeding with optimization.
IS Optimization Time: 0.14 seconds.
Optimal Params (Sharpe=4.7974, Calmar=61.6582): Z_E=2.9, Z_X=1.5, Z_SL=3.9
📊 Persistence: Saved 9150 PnL points to wfa_outputs\oos_equity_curve_USB_PNC_1m_20251105_184256_0.05.csv
OOS Period (2023-06-23 19:52:00+00:00 to 2023-07-18 16:58:00+00:00): PnL: $-231.32 | Sharpe: -4.6592 | Calmar: -12.5633 | Trades: 1050

--- Window 56 Boundary Check ---
IS Period RTH Bars: 14666. Start: 2023-05-22 15:06:00+00:00 | End: 2023-07-18 16:58:00+00:00
OOS Start Bar Index: 340782 | Time: 2023-07-18 16:59:00+00:00
ADF Test Result: p-value=0.6703 (Required < 0.05) | OLS Beta: 1.4437
Filter ON: Spread not stationary (p-value too high). Skipping optimization and OOS test.

--- Window 57 Boundary Check ---
IS Period RTH Bars: 14666. Start: 2023-06-13 15:37:00+00:00 | End: 2023-08-08 17:21:00+00:00
OOS Start Bar Index: 346632 | Time: 2023-08-08 17:22:00+00:00
ADF Test Result: p-value=0.5644 (Required < 0.05) | OLS Beta: 2.0855
Filter ON: Spread not stationary (p-value too high). Skipping optimization and OOS test.

--- Window 58 Boundary Check ---
IS Period RTH Bars: 14666. Start: 2023-07-06 19:18:00+00:00 | End: 2023-08-29 18:52:00+00:00
OOS Start Bar Index: 352482 | Time: 2023-08-29 18:53:00+00:00
ADF Test Result: p-value=0.1066 (Required < 0.05) | OLS Beta: 0.7794
Filter ON: Spread not stationary (p-value too high). Skipping optimization and OOS test.

--- Window 59 Boundary Check ---
IS Period RTH Bars: 14666. Start: 2023-07-27 19:37:00+00:00 | End: 2023-09-21 14:04:00+00:00
OOS Start Bar Index: 358332 | Time: 2023-09-21 14:05:00+00:00
ADF Test Result: p-value=0.9751 (Required < 0.05) | OLS Beta: 0.7340
Filter ON: Spread not stationary (p-value too high). Skipping optimization and OOS test.

--- Window 60 Boundary Check ---
IS Period RTH Bars: 14666. Start: 2023-08-18 14:03:00+00:00 | End: 2023-10-12 15:09:00+00:00
OOS Start Bar Index: 364182 | Time: 2023-10-12 15:10:00+00:00
ADF Test Result: p-value=0.6940 (Required < 0.05) | OLS Beta: -0.0803
Filter ON: Spread not stationary (p-value too high). Skipping optimization and OOS test.

--- Window 61 Boundary Check ---
IS Period RTH Bars: 14666. Start: 2023-09-11 15:41:00+00:00 | End: 2023-11-02 15:30:00+00:00
OOS Start Bar Index: 370032 | Time: 2023-11-02 15:31:00+00:00
ADF Test Result: p-value=0.0112 (Required < 0.05) | OLS Beta: 0.8731
Filter OFF: Spread is stationary. Proceeding with optimization.
IS Optimization Time: 0.14 seconds.
Optimal Params (Sharpe=1.9304, Calmar=12.2828): Z_E=3.3, Z_X=0.7, Z_SL=3.6
📊 Persistence: Saved 9150 PnL points to wfa_outputs\oos_equity_curve_USB_PNC_1m_20251105_184256_0.05.csv
OOS Period (2023-11-02 15:31:00+00:00 to 2023-11-27 14:32:00+00:00): PnL: $0.00 | Sharpe: 0.0000 | Calmar: 0.0000 | Trades: 0

--- Window 62 Boundary Check ---
IS Period RTH Bars: 14666. Start: 2023-10-02 17:30:00+00:00 | End: 2023-11-27 14:32:00+00:00
OOS Start Bar Index: 375882 | Time: 2023-11-27 14:33:00+00:00
ADF Test Result: p-value=0.3575 (Required < 0.05) | OLS Beta: 1.2508
Filter ON: Spread not stationary (p-value too high). Skipping optimization and OOS test.

--- Window 63 Boundary Check ---
IS Period RTH Bars: 14666. Start: 2023-10-23 17:50:00+00:00 | End: 2023-12-18 15:10:00+00:00
OOS Start Bar Index: 381732 | Time: 2023-12-18 15:11:00+00:00
ADF Test Result: p-value=0.0932 (Required < 0.05) | OLS Beta: 1.1033
Filter ON: Spread not stationary (p-value too high). Skipping optimization and OOS test.

--- Window 64 Boundary Check ---
IS Period RTH Bars: 14666. Start: 2023-11-13 19:44:00+00:00 | End: 2024-01-10 17:05:00+00:00
OOS Start Bar Index: 387582 | Time: 2024-01-10 17:06:00+00:00
ADF Test Result: p-value=0.0623 (Required < 0.05) | OLS Beta: 0.9696
Filter ON: Spread not stationary (p-value too high). Skipping optimization and OOS test.

--- Window 65 Boundary Check ---
IS Period RTH Bars: 14666. Start: 2023-12-06 17:23:00+00:00 | End: 2024-02-01 17:55:00+00:00
OOS Start Bar Index: 393432 | Time: 2024-02-01 17:56:00+00:00
ADF Test Result: p-value=0.3352 (Required < 0.05) | OLS Beta: 0.9558
Filter ON: Spread not stationary (p-value too high). Skipping optimization and OOS test.

--- Window 66 Boundary Check ---
IS Period RTH Bars: 14666. Start: 2023-12-28 19:07:00+00:00 | End: 2024-02-23 18:39:00+00:00
OOS Start Bar Index: 399282 | Time: 2024-02-23 18:40:00+00:00
ADF Test Result: p-value=0.0668 (Required < 0.05) | OLS Beta: 1.3738
Filter ON: Spread not stationary (p-value too high). Skipping optimization and OOS test.

--- Window 67 Boundary Check ---
IS Period RTH Bars: 14666. Start: 2024-01-22 19:47:00+00:00 | End: 2024-03-15 18:52:00+00:00
OOS Start Bar Index: 405132 | Time: 2024-03-15 18:53:00+00:00
ADF Test Result: p-value=0.1315 (Required < 0.05) | OLS Beta: 1.1563
Filter ON: Spread not stationary (p-value too high). Skipping optimization and OOS test.

--- Window 68 Boundary Check ---
IS Period RTH Bars: 14666. Start: 2024-02-12 20:52:00+00:00 | End: 2024-04-09 14:35:00+00:00
OOS Start Bar Index: 410982 | Time: 2024-04-09 14:36:00+00:00
ADF Test Result: p-value=0.0116 (Required < 0.05) | OLS Beta: 0.8761
Filter OFF: Spread is stationary. Proceeding with optimization.
IS Optimization Time: 0.20 seconds.
Optimal Params (Sharpe=7.9233, Calmar=130.2281): Z_E=1.9, Z_X=0.7, Z_SL=4.5
📊 Persistence: Saved 10536 PnL points to wfa_outputs\oos_equity_curve_USB_PNC_1m_20251105_184256_0.05.csv
OOS Period (2024-04-09 14:36:00+00:00 to 2024-04-30 17:18:00+00:00): PnL: $40.78 | Sharpe: 0.8306 | Calmar: 2.6384 | Trades: 1386

--- Window 69 Boundary Check ---
IS Period RTH Bars: 14666. Start: 2024-03-06 15:15:00+00:00 | End: 2024-04-30 17:18:00+00:00
OOS Start Bar Index: 416832 | Time: 2024-04-30 17:19:00+00:00
ADF Test Result: p-value=0.7327 (Required < 0.05) | OLS Beta: 0.5648
Filter ON: Spread not stationary (p-value too high). Skipping optimization and OOS test.

--- Window 70 Boundary Check ---
IS Period RTH Bars: 14666. Start: 2024-03-27 16:14:00+00:00 | End: 2024-05-22 16:53:00+00:00
OOS Start Bar Index: 422682 | Time: 2024-05-22 16:54:00+00:00
ADF Test Result: p-value=0.3305 (Required < 0.05) | OLS Beta: 0.6793
Filter ON: Spread not stationary (p-value too high). Skipping optimization and OOS test.

--- Window 71 Boundary Check ---
IS Period RTH Bars: 14666. Start: 2024-04-18 17:46:00+00:00 | End: 2024-06-14 16:06:00+00:00
OOS Start Bar Index: 428532 | Time: 2024-06-14 16:07:00+00:00
ADF Test Result: p-value=0.0795 (Required < 0.05) | OLS Beta: 1.2052
Filter ON: Spread not stationary (p-value too high). Skipping optimization and OOS test.

--- Window 72 Boundary Check ---
IS Period RTH Bars: 14666. Start: 2024-05-10 16:22:00+00:00 | End: 2024-07-10 17:52:00+00:00
OOS Start Bar Index: 434382 | Time: 2024-07-10 17:53:00+00:00
ADF Test Result: p-value=0.3494 (Required < 0.05) | OLS Beta: 0.9712
Filter ON: Spread not stationary (p-value too high). Skipping optimization and OOS test.

--- Window 73 Boundary Check ---
IS Period RTH Bars: 14666. Start: 2024-06-04 14:47:00+00:00 | End: 2024-08-01 13:55:00+00:00
OOS Start Bar Index: 440232 | Time: 2024-08-01 13:56:00+00:00
ADF Test Result: p-value=0.1483 (Required < 0.05) | OLS Beta: 0.8933
Filter ON: Spread not stationary (p-value too high). Skipping optimization and OOS test.

--- Window 74 Boundary Check ---
IS Period RTH Bars: 14666. Start: 2024-06-27 15:43:00+00:00 | End: 2024-08-23 15:04:00+00:00
OOS Start Bar Index: 446082 | Time: 2024-08-23 15:05:00+00:00
ADF Test Result: p-value=0.0720 (Required < 0.05) | OLS Beta: 0.9249
Filter ON: Spread not stationary (p-value too high). Skipping optimization and OOS test.

--- Window 75 Boundary Check ---
IS Period RTH Bars: 14666. Start: 2024-07-22 14:38:00+00:00 | End: 2024-09-16 19:44:00+00:00
OOS Start Bar Index: 451932 | Time: 2024-09-16 19:45:00+00:00
ADF Test Result: p-value=0.0259 (Required < 0.05) | OLS Beta: 1.1789
Filter OFF: Spread is stationary. Proceeding with optimization.
IS Optimization Time: 0.16 seconds.
Optimal Params (Sharpe=2.4788, Calmar=11.4246): Z_E=2.9, Z_X=1.3, Z_SL=3.6
📊 Persistence: Saved 10539 PnL points to wfa_outputs\oos_equity_curve_USB_PNC_1m_20251105_184256_0.05.csv
OOS Period (2024-09-16 19:45:00+00:00 to 2024-10-09 13:56:00+00:00): PnL: $101.75 | Sharpe: 3.3055 | Calmar: 75.7459 | Trades: 3

--- Window 76 Boundary Check ---
IS Period RTH Bars: 14666. Start: 2024-08-12 19:36:00+00:00 | End: 2024-10-09 13:56:00+00:00
OOS Start Bar Index: 457782 | Time: 2024-10-09 13:57:00+00:00
ADF Test Result: p-value=0.0602 (Required < 0.05) | OLS Beta: 0.8980
Filter ON: Spread not stationary (p-value too high). Skipping optimization and OOS test.

--- Window 77 Boundary Check ---
IS Period RTH Bars: 14666. Start: 2024-09-05 13:39:00+00:00 | End: 2024-10-30 18:01:00+00:00
OOS Start Bar Index: 463632 | Time: 2024-10-30 18:02:00+00:00
ADF Test Result: p-value=0.0466 (Required < 0.05) | OLS Beta: 1.3789
Filter OFF: Spread is stationary. Proceeding with optimization.
IS Optimization Time: 0.14 seconds.
Optimal Params (Sharpe=5.8530, Calmar=36.5564): Z_E=2.1, Z_X=1.5, Z_SL=4.8
📊 Persistence: Saved 11504 PnL points to wfa_outputs\oos_equity_curve_USB_PNC_1m_20251105_184256_0.05.csv
OOS Period (2024-10-30 18:02:00+00:00 to 2024-11-21 15:41:00+00:00): PnL: $-105.32 | Sharpe: -1.7879 | Calmar: -5.8765 | Trades: 965

--- Window 78 Boundary Check ---
IS Period RTH Bars: 14666. Start: 2024-09-26 18:43:00+00:00 | End: 2024-11-21 15:41:00+00:00
OOS Start Bar Index: 469482 | Time: 2024-11-21 15:42:00+00:00
ADF Test Result: p-value=0.3715 (Required < 0.05) | OLS Beta: 0.8105
Filter ON: Spread not stationary (p-value too high). Skipping optimization and OOS test.

--- Window 79 Boundary Check ---
IS Period RTH Bars: 14666. Start: 2024-10-18 18:12:00+00:00 | End: 2024-12-16 15:56:00+00:00
OOS Start Bar Index: 475332 | Time: 2024-12-16 15:57:00+00:00
ADF Test Result: p-value=0.2462 (Required < 0.05) | OLS Beta: 0.6815
Filter ON: Spread not stationary (p-value too high). Skipping optimization and OOS test.

############################################################
📈 OVERALL SIMULATION PERFORMANCE (Walk-Forward Test)
############################################################
Timeframe Used: 1Min, Value: 1
ADF Cointegration Filter Threshold: 0.05
Total OOS Windows Tested: 79
Total Trades Executed: 11504
--- Final Performance Metrics ---
Total PnL: $-984.37
Overall Sharpe Ratio (Annualized): -0.2252
Overall Calmar Ratio (Annualized): -0.0280
Maximum Dollar Drawdown (MDD): $1,508.52

--- Execution Time ---
Total Elapsed Time: 146.35 seconds
############################################################
[0m