--- Dynamic Timeframe Configuration ---
TimeFrame Selected: 1Min, Value: 1
Bars per Trading Day: 390
Annualization Factor (Bars/Year): 98280
Statistical Lookback Bars: 2184
Optimization Lookback Bars: 19032
---------------------------------------
--- Diagnostic Check ---
API Key ID Length: 26
API Secret Key Length: 44
StockHistoricalDataClient initialized successfully. Starting data fetch...
--------------------------
Pre-compiling Numba function for first run optimization...
Numba pre-compilation complete.
Fetching data from 2020-01-01 to 2024-12-30...
Fetching 1Min data for AMZN...
Fetching 1Min data for BABA...
Data acquired successfully. Total 1Min RTH bars: 486153
Skipping full pre-calculation. Metrics will be calculated inside the WFA loop.

============================================================
📈 Starting Rolling Backtest: IS Optimization Window=19032 bars, Shift=15 days
   Data already processed with Statistical Rolling Window: 2184 bars
   ADF Cointegration Filter: p-value < 0.05
============================================================

--- Window 1 Boundary Check ---
IS Period RTH Bars: 14666. Start: 2020-01-17 15:52:00+00:00 | End: 2020-03-12 19:33:00+00:00
OOS Start Bar Index: 19032 | Time: 2020-03-12 19:34:00+00:00
ADF Test Result: p-value=0.1342 (Required < 0.05) | OLS Beta: 0.9594
Filter ON: Spread not stationary (p-value too high). Skipping optimization and OOS test.

--- Window 2 Boundary Check ---
IS Period RTH Bars: 14666. Start: 2020-02-10 16:00:00+00:00 | End: 2020-04-03 13:35:00+00:00
OOS Start Bar Index: 24882 | Time: 2020-04-03 13:36:00+00:00
ADF Test Result: p-value=0.5194 (Required < 0.05) | OLS Beta: 0.7577
Filter ON: Spread not stationary (p-value too high). Skipping optimization and OOS test.

--- Window 3 Boundary Check ---
IS Period RTH Bars: 14666. Start: 2020-03-03 16:05:00+00:00 | End: 2020-04-27 13:36:00+00:00
OOS Start Bar Index: 30732 | Time: 2020-04-27 13:37:00+00:00
ADF Test Result: p-value=0.7289 (Required < 0.05) | OLS Beta: 1.3568
Filter ON: Spread not stationary (p-value too high). Skipping optimization and OOS test.

--- Window 4 Boundary Check ---
IS Period RTH Bars: 14666. Start: 2020-03-24 16:10:00+00:00 | End: 2020-05-18 13:46:00+00:00
OOS Start Bar Index: 36582 | Time: 2020-05-18 13:47:00+00:00
ADF Test Result: p-value=0.3559 (Required < 0.05) | OLS Beta: 1.9251
Filter ON: Spread not stationary (p-value too high). Skipping optimization and OOS test.

--- Window 5 Boundary Check ---
IS Period RTH Bars: 14666. Start: 2020-04-15 16:11:00+00:00 | End: 2020-06-09 13:57:00+00:00
OOS Start Bar Index: 42432 | Time: 2020-06-09 13:58:00+00:00
ADF Test Result: p-value=0.0026 (Required < 0.05) | OLS Beta: 0.4455
Filter OFF: Spread is stationary. Proceeding with optimization.
IS Optimization Time: 0.14 seconds.
Optimal Params (Sharpe=5.8759, Calmar=0.0000): Z_E=3.1, Z_X=0.9, Z_SL=4.8
📊 Persistence: Saved 1211 PnL points to wfa_outputs\oos_equity_curve_AMZN_BABA_1m_20251105_175325_0.05.csv
OOS Period (2020-06-09 13:58:00+00:00 to 2020-06-30 14:03:00+00:00): PnL: $-280.59 | Sharpe: -4.4388 | Calmar: -9.8718 | Trades: 1211

--- Window 6 Boundary Check ---
IS Period RTH Bars: 14666. Start: 2020-05-06 16:13:00+00:00 | End: 2020-06-30 14:03:00+00:00
OOS Start Bar Index: 48282 | Time: 2020-06-30 14:04:00+00:00
ADF Test Result: p-value=0.5040 (Required < 0.05) | OLS Beta: 0.9266
Filter ON: Spread not stationary (p-value too high). Skipping optimization and OOS test.

--- Window 7 Boundary Check ---
IS Period RTH Bars: 14666. Start: 2020-05-28 16:24:00+00:00 | End: 2020-07-22 14:03:00+00:00
OOS Start Bar Index: 54132 | Time: 2020-07-22 14:04:00+00:00
ADF Test Result: p-value=0.3518 (Required < 0.05) | OLS Beta: 1.1080
Filter ON: Spread not stationary (p-value too high). Skipping optimization and OOS test.

--- Window 8 Boundary Check ---
IS Period RTH Bars: 14666. Start: 2020-06-18 16:32:00+00:00 | End: 2020-08-12 14:08:00+00:00
OOS Start Bar Index: 59982 | Time: 2020-08-12 14:09:00+00:00
ADF Test Result: p-value=0.0189 (Required < 0.05) | OLS Beta: 0.8434
Filter OFF: Spread is stationary. Proceeding with optimization.
IS Optimization Time: 0.19 seconds.
Optimal Params (Sharpe=5.7637, Calmar=279.1498): Z_E=2.7, Z_X=0.7, Z_SL=4.8
📊 Persistence: Saved 1211 PnL points to wfa_outputs\oos_equity_curve_AMZN_BABA_1m_20251105_175325_0.05.csv
OOS Period (2020-08-12 14:09:00+00:00 to 2020-09-02 14:27:00+00:00): PnL: $0.00 | Sharpe: 0.0000 | Calmar: 0.0000 | Trades: 0

--- Window 9 Boundary Check ---
IS Period RTH Bars: 14666. Start: 2020-07-10 16:38:00+00:00 | End: 2020-09-02 14:27:00+00:00
OOS Start Bar Index: 65832 | Time: 2020-09-02 14:28:00+00:00
ADF Test Result: p-value=0.0318 (Required < 0.05) | OLS Beta: 0.7609
Filter OFF: Spread is stationary. Proceeding with optimization.
IS Optimization Time: 0.13 seconds.
Optimal Params (Sharpe=6.7902, Calmar=52.0345): Z_E=1.9, Z_X=0.7, Z_SL=3.3
📊 Persistence: Saved 2351 PnL points to wfa_outputs\oos_equity_curve_AMZN_BABA_1m_20251105_175325_0.05.csv
OOS Period (2020-09-02 14:28:00+00:00 to 2020-09-24 14:29:00+00:00): PnL: $-64.26 | Sharpe: -0.9761 | Calmar: -3.9519 | Trades: 1140

--- Window 10 Boundary Check ---
IS Period RTH Bars: 14666. Start: 2020-07-31 16:42:00+00:00 | End: 2020-09-24 14:29:00+00:00
OOS Start Bar Index: 71682 | Time: 2020-09-24 14:30:00+00:00
ADF Test Result: p-value=0.6717 (Required < 0.05) | OLS Beta: 0.4582
Filter ON: Spread not stationary (p-value too high). Skipping optimization and OOS test.

--- Window 11 Boundary Check ---
IS Period RTH Bars: 14666. Start: 2020-08-21 16:54:00+00:00 | End: 2020-10-15 14:32:00+00:00
OOS Start Bar Index: 77532 | Time: 2020-10-15 14:33:00+00:00
ADF Test Result: p-value=0.3571 (Required < 0.05) | OLS Beta: 0.7169
Filter ON: Spread not stationary (p-value too high). Skipping optimization and OOS test.

--- Window 12 Boundary Check ---
IS Period RTH Bars: 14666. Start: 2020-09-14 17:04:00+00:00 | End: 2020-11-05 15:34:00+00:00
OOS Start Bar Index: 83382 | Time: 2020-11-05 15:35:00+00:00
ADF Test Result: p-value=0.4623 (Required < 0.05) | OLS Beta: 0.4822
Filter ON: Spread not stationary (p-value too high). Skipping optimization and OOS test.

--- Window 13 Boundary Check ---
IS Period RTH Bars: 14666. Start: 2020-10-05 17:05:00+00:00 | End: 2020-11-27 15:46:00+00:00
OOS Start Bar Index: 89232 | Time: 2020-11-27 15:47:00+00:00
ADF Test Result: p-value=0.2236 (Required < 0.05) | OLS Beta: 0.2369
Filter ON: Spread not stationary (p-value too high). Skipping optimization and OOS test.

--- Window 14 Boundary Check ---
IS Period RTH Bars: 14666. Start: 2020-10-26 17:09:00+00:00 | End: 2020-12-18 18:35:00+00:00
OOS Start Bar Index: 95082 | Time: 2020-12-18 18:36:00+00:00
ADF Test Result: p-value=0.0662 (Required < 0.05) | OLS Beta: 0.0537
Filter ON: Spread not stationary (p-value too high). Skipping optimization and OOS test.

--- Window 15 Boundary Check ---
IS Period RTH Bars: 14666. Start: 2020-11-16 18:10:00+00:00 | End: 2021-01-13 15:09:00+00:00
OOS Start Bar Index: 100932 | Time: 2021-01-13 15:10:00+00:00
ADF Test Result: p-value=0.0829 (Required < 0.05) | OLS Beta: -0.0885
Filter ON: Spread not stationary (p-value too high). Skipping optimization and OOS test.

--- Window 16 Boundary Check ---
IS Period RTH Bars: 14666. Start: 2020-12-08 20:59:00+00:00 | End: 2021-02-04 15:18:00+00:00
OOS Start Bar Index: 106782 | Time: 2021-02-04 15:19:00+00:00
ADF Test Result: p-value=0.2640 (Required < 0.05) | OLS Beta: 0.1026
Filter ON: Spread not stationary (p-value too high). Skipping optimization and OOS test.

--- Window 17 Boundary Check ---
IS Period RTH Bars: 14666. Start: 2020-12-31 17:34:00+00:00 | End: 2021-02-26 15:44:00+00:00
OOS Start Bar Index: 112632 | Time: 2021-02-26 15:45:00+00:00
ADF Test Result: p-value=0.1473 (Required < 0.05) | OLS Beta: 0.3119
Filter ON: Spread not stationary (p-value too high). Skipping optimization and OOS test.

--- Window 18 Boundary Check ---
IS Period RTH Bars: 14666. Start: 2021-01-25 17:50:00+00:00 | End: 2021-03-19 15:07:00+00:00
OOS Start Bar Index: 118482 | Time: 2021-03-19 15:08:00+00:00
ADF Test Result: p-value=0.0424 (Required < 0.05) | OLS Beta: 0.5805
Filter OFF: Spread is stationary. Proceeding with optimization.
IS Optimization Time: 0.14 seconds.
Optimal Params (Sharpe=4.4836, Calmar=427.2185): Z_E=3.1, Z_X=0.7, Z_SL=4.8
📊 Persistence: Saved 2985 PnL points to wfa_outputs\oos_equity_curve_AMZN_BABA_1m_20251105_175325_0.05.csv
OOS Period (2021-03-19 15:08:00+00:00 to 2021-04-12 15:52:00+00:00): PnL: $-372.24 | Sharpe: -7.2068 | Calmar: -10.4764 | Trades: 634

--- Window 19 Boundary Check ---
IS Period RTH Bars: 14666. Start: 2021-02-16 18:10:00+00:00 | End: 2021-04-12 15:52:00+00:00
OOS Start Bar Index: 124332 | Time: 2021-04-12 15:53:00+00:00
ADF Test Result: p-value=0.8514 (Required < 0.05) | OLS Beta: 0.2495
Filter ON: Spread not stationary (p-value too high). Skipping optimization and OOS test.

--- Window 20 Boundary Check ---
IS Period RTH Bars: 14666. Start: 2021-03-09 18:26:00+00:00 | End: 2021-05-04 16:38:00+00:00
OOS Start Bar Index: 130182 | Time: 2021-05-04 16:39:00+00:00
ADF Test Result: p-value=0.6197 (Required < 0.05) | OLS Beta: 0.4689
Filter ON: Spread not stationary (p-value too high). Skipping optimization and OOS test.

--- Window 21 Boundary Check ---
IS Period RTH Bars: 14666. Start: 2021-03-30 17:57:00+00:00 | End: 2021-05-25 17:19:00+00:00
OOS Start Bar Index: 136032 | Time: 2021-05-25 17:20:00+00:00
ADF Test Result: p-value=0.0040 (Required < 0.05) | OLS Beta: 0.4428
Filter OFF: Spread is stationary. Proceeding with optimization.
IS Optimization Time: 0.15 seconds.
Optimal Params (Sharpe=1.3026, Calmar=4.9745): Z_E=1.9, Z_X=0.7, Z_SL=3.3
📊 Persistence: Saved 2986 PnL points to wfa_outputs\oos_equity_curve_AMZN_BABA_1m_20251105_175325_0.05.csv
OOS Period (2021-05-25 17:20:00+00:00 to 2021-06-16 18:50:00+00:00): PnL: $-91.17 | Sharpe: -4.0991 | Calmar: -15.4219 | Trades: 1

--- Window 22 Boundary Check ---
IS Period RTH Bars: 14666. Start: 2021-04-22 19:06:00+00:00 | End: 2021-06-16 18:50:00+00:00
OOS Start Bar Index: 141882 | Time: 2021-06-16 18:51:00+00:00
ADF Test Result: p-value=0.7133 (Required < 0.05) | OLS Beta: 0.4217
Filter ON: Spread not stationary (p-value too high). Skipping optimization and OOS test.

--- Window 23 Boundary Check ---
IS Period RTH Bars: 14666. Start: 2021-05-13 19:24:00+00:00 | End: 2021-07-08 19:43:00+00:00
OOS Start Bar Index: 147732 | Time: 2021-07-08 19:44:00+00:00
ADF Test Result: p-value=0.9341 (Required < 0.05) | OLS Beta: -0.1824
Filter ON: Spread not stationary (p-value too high). Skipping optimization and OOS test.

--- Window 24 Boundary Check ---
IS Period RTH Bars: 14666. Start: 2021-06-07 14:17:00+00:00 | End: 2021-07-30 13:55:00+00:00
OOS Start Bar Index: 153582 | Time: 2021-07-30 13:56:00+00:00
ADF Test Result: p-value=0.2921 (Required < 0.05) | OLS Beta: -0.4497
Filter ON: Spread not stationary (p-value too high). Skipping optimization and OOS test.

--- Window 25 Boundary Check ---
IS Period RTH Bars: 14666. Start: 2021-06-28 15:11:00+00:00 | End: 2021-08-20 14:18:00+00:00
OOS Start Bar Index: 159432 | Time: 2021-08-20 14:19:00+00:00
ADF Test Result: p-value=0.4762 (Required < 0.05) | OLS Beta: 0.3448
Filter ON: Spread not stationary (p-value too high). Skipping optimization and OOS test.

--- Window 26 Boundary Check ---
IS Period RTH Bars: 14666. Start: 2021-07-20 16:00:00+00:00 | End: 2021-09-13 14:56:00+00:00
OOS Start Bar Index: 165282 | Time: 2021-09-13 14:57:00+00:00
ADF Test Result: p-value=0.6603 (Required < 0.05) | OLS Beta: 0.1687
Filter ON: Spread not stationary (p-value too high). Skipping optimization and OOS test.

--- Window 27 Boundary Check ---
IS Period RTH Bars: 14666. Start: 2021-08-10 16:44:00+00:00 | End: 2021-10-04 15:26:00+00:00
OOS Start Bar Index: 171132 | Time: 2021-10-04 15:27:00+00:00
ADF Test Result: p-value=0.8311 (Required < 0.05) | OLS Beta: -0.0031
Filter ON: Spread not stationary (p-value too high). Skipping optimization and OOS test.

--- Window 28 Boundary Check ---
IS Period RTH Bars: 14666. Start: 2021-08-31 17:18:00+00:00 | End: 2021-10-26 16:36:00+00:00
OOS Start Bar Index: 176982 | Time: 2021-10-26 16:37:00+00:00
ADF Test Result: p-value=0.4753 (Required < 0.05) | OLS Beta: 0.2229
Filter ON: Spread not stationary (p-value too high). Skipping optimization and OOS test.

--- Window 29 Boundary Check ---
IS Period RTH Bars: 14666. Start: 2021-09-22 17:46:00+00:00 | End: 2021-11-16 18:10:00+00:00
OOS Start Bar Index: 182832 | Time: 2021-11-16 18:11:00+00:00
ADF Test Result: p-value=0.5915 (Required < 0.05) | OLS Beta: 0.1982
Filter ON: Spread not stationary (p-value too high). Skipping optimization and OOS test.

--- Window 30 Boundary Check ---
IS Period RTH Bars: 14666. Start: 2021-10-13 18:28:00+00:00 | End: 2021-12-09 14:34:00+00:00
OOS Start Bar Index: 188682 | Time: 2021-12-09 14:35:00+00:00
ADF Test Result: p-value=0.1807 (Required < 0.05) | OLS Beta: -0.0754
Filter ON: Spread not stationary (p-value too high). Skipping optimization and OOS test.

--- Window 31 Boundary Check ---
IS Period RTH Bars: 14666. Start: 2021-11-04 19:18:00+00:00 | End: 2021-12-31 15:32:00+00:00
OOS Start Bar Index: 194532 | Time: 2021-12-31 15:33:00+00:00
ADF Test Result: p-value=0.1572 (Required < 0.05) | OLS Beta: 0.1299
Filter ON: Spread not stationary (p-value too high). Skipping optimization and OOS test.

--- Window 32 Boundary Check ---
IS Period RTH Bars: 14666. Start: 2021-11-29 16:50:00+00:00 | End: 2022-01-25 14:53:00+00:00
OOS Start Bar Index: 200382 | Time: 2022-01-25 14:54:00+00:00
ADF Test Result: p-value=0.9911 (Required < 0.05) | OLS Beta: -0.2304
Filter ON: Spread not stationary (p-value too high). Skipping optimization and OOS test.

--- Window 33 Boundary Check ---
IS Period RTH Bars: 14666. Start: 2021-12-20 17:30:00+00:00 | End: 2022-02-15 15:03:00+00:00
OOS Start Bar Index: 206232 | Time: 2022-02-15 15:04:00+00:00
ADF Test Result: p-value=0.5598 (Required < 0.05) | OLS Beta: 0.1168
Filter ON: Spread not stationary (p-value too high). Skipping optimization and OOS test.

--- Window 34 Boundary Check ---
IS Period RTH Bars: 14666. Start: 2022-01-11 18:20:00+00:00 | End: 2022-03-10 15:15:00+00:00
OOS Start Bar Index: 212082 | Time: 2022-03-10 15:16:00+00:00
ADF Test Result: p-value=0.1668 (Required < 0.05) | OLS Beta: 0.3404
Filter ON: Spread not stationary (p-value too high). Skipping optimization and OOS test.

--- Window 35 Boundary Check ---
IS Period RTH Bars: 14666. Start: 2022-02-03 17:36:00+00:00 | End: 2022-03-31 14:47:00+00:00
OOS Start Bar Index: 217932 | Time: 2022-03-31 14:48:00+00:00
ADF Test Result: p-value=0.0557 (Required < 0.05) | OLS Beta: 0.2420
Filter ON: Spread not stationary (p-value too high). Skipping optimization and OOS test.

--- Window 36 Boundary Check ---
IS Period RTH Bars: 14666. Start: 2022-02-25 17:43:00+00:00 | End: 2022-04-22 15:20:00+00:00
OOS Start Bar Index: 223782 | Time: 2022-04-22 15:21:00+00:00
ADF Test Result: p-value=0.1781 (Required < 0.05) | OLS Beta: 0.3524
Filter ON: Spread not stationary (p-value too high). Skipping optimization and OOS test.

--- Window 37 Boundary Check ---
IS Period RTH Bars: 14666. Start: 2022-03-21 16:52:00+00:00 | End: 2022-05-13 15:24:00+00:00
OOS Start Bar Index: 229632 | Time: 2022-05-13 15:25:00+00:00
ADF Test Result: p-value=0.6717 (Required < 0.05) | OLS Beta: 0.9007
Filter ON: Spread not stationary (p-value too high). Skipping optimization and OOS test.

--- Window 38 Boundary Check ---
IS Period RTH Bars: 14666. Start: 2022-04-11 17:35:00+00:00 | End: 2022-06-06 15:28:00+00:00
OOS Start Bar Index: 235482 | Time: 2022-06-06 15:29:00+00:00
ADF Test Result: p-value=0.7029 (Required < 0.05) | OLS Beta: 0.8305
Filter ON: Spread not stationary (p-value too high). Skipping optimization and OOS test.

--- Window 39 Boundary Check ---
IS Period RTH Bars: 14666. Start: 2022-05-03 17:59:00+00:00 | End: 2022-06-28 15:28:00+00:00
OOS Start Bar Index: 241332 | Time: 2022-06-28 15:29:00+00:00
ADF Test Result: p-value=0.3406 (Required < 0.05) | OLS Beta: 0.1539
Filter ON: Spread not stationary (p-value too high). Skipping optimization and OOS test.

--- Window 40 Boundary Check ---
IS Period RTH Bars: 14666. Start: 2022-05-24 18:01:00+00:00 | End: 2022-07-20 15:28:00+00:00
OOS Start Bar Index: 247182 | Time: 2022-07-20 15:29:00+00:00
ADF Test Result: p-value=0.4447 (Required < 0.05) | OLS Beta: -0.0207
Filter ON: Spread not stationary (p-value too high). Skipping optimization and OOS test.

--- Window 41 Boundary Check ---
IS Period RTH Bars: 14666. Start: 2022-06-15 18:03:00+00:00 | End: 2022-08-10 15:28:00+00:00
OOS Start Bar Index: 253032 | Time: 2022-08-10 15:29:00+00:00
ADF Test Result: p-value=0.1126 (Required < 0.05) | OLS Beta: -0.7743
Filter ON: Spread not stationary (p-value too high). Skipping optimization and OOS test.

--- Window 42 Boundary Check ---
IS Period RTH Bars: 14666. Start: 2022-07-08 18:03:00+00:00 | End: 2022-08-31 15:28:00+00:00
OOS Start Bar Index: 258882 | Time: 2022-08-31 15:29:00+00:00
ADF Test Result: p-value=0.0020 (Required < 0.05) | OLS Beta: -1.1260
Filter OFF: Spread is stationary. Proceeding with optimization.
IS Optimization Time: 0.15 seconds.
Optimal Params (Sharpe=-0.1142, Calmar=-0.3522): Z_E=2.9, Z_X=0.3, Z_SL=3.9
📊 Persistence: Saved 3372 PnL points to wfa_outputs\oos_equity_curve_AMZN_BABA_1m_20251105_175325_0.05.csv
OOS Period (2022-08-31 15:29:00+00:00 to 2022-09-22 15:28:00+00:00): PnL: $253.83 | Sharpe: 5.7693 | Calmar: 49.0957 | Trades: 386

--- Window 43 Boundary Check ---
IS Period RTH Bars: 14666. Start: 2022-07-29 18:03:00+00:00 | End: 2022-09-22 15:28:00+00:00
OOS Start Bar Index: 264732 | Time: 2022-09-22 15:29:00+00:00
ADF Test Result: p-value=0.5334 (Required < 0.05) | OLS Beta: 0.6461
Filter ON: Spread not stationary (p-value too high). Skipping optimization and OOS test.

--- Window 44 Boundary Check ---
IS Period RTH Bars: 14666. Start: 2022-08-19 18:03:00+00:00 | End: 2022-10-13 15:28:00+00:00
OOS Start Bar Index: 270582 | Time: 2022-10-13 15:29:00+00:00
ADF Test Result: p-value=0.0015 (Required < 0.05) | OLS Beta: 0.7360
Filter OFF: Spread is stationary. Proceeding with optimization.
IS Optimization Time: 0.14 seconds.
Optimal Params (Sharpe=5.2941, Calmar=36.7697): Z_E=2.3, Z_X=1.1, Z_SL=4.8
📊 Persistence: Saved 3882 PnL points to wfa_outputs\oos_equity_curve_AMZN_BABA_1m_20251105_175325_0.05.csv
OOS Period (2022-10-13 15:29:00+00:00 to 2022-11-03 15:28:00+00:00): PnL: $-78.08 | Sharpe: -0.3586 | Calmar: -1.1924 | Trades: 510

--- Window 45 Boundary Check ---
IS Period RTH Bars: 14666. Start: 2022-09-12 18:03:00+00:00 | End: 2022-11-03 15:28:00+00:00
OOS Start Bar Index: 276432 | Time: 2022-11-03 15:29:00+00:00
ADF Test Result: p-value=0.8626 (Required < 0.05) | OLS Beta: 0.4628
Filter ON: Spread not stationary (p-value too high). Skipping optimization and OOS test.

--- Window 46 Boundary Check ---
IS Period RTH Bars: 14666. Start: 2022-10-03 18:03:00+00:00 | End: 2022-11-25 16:28:00+00:00
OOS Start Bar Index: 282282 | Time: 2022-11-25 16:29:00+00:00
ADF Test Result: p-value=0.8179 (Required < 0.05) | OLS Beta: 0.2671
Filter ON: Spread not stationary (p-value too high). Skipping optimization and OOS test.

--- Window 47 Boundary Check ---
IS Period RTH Bars: 14666. Start: 2022-10-24 18:03:00+00:00 | End: 2022-12-16 18:27:00+00:00
OOS Start Bar Index: 288132 | Time: 2022-12-16 18:28:00+00:00
ADF Test Result: p-value=0.0608 (Required < 0.05) | OLS Beta: -0.3004
Filter ON: Spread not stationary (p-value too high). Skipping optimization and OOS test.

--- Window 48 Boundary Check ---
IS Period RTH Bars: 14666. Start: 2022-11-14 19:03:00+00:00 | End: 2023-01-10 18:27:00+00:00
OOS Start Bar Index: 293982 | Time: 2023-01-10 18:28:00+00:00
ADF Test Result: p-value=0.2619 (Required < 0.05) | OLS Beta: -0.2681
Filter ON: Spread not stationary (p-value too high). Skipping optimization and OOS test.

--- Window 49 Boundary Check ---
IS Period RTH Bars: 14666. Start: 2022-12-07 14:32:00+00:00 | End: 2023-02-01 18:27:00+00:00
OOS Start Bar Index: 299832 | Time: 2023-02-01 18:28:00+00:00
ADF Test Result: p-value=0.6429 (Required < 0.05) | OLS Beta: 0.3917
Filter ON: Spread not stationary (p-value too high). Skipping optimization and OOS test.

--- Window 50 Boundary Check ---
IS Period RTH Bars: 14666. Start: 2022-12-29 14:32:00+00:00 | End: 2023-02-23 18:27:00+00:00
OOS Start Bar Index: 305682 | Time: 2023-02-23 18:28:00+00:00
ADF Test Result: p-value=0.5711 (Required < 0.05) | OLS Beta: 0.3393
Filter ON: Spread not stationary (p-value too high). Skipping optimization and OOS test.

--- Window 51 Boundary Check ---
IS Period RTH Bars: 14666. Start: 2023-01-23 14:32:00+00:00 | End: 2023-03-16 17:27:00+00:00
OOS Start Bar Index: 311532 | Time: 2023-03-16 17:28:00+00:00
ADF Test Result: p-value=0.3103 (Required < 0.05) | OLS Beta: 0.2338
Filter ON: Spread not stationary (p-value too high). Skipping optimization and OOS test.

--- Window 52 Boundary Check ---
IS Period RTH Bars: 14666. Start: 2023-02-13 14:32:00+00:00 | End: 2023-04-06 17:27:00+00:00
OOS Start Bar Index: 317382 | Time: 2023-04-06 17:28:00+00:00
ADF Test Result: p-value=0.3523 (Required < 0.05) | OLS Beta: 0.2098
Filter ON: Spread not stationary (p-value too high). Skipping optimization and OOS test.

--- Window 53 Boundary Check ---
IS Period RTH Bars: 14666. Start: 2023-03-07 14:32:00+00:00 | End: 2023-04-28 17:27:00+00:00
OOS Start Bar Index: 323232 | Time: 2023-04-28 17:28:00+00:00
ADF Test Result: p-value=0.5822 (Required < 0.05) | OLS Beta: 0.1612
Filter ON: Spread not stationary (p-value too high). Skipping optimization and OOS test.

--- Window 54 Boundary Check ---
IS Period RTH Bars: 14666. Start: 2023-03-28 13:32:00+00:00 | End: 2023-05-19 17:27:00+00:00
OOS Start Bar Index: 329082 | Time: 2023-05-19 17:28:00+00:00
ADF Test Result: p-value=0.5036 (Required < 0.05) | OLS Beta: -0.3013
Filter ON: Spread not stationary (p-value too high). Skipping optimization and OOS test.

--- Window 55 Boundary Check ---
IS Period RTH Bars: 14666. Start: 2023-04-19 13:32:00+00:00 | End: 2023-06-12 17:31:00+00:00
OOS Start Bar Index: 334932 | Time: 2023-06-12 17:32:00+00:00
ADF Test Result: p-value=0.8924 (Required < 0.05) | OLS Beta: -0.1584
Filter ON: Spread not stationary (p-value too high). Skipping optimization and OOS test.

--- Window 56 Boundary Check ---
IS Period RTH Bars: 14666. Start: 2023-05-10 13:32:00+00:00 | End: 2023-07-05 19:35:00+00:00
OOS Start Bar Index: 340782 | Time: 2023-07-05 19:36:00+00:00
ADF Test Result: p-value=0.4242 (Required < 0.05) | OLS Beta: 0.1774
Filter ON: Spread not stationary (p-value too high). Skipping optimization and OOS test.

--- Window 57 Boundary Check ---
IS Period RTH Bars: 14666. Start: 2023-06-01 13:32:00+00:00 | End: 2023-07-26 19:35:00+00:00
OOS Start Bar Index: 346632 | Time: 2023-07-26 19:36:00+00:00
ADF Test Result: p-value=0.0870 (Required < 0.05) | OLS Beta: 0.2630
Filter ON: Spread not stationary (p-value too high). Skipping optimization and OOS test.

--- Window 58 Boundary Check ---
IS Period RTH Bars: 14666. Start: 2023-06-23 13:36:00+00:00 | End: 2023-08-16 19:35:00+00:00
OOS Start Bar Index: 352482 | Time: 2023-08-16 19:36:00+00:00
ADF Test Result: p-value=0.2457 (Required < 0.05) | OLS Beta: 0.2236
Filter ON: Spread not stationary (p-value too high). Skipping optimization and OOS test.

--- Window 59 Boundary Check ---
IS Period RTH Bars: 14666. Start: 2023-07-17 15:40:00+00:00 | End: 2023-09-07 19:35:00+00:00
OOS Start Bar Index: 358332 | Time: 2023-09-07 19:36:00+00:00
ADF Test Result: p-value=0.1565 (Required < 0.05) | OLS Beta: -0.0190
Filter ON: Spread not stationary (p-value too high). Skipping optimization and OOS test.

--- Window 60 Boundary Check ---
IS Period RTH Bars: 14666. Start: 2023-08-07 15:40:00+00:00 | End: 2023-09-28 19:35:00+00:00
OOS Start Bar Index: 364182 | Time: 2023-09-28 19:36:00+00:00
ADF Test Result: p-value=0.7729 (Required < 0.05) | OLS Beta: 0.3279
Filter ON: Spread not stationary (p-value too high). Skipping optimization and OOS test.

--- Window 61 Boundary Check ---
IS Period RTH Bars: 14666. Start: 2023-08-28 15:40:00+00:00 | End: 2023-10-19 19:35:00+00:00
OOS Start Bar Index: 370032 | Time: 2023-10-19 19:36:00+00:00
ADF Test Result: p-value=0.4403 (Required < 0.05) | OLS Beta: 0.5565
Filter ON: Spread not stationary (p-value too high). Skipping optimization and OOS test.

--- Window 62 Boundary Check ---
IS Period RTH Bars: 14666. Start: 2023-09-19 15:40:00+00:00 | End: 2023-11-09 20:35:00+00:00
OOS Start Bar Index: 375882 | Time: 2023-11-09 20:36:00+00:00
ADF Test Result: p-value=0.7505 (Required < 0.05) | OLS Beta: 0.3986
Filter ON: Spread not stationary (p-value too high). Skipping optimization and OOS test.

--- Window 63 Boundary Check ---
IS Period RTH Bars: 14666. Start: 2023-10-10 15:40:00+00:00 | End: 2023-12-04 16:25:00+00:00
OOS Start Bar Index: 381732 | Time: 2023-12-04 16:26:00+00:00
ADF Test Result: p-value=0.5489 (Required < 0.05) | OLS Beta: -0.5698
Filter ON: Spread not stationary (p-value too high). Skipping optimization and OOS test.

--- Window 64 Boundary Check ---
IS Period RTH Bars: 14666. Start: 2023-10-31 15:40:00+00:00 | End: 2023-12-26 16:25:00+00:00
OOS Start Bar Index: 387582 | Time: 2023-12-26 16:26:00+00:00
ADF Test Result: p-value=0.0477 (Required < 0.05) | OLS Beta: -0.3047
Filter OFF: Spread is stationary. Proceeding with optimization.
IS Optimization Time: 0.16 seconds.
Optimal Params (Sharpe=7.7287, Calmar=228.3920): Z_E=1.9, Z_X=0.5, Z_SL=3.9
📊 Persistence: Saved 3884 PnL points to wfa_outputs\oos_equity_curve_AMZN_BABA_1m_20251105_175325_0.05.csv
OOS Period (2023-12-26 16:26:00+00:00 to 2024-01-18 16:25:00+00:00): PnL: $444.85 | Sharpe: 4.7666 | Calmar: 0.0000 | Trades: 2

--- Window 65 Boundary Check ---
IS Period RTH Bars: 14666. Start: 2023-11-21 16:40:00+00:00 | End: 2024-01-18 16:25:00+00:00
OOS Start Bar Index: 393432 | Time: 2024-01-18 16:26:00+00:00
ADF Test Result: p-value=0.1456 (Required < 0.05) | OLS Beta: 0.0802
Filter ON: Spread not stationary (p-value too high). Skipping optimization and OOS test.

--- Window 66 Boundary Check ---
IS Period RTH Bars: 14666. Start: 2023-12-13 19:00:00+00:00 | End: 2024-02-08 16:25:00+00:00
OOS Start Bar Index: 399282 | Time: 2024-02-08 16:26:00+00:00
ADF Test Result: p-value=0.9224 (Required < 0.05) | OLS Beta: 0.1004
Filter ON: Spread not stationary (p-value too high). Skipping optimization and OOS test.

--- Window 67 Boundary Check ---
IS Period RTH Bars: 14666. Start: 2024-01-05 19:00:00+00:00 | End: 2024-03-01 16:25:00+00:00
OOS Start Bar Index: 405132 | Time: 2024-03-01 16:26:00+00:00
ADF Test Result: p-value=0.0889 (Required < 0.05) | OLS Beta: 0.9765
Filter ON: Spread not stationary (p-value too high). Skipping optimization and OOS test.

--- Window 68 Boundary Check ---
IS Period RTH Bars: 14666. Start: 2024-01-29 19:00:00+00:00 | End: 2024-03-22 15:25:00+00:00
OOS Start Bar Index: 410982 | Time: 2024-03-22 15:26:00+00:00
ADF Test Result: p-value=0.1881 (Required < 0.05) | OLS Beta: 0.3362
Filter ON: Spread not stationary (p-value too high). Skipping optimization and OOS test.

--- Window 69 Boundary Check ---
IS Period RTH Bars: 14666. Start: 2024-02-20 19:00:00+00:00 | End: 2024-04-15 15:25:00+00:00
OOS Start Bar Index: 416832 | Time: 2024-04-15 15:26:00+00:00
ADF Test Result: p-value=0.0096 (Required < 0.05) | OLS Beta: -0.5824
Filter OFF: Spread is stationary. Proceeding with optimization.
IS Optimization Time: 0.13 seconds.
Optimal Params (Sharpe=1.5428, Calmar=6.4422): Z_E=2.5, Z_X=1.5, Z_SL=3.3
📊 Persistence: Saved 4228 PnL points to wfa_outputs\oos_equity_curve_AMZN_BABA_1m_20251105_175325_0.05.csv
OOS Period (2024-04-15 15:26:00+00:00 to 2024-05-06 15:25:00+00:00): PnL: $283.52 | Sharpe: 5.6700 | Calmar: 69.5711 | Trades: 344

--- Window 70 Boundary Check ---
IS Period RTH Bars: 14666. Start: 2024-03-12 18:00:00+00:00 | End: 2024-05-06 15:25:00+00:00
OOS Start Bar Index: 422682 | Time: 2024-05-06 15:26:00+00:00
ADF Test Result: p-value=0.2386 (Required < 0.05) | OLS Beta: 0.0454
Filter ON: Spread not stationary (p-value too high). Skipping optimization and OOS test.

--- Window 71 Boundary Check ---
IS Period RTH Bars: 14666. Start: 2024-04-03 18:00:00+00:00 | End: 2024-05-28 15:25:00+00:00
OOS Start Bar Index: 428532 | Time: 2024-05-28 15:26:00+00:00
ADF Test Result: p-value=0.1899 (Required < 0.05) | OLS Beta: 0.1058
Filter ON: Spread not stationary (p-value too high). Skipping optimization and OOS test.

--- Window 72 Boundary Check ---
IS Period RTH Bars: 14666. Start: 2024-04-24 18:00:00+00:00 | End: 2024-06-18 15:25:00+00:00
OOS Start Bar Index: 434382 | Time: 2024-06-18 15:26:00+00:00
ADF Test Result: p-value=0.1392 (Required < 0.05) | OLS Beta: 0.1881
Filter ON: Spread not stationary (p-value too high). Skipping optimization and OOS test.

--- Window 73 Boundary Check ---
IS Period RTH Bars: 14666. Start: 2024-05-15 18:00:00+00:00 | End: 2024-07-11 17:08:00+00:00
OOS Start Bar Index: 440232 | Time: 2024-07-11 17:09:00+00:00
ADF Test Result: p-value=0.7725 (Required < 0.05) | OLS Beta: -0.3441
Filter ON: Spread not stationary (p-value too high). Skipping optimization and OOS test.

--- Window 74 Boundary Check ---
IS Period RTH Bars: 14666. Start: 2024-06-06 18:00:00+00:00 | End: 2024-08-01 17:08:00+00:00
OOS Start Bar Index: 446082 | Time: 2024-08-01 17:09:00+00:00
ADF Test Result: p-value=0.4280 (Required < 0.05) | OLS Beta: -0.3334
Filter ON: Spread not stationary (p-value too high). Skipping optimization and OOS test.

--- Window 75 Boundary Check ---
IS Period RTH Bars: 14666. Start: 2024-06-28 18:00:00+00:00 | End: 2024-08-22 17:08:00+00:00
OOS Start Bar Index: 451932 | Time: 2024-08-22 17:09:00+00:00
ADF Test Result: p-value=0.2990 (Required < 0.05) | OLS Beta: -0.8678
Filter ON: Spread not stationary (p-value too high). Skipping optimization and OOS test.

--- Window 76 Boundary Check ---
IS Period RTH Bars: 14666. Start: 2024-07-22 19:43:00+00:00 | End: 2024-09-13 17:08:00+00:00
OOS Start Bar Index: 457782 | Time: 2024-09-13 17:09:00+00:00
ADF Test Result: p-value=0.1662 (Required < 0.05) | OLS Beta: 0.1532
Filter ON: Spread not stationary (p-value too high). Skipping optimization and OOS test.

--- Window 77 Boundary Check ---
IS Period RTH Bars: 14666. Start: 2024-08-12 19:43:00+00:00 | End: 2024-10-04 17:08:00+00:00
OOS Start Bar Index: 463632 | Time: 2024-10-04 17:09:00+00:00
ADF Test Result: p-value=0.1996 (Required < 0.05) | OLS Beta: 0.2057
Filter ON: Spread not stationary (p-value too high). Skipping optimization and OOS test.

--- Window 78 Boundary Check ---
IS Period RTH Bars: 14666. Start: 2024-09-03 19:43:00+00:00 | End: 2024-10-25 17:08:00+00:00
OOS Start Bar Index: 469482 | Time: 2024-10-25 17:09:00+00:00
ADF Test Result: p-value=0.1505 (Required < 0.05) | OLS Beta: 0.0819
Filter ON: Spread not stationary (p-value too high). Skipping optimization and OOS test.

--- Window 79 Boundary Check ---
IS Period RTH Bars: 14666. Start: 2024-09-24 19:43:00+00:00 | End: 2024-11-15 18:08:00+00:00
OOS Start Bar Index: 475332 | Time: 2024-11-15 18:09:00+00:00
ADF Test Result: p-value=0.1023 (Required < 0.05) | OLS Beta: -0.5126
Filter ON: Spread not stationary (p-value too high). Skipping optimization and OOS test.

--- Window 80 Boundary Check ---
IS Period RTH Bars: 14666. Start: 2024-10-15 19:43:00+00:00 | End: 2024-12-09 20:17:00+00:00
OOS Start Bar Index: 481182 | Time: 2024-12-09 20:18:00+00:00
ADF Test Result: p-value=0.8625 (Required < 0.05) | OLS Beta: -0.5149
Filter ON: Spread not stationary (p-value too high). Skipping optimization and OOS test.

############################################################
📈 OVERALL SIMULATION PERFORMANCE (Walk-Forward Test)
############################################################
Timeframe Used: 1Min, Value: 1
ADF Cointegration Filter Threshold: 0.05
Total OOS Windows Tested: 80
Total Trades Executed: 4228
--- Final Performance Metrics ---
Total PnL: $95.85
Overall Sharpe Ratio (Annualized): 0.0191
Overall Calmar Ratio (Annualized): 0.0031
Maximum Dollar Drawdown (MDD): $1,487.27

--- Execution Time ---
Total Elapsed Time: 195.16 seconds
############################################################
[0m