--- Dynamic Timeframe Configuration ---
TimeFrame Selected: 1Min, Value: 15
Bars per Trading Day: 26
Annualization Factor (Bars/Year): 6552
Statistical Lookback Bars: 145
Optimization Lookback Bars: 1268
---------------------------------------
--- Diagnostic Check ---
API Key ID Length: 26
API Secret Key Length: 44
StockHistoricalDataClient initialized successfully. Starting data fetch...
--------------------------
Pre-compiling Numba function for first run optimization...
Numba pre-compilation complete.
Fetching data from 2020-01-01 to 2024-12-30...
Fetching 15Min data for AMZN...
Fetching 15Min data for BABA...
Data acquired successfully. Total 1Min RTH bars: 32550
Skipping full pre-calculation. Metrics will be calculated inside the WFA loop.

============================================================
📈 Starting Rolling Backtest: IS Optimization Window=1268 bars, Shift=15 days
   Data already processed with Statistical Rolling Window: 145 bars
   ADF Cointegration Filter: p-value < 0.05
============================================================

--- Window 1 Boundary Check ---
IS Period RTH Bars: 980. Start: 2020-01-17 15:00:00+00:00 | End: 2020-03-12 18:15:00+00:00
OOS Start Bar Index: 1268 | Time: 2020-03-12 18:30:00+00:00
ADF Test Result: p-value=0.1588 (Required < 0.05) | OLS Beta: 0.9387
Filter ON: Spread not stationary (p-value too high). Skipping optimization and OOS test.

--- Window 2 Boundary Check ---
IS Period RTH Bars: 980. Start: 2020-02-10 15:00:00+00:00 | End: 2020-04-02 18:30:00+00:00
OOS Start Bar Index: 1658 | Time: 2020-04-02 18:45:00+00:00
ADF Test Result: p-value=0.5124 (Required < 0.05) | OLS Beta: 0.7626
Filter ON: Spread not stationary (p-value too high). Skipping optimization and OOS test.

--- Window 3 Boundary Check ---
IS Period RTH Bars: 980. Start: 2020-03-03 15:00:00+00:00 | End: 2020-04-24 18:30:00+00:00
OOS Start Bar Index: 2048 | Time: 2020-04-24 18:45:00+00:00
ADF Test Result: p-value=0.7454 (Required < 0.05) | OLS Beta: 1.3376
Filter ON: Spread not stationary (p-value too high). Skipping optimization and OOS test.

--- Window 4 Boundary Check ---
IS Period RTH Bars: 980. Start: 2020-03-24 14:15:00+00:00 | End: 2020-05-15 18:30:00+00:00
OOS Start Bar Index: 2438 | Time: 2020-05-15 18:45:00+00:00
ADF Test Result: p-value=0.4680 (Required < 0.05) | OLS Beta: 1.9196
Filter ON: Spread not stationary (p-value too high). Skipping optimization and OOS test.

--- Window 5 Boundary Check ---
IS Period RTH Bars: 980. Start: 2020-04-15 14:15:00+00:00 | End: 2020-06-08 18:30:00+00:00
OOS Start Bar Index: 2828 | Time: 2020-06-08 18:45:00+00:00
ADF Test Result: p-value=0.0035 (Required < 0.05) | OLS Beta: 0.4381
Filter OFF: Spread is stationary. Proceeding with optimization.
IS Optimization Time: 0.07 seconds.
Optimal Params (Sharpe=5.0514, Calmar=105.4766): Z_E=2.7, Z_X=1.3, Z_SL=3.9
📊 Persistence: Saved 103 PnL points to wfa_outputs\oos_equity_curve_AMZN_BABA_15m_20251105_175056_0.05.csv
OOS Period (2020-06-08 18:45:00+00:00 to 2020-06-29 18:30:00+00:00): PnL: $-278.96 | Sharpe: -4.7316 | Calmar: -9.6339 | Trades: 103

--- Window 6 Boundary Check ---
IS Period RTH Bars: 980. Start: 2020-05-06 14:15:00+00:00 | End: 2020-06-29 18:30:00+00:00
OOS Start Bar Index: 3218 | Time: 2020-06-29 18:45:00+00:00
ADF Test Result: p-value=0.4309 (Required < 0.05) | OLS Beta: 0.9260
Filter ON: Spread not stationary (p-value too high). Skipping optimization and OOS test.

--- Window 7 Boundary Check ---
IS Period RTH Bars: 980. Start: 2020-05-28 14:15:00+00:00 | End: 2020-07-21 18:30:00+00:00
OOS Start Bar Index: 3608 | Time: 2020-07-21 18:45:00+00:00
ADF Test Result: p-value=0.3027 (Required < 0.05) | OLS Beta: 1.1068
Filter ON: Spread not stationary (p-value too high). Skipping optimization and OOS test.

--- Window 8 Boundary Check ---
IS Period RTH Bars: 980. Start: 2020-06-18 14:15:00+00:00 | End: 2020-08-11 18:30:00+00:00
OOS Start Bar Index: 3998 | Time: 2020-08-11 18:45:00+00:00
ADF Test Result: p-value=0.0075 (Required < 0.05) | OLS Beta: 0.8522
Filter OFF: Spread is stationary. Proceeding with optimization.
IS Optimization Time: 0.10 seconds.
Optimal Params (Sharpe=5.8446, Calmar=0.0000): Z_E=2.7, Z_X=0.3, Z_SL=3.9
📊 Persistence: Saved 103 PnL points to wfa_outputs\oos_equity_curve_AMZN_BABA_15m_20251105_175056_0.05.csv
OOS Period (2020-08-11 18:45:00+00:00 to 2020-09-01 18:30:00+00:00): PnL: $0.00 | Sharpe: 0.0000 | Calmar: 0.0000 | Trades: 0

--- Window 9 Boundary Check ---
IS Period RTH Bars: 980. Start: 2020-07-10 14:15:00+00:00 | End: 2020-09-01 18:30:00+00:00
OOS Start Bar Index: 4388 | Time: 2020-09-01 18:45:00+00:00
ADF Test Result: p-value=0.0133 (Required < 0.05) | OLS Beta: 0.7593
Filter OFF: Spread is stationary. Proceeding with optimization.
IS Optimization Time: 0.10 seconds.
Optimal Params (Sharpe=5.1919, Calmar=109.8503): Z_E=1.9, Z_X=1.3, Z_SL=4.2
📊 Persistence: Saved 147 PnL points to wfa_outputs\oos_equity_curve_AMZN_BABA_15m_20251105_175056_0.05.csv
OOS Period (2020-09-01 18:45:00+00:00 to 2020-09-23 18:30:00+00:00): PnL: $16.00 | Sharpe: 0.1743 | Calmar: 0.8225 | Trades: 44

--- Window 10 Boundary Check ---
IS Period RTH Bars: 980. Start: 2020-07-31 14:15:00+00:00 | End: 2020-09-23 18:30:00+00:00
OOS Start Bar Index: 4778 | Time: 2020-09-23 18:45:00+00:00
ADF Test Result: p-value=0.7727 (Required < 0.05) | OLS Beta: 0.4536
Filter ON: Spread not stationary (p-value too high). Skipping optimization and OOS test.

--- Window 11 Boundary Check ---
IS Period RTH Bars: 980. Start: 2020-08-21 14:15:00+00:00 | End: 2020-10-14 18:30:00+00:00
OOS Start Bar Index: 5168 | Time: 2020-10-14 18:45:00+00:00
ADF Test Result: p-value=0.2848 (Required < 0.05) | OLS Beta: 0.6906
Filter ON: Spread not stationary (p-value too high). Skipping optimization and OOS test.

--- Window 12 Boundary Check ---
IS Period RTH Bars: 980. Start: 2020-09-14 14:15:00+00:00 | End: 2020-11-04 19:30:00+00:00
OOS Start Bar Index: 5558 | Time: 2020-11-04 19:45:00+00:00
ADF Test Result: p-value=0.1658 (Required < 0.05) | OLS Beta: 0.4759
Filter ON: Spread not stationary (p-value too high). Skipping optimization and OOS test.

--- Window 13 Boundary Check ---
IS Period RTH Bars: 980. Start: 2020-10-05 14:15:00+00:00 | End: 2020-11-25 19:30:00+00:00
OOS Start Bar Index: 5948 | Time: 2020-11-25 19:45:00+00:00
ADF Test Result: p-value=0.1397 (Required < 0.05) | OLS Beta: 0.2378
Filter ON: Spread not stationary (p-value too high). Skipping optimization and OOS test.

--- Window 14 Boundary Check ---
IS Period RTH Bars: 980. Start: 2020-10-26 14:15:00+00:00 | End: 2020-12-17 20:45:00+00:00
OOS Start Bar Index: 6338 | Time: 2020-12-18 14:30:00+00:00
ADF Test Result: p-value=0.0310 (Required < 0.05) | OLS Beta: 0.0617
Filter OFF: Spread is stationary. Proceeding with optimization.
IS Optimization Time: 0.07 seconds.
Optimal Params (Sharpe=4.8500, Calmar=69.6334): Z_E=1.9, Z_X=1.5, Z_SL=4.8
📊 Persistence: Saved 148 PnL points to wfa_outputs\oos_equity_curve_AMZN_BABA_15m_20251105_175056_0.05.csv
OOS Period (2020-12-18 14:30:00+00:00 to 2021-01-12 14:45:00+00:00): PnL: $133.36 | Sharpe: 4.1040 | Calmar: 0.0000 | Trades: 1

--- Window 15 Boundary Check ---
IS Period RTH Bars: 980. Start: 2020-11-16 15:15:00+00:00 | End: 2021-01-12 14:45:00+00:00
OOS Start Bar Index: 6728 | Time: 2021-01-12 15:00:00+00:00
ADF Test Result: p-value=0.1102 (Required < 0.05) | OLS Beta: -0.1044
Filter ON: Spread not stationary (p-value too high). Skipping optimization and OOS test.

--- Window 16 Boundary Check ---
IS Period RTH Bars: 980. Start: 2020-12-08 16:30:00+00:00 | End: 2021-02-03 14:45:00+00:00
OOS Start Bar Index: 7118 | Time: 2021-02-03 15:00:00+00:00
ADF Test Result: p-value=0.4612 (Required < 0.05) | OLS Beta: 0.0731
Filter ON: Spread not stationary (p-value too high). Skipping optimization and OOS test.

--- Window 17 Boundary Check ---
IS Period RTH Bars: 980. Start: 2020-12-30 17:00:00+00:00 | End: 2021-02-25 14:45:00+00:00
OOS Start Bar Index: 7508 | Time: 2021-02-25 15:00:00+00:00
ADF Test Result: p-value=0.0660 (Required < 0.05) | OLS Beta: 0.2814
Filter ON: Spread not stationary (p-value too high). Skipping optimization and OOS test.

--- Window 18 Boundary Check ---
IS Period RTH Bars: 980. Start: 2021-01-22 17:00:00+00:00 | End: 2021-03-18 13:45:00+00:00
OOS Start Bar Index: 7898 | Time: 2021-03-18 14:00:00+00:00
ADF Test Result: p-value=0.0303 (Required < 0.05) | OLS Beta: 0.5796
Filter OFF: Spread is stationary. Proceeding with optimization.
IS Optimization Time: 0.11 seconds.
Optimal Params (Sharpe=4.2819, Calmar=59.2416): Z_E=2.3, Z_X=1.1, Z_SL=4.5
📊 Persistence: Saved 185 PnL points to wfa_outputs\oos_equity_curve_AMZN_BABA_15m_20251105_175056_0.05.csv
OOS Period (2021-03-18 14:00:00+00:00 to 2021-04-09 13:45:00+00:00): PnL: $-233.22 | Sharpe: -4.4744 | Calmar: -12.1033 | Trades: 37

--- Window 19 Boundary Check ---
IS Period RTH Bars: 980. Start: 2021-02-12 17:00:00+00:00 | End: 2021-04-09 13:45:00+00:00
OOS Start Bar Index: 8288 | Time: 2021-04-09 14:00:00+00:00
ADF Test Result: p-value=0.9048 (Required < 0.05) | OLS Beta: 0.3069
Filter ON: Spread not stationary (p-value too high). Skipping optimization and OOS test.

--- Window 20 Boundary Check ---
IS Period RTH Bars: 980. Start: 2021-03-08 17:00:00+00:00 | End: 2021-05-03 13:30:00+00:00
OOS Start Bar Index: 8678 | Time: 2021-05-03 13:45:00+00:00
ADF Test Result: p-value=0.7841 (Required < 0.05) | OLS Beta: 0.4850
Filter ON: Spread not stationary (p-value too high). Skipping optimization and OOS test.

--- Window 21 Boundary Check ---
IS Period RTH Bars: 980. Start: 2021-03-29 16:00:00+00:00 | End: 2021-05-24 13:30:00+00:00
OOS Start Bar Index: 9068 | Time: 2021-05-24 13:45:00+00:00
ADF Test Result: p-value=0.0578 (Required < 0.05) | OLS Beta: 0.4450
Filter ON: Spread not stationary (p-value too high). Skipping optimization and OOS test.

--- Window 22 Boundary Check ---
IS Period RTH Bars: 980. Start: 2021-04-21 15:45:00+00:00 | End: 2021-06-15 13:30:00+00:00
OOS Start Bar Index: 9458 | Time: 2021-06-15 13:45:00+00:00
ADF Test Result: p-value=0.6416 (Required < 0.05) | OLS Beta: 0.4799
Filter ON: Spread not stationary (p-value too high). Skipping optimization and OOS test.

--- Window 23 Boundary Check ---
IS Period RTH Bars: 980. Start: 2021-05-12 15:45:00+00:00 | End: 2021-07-07 13:30:00+00:00
OOS Start Bar Index: 9848 | Time: 2021-07-07 13:45:00+00:00
ADF Test Result: p-value=0.9910 (Required < 0.05) | OLS Beta: 0.2543
Filter ON: Spread not stationary (p-value too high). Skipping optimization and OOS test.

--- Window 24 Boundary Check ---
IS Period RTH Bars: 980. Start: 2021-06-03 15:45:00+00:00 | End: 2021-07-28 13:30:00+00:00
OOS Start Bar Index: 10238 | Time: 2021-07-28 13:45:00+00:00
ADF Test Result: p-value=0.2624 (Required < 0.05) | OLS Beta: -0.5251
Filter ON: Spread not stationary (p-value too high). Skipping optimization and OOS test.

--- Window 25 Boundary Check ---
IS Period RTH Bars: 980. Start: 2021-06-24 15:45:00+00:00 | End: 2021-08-18 13:30:00+00:00
OOS Start Bar Index: 10628 | Time: 2021-08-18 13:45:00+00:00
ADF Test Result: p-value=0.7185 (Required < 0.05) | OLS Beta: 0.2422
Filter ON: Spread not stationary (p-value too high). Skipping optimization and OOS test.

--- Window 26 Boundary Check ---
IS Period RTH Bars: 980. Start: 2021-07-16 15:45:00+00:00 | End: 2021-09-09 13:30:00+00:00
OOS Start Bar Index: 11018 | Time: 2021-09-09 13:45:00+00:00
ADF Test Result: p-value=0.7895 (Required < 0.05) | OLS Beta: 0.2089
Filter ON: Spread not stationary (p-value too high). Skipping optimization and OOS test.

--- Window 27 Boundary Check ---
IS Period RTH Bars: 980. Start: 2021-08-06 15:45:00+00:00 | End: 2021-09-30 13:30:00+00:00
OOS Start Bar Index: 11408 | Time: 2021-09-30 13:45:00+00:00
ADF Test Result: p-value=0.6344 (Required < 0.05) | OLS Beta: -0.0475
Filter ON: Spread not stationary (p-value too high). Skipping optimization and OOS test.

--- Window 28 Boundary Check ---
IS Period RTH Bars: 980. Start: 2021-08-27 15:45:00+00:00 | End: 2021-10-21 13:30:00+00:00
OOS Start Bar Index: 11798 | Time: 2021-10-21 13:45:00+00:00
ADF Test Result: p-value=0.4471 (Required < 0.05) | OLS Beta: 0.2508
Filter ON: Spread not stationary (p-value too high). Skipping optimization and OOS test.

--- Window 29 Boundary Check ---
IS Period RTH Bars: 980. Start: 2021-09-20 15:45:00+00:00 | End: 2021-11-11 20:45:00+00:00
OOS Start Bar Index: 12188 | Time: 2021-11-12 14:30:00+00:00
ADF Test Result: p-value=0.4062 (Required < 0.05) | OLS Beta: 0.1689
Filter ON: Spread not stationary (p-value too high). Skipping optimization and OOS test.

--- Window 30 Boundary Check ---
IS Period RTH Bars: 980. Start: 2021-10-11 15:45:00+00:00 | End: 2021-12-06 14:45:00+00:00
OOS Start Bar Index: 12578 | Time: 2021-12-06 15:00:00+00:00
ADF Test Result: p-value=0.4073 (Required < 0.05) | OLS Beta: -0.1031
Filter ON: Spread not stationary (p-value too high). Skipping optimization and OOS test.

--- Window 31 Boundary Check ---
IS Period RTH Bars: 980. Start: 2021-11-02 15:30:00+00:00 | End: 2021-12-28 14:45:00+00:00
OOS Start Bar Index: 12968 | Time: 2021-12-28 15:00:00+00:00
ADF Test Result: p-value=0.0226 (Required < 0.05) | OLS Beta: 0.0828
Filter OFF: Spread is stationary. Proceeding with optimization.
IS Optimization Time: 0.08 seconds.
Optimal Params (Sharpe=2.8142, Calmar=22.9846): Z_E=2.9, Z_X=0.3, Z_SL=3.6
📊 Persistence: Saved 198 PnL points to wfa_outputs\oos_equity_curve_AMZN_BABA_15m_20251105_175056_0.05.csv
OOS Period (2021-12-28 15:00:00+00:00 to 2022-01-19 14:45:00+00:00): PnL: $-57.67 | Sharpe: -1.9719 | Calmar: -8.8652 | Trades: 13

--- Window 32 Boundary Check ---
IS Period RTH Bars: 980. Start: 2021-11-23 16:30:00+00:00 | End: 2022-01-19 14:45:00+00:00
OOS Start Bar Index: 13358 | Time: 2022-01-19 15:00:00+00:00
ADF Test Result: p-value=0.6638 (Required < 0.05) | OLS Beta: -0.0049
Filter ON: Spread not stationary (p-value too high). Skipping optimization and OOS test.

--- Window 33 Boundary Check ---
IS Period RTH Bars: 980. Start: 2021-12-15 17:00:00+00:00 | End: 2022-02-09 20:00:00+00:00
OOS Start Bar Index: 13748 | Time: 2022-02-09 20:15:00+00:00
ADF Test Result: p-value=0.5767 (Required < 0.05) | OLS Beta: 0.0776
Filter ON: Spread not stationary (p-value too high). Skipping optimization and OOS test.

--- Window 34 Boundary Check ---
IS Period RTH Bars: 980. Start: 2022-01-06 17:00:00+00:00 | End: 2022-03-03 20:00:00+00:00
OOS Start Bar Index: 14138 | Time: 2022-03-03 20:15:00+00:00
ADF Test Result: p-value=0.1964 (Required < 0.05) | OLS Beta: 0.3380
Filter ON: Spread not stationary (p-value too high). Skipping optimization and OOS test.

--- Window 35 Boundary Check ---
IS Period RTH Bars: 980. Start: 2022-01-31 15:45:00+00:00 | End: 2022-03-25 18:45:00+00:00
OOS Start Bar Index: 14528 | Time: 2022-03-25 19:00:00+00:00
ADF Test Result: p-value=0.2509 (Required < 0.05) | OLS Beta: 0.1766
Filter ON: Spread not stationary (p-value too high). Skipping optimization and OOS test.

--- Window 36 Boundary Check ---
IS Period RTH Bars: 980. Start: 2022-02-22 15:45:00+00:00 | End: 2022-04-18 18:45:00+00:00
OOS Start Bar Index: 14918 | Time: 2022-04-18 19:00:00+00:00
ADF Test Result: p-value=0.1864 (Required < 0.05) | OLS Beta: 0.3672
Filter ON: Spread not stationary (p-value too high). Skipping optimization and OOS test.

--- Window 37 Boundary Check ---
IS Period RTH Bars: 980. Start: 2022-03-16 14:30:00+00:00 | End: 2022-05-09 18:45:00+00:00
OOS Start Bar Index: 15308 | Time: 2022-05-09 19:00:00+00:00
ADF Test Result: p-value=0.8145 (Required < 0.05) | OLS Beta: 0.6810
Filter ON: Spread not stationary (p-value too high). Skipping optimization and OOS test.

--- Window 38 Boundary Check ---
IS Period RTH Bars: 980. Start: 2022-04-06 14:30:00+00:00 | End: 2022-05-31 18:45:00+00:00
OOS Start Bar Index: 15698 | Time: 2022-05-31 19:00:00+00:00
ADF Test Result: p-value=0.6834 (Required < 0.05) | OLS Beta: 1.1059
Filter ON: Spread not stationary (p-value too high). Skipping optimization and OOS test.

--- Window 39 Boundary Check ---
IS Period RTH Bars: 980. Start: 2022-04-28 14:30:00+00:00 | End: 2022-06-22 18:45:00+00:00
OOS Start Bar Index: 16088 | Time: 2022-06-22 19:00:00+00:00
ADF Test Result: p-value=0.0204 (Required < 0.05) | OLS Beta: 0.1913
Filter OFF: Spread is stationary. Proceeding with optimization.
IS Optimization Time: 0.07 seconds.
Optimal Params (Sharpe=1.9987, Calmar=17.5220): Z_E=1.9, Z_X=1.5, Z_SL=3.6
📊 Persistence: Saved 198 PnL points to wfa_outputs\oos_equity_curve_AMZN_BABA_15m_20251105_175056_0.05.csv
OOS Period (2022-06-22 19:00:00+00:00 to 2022-07-14 18:45:00+00:00): PnL: $0.00 | Sharpe: 0.0000 | Calmar: 0.0000 | Trades: 0

--- Window 40 Boundary Check ---
IS Period RTH Bars: 980. Start: 2022-05-19 14:30:00+00:00 | End: 2022-07-14 18:45:00+00:00
OOS Start Bar Index: 16478 | Time: 2022-07-14 19:00:00+00:00
ADF Test Result: p-value=0.4710 (Required < 0.05) | OLS Beta: 0.0749
Filter ON: Spread not stationary (p-value too high). Skipping optimization and OOS test.

--- Window 41 Boundary Check ---
IS Period RTH Bars: 980. Start: 2022-06-10 14:30:00+00:00 | End: 2022-08-04 18:45:00+00:00
OOS Start Bar Index: 16868 | Time: 2022-08-04 19:00:00+00:00
ADF Test Result: p-value=0.6430 (Required < 0.05) | OLS Beta: -0.5853
Filter ON: Spread not stationary (p-value too high). Skipping optimization and OOS test.

--- Window 42 Boundary Check ---
IS Period RTH Bars: 980. Start: 2022-07-05 14:30:00+00:00 | End: 2022-08-25 18:45:00+00:00
OOS Start Bar Index: 17258 | Time: 2022-08-25 19:00:00+00:00
ADF Test Result: p-value=0.1923 (Required < 0.05) | OLS Beta: -0.8660
Filter ON: Spread not stationary (p-value too high). Skipping optimization and OOS test.

--- Window 43 Boundary Check ---
IS Period RTH Bars: 980. Start: 2022-07-26 14:30:00+00:00 | End: 2022-09-16 18:45:00+00:00
OOS Start Bar Index: 17648 | Time: 2022-09-16 19:00:00+00:00
ADF Test Result: p-value=0.3066 (Required < 0.05) | OLS Beta: -0.2152
Filter ON: Spread not stationary (p-value too high). Skipping optimization and OOS test.

--- Window 44 Boundary Check ---
IS Period RTH Bars: 980. Start: 2022-08-16 14:30:00+00:00 | End: 2022-10-07 18:45:00+00:00
OOS Start Bar Index: 18038 | Time: 2022-10-07 19:00:00+00:00
ADF Test Result: p-value=0.1580 (Required < 0.05) | OLS Beta: 0.8078
Filter ON: Spread not stationary (p-value too high). Skipping optimization and OOS test.

--- Window 45 Boundary Check ---
IS Period RTH Bars: 980. Start: 2022-09-07 14:30:00+00:00 | End: 2022-10-28 18:45:00+00:00
OOS Start Bar Index: 18428 | Time: 2022-10-28 19:00:00+00:00
ADF Test Result: p-value=0.4167 (Required < 0.05) | OLS Beta: 0.3859
Filter ON: Spread not stationary (p-value too high). Skipping optimization and OOS test.

--- Window 46 Boundary Check ---
IS Period RTH Bars: 980. Start: 2022-09-28 14:30:00+00:00 | End: 2022-11-18 19:45:00+00:00
OOS Start Bar Index: 18818 | Time: 2022-11-18 20:00:00+00:00
ADF Test Result: p-value=0.8891 (Required < 0.05) | OLS Beta: 0.4119
Filter ON: Spread not stationary (p-value too high). Skipping optimization and OOS test.

--- Window 47 Boundary Check ---
IS Period RTH Bars: 980. Start: 2022-10-19 14:30:00+00:00 | End: 2022-12-12 19:45:00+00:00
OOS Start Bar Index: 19208 | Time: 2022-12-12 20:00:00+00:00
ADF Test Result: p-value=0.1755 (Required < 0.05) | OLS Beta: -0.3699
Filter ON: Spread not stationary (p-value too high). Skipping optimization and OOS test.

--- Window 48 Boundary Check ---
IS Period RTH Bars: 980. Start: 2022-11-09 15:30:00+00:00 | End: 2023-01-04 19:45:00+00:00
OOS Start Bar Index: 19598 | Time: 2023-01-04 20:00:00+00:00
ADF Test Result: p-value=0.0309 (Required < 0.05) | OLS Beta: -0.3121
Filter OFF: Spread is stationary. Proceeding with optimization.
IS Optimization Time: 0.08 seconds.
Optimal Params (Sharpe=4.4060, Calmar=0.0000): Z_E=2.9, Z_X=0.7, Z_SL=3.3
📊 Persistence: Saved 291 PnL points to wfa_outputs\oos_equity_curve_AMZN_BABA_15m_20251105_175056_0.05.csv
OOS Period (2023-01-04 20:00:00+00:00 to 2023-01-26 19:45:00+00:00): PnL: $54.10 | Sharpe: 0.4794 | Calmar: 3.2561 | Trades: 93

--- Window 49 Boundary Check ---
IS Period RTH Bars: 980. Start: 2022-12-01 15:30:00+00:00 | End: 2023-01-26 19:45:00+00:00
OOS Start Bar Index: 19988 | Time: 2023-01-26 20:00:00+00:00
ADF Test Result: p-value=0.1227 (Required < 0.05) | OLS Beta: 0.2885
Filter ON: Spread not stationary (p-value too high). Skipping optimization and OOS test.

--- Window 50 Boundary Check ---
IS Period RTH Bars: 980. Start: 2022-12-22 15:30:00+00:00 | End: 2023-02-16 19:45:00+00:00
OOS Start Bar Index: 20378 | Time: 2023-02-16 20:00:00+00:00
ADF Test Result: p-value=0.7034 (Required < 0.05) | OLS Beta: 0.5097
Filter ON: Spread not stationary (p-value too high). Skipping optimization and OOS test.

--- Window 51 Boundary Check ---
IS Period RTH Bars: 980. Start: 2023-01-17 15:30:00+00:00 | End: 2023-03-10 19:45:00+00:00
OOS Start Bar Index: 20768 | Time: 2023-03-10 20:00:00+00:00
ADF Test Result: p-value=0.2577 (Required < 0.05) | OLS Beta: 0.2016
Filter ON: Spread not stationary (p-value too high). Skipping optimization and OOS test.

--- Window 52 Boundary Check ---
IS Period RTH Bars: 980. Start: 2023-02-07 15:30:00+00:00 | End: 2023-03-31 18:45:00+00:00
OOS Start Bar Index: 21158 | Time: 2023-03-31 19:00:00+00:00
ADF Test Result: p-value=0.3501 (Required < 0.05) | OLS Beta: 0.1648
Filter ON: Spread not stationary (p-value too high). Skipping optimization and OOS test.

--- Window 53 Boundary Check ---
IS Period RTH Bars: 980. Start: 2023-03-01 15:30:00+00:00 | End: 2023-04-24 18:45:00+00:00
OOS Start Bar Index: 21548 | Time: 2023-04-24 19:00:00+00:00
ADF Test Result: p-value=0.6813 (Required < 0.05) | OLS Beta: 0.2766
Filter ON: Spread not stationary (p-value too high). Skipping optimization and OOS test.

--- Window 54 Boundary Check ---
IS Period RTH Bars: 980. Start: 2023-03-22 14:30:00+00:00 | End: 2023-05-15 18:45:00+00:00
OOS Start Bar Index: 21938 | Time: 2023-05-15 19:00:00+00:00
ADF Test Result: p-value=0.3565 (Required < 0.05) | OLS Beta: -0.2027
Filter ON: Spread not stationary (p-value too high). Skipping optimization and OOS test.

--- Window 55 Boundary Check ---
IS Period RTH Bars: 980. Start: 2023-04-13 14:30:00+00:00 | End: 2023-06-06 18:45:00+00:00
OOS Start Bar Index: 22328 | Time: 2023-06-06 19:00:00+00:00
ADF Test Result: p-value=0.9399 (Required < 0.05) | OLS Beta: -0.5006
Filter ON: Spread not stationary (p-value too high). Skipping optimization and OOS test.

--- Window 56 Boundary Check ---
IS Period RTH Bars: 980. Start: 2023-05-04 14:30:00+00:00 | End: 2023-06-28 18:45:00+00:00
OOS Start Bar Index: 22718 | Time: 2023-06-28 19:00:00+00:00
ADF Test Result: p-value=0.5348 (Required < 0.05) | OLS Beta: 0.5644
Filter ON: Spread not stationary (p-value too high). Skipping optimization and OOS test.

--- Window 57 Boundary Check ---
IS Period RTH Bars: 980. Start: 2023-05-25 14:30:00+00:00 | End: 2023-07-20 18:45:00+00:00
OOS Start Bar Index: 23108 | Time: 2023-07-20 19:00:00+00:00
ADF Test Result: p-value=0.0378 (Required < 0.05) | OLS Beta: 0.4723
Filter OFF: Spread is stationary. Proceeding with optimization.
IS Optimization Time: 0.08 seconds.
Optimal Params (Sharpe=1.1074, Calmar=3.3193): Z_E=2.5, Z_X=0.5, Z_SL=3.3
📊 Persistence: Saved 292 PnL points to wfa_outputs\oos_equity_curve_AMZN_BABA_15m_20251105_175056_0.05.csv
OOS Period (2023-07-20 19:00:00+00:00 to 2023-08-10 18:45:00+00:00): PnL: $242.16 | Sharpe: 4.1040 | Calmar: 0.0000 | Trades: 1

--- Window 58 Boundary Check ---
IS Period RTH Bars: 980. Start: 2023-06-16 14:30:00+00:00 | End: 2023-08-10 18:45:00+00:00
OOS Start Bar Index: 23498 | Time: 2023-08-10 19:00:00+00:00
ADF Test Result: p-value=0.1467 (Required < 0.05) | OLS Beta: 0.2454
Filter ON: Spread not stationary (p-value too high). Skipping optimization and OOS test.

--- Window 59 Boundary Check ---
IS Period RTH Bars: 980. Start: 2023-07-11 14:30:00+00:00 | End: 2023-08-31 18:45:00+00:00
OOS Start Bar Index: 23888 | Time: 2023-08-31 19:00:00+00:00
ADF Test Result: p-value=0.1366 (Required < 0.05) | OLS Beta: 0.0014
Filter ON: Spread not stationary (p-value too high). Skipping optimization and OOS test.

--- Window 60 Boundary Check ---
IS Period RTH Bars: 980. Start: 2023-08-01 14:30:00+00:00 | End: 2023-09-22 18:45:00+00:00
OOS Start Bar Index: 24278 | Time: 2023-09-22 19:00:00+00:00
ADF Test Result: p-value=0.3159 (Required < 0.05) | OLS Beta: -0.0374
Filter ON: Spread not stationary (p-value too high). Skipping optimization and OOS test.

--- Window 61 Boundary Check ---
IS Period RTH Bars: 980. Start: 2023-08-22 14:30:00+00:00 | End: 2023-10-13 18:45:00+00:00
OOS Start Bar Index: 24668 | Time: 2023-10-13 19:00:00+00:00
ADF Test Result: p-value=0.5423 (Required < 0.05) | OLS Beta: 0.5809
Filter ON: Spread not stationary (p-value too high). Skipping optimization and OOS test.

--- Window 62 Boundary Check ---
IS Period RTH Bars: 980. Start: 2023-09-13 14:30:00+00:00 | End: 2023-11-03 18:45:00+00:00
OOS Start Bar Index: 25058 | Time: 2023-11-03 19:00:00+00:00
ADF Test Result: p-value=0.3524 (Required < 0.05) | OLS Beta: 0.7556
Filter ON: Spread not stationary (p-value too high). Skipping optimization and OOS test.

--- Window 63 Boundary Check ---
IS Period RTH Bars: 980. Start: 2023-10-04 14:30:00+00:00 | End: 2023-11-27 19:45:00+00:00
OOS Start Bar Index: 25448 | Time: 2023-11-27 20:00:00+00:00
ADF Test Result: p-value=0.5308 (Required < 0.05) | OLS Beta: -0.5525
Filter ON: Spread not stationary (p-value too high). Skipping optimization and OOS test.

--- Window 64 Boundary Check ---
IS Period RTH Bars: 980. Start: 2023-10-25 14:30:00+00:00 | End: 2023-12-18 19:45:00+00:00
OOS Start Bar Index: 25838 | Time: 2023-12-18 20:00:00+00:00
ADF Test Result: p-value=0.0804 (Required < 0.05) | OLS Beta: -0.4319
Filter ON: Spread not stationary (p-value too high). Skipping optimization and OOS test.

--- Window 65 Boundary Check ---
IS Period RTH Bars: 980. Start: 2023-11-15 15:30:00+00:00 | End: 2024-01-10 19:45:00+00:00
OOS Start Bar Index: 26228 | Time: 2024-01-10 20:00:00+00:00
ADF Test Result: p-value=0.4393 (Required < 0.05) | OLS Beta: -0.0291
Filter ON: Spread not stationary (p-value too high). Skipping optimization and OOS test.

--- Window 66 Boundary Check ---
IS Period RTH Bars: 980. Start: 2023-12-07 15:30:00+00:00 | End: 2024-02-01 19:45:00+00:00
OOS Start Bar Index: 26618 | Time: 2024-02-01 20:00:00+00:00
ADF Test Result: p-value=0.5837 (Required < 0.05) | OLS Beta: 0.1310
Filter ON: Spread not stationary (p-value too high). Skipping optimization and OOS test.

--- Window 67 Boundary Check ---
IS Period RTH Bars: 980. Start: 2023-12-29 15:30:00+00:00 | End: 2024-02-23 19:45:00+00:00
OOS Start Bar Index: 27008 | Time: 2024-02-23 20:00:00+00:00
ADF Test Result: p-value=0.7242 (Required < 0.05) | OLS Beta: 0.3914
Filter ON: Spread not stationary (p-value too high). Skipping optimization and OOS test.

--- Window 68 Boundary Check ---
IS Period RTH Bars: 980. Start: 2024-01-23 15:30:00+00:00 | End: 2024-03-15 18:45:00+00:00
OOS Start Bar Index: 27398 | Time: 2024-03-15 19:00:00+00:00
ADF Test Result: p-value=0.2015 (Required < 0.05) | OLS Beta: 0.3335
Filter ON: Spread not stationary (p-value too high). Skipping optimization and OOS test.

--- Window 69 Boundary Check ---
IS Period RTH Bars: 980. Start: 2024-02-13 15:30:00+00:00 | End: 2024-04-08 18:45:00+00:00
OOS Start Bar Index: 27788 | Time: 2024-04-08 19:00:00+00:00
ADF Test Result: p-value=0.2463 (Required < 0.05) | OLS Beta: -0.4458
Filter ON: Spread not stationary (p-value too high). Skipping optimization and OOS test.

--- Window 70 Boundary Check ---
IS Period RTH Bars: 980. Start: 2024-03-06 15:30:00+00:00 | End: 2024-04-29 18:45:00+00:00
OOS Start Bar Index: 28178 | Time: 2024-04-29 19:00:00+00:00
ADF Test Result: p-value=0.1881 (Required < 0.05) | OLS Beta: -0.2296
Filter ON: Spread not stationary (p-value too high). Skipping optimization and OOS test.

--- Window 71 Boundary Check ---
IS Period RTH Bars: 980. Start: 2024-03-27 14:30:00+00:00 | End: 2024-05-20 18:45:00+00:00
OOS Start Bar Index: 28568 | Time: 2024-05-20 19:00:00+00:00
ADF Test Result: p-value=0.2432 (Required < 0.05) | OLS Beta: 0.1513
Filter ON: Spread not stationary (p-value too high). Skipping optimization and OOS test.

--- Window 72 Boundary Check ---
IS Period RTH Bars: 980. Start: 2024-04-18 14:30:00+00:00 | End: 2024-06-11 18:45:00+00:00
OOS Start Bar Index: 28958 | Time: 2024-06-11 19:00:00+00:00
ADF Test Result: p-value=0.0883 (Required < 0.05) | OLS Beta: 0.2271
Filter ON: Spread not stationary (p-value too high). Skipping optimization and OOS test.

--- Window 73 Boundary Check ---
IS Period RTH Bars: 980. Start: 2024-05-09 14:30:00+00:00 | End: 2024-07-03 18:45:00+00:00
OOS Start Bar Index: 29348 | Time: 2024-07-03 19:00:00+00:00
ADF Test Result: p-value=0.7025 (Required < 0.05) | OLS Beta: -0.2436
Filter ON: Spread not stationary (p-value too high). Skipping optimization and OOS test.

--- Window 74 Boundary Check ---
IS Period RTH Bars: 980. Start: 2024-05-31 14:30:00+00:00 | End: 2024-07-25 18:45:00+00:00
OOS Start Bar Index: 29738 | Time: 2024-07-25 19:00:00+00:00
ADF Test Result: p-value=0.3029 (Required < 0.05) | OLS Beta: -0.3917
Filter ON: Spread not stationary (p-value too high). Skipping optimization and OOS test.

--- Window 75 Boundary Check ---
IS Period RTH Bars: 980. Start: 2024-06-24 14:30:00+00:00 | End: 2024-08-15 18:45:00+00:00
OOS Start Bar Index: 30128 | Time: 2024-08-15 19:00:00+00:00
ADF Test Result: p-value=0.1676 (Required < 0.05) | OLS Beta: -1.2406
Filter ON: Spread not stationary (p-value too high). Skipping optimization and OOS test.

--- Window 76 Boundary Check ---
IS Period RTH Bars: 980. Start: 2024-07-16 14:30:00+00:00 | End: 2024-09-06 18:45:00+00:00
OOS Start Bar Index: 30518 | Time: 2024-09-06 19:00:00+00:00
ADF Test Result: p-value=0.0643 (Required < 0.05) | OLS Beta: -0.2405
Filter ON: Spread not stationary (p-value too high). Skipping optimization and OOS test.

--- Window 77 Boundary Check ---
IS Period RTH Bars: 980. Start: 2024-08-06 14:30:00+00:00 | End: 2024-09-27 18:45:00+00:00
OOS Start Bar Index: 30908 | Time: 2024-09-27 19:00:00+00:00
ADF Test Result: p-value=0.4596 (Required < 0.05) | OLS Beta: 0.5212
Filter ON: Spread not stationary (p-value too high). Skipping optimization and OOS test.

--- Window 78 Boundary Check ---
IS Period RTH Bars: 980. Start: 2024-08-27 14:30:00+00:00 | End: 2024-10-18 18:45:00+00:00
OOS Start Bar Index: 31298 | Time: 2024-10-18 19:00:00+00:00
ADF Test Result: p-value=0.3763 (Required < 0.05) | OLS Beta: 0.1357
Filter ON: Spread not stationary (p-value too high). Skipping optimization and OOS test.

--- Window 79 Boundary Check ---
IS Period RTH Bars: 980. Start: 2024-09-18 14:30:00+00:00 | End: 2024-11-08 19:45:00+00:00
OOS Start Bar Index: 31688 | Time: 2024-11-08 20:00:00+00:00
ADF Test Result: p-value=0.5449 (Required < 0.05) | OLS Beta: -0.1938
Filter ON: Spread not stationary (p-value too high). Skipping optimization and OOS test.

--- Window 80 Boundary Check ---
IS Period RTH Bars: 980. Start: 2024-10-09 14:30:00+00:00 | End: 2024-12-02 19:45:00+00:00
OOS Start Bar Index: 32078 | Time: 2024-12-02 20:00:00+00:00
ADF Test Result: p-value=0.2617 (Required < 0.05) | OLS Beta: -0.4023
Filter ON: Spread not stationary (p-value too high). Skipping optimization and OOS test.

--- Window 81 Boundary Check ---
IS Period RTH Bars: 980. Start: 2024-10-30 14:30:00+00:00 | End: 2024-12-23 19:45:00+00:00
OOS Start Bar Index: 32468 | Time: 2024-12-23 20:00:00+00:00
ADF Test Result: p-value=0.5376 (Required < 0.05) | OLS Beta: -0.4504
Filter ON: Spread not stationary (p-value too high). Skipping optimization and OOS test.

############################################################
📈 OVERALL SIMULATION PERFORMANCE (Walk-Forward Test)
############################################################
Timeframe Used: 1Min, Value: 15
ADF Cointegration Filter Threshold: 0.05
Total OOS Windows Tested: 81
Total Trades Executed: 292
--- Final Performance Metrics ---
Total PnL: $-124.22
Overall Sharpe Ratio (Annualized): -0.0407
Overall Calmar Ratio (Annualized): -0.0125
Maximum Dollar Drawdown (MDD): $590.33

--- Execution Time ---
Total Elapsed Time: 65.78 seconds
############################################################
[0m