--- Dynamic Timeframe Configuration ---
TimeFrame Selected: 1Hour, Value: 1
Bars per Trading Day: 6
Annualization Factor (Bars/Year): 1512
Statistical Lookback Bars: 33
Optimization Lookback Bars: 292
---------------------------------------
--- Diagnostic Check ---
API Key ID Length: 26
API Secret Key Length: 44
StockHistoricalDataClient initialized successfully. Starting data fetch...
--------------------------
Pre-compiling Numba function for first run optimization...
Numba pre-compilation complete.
Fetching data from 2020-01-01 to 2024-12-30...
Fetching 1Hour data for AMZN...
Fetching 1Hour data for BABA...
Data acquired successfully. Total 1Hour RTH bars: 7513
Skipping full pre-calculation. Metrics will be calculated inside the WFA loop.

============================================================
📈 Starting Rolling Backtest: IS Optimization Window=292 bars, Shift=15 days
   Data already processed with Statistical Rolling Window: 33 bars
   ADF Cointegration Filter: p-value < 0.05
============================================================

--- Window 1 Boundary Check ---
IS Period RTH Bars: 228. Start: 2020-01-16 19:00:00+00:00 | End: 2020-03-12 17:00:00+00:00
OOS Start Bar Index: 292 | Time: 2020-03-12 18:00:00+00:00
ADF Test Result: p-value=0.2340 (Required < 0.05) | OLS Beta: 0.8975
Filter ON: Spread not stationary (p-value too high). Skipping optimization and OOS test.

--- Window 2 Boundary Check ---
IS Period RTH Bars: 228. Start: 2020-02-07 19:00:00+00:00 | End: 2020-04-02 17:00:00+00:00
OOS Start Bar Index: 382 | Time: 2020-04-02 18:00:00+00:00
ADF Test Result: p-value=0.5025 (Required < 0.05) | OLS Beta: 0.7614
Filter ON: Spread not stationary (p-value too high). Skipping optimization and OOS test.

--- Window 3 Boundary Check ---
IS Period RTH Bars: 228. Start: 2020-03-02 19:00:00+00:00 | End: 2020-04-24 17:00:00+00:00
OOS Start Bar Index: 472 | Time: 2020-04-24 18:00:00+00:00
ADF Test Result: p-value=0.7262 (Required < 0.05) | OLS Beta: 1.3035
Filter ON: Spread not stationary (p-value too high). Skipping optimization and OOS test.

--- Window 4 Boundary Check ---
IS Period RTH Bars: 228. Start: 2020-03-23 18:00:00+00:00 | End: 2020-05-15 17:00:00+00:00
OOS Start Bar Index: 562 | Time: 2020-05-15 18:00:00+00:00
ADF Test Result: p-value=0.3569 (Required < 0.05) | OLS Beta: 1.8549
Filter ON: Spread not stationary (p-value too high). Skipping optimization and OOS test.

--- Window 5 Boundary Check ---
IS Period RTH Bars: 228. Start: 2020-04-14 18:00:00+00:00 | End: 2020-06-08 17:00:00+00:00
OOS Start Bar Index: 652 | Time: 2020-06-08 18:00:00+00:00
ADF Test Result: p-value=0.2517 (Required < 0.05) | OLS Beta: 0.4317
Filter ON: Spread not stationary (p-value too high). Skipping optimization and OOS test.

--- Window 6 Boundary Check ---
IS Period RTH Bars: 228. Start: 2020-05-05 18:00:00+00:00 | End: 2020-06-29 17:00:00+00:00
OOS Start Bar Index: 742 | Time: 2020-06-29 18:00:00+00:00
ADF Test Result: p-value=0.3770 (Required < 0.05) | OLS Beta: 0.9246
Filter ON: Spread not stationary (p-value too high). Skipping optimization and OOS test.

--- Window 7 Boundary Check ---
IS Period RTH Bars: 228. Start: 2020-05-27 18:00:00+00:00 | End: 2020-07-21 17:00:00+00:00
OOS Start Bar Index: 832 | Time: 2020-07-21 18:00:00+00:00
ADF Test Result: p-value=0.2524 (Required < 0.05) | OLS Beta: 1.1094
Filter ON: Spread not stationary (p-value too high). Skipping optimization and OOS test.

--- Window 8 Boundary Check ---
IS Period RTH Bars: 228. Start: 2020-06-17 18:00:00+00:00 | End: 2020-08-11 17:00:00+00:00
OOS Start Bar Index: 922 | Time: 2020-08-11 18:00:00+00:00
ADF Test Result: p-value=0.0158 (Required < 0.05) | OLS Beta: 0.8584
Filter OFF: Spread is stationary. Proceeding with optimization.
IS Optimization Time: 0.07 seconds.
Optimal Params (Sharpe=4.2476, Calmar=0.0000): Z_E=2.5, Z_X=1.1, Z_SL=3.3
📊 Persistence: Saved 0 PnL points to wfa_outputs\oos_equity_curve_AMZN_BABA_1h_20251105_174850_0.05.csv
OOS Period (2020-08-11 18:00:00+00:00 to 2020-09-01 17:00:00+00:00): PnL: $0.00 | Sharpe: 0.0000 | Calmar: 0.0000 | Trades: 0

--- Window 9 Boundary Check ---
IS Period RTH Bars: 228. Start: 2020-07-09 18:00:00+00:00 | End: 2020-09-01 17:00:00+00:00
OOS Start Bar Index: 1012 | Time: 2020-09-01 18:00:00+00:00
ADF Test Result: p-value=0.0074 (Required < 0.05) | OLS Beta: 0.7547
Filter OFF: Spread is stationary. Proceeding with optimization.
IS Optimization Time: 0.07 seconds.
Optimal Params (Sharpe=4.6621, Calmar=10624.4810): Z_E=2.1, Z_X=0.5, Z_SL=3.3
📊 Persistence: Saved 16 PnL points to wfa_outputs\oos_equity_curve_AMZN_BABA_1h_20251105_174850_0.05.csv
OOS Period (2020-09-01 18:00:00+00:00 to 2020-09-23 17:00:00+00:00): PnL: $-115.85 | Sharpe: -2.3079 | Calmar: -8.5305 | Trades: 16

--- Window 10 Boundary Check ---
IS Period RTH Bars: 228. Start: 2020-07-30 18:00:00+00:00 | End: 2020-09-23 17:00:00+00:00
OOS Start Bar Index: 1102 | Time: 2020-09-23 18:00:00+00:00
ADF Test Result: p-value=0.6246 (Required < 0.05) | OLS Beta: 0.4597
Filter ON: Spread not stationary (p-value too high). Skipping optimization and OOS test.

--- Window 11 Boundary Check ---
IS Period RTH Bars: 228. Start: 2020-08-20 18:00:00+00:00 | End: 2020-10-14 17:00:00+00:00
OOS Start Bar Index: 1192 | Time: 2020-10-14 18:00:00+00:00
ADF Test Result: p-value=0.1665 (Required < 0.05) | OLS Beta: 0.6427
Filter ON: Spread not stationary (p-value too high). Skipping optimization and OOS test.

--- Window 12 Boundary Check ---
IS Period RTH Bars: 228. Start: 2020-09-11 18:00:00+00:00 | End: 2020-11-04 18:00:00+00:00
OOS Start Bar Index: 1282 | Time: 2020-11-04 19:00:00+00:00
ADF Test Result: p-value=0.1718 (Required < 0.05) | OLS Beta: 0.4640
Filter ON: Spread not stationary (p-value too high). Skipping optimization and OOS test.

--- Window 13 Boundary Check ---
IS Period RTH Bars: 228. Start: 2020-10-02 18:00:00+00:00 | End: 2020-11-25 18:00:00+00:00
OOS Start Bar Index: 1372 | Time: 2020-11-25 19:00:00+00:00
ADF Test Result: p-value=0.0110 (Required < 0.05) | OLS Beta: 0.2347
Filter OFF: Spread is stationary. Proceeding with optimization.
IS Optimization Time: 0.08 seconds.
Optimal Params (Sharpe=2.5731, Calmar=10351.5527): Z_E=3.1, Z_X=0.7, Z_SL=3.3
📊 Persistence: Saved 16 PnL points to wfa_outputs\oos_equity_curve_AMZN_BABA_1h_20251105_174850_0.05.csv
OOS Period (2020-11-25 19:00:00+00:00 to 2020-12-17 18:00:00+00:00): PnL: $0.00 | Sharpe: 0.0000 | Calmar: 0.0000 | Trades: 0

--- Window 14 Boundary Check ---
IS Period RTH Bars: 228. Start: 2020-10-23 18:00:00+00:00 | End: 2020-12-17 18:00:00+00:00
OOS Start Bar Index: 1462 | Time: 2020-12-17 19:00:00+00:00
ADF Test Result: p-value=0.0029 (Required < 0.05) | OLS Beta: 0.0660
Filter OFF: Spread is stationary. Proceeding with optimization.
IS Optimization Time: 0.07 seconds.
Optimal Params (Sharpe=4.3948, Calmar=102.9777): Z_E=2.1, Z_X=0.3, Z_SL=3.6
📊 Persistence: Saved 17 PnL points to wfa_outputs\oos_equity_curve_AMZN_BABA_1h_20251105_174850_0.05.csv
OOS Period (2020-12-17 19:00:00+00:00 to 2021-01-11 18:00:00+00:00): PnL: $273.48 | Sharpe: 4.1217 | Calmar: 0.0000 | Trades: 1

--- Window 15 Boundary Check ---
IS Period RTH Bars: 228. Start: 2020-11-13 19:00:00+00:00 | End: 2021-01-11 18:00:00+00:00
OOS Start Bar Index: 1552 | Time: 2021-01-11 19:00:00+00:00
ADF Test Result: p-value=0.0871 (Required < 0.05) | OLS Beta: -0.1108
Filter ON: Spread not stationary (p-value too high). Skipping optimization and OOS test.

--- Window 16 Boundary Check ---
IS Period RTH Bars: 228. Start: 2020-12-07 19:00:00+00:00 | End: 2021-02-02 18:00:00+00:00
OOS Start Bar Index: 1642 | Time: 2021-02-02 19:00:00+00:00
ADF Test Result: p-value=0.3408 (Required < 0.05) | OLS Beta: 0.0615
Filter ON: Spread not stationary (p-value too high). Skipping optimization and OOS test.

--- Window 17 Boundary Check ---
IS Period RTH Bars: 228. Start: 2020-12-29 19:00:00+00:00 | End: 2021-02-24 18:00:00+00:00
OOS Start Bar Index: 1732 | Time: 2021-02-24 19:00:00+00:00
ADF Test Result: p-value=0.0213 (Required < 0.05) | OLS Beta: 0.2710
Filter OFF: Spread is stationary. Proceeding with optimization.
IS Optimization Time: 0.07 seconds.
Optimal Params (Sharpe=2.5752, Calmar=0.0000): Z_E=3.3, Z_X=0.3, Z_SL=3.6
📊 Persistence: Saved 21 PnL points to wfa_outputs\oos_equity_curve_AMZN_BABA_1h_20251105_174850_0.05.csv
OOS Period (2021-02-24 19:00:00+00:00 to 2021-03-17 17:00:00+00:00): PnL: $236.54 | Sharpe: 5.7433 | Calmar: 215.5533 | Trades: 4

--- Window 18 Boundary Check ---
IS Period RTH Bars: 228. Start: 2021-01-21 19:00:00+00:00 | End: 2021-03-17 17:00:00+00:00
OOS Start Bar Index: 1822 | Time: 2021-03-17 18:00:00+00:00
ADF Test Result: p-value=0.0244 (Required < 0.05) | OLS Beta: 0.5893
Filter OFF: Spread is stationary. Proceeding with optimization.
IS Optimization Time: 0.06 seconds.
Optimal Params (Sharpe=4.2710, Calmar=137.3545): Z_E=2.1, Z_X=1.3, Z_SL=3.3
📊 Persistence: Saved 32 PnL points to wfa_outputs\oos_equity_curve_AMZN_BABA_1h_20251105_174850_0.05.csv
OOS Period (2021-03-17 18:00:00+00:00 to 2021-04-08 17:00:00+00:00): PnL: $-272.14 | Sharpe: -4.8990 | Calmar: -13.1230 | Trades: 11

--- Window 19 Boundary Check ---
IS Period RTH Bars: 228. Start: 2021-02-11 19:00:00+00:00 | End: 2021-04-08 17:00:00+00:00
OOS Start Bar Index: 1912 | Time: 2021-04-08 18:00:00+00:00
ADF Test Result: p-value=0.8761 (Required < 0.05) | OLS Beta: 0.3218
Filter ON: Spread not stationary (p-value too high). Skipping optimization and OOS test.

--- Window 20 Boundary Check ---
IS Period RTH Bars: 228. Start: 2021-03-05 19:00:00+00:00 | End: 2021-04-30 17:00:00+00:00
OOS Start Bar Index: 2002 | Time: 2021-04-30 18:00:00+00:00
ADF Test Result: p-value=0.7971 (Required < 0.05) | OLS Beta: 0.4798
Filter ON: Spread not stationary (p-value too high). Skipping optimization and OOS test.

--- Window 21 Boundary Check ---
IS Period RTH Bars: 228. Start: 2021-03-26 18:00:00+00:00 | End: 2021-05-21 17:00:00+00:00
OOS Start Bar Index: 2092 | Time: 2021-05-21 18:00:00+00:00
ADF Test Result: p-value=0.0614 (Required < 0.05) | OLS Beta: 0.4413
Filter ON: Spread not stationary (p-value too high). Skipping optimization and OOS test.

--- Window 22 Boundary Check ---
IS Period RTH Bars: 228. Start: 2021-04-20 18:00:00+00:00 | End: 2021-06-14 17:00:00+00:00
OOS Start Bar Index: 2182 | Time: 2021-06-14 18:00:00+00:00
ADF Test Result: p-value=0.4226 (Required < 0.05) | OLS Beta: 0.4785
Filter ON: Spread not stationary (p-value too high). Skipping optimization and OOS test.

--- Window 23 Boundary Check ---
IS Period RTH Bars: 228. Start: 2021-05-11 18:00:00+00:00 | End: 2021-07-06 17:00:00+00:00
OOS Start Bar Index: 2272 | Time: 2021-07-06 18:00:00+00:00
ADF Test Result: p-value=0.9352 (Required < 0.05) | OLS Beta: 0.2490
Filter ON: Spread not stationary (p-value too high). Skipping optimization and OOS test.

--- Window 24 Boundary Check ---
IS Period RTH Bars: 228. Start: 2021-06-02 18:00:00+00:00 | End: 2021-07-27 17:00:00+00:00
OOS Start Bar Index: 2362 | Time: 2021-07-27 18:00:00+00:00
ADF Test Result: p-value=0.5618 (Required < 0.05) | OLS Beta: -0.5780
Filter ON: Spread not stationary (p-value too high). Skipping optimization and OOS test.

--- Window 25 Boundary Check ---
IS Period RTH Bars: 228. Start: 2021-06-23 18:00:00+00:00 | End: 2021-08-17 17:00:00+00:00
OOS Start Bar Index: 2452 | Time: 2021-08-17 18:00:00+00:00
ADF Test Result: p-value=0.7208 (Required < 0.05) | OLS Beta: 0.2233
Filter ON: Spread not stationary (p-value too high). Skipping optimization and OOS test.

--- Window 26 Boundary Check ---
IS Period RTH Bars: 228. Start: 2021-07-15 18:00:00+00:00 | End: 2021-09-08 17:00:00+00:00
OOS Start Bar Index: 2542 | Time: 2021-09-08 18:00:00+00:00
ADF Test Result: p-value=0.7042 (Required < 0.05) | OLS Beta: 0.2219
Filter ON: Spread not stationary (p-value too high). Skipping optimization and OOS test.

--- Window 27 Boundary Check ---
IS Period RTH Bars: 228. Start: 2021-08-05 18:00:00+00:00 | End: 2021-09-29 17:00:00+00:00
OOS Start Bar Index: 2632 | Time: 2021-09-29 18:00:00+00:00
ADF Test Result: p-value=0.5342 (Required < 0.05) | OLS Beta: -0.0493
Filter ON: Spread not stationary (p-value too high). Skipping optimization and OOS test.

--- Window 28 Boundary Check ---
IS Period RTH Bars: 228. Start: 2021-08-26 18:00:00+00:00 | End: 2021-10-20 17:00:00+00:00
OOS Start Bar Index: 2722 | Time: 2021-10-20 18:00:00+00:00
ADF Test Result: p-value=0.3061 (Required < 0.05) | OLS Beta: 0.2523
Filter ON: Spread not stationary (p-value too high). Skipping optimization and OOS test.

--- Window 29 Boundary Check ---
IS Period RTH Bars: 228. Start: 2021-09-17 18:00:00+00:00 | End: 2021-11-11 18:00:00+00:00
OOS Start Bar Index: 2812 | Time: 2021-11-11 19:00:00+00:00
ADF Test Result: p-value=0.2743 (Required < 0.05) | OLS Beta: 0.1662
Filter ON: Spread not stationary (p-value too high). Skipping optimization and OOS test.

--- Window 30 Boundary Check ---
IS Period RTH Bars: 228. Start: 2021-10-08 18:00:00+00:00 | End: 2021-12-03 18:00:00+00:00
OOS Start Bar Index: 2902 | Time: 2021-12-03 19:00:00+00:00
ADF Test Result: p-value=0.5195 (Required < 0.05) | OLS Beta: -0.1159
Filter ON: Spread not stationary (p-value too high). Skipping optimization and OOS test.

--- Window 31 Boundary Check ---
IS Period RTH Bars: 228. Start: 2021-11-01 18:00:00+00:00 | End: 2021-12-27 18:00:00+00:00
OOS Start Bar Index: 2992 | Time: 2021-12-27 19:00:00+00:00
ADF Test Result: p-value=0.0530 (Required < 0.05) | OLS Beta: 0.0694
Filter ON: Spread not stationary (p-value too high). Skipping optimization and OOS test.

--- Window 32 Boundary Check ---
IS Period RTH Bars: 228. Start: 2021-11-22 19:00:00+00:00 | End: 2022-01-18 18:00:00+00:00
OOS Start Bar Index: 3082 | Time: 2022-01-18 19:00:00+00:00
ADF Test Result: p-value=0.6247 (Required < 0.05) | OLS Beta: 0.0331
Filter ON: Spread not stationary (p-value too high). Skipping optimization and OOS test.

--- Window 33 Boundary Check ---
IS Period RTH Bars: 228. Start: 2021-12-14 19:00:00+00:00 | End: 2022-02-09 17:00:00+00:00
OOS Start Bar Index: 3172 | Time: 2022-02-09 18:00:00+00:00
ADF Test Result: p-value=0.5597 (Required < 0.05) | OLS Beta: 0.0726
Filter ON: Spread not stationary (p-value too high). Skipping optimization and OOS test.

--- Window 34 Boundary Check ---
IS Period RTH Bars: 228. Start: 2022-01-05 19:00:00+00:00 | End: 2022-03-03 17:00:00+00:00
OOS Start Bar Index: 3262 | Time: 2022-03-03 18:00:00+00:00
ADF Test Result: p-value=0.1083 (Required < 0.05) | OLS Beta: 0.3448
Filter ON: Spread not stationary (p-value too high). Skipping optimization and OOS test.

--- Window 35 Boundary Check ---
IS Period RTH Bars: 228. Start: 2022-01-28 18:00:00+00:00 | End: 2022-03-25 16:00:00+00:00
OOS Start Bar Index: 3352 | Time: 2022-03-25 17:00:00+00:00
ADF Test Result: p-value=0.1265 (Required < 0.05) | OLS Beta: 0.1720
Filter ON: Spread not stationary (p-value too high). Skipping optimization and OOS test.

--- Window 36 Boundary Check ---
IS Period RTH Bars: 228. Start: 2022-02-18 18:00:00+00:00 | End: 2022-04-18 16:00:00+00:00
OOS Start Bar Index: 3442 | Time: 2022-04-18 17:00:00+00:00
ADF Test Result: p-value=0.1709 (Required < 0.05) | OLS Beta: 0.3577
Filter ON: Spread not stationary (p-value too high). Skipping optimization and OOS test.

--- Window 37 Boundary Check ---
IS Period RTH Bars: 228. Start: 2022-03-15 17:00:00+00:00 | End: 2022-05-09 16:00:00+00:00
OOS Start Bar Index: 3532 | Time: 2022-05-09 17:00:00+00:00
ADF Test Result: p-value=0.6949 (Required < 0.05) | OLS Beta: 0.5993
Filter ON: Spread not stationary (p-value too high). Skipping optimization and OOS test.

--- Window 38 Boundary Check ---
IS Period RTH Bars: 228. Start: 2022-04-05 17:00:00+00:00 | End: 2022-05-31 16:00:00+00:00
OOS Start Bar Index: 3622 | Time: 2022-05-31 17:00:00+00:00
ADF Test Result: p-value=0.6999 (Required < 0.05) | OLS Beta: 1.1302
Filter ON: Spread not stationary (p-value too high). Skipping optimization and OOS test.

--- Window 39 Boundary Check ---
IS Period RTH Bars: 228. Start: 2022-04-27 17:00:00+00:00 | End: 2022-06-22 16:00:00+00:00
OOS Start Bar Index: 3712 | Time: 2022-06-22 17:00:00+00:00
ADF Test Result: p-value=0.0505 (Required < 0.05) | OLS Beta: 0.1654
Filter ON: Spread not stationary (p-value too high). Skipping optimization and OOS test.

--- Window 40 Boundary Check ---
IS Period RTH Bars: 228. Start: 2022-05-18 17:00:00+00:00 | End: 2022-07-14 16:00:00+00:00
OOS Start Bar Index: 3802 | Time: 2022-07-14 17:00:00+00:00
ADF Test Result: p-value=0.4715 (Required < 0.05) | OLS Beta: 0.0830
Filter ON: Spread not stationary (p-value too high). Skipping optimization and OOS test.

--- Window 41 Boundary Check ---
IS Period RTH Bars: 228. Start: 2022-06-09 17:00:00+00:00 | End: 2022-08-04 16:00:00+00:00
OOS Start Bar Index: 3892 | Time: 2022-08-04 17:00:00+00:00
ADF Test Result: p-value=0.5257 (Required < 0.05) | OLS Beta: -0.5591
Filter ON: Spread not stationary (p-value too high). Skipping optimization and OOS test.

--- Window 42 Boundary Check ---
IS Period RTH Bars: 228. Start: 2022-07-01 17:00:00+00:00 | End: 2022-08-25 16:00:00+00:00
OOS Start Bar Index: 3982 | Time: 2022-08-25 17:00:00+00:00
ADF Test Result: p-value=0.1592 (Required < 0.05) | OLS Beta: -0.8692
Filter ON: Spread not stationary (p-value too high). Skipping optimization and OOS test.

--- Window 43 Boundary Check ---
IS Period RTH Bars: 228. Start: 2022-07-25 17:00:00+00:00 | End: 2022-09-16 16:00:00+00:00
OOS Start Bar Index: 4072 | Time: 2022-09-16 17:00:00+00:00
ADF Test Result: p-value=0.5188 (Required < 0.05) | OLS Beta: -0.3420
Filter ON: Spread not stationary (p-value too high). Skipping optimization and OOS test.

--- Window 44 Boundary Check ---
IS Period RTH Bars: 228. Start: 2022-08-15 17:00:00+00:00 | End: 2022-10-07 16:00:00+00:00
OOS Start Bar Index: 4162 | Time: 2022-10-07 17:00:00+00:00
ADF Test Result: p-value=0.3189 (Required < 0.05) | OLS Beta: 0.8228
Filter ON: Spread not stationary (p-value too high). Skipping optimization and OOS test.

--- Window 45 Boundary Check ---
IS Period RTH Bars: 228. Start: 2022-09-06 17:00:00+00:00 | End: 2022-10-28 16:00:00+00:00
OOS Start Bar Index: 4252 | Time: 2022-10-28 17:00:00+00:00
ADF Test Result: p-value=0.3940 (Required < 0.05) | OLS Beta: 0.3743
Filter ON: Spread not stationary (p-value too high). Skipping optimization and OOS test.

--- Window 46 Boundary Check ---
IS Period RTH Bars: 228. Start: 2022-09-27 17:00:00+00:00 | End: 2022-11-18 17:00:00+00:00
OOS Start Bar Index: 4342 | Time: 2022-11-18 18:00:00+00:00
ADF Test Result: p-value=0.9162 (Required < 0.05) | OLS Beta: 0.4329
Filter ON: Spread not stationary (p-value too high). Skipping optimization and OOS test.

--- Window 47 Boundary Check ---
IS Period RTH Bars: 228. Start: 2022-10-18 17:00:00+00:00 | End: 2022-12-12 17:00:00+00:00
OOS Start Bar Index: 4432 | Time: 2022-12-12 18:00:00+00:00
ADF Test Result: p-value=0.1637 (Required < 0.05) | OLS Beta: -0.3645
Filter ON: Spread not stationary (p-value too high). Skipping optimization and OOS test.

--- Window 48 Boundary Check ---
IS Period RTH Bars: 228. Start: 2022-11-08 18:00:00+00:00 | End: 2023-01-04 17:00:00+00:00
OOS Start Bar Index: 4522 | Time: 2023-01-04 18:00:00+00:00
ADF Test Result: p-value=0.0495 (Required < 0.05) | OLS Beta: -0.2788
Filter OFF: Spread is stationary. Proceeding with optimization.
IS Optimization Time: 0.04 seconds.
Optimal Params (Sharpe=4.4759, Calmar=0.0000): Z_E=2.5, Z_X=1.1, Z_SL=3.3
📊 Persistence: Saved 46 PnL points to wfa_outputs\oos_equity_curve_AMZN_BABA_1h_20251105_174850_0.05.csv
OOS Period (2023-01-04 18:00:00+00:00 to 2023-01-26 17:00:00+00:00): PnL: $-78.82 | Sharpe: -0.8531 | Calmar: -4.1867 | Trades: 14

--- Window 49 Boundary Check ---
IS Period RTH Bars: 228. Start: 2022-11-30 18:00:00+00:00 | End: 2023-01-26 17:00:00+00:00
OOS Start Bar Index: 4612 | Time: 2023-01-26 18:00:00+00:00
ADF Test Result: p-value=0.3324 (Required < 0.05) | OLS Beta: 0.2725
Filter ON: Spread not stationary (p-value too high). Skipping optimization and OOS test.

--- Window 50 Boundary Check ---
IS Period RTH Bars: 228. Start: 2022-12-21 18:00:00+00:00 | End: 2023-02-16 17:00:00+00:00
OOS Start Bar Index: 4702 | Time: 2023-02-16 18:00:00+00:00
ADF Test Result: p-value=0.7287 (Required < 0.05) | OLS Beta: 0.5056
Filter ON: Spread not stationary (p-value too high). Skipping optimization and OOS test.

--- Window 51 Boundary Check ---
IS Period RTH Bars: 228. Start: 2023-01-13 18:00:00+00:00 | End: 2023-03-10 17:00:00+00:00
OOS Start Bar Index: 4792 | Time: 2023-03-10 18:00:00+00:00
ADF Test Result: p-value=0.1642 (Required < 0.05) | OLS Beta: 0.1963
Filter ON: Spread not stationary (p-value too high). Skipping optimization and OOS test.

--- Window 52 Boundary Check ---
IS Period RTH Bars: 228. Start: 2023-02-06 18:00:00+00:00 | End: 2023-03-31 16:00:00+00:00
OOS Start Bar Index: 4882 | Time: 2023-03-31 17:00:00+00:00
ADF Test Result: p-value=0.2326 (Required < 0.05) | OLS Beta: 0.1652
Filter ON: Spread not stationary (p-value too high). Skipping optimization and OOS test.

--- Window 53 Boundary Check ---
IS Period RTH Bars: 228. Start: 2023-02-28 18:00:00+00:00 | End: 2023-04-24 16:00:00+00:00
OOS Start Bar Index: 4972 | Time: 2023-04-24 17:00:00+00:00
ADF Test Result: p-value=0.7964 (Required < 0.05) | OLS Beta: 0.2785
Filter ON: Spread not stationary (p-value too high). Skipping optimization and OOS test.

--- Window 54 Boundary Check ---
IS Period RTH Bars: 228. Start: 2023-03-21 17:00:00+00:00 | End: 2023-05-15 16:00:00+00:00
OOS Start Bar Index: 5062 | Time: 2023-05-15 17:00:00+00:00
ADF Test Result: p-value=0.2527 (Required < 0.05) | OLS Beta: -0.1892
Filter ON: Spread not stationary (p-value too high). Skipping optimization and OOS test.

--- Window 55 Boundary Check ---
IS Period RTH Bars: 228. Start: 2023-04-12 17:00:00+00:00 | End: 2023-06-06 16:00:00+00:00
OOS Start Bar Index: 5152 | Time: 2023-06-06 17:00:00+00:00
ADF Test Result: p-value=0.8938 (Required < 0.05) | OLS Beta: -0.5324
Filter ON: Spread not stationary (p-value too high). Skipping optimization and OOS test.

--- Window 56 Boundary Check ---
IS Period RTH Bars: 228. Start: 2023-05-03 17:00:00+00:00 | End: 2023-06-28 16:00:00+00:00
OOS Start Bar Index: 5242 | Time: 2023-06-28 17:00:00+00:00
ADF Test Result: p-value=0.6892 (Required < 0.05) | OLS Beta: 0.6132
Filter ON: Spread not stationary (p-value too high). Skipping optimization and OOS test.

--- Window 57 Boundary Check ---
IS Period RTH Bars: 228. Start: 2023-05-24 17:00:00+00:00 | End: 2023-07-20 16:00:00+00:00
OOS Start Bar Index: 5332 | Time: 2023-07-20 17:00:00+00:00
ADF Test Result: p-value=0.0572 (Required < 0.05) | OLS Beta: 0.4974
Filter ON: Spread not stationary (p-value too high). Skipping optimization and OOS test.

--- Window 58 Boundary Check ---
IS Period RTH Bars: 228. Start: 2023-06-15 17:00:00+00:00 | End: 2023-08-10 16:00:00+00:00
OOS Start Bar Index: 5422 | Time: 2023-08-10 17:00:00+00:00
ADF Test Result: p-value=0.0772 (Required < 0.05) | OLS Beta: 0.2364
Filter ON: Spread not stationary (p-value too high). Skipping optimization and OOS test.

--- Window 59 Boundary Check ---
IS Period RTH Bars: 228. Start: 2023-07-10 17:00:00+00:00 | End: 2023-08-31 16:00:00+00:00
OOS Start Bar Index: 5512 | Time: 2023-08-31 17:00:00+00:00
ADF Test Result: p-value=0.0543 (Required < 0.05) | OLS Beta: 0.0193
Filter ON: Spread not stationary (p-value too high). Skipping optimization and OOS test.

--- Window 60 Boundary Check ---
IS Period RTH Bars: 228. Start: 2023-07-31 17:00:00+00:00 | End: 2023-09-22 16:00:00+00:00
OOS Start Bar Index: 5602 | Time: 2023-09-22 17:00:00+00:00
ADF Test Result: p-value=0.1434 (Required < 0.05) | OLS Beta: -0.0665
Filter ON: Spread not stationary (p-value too high). Skipping optimization and OOS test.

--- Window 61 Boundary Check ---
IS Period RTH Bars: 228. Start: 2023-08-21 17:00:00+00:00 | End: 2023-10-13 16:00:00+00:00
OOS Start Bar Index: 5692 | Time: 2023-10-13 17:00:00+00:00
ADF Test Result: p-value=0.4736 (Required < 0.05) | OLS Beta: 0.5776
Filter ON: Spread not stationary (p-value too high). Skipping optimization and OOS test.

--- Window 62 Boundary Check ---
IS Period RTH Bars: 228. Start: 2023-09-12 17:00:00+00:00 | End: 2023-11-03 16:00:00+00:00
OOS Start Bar Index: 5782 | Time: 2023-11-03 17:00:00+00:00
ADF Test Result: p-value=0.3708 (Required < 0.05) | OLS Beta: 0.8033
Filter ON: Spread not stationary (p-value too high). Skipping optimization and OOS test.

--- Window 63 Boundary Check ---
IS Period RTH Bars: 228. Start: 2023-10-03 17:00:00+00:00 | End: 2023-11-27 17:00:00+00:00
OOS Start Bar Index: 5872 | Time: 2023-11-27 18:00:00+00:00
ADF Test Result: p-value=0.4992 (Required < 0.05) | OLS Beta: -0.5481
Filter ON: Spread not stationary (p-value too high). Skipping optimization and OOS test.

--- Window 64 Boundary Check ---
IS Period RTH Bars: 228. Start: 2023-10-24 17:00:00+00:00 | End: 2023-12-18 17:00:00+00:00
OOS Start Bar Index: 5962 | Time: 2023-12-18 18:00:00+00:00
ADF Test Result: p-value=0.2765 (Required < 0.05) | OLS Beta: -0.4455
Filter ON: Spread not stationary (p-value too high). Skipping optimization and OOS test.

--- Window 65 Boundary Check ---
IS Period RTH Bars: 228. Start: 2023-11-14 18:00:00+00:00 | End: 2024-01-10 17:00:00+00:00
OOS Start Bar Index: 6052 | Time: 2024-01-10 18:00:00+00:00
ADF Test Result: p-value=0.4532 (Required < 0.05) | OLS Beta: -0.0427
Filter ON: Spread not stationary (p-value too high). Skipping optimization and OOS test.

--- Window 66 Boundary Check ---
IS Period RTH Bars: 228. Start: 2023-12-06 18:00:00+00:00 | End: 2024-02-01 17:00:00+00:00
OOS Start Bar Index: 6142 | Time: 2024-02-01 18:00:00+00:00
ADF Test Result: p-value=0.5138 (Required < 0.05) | OLS Beta: 0.1416
Filter ON: Spread not stationary (p-value too high). Skipping optimization and OOS test.

--- Window 67 Boundary Check ---
IS Period RTH Bars: 228. Start: 2023-12-28 18:00:00+00:00 | End: 2024-02-23 17:00:00+00:00
OOS Start Bar Index: 6232 | Time: 2024-02-23 18:00:00+00:00
ADF Test Result: p-value=0.8026 (Required < 0.05) | OLS Beta: 0.3038
Filter ON: Spread not stationary (p-value too high). Skipping optimization and OOS test.

--- Window 68 Boundary Check ---
IS Period RTH Bars: 228. Start: 2024-01-22 18:00:00+00:00 | End: 2024-03-15 16:00:00+00:00
OOS Start Bar Index: 6322 | Time: 2024-03-15 17:00:00+00:00
ADF Test Result: p-value=0.3238 (Required < 0.05) | OLS Beta: 0.4442
Filter ON: Spread not stationary (p-value too high). Skipping optimization and OOS test.

--- Window 69 Boundary Check ---
IS Period RTH Bars: 228. Start: 2024-02-12 18:00:00+00:00 | End: 2024-04-08 16:00:00+00:00
OOS Start Bar Index: 6412 | Time: 2024-04-08 17:00:00+00:00
ADF Test Result: p-value=0.3909 (Required < 0.05) | OLS Beta: -0.4060
Filter ON: Spread not stationary (p-value too high). Skipping optimization and OOS test.

--- Window 70 Boundary Check ---
IS Period RTH Bars: 228. Start: 2024-03-05 18:00:00+00:00 | End: 2024-04-29 16:00:00+00:00
OOS Start Bar Index: 6502 | Time: 2024-04-29 17:00:00+00:00
ADF Test Result: p-value=0.1271 (Required < 0.05) | OLS Beta: -0.2264
Filter ON: Spread not stationary (p-value too high). Skipping optimization and OOS test.

--- Window 71 Boundary Check ---
IS Period RTH Bars: 228. Start: 2024-03-26 17:00:00+00:00 | End: 2024-05-20 16:00:00+00:00
OOS Start Bar Index: 6592 | Time: 2024-05-20 17:00:00+00:00
ADF Test Result: p-value=0.2539 (Required < 0.05) | OLS Beta: 0.1613
Filter ON: Spread not stationary (p-value too high). Skipping optimization and OOS test.

--- Window 72 Boundary Check ---
IS Period RTH Bars: 228. Start: 2024-04-17 17:00:00+00:00 | End: 2024-06-11 16:00:00+00:00
OOS Start Bar Index: 6682 | Time: 2024-06-11 17:00:00+00:00
ADF Test Result: p-value=0.0850 (Required < 0.05) | OLS Beta: 0.2152
Filter ON: Spread not stationary (p-value too high). Skipping optimization and OOS test.

--- Window 73 Boundary Check ---
IS Period RTH Bars: 228. Start: 2024-05-08 17:00:00+00:00 | End: 2024-07-03 16:00:00+00:00
OOS Start Bar Index: 6772 | Time: 2024-07-03 17:00:00+00:00
ADF Test Result: p-value=0.5979 (Required < 0.05) | OLS Beta: -0.2390
Filter ON: Spread not stationary (p-value too high). Skipping optimization and OOS test.

--- Window 74 Boundary Check ---
IS Period RTH Bars: 228. Start: 2024-05-30 17:00:00+00:00 | End: 2024-07-25 16:00:00+00:00
OOS Start Bar Index: 6862 | Time: 2024-07-25 17:00:00+00:00
ADF Test Result: p-value=0.5469 (Required < 0.05) | OLS Beta: -0.4129
Filter ON: Spread not stationary (p-value too high). Skipping optimization and OOS test.

--- Window 75 Boundary Check ---
IS Period RTH Bars: 228. Start: 2024-06-21 17:00:00+00:00 | End: 2024-08-15 16:00:00+00:00
OOS Start Bar Index: 6952 | Time: 2024-08-15 17:00:00+00:00
ADF Test Result: p-value=0.2600 (Required < 0.05) | OLS Beta: -1.2572
Filter ON: Spread not stationary (p-value too high). Skipping optimization and OOS test.

--- Window 76 Boundary Check ---
IS Period RTH Bars: 228. Start: 2024-07-15 17:00:00+00:00 | End: 2024-09-06 16:00:00+00:00
OOS Start Bar Index: 7042 | Time: 2024-09-06 17:00:00+00:00
ADF Test Result: p-value=0.1644 (Required < 0.05) | OLS Beta: -0.2834
Filter ON: Spread not stationary (p-value too high). Skipping optimization and OOS test.

--- Window 77 Boundary Check ---
IS Period RTH Bars: 228. Start: 2024-08-05 17:00:00+00:00 | End: 2024-09-27 16:00:00+00:00
OOS Start Bar Index: 7132 | Time: 2024-09-27 17:00:00+00:00
ADF Test Result: p-value=0.5863 (Required < 0.05) | OLS Beta: 0.5761
Filter ON: Spread not stationary (p-value too high). Skipping optimization and OOS test.

--- Window 78 Boundary Check ---
IS Period RTH Bars: 228. Start: 2024-08-26 17:00:00+00:00 | End: 2024-10-18 16:00:00+00:00
OOS Start Bar Index: 7222 | Time: 2024-10-18 17:00:00+00:00
ADF Test Result: p-value=0.4211 (Required < 0.05) | OLS Beta: 0.1406
Filter ON: Spread not stationary (p-value too high). Skipping optimization and OOS test.

--- Window 79 Boundary Check ---
IS Period RTH Bars: 228. Start: 2024-09-17 17:00:00+00:00 | End: 2024-11-08 17:00:00+00:00
OOS Start Bar Index: 7312 | Time: 2024-11-08 18:00:00+00:00
ADF Test Result: p-value=0.8857 (Required < 0.05) | OLS Beta: -0.1600
Filter ON: Spread not stationary (p-value too high). Skipping optimization and OOS test.

--- Window 80 Boundary Check ---
IS Period RTH Bars: 228. Start: 2024-10-08 17:00:00+00:00 | End: 2024-12-02 17:00:00+00:00
OOS Start Bar Index: 7402 | Time: 2024-12-02 18:00:00+00:00
ADF Test Result: p-value=0.2127 (Required < 0.05) | OLS Beta: -0.4093
Filter ON: Spread not stationary (p-value too high). Skipping optimization and OOS test.

--- Window 81 Boundary Check ---
IS Period RTH Bars: 228. Start: 2024-10-29 17:00:00+00:00 | End: 2024-12-23 17:00:00+00:00
OOS Start Bar Index: 7492 | Time: 2024-12-23 18:00:00+00:00
ADF Test Result: p-value=0.5092 (Required < 0.05) | OLS Beta: -0.4751
Filter ON: Spread not stationary (p-value too high). Skipping optimization and OOS test.

############################################################
📈 OVERALL SIMULATION PERFORMANCE (Walk-Forward Test)
############################################################
Timeframe Used: 1Hour, Value: 1
ADF Cointegration Filter Threshold: 0.05
Total OOS Windows Tested: 81
Total Trades Executed: 46
--- Final Performance Metrics ---
Total PnL: $43.21
Overall Sharpe Ratio (Annualized): 0.0208
Overall Calmar Ratio (Annualized): 0.0060
Maximum Dollar Drawdown (MDD): $566.52

--- Execution Time ---
Total Elapsed Time: 54.88 seconds
############################################################
[0m